Final evolution
Quantum object: dims = [[16], [1]], shape = (16, 1), type = ket
Qobj data =
[[-3.19709822e-04]
 [ 9.67504856e-05]
 [ 9.17266387e-05]
 [ 7.88189216e-04]
 [-5.45541299e-03]
 [-1.18655708e-03]
 [ 7.16753876e-04]
 [-5.42769749e-04]
 [-5.42769749e-04]
 [ 7.16753876e-04]
 [-1.18655708e-03]
 [-5.45541299e-03]
 [ 7.88189216e-04]
 [ 9.17266387e-05]
 [ 9.67504856e-05]
 [-3.19709822e-04]]

********* Summary *****************
Final fidelity error 0.03124599803307298
Final gradient normal 8.286702886898679e-07
Terminated due to function converged
Number of iterations 54
Completed in 0:00:37.980802 HH:MM:SS.US
