Final evolution
Quantum object: dims = [[16], [1]], shape = (16, 1), type = ket
Qobj data =
[[-8.58123699e-01]
 [-5.17081491e-04]
 [-5.47813168e-04]
 [-9.73024229e-04]
 [-1.25191040e+03]
 [-1.01169056e+01]
 [-2.27368166e-03]
 [-5.41700830e-02]
 [-5.41700830e-02]
 [-2.27368166e-03]
 [-1.01169056e+01]
 [-1.25191040e+03]
 [-9.73024229e-04]
 [-5.47813168e-04]
 [-5.17081491e-04]
 [-8.58123699e-01]]

********* Summary *****************
Final fidelity error 0.9994829185093898
Final gradient normal 1.5108500115371382
Terminated due to function converged
Number of iterations 17
Completed in 0:00:08.196903 HH:MM:SS.US
