Final evolution
Quantum object: dims = [[16], [1]], shape = (16, 1), type = ket
Qobj data =
[[-0.00627467]
 [ 0.00041766]
 [ 0.00031505]
 [ 0.00615259]
 [-0.02721979]
 [-0.01095703]
 [ 0.00463228]
 [-0.00799605]
 [-0.00799605]
 [ 0.00463228]
 [-0.01095703]
 [-0.02721979]
 [ 0.00615259]
 [ 0.00031505]
 [ 0.00041766]
 [-0.00627467]]

********* Summary *****************
Final fidelity error 0.03128788811430493
Final gradient normal 1.4323054695294428e-05
Terminated due to function converged
Number of iterations 42
Completed in 0:00:35.632168 HH:MM:SS.US
