Final evolution
Quantum object: dims = [[16], [1]], shape = (16, 1), type = ket
Qobj data =
[[-3.22253103e-04]
 [ 9.76214614e-05]
 [ 9.24915980e-05]
 [ 8.09400207e-04]
 [-5.48563036e-03]
 [-1.19942904e-03]
 [ 7.35451377e-04]
 [-5.51739337e-04]
 [-5.51739337e-04]
 [ 7.35451377e-04]
 [-1.19942904e-03]
 [-5.48563036e-03]
 [ 8.09400207e-04]
 [ 9.24915980e-05]
 [ 9.76214614e-05]
 [-3.22253103e-04]]

********* Summary *****************
Final fidelity error 0.03124597072966108
Final gradient normal 1.079901413781722e-06
Terminated due to function converged
Number of iterations 47
Completed in 0:00:34.299793 HH:MM:SS.US
