Final evolution
[[ 0.00248122+0.50474084j  0.00202587+0.49930403j  0.00382117+0.49931342j
  -0.00554068+0.49655082j]
 [ 0.00318719+0.50041842j -0.0006035 -0.49788713j  0.00376735+0.49540468j
   0.00350857-0.50618869j]
 [ 0.00493943+0.49377186j  0.00064964+0.50213196j -0.00424228-0.50449633j
   0.00479865-0.49947017j]
 [-0.00103581+0.50096472j  0.00321288-0.50065174j -0.00174599-0.50069344j
  -0.00936663+0.49758022j]]

********* Summary *****************
Final fidelity error 5.3939589332752114e-05
Final objective value 8.786265316937665e-05
Final penalized error 3.392393407761491e-05
Final gradient 0.0503137712143137
Number of iterations 0
Terminated due to Goal achieved
Completed in 0:00:00.549698 HH:MM:SS.US
Final objective value with norm: 
5.3939589332752114e-05
Final penalty of max controllers: 
0.00013569573631045965
