Final evolution
Quantum object: dims = [[256], [256]], shape = (256, 256), type = oper, isherm = False
Qobj data =
[[-0.06763065-2.52271845e-02j -0.04866723-2.76324798e-02j
  -0.06406499-1.60934949e-02j ... -0.06633239-3.29517786e-02j
  -0.07151286-8.51278800e-03j -0.06979719-7.07635032e-03j]
 [-0.05712915-9.17855622e-03j  0.06726895+3.30204902e-02j
  -0.06061101-1.85453961e-02j ...  0.09216994-1.58692470e-02j
  -0.06296834+1.24452549e-02j  0.07887642+5.31286409e-03j]
 [-0.0437768 -2.56761101e-02j -0.06813611-5.95709705e-05j
   0.03848588+1.31631994e-02j ... -0.09676037+1.72026088e-02j
   0.07463575-1.58423171e-02j  0.08558039-1.13139179e-02j]
 ...
 [-0.02074945+2.24838476e-02j  0.01982797-8.03744763e-03j
  -0.02237743-1.07833114e-02j ...  0.0599605 -2.23905115e-02j
  -0.05655502+5.98692005e-02j  0.02178703-5.30982221e-02j]
 [-0.01601022+2.44981032e-02j -0.03490804+4.28251060e-02j
   0.01582465+1.04268040e-02j ... -0.06494947+3.92850447e-02j
   0.04226264-4.58706639e-02j  0.04276292-4.18907885e-02j]
 [-0.00040884-8.91741107e-03j  0.00603631-1.07649931e-02j
   0.02780051-1.33121684e-02j ...  0.06582823-2.41624489e-03j
   0.06731522-4.56876959e-02j -0.0484713 +3.96798025e-02j]]

********* Summary *****************
Final fidelity error 0.09851412057888498
Final gradient normal 0.05209361887766698
Terminated due to Max wall time exceeded
Number of iterations 45
Completed in 2:00:20.619850 HH:MM:SS.US
Final objective value with norm: 
28.873606840926165
