Final evolution
[[ 0.05332735+0.49657657j  0.05202955+0.49772614j  0.05202955+0.49772614j
   0.05287985+0.49688516j]
 [ 0.05207909+0.49739281j  0.15483001-0.47554334j -0.15418698+0.47551317j
  -0.05222054-0.49715286j]
 [ 0.05207909+0.49739281j -0.15418698+0.47551317j  0.15483001-0.47554334j
  -0.05222054-0.49715286j]
 [ 0.05229323+0.49760391j -0.05144737-0.496905j   -0.05144737-0.496905j
   0.05311663+0.49770632j]]

********* Summary *****************
Final fidelity error 0.016344512212702056
Final objective value 0.01634451299410866
Final penalized value 7.81406606087387e-10
Final error 7.81406601947303e-10
Final gradient [ 1.39964946e-04  1.39964958e-04  5.01205024e-05  5.01204987e-05
  1.33377833e-04  1.33377844e-04  9.17943548e-06  9.17943259e-06
  1.20017345e-04  1.20017355e-04 -3.34631973e-05 -3.34631987e-05
  1.02462619e-04  1.02462626e-04 -7.32224195e-05 -7.32224189e-05
  8.32436676e-05  8.32436738e-05 -1.04747185e-04 -1.04747182e-04
  6.43514334e-05  6.43514378e-05 -1.23194705e-04 -1.23194700e-04
  4.67553985e-05  4.67554014e-05 -1.25952783e-04 -1.25952776e-04
  3.01170937e-05  3.01170951e-05 -1.13895222e-04 -1.13895214e-04
  1.30338450e-05  1.30338452e-05 -9.13534260e-05 -9.13534168e-05
 -6.05760208e-06 -6.05760283e-06 -6.47025442e-05 -6.47025351e-05
 -2.76294519e-05 -2.76294534e-05 -4.02245685e-05 -4.02245604e-05
 -5.01072138e-05 -5.01072156e-05 -2.22015817e-05 -2.22015754e-05
 -6.98164958e-05 -6.98164978e-05 -1.19478271e-05 -1.19478231e-05
 -8.20594487e-05 -8.20594508e-05 -8.02165704e-06 -8.02165579e-06
 -8.30072635e-05 -8.30072656e-05 -7.44940436e-06 -7.44940593e-06
 -7.15405094e-05 -7.15405115e-05 -7.42069918e-06 -7.42070334e-06
 -4.99258364e-05 -4.99258386e-05 -6.58669603e-06 -6.58670229e-06
 -2.27961257e-05 -2.27961281e-05 -5.22789036e-06 -5.22789803e-06
  4.84843633e-06  4.84843359e-06 -4.39973900e-06 -4.39974732e-06
  2.91845816e-05  2.91845783e-05 -4.96715598e-06 -4.96716426e-06
  4.78515150e-05  4.78515110e-05 -7.28022946e-06 -7.28023712e-06
  5.94163424e-05  5.94163374e-05 -1.13547302e-05 -1.13547368e-05
  6.29931858e-05  6.29931799e-05 -1.69065325e-05 -1.69065379e-05
  5.84903510e-05  5.84903443e-05 -2.29605074e-05 -2.29605115e-05
  4.71459659e-05  4.71459587e-05 -2.74870420e-05 -2.74870448e-05
  3.16781965e-05  3.16781893e-05 -2.77895007e-05 -2.77895025e-05
  1.56963381e-05  1.56963316e-05 -2.18304501e-05 -2.18304508e-05
  2.58454699e-06  2.58454203e-06 -9.73475985e-06 -9.73475978e-06
 -5.59463367e-06 -5.59463644e-06  5.75294672e-06  5.75294751e-06
 -8.61156840e-06 -8.61156853e-06  2.04027173e-05  2.04027187e-05
 -7.65371387e-06 -7.65371122e-06  3.04783168e-05  3.04783185e-05
 -4.19101195e-06 -4.19100664e-06  3.42413798e-05  3.42413817e-05
  1.04839078e-06  1.04839843e-06  3.22439295e-05  3.22439314e-05
  8.19268245e-06  8.19269206e-06  2.65557391e-05  2.65557410e-05
  1.74175494e-05  1.74175606e-05  1.95475086e-05  1.95475106e-05
  2.79548019e-05  2.79548142e-05  1.29075283e-05  1.29075304e-05
  3.77498968e-05  3.77499100e-05  7.34613370e-06  7.34613611e-06
  4.40612003e-05  4.40612140e-05  2.98859199e-06  2.98859485e-06
  4.46076171e-05  4.46076309e-05  1.51299537e-08  1.51333878e-08
  3.84945106e-05  3.84945243e-05 -1.00780864e-06 -1.00780455e-06
  2.63322157e-05  2.63322289e-05  6.57622551e-07  6.57627336e-07
  9.60181663e-06  9.60182902e-06  5.39299596e-06  5.39300143e-06
 -1.00780472e-05 -1.00780361e-05  1.28376766e-05  1.28376827e-05
 -3.11377153e-05 -3.11377060e-05  2.19349239e-05  2.19349305e-05
 -5.16772014e-05 -5.16771944e-05  3.13534654e-05  3.13534723e-05
 -6.91441993e-05 -6.91441949e-05  3.99606962e-05  3.99607033e-05
 -8.06943171e-05 -8.06943155e-05  4.70318627e-05  4.70318698e-05
 -8.42280926e-05 -8.42280937e-05  5.21247549e-05  5.21247616e-05
 -7.94597768e-05 -7.94597802e-05  5.48027138e-05  5.48027200e-05
 -6.83038556e-05 -6.83038608e-05  5.44381480e-05  5.44381535e-05
 -5.43238654e-05 -5.43238717e-05  5.02350344e-05  5.02350390e-05
 -4.15380671e-05 -4.15380737e-05  4.15290210e-05  4.15290245e-05
 -3.31470845e-05 -3.31470911e-05  2.83512129e-05  2.83512151e-05
 -3.06403931e-05 -3.06403994e-05  1.20654071e-05  1.20654078e-05
 -3.34418170e-05 -3.34418228e-05 -4.36642102e-06 -4.36642197e-06
 -3.90834622e-05 -3.90834675e-05 -1.70180219e-05 -1.70180243e-05
 -4.39681309e-05 -4.39681359e-05 -2.26463942e-05 -2.26463976e-05
 -4.47602126e-05 -4.47602172e-05 -2.05693018e-05 -2.05693056e-05
 -3.99407332e-05 -3.99407375e-05 -1.34012275e-05 -1.34012310e-05
 -3.05161589e-05 -3.05161629e-05 -5.92553190e-06 -5.92553430e-06
 -1.93000327e-05 -1.93000364e-05 -2.85828801e-06 -2.85828891e-06
 -9.40182948e-06 -9.40183299e-06 -7.04314265e-06 -7.04314180e-06
 -3.05538420e-06 -3.05538745e-06 -1.89761449e-05 -1.89761423e-05
 -1.23449089e-06 -1.23449374e-06 -3.73699451e-05 -3.73699409e-05
 -3.70482837e-06 -3.70483058e-06 -5.99055194e-05 -5.99055139e-05
 -9.09182222e-06 -9.09182349e-06 -8.36335562e-05 -8.36335498e-05
 -1.49716237e-05 -1.49716237e-05 -1.05117158e-04 -1.05117151e-04
 -1.82950447e-05 -1.82950431e-05 -1.20755013e-04 -1.20755006e-04
 -1.63132036e-05 -1.63132001e-05 -1.27565451e-04 -1.27565444e-04
 -7.71546819e-06 -7.71546265e-06 -1.24207272e-04 -1.24207266e-04
  6.65750445e-06  6.65751210e-06 -1.11599533e-04 -1.11599527e-04
  2.40272321e-05  2.40272417e-05 -9.25948596e-05 -9.25948548e-05
  4.07666096e-05  4.07666210e-05 -7.07484734e-05 -7.07484692e-05
  5.38058755e-05  5.38058883e-05 -4.88333560e-05 -4.88333522e-05
  6.16770800e-05  6.16770935e-05 -2.79284546e-05 -2.79284510e-05
  6.47702015e-05  6.47702148e-05 -7.56677848e-06 -7.56677484e-06
  6.48426491e-05  6.48426613e-05  1.32582712e-05  1.32582751e-05
  6.42960236e-05  6.42960332e-05  3.51340202e-05  3.51340242e-05
  6.57944537e-05  6.57944597e-05  5.83279119e-05  5.83279160e-05
  1.46669822e-04  1.46669824e-04  1.58320855e-04  1.58320859e-04]
Number of iterations 360
Completed in 0:01:30.793257 HH:MM:SS.US
Final objective value with norm: 
0.016344512212702056
Final penalty of max controllers: 
3.907033009736515e-12
