Final evolution
[[ 0.00035525+0.50019404j  0.00290524+0.50172243j  0.00208597+0.50143356j
  -0.00297194+0.49661168j]
 [-0.00132051+0.49930301j  0.00062953-0.49554623j  0.00239602+0.49898612j
   0.00085756-0.50609749j]
 [ 0.00238841+0.49519716j  0.00276135+0.50283974j -0.00228841-0.50257385j
   0.00128833-0.49933082j]
 [-0.00403023+0.50523102j  0.00180739-0.49984097j -0.00155325-0.49696984j
  -0.00382808+0.49788053j]]

********* Summary *****************
Final fidelity error 3.0188155620614054e-05
Final objective value 7.329242116627162e-05
Final penalized error 4.310426918596784e-05
Final gradient 0.011279981894903023
Number of iterations 12
Terminated due to Goal achieved
Completed in 0:00:00.883636 HH:MM:SS.US
Final objective value with norm: 
3.0188155620614054e-05
Final penalty of max controllers: 
0.0004310426918596784
