Final evolution
Quantum object: dims = [[32], [32]], shape = (32, 32), type = oper, isherm = False
Qobj data =
[[-0.00810572-0.01054607j -0.10010991+0.01833331j -0.1837686 +0.07697822j
  ... -0.18146459+0.1117206j  -0.19386615+0.13232617j
  -0.18862645+0.20561546j]
 [-0.01301468+0.18959157j -0.05274287-0.01622106j -0.19893294+0.01750884j
  ...  0.15223476-0.0376034j  -0.25228817+0.17993773j
   0.16702786-0.18058171j]
 [-0.18616107+0.17395202j -0.224346  +0.10043701j  0.11605701-0.1252064j
  ... -0.01455443+0.14088301j  0.02816008-0.08664864j
  -0.05808059-0.03264994j]
 ...
 [-0.08188984+0.13059473j  0.10145388+0.02630463j -0.02110282+0.20118399j
  ...  0.03087971+0.07475554j  0.09556892+0.04653325j
  -0.12086873+0.10385582j]
 [-0.07951041+0.09439711j -0.19810835+0.12774672j  0.09258915-0.07374274j
  ...  0.0900799 -0.17198118j -0.12176701+0.05687363j
  -0.14326834+0.11696727j]
 [-0.11565781+0.17671804j  0.19501255-0.05042926j  0.18884652+0.08274679j
  ... -0.12810118+0.07862622j -0.18885188+0.12657297j
   0.15453211-0.19743459j]]

********* Summary *****************
Final fidelity error 0.22420152906250812
Final gradient normal 0.03940504903458551
Terminated due to function converged
Number of iterations 847
Completed in 0:02:26.258068 HH:MM:SS.US
Final objective value with norm: 
11.735055503453953
