Final evolution
[[ 0.04564038+0.49195696j  0.04363763+0.49008936j  0.04363763+0.49008936j
   0.05466564+0.5183853j ]
 [ 0.04999461+0.50885016j  0.14963717-0.4731235j  -0.15937983+0.47793301j
  -0.04431795-0.48636298j]
 [ 0.04999461+0.50885016j -0.15937983+0.47793301j  0.14963717-0.4731235j
  -0.04431795-0.48636298j]
 [ 0.06992503+0.47765041j -0.06103145-0.50410744j -0.06103145-0.50410744j
   0.05871837+0.49780964j]]

********* Summary *****************
Final fidelity error 0.016657471227593756
Final objective value 0.01665753304175507
Final penalized value 6.181416134509732e-08
Final error 6.181416131433145e-08
Final gradient [-1.18359943e-02 -1.18359943e-02 -8.44863302e-03 -8.44863302e-03
 -9.28919407e-03 -9.28919407e-03 -5.55358111e-03 -5.55358111e-03
 -5.95398220e-03 -5.95398220e-03 -2.19181562e-03 -2.19181563e-03
 -2.18849983e-03 -2.18849983e-03  1.30941436e-03  1.30941436e-03
  1.50721243e-03  1.50721243e-03  4.50550839e-03  4.50550839e-03
  4.64737907e-03  4.64737907e-03  6.98764856e-03  6.98764856e-03
  6.86013959e-03  6.86013959e-03  8.47184896e-03  8.47184896e-03
  7.95751257e-03  7.95751257e-03  8.85298798e-03  8.85298798e-03
  7.99987508e-03  7.99987508e-03  8.25496963e-03  8.25496963e-03
  7.32080092e-03  7.32080092e-03  7.04871873e-03  7.04871873e-03
  6.44176900e-03  6.44176900e-03  5.76845962e-03  5.76845962e-03
  5.90271919e-03  5.90271919e-03  4.94914883e-03  4.94914883e-03
  6.04303585e-03  6.04303585e-03  4.91596452e-03  4.91596452e-03
  6.83468530e-03  6.83468530e-03  5.62551307e-03  5.62551307e-03
  7.88702098e-03  7.88702098e-03  6.67708846e-03  6.67708846e-03
  8.63176999e-03  8.63176999e-03  7.50042221e-03  7.50042221e-03
  8.59187116e-03  8.59187116e-03  7.62112794e-03  7.62112794e-03
  7.57437282e-03  7.57437282e-03  6.84455185e-03  6.84455186e-03
  5.71352191e-03  5.71352191e-03  5.28937147e-03  5.28937147e-03
  3.39816728e-03  3.39816728e-03  3.31136166e-03  3.31136167e-03
  1.15987874e-03  1.15987874e-03  1.39588169e-03  1.39588169e-03
 -4.60779793e-04 -4.60779792e-04  3.37622385e-05  3.37622390e-05
 -1.05489825e-03 -1.05489825e-03 -4.08743811e-04 -4.08743811e-04
 -5.05566237e-04 -5.05566236e-04  1.58579702e-04  1.58579703e-04
  9.02525341e-04  9.02525341e-04  1.44663366e-03  1.44663366e-03
  2.52083813e-03  2.52083813e-03  2.82759862e-03  2.82759862e-03
  3.58344221e-03  3.58344221e-03  3.57789170e-03  3.57789170e-03
  3.56141590e-03  3.56141591e-03  3.21958393e-03  3.21958393e-03
  2.43246843e-03  2.43246843e-03  1.77080736e-03  1.77080736e-03
  6.26742748e-04  6.26742748e-04 -3.20743798e-04 -3.20743798e-04
 -1.27103759e-03 -1.27103759e-03 -2.46945827e-03 -2.46945827e-03
 -2.80901418e-03 -2.80901418e-03 -4.22024641e-03 -4.22024641e-03
 -3.75180828e-03 -3.75180828e-03 -5.31836231e-03 -5.31836231e-03
 -4.04376502e-03 -4.04376502e-03 -5.67485054e-03 -5.67485054e-03
 -3.76669058e-03 -3.76669058e-03 -5.33911955e-03 -5.33911955e-03
 -3.14569900e-03 -3.14569900e-03 -4.52229949e-03 -4.52229949e-03
 -2.48703341e-03 -2.48703341e-03 -3.54585445e-03 -3.54585445e-03
 -2.07606397e-03 -2.07606397e-03 -2.73769850e-03 -2.73769850e-03
 -2.01728761e-03 -2.01728761e-03 -2.25745928e-03 -2.25745928e-03
 -2.16693904e-03 -2.16693904e-03 -2.00903163e-03 -2.00903163e-03
 -2.22991419e-03 -2.22991419e-03 -1.72455114e-03 -1.72455115e-03
 -1.93488396e-03 -1.93488396e-03 -1.14171923e-03 -1.14171923e-03
 -1.21093921e-03 -1.21093921e-03 -1.94031171e-04 -1.94031172e-04
 -1.92829568e-04 -1.92829568e-04  9.71127766e-04  9.71127766e-04
  8.51906497e-04  8.51906496e-04  2.06371069e-03  2.06371069e-03
  1.63066639e-03  1.63066639e-03  2.77083032e-03  2.77083032e-03
  1.92110023e-03  1.92110023e-03  2.87108753e-03  2.87108753e-03
  1.64252720e-03  1.64252720e-03  2.31880559e-03  2.31880559e-03
  9.07333492e-04  9.07333490e-04  1.29123693e-03  1.29123693e-03
  1.69965256e-05  1.69965241e-05  1.63540516e-04  1.63540516e-04
 -6.06885830e-04 -6.06885832e-04 -5.86638470e-04 -5.86638470e-04
 -5.48437639e-04 -5.48437640e-04 -5.22865180e-04 -5.22865181e-04
  4.53538555e-04  4.53538554e-04  5.98238729e-04  5.98238729e-04
  2.38434329e-03  2.38434328e-03  2.71441826e-03  2.71441826e-03
  4.87006666e-03  4.87006666e-03  5.38902282e-03  5.38902282e-03
  7.20753625e-03  7.20753625e-03  7.86039033e-03  7.86039033e-03
  8.55152684e-03  8.55152684e-03  9.25189119e-03  9.25189119e-03
  8.27482250e-03  8.27482249e-03  8.94706941e-03  8.94706941e-03
  6.32676523e-03  6.32676523e-03  6.94147305e-03  6.94147305e-03
  3.33942754e-03  3.33942754e-03  3.92250054e-03  3.92250054e-03
  3.65639231e-04  3.65639230e-04  9.81093958e-04  9.81093958e-04
 -1.59991150e-03 -1.59991150e-03 -8.77511274e-04 -8.77511274e-04
 -2.00700195e-03 -2.00700196e-03 -1.11493846e-03 -1.11493846e-03
 -9.13553031e-04 -9.13553031e-04  1.87794730e-04  1.87794731e-04
  1.10801118e-03  1.10801118e-03  2.43340825e-03  2.43340825e-03
  3.23011335e-03  3.23011335e-03  4.77288711e-03  4.77288711e-03
  4.64748688e-03  4.64748688e-03  6.38404898e-03  6.38404898e-03
  4.82214262e-03  4.82214262e-03  6.71486106e-03  6.71486106e-03
  3.61111077e-03  3.61111077e-03  5.60869131e-03  5.60869131e-03
  1.26315936e-03  1.26315936e-03  3.29970804e-03  3.29970804e-03
 -1.67698239e-03 -1.67698239e-03  3.17969149e-04  3.17969150e-04
 -4.54480368e-03 -4.54480368e-03 -2.68431248e-03 -2.68431248e-03
 -6.74791469e-03 -6.74791469e-03 -5.12193047e-03 -5.12193047e-03
 -7.92843476e-03 -7.92843476e-03 -6.63634980e-03 -6.63634980e-03
 -8.05526055e-03 -8.05526055e-03 -7.18432901e-03 -7.18432901e-03
 -7.47367083e-03 -7.47367083e-03 -7.08260566e-03 -7.08260566e-03
 -6.88196535e-03 -6.88196534e-03 -6.98122985e-03 -6.98122985e-03
 -7.16868856e-03 -7.16868856e-03 -7.70628712e-03 -7.70628712e-03
 -9.06683304e-03 -9.06683304e-03 -9.93582436e-03 -9.93582435e-03
 -1.10155362e-02 -1.10155362e-02 -1.20959563e-02 -1.20959563e-02]
Number of iterations 500
Completed in 0:02:11.081162 HH:MM:SS.US
Final objective value with norm: 
0.016657471227593756
Final penalty of max controllers: 
6.181416131433146e-12
