Final evolution
[[ 0.24849402+0.24973514j  0.24779879+0.25122096j  0.25049198+0.25351792j
   0.25363473+0.24955656j  0.25205976+0.25169445j  0.24804322+0.24945293j
   0.24696246+0.24764115j  0.24969863+0.24987562j]
 [ 0.24730098+0.25272222j -0.24461938-0.25062569j  0.24926486+0.24974607j
  -0.252994  -0.2459972j   0.25229255+0.24670041j -0.25604704-0.24567804j
   0.25131374+0.24986308j -0.2489815 -0.25550503j]
 [ 0.25008974+0.24840211j  0.25053411+0.24895917j -0.26117543-0.2475488j
  -0.2503365 -0.24700092j  0.25170487+0.25309552j  0.24965198+0.24880821j
  -0.24378683-0.25202074j -0.2480183 -0.24845282j]
 [ 0.25018767+0.25265512j -0.24833613-0.25085986j -0.24848539-0.25305448j
   0.24138534+0.24611934j  0.24828072+0.24427995j -0.25345436-0.25544225j
  -0.24667618-0.24808273j  0.25814799+0.25398115j]
 [ 0.24627418+0.25187191j  0.25282283+0.25187794j  0.24965752+0.24620651j
   0.25063432+0.24596412j -0.2505774 -0.24492274j -0.25190305-0.25045157j
  -0.25324918-0.25523293j -0.24908982-0.24900443j]
 [ 0.24783026+0.25284474j -0.2502367 -0.24896971j  0.25000549+0.25372649j
  -0.2493681 -0.25341129j -0.25001975-0.246756j    0.25203308+0.25358417j
  -0.24981799-0.25071774j  0.24703383+0.24340427j]
 [ 0.24945284+0.24522371j  0.25323671+0.25384439j -0.24396652-0.24317867j
  -0.25711885-0.24955288j -0.24974278-0.25664091j -0.24482387-0.24608443j
   0.25125951+0.25407345j  0.24741394+0.25377141j]
 [ 0.2515214 +0.25517579j -0.24307316-0.2527169j  -0.25140285-0.24802515j
   0.2539038 +0.25254584j -0.25242753-0.24848382j  0.25287809+0.24116007j
   0.24701827+0.25199704j -0.24845032-0.24877304j]]

********* Summary *****************
Final fidelity error 9.428688248769301e-05
Final objective value 9.820682535847925e-05
Final penalized error 3.920428617340331e-06
Final gradient 0.01032145215436467
Number of iterations 0
Terminated due to Goal achieved
Completed in 0:00:00.495849 HH:MM:SS.US
Final objective value with norm: 
9.428688248769301e-05
Final penalty of max controllers: 
1.5681714469361323e-05
