Final evolution
[[ 0.28947585-0.06502839j  0.24375363+0.00221709j  0.24805955-0.05146328j
   0.2453938 -0.0387016j   0.24805955-0.05146328j  0.26075046+0.02079885j
   0.21601615+0.00402894j  0.26216738+0.01744672j  0.24375363+0.00221709j
   0.224708  -0.07317248j  0.26075046+0.02079885j  0.20148318-0.0122896j
   0.2453938 -0.0387016j   0.20148318-0.0122896j   0.26216738+0.01744672j
   0.2772578 -0.07434126j]
 [ 0.23332047-0.04954575j -0.28031377+0.00490723j  0.23638954+0.00039349j
  -0.26135207-0.01070525j  0.22759417+0.00014009j -0.26021716-0.04328267j
   0.26694929-0.04916571j -0.1920601 -0.03775417j  0.25886084-0.02931581j
  -0.28379548+0.07929777j  0.28585883+0.0785931j  -0.23838165+0.00437261j
   0.24720686+0.01063636j -0.22664162+0.00826103j  0.17163207+0.02121051j
  -0.25003495+0.04809035j]
 [ 0.25312577-0.05658354j  0.21981702-0.01713749j -0.21817576-0.08058775j
  -0.21740975-0.09604954j  0.22556704+0.08942137j  0.2287355 +0.1035861j
  -0.25648318+0.03813442j -0.24094187+0.01775222j  0.24602109-0.05551053j
   0.24699965+0.02037505j -0.21122128-0.0809047j  -0.26765685-0.11454951j
   0.25970043+0.07276701j  0.23798472+0.06486507j -0.24206426-0.00307711j
  -0.26989066+0.00309234j]
 [ 0.24179659-0.07906288j -0.22949976-0.01078185j -0.28171746-0.10722126j
   0.24542598-0.0517234j   0.23680671+0.02122724j -0.23981374+0.05978991j
  -0.23097505+0.07057995j  0.25540189+0.02881487j  0.20341704-0.01647556j
  -0.26937212+0.02696206j -0.25899011+0.01074493j  0.22384858+0.07638418j
   0.21610064-0.04673337j -0.24964853-0.09153359j -0.26242599-0.02581717j
   0.24370345-0.01174566j]
 [ 0.25312577-0.05658354j  0.24602109-0.05551053j  0.22556704+0.08942137j
   0.25970043+0.07276701j -0.21817576-0.08058775j -0.21122128-0.0809047j
  -0.25648318+0.03813442j -0.24206426-0.00307711j  0.21981702-0.01713749j
   0.24699965+0.02037505j  0.2287355 +0.1035861j   0.23798472+0.06486507j
  -0.21740975-0.09604954j -0.26765685-0.11454951j -0.24094187+0.01775222j
  -0.26989066+0.00309234j]
 [ 0.25029734-0.03037763j -0.20680695-0.01690528j  0.21296505+0.0937989j
  -0.26514486+0.04923401j -0.25973824-0.07772276j  0.21931159-0.00646518j
  -0.25509806+0.04929335j  0.31367834+0.04073159j  0.2094757 +0.00955617j
  -0.24177195+0.04485696j  0.23051426-0.04306757j -0.20695476-0.08004895j
  -0.29016481+0.00879272j  0.22878331+0.05156339j -0.28464973-0.0242899j
   0.21809249+0.01315179j]
 [ 0.21804077-0.0538616j   0.26326298-0.00370433j -0.20409535+0.02432924j
  -0.26421749+0.03598177j -0.20409535+0.02432924j -0.28639051+0.04031753j
   0.2285756 -0.05233028j  0.24302816-0.05550888j  0.26326298-0.00370433j
   0.25691715-0.08543571j -0.28639051+0.04031753j -0.24780933+0.04169572j
  -0.26421749+0.03598177j -0.24780933+0.04169572j  0.24302816-0.05550888j
   0.19271448+0.03010669j]
 [ 0.23667814-0.04178831j -0.29307093-0.02455919j -0.2389047 +0.02605151j
   0.23127489+0.07106319j -0.2628222 -0.00051433j  0.22253035+0.02289245j
   0.26690791-0.01542302j -0.23237075-0.00444696j  0.29327662-0.0075344j
  -0.17489664+0.05513774j -0.24292231-0.02380632j  0.26143148-0.01119885j
  -0.21668561-0.01634594j  0.28590497+0.00990148j  0.24346068+0.00131983j
  -0.22377186+0.09318287j]
 [ 0.23332047-0.04954575j  0.25886084-0.02931581j  0.22759417+0.00014009j
   0.24720686+0.01063636j  0.23638954+0.00039349j  0.28585883+0.0785931j
   0.26694929-0.04916571j  0.17163207+0.0212105j  -0.28031377+0.00490723j
  -0.28379548+0.07929777j -0.26021716-0.04328267j -0.22664162+0.00826103j
  -0.26135207-0.01070525j -0.23838165+0.00437261j -0.1920601 -0.03775417j
  -0.25003495+0.04809035j]
 [ 0.23612239-0.00908566j -0.23309785-0.02529879j  0.2710502 -0.0866126j
  -0.24423219+0.01799317j  0.2710502 -0.0866126j  -0.23986738+0.0453761j
   0.21918099-0.04194537j -0.25329441+0.02202252j -0.23309785-0.02529879j
   0.25431111-0.04244685j -0.23986738+0.0453761j   0.23949813-0.06338522j
  -0.24423219+0.01799317j  0.23949813-0.06338522j -0.25329441+0.02202252j
   0.23488257-0.09824432j]
 [ 0.25029734-0.03037763j  0.2094757 +0.00955617j -0.25973824-0.07772276j
  -0.29016481+0.00879272j  0.21296505+0.0937989j   0.23051426-0.04306757j
  -0.25509806+0.04929335j -0.28464973-0.0242899j  -0.20680695-0.01690528j
  -0.24177195+0.04485696j  0.21931159-0.00646518j  0.22878331+0.05156339j
  -0.26514486+0.04923401j -0.20695476-0.08004895j  0.31367834+0.04073159j
   0.21809249+0.01315178j]
 [ 0.22644882-0.06414573j -0.25733261+0.02993514j -0.21371755-0.03433301j
   0.25459072+0.06886348j  0.24808899+0.11172966j -0.23396947-0.09148221j
  -0.22567024+0.03484505j  0.24893083-0.09632209j -0.27716866+0.03566241j
   0.23197949-0.0431786j   0.21295787+0.09966982j -0.23824802-0.06763064j
  -0.24059266-0.09881861j  0.22572042+0.12233732j  0.23047184-0.03572622j
  -0.2487788 +0.01745006j]
 [ 0.24179659-0.07906288j  0.20341704-0.01647556j  0.23680671+0.02122724j
   0.21610064-0.04673337j -0.28171746-0.10722126j -0.25899011+0.01074493j
  -0.23097505+0.07057995j -0.26242599-0.02581717j -0.22949976-0.01078185j
  -0.26937212+0.02696206j -0.23981374+0.05978991j -0.24964853-0.09153359j
   0.24542598-0.0517234j   0.22384858+0.07638418j  0.25540189+0.02881487j
   0.24370345-0.01174566j]
 [ 0.22644882-0.06414573j -0.27716866+0.03566241j  0.24808899+0.11172966j
  -0.24059266-0.09881861j -0.21371755-0.03433301j  0.21295787+0.09966982j
  -0.22567024+0.03484505j  0.23047184-0.03572622j -0.25733261+0.02993514j
   0.23197949-0.0431786j  -0.23396947-0.09148221j  0.22572042+0.12233732j
   0.25459072+0.06886348j -0.23824802-0.06763064j  0.24893083-0.09632209j
  -0.2487788 +0.01745006j]
 [ 0.23667814-0.04178831j  0.29327662-0.0075344j  -0.2628222 -0.00051433j
  -0.21668561-0.01634594j -0.2389047 +0.02605151j -0.24292231-0.02380632j
   0.26690791-0.01542302j  0.24346068+0.00131983j -0.29307093-0.02455919j
  -0.17489664+0.05513774j  0.22253035+0.02289245j  0.28590497+0.00990148j
   0.23127489+0.07106319j  0.26143148-0.01119885j -0.23237075-0.00444696j
  -0.22377186+0.09318287j]
 [ 0.27093403+0.03265248j -0.24034687+0.02434934j -0.26237812+0.01860449j
   0.18892994-0.02961825j -0.26237812+0.01860449j  0.23524062-0.04340634j
   0.26025197-0.00781209j -0.24708642-0.04172155j -0.24034687+0.02434934j
   0.23698815-0.07469412j  0.23524062-0.04340634j -0.2658755 +0.04129425j
   0.18892994-0.02961825j -0.2658755 +0.04129425j -0.24708642-0.04172155j
   0.28719255-0.02134599j]]

********* Summary *****************
Final fidelity error 0.027204111822491717
Final objective value 0.027305932115865034
Final penalized value 0.00010182029337335585
Final error 0.00010182029337331891
Final gradient [-0.00112915  0.00090129  0.00090129 ...  0.00034967  0.00034967
 -0.00151482]
Number of iterations 307
Completed in 0:30:20.398963 HH:MM:SS.US
Final objective value with norm: 
0.027204111822491717
Final penalty of max controllers: 
1.018202933733189e-05
