Final evolution
[[ 0.26883775-0.04010556j  0.23852824+0.00980908j  0.23591531-0.03206897j
   0.22735649-0.03741421j  0.23591442-0.03206887j  0.23736722-0.02236951j
   0.24979962-0.0292341j   0.30443394-0.01845101j  0.23852842+0.00980976j
   0.21850994-0.05298782j  0.23736907-0.02236978j  0.21034116-0.03592768j
   0.22735606-0.03741316j  0.21033955-0.03592863j  0.30443455-0.01844859j
   0.29184539-0.05295693j]
 [ 0.24294378-0.02169144j -0.27341398-0.02601611j  0.24499433-0.02524822j
  -0.24343664-0.01181148j  0.25061094-0.03952034j -0.2570781 -0.04951705j
   0.24442462-0.06001192j -0.22401333-0.04163653j  0.26571808+0.01948803j
  -0.26747426+0.07752864j  0.26210896+0.07805496j -0.22648778+0.01626452j
   0.24497476+0.01063363j -0.22286657+0.02656068j  0.1945594 +0.04101639j
  -0.26170248+0.05854405j]
 [ 0.28075138-0.03953649j  0.22775571+0.00893817j -0.21530835-0.06724864j
  -0.20546753-0.09205882j  0.22985291+0.0793974j   0.23006613+0.10122957j
  -0.25191624+0.04859942j -0.23740073+0.03291541j  0.25307415-0.03217414j
   0.26196366-0.00306671j -0.20367309-0.07486395j -0.26145965-0.09792746j
   0.25464611+0.0658829j   0.28478562+0.05456366j -0.2246858 +0.01270432j
  -0.24047539+0.00420642j]
 [ 0.23656427-0.0635285j  -0.24021955-0.01039063j -0.27771628-0.06320289j
   0.24482592-0.03674843j  0.24838409+0.04947679j -0.22427201+0.04735894j
  -0.22981153+0.06768527j  0.25037466+0.03006034j  0.21403718-0.02015813j
  -0.27750986+0.02879615j -0.25223597+0.01707125j  0.23096431+0.06080912j
   0.23791913-0.03141104j -0.23493893-0.05478094j -0.26882569-0.01796326j
   0.26053044-0.02892195j]
 [ 0.28075011-0.03953813j  0.25307372-0.03217458j  0.2298527 +0.07939721j
   0.25464557+0.06588443j -0.21530938-0.06724898j -0.2036745 -0.07486361j
  -0.25191684+0.04859802j -0.22468716+0.01270478j  0.22775629+0.00893904j
   0.26196541-0.00306514j  0.23006415+0.1012281j   0.28478349+0.05456348j
  -0.20546814-0.09205924j -0.26145903-0.09792837j -0.23740085+0.03291493j
  -0.24047583+0.0042064j ]
 [ 0.24144618-0.03261469j -0.23341457-0.04776392j  0.23189897+0.10598466j
  -0.25393509+0.05177028j -0.26095559-0.06677136j  0.24190402-0.01741425j
  -0.24944517+0.04289331j  0.2904054 +0.03462479j  0.21931953+0.02286361j
  -0.25169968+0.05680937j  0.24281029-0.02799566j -0.21397493-0.08510123j
  -0.27656299+0.01522978j  0.21948639+0.04461598j -0.26282401-0.03288196j
   0.213015  -0.018449j  ]
 [ 0.23779687-0.03195312j  0.25002464+0.01599625j -0.23395402+0.02954178j
  -0.26471543+0.03310212j -0.23395281+0.02954181j -0.28139242+0.04221608j
   0.2201918 +0.00394019j  0.23580037-0.04932383j  0.25002513+0.01599662j
   0.21191922-0.04167087j -0.28139246+0.04221706j -0.27457953+0.04197475j
  -0.26471399+0.0331035j  -0.27457913+0.04197429j  0.23580172-0.04932292j
   0.18937015-0.00504926j]
 [ 0.22818485-0.05010074j -0.27006134-0.01856949j -0.252125  +0.042252j
   0.24436277+0.03298635j -0.25856586+0.00131586j  0.23935636-0.00662032j
   0.26441648-0.01639584j -0.23612288-0.01245755j  0.26533864+0.02184286j
  -0.20966048+0.04076425j -0.25253233-0.0390948j   0.26142174-0.01764269j
  -0.23598284-0.01551925j  0.26147139-0.01182917j  0.24690526+0.01099919j
  -0.23869337+0.05248334j]
 [ 0.24294573-0.02169122j  0.26571855+0.01948796j  0.25061041-0.03952163j
   0.24497433+0.01063479j  0.2449934 -0.02524789j  0.26210796+0.0780551j
   0.24442464-0.06001442j  0.19456226+0.04101482j -0.27341159-0.02601686j
  -0.26747584+0.07752779j -0.25707528-0.04951636j -0.22286733+0.02655906j
  -0.24343624-0.01181081j -0.22648875+0.01626555j -0.22401353-0.04163649j
  -0.26170325+0.05854326j]
 [ 0.24886034-0.00747872j -0.23626315-0.014468j    0.25407153-0.05426407j
  -0.25808823+0.0229475j   0.25407153-0.05426239j -0.24795712+0.02916486j
   0.23301359-0.02929538j -0.2344756 +0.02072138j -0.23626412-0.01446864j
   0.25005681-0.04207254j -0.24795772+0.02916569j  0.25278553-0.03910093j
  -0.25808995+0.02294987j  0.25278717-0.03910185j -0.23447767+0.02072188j
   0.26226847-0.04588174j]
 [ 0.24144785-0.03261378j  0.21931722+0.02286309j -0.26095288-0.06676949j
  -0.27656353+0.0152306j   0.23189886+0.10598496j  0.24281038-0.02799624j
  -0.24944615+0.04289477j -0.26282502-0.03288131j -0.2334136 -0.04776504j
  -0.25170021+0.05681117j  0.2419039 -0.01741534j  0.21948768+0.04461417j
  -0.253935  +0.05177049j -0.21397687-0.08509898j  0.29040505+0.03462497j
   0.2130143 -0.01844858j]
 [ 0.2308331 -0.05066736j -0.26497154+0.01604142j -0.21776351-0.03881721j
   0.26792088+0.07797581j  0.22575541+0.10059346j -0.23772354-0.09764814j
  -0.23318035+0.02505611j  0.25196168-0.06781794j -0.27881114+0.02370295j
   0.22597444-0.05235735j  0.21241672+0.12049235j -0.24285263-0.07259899j
  -0.23957172-0.10018471j  0.22094161+0.09462206j  0.23161741-0.04295297j
  -0.24349975+0.02647172j]
 [ 0.23656492-0.06352866j  0.21403591-0.02015743j  0.24838511+0.04947704j
   0.23791869-0.03141205j -0.27771708-0.06320259j -0.25223521+0.01707317j
  -0.2298102 +0.06768553j -0.26882544-0.01796158j -0.24021964-0.010391j
  -0.27751138+0.02879477j -0.22427213+0.04735916j -0.23493893-0.05478033j
   0.24482627-0.03674934j  0.2309633 +0.060808j    0.25037462+0.03006024j
   0.26053068-0.02892169j]
 [ 0.23083098-0.05066802j -0.27881028+0.02370431j  0.22575836+0.10059311j
  -0.23957358-0.100183j   -0.21776359-0.03881632j  0.21241687+0.12049192j
  -0.23317807+0.02505597j  0.2316164 -0.04295334j -0.26497066+0.01604172j
   0.22597545-0.05235547j -0.23772469-0.09764887j  0.22094191+0.09462224j
   0.26792214+0.07797589j -0.24285367-0.07259946j  0.25195955-0.0678183j
  -0.24349991+0.02647403j]
 [ 0.22818416-0.05010106j  0.26533967+0.02184193j -0.25856564+0.00131485j
  -0.23598441-0.01551999j -0.25212592+0.04225321j -0.25253277-0.039096j
   0.26441436-0.01639514j  0.24690485+0.01099921j -0.27006067-0.01857036j
  -0.20965987+0.0407636j   0.23935767-0.00662128j  0.2614725 -0.01183031j
   0.24436352+0.03298546j  0.26141995-0.01764118j -0.23612378-0.01245773j
  -0.2386916 +0.05248402j]
 [ 0.25923864-0.00527108j -0.24088051+0.01981248j -0.24144769+0.04264646j
   0.2057492 -0.04558035j -0.24144748+0.04264678j  0.24816502-0.03651699j
   0.28326004-0.03513005j -0.24807121-0.00404595j -0.24088003+0.01981251j
   0.23490462-0.05701762j  0.24816499-0.0365179j  -0.26449797+0.01859753j
   0.20574886-0.04558037j -0.26449867+0.01859674j -0.2480715 -0.00404607j
   0.27702828-0.0260209j ]]

********* Summary *****************
Final fidelity error 0.02160501560379091
Final objective value 0.021623723525653376
Final penalized value 1.8707921862426424e-05
Final error 1.870792186246391e-05
Final gradient [ 2.45086751e-03  2.52045606e-03  2.52044340e-03 ...  2.74723161e-04
  2.74829865e-04 -6.52315704e-05]
Number of iterations 182
Completed in 0:15:17.731093 HH:MM:SS.US
Final objective value with norm: 
0.02160501560379091
Final penalty of max controllers: 
1.870792186246391e-05
