Final evolution
[[ 0.24691681+0.24974381j  0.25267828+0.25028543j  0.24816751+0.25069344j
   0.25295325+0.25092229j  0.25224494+0.25257505j  0.24924207+0.25198368j
   0.24643027+0.24852482j  0.24703043+0.24946702j]
 [ 0.24843099+0.25373497j -0.24692959-0.25079397j  0.24980626+0.25089882j
  -0.24987439-0.24553667j  0.25140478+0.24886451j -0.25273241-0.24448067j
   0.2516935 +0.24963007j -0.25072133-0.25424706j]
 [ 0.25137286+0.2470433j   0.2488447 +0.24651177j -0.25906761-0.24959637j
  -0.25163724-0.2484257j   0.24969642+0.25185256j  0.25131096+0.24750399j
  -0.24771045-0.25218965j -0.24772092-0.24923757j]
 [ 0.24893543+0.25194911j -0.25039214-0.25094629j -0.25052869-0.25022065j
   0.24482003+0.24884228j  0.24911398+0.24595259j -0.25272215-0.25239733j
  -0.24678425-0.24767783j  0.25644101+0.252024j  ]
 [ 0.24711074+0.25055418j  0.25254952+0.25124636j  0.25114442+0.24623626j
   0.24979987+0.24874982j -0.24881294-0.24515065j -0.24919024-0.25157081j
  -0.25323316-0.25548919j -0.24848081-0.25047112j]
 [ 0.24916592+0.25124903j -0.24865508-0.25018554j  0.25035264+0.25550357j
  -0.24838376-0.25026083j -0.25082399-0.24560479j  0.25146929+0.25269887j
  -0.25045293-0.24894254j  0.24765426+0.24844519j]
 [ 0.25225846+0.24832408j  0.25161126+0.25284084j -0.24381877-0.24434759j
  -0.25469919-0.24942873j -0.24833053-0.25484221j -0.24681693-0.24863078j
   0.24966393+0.25379087j  0.24826875+0.25198548j]
 [ 0.25016941+0.25290325j -0.24555682-0.24982801j -0.25112412-0.24807646j
   0.25219973+0.25325627j -0.2539442 -0.25054059j  0.25302481+0.24395746j
   0.2464969 +0.25106266j -0.2494572 -0.24814757j]]

********* Summary *****************
Final fidelity error 5.7776868119363556e-05
Final objective value 9.070439526382684e-05
Final penalized error 3.292775752484472e-05
Final gradient 0.008729168735826768
Number of iterations 164
Terminated due to Goal achieved
Completed in 0:00:18.340198 HH:MM:SS.US
Final objective value with norm: 
5.7776868119363556e-05
Final penalty of max controllers: 
0.003292775752484472
