Final evolution
Quantum object: dims = [[8], [8]], shape = (8, 8), type = oper, isherm = False
Qobj data =
[[-3.06132081e-01+0.17677145j -3.06220886e-01+0.17678475j
  -3.06259371e-01+0.17679553j -3.06158731e-01+0.17675588j
  -3.06220886e-01+0.17678475j -3.06192584e-01+0.17672314j
  -3.06158731e-01+0.17675588j -3.06188759e-01+0.1767689j ]
 [-3.06184740e-01+0.17677892j  2.38188323e-05-0.35354077j
  -3.06183724e-01+0.17673848j -2.32345255e-05-0.35355074j
   1.91791300e-05+0.35356126j  3.06206833e-01-0.17675924j
   1.73444007e-06+0.35356079j  3.06210083e-01-0.17675997j]
 [-3.06175709e-01+0.17680921j -3.06193144e-01+0.17678169j
   3.06185055e-01-0.17677091j  3.06186062e-01-0.1767844j
  -3.06193144e-01+0.17678169j -3.06154789e-01+0.17678814j
   3.06186062e-01-0.1767844j   3.06149562e-01-0.17682781j]
 [-3.06201236e-01+0.17679394j  1.89652426e-05-0.35356086j
   3.06187852e-01-0.17673254j  2.45420488e-06+0.3535678j
  -6.00372612e-06+0.35355067j  3.06163466e-01-0.17675493j
  -2.18549373e-06-0.35353423j -3.06210107e-01+0.17679454j]
 [-3.06184740e-01+0.17677892j  1.91791354e-05+0.35356126j
  -3.06183724e-01+0.17673848j  1.73443317e-06+0.35356079j
   2.38188265e-05-0.35354077j  3.06206833e-01-0.17675924j
  -2.32345151e-05-0.35355074j  3.06210083e-01-0.17675997j]
 [-3.06165351e-01+0.17677245j  3.06176416e-01-0.17677807j
  -3.06223763e-01+0.17679125j  3.06185716e-01-0.17679349j
   3.06176416e-01-0.17677807j -3.06196530e-01+0.17678118j
   3.06185716e-01-0.17679349j -3.06151086e-01+0.17677535j]
 [-3.06201236e-01+0.17679394j -6.00370652e-06+0.35355067j
   3.06187852e-01-0.17673254j -2.18548953e-06-0.35353423j
   1.89652386e-05-0.35356086j  3.06163466e-01-0.17675493j
   2.45420532e-06+0.3535678j  -3.06210107e-01+0.17679454j]
 [-3.06189866e-01+0.17680961j  3.06156723e-01-0.17675828j
   3.06148346e-01-0.17679264j -3.06201887e-01+0.17679462j
   3.06156723e-01-0.17675828j -3.06236419e-01+0.17683872j
  -3.06201887e-01+0.17679462j  3.06133897e-01-0.17677758j]]

********* Summary *****************
Final fidelity error 0.09861218494206214
Final gradient normal 1.236924489729321e-05
Terminated due to function converged
Number of iterations 58
Completed in 0:00:03.242518 HH:MM:SS.US
