Final evolution
[[ 0.25563438-0.0412599j   0.24867639-0.00154152j  0.2360601 -0.03211133j
   0.23820382-0.02767966j  0.23610295-0.03203411j  0.23687182-0.01933764j
   0.25466302-0.03202714j  0.29466201-0.00701704j  0.24868992-0.00144587j
   0.23150509-0.04678614j  0.23684375-0.01944225j  0.20964535-0.04313117j
   0.23807629-0.02770336j  0.20960831-0.04312527j  0.29472522-0.00697401j
   0.2793137 -0.05243083j]
 [ 0.2473783 -0.02609653j -0.27281483-0.02748584j  0.24388166-0.03864262j
  -0.25072473-0.01046067j  0.242432  -0.04708046j -0.25842095-0.04881208j
   0.25248956-0.04746394j -0.22150739-0.04011146j  0.26717442+0.0140322j
  -0.25523655+0.08202997j  0.26060958+0.06922073j -0.23680148+0.02610422j
   0.2392066 +0.01506769j -0.23050521+0.02711873j  0.19800165+0.04169962j
  -0.25101759+0.063059j  ]
 [ 0.28253238-0.04669539j  0.22363057+0.00038519j -0.21492772-0.06315576j
  -0.21342863-0.07926488j  0.22728446+0.07574569j  0.23092535+0.09838761j
  -0.25580277+0.03030545j -0.24697016+0.02502918j  0.2455256 -0.02395427j
   0.26017356-0.00355023j -0.21439152-0.07737489j -0.26204527-0.09734268j
   0.25316436+0.05798636j  0.28260018+0.04777399j -0.22765407+0.0131637j
  -0.23902157+0.01436106j]
 [ 0.23321598-0.04330137j -0.24743595-0.02134364j -0.26887277-0.07211834j
   0.25475092-0.04393805j  0.25449722+0.05570017j -0.21400035+0.04643149j
  -0.23147643+0.05547412j  0.24196772+0.03630011j  0.21811023-0.00347487j
  -0.2781846 +0.02762617j -0.25255732+0.01324647j  0.22823958+0.06712764j
   0.2444982 -0.03819916j -0.23232796-0.05645661j -0.26650134-0.02619074j
   0.26175649-0.02152094j]
 [ 0.28246659-0.04665972j  0.24549608-0.02388632j  0.22718331+0.07563264j
   0.25319954+0.05792722j -0.21505682-0.06319701j -0.21449234-0.07735527j
  -0.25573392+0.03013441j -0.22756356+0.01320592j  0.22369848+0.00052314j
   0.26029521-0.00356191j  0.23079651+0.09851047j  0.28252838+0.04785719j
  -0.21344606-0.07941734j -0.26218779-0.0975458j  -0.24694452+0.02495521j
  -0.23889665+0.01433461j]
 [ 0.24690145-0.0304525j  -0.22976317-0.04490833j  0.23800666+0.0953902j
  -0.25074081+0.05372016j -0.255648  -0.07348534j  0.2386842 -0.02752959j
  -0.24936317+0.03996055j  0.29445153+0.03594788j  0.21822499+0.02311338j
  -0.2484267 +0.05432967j  0.24337485-0.04620053j -0.20825876-0.07871125j
  -0.2711499 +0.0183377j   0.22853784+0.04922239j -0.25977569-0.04234147j
   0.22313455-0.01453633j]
 [ 0.23816452-0.02084973j  0.250771  +0.00445312j -0.24152733+0.03577636j
  -0.255839  +0.03202959j -0.24139344+0.03577619j -0.28557959+0.04192114j
   0.19647364-0.00299042j  0.2443159 -0.04289608j  0.25078948+0.00444682j
   0.21488513-0.04887886j -0.28559549+0.04188337j -0.26730162+0.03337028j
  -0.25554683+0.03188891j -0.26718816+0.03336199j  0.24449236-0.04288691j
   0.20718781-0.01040766j]
 [ 0.22967435-0.05289116j -0.26243393-0.02537688j -0.24111448+0.03821334j
   0.24981004+0.02348137j -0.26674885+0.01023259j  0.2338025 -0.0022302j
   0.27096501-0.00896247j -0.24338163-0.01275008j  0.26822064+0.01446015j
  -0.22087289+0.02558006j -0.25010317-0.03798766j  0.25389957-0.02722284j
  -0.2382289 -0.01385016j  0.26096234-0.00978924j  0.24612776+0.00616752j
  -0.23132471+0.05911553j]
 [ 0.24749616-0.02594466j  0.26715954+0.01405076j  0.24230423-0.04708868j
   0.2391929 +0.01511629j  0.24377569-0.03859676j  0.26050889+0.06910669j
   0.25245089-0.04741086j  0.19819293+0.04167651j -0.27268734-0.02762951j
  -0.25531519+0.08209448j -0.25826269-0.04883134j -0.23065403+0.02698857j
  -0.25082578-0.01050715j -0.23692997+0.02618397j -0.22145142-0.04010549j
  -0.25107048+0.06312744j]
 [ 0.23946581-0.00639546j -0.23243535-0.01131211j  0.25342194-0.05577967j
  -0.25510217+0.01962767j  0.25343628-0.05568616j -0.25428484+0.02576706j
   0.24101625-0.03712987j -0.22928061+0.02079044j -0.23247145-0.01135152j
   0.24445402-0.06534873j -0.25430958+0.02554693j  0.2552609 -0.03838225j
  -0.25540884+0.0196989j   0.25538017-0.03847596j -0.22931002+0.02073147j
   0.26994089-0.04669296j]
 [ 0.24693146-0.03042458j  0.21808309+0.02312497j -0.25552101-0.07332415j
  -0.27108851+0.01855531j  0.23805468+0.09534415j  0.24332911-0.04649424j
  -0.24942963+0.03994745j -0.25992739-0.04237091j -0.22975648-0.04495622j
  -0.24846011+0.05439539j  0.23870416-0.02744039j  0.22853278+0.0491205j
  -0.25073748+0.05363128j -0.20834823-0.07858899j  0.29448925+0.03591553j
   0.22310294-0.01452768j]
 [ 0.23818418-0.04847221j -0.26769352+0.02231583j -0.21903675-0.04294191j
   0.26818842+0.0806541j   0.22790711+0.1033599j  -0.23940072-0.09434908j
  -0.22577901+0.02712026j  0.25441362-0.05819767j -0.27771191+0.02683754j
   0.22537679-0.04320548j  0.21425817+0.11381085j -0.23623889-0.08139273j
  -0.23201537-0.09570298j  0.23151927+0.08709627j  0.23458508-0.03348134j
  -0.24167536+0.03621473j]
 [ 0.23323409-0.04325792j  0.21820773-0.00345171j  0.25457995+0.05559008j
   0.24445817-0.03824295j -0.26889366-0.07206018j -0.25257247+0.01327924j
  -0.23144216+0.05542459j -0.26647454-0.02604786j -0.24746999-0.02154384j
  -0.27817276+0.02742392j -0.21390579+0.04650272j -0.23239385-0.05654533j
   0.25480948-0.04399806j  0.228307  +0.06712406j  0.24189721+0.03643129j
   0.26159169-0.02156555j]
 [ 0.23829302-0.04864231j -0.27778177+0.0268914j   0.22806273+0.10340465j
  -0.23209018-0.09559961j -0.21897568-0.04293072j  0.21424863+0.11375238j
  -0.22563792+0.02725709j  0.23452326-0.03361856j -0.26766431+0.02218947j
   0.22530321-0.04298196j -0.23940866-0.09441521j  0.23157596+0.08707661j
   0.268211  +0.0806234j  -0.2362565 -0.08126256j  0.2543611 -0.05827444j
  -0.24161215+0.03627695j]
 [ 0.22969545-0.05293375j  0.2682381 +0.01433983j -0.26671839+0.01029953j
  -0.23831215-0.01372781j -0.24100956+0.03828178j -0.25007813-0.03795887j
   0.27096806-0.00913178j  0.24609347+0.00601635j -0.26243936-0.02536928j
  -0.22077572+0.02551993j  0.23396608-0.00229207j  0.26111   -0.00998195j
   0.24970843+0.02341355j  0.25389918-0.02726584j -0.24336735-0.01274813j
  -0.23126784+0.05914483j]
 [ 0.25487505+0.00288154j -0.24315273+0.02106202j -0.2446944 +0.04275735j
   0.20104659-0.03745738j -0.2446646 +0.04275896j  0.24977157-0.03109675j
   0.28198995-0.0248508j  -0.24528549+0.00332609j -0.24314197+0.02102831j
   0.2427609 -0.06064539j  0.24977443-0.03118142j -0.26217712+0.01327613j
   0.20108377-0.03744042j -0.26208888+0.01325413j -0.24527198+0.0032359j
   0.28280816-0.03588583j]]

********* Summary *****************
Final fidelity error 0.020445138595596823
Final objective value 0.020459069978343465
Final penalized value 1.3931382746634746e-05
Final error 1.3931382746641051e-05
Final gradient [ 0.00341441  0.00356643  0.00355534 ...  0.00034585  0.00037805
 -0.00024205]
Number of iterations 469
Completed in 0:48:08.098959 HH:MM:SS.US
Final objective value with norm: 
0.020445138595596823
Final penalty of max controllers: 
2.7862765493282103e-06
