Final evolution
[[ 0.04422682+0.49241981j  0.05053537+0.49778953j  0.05053537+0.49778953j
   0.05217731+0.50214317j]
 [ 0.05188242+0.5023545j   0.15288318-0.47517482j -0.15613381+0.4758817j
  -0.05445298-0.4919121j ]
 [ 0.05188242+0.5023545j  -0.15613381+0.4758817j   0.15288318-0.47517482j
  -0.05445298-0.4919121j ]
 [ 0.05247242+0.49265577j -0.05532413-0.49657373j -0.05532413-0.49657373j
   0.05387149+0.50233689j]]

********* Summary *****************
Final fidelity error 0.016383294083576416
Final objective value 0.01638329504328989
Final penalized value 9.59713419845798e-10
Final error 9.597134758824454e-10
Final gradient [-3.43623638e-04 -3.43623640e-04  4.07027273e-04  4.07027273e-04
 -2.71486082e-04 -2.71486085e-04  3.03870873e-04  3.03870872e-04
 -1.92633853e-04 -1.92633855e-04  1.87482941e-04  1.87482940e-04
 -1.19354113e-04 -1.19354116e-04  7.73361073e-05  7.73361064e-05
 -6.19834602e-05 -6.19834624e-05 -9.53797077e-06 -9.53797178e-06
 -2.66026700e-05 -2.66026720e-05 -6.23668110e-05 -6.23668121e-05
 -1.31616832e-05 -1.31616850e-05 -7.91936416e-05 -7.91936427e-05
 -1.53762293e-05 -1.53762309e-05 -6.67711526e-05 -6.67711537e-05
 -2.28794063e-05 -2.28794077e-05 -3.79911544e-05 -3.79911555e-05
 -2.46025905e-05 -2.46025917e-05 -8.07847355e-06 -8.07847461e-06
 -1.19698332e-05 -1.19698341e-05  9.03422410e-06  9.03422313e-06
  1.89930358e-05  1.89930352e-05  3.45018343e-06  3.45018259e-06
  6.70212077e-05  6.70212072e-05 -2.86704247e-05 -2.86704253e-05
  1.26036242e-04  1.26036242e-04 -8.41490891e-05 -8.41490896e-05
  1.86766651e-04  1.86766651e-04 -1.53201714e-04 -1.53201715e-04
  2.39257498e-04  2.39257498e-04 -2.22004215e-04 -2.22004215e-04
  2.75787879e-04  2.75787880e-04 -2.76899033e-04 -2.76899032e-04
  2.92861833e-04  2.92861833e-04 -3.08592275e-04 -3.08592274e-04
  2.91385975e-04  2.91385976e-04 -3.14181511e-04 -3.14181510e-04
  2.75178983e-04  2.75178983e-04 -2.96364064e-04 -2.96364063e-04
  2.48805560e-04  2.48805560e-04 -2.61037277e-04 -2.61037276e-04
  2.15900261e-04  2.15900261e-04 -2.14879125e-04 -2.14879124e-04
  1.78494760e-04  1.78494760e-04 -1.63898377e-04 -1.63898376e-04
  1.37458254e-04  1.37458255e-04 -1.12951710e-04 -1.12951709e-04
  9.37579127e-05  9.37579131e-05 -6.59353853e-05 -6.59353841e-05
  5.01002381e-05  5.01002386e-05 -2.62778203e-05 -2.62778190e-05
  1.19671991e-05  1.19671996e-05  2.40839266e-06  2.40839389e-06
 -1.29288516e-05 -1.29288510e-05  1.61390084e-05  1.61390096e-05
 -1.74466314e-05 -1.74466306e-05  1.14419485e-05  1.14419497e-05
  1.20826546e-06  1.20826622e-06 -1.24294332e-05 -1.24294319e-05
  3.91032274e-05  3.91032282e-05 -5.15499399e-05 -5.15499386e-05
  8.64076371e-05  8.64076378e-05 -9.74015951e-05 -9.74015938e-05
  1.30571660e-04  1.30571660e-04 -1.39243992e-04 -1.39243991e-04
  1.59901441e-04  1.59901442e-04 -1.67130010e-04 -1.67130008e-04
  1.66180632e-04  1.66180633e-04 -1.74103795e-04 -1.74103794e-04
  1.46006831e-04  1.46006831e-04 -1.57102844e-04 -1.57102842e-04
  1.00677719e-04  1.00677719e-04 -1.16813908e-04 -1.16813906e-04
  3.47298758e-05  3.47298762e-05 -5.66952706e-05 -5.66952695e-05
 -4.63493126e-05 -4.63493123e-05  1.84392001e-05  1.84392009e-05
 -1.37907899e-04 -1.37907899e-04  1.03792732e-04  1.03792732e-04
 -2.36347003e-04 -2.36347003e-04  1.95102071e-04  1.95102071e-04
 -3.37676262e-04 -3.37676262e-04  2.88055884e-04  2.88055884e-04
 -4.35556333e-04 -4.35556333e-04  3.77179238e-04  3.77179237e-04
 -5.20436365e-04 -5.20436365e-04  4.54977051e-04  4.54977050e-04
 -5.80538139e-04 -5.80538139e-04  5.12236049e-04  5.12236048e-04
 -6.04887127e-04 -6.04887128e-04  5.39642854e-04  5.39642853e-04
 -5.87125963e-04 -5.87125963e-04  5.30529491e-04  5.30529490e-04
 -5.28228188e-04 -5.28228189e-04  4.83393870e-04  4.83393868e-04
 -4.36483187e-04 -4.36483187e-04  4.02660781e-04  4.02660778e-04
 -3.24581773e-04 -3.24581774e-04  2.97225688e-04  2.97225686e-04
 -2.05389357e-04 -2.05389357e-04  1.77728056e-04  1.77728054e-04
 -8.87230216e-05 -8.87230217e-05  5.40759982e-05  5.40759956e-05
  1.97019370e-05  1.97019369e-05 -6.56125351e-05 -6.56125377e-05
  1.17420627e-04  1.17420627e-04 -1.74837553e-04 -1.74837555e-04
  2.03592323e-04  2.03592323e-04 -2.68041643e-04 -2.68041645e-04
  2.77090044e-04  2.77090044e-04 -3.40185124e-04 -3.40185125e-04
  3.34777717e-04  3.34777716e-04 -3.86714674e-04 -3.86714674e-04
  3.70959949e-04  3.70959949e-04 -4.04162273e-04 -4.04162273e-04
  3.79188230e-04  3.79188230e-04 -3.91288730e-04 -3.91288730e-04
  3.55584393e-04  3.55584393e-04 -3.50244061e-04 -3.50244060e-04
  3.01389909e-04  3.01389909e-04 -2.86699409e-04 -2.86699408e-04
  2.23160521e-04  2.23160521e-04 -2.08681492e-04 -2.08681491e-04
  1.31040000e-04  1.31040000e-04 -1.24739787e-04 -1.24739785e-04
  3.63848088e-05  3.63848090e-05 -4.23187353e-05 -4.23187339e-05
 -5.04109551e-05 -5.04109549e-05  3.31399003e-05  3.31399016e-05
 -1.21549787e-04 -1.21549787e-04  9.83053485e-05  9.83053496e-05
 -1.72700156e-04 -1.72700156e-04  1.51553580e-04  1.51553581e-04
 -2.03101540e-04 -2.03101540e-04  1.92281365e-04  1.92281366e-04
 -2.14891513e-04 -2.14891513e-04  2.20385255e-04  2.20385255e-04
 -2.12098255e-04 -2.12098255e-04  2.36044320e-04  2.36044320e-04
 -1.99609660e-04 -1.99609660e-04  2.39928912e-04  2.39928913e-04
 -1.82384956e-04 -1.82384956e-04  2.33566633e-04  2.33566633e-04
 -1.64940197e-04 -1.64940197e-04  2.19517430e-04  2.19517431e-04
 -1.51131094e-04 -1.51131095e-04  2.01214842e-04  2.01214843e-04
 -1.44244847e-04 -1.44244848e-04  1.82793959e-04  1.82793960e-04
 -1.47365926e-04 -1.47365927e-04  1.69108264e-04  1.69108265e-04
 -1.63196727e-04 -1.63196728e-04  1.65652335e-04  1.65652336e-04
 -1.92335823e-04 -1.92335824e-04  1.76921858e-04  1.76921858e-04
 -2.29451559e-04 -2.29451560e-04  2.02410477e-04  2.02410477e-04
 -2.52703294e-04 -2.52703294e-04  2.39391074e-04  2.39391074e-04]
Number of iterations 448
Completed in 0:01:56.761060 HH:MM:SS.US
Final objective value with norm: 
0.016383294083576416
Final penalty of max controllers: 
1.9194269517648907e-13
