Final evolution
[[-0.069914  +0.26901881j -0.0369944 +0.26889301j -0.09691165+0.25671862j
  -0.16154985+0.21243607j -0.10692903+0.2752778j  -0.15101225+0.13996488j
  -0.10533747+0.27278959j -0.0527924 +0.24710959j -0.03682904+0.24414319j
  -0.11296864+0.23380066j -0.09987282+0.14791956j -0.00815287+0.16205816j
  -0.07976841+0.31254772j -0.05340944+0.17195501j -0.07374836+0.14052973j
  -0.10732007+0.25264999j]
 [-0.02295017+0.27447295j  0.10305806-0.22421779j -0.14720006+0.15573781j
   0.09598393-0.24005741j -0.1113416 +0.2238262j   0.1766853 -0.21974596j
  -0.0732839 +0.25543958j  0.13479401-0.28490443j -0.07339822+0.18871862j
   0.11692705-0.33512347j -0.08079277+0.19990863j  0.04941524-0.14141595j
  -0.02872212+0.24107557j  0.11071366-0.17684807j -0.14015343+0.16938081j
   0.06361397-0.21852245j]
 [-0.06740924+0.22194859j -0.12984698+0.16481682j  0.08808888-0.15247821j
   0.13914676-0.23668343j  0.00731104+0.22127039j -0.10901513+0.15389472j
   0.19007755-0.22020283j  0.04923142-0.27061638j -0.07344731+0.28883878j
  -0.10966936+0.21056464j  0.11380034-0.20191663j  0.13133837-0.23741571j
  -0.15522662+0.16729766j -0.05915158+0.27959489j  0.12147209-0.27440673j
   0.08727857-0.21672591j]
 [-0.13405585+0.17567909j  0.09735846-0.2247241j   0.16842536-0.17937777j
  -0.08003293+0.16063544j  0.01350777+0.14670672j  0.09898781-0.25212808j
   0.15204802-0.28191206j -0.11712068+0.20655116j -0.08243624+0.22185452j
   0.15459929-0.27523246j  0.12590744-0.19175883j -0.094103  +0.24222436j
  -0.10257655+0.24142505j  0.10037359-0.14605416j  0.12050056-0.24049327j
  -0.09713549+0.29420932j]
 [-0.08911937+0.23600914j -0.05088794+0.21092714j -0.07728152+0.20793615j
  -0.07197478+0.22257907j  0.07879688-0.28907029j  0.07087637-0.31492546j
   0.12872475-0.20420569j  0.09565012-0.2052501j  -0.08728738+0.16138331j
  -0.03701972+0.31687931j -0.09486114+0.25887977j -0.07790537+0.2611255j
   0.08493383-0.13156154j  0.08654382-0.25270757j  0.01231335-0.20263307j
   0.07968648-0.22950518j]
 [-0.06526884+0.19913225j  0.09156613-0.2034016j  -0.15575749+0.27796355j
   0.06723493-0.24495042j  0.09392041-0.30685788j -0.0444223 +0.2596381j
   0.08311481-0.17649509j -0.12202406+0.19500739j -0.14751842+0.23061029j
   0.01562041-0.19899583j -0.05903193+0.31709191j  0.05488349-0.19808667j
   0.1404275 -0.22577675j -0.09723803+0.19037117j  0.0456088 -0.17614072j
  -0.03702465+0.25495739j]
 [-0.08738505+0.27947686j -0.03249806+0.25555239j  0.08866236-0.19228466j
   0.13497308-0.22864658j  0.07062752-0.20749028j  0.13789171-0.24449551j
  -0.08509604+0.21427697j -0.10620186+0.18718887j -0.14719917+0.12418618j
  -0.07500662+0.18775238j  0.20212329-0.26372459j  0.1255903 -0.25199249j
   0.13818269-0.17730979j  0.10984097-0.23722355j -0.06724244+0.2444542j
  -0.06892491+0.22518261j]
 [-0.04311792+0.25854824j  0.06050759-0.18929764j  0.08532661-0.19742341j
  -0.10553775+0.26619986j  0.12531129-0.2186098j  -0.08691147+0.30423627j
  -0.08042743+0.19749061j  0.00714903-0.21004286j -0.17865909+0.25045302j
   0.04453922-0.15224374j  0.07553528-0.26264619j -0.18629401+0.25921196j
   0.10692074-0.19338447j -0.05128852+0.20938097j -0.08772745+0.24244519j
   0.03588188-0.22547416j]
 [-0.13451099+0.23667547j -0.09620875+0.11607034j -0.14188762+0.2683684j
  -0.12756514+0.22464378j -0.10242672+0.18698865j -0.06806239+0.19426028j
  -0.03635662+0.11729071j -0.14172322+0.21448567j  0.11121408-0.18143264j
   0.11660418-0.21652481j  0.11947463-0.26207027j  0.12617742-0.195078j
   0.10938551-0.2089127j   0.11575626-0.24783986j  0.17063963-0.27179956j
   0.08994176-0.30176871j]
 [-0.04798437+0.18024737j  0.14737703-0.2267555j  -0.10235844+0.20501965j
   0.11191231-0.21088487j -0.06227637+0.22048767j  0.0700774 -0.1583821j
  -0.15781697+0.16486952j  0.0674424 -0.25818861j  0.12803116-0.21872735j
  -0.08784879+0.22016658j  0.05444104-0.24383098j -0.09793138+0.29290452j
   0.15061354-0.26993295j -0.03957657+0.20752949j  0.07803207-0.26748302j
  -0.12013628+0.25748607j]
 [-0.08167548+0.27907984j -0.1192384 +0.2992652j   0.04378419-0.20364892j
   0.02186206-0.20459323j -0.0908803 +0.27449943j -0.09845512+0.25462084j
   0.13387093-0.29751977j  0.08471186-0.13513266j  0.09439308-0.21073444j
   0.04627838-0.20743291j -0.07575554+0.20699775j -0.12397078+0.22336318j
   0.01834556-0.27391279j  0.10715159-0.16884603j -0.0608512 +0.26606895j
  -0.02151988+0.18242594j]
 [-0.09681395+0.27168681j  0.1329545 -0.28791422j  0.04079095-0.2308255j
  -0.0751517 +0.24461284j -0.08132311+0.23620487j  0.10911744-0.25876138j
   0.03904245-0.20554927j -0.16056576+0.20587429j  0.05730291-0.18392792j
  -0.0904355 +0.20878985j -0.12700582+0.2030833j   0.07765569-0.25074981j
   0.06704756-0.19227012j -0.09094719+0.29419021j -0.04877945+0.21610272j
   0.06161686-0.19565449j]
 [-0.05365587+0.15143066j -0.12453781+0.15621114j -0.17901944+0.26557692j
  -0.09044526+0.24835999j  0.09738381-0.2326387j   0.07508046-0.18565668j
   0.13108984-0.19503314j  0.13246239-0.27574012j  0.13752521-0.23019229j
   0.12658081-0.2066859j   0.0929496 -0.23942361j  0.09402721-0.21953805j
  -0.15238437+0.13066544j -0.09561623+0.28298698j -0.0723593 +0.23446564j
  -0.06638492+0.24808184j]
 [-0.14187075+0.13403598j  0.11462701-0.29563099j -0.08526097+0.25915052j
   0.16908867-0.2206549j   0.08270249-0.14991181j -0.09870965+0.19479476j
   0.161043  -0.20539903j -0.07315126+0.21097267j  0.11723835-0.19054536j
  -0.1247039 +0.25578702j  0.09319827-0.21535824j -0.07631173+0.18177033j
  -0.18746013+0.26427909j  0.04028432-0.21392718j -0.10700324+0.28805878j
   0.08359927-0.18954619j]
 [-0.06223876+0.25457529j -0.06127672+0.2320836j   0.11458968-0.1687987j
   0.08889208-0.23052723j  0.11390888-0.26163012j  0.04856287-0.16312755j
  -0.01133104+0.27633732j -0.11816639+0.21751799j  0.20691006-0.27064017j
   0.09120579-0.20738417j  0.0171312 +0.18365898j -0.11744528+0.22565826j
  -0.11180521+0.19095357j -0.15959415+0.28445057j  0.10411909-0.18457904j
   0.11619855-0.20733315j]
 [-0.04352768+0.26666494j  0.02690281-0.24439556j  0.08927544-0.27532551j
  -0.10014715+0.18119296j -0.04659696-0.23411081j -0.10811738+0.24992982j
  -0.03095187+0.20862971j  0.04999795-0.26827554j  0.12269412-0.24461855j
  -0.11331186+0.15941645j -0.01988635+0.20829353j  0.00449189-0.26124293j
  -0.13523113+0.20253511j  0.06765971-0.27797178j  0.08732579-0.21821352j
  -0.10750465+0.23805255j]]

********* Summary *****************
Final fidelity error 0.02982318515961868
Final objective value 0.029893363197190888
Final penalized error 7.018677710941278e-05
Final gradient 0.07660264145042214
Number of iterations 305
Terminated due to function converged
Completed in 0:01:39.829739 HH:MM:SS.US
Final objective value with norm: 
0.02982318515961868
Final penalty of max controllers: 
2.339559236980426e-05
