Final evolution
[[-0.07747787+0.26743939j -0.04917493+0.23932768j -0.07210305+0.21570213j
  -0.10849019+0.28601475j -0.10768803+0.25690381j -0.17424567+0.15534453j
  -0.11589385+0.24345704j -0.01713618+0.24174462j -0.02765694+0.20169923j
  -0.07124406+0.2764701j  -0.15536442+0.18175416j -0.07536841+0.11505134j
  -0.02231525+0.30026796j -0.1059631 +0.14851718j -0.13271308+0.18727687j
  -0.0880994 +0.26553719j]
 [-0.0163281 +0.255551j    0.14637111-0.18036809j -0.16733187+0.17873095j
   0.05771835-0.21452069j -0.12534524+0.23925202j  0.183592  -0.22562981j
  -0.08014613+0.25441661j  0.08643285-0.25968368j -0.09724848+0.20056933j
   0.04260799-0.30888654j -0.11024759+0.18519671j  0.12308226-0.14994347j
  -0.05804763+0.18486153j  0.12521456-0.22651643j -0.14467157+0.22733234j
   0.10181793-0.22146038j]
 [-0.06784107+0.23402454j -0.12190635+0.22887887j  0.11890771-0.15209526j
   0.115535  -0.21970848j -0.01446299+0.24226475j -0.15335705+0.16612667j
   0.1349006 -0.24263034j  0.1054449 -0.23229461j -0.07855466+0.31241003j
  -0.10410325+0.18073796j  0.06621528-0.20292361j  0.13595326-0.2049873j
  -0.10819661+0.23596562j -0.00734078+0.20680628j  0.13191798-0.26401228j
   0.08244182-0.25470719j]
 [-0.13924859+0.22561935j  0.08822722-0.24699508j  0.14001534-0.18559114j
  -0.10831326+0.17399351j  0.03038525+0.14921223j  0.10856519-0.2558383j
   0.11757465-0.23689109j -0.12079742+0.2342763j  -0.0538205 +0.24966015j
   0.16291323-0.24025432j  0.08268219-0.14634557j -0.0737479 +0.24532031j
  -0.01198789+0.25146951j  0.15871458-0.16969954j  0.1411198 -0.24771495j
  -0.06835701+0.27987954j]
 [-0.09505223+0.21148139j -0.08331829+0.19417972j -0.13302497+0.22621433j
  -0.09140311+0.21891296j  0.0538797 -0.32248663j  0.08590959-0.25326182j
   0.1168284 -0.19199788j  0.07860348-0.22194834j -0.09742579+0.18135597j
   0.01673278+0.33097536j -0.06139661+0.24228382j -0.09693807+0.25927989j
   0.13012164-0.18350917j  0.08049504-0.23501373j  0.06363359-0.14496983j
   0.08379401-0.23741769j]
 [-0.11026867+0.15609432j  0.11061748-0.2270662j  -0.16883607+0.32093388j
   0.06628014-0.24275146j  0.06423559-0.24008771j -0.05721653+0.26779494j
   0.07231681-0.20708263j -0.11135574+0.1916234j  -0.13528089+0.2718792j
   0.01195978-0.19267843j -0.09773072+0.24927189j  0.07125663-0.22512435j
   0.14032499-0.22447359j -0.13617655+0.227534j    0.06926551-0.15335203j
  -0.03668309+0.20946814j]
 [-0.04747   +0.29741197j -0.03843724+0.25197682j  0.14434185-0.1384264j
   0.13614078-0.24000648j  0.0603331 -0.22243686j  0.12135598-0.19753713j
  -0.08964418+0.2115289j  -0.14274138+0.22384828j -0.14087193+0.11512279j
  -0.09382451+0.20685872j  0.15046425-0.28390893j  0.13945128-0.2439091j
   0.14521718-0.21560036j  0.11796114-0.21298216j -0.02541219+0.22481105j
  -0.06878067+0.22004733j]
 [-0.03826383+0.23462916j  0.0358308 -0.23653016j  0.0978792 -0.24866045j
  -0.11237835+0.20287909j  0.0525741 -0.20316246j -0.09891475+0.29900627j
  -0.09865989+0.22188286j -0.0165329 -0.23045317j -0.14899074+0.26285437j
   0.01967371-0.17214866j  0.04885893-0.26792656j -0.16512617+0.26392149j
   0.09785857-0.19929721j -0.1104284 +0.19541439j -0.04735231+0.25242534j
   0.02482974-0.21637398j]
 [-0.15944762+0.20643036j -0.07075425+0.12403828j -0.12160027+0.25701619j
  -0.16486559+0.24535006j -0.07942388+0.20597767j -0.07177197+0.2487913j
  -0.00394855+0.19635625j -0.12880378+0.19462596j  0.11373625-0.23650182j
   0.11804583-0.19630534j  0.09235153-0.24098773j  0.0537711 -0.19729025j
   0.11176134-0.20944839j  0.12017933-0.22097376j  0.18200432-0.25802017j
   0.12160164-0.26579835j]
 [-0.04889778+0.21084934j  0.16511364-0.19073757j -0.1192079 +0.19174781j
   0.08337191-0.23012068j -0.10114575+0.28055519j  0.02460754-0.16992076j
  -0.09295373+0.12796724j  0.10271566-0.29049018j  0.09767892-0.22879324j
  -0.15613198+0.20757907j  0.0334856 -0.24000555j -0.09291234+0.27967628j
   0.14105853-0.23841461j -0.06246045+0.19855007j  0.08582277-0.23421049j
  -0.12023504+0.26188633j]
 [-0.09933514+0.23481507j -0.16432866+0.27155392j  0.06815694-0.2223286j
   0.00366935-0.21044577j -0.09841344+0.23111157j -0.13610981+0.21083539j
   0.16273692-0.29482415j -0.00244662-0.1399078j   0.07307326-0.1950225j
   0.0315591 -0.25619759j -0.0978072 +0.25653319j -0.15550635+0.17256179j
   0.02608725-0.27747114j  0.08926976-0.19962867j -0.06113588+0.26562354j
  -0.04307543+0.18928903j]
 [-0.11720235+0.23725919j  0.15091265-0.25521478j  0.04401475-0.26834898j
  -0.06782651+0.25261129j -0.09235823+0.19678157j  0.09643419-0.24581362j
   0.04097194-0.2567069j  -0.09882487+0.16991616j  0.04600832-0.21882612j
  -0.0530108 +0.23012466j -0.09442698+0.17074077j  0.12967487-0.27385766j
   0.09478318-0.18964446j -0.08670494+0.29193768j -0.05640324+0.19979721j
   0.06186723-0.23714038j]
 [-0.0229614 +0.18508361j -0.08191139+0.19230951j -0.14421618+0.24160164j
  -0.13616995+0.22692271j  0.13793062-0.21568119j  0.06186703-0.18851708j
   0.13756605-0.20476661j  0.12195737-0.27707055j  0.13583034-0.15968915j
   0.12630473-0.25069337j  0.06728817-0.30121275j  0.07461322-0.21727207j
  -0.15645571+0.13485049j -0.06450882+0.27158818j -0.04482673+0.24439038j
  -0.04515125+0.24448456j]
 [-0.10404917+0.17873394j  0.10132099-0.28226142j -0.10046144+0.21596419j
   0.15974595-0.22172j     0.05603951-0.17099049j -0.10788291+0.20653255j
   0.13784223-0.22348138j -0.0615624 +0.22148724j  0.18651168-0.19535441j
  -0.05266903+0.24391832j  0.06744679-0.22498797j -0.08241697+0.20619076j
  -0.19058077+0.265986j    0.06309476-0.20053195j -0.1006523 +0.28185199j
   0.0766344 -0.20251319j]
 [-0.10195705+0.26342971j -0.08713097+0.22032825j  0.07030863-0.11252691j
   0.06864564-0.27340185j  0.16215703-0.20905706j  0.02438575-0.2353872j
  -0.05626565+0.26910214j -0.14502565+0.19765265j  0.15761708-0.21333691j
   0.11828372-0.20946105j -0.06547337+0.20712215j -0.12492645+0.21221481j
  -0.09896271+0.15953089j -0.15296157+0.33103774j  0.09092548-0.18123468j
   0.10162716-0.22272658j]
 [-0.1027987 +0.26813708j  0.05983969-0.23158127j  0.10723837-0.24570961j
  -0.0248638 +0.13832233j  0.02252662-0.291684j   -0.08040453+0.21847903j
  -0.02556287+0.21946157j  0.09123755-0.28782666j  0.1299397 -0.22936314j
  -0.0708502 +0.13599523j -0.01610324+0.27265622j  0.0888634 -0.25303355j
  -0.17510083+0.17922732j  0.01798389-0.2421711j   0.12049807-0.22257864j
  -0.10547351+0.22904384j]]

********* Summary *****************
Final fidelity error 0.02963533370894056
Final objective value 0.030909874057065218
Final penalized error 0.001274547910147776
Final gradient 0.08369241724512272
Number of iterations 289
Terminated due to function converged
Completed in 0:01:08.046959 HH:MM:SS.US
Final objective value with norm: 
0.02963533370894056
Final penalty of max controllers: 
0.012745479101477759
