Final evolution
[[ 0.00038547+0.50732565j  0.00263444+0.49706217j  0.00297777+0.49922877j
  -0.00768186+0.49623134j]
 [ 0.00409352+0.50079757j -0.00238203-0.49829402j  0.00328201+0.49246884j
   0.00346611-0.50826577j]
 [ 0.00623531+0.49138399j  0.00076047+0.50417385j -0.00498624-0.5049286j
   0.00563763-0.49930102j]
 [-0.00036669+0.50030824j  0.00192226-0.50042393j -0.00291751-0.50322874j
  -0.01157946+0.49586486j]]

********* Summary *****************
Final fidelity error 8.907849815298352e-05
Final objective value 9.407017906339199e-05
Final penalized error 4.992924260942106e-06
Final gradient 0.06399382951309036
Number of iterations 0
Terminated due to Goal achieved
Completed in 0:00:00.571599 HH:MM:SS.US
Final objective value with norm: 
8.907849815298352e-05
Final penalty of max controllers: 
9.985848521884212e-07
