Final evolution
[[-0.06288498+0.25897376j -0.03978595+0.26523556j -0.07627799+0.24306418j
  -0.15525624+0.24582847j -0.10233126+0.27786887j -0.1581975 +0.14283165j
  -0.10061993+0.26529868j -0.03604016+0.24582789j -0.03455165+0.23757125j
  -0.10991969+0.25185734j -0.12918499+0.14785004j -0.01086393+0.13877191j
  -0.05849114+0.31641247j -0.06539827+0.15645186j -0.10313219+0.14914331j
  -0.10154714+0.25633189j]
 [-0.01831232+0.26171017j  0.10746908-0.2112682j  -0.15974398+0.16378948j
   0.07132663-0.24560192j -0.1104396 +0.23051696j  0.18328402-0.22289682j
  -0.06349654+0.26236723j  0.11182477-0.27452221j -0.07867629+0.2015985j
   0.10133097-0.34112123j -0.07873542+0.19672432j  0.07293322-0.12547863j
  -0.03363553+0.22593902j  0.12092611-0.19059582j -0.14980286+0.1830837j
   0.08100057-0.20690656j]
 [-0.06479672+0.23045202j -0.12758111+0.18109022j  0.09918469-0.13762859j
   0.13069392-0.23582737j  0.00207119+0.21766185j -0.12692866+0.16198346j
   0.19081055-0.23366127j  0.05168646-0.26671883j -0.0700113 +0.2923246j
  -0.09366395+0.18837294j  0.0958722 -0.21496839j  0.13880221-0.22743053j
  -0.14776068+0.19885616j -0.02871061+0.26450981j  0.11366317-0.26383771j
   0.08499796-0.2338239j ]
 [-0.13677959+0.19451939j  0.09324825-0.23238671j  0.17220578-0.17817364j
  -0.08663516+0.16346302j  0.01007171+0.14091888j  0.10302938-0.25362344j
   0.14543726-0.28274586j -0.12002957+0.21313964j -0.06280749+0.21709389j
   0.15606029-0.25484319j  0.11674589-0.17063925j -0.08779968+0.26196639j
  -0.07211595+0.24872146j  0.11565263-0.14675868j  0.13205324-0.2380153j
  -0.07788594+0.29615324j]
 [-0.08720673+0.22694536j -0.06010829+0.21046591j -0.09481072+0.20107897j
  -0.06753146+0.22271844j  0.06176462-0.29937862j  0.08026325-0.29216518j
   0.11405758-0.20805829j  0.09293247-0.21664721j -0.09372508+0.1692365j
  -0.02578208+0.32824686j -0.09209253+0.26221701j -0.08359989+0.2567447j
   0.10871884-0.13774511j  0.08536449-0.25280314j  0.02598313-0.17968901j
   0.0788017 -0.23481147j]
 [-0.0816106 +0.18418215j  0.09570627-0.20341569j -0.16566785+0.29870725j
   0.05395711-0.23726384j  0.08698146-0.27821579j -0.05312452+0.26686876j
   0.0811013 -0.18604108j -0.12247946+0.20046914j -0.15055824+0.25141268j
   0.00723061-0.20045237j -0.06910077+0.29547084j  0.0666153 -0.19352909j
   0.15301486-0.22947713j -0.11397203+0.19658414j  0.04994441-0.16942149j
  -0.035293  +0.2395462j ]
 [-0.08216952+0.28555068j -0.03576878+0.24570869j  0.09967703-0.17620328j
   0.13275462-0.23762056j  0.06169025-0.21086318j  0.12576164-0.2267468j
  -0.07872081+0.20973958j -0.12365387+0.20321718j -0.15727671+0.12383057j
  -0.07085144+0.19720196j  0.19670071-0.27750256j  0.12451622-0.25114256j
   0.1455414 -0.18164231j  0.11557543-0.23423367j -0.05412393+0.23944266j
  -0.05488499+0.22087113j]
 [-0.04258178+0.24199067j  0.05870951-0.20193302j  0.085817  -0.20844999j
  -0.09964122+0.26185217j  0.10139366-0.21363891j -0.08890855+0.30655889j
  -0.09504571+0.20162255j -0.00931304-0.21380069j -0.16627065+0.26461284j
   0.0319271 -0.15831342j  0.06835918-0.26521922j -0.184937  +0.2630627j
   0.11320888-0.18472079j -0.06025697+0.19933795j -0.07247025+0.24870615j
   0.02523442-0.22932569j]
 [-0.15698724+0.21369226j -0.08582433+0.11237655j -0.13645956+0.27120646j
  -0.134734  +0.24346786j -0.09688379+0.1946805j  -0.05981288+0.20936358j
  -0.01598827+0.1447637j  -0.13432057+0.2095601j   0.11405574-0.19486473j
   0.13166289-0.19827455j  0.12033605-0.25358529j  0.10644683-0.18411238j
   0.11231228-0.19978058j  0.13318538-0.24669568j  0.16554771-0.27307899j
   0.1022775 -0.29499036j]
 [-0.05042829+0.19468421j  0.15653116-0.19887288j -0.10586525+0.20732154j
   0.09644894-0.22118261j -0.05428417+0.24918016j  0.05604961-0.15143279j
  -0.14188699+0.15517647j  0.07714494-0.27729933j  0.12512998-0.20865201j
  -0.11357555+0.22009393j  0.04511885-0.24401608j -0.11614178+0.28108721j
   0.16346668-0.26041365j -0.04746753+0.20628817j  0.0824503 -0.25328698j
  -0.11277905+0.25940595j]
 [-0.08685538+0.26616556j -0.14555862+0.29959287j  0.04552764-0.21073808j
   0.00551747-0.19780331j -0.101323  +0.26209408j -0.11555117+0.24809431j
   0.13630362-0.2878514j   0.05603073-0.13164601j  0.08086855-0.20871698j
   0.04030094-0.2252507j  -0.06927779+0.22418781j -0.12630723+0.21052946j
   0.0220186 -0.28075526j  0.1006157 -0.1683966j  -0.06010222+0.2771346j
  -0.01951831+0.18130858j]
 [-0.11664175+0.26760359j  0.13818634-0.28135943j  0.02587565-0.23655262j
  -0.06984656+0.24128932j -0.0918391 +0.2268031j   0.1093385 -0.25613955j
   0.03548424-0.21517436j -0.14506786+0.18159799j  0.04415877-0.19590726j
  -0.0746086 +0.21191966j -0.12175608+0.18811035j  0.0937559 -0.26795274j
   0.06797697-0.18784836j -0.10033122+0.29809857j -0.04726332+0.21529001j
   0.06018271-0.21244548j]
 [-0.04455686+0.16192989j -0.10743383+0.16071821j -0.1861895 +0.26184465j
  -0.10083772+0.24771796j  0.1056115 -0.24741743j  0.06803322-0.18138379j
   0.125258  -0.19127456j  0.12460517-0.27888938j  0.14185737-0.20658021j
   0.13818598-0.21718956j  0.08235726-0.26073652j  0.09652782-0.21075023j
  -0.15295288+0.12535526j -0.07618345+0.26626351j -0.073567  +0.23733484j
  -0.06062799+0.25571651j]
 [-0.12487735+0.13779786j  0.11586302-0.29412011j -0.10337892+0.25145128j
   0.16868075-0.21838325j  0.06544044-0.15307151j -0.10758921+0.20177194j
   0.14544361-0.21381054j -0.05969302+0.21546225j  0.14006925-0.19282394j
  -0.10152525+0.25748474j  0.08659809-0.20148819j -0.07867273+0.20165738j
  -0.18171897+0.26143675j  0.04263155-0.21072243j -0.11562093+0.29396687j
   0.08506619-0.18867706j]
 [-0.07894979+0.27385958j -0.06741523+0.23384525j  0.10239405-0.13808084j
   0.07752408-0.23619565j  0.1341888 -0.25738264j  0.04588991-0.16852322j
  -0.03236872+0.27843366j -0.12765722+0.21160458j  0.20695663-0.24859726j
   0.09529385-0.19945129j -0.00315309+0.19416228j -0.12872986+0.21700949j
  -0.10353884+0.18379447j -0.16795193+0.29714979j  0.1073138 -0.17708056j
   0.11236446-0.20594416j]
 [-0.0517287 +0.27728066j  0.04422515-0.25309164j  0.09339954-0.2641807j
  -0.07883777+0.15356677j -0.0297794 -0.24628895j -0.11129982+0.24574634j
  -0.03368688+0.20949728j  0.06546539-0.27506744j  0.12248754-0.2307087j
  -0.10552755+0.14820332j -0.02104894+0.22742347j  0.02716059-0.26809152j
  -0.14627959+0.1876272j   0.04637063-0.27888841j  0.10118834-0.21550584j
  -0.11255938+0.23416275j]]

********* Summary *****************
Final fidelity error 0.03032209686584353
Final objective value 0.03056778456148141
Final penalized error 0.0002456966199854773
Final gradient 0.0819441652770718
Number of iterations 113
Terminated due to function converged
Completed in 0:00:51.209990 HH:MM:SS.US
Final objective value with norm: 
0.03032209686584353
Final penalty of max controllers: 
0.0003275954933139697
