Final evolution
[[ 0.0522602 +0.4969484j   0.0520561 +0.49737911j  0.0520561 +0.49737911j
   0.05225   +0.49738262j]
 [ 0.05223452+0.49743036j  0.15458668-0.47548618j -0.15443031+0.47557034j
  -0.05229071-0.4970918j ]
 [ 0.05223452+0.49743036j -0.15443031+0.47557034j  0.15458668-0.47548618j
  -0.05229071-0.4970918j ]
 [ 0.05236349+0.49723073j -0.05225496-0.49716556j -0.05225496-0.49716556j
   0.05262443+0.49743541j]]

********* Summary *****************
Final fidelity error 0.01634385672950167
Final objective value 0.016343856866968685
Final penalized value 1.3746703775296965e-10
Final error 1.3746701342631415e-10
Final gradient [-1.26731446e-05 -1.26731446e-05  3.11451234e-05  3.11451231e-05
 -5.89350015e-06 -5.89350019e-06  2.34657292e-05  2.34657289e-05
  1.67139675e-06  1.67139666e-06  1.46640045e-05  1.46640042e-05
  9.14445144e-06  9.14445130e-06  5.76805234e-06  5.76805214e-06
  1.55407234e-05  1.55407232e-05 -2.06262914e-06 -2.06262928e-06
  2.00026790e-05  2.00026788e-05 -7.70675730e-06 -7.70675737e-06
  2.20268195e-05  2.20268193e-05 -1.03622261e-05 -1.03622262e-05
  2.15867219e-05  2.15867217e-05 -9.76861300e-06 -9.76861296e-06
  1.91113390e-05  1.91113387e-05 -6.26318821e-06 -6.26318814e-06
  1.53490197e-05  1.53490195e-05 -6.76014066e-07 -6.76013980e-07
  1.11838639e-05  1.11838638e-05  5.86257240e-06  5.86257248e-06
  7.45600502e-06  7.45600494e-06  1.21358801e-05  1.21358801e-05
  4.80468806e-06  4.80468804e-06  1.70511971e-05  1.70511972e-05
  3.54535616e-06  3.54535621e-06  1.98402748e-05  1.98402748e-05
  3.61737110e-06  3.61737121e-06  2.02174942e-05  2.02174941e-05
  4.65324557e-06  4.65324574e-06  1.84249749e-05  1.84249748e-05
  6.16916762e-06  6.16916783e-06  1.51109076e-05  1.51109075e-05
  7.78401781e-06  7.78401804e-06  1.10826172e-05  1.10826172e-05
  9.34354029e-06  9.34354052e-06  7.06655199e-06  7.06655197e-06
  1.09010457e-05  1.09010459e-05  3.59008467e-06  3.59008471e-06
  1.26003936e-05  1.26003937e-05  9.91757631e-07  9.91757731e-07
  1.45345559e-05  1.45345560e-05 -5.19351776e-07 -5.19351613e-07
  1.66283866e-05  1.66283866e-05 -8.33877045e-07 -8.33876825e-07
  1.85745879e-05  1.85745879e-05  3.33374016e-08  3.33376659e-08
  1.98585609e-05  1.98585608e-05  1.88805682e-06  1.88805711e-06
  1.99163332e-05  1.99163331e-05  4.31493893e-06  4.31493923e-06
  1.84284225e-05  1.84284223e-05  6.69686900e-06  6.69686929e-06
  1.56266740e-05  1.56266738e-05  8.33191247e-06  8.33191273e-06
  1.23646565e-05  1.23646563e-05  8.64108015e-06  8.64108037e-06
  9.78875245e-06  9.78875234e-06  7.38159697e-06  7.38159713e-06
  8.78762582e-06  8.78762579e-06  4.73195819e-06  4.73195828e-06
  9.62152857e-06  9.62152862e-06  1.18631022e-06  1.18631023e-06
  1.19374050e-05  1.19374051e-05 -2.65849910e-06 -2.65849917e-06
  1.50307298e-05  1.50307299e-05 -6.28307761e-06 -6.28307776e-06
  1.81147932e-05  1.81147934e-05 -9.32329952e-06 -9.32329972e-06
  2.04839065e-05  2.04839067e-05 -1.15573043e-05 -1.15573045e-05
  2.15852454e-05  2.15852456e-05 -1.28370069e-05 -1.28370071e-05
  2.10509473e-05  2.10509475e-05 -1.30013840e-05 -1.30013842e-05
  1.87204237e-05  1.87204238e-05 -1.18232941e-05 -1.18232942e-05
  1.46515405e-05  1.46515405e-05 -9.04486777e-06 -9.04486785e-06
  9.10587242e-06  9.10587240e-06 -4.50854954e-06 -4.50854954e-06
  2.50627772e-06  2.50627764e-06  1.68594212e-06  1.68594219e-06
 -4.61210420e-06 -4.61210434e-06  9.09225630e-06  9.09225642e-06
 -1.16399583e-05 -1.16399585e-05  1.69376014e-05  1.69376015e-05
 -1.79391450e-05 -1.79391451e-05  2.42431082e-05  2.42431084e-05
 -2.29289722e-05 -2.29289723e-05  3.00239491e-05  3.00239492e-05
 -2.62065619e-05 -2.62065620e-05  3.35281530e-05  3.35281532e-05
 -2.76406193e-05 -2.76406193e-05  3.44292357e-05  3.44292358e-05
 -2.73743013e-05 -2.73743012e-05  3.28854793e-05  3.28854794e-05
 -2.57265972e-05 -2.57265970e-05  2.94454383e-05  2.94454383e-05
 -2.30513123e-05 -2.30513121e-05  2.48613919e-05  2.48613919e-05
 -1.96437896e-05 -1.96437894e-05  1.99102291e-05  1.99102290e-05
 -1.57449058e-05 -1.57449056e-05  1.52909835e-05  1.52909834e-05
 -1.16111557e-05 -1.16111555e-05  1.15854144e-05  1.15854143e-05
 -7.57044752e-06 -7.57044734e-06  9.19669133e-06  9.19669123e-06
 -3.99533205e-06 -3.99533192e-06  8.20874539e-06  8.20874533e-06
 -1.18613163e-06 -1.18613154e-06  8.25158412e-06  8.25158412e-06
  7.57981203e-07  7.57981233e-07  8.56571534e-06  8.56571541e-06
  1.96697553e-06  1.96697551e-06  8.33076315e-06  8.33076328e-06
  2.69954590e-06  2.69954582e-06  7.04982149e-06  7.04982166e-06
  3.20465698e-06  3.20465685e-06  4.71546855e-06  4.71546876e-06
  3.64225421e-06  3.64225406e-06  1.70310529e-06  1.70310549e-06
  4.07770906e-06  4.07770889e-06 -1.45707396e-06 -1.45707378e-06
  4.50949091e-06  4.50949074e-06 -4.27318454e-06 -4.27318440e-06
  4.89621986e-06  4.89621970e-06 -6.39235279e-06 -6.39235270e-06
  5.17544476e-06  5.17544463e-06 -7.62315171e-06 -7.62315167e-06
  5.27925506e-06  5.27925497e-06 -7.91402114e-06 -7.91402116e-06
  5.15080359e-06  5.15080355e-06 -7.31747592e-06 -7.31747600e-06
  4.76098832e-06  4.76098833e-06 -5.95880916e-06 -5.95880928e-06
  4.12015444e-06  4.12015449e-06 -4.01515112e-06 -4.01515127e-06
  3.27525366e-06  3.27525374e-06 -1.70182904e-06 -1.70182919e-06
  2.28357103e-06  2.28357112e-06  7.37709618e-07  7.37709487e-07
  1.16738200e-06  1.16738210e-06  3.03750363e-06  3.03750353e-06
 -1.24986342e-07 -1.24986240e-07  4.90637787e-06  4.90637782e-06
 -1.71651617e-06 -1.71651608e-06  6.01665111e-06  6.01665111e-06
 -3.73443173e-06 -3.73443165e-06  5.99801429e-06  5.99801435e-06
 -6.18098274e-06 -6.18098268e-06  4.47346235e-06  4.47346247e-06
 -8.77942313e-06 -8.77942307e-06  1.18655465e-06  1.18655483e-06
 -4.83712123e-05 -4.83712123e-05 -4.12473495e-05 -4.12473493e-05
  1.13646225e-05  1.13646225e-05  1.32992608e-05  1.32992611e-05]
Number of iterations 248
Completed in 0:01:03.995094 HH:MM:SS.US
Final objective value with norm: 
0.01634385672950167
Final penalty of max controllers: 
2.749340268526283e-12
