Final evolution
[[ 0.24865347+0.25027834j  0.24783431+0.25137238j  0.25126659+0.25387754j
   0.25343922+0.2490501j   0.25183607+0.25176958j  0.2477966 +0.2495515j
   0.24701667+0.24751199j  0.24907265+0.24954187j]
 [ 0.24696151+0.25216214j -0.24467697-0.25046658j  0.24921129+0.24932478j
  -0.25331785-0.24605363j  0.25225215+0.24685716j -0.25675809-0.24592021j
   0.25135839+0.24944202j -0.24893388-0.25593163j]
 [ 0.24958819+0.24840155j  0.25045039+0.249003j   -0.26150416-0.24794688j
  -0.25038124-0.2469498j   0.25131914+0.25356835j  0.24943216+0.24890621j
  -0.24371501-0.25152084j -0.24796469-0.24892231j]
 [ 0.25068825+0.2530549j  -0.24843925-0.25027649j -0.24840263-0.25265063j
   0.24118364+0.24614931j  0.24815068+0.2441452j  -0.2532716 -0.25537588j
  -0.24679118-0.2480676j   0.25862639+0.25413185j]
 [ 0.24598417+0.25216724j  0.25283159+0.25185192j  0.2499141 +0.24578283j
   0.24969592+0.24575419j -0.25061964-0.24549662j -0.25153784-0.25080704j
  -0.25363039-0.25538401j -0.24891065-0.24936059j]
 [ 0.24763629+0.2524277j  -0.24999587-0.24918978j  0.24995307+0.25404525j
  -0.24997434-0.25423269j -0.24940252-0.24658148j  0.25172872+0.25412385j
  -0.24999795-0.25066203j  0.24641866+0.24335813j]
 [ 0.24913899+0.24518995j  0.25313914+0.25396053j -0.24367047-0.24309268j
  -0.25777793-0.24941774j -0.24947051-0.25702641j -0.24470927-0.24578273j
   0.2512403 +0.25424158j  0.24759483+0.25387931j]
 [ 0.25180993+0.25561868j -0.24394834-0.25232643j -0.25144272-0.24732433j
   0.25417982+0.25192386j -0.25258125-0.24859401j  0.25323691+0.24050559j
   0.24745196+0.25167898j -0.24848578-0.24843017j]]

********* Summary *****************
Final fidelity error 9.985208926677203e-05
Final objective value 9.999389359596382e-05
Final penalized error 1.4245032111840891e-07
Final gradient 0.01606657061202034
Number of iterations 0
Terminated due to Goal achieved
Completed in 0:00:00.739076 HH:MM:SS.US
Final objective value with norm: 
9.985208926677203e-05
Final penalty of max controllers: 
1.4245032111840892e-08
