Final evolution
Quantum object: dims = [[32], [32]], shape = (32, 32), type = oper, isherm = False
Qobj data =
[[-0.0786601 -0.19162572j -0.04822482-0.18587954j -0.03783344-0.16756609j
  ...  0.03242919-0.19746919j  0.02273472-0.2109978j
   0.00729994-0.21670048j]
 [-0.08830429-0.15615109j  0.07003341+0.17322852j -0.03687507-0.15275843j
  ... -0.02537404+0.21165642j  0.01122275-0.22700694j
  -0.01372903+0.20118529j]
 [-0.05497448-0.18150368j -0.07356407-0.17156858j  0.03401609+0.17316028j
  ...  0.0387745 -0.19829133j -0.02685424+0.2089669j
  -0.00922156+0.22579536j]
 ...
 [-0.05179489-0.17306498j  0.04771959+0.17884549j -0.03558509-0.18580032j
  ... -0.08240426-0.17621777j  0.08260135+0.17736179j
  -0.10007039-0.14676057j]
 [-0.08283392-0.15436931j -0.07826555-0.15806261j  0.04884051+0.16847254j
  ...  0.05669007+0.17208098j -0.07755   -0.14065962j
  -0.08715003-0.1668917j ]
 [-0.06583447-0.15289221j  0.0743678 +0.15505905j  0.03369086+0.18630056j
  ... -0.04090582-0.17640827j -0.07798202-0.1677611j
   0.08037136+0.15753321j]]

********* Summary *****************
Final fidelity error 0.02702645345082233
Final gradient normal 0.03042711960332833
Terminated due to function converged
Number of iterations 92
Completed in 0:00:14.583884 HH:MM:SS.US
Final objective value with norm: 
13.690986908490078
