Final evolution
Quantum object: dims = [[32], [32]], shape = (32, 32), type = oper, isherm = False
Qobj data =
[[-0.00362195+0.16152589j  0.00536831+0.16740878j  0.0032849 +0.17446953j
  ...  0.00192233+0.17639913j  0.00480358+0.18395675j
   0.00362965+0.1813129j ]
 [ 0.00154094+0.17507821j  0.0028982 -0.17197377j -0.00262708+0.17890227j
  ...  0.00300311-0.17560749j  0.00408618+0.18511486j
  -0.00956076-0.18031062j]
 [ 0.00510302+0.18902558j  0.00109644+0.17884464j -0.00024369-0.1794173j
  ... -0.00203829+0.17853948j -0.00423295-0.17591196j
   0.00052221-0.1720411j ]
 ...
 [ 0.00429398+0.1699089j   0.00734309-0.16593626j -0.00553718+0.16723172j
  ... -0.00340027+0.17956222j  0.0134944 -0.17364226j
   0.00717559+0.18031441j]
 [ 0.01291321+0.17429067j -0.00081966+0.17949038j -0.00439533-0.17376362j
  ...  0.01008617-0.17845414j -0.00646432+0.17785215j
   0.00350363+0.17452527j]
 [ 0.01379349+0.16869404j -0.00901583-0.17276034j  0.00076574-0.17563825j
  ... -0.00469246+0.17254014j  0.00150983+0.17477737j
  -0.00190681-0.18126831j]]

********* Summary *****************
Final fidelity error 0.0009725740013544204
Final gradient normal 0.002047104123583725
Terminated due to Goal achieved
Number of iterations 96
Completed in 0:00:33.066927 HH:MM:SS.US
Final objective value with norm: 
13.950517100693343
