Final evolution
[[ 0.00132269+0.50413116j  0.00322574+0.49920844j  0.00388242+0.49973915j
  -0.00457195+0.49684541j]
 [ 0.00249203+0.500233j   -0.00143453-0.49709442j  0.00277098+0.49579292j
   0.00276762-0.50678384j]
 [ 0.00396913+0.49329204j  0.00113737+0.50332636j -0.00363473-0.50371051j
   0.00372768-0.49955691j]
 [-0.00231322+0.50224757j  0.00220414-0.50033193j -0.00098548-0.50068847j
  -0.00926986+0.49661785j]]

********* Summary *****************
Final fidelity error 5.0003932412834295e-05
Final objective value 8.355908484978641e-05
Final penalized error 3.355586542661941e-05
Final gradient 0.011926568089557643
Number of iterations 0
Terminated due to Goal achieved
Completed in 0:00:00.571160 HH:MM:SS.US
Final objective value with norm: 
5.0003932412834295e-05
Final penalty of max controllers: 
6.711173085323882e-05
