Final evolution
[[-7.86104317e-04-0.25078005j  1.91646657e-03-0.25179505j
   2.64618190e-04-0.2498897j  -4.05186679e-04-0.24958259j
   4.77419107e-05-0.24874896j -7.16276558e-04-0.25013522j
  -7.41630508e-04-0.25025244j -4.24655524e-04-0.25241979j
  -1.14343051e-05-0.25019709j -1.71699101e-03-0.24866907j
  -9.62810060e-04-0.24787392j -1.40194319e-03-0.2484509j
  -5.22892872e-04-0.25017573j -5.48585148e-04-0.24886067j
  -3.99895183e-04-0.25144486j -2.05032048e-03-0.25064269j]
 [-8.37277276e-04-0.24908362j -1.55765560e-05+0.25006001j
  -9.79157555e-04-0.249962j    7.09774311e-04+0.24953585j
  -7.92843703e-04-0.24983578j  8.85775955e-04+0.2487741j
  -2.02887028e-04-0.25143632j -6.44449770e-04+0.25130634j
   4.19883604e-03-0.25029231j -1.25407379e-03+0.25097774j
  -1.51154908e-03-0.24810868j  7.38361821e-04+0.24850995j
  -2.74029394e-04-0.24926699j  1.67022841e-03+0.25044377j
   8.22327742e-04-0.25254933j -2.89264279e-04+0.24975686j]
 [ 6.59744708e-04-0.25070567j -1.00228614e-03-0.25077578j
  -2.21822937e-03+0.24906986j -4.35256719e-04+0.25007538j
   1.60793359e-03-0.25172652j  1.62310184e-03-0.24950652j
   1.65710909e-03+0.24950899j  2.48169497e-04+0.25044207j
  -9.34520212e-04-0.24823955j -4.99140783e-04-0.25070486j
   2.44430836e-04+0.24986183j -1.75613397e-03+0.25233515j
   2.49249340e-03-0.25027864j  1.67470817e-03-0.24861205j
   8.21418714e-04+0.24954132j -3.98567116e-04+0.24852021j]
 [-1.83877439e-04-0.24862643j  5.71965928e-04+0.24983989j
  -1.02616874e-03+0.25064788j  1.31130115e-03-0.25035015j
   7.11464970e-04-0.2482096j  -1.31342317e-03+0.24916453j
  -2.27761971e-05+0.24881087j -8.60023833e-04-0.24775462j
   2.32161393e-04-0.25207643j  9.02748197e-04+0.25142676j
   8.07151278e-04+0.25135095j  1.88326393e-04-0.25078262j
  -2.05785517e-05-0.25166806j -2.62295443e-03+0.25014611j
  -7.20635024e-05+0.24961888j -1.22470293e-03-0.2494444j ]
 [ 4.09976598e-05-0.25170428j -1.05105411e-03-0.25079663j
   1.15994553e-03-0.25043596j  1.78017501e-03-0.25030132j
   5.03589941e-04+0.24776896j -2.23456939e-03+0.24971968j
   5.74090836e-04+0.25040874j  1.38758845e-03+0.25125853j
  -1.06156090e-03-0.24987849j  2.92269749e-04-0.25061182j
  -1.04201369e-03-0.24942066j  2.58268304e-03-0.2495281j
  -8.19015468e-04+0.25039045j -2.38899346e-03+0.25086891j
   1.67642147e-03+0.24791843j  8.35240103e-04+0.24888898j]
 [-2.70537931e-03-0.25234135j  5.13188649e-04+0.25100632j
   7.78520073e-04-0.24830691j -2.39020502e-03+0.25013522j
  -9.13167020e-04+0.25042965j  4.23991988e-04-0.24939151j
   2.40272770e-04+0.24969377j  1.43060485e-03-0.24814641j
  -2.65439124e-04-0.25136997j -2.98614144e-04+0.25030475j
  -4.09612573e-04-0.2502517j  -6.65668973e-04+0.24965095j
   1.12590050e-03+0.25010813j  1.03537910e-04-0.24932276j
   2.49986789e-03+0.24947473j -1.52923041e-03-0.24997782j]
 [-3.15244471e-04-0.24735262j -4.37332549e-04-0.24912013j
   2.18991176e-03+0.24983019j  8.71844153e-04+0.25004408j
   1.06149427e-03+0.25108691j -2.31634612e-04+0.25148992j
  -1.95989772e-03-0.25001908j -1.51161015e-04-0.24953144j
  -2.14696480e-05-0.24944464j -8.46534290e-04-0.24914512j
  -2.44900527e-04+0.25242879j  4.15573510e-04+0.25080277j
  -7.17803206e-04+0.24971348j  1.93534334e-04+0.25082623j
   7.09181877e-04-0.249302j   -4.44545532e-04-0.24979579j]
 [ 9.94417405e-04-0.24909373j -1.16377791e-04+0.24724828j
   5.49703614e-04+0.25133263j -2.58006785e-04-0.25068531j
   1.29702502e-03+0.25007369j  8.88640896e-04-0.25163004j
   1.07072195e-03-0.24926006j -1.90576689e-03+0.25053069j
   8.10275812e-04-0.24870498j -1.64856279e-03+0.24743497j
  -2.73338857e-04+0.25115117j -1.01766519e-03-0.24914786j
   5.44409302e-05+0.25045374j -1.63881220e-03-0.25099869j
   1.57655970e-03-0.25066613j -1.93286285e-03+0.25148741j]
 [ 8.40041999e-04-0.24905415j  1.25881587e-03-0.24925078j
  -1.99691180e-03-0.24913558j  1.19065219e-03-0.24922559j
   1.26699102e-05-0.24947122j -1.32213518e-03-0.24781095j
   2.82308656e-04-0.24981598j  4.66207146e-04-0.25254826j
   3.87338908e-04+0.25014287j  3.73275973e-04+0.25207325j
   7.04494362e-04+0.24943765j  1.69182101e-03+0.24998755j
  -6.54973921e-04+0.25049558j  2.76652180e-03+0.24953066j
   8.35694104e-04+0.25110067j -3.35058512e-05+0.2508321j ]
 [-7.90090649e-04-0.25036822j -1.49426347e-04+0.2489975j
   5.78508047e-04-0.25031458j  8.12260012e-04+0.24811209j
  -1.84786622e-03-0.24965252j -6.01126203e-05+0.24945317j
  -1.03267632e-04-0.25211291j -5.98717741e-04+0.25090214j
  -2.13481131e-03+0.24924336j  2.50125110e-03-0.24801765j
  -1.26822351e-03+0.25081271j  2.33880149e-04-0.250483j
   3.26827381e-04+0.24838034j -1.71803296e-03-0.2499849j
  -5.14624004e-04+0.25039585j -6.83133897e-04-0.25267402j]
 [-1.85179561e-03-0.2503023j  -2.96650080e-04-0.25084885j
  -7.23305762e-04+0.25102682j  1.13029397e-03+0.24938233j
   4.93290928e-04-0.2499811j   8.86792888e-05-0.24900032j
   6.99282885e-05+0.24907399j  1.55095013e-03+0.24848334j
   1.74800913e-03+0.25153748j  6.48378628e-04+0.2507564j
  -1.05946994e-03-0.24798032j  5.01345497e-04-0.24918366j
  -1.15365064e-03+0.24968201j  1.37540905e-04+0.24996885j
   2.27472238e-04-0.2511875j  -1.75636571e-03-0.25153419j]
 [-2.21783917e-04-0.25179149j  2.30771413e-03+0.25198554j
  -2.33371997e-03+0.25001758j  1.45135306e-03-0.25032044j
   2.22009124e-03-0.25152544j -1.01172048e-03+0.25250122j
  -1.04406719e-04+0.24886418j  4.78044157e-04-0.24948041j
   7.83164453e-05+0.24956816j -2.46947512e-04-0.25056644j
   2.45691781e-04-0.24918292j -1.11664788e-03+0.25022787j
  -2.16864134e-03+0.24868005j  4.83388850e-04-0.24916438j
  -1.65236927e-03-0.24947277j -3.85191065e-04+0.24652769j]
 [-2.85921360e-04-0.24770884j  9.49515854e-05-0.24986578j
   2.07265721e-03-0.25056541j  1.54366244e-03-0.24983492j
  -1.02039368e-03+0.25146651j  2.34137893e-04+0.25005952j
   6.17660265e-04+0.24975198j -7.38126997e-04+0.24828352j
   4.54853523e-04+0.25064841j  1.48731166e-03+0.25174706j
  -1.76174019e-03+0.25072205j -1.79630477e-03+0.25050724j
   4.05841710e-04-0.25082972j  2.08103284e-05-0.24974121j
   9.07914982e-04-0.2497735j   1.16988072e-03-0.24841784j]
 [-6.64851482e-04-0.25045469j -2.83477243e-04+0.25137224j
   1.66546243e-03-0.24981332j -1.24701354e-03+0.25003746j
  -2.43515044e-03+0.24889869j  5.21062092e-04-0.25013952j
  -3.04613040e-05+0.2501806j  -2.15942700e-03-0.24957601j
   1.19365626e-03+0.25068611j  7.54899860e-04-0.25100623j
  -9.75393027e-04+0.25081112j  1.06583877e-03-0.24937689j
  -9.67265767e-04-0.24868679j -1.03939811e-04+0.2505068j
  -1.92907823e-03-0.24891703j  2.65373941e-03+0.24945437j]
 [-9.91768636e-04-0.25121057j  5.53476937e-04-0.24865004j
  -9.47408315e-04+0.25074955j  2.47456070e-04+0.25078174j
   1.39963486e-03+0.251057j    1.56575479e-03+0.25089138j
   1.13482563e-03-0.24927457j  1.73921359e-03-0.24885037j
  -5.95201358e-04+0.24835685j  3.98221074e-05+0.24777228j
   1.26066485e-03-0.25096904j -6.26298236e-04-0.25042088j
   2.42455700e-04-0.25071156j  8.68800909e-04-0.2492299j
  -2.90981848e-03+0.24961308j -1.46469707e-03+0.25137146j]
 [-2.31195272e-03-0.24931475j  1.54360831e-04+0.24830581j
   4.72033585e-05+0.24881664j -7.15605392e-04-0.25153353j
   7.34251836e-04+0.24997341j -1.57494452e-03-0.25025094j
  -1.53238943e-03-0.25148176j -4.95185906e-04+0.25037905j
  -9.24935186e-04+0.24951449j  1.79566378e-04-0.24868197j
  -3.65687564e-03-0.24952998j  1.91033483e-03+0.25052218j
   1.24641876e-03-0.25041876j  2.30753460e-03+0.25169569j
  -1.14019381e-03+0.24892051j -1.53388128e-03-0.2505477j ]]

********* Summary *****************
Final fidelity error 2.268547112072028e-05
Final objective value 2.268547112072028e-05
Final penalized value 0.0
Final error 0.0
Number of iterations 500
Completed in 0:49:21.679808 HH:MM:SS.US
Final objective value with norm: 
2.268547112072028e-05
Final penalty of max controllers: 
1480.2181469448774
Final evolution
[[-7.86104317e-04-0.25078005j  1.91646657e-03-0.25179505j
   2.64618190e-04-0.2498897j  -4.05186679e-04-0.24958259j
   4.77419107e-05-0.24874896j -7.16276558e-04-0.25013522j
  -7.41630508e-04-0.25025244j -4.24655524e-04-0.25241979j
  -1.14343051e-05-0.25019709j -1.71699101e-03-0.24866907j
  -9.62810060e-04-0.24787392j -1.40194319e-03-0.2484509j
  -5.22892872e-04-0.25017573j -5.48585148e-04-0.24886067j
  -3.99895183e-04-0.25144486j -2.05032048e-03-0.25064269j]
 [-8.37277276e-04-0.24908362j -1.55765560e-05+0.25006001j
  -9.79157555e-04-0.249962j    7.09774311e-04+0.24953585j
  -7.92843703e-04-0.24983578j  8.85775955e-04+0.2487741j
  -2.02887028e-04-0.25143632j -6.44449770e-04+0.25130634j
   4.19883604e-03-0.25029231j -1.25407379e-03+0.25097774j
  -1.51154908e-03-0.24810868j  7.38361821e-04+0.24850995j
  -2.74029394e-04-0.24926699j  1.67022841e-03+0.25044377j
   8.22327742e-04-0.25254933j -2.89264279e-04+0.24975686j]
 [ 6.59744708e-04-0.25070567j -1.00228614e-03-0.25077578j
  -2.21822937e-03+0.24906986j -4.35256719e-04+0.25007538j
   1.60793359e-03-0.25172652j  1.62310184e-03-0.24950652j
   1.65710909e-03+0.24950899j  2.48169497e-04+0.25044207j
  -9.34520212e-04-0.24823955j -4.99140783e-04-0.25070486j
   2.44430836e-04+0.24986183j -1.75613397e-03+0.25233515j
   2.49249340e-03-0.25027864j  1.67470817e-03-0.24861205j
   8.21418714e-04+0.24954132j -3.98567116e-04+0.24852021j]
 [-1.83877439e-04-0.24862643j  5.71965928e-04+0.24983989j
  -1.02616874e-03+0.25064788j  1.31130115e-03-0.25035015j
   7.11464970e-04-0.2482096j  -1.31342317e-03+0.24916453j
  -2.27761971e-05+0.24881087j -8.60023833e-04-0.24775462j
   2.32161393e-04-0.25207643j  9.02748197e-04+0.25142676j
   8.07151278e-04+0.25135095j  1.88326393e-04-0.25078262j
  -2.05785517e-05-0.25166806j -2.62295443e-03+0.25014611j
  -7.20635024e-05+0.24961888j -1.22470293e-03-0.2494444j ]
 [ 4.09976598e-05-0.25170428j -1.05105411e-03-0.25079663j
   1.15994553e-03-0.25043596j  1.78017501e-03-0.25030132j
   5.03589941e-04+0.24776896j -2.23456939e-03+0.24971968j
   5.74090836e-04+0.25040874j  1.38758845e-03+0.25125853j
  -1.06156090e-03-0.24987849j  2.92269749e-04-0.25061182j
  -1.04201369e-03-0.24942066j  2.58268304e-03-0.2495281j
  -8.19015468e-04+0.25039045j -2.38899346e-03+0.25086891j
   1.67642147e-03+0.24791843j  8.35240103e-04+0.24888898j]
 [-2.70537931e-03-0.25234135j  5.13188649e-04+0.25100632j
   7.78520073e-04-0.24830691j -2.39020502e-03+0.25013522j
  -9.13167020e-04+0.25042965j  4.23991988e-04-0.24939151j
   2.40272770e-04+0.24969377j  1.43060485e-03-0.24814641j
  -2.65439124e-04-0.25136997j -2.98614144e-04+0.25030475j
  -4.09612573e-04-0.2502517j  -6.65668973e-04+0.24965095j
   1.12590050e-03+0.25010813j  1.03537910e-04-0.24932276j
   2.49986789e-03+0.24947473j -1.52923041e-03-0.24997782j]
 [-3.15244471e-04-0.24735262j -4.37332549e-04-0.24912013j
   2.18991176e-03+0.24983019j  8.71844153e-04+0.25004408j
   1.06149427e-03+0.25108691j -2.31634612e-04+0.25148992j
  -1.95989772e-03-0.25001908j -1.51161015e-04-0.24953144j
  -2.14696480e-05-0.24944464j -8.46534290e-04-0.24914512j
  -2.44900527e-04+0.25242879j  4.15573510e-04+0.25080277j
  -7.17803206e-04+0.24971348j  1.93534334e-04+0.25082623j
   7.09181877e-04-0.249302j   -4.44545532e-04-0.24979579j]
 [ 9.94417405e-04-0.24909373j -1.16377791e-04+0.24724828j
   5.49703614e-04+0.25133263j -2.58006785e-04-0.25068531j
   1.29702502e-03+0.25007369j  8.88640896e-04-0.25163004j
   1.07072195e-03-0.24926006j -1.90576689e-03+0.25053069j
   8.10275812e-04-0.24870498j -1.64856279e-03+0.24743497j
  -2.73338857e-04+0.25115117j -1.01766519e-03-0.24914786j
   5.44409302e-05+0.25045374j -1.63881220e-03-0.25099869j
   1.57655970e-03-0.25066613j -1.93286285e-03+0.25148741j]
 [ 8.40041999e-04-0.24905415j  1.25881587e-03-0.24925078j
  -1.99691180e-03-0.24913558j  1.19065219e-03-0.24922559j
   1.26699102e-05-0.24947122j -1.32213518e-03-0.24781095j
   2.82308656e-04-0.24981598j  4.66207146e-04-0.25254826j
   3.87338908e-04+0.25014287j  3.73275973e-04+0.25207325j
   7.04494362e-04+0.24943765j  1.69182101e-03+0.24998755j
  -6.54973921e-04+0.25049558j  2.76652180e-03+0.24953066j
   8.35694104e-04+0.25110067j -3.35058512e-05+0.2508321j ]
 [-7.90090649e-04-0.25036822j -1.49426347e-04+0.2489975j
   5.78508047e-04-0.25031458j  8.12260012e-04+0.24811209j
  -1.84786622e-03-0.24965252j -6.01126203e-05+0.24945317j
  -1.03267632e-04-0.25211291j -5.98717741e-04+0.25090214j
  -2.13481131e-03+0.24924336j  2.50125110e-03-0.24801765j
  -1.26822351e-03+0.25081271j  2.33880149e-04-0.250483j
   3.26827381e-04+0.24838034j -1.71803296e-03-0.2499849j
  -5.14624004e-04+0.25039585j -6.83133897e-04-0.25267402j]
 [-1.85179561e-03-0.2503023j  -2.96650080e-04-0.25084885j
  -7.23305762e-04+0.25102682j  1.13029397e-03+0.24938233j
   4.93290928e-04-0.2499811j   8.86792888e-05-0.24900032j
   6.99282885e-05+0.24907399j  1.55095013e-03+0.24848334j
   1.74800913e-03+0.25153748j  6.48378628e-04+0.2507564j
  -1.05946994e-03-0.24798032j  5.01345497e-04-0.24918366j
  -1.15365064e-03+0.24968201j  1.37540905e-04+0.24996885j
   2.27472238e-04-0.2511875j  -1.75636571e-03-0.25153419j]
 [-2.21783917e-04-0.25179149j  2.30771413e-03+0.25198554j
  -2.33371997e-03+0.25001758j  1.45135306e-03-0.25032044j
   2.22009124e-03-0.25152544j -1.01172048e-03+0.25250122j
  -1.04406719e-04+0.24886418j  4.78044157e-04-0.24948041j
   7.83164453e-05+0.24956816j -2.46947512e-04-0.25056644j
   2.45691781e-04-0.24918292j -1.11664788e-03+0.25022787j
  -2.16864134e-03+0.24868005j  4.83388850e-04-0.24916438j
  -1.65236927e-03-0.24947277j -3.85191065e-04+0.24652769j]
 [-2.85921360e-04-0.24770884j  9.49515854e-05-0.24986578j
   2.07265721e-03-0.25056541j  1.54366244e-03-0.24983492j
  -1.02039368e-03+0.25146651j  2.34137893e-04+0.25005952j
   6.17660265e-04+0.24975198j -7.38126997e-04+0.24828352j
   4.54853523e-04+0.25064841j  1.48731166e-03+0.25174706j
  -1.76174019e-03+0.25072205j -1.79630477e-03+0.25050724j
   4.05841710e-04-0.25082972j  2.08103284e-05-0.24974121j
   9.07914982e-04-0.2497735j   1.16988072e-03-0.24841784j]
 [-6.64851482e-04-0.25045469j -2.83477243e-04+0.25137224j
   1.66546243e-03-0.24981332j -1.24701354e-03+0.25003746j
  -2.43515044e-03+0.24889869j  5.21062092e-04-0.25013952j
  -3.04613040e-05+0.2501806j  -2.15942700e-03-0.24957601j
   1.19365626e-03+0.25068611j  7.54899860e-04-0.25100623j
  -9.75393027e-04+0.25081112j  1.06583877e-03-0.24937689j
  -9.67265767e-04-0.24868679j -1.03939811e-04+0.2505068j
  -1.92907823e-03-0.24891703j  2.65373941e-03+0.24945437j]
 [-9.91768636e-04-0.25121057j  5.53476937e-04-0.24865004j
  -9.47408315e-04+0.25074955j  2.47456070e-04+0.25078174j
   1.39963486e-03+0.251057j    1.56575479e-03+0.25089138j
   1.13482563e-03-0.24927457j  1.73921359e-03-0.24885037j
  -5.95201358e-04+0.24835685j  3.98221074e-05+0.24777228j
   1.26066485e-03-0.25096904j -6.26298236e-04-0.25042088j
   2.42455700e-04-0.25071156j  8.68800909e-04-0.2492299j
  -2.90981848e-03+0.24961308j -1.46469707e-03+0.25137146j]
 [-2.31195272e-03-0.24931475j  1.54360831e-04+0.24830581j
   4.72033585e-05+0.24881664j -7.15605392e-04-0.25153353j
   7.34251836e-04+0.24997341j -1.57494452e-03-0.25025094j
  -1.53238943e-03-0.25148176j -4.95185906e-04+0.25037905j
  -9.24935186e-04+0.24951449j  1.79566378e-04-0.24868197j
  -3.65687564e-03-0.24952998j  1.91033483e-03+0.25052218j
   1.24641876e-03-0.25041876j  2.30753460e-03+0.25169569j
  -1.14019381e-03+0.24892051j -1.53388128e-03-0.2505477j ]]

********* Summary *****************
Final fidelity error 2.268547112072028e-05
Final objective value 2.268547112072028e-05
Final penalized value 0.0
Final error 0.0
Number of iterations 500
Completed in 0:50:52.764440 HH:MM:SS.US
Final objective value with norm: 
2.268547112072028e-05
Final penalty of max controllers: 
1480.2181469448774
