Final evolution
[[ 0.24854919+0.25003313j  0.24786032+0.25132504j  0.25090447+0.25362984j
   0.25345692+0.24933526j  0.25196818+0.25191223j  0.24798748+0.24947962j
   0.24694192+0.24757407j  0.24925949+0.24965767j]
 [ 0.24711553+0.25239503j -0.24472019-0.25056189j  0.24920548+0.24948942j
  -0.25320034-0.2460424j   0.25223811+0.24674599j -0.25635844-0.24583516j
   0.251368  +0.24972449j -0.24898245-0.25566217j]
 [ 0.24987865+0.24841832j  0.25043884+0.24898188j -0.261392  -0.24780586j
  -0.25048939-0.24699035j  0.25141427+0.25322623j  0.24950925+0.24877351j
  -0.24369443-0.2517848j  -0.24802209-0.24875976j]
 [ 0.25046137+0.25293853j -0.2484571 -0.25055126j -0.24849861-0.25273482j
   0.24132326+0.24610608j  0.2482516 +0.24414575j -0.25347003-0.25522425j
  -0.24686151-0.24801347j  0.25839571+0.2539895j ]
 [ 0.24597295+0.25215435j  0.25276388+0.25192735j  0.24985589+0.24606433j
   0.2500196 +0.24590335j -0.25045096-0.24532322j -0.25171833-0.25069073j
  -0.25336703-0.25533868j -0.24884428-0.24934183j]
 [ 0.24771773+0.25259622j -0.25005306-0.24908927j  0.25008563+0.25389991j
  -0.24965862-0.25382209j -0.24965409-0.24668898j  0.25198611+0.25384549j
  -0.24983737-0.25069203j  0.24668098+0.2434382j ]
 [ 0.24920308+0.24524639j  0.253201  +0.25388781j -0.24376649-0.24305971j
  -0.25739531-0.24946134j -0.24955478-0.25688443j -0.24477573-0.24597538j
   0.25120134+0.2541914j   0.24760523+0.25394655j]
 [ 0.25167185+0.25541628j -0.24357736-0.25235816j -0.25144961-0.24758816j
   0.25404554+0.25225816j -0.25260753-0.24860894j  0.25317798+0.24066017j
   0.24738415+0.25173902j -0.24849528-0.24850429j]]

********* Summary *****************
Final fidelity error 9.676891661813958e-05
Final objective value 9.893678986665603e-05
Final penalized error 2.168435990924677e-06
Final gradient 0.018534736708300477
Number of iterations 0
Terminated due to Goal achieved
Completed in 0:00:00.979418 HH:MM:SS.US
Final objective value with norm: 
9.676891661813958e-05
Final penalty of max controllers: 
2.8912479878995694e-06
