Final evolution
[[ 0.24863257+0.25024795j  0.24783574+0.25136044j  0.2512268 +0.25385098j
   0.2534445 +0.24908057j  0.25185053+0.25179486j  0.24782002+0.24954273j
   0.24700874+0.24752039j  0.24909627+0.24955646j]
 [ 0.24697059+0.25218334j -0.24467857-0.2504726j   0.24920064+0.24934567j
  -0.25330141-0.24605546j  0.25225361+0.24684828j -0.25671517-0.24591025j
   0.2513623 +0.24948428j -0.24894786-0.2559002j ]
 [ 0.24962312+0.24840019j  0.25045246+0.24900226j -0.26149293-0.24792912j
  -0.25039903-0.24694304j  0.25133178+0.25352886j  0.24944503+0.24889208j
  -0.24371033-0.25154433j -0.24797462-0.24890526j]
 [ 0.25066089+0.25304497j -0.24844442-0.25030414j -0.24840882-0.25265822j
   0.24119417+0.24614132j  0.24817227+0.24414347j -0.25330229-0.25535367j
  -0.24680715-0.24805952j  0.25860097+0.25411112j]
 [ 0.24597734+0.25217031j  0.25282562+0.25186398j  0.2499122 +0.24582153j
   0.24973057+0.24577288j -0.25058851-0.24547564j -0.25155936-0.25079468j
  -0.25359315-0.25538313j -0.24889967-0.24936116j]
 [ 0.24764832+0.25245176j -0.25000165-0.24917931j  0.24996738+0.25404116j
  -0.24994313-0.25419115j -0.24942509-0.24658726j  0.25175972+0.25408496j
  -0.24997803-0.25066583j  0.24644274+0.24336242j]
 [ 0.24914375+0.24520107j  0.25315375+0.25395405j -0.24367339-0.24308668j
  -0.2577365 -0.24942143j -0.24947398-0.25700855j -0.24471578-0.24580879j
   0.25122781+0.25423617j  0.24760048+0.2538926j ]
 [ 0.25179999+0.25560555j -0.24390905-0.25232396j -0.25143729-0.24735911j
   0.25416401+0.25196483j -0.25259071-0.24859782j  0.25323141+0.24051064j
   0.24744832+0.251682j   -0.24848484-0.24842911j]]

********* Summary *****************
Final fidelity error 9.95405648381853e-05
Final objective value 9.986422542999321e-05
Final penalized error 3.242964868112351e-07
Final gradient 0.007134311600941668
Number of iterations 1
Terminated due to Goal achieved
Completed in 0:00:00.601425 HH:MM:SS.US
Final objective value with norm: 
9.95405648381853e-05
Final penalty of max controllers: 
6.485929736224701e-08
