Final evolution
Quantum object: dims = [[32], [32]], shape = (32, 32), type = oper, isherm = False
Qobj data =
[[-0.1461809 -0.03822788j -0.06073171+0.09960961j -0.00260716+0.22276293j
  ... -0.08299239+0.03751946j -0.07614155+0.18010491j
   0.02503472+0.10372986j]
 [-0.04702141+0.11052117j -0.03807237-0.27811343j  0.01660044+0.04571435j
  ...  0.11136291-0.18292848j -0.03180579+0.2115886j
  -0.12594633-0.11826978j]
 [-0.08686456+0.15508155j -0.02814733+0.01142874j  0.12718987-0.08408128j
  ...  0.04141799+0.06917412j  0.15829122-0.18817503j
  -0.06610743-0.13940226j]
 ...
 [-0.09517083+0.20606834j  0.00583628-0.05073696j -0.01283916+0.15095216j
  ... -0.00911215+0.25032864j  0.07352868-0.1169286j
   0.04182498+0.18120455j]
 [ 0.03557495+0.04310022j -0.12469747+0.05949142j  0.17839865-0.14216674j
  ...  0.02146558-0.09277777j -0.22663093+0.15267394j
   0.00734312+0.1018932j ]
 [-0.23916704+0.17268037j  0.01855274-0.11551285j  0.05133749-0.18077315j
  ...  0.02881536+0.11726793j  0.05237865+0.23137347j
  -0.02090153-0.28749174j]]

********* Summary *****************
Final fidelity error 0.19351737110263
Final gradient normal 0.01805960298764978
Terminated due to function converged
Number of iterations 56
Completed in 0:00:27.185109 HH:MM:SS.US
Final objective value with norm: 
23.240864216013485
