Final evolution
Quantum object: dims = [[128], [128]], shape = (128, 128), type = oper, isherm = False
Qobj data =
[[-1.26256816e-02-0.09075053j -3.58332508e-03-0.09009981j
  -8.67486430e-03-0.07686711j ... -1.77153284e-03-0.09181779j
   2.22450531e-03-0.08859849j -1.25178520e-03-0.07798369j]
 [-5.66485623e-03-0.09357047j  4.17567748e-03+0.09107213j
  -5.23616780e-03-0.07563592j ... -1.10619948e-03+0.08349206j
   5.70709945e-03-0.08871233j  7.68008211e-03+0.08539116j]
 [ 3.10974117e-03-0.08475984j -2.32442139e-03-0.09027228j
   5.21124857e-03+0.08360039j ...  2.93322086e-03-0.08897702j
  -1.84716407e-03+0.08401002j  2.04206080e-04+0.09028906j]
 ...
 [ 1.31437570e-03-0.09492809j -3.99824948e-03+0.08837354j
   7.09140871e-04-0.09005387j ...  1.45023957e-03-0.09163194j
  -3.43497454e-03+0.08700496j -1.29280914e-02-0.09017746j]
 [ 3.65024114e-05-0.09242652j  4.62754041e-03-0.08938491j
  -6.04482870e-03+0.10044073j ...  1.44229003e-02+0.09265329j
  -1.30689187e-02-0.08869882j -7.32993319e-03-0.09539009j]
 [ 8.46506019e-03-0.09336512j -9.03924850e-03+0.09638925j
   1.33573750e-03+0.08844129j ... -5.13319290e-04-0.10188252j
  -2.20928559e-02-0.08926968j  1.39133861e-02+0.08120401j]]

********* Summary *****************
Final fidelity error 0.003285968450336796
Final gradient normal 0.006651712791161539
Terminated due to Max wall time exceeded
Number of iterations 190
Completed in 2:00:27.719840 HH:MM:SS.US
Final objective value with norm: 
29.368439716501925
