Final evolution
[[ 0.05196055+0.49721011j  0.05237397+0.49731044j  0.05237397+0.49731044j
   0.05193051+0.49725649j]
 [ 0.05236585+0.49733816j  0.15439154-0.47558216j -0.15462546+0.47547435j
  -0.05209296-0.49719098j]
 [ 0.05236585+0.49733816j -0.15462546+0.47547435j  0.15439154-0.47558216j
  -0.05209296-0.49719098j]
 [ 0.05242334+0.49715104j -0.05260503-0.49716393j -0.05260503-0.49716393j
   0.05198067+0.49750591j]]

********* Summary *****************
Final fidelity error 0.016343889746599394
Final objective value 0.016343890194836116
Final penalized value 4.482366700031548e-10
Final error 4.482367204173727e-10
Number of iterations 254
Completed in 0:03:42.588239 HH:MM:SS.US
Final objective value with norm: 
0.016343889746599394
Final penalty of max controllers: 
4.482367204173727e-12
