Final evolution
[[ 0.00146123+0.50585953j  0.00254945+0.49832597j  0.00358263+0.49933579j
  -0.00626422+0.49636723j]
 [ 0.00373612+0.50057467j -0.00174858-0.49816888j  0.00334906+0.49408896j
   0.00345882-0.50703913j]
 [ 0.00520198+0.49265108j  0.00065326+0.50311444j -0.00434202-0.50453159j
   0.00510787-0.49954601j]
 [-0.00085487+0.50078156j  0.0023477 -0.50035923j -0.00193601-0.50193735j
  -0.01052624+0.49678625j]]

********* Summary *****************
Final fidelity error 6.654328756816597e-05
Final objective value 8.821047219630687e-05
Final penalized error 2.166821470505357e-05
Final gradient 0.03949997398817978
Number of iterations 0
Terminated due to Goal achieved
Completed in 0:00:00.465985 HH:MM:SS.US
Final objective value with norm: 
6.654328756816597e-05
Final penalty of max controllers: 
2.889095294007143e-05
