Final evolution
Quantum object: dims = [[32], [32]], shape = (32, 32), type = oper, isherm = False
Qobj data =
[[-0.12482528+0.12466767j -0.12532742+0.12503698j -0.12449269+0.12572054j
  ... -0.12534894+0.12514996j -0.12473997+0.12516598j
  -0.12477099+0.12554578j]
 [-0.12476953+0.1247921j   0.12502843-0.12512015j -0.12543458+0.12492509j
  ...  0.12459651-0.12520902j -0.12467848+0.12503299j
   0.12494543-0.12525147j]
 [-0.12510359+0.12497821j -0.12489142+0.12530187j  0.1251977 -0.12532301j
  ... -0.12532637+0.12455756j  0.12448676-0.12450552j
   0.12465797-0.12562663j]
 ...
 [-0.12500182+0.1247698j   0.12481525-0.12519043j -0.12467625+0.12543288j
  ... -0.12527166+0.12495087j  0.12491837-0.12486431j
  -0.12508783+0.12481385j]
 [-0.12524368+0.12549122j -0.12486191+0.12515962j  0.1250921 -0.12475575j
  ...  0.12474255-0.12487224j -0.12516983+0.12521247j
  -0.1250393 +0.1248109j ]
 [-0.12503659+0.12463132j  0.12516557-0.12524775j  0.12535298-0.12526605j
  ... -0.12529465+0.12504048j -0.12559474+0.12524403j
   0.12508676-0.12523411j]]

********* Summary *****************
Final fidelity error 2.977909933643552e-06
Final gradient normal 0.00013973933483747955
Terminated due to function converged
Number of iterations 4228
Completed in 0:54:56.822485 HH:MM:SS.US
Final objective value with norm: 
60.69576742139032
