Final evolution
[[ 0.05296988+0.49767318j  0.05218789+0.49705507j  0.05218789+0.49705507j
   0.05109864+0.49732272j]
 [ 0.05244159+0.49711608j  0.15515084-0.47574335j -0.15386616+0.47531316j
  -0.05196816-0.49741721j]
 [ 0.05244159+0.49711608j -0.15386616+0.47531316j  0.15515084-0.47574335j
  -0.05196816-0.49741721j]
 [ 0.05194494+0.49705964j -0.05259769-0.49743869j -0.05259769-0.49743869j
   0.05276615+0.49701674j]]

********* Summary *****************
Final fidelity error 0.01634441186009994
Final objective value 0.016344411951540766
Final penalized value 9.144085488799192e-11
Final error 9.144082870696357e-11
Final gradient [-9.04996517e-06 -9.04996530e-06  5.80386283e-06  5.80386298e-06
 -2.88894498e-05 -2.88894500e-05 -7.83901372e-06 -7.83901355e-06
 -3.94767766e-05 -3.94767767e-05 -1.19641694e-05 -1.19641693e-05
 -4.03106350e-05 -4.03106351e-05 -5.44711467e-06 -5.44711453e-06
 -3.33177921e-05 -3.33177922e-05  1.02960600e-05  1.02960601e-05
 -2.27258182e-05 -2.27258182e-05  3.18861223e-05  3.18861224e-05
 -1.39005983e-05 -1.39005983e-05  5.51282033e-05  5.51282033e-05
 -1.16569150e-05 -1.16569150e-05  7.62384885e-05  7.62384885e-05
 -1.88108345e-05 -1.88108345e-05  9.26620387e-05  9.26620386e-05
 -3.55523343e-05 -3.55523342e-05  1.03236913e-04  1.03236913e-04
 -5.97095057e-05 -5.97095057e-05  1.07798745e-04  1.07798745e-04
 -8.75135838e-05 -8.75135837e-05  1.06588023e-04  1.06588023e-04
 -1.14379959e-04 -1.14379959e-04  9.98709046e-05  9.98709045e-05
 -1.35507020e-04 -1.35507020e-04  8.79838306e-05  8.79838305e-05
 -1.46447313e-04 -1.46447313e-04  7.16923587e-05  7.16923587e-05
 -1.43872469e-04 -1.43872469e-04  5.24980067e-05  5.24980067e-05
 -1.26498157e-04 -1.26498157e-04  3.24736453e-05  3.24736454e-05
 -9.58166135e-05 -9.58166135e-05  1.34948505e-05  1.34948506e-05
 -5.61661450e-05 -5.61661450e-05 -3.70026015e-06 -3.70026008e-06
 -1.38544714e-05 -1.38544715e-05 -1.98479252e-05 -1.98479251e-05
  2.45001322e-05  2.45001321e-05 -3.64827792e-05 -3.64827792e-05
  5.37589464e-05  5.37589464e-05 -5.46619849e-05 -5.46619849e-05
  7.13521662e-05  7.13521662e-05 -7.40098471e-05 -7.40098472e-05
  7.71955711e-05  7.71955711e-05 -9.27374868e-05 -9.27374868e-05
  7.27235480e-05  7.27235480e-05 -1.08498391e-04 -1.08498391e-04
  5.99322411e-05  5.99322412e-05 -1.19323911e-04 -1.19323911e-04
  4.11794242e-05  4.11794244e-05 -1.24009812e-04 -1.24009812e-04
  1.95916342e-05  1.95916344e-05 -1.22033088e-04 -1.22033088e-04
 -8.55021274e-07 -8.55021188e-07 -1.13519663e-04 -1.13519663e-04
 -1.62361912e-05 -1.62361911e-05 -9.94404012e-05 -9.94404013e-05
 -2.41275253e-05 -2.41275253e-05 -8.17117995e-05 -8.17117996e-05
 -2.45278896e-05 -2.45278896e-05 -6.29446724e-05 -6.29446725e-05
 -1.96220824e-05 -1.96220824e-05 -4.58966571e-05 -4.58966572e-05
 -1.25920228e-05 -1.25920229e-05 -3.27474617e-05 -3.27474617e-05
 -6.18693045e-06 -6.18693056e-06 -2.43611208e-05 -2.43611208e-05
 -1.79218919e-06 -1.79218930e-06 -1.99019570e-05 -1.99019569e-05
  5.93128513e-07  5.93128413e-07 -1.71952320e-05 -1.71952318e-05
  1.60318148e-06  1.60318140e-06 -1.38445665e-05 -1.38445663e-05
  1.58355015e-06  1.58355010e-06 -8.58192677e-06 -8.58192663e-06
  1.88196718e-07  1.88196706e-07 -2.06933255e-06 -2.06933243e-06
 -3.20999805e-06 -3.20999802e-06  3.36327184e-06  3.36327193e-06
 -8.58194832e-06 -8.58194825e-06  4.92244805e-06  4.92244810e-06
 -1.44492127e-05 -1.44492126e-05  8.08743540e-07  8.08743551e-07
 -1.78924308e-05 -1.78924307e-05 -8.87170279e-06 -8.87170281e-06
 -1.56192005e-05 -1.56192004e-05 -2.21952347e-05 -2.21952348e-05
 -5.67888955e-06 -5.67888942e-06 -3.64167012e-05 -3.64167012e-05
  1.11725145e-05  1.11725146e-05 -4.92801614e-05 -4.92801615e-05
  3.14064806e-05  3.14064807e-05 -5.98555944e-05 -5.98555945e-05
  5.00816615e-05  5.00816614e-05 -6.84374297e-05 -6.84374298e-05
  6.27907915e-05  6.27907914e-05 -7.56877733e-05 -7.56877734e-05
  6.70341722e-05  6.70341721e-05 -8.16683299e-05 -8.16683300e-05
  6.23733426e-05  6.23733424e-05 -8.53791393e-05 -8.53791394e-05
  4.96093477e-05  4.96093475e-05 -8.50325660e-05 -8.50325661e-05
  2.98641740e-05  2.98641738e-05 -7.88498122e-05 -7.88498122e-05
  4.40119485e-06  4.40119467e-06 -6.59696366e-05 -6.59696367e-05
 -2.46970324e-05 -2.46970325e-05 -4.71125418e-05 -4.71125418e-05
 -5.38007208e-05 -5.38007210e-05 -2.46893174e-05 -2.46893174e-05
 -7.80574151e-05 -7.80574152e-05 -2.11778562e-06 -2.11778564e-06
 -9.30510156e-05 -9.30510157e-05  1.73600734e-05  1.73600734e-05
 -9.68388295e-05 -9.68388295e-05  3.14527258e-05  3.14527258e-05
 -9.09907797e-05 -9.09907797e-05  3.86822234e-05  3.86822234e-05
 -7.99256240e-05 -7.99256239e-05  3.79730972e-05  3.79730972e-05
 -6.89070664e-05 -6.89070663e-05  2.88661576e-05  2.88661576e-05
 -6.18278182e-05 -6.18278180e-05  1.23072336e-05  1.23072336e-05
 -5.99684560e-05 -5.99684558e-05 -8.87745203e-06 -8.87745200e-06
 -6.22448529e-05 -6.22448527e-05 -3.04969459e-05 -3.04969458e-05
 -6.65114707e-05 -6.65114705e-05 -4.83019748e-05 -4.83019748e-05
 -7.09175077e-05 -7.09175075e-05 -5.92441398e-05 -5.92441398e-05
 -7.44861904e-05 -7.44861903e-05 -6.19608688e-05 -6.19608687e-05
 -7.68066471e-05 -7.68066471e-05 -5.64190889e-05 -5.64190888e-05
 -7.74106923e-05 -7.74106923e-05 -4.32668269e-05 -4.32668268e-05
 -7.55337260e-05 -7.55337260e-05 -2.35351789e-05 -2.35351787e-05
 -7.04909834e-05 -7.04909835e-05  1.09673549e-06  1.09673560e-06
 -6.22623380e-05 -6.22623381e-05  2.78169112e-05  2.78169112e-05
 -5.16112415e-05 -5.16112417e-05  5.25530278e-05  5.25530279e-05
 -3.94123642e-05 -3.94123644e-05  7.05577785e-05  7.05577785e-05
 -2.56441824e-05 -2.56441825e-05  7.76093811e-05  7.76093811e-05
 -9.14604948e-06 -9.14604958e-06  7.14120974e-05  7.14120974e-05
  1.10318415e-05  1.10318415e-05  5.27585489e-05  5.27585488e-05
  5.78425298e-05  5.78425298e-05  5.04936600e-05  5.04936599e-05]
Number of iterations 412
Completed in 0:01:42.168329 HH:MM:SS.US
Final objective value with norm: 
0.01634441186009994
Final penalty of max controllers: 
1.8288165741392713e-13
