Final evolution
[[-0.06194967+0.25989461j -0.04238595+0.26197949j -0.07304617+0.23939178j
  -0.15530053+0.25352362j -0.106418  +0.2750295j  -0.15887301+0.14306331j
  -0.10357786+0.26315651j -0.0362725 +0.24384146j -0.03109845+0.24031071j
  -0.10766936+0.2502742j  -0.13442472+0.14689548j -0.01648236+0.13557858j
  -0.05847642+0.3190476j  -0.06006661+0.1528992j  -0.10695294+0.15292112j
  -0.10752088+0.25277151j]
 [-0.02098846+0.25633601j  0.11288446-0.21163404j -0.1651444 +0.16735904j
   0.06658965-0.24284279j -0.11316376+0.22972223j  0.18407122-0.21971037j
  -0.06262105+0.26012825j  0.11387663-0.27370094j -0.08007388+0.20317186j
   0.09748058-0.34145246j -0.07879169+0.1961202j   0.07869502-0.12336289j
  -0.03088338+0.22282128j  0.12202737-0.1905523j  -0.14872453+0.18225855j
   0.08638436-0.21438451j]
 [-0.06433489+0.23186433j -0.12212469+0.18847909j  0.10522601-0.14052594j
   0.12995723-0.23610917j  0.00373863+0.21567092j -0.12982938+0.16420728j
   0.18514067-0.23558683j  0.05836505-0.26399392j -0.06689684+0.29314507j
  -0.09486208+0.18783386j  0.09762312-0.21331777j  0.13908845-0.22359018j
  -0.14328552+0.20679003j -0.02403742+0.2604768j   0.11233767-0.26044717j
   0.08751094-0.23682819j]
 [-0.13478651+0.20153314j  0.09255076-0.23141071j  0.16802638-0.18256081j
  -0.08845563+0.16188608j  0.00992932+0.135522j    0.10187159-0.25569984j
   0.14427452-0.28043538j -0.1230658 +0.21609256j -0.0619667 +0.2154046j
   0.15517773-0.25895052j  0.11472665-0.16895111j -0.0871282 +0.2554591j
  -0.06729648+0.25085468j  0.12358734-0.14793325j  0.13599698-0.23877919j
  -0.07410049+0.29399636j]
 [-0.08903818+0.22590882j -0.05650665+0.21201204j -0.09511049+0.20017179j
  -0.06995705+0.22379545j  0.06504338-0.29913001j  0.08224442-0.2883543j
   0.11477631-0.21008635j  0.09212435-0.21679358j -0.09742002+0.16868226j
  -0.02335271+0.33119962j -0.08872287+0.25746154j -0.08246769+0.25957568j
   0.10991632-0.14401937j  0.08768854-0.25254299j  0.02485565-0.17275629j
   0.0780281 -0.23456617j]
 [-0.08028936+0.18661877j  0.09377703-0.20321045j -0.16463729+0.30096372j
   0.05071229-0.23875204j  0.0881709 -0.27528659j -0.05265818+0.26765336j
   0.07883431-0.18634098j -0.12147581+0.20405607j -0.14951784+0.25558957j
   0.00806857-0.19100337j -0.06868248+0.29426239j  0.0658759 -0.19751703j
   0.1519981 -0.2290212j  -0.11447224+0.20019446j  0.05137206-0.16875628j
  -0.03065156+0.23747862j]
 [-0.07801619+0.28217093j -0.03755741+0.24637481j  0.09905185-0.17307557j
   0.13393443-0.2397078j   0.05568279-0.20762087j  0.12546006-0.2288021j
  -0.08268038+0.21616337j -0.12153095+0.20435485j -0.15588426+0.12397677j
  -0.07232358+0.19526851j  0.19362409-0.27731807j  0.12303258-0.25665432j
   0.1465221 -0.18101476j  0.11567367-0.23496445j -0.05261473+0.23979747j
  -0.05060585+0.22030834j]
 [-0.04605861+0.23981793j  0.05790183-0.20574269j  0.08921884-0.21238478j
  -0.09637677+0.25700368j  0.10267779-0.21581336j -0.08471924+0.30741742j
  -0.09319988+0.20307776j -0.0031254 -0.21388868j -0.16322566+0.26291357j
   0.03163157-0.15948513j  0.06930645-0.2688751j  -0.1802104 +0.26364237j
   0.1160236 -0.18587286j -0.06868029+0.19793876j -0.06923041+0.25196328j
   0.0229848 -0.22314711j]
 [-0.1568429 +0.21079255j -0.08297901+0.11271425j -0.13833162+0.27126683j
  -0.13612668+0.24617505j -0.09691592+0.1915651j  -0.05542944+0.21734815j
  -0.01733568+0.14692753j -0.13554552+0.20581609j  0.1109109 -0.19772951j
   0.13238751-0.1917382j   0.12242719-0.25617235j  0.10817261-0.18222101j
   0.11183714-0.19908736j  0.12822814-0.24247497j  0.17066655-0.27238098j
   0.10455162-0.29607964j]
 [-0.05610805+0.19416502j  0.15401332-0.1930708j  -0.10532341+0.20928962j
   0.09745082-0.2235221j  -0.06161176+0.25698247j  0.05236389-0.15030383j
  -0.13937445+0.14923842j  0.08198761-0.27844672j  0.12180906-0.20344789j
  -0.11470778+0.21796556j  0.04912471-0.24352613j -0.11670695+0.28369123j
   0.16208733-0.25806981j -0.04765992+0.20453604j  0.07887719-0.25178787j
  -0.11354583+0.26547194j]
 [-0.08809471+0.26543801j -0.14658112+0.30097316j  0.04632398-0.21042826j
   0.00356711-0.19827061j -0.09967251+0.26226463j -0.11424835+0.24908439j
   0.13231005-0.28735651j  0.05114888-0.12584885j  0.07972415-0.20510318j
   0.03792256-0.2339615j  -0.06867587+0.22730781j -0.1259332 +0.20373948j
   0.01810843-0.28329788j  0.09556187-0.17578449j -0.06372631+0.2769579j
  -0.02531085+0.17673578j]
 [-0.12082869+0.2684698j   0.13964717-0.28099628j  0.02611061-0.23971618j
  -0.06673921+0.24105059j -0.0923718 +0.22691572j  0.1076553 -0.25481171j
   0.03230121-0.21431164j -0.13950196+0.17778462j  0.04703345-0.19884487j
  -0.07388016+0.21584924j -0.11772487+0.18439206j  0.0927806 -0.26949088j
   0.0678131 -0.18814759j -0.10015841+0.29952818j -0.04869468+0.21353005j
   0.06694267-0.21092122j]
 [-0.04555298+0.16268134j -0.10579108+0.16392948j -0.18489831+0.26147994j
  -0.10034116+0.2415633j   0.10937951-0.24550673j  0.06371539-0.18312725j
   0.12420932-0.19427955j  0.13016007-0.27682508j  0.14399909-0.20349052j
   0.14071509-0.21953772j  0.07818585-0.26301168j  0.09550818-0.21410718j
  -0.14793079+0.12643704j -0.07528633+0.26568404j -0.07445399+0.23835775j
  -0.0567649 +0.25639096j]
 [-0.12183984+0.13886114j  0.11456475-0.2917209j  -0.09923561+0.25030498j
   0.16994274-0.22024849j  0.06233396-0.15494345j -0.10124212+0.20236507j
   0.14529015-0.21312669j -0.05944427+0.21929717j  0.14300841-0.19388582j
  -0.10126607+0.25599491j  0.08298836-0.20490439j -0.07871982+0.20428978j
  -0.1808168 +0.26121211j  0.04285748-0.21127479j -0.11506037+0.29631809j
   0.08176147-0.18638866j]
 [-0.0813993 +0.27482381j -0.06976966+0.23501024j  0.09939869-0.13158333j
   0.07657098-0.23788675j  0.13786313-0.25406542j  0.04373778-0.17355195j
  -0.03747166+0.2820507j  -0.12971497+0.20668025j  0.2104236 -0.24578148j
   0.09541096-0.19727954j -0.00815773+0.19614814j -0.12975558+0.21830902j
  -0.09626854+0.18156651j -0.17175232+0.29555053j  0.10302303-0.17689848j
   0.111875  -0.20678931j]
 [-0.05778304+0.27798071j  0.04434533-0.25295443j  0.09295075-0.25880119j
  -0.07594824+0.14742845j -0.02612688-0.25067215j -0.11127354+0.24080764j
  -0.03283635+0.21232027j  0.07576287-0.27792738j  0.12305335-0.23251914j
  -0.10576679+0.14663754j -0.02323878+0.22839212j  0.02971775-0.26709394j
  -0.1513321 +0.18243507j  0.04520862-0.27990676j  0.10075863-0.21590661j
  -0.1136062 +0.23283363j]]

********* Summary *****************
Final fidelity error 0.03027944501289548
Final objective value 0.030629268013674195
Final penalized error 0.0003498317331585361
Final gradient 0.0824434612927312
Number of iterations 493
Terminated due to function converged
Completed in 0:03:00.957333 HH:MM:SS.US
Final objective value with norm: 
0.03027944501289548
Final penalty of max controllers: 
0.0006996634663170722
