Final evolution
[[ 0.04953063+0.49706242j  0.05246409+0.49730594j  0.05246409+0.49730594j
   0.05084598+0.49775395j]
 [ 0.05346863+0.49721359j  0.15356347-0.47509228j -0.15545353+0.47596423j
  -0.05271946-0.49713j   ]
 [ 0.05346863+0.49721359j -0.15545353+0.47596423j  0.15356347-0.47509228j
  -0.05271946-0.49713j   ]
 [ 0.05262193+0.49754004j -0.05349522-0.49706178j -0.05349522-0.49706178j
   0.04987465+0.4973259j ]]

********* Summary *****************
Final fidelity error 0.016347089444641805
Final objective value 0.016347099026725428
Final penalized value 9.582083571046951e-09
Final error 9.582083622358513e-09
Final gradient [-5.17645276e-04 -5.17645276e-04 -2.14371816e-04 -2.14371819e-04
 -3.81573104e-04 -3.81573105e-04 -1.46269402e-05 -1.46269426e-05
 -1.24624146e-04 -1.24624146e-04  2.94729996e-04  2.94729994e-04
  1.87152115e-04  1.87152114e-04  6.44684575e-04  6.44684573e-04
  4.84191077e-04  4.84191076e-04  9.61215911e-04  9.61215910e-04
  7.13837241e-04  7.13837240e-04  1.18589597e-03  1.18589597e-03
  8.47057400e-04  8.47057400e-04  1.28429154e-03  1.28429154e-03
  8.73925883e-04  8.73925882e-04  1.24380513e-03  1.24380513e-03
  7.96329248e-04  7.96329247e-04  1.06820509e-03  1.06820509e-03
  6.25391539e-04  6.25391539e-04  7.75611003e-04  7.75611005e-04
  3.85639114e-04  3.85639114e-04  4.01989175e-04  4.01989177e-04
  1.20856286e-04  1.20856286e-04  5.54342140e-06  5.54342344e-06
 -1.06986223e-04 -1.06986223e-04 -3.36318884e-04 -3.36318882e-04
 -2.31708757e-04 -2.31708756e-04 -5.43392852e-04 -5.43392850e-04
 -2.07840459e-04 -2.07840458e-04 -5.60340389e-04 -5.60340388e-04
 -3.43863278e-05 -3.43863264e-05 -3.82783930e-04 -3.82783930e-04
  2.38329476e-04  2.38329478e-04 -6.48872094e-05 -6.48872091e-05
  5.27005337e-04  5.27005339e-04  3.00453332e-04  3.00453332e-04
  7.50312538e-04  7.50312540e-04  6.19498574e-04  6.19498574e-04
  8.59397175e-04  8.59397177e-04  8.31024080e-04  8.31024080e-04
  8.46110101e-04  8.46110103e-04  9.16223681e-04  9.16223680e-04
  7.28950936e-04  7.28950939e-04  8.85084079e-04  8.85084078e-04
  5.32323427e-04  5.32323429e-04  7.55372181e-04  7.55372180e-04
  2.76972654e-04  2.76972656e-04  5.42669525e-04  5.42669524e-04
 -1.30571978e-05 -1.30571965e-05  2.67207166e-04  2.67207166e-04
 -2.97535652e-04 -2.97535651e-04 -3.27583921e-05 -3.27583921e-05
 -5.19284261e-04 -5.19284262e-04 -2.98982311e-04 -2.98982311e-04
 -6.23901749e-04 -6.23901750e-04 -4.71627687e-04 -4.71627687e-04
 -5.89219087e-04 -5.89219088e-04 -5.18629701e-04 -5.18629700e-04
 -4.42262313e-04 -4.42262315e-04 -4.54824142e-04 -4.54824141e-04
 -2.49989778e-04 -2.49989780e-04 -3.36243838e-04 -3.36243837e-04
 -8.88254289e-05 -8.88254309e-05 -2.32325973e-04 -2.32325972e-04
 -1.10840103e-05 -1.10840121e-05 -1.92806663e-04 -1.92806662e-04
 -2.68477673e-05 -2.68477687e-05 -2.28518018e-04 -2.28518017e-04
 -1.10285532e-04 -1.10285533e-04 -3.16381002e-04 -3.16381002e-04
 -2.24460047e-04 -2.24460048e-04 -4.23251818e-04 -4.23251817e-04
 -3.46444751e-04 -3.46444751e-04 -5.30340447e-04 -5.30340447e-04
 -4.74378090e-04 -4.74378089e-04 -6.39579524e-04 -6.39579524e-04
 -6.11904923e-04 -6.11904923e-04 -7.57367234e-04 -7.57367235e-04
 -7.44406562e-04 -7.44406561e-04 -8.70318094e-04 -8.70318096e-04
 -8.30353632e-04 -8.30353631e-04 -9.36607967e-04 -9.36607968e-04
 -8.20367847e-04 -8.20367845e-04 -9.05453561e-04 -9.05453562e-04
 -6.92744483e-04 -6.92744481e-04 -7.53140303e-04 -7.53140304e-04
 -4.77041607e-04 -4.77041606e-04 -5.07002090e-04 -5.07002091e-04
 -2.43874867e-04 -2.43874866e-04 -2.35720927e-04 -2.35720928e-04
 -6.54602215e-05 -6.54602206e-05 -1.08376430e-05 -1.08376436e-05
  2.46463988e-05  2.46463991e-05  1.32218420e-04  1.32218420e-04
  4.42151528e-05  4.42151526e-05  2.05969695e-04  2.05969695e-04
  4.07938759e-05  4.07938751e-05  2.49829708e-04  2.49829708e-04
  5.39295605e-05  5.39295592e-05  2.94254620e-04  2.94254621e-04
  8.82499150e-05  8.82499134e-05  3.36340853e-04  3.36340854e-04
  1.14979524e-04  1.14979523e-04  3.43128130e-04  3.43128131e-04
  9.92355622e-05  9.92355602e-05  2.79208151e-04  2.79208153e-04
  3.28172904e-05  3.28172885e-05  1.38870473e-04  1.38870474e-04
 -5.17021329e-05 -5.17021346e-05 -4.00662678e-05 -4.00662666e-05
 -9.73177790e-05 -9.73177806e-05 -1.91712880e-04 -1.91712879e-04
 -6.02189244e-05 -6.02189258e-05 -2.58740017e-04 -2.58740016e-04
  5.72904091e-05  5.72904079e-05 -2.26507241e-04 -2.26507242e-04
  2.04475508e-04  2.04475507e-04 -1.29752017e-04 -1.29752017e-04
  3.14681079e-04  3.14681078e-04 -2.53309111e-05 -2.53309123e-05
  3.47406139e-04  3.47406139e-04  4.72010953e-05  4.72010937e-05
  3.06302278e-04  3.06302278e-04  8.46378096e-05  8.46378076e-05
  2.21871082e-04  2.21871082e-04  1.05928856e-04  1.05928854e-04
  1.17935966e-04  1.17935966e-04  1.21735914e-04  1.21735912e-04
 -8.40720026e-06 -8.40719982e-06  1.16479173e-04  1.16479171e-04
 -1.77704674e-04 -1.77704674e-04  5.85623741e-05  5.85623723e-05
 -3.99012501e-04 -3.99012500e-04 -6.99518484e-05 -6.99518499e-05
 -6.45672405e-04 -6.45672405e-04 -2.48865991e-04 -2.48865992e-04
 -8.57991462e-04 -8.57991461e-04 -4.22397385e-04 -4.22397386e-04
 -9.73501158e-04 -9.73501158e-04 -5.29393334e-04 -5.29393334e-04
 -9.63381125e-04 -9.63381126e-04 -5.39874760e-04 -5.39874759e-04
 -8.47682779e-04 -8.47682779e-04 -4.70650380e-04 -4.70650379e-04
 -6.78387792e-04 -6.78387793e-04 -3.69019839e-04 -3.69019838e-04
 -5.03539507e-04 -5.03539508e-04 -2.77553123e-04 -2.77553121e-04
 -3.39710236e-04 -3.39710237e-04 -2.06807287e-04 -2.06807285e-04
 -1.72967276e-04 -1.72967277e-04 -1.35935932e-04 -1.35935930e-04
  1.33712077e-05  1.33712069e-05 -3.99226343e-05 -3.99226318e-05
  2.08489442e-04  2.08489441e-04  7.96555299e-05  7.96555324e-05
  3.69840755e-04  3.69840755e-04  1.87705634e-04  1.87705637e-04
  4.30531215e-03  4.30531215e-03  4.09385031e-03  4.09385032e-03]
Number of iterations 490
Completed in 0:02:02.564142 HH:MM:SS.US
Final objective value with norm: 
0.016347089444641805
Final penalty of max controllers: 
9.582083622358513e-12
