Final evolution
[[-3.05915194e-01+0.17695737j -3.06206245e-01+0.1768301j
  -3.06243683e-01+0.17676939j -3.06167581e-01+0.17682584j
  -3.06206259e-01+0.17683014j -3.06069883e-01+0.17689786j
  -3.06167590e-01+0.17682587j -3.06246199e-01+0.17673921j]
 [-3.06305837e-01+0.17667694j -6.74862358e-05-0.35357623j
  -3.06119561e-01+0.17685245j  6.19116045e-05-0.35352928j
   9.39401064e-05+0.35360392j  3.06263285e-01-0.17664659j
  -1.14020838e-04+0.35350412j  3.06186788e-01-0.17670436j]
 [-3.06157417e-01+0.17680228j -3.06344774e-01+0.17678914j
   3.06314813e-01-0.17662705j  3.06214052e-01-0.17672041j
  -3.06344780e-01+0.17678921j -3.05949456e-01+0.17682907j
   3.06214133e-01-0.17672043j  3.06147343e-01-0.17659417j]
 [-3.06145294e-01+0.17663329j -1.11600946e-04-0.35350455j
   3.06128432e-01-0.17677421j -1.00899529e-04+0.35361987j
   6.43271587e-05+0.35352884j  3.06263763e-01-0.17674556j
   6.05731362e-05-0.35356026j -3.06210066e-01+0.17694889j]
 [-3.06305885e-01+0.17667695j  9.39029600e-05+0.35360391j
  -3.06119592e-01+0.17685246j -1.13992797e-04+0.35350413j
  -6.75406715e-05-0.35357622j  3.06263297e-01-0.17664658j
   6.19740778e-05-0.35352922j  3.06186757e-01-0.17670436j]
 [-3.06124066e-01+0.17699199j  3.06094821e-01-0.17670181j
  -3.06151266e-01+0.17679014j  3.06198487e-01-0.17688351j
   3.06094889e-01-0.17670171j -3.06147278e-01+0.17687775j
   3.06198464e-01-0.17688358j -3.06255220e-01+0.17677288j]
 [-3.06145285e-01+0.17663333j  6.43500137e-05+0.35352887j
   3.06128354e-01-0.17677424j  6.06247427e-05-0.35356032j
  -1.11621198e-04-0.35350449j  3.06263715e-01-0.17674558j
  -1.00772565e-04+0.35361983j -3.06210143e-01+0.1769489j ]
 [-3.06363051e-01+0.17688859j  3.06165147e-01-0.17667095j
   3.06281725e-01-0.17677743j -3.06109591e-01+0.17677231j
   3.06165103e-01-0.17667107j -3.06175520e-01+0.17698602j
  -3.06109625e-01+0.17677235j  3.06147664e-01-0.17662645j]]

********* Summary *****************
Final fidelity error 0.09861224074996489
Final objective value 0.09861224103102814
Final penalized value 2.810632837579874e-10
Final error 2.810632598818154e-10
Number of iterations 238
Completed in 0:08:28.453544 HH:MM:SS.US
Final objective value with norm: 
0.09861224074996489
Final penalty of max controllers: 
2.810632598818154e-10
