Final evolution
[[-0.22202598+0.30711325j -0.26156835+0.1599391j  -0.3326265 +0.13755817j
  -0.27147475+0.19842919j -0.26156835+0.1599391j  -0.382374  +0.15100992j
  -0.27147475+0.19842919j -0.30648266+0.22301428j]
 [-0.35314145+0.20560521j -0.04408327-0.31847727j -0.25436533+0.16024477j
   0.000956  -0.3185458j   0.03060116+0.39445511j  0.27811601-0.18612417j
   0.03934094+0.37764114j  0.32731902-0.13406638j]
 [-0.29675023+0.25517523j -0.26245701+0.10926613j  0.42142742-0.27746205j
   0.2367161 -0.16067924j -0.26245701+0.10926613j -0.34734662+0.17584534j
   0.2367161 -0.16067924j  0.33954285-0.00527556j]
 [-0.22360078+0.20699939j  0.07989668-0.27616985j  0.26316164-0.1383057j
  -0.02532714+0.33928327j  0.04151174+0.42001709j  0.32845882-0.11470287j
   0.04935729-0.37364911j -0.37771281+0.19096404j]
 [-0.35314145+0.20560521j  0.03060116+0.39445511j -0.25436533+0.16024477j
   0.03934094+0.37764114j -0.04408327-0.31847727j  0.27811601-0.18612417j
   0.000956  -0.3185458j   0.32731902-0.13406638j]
 [-0.27097746+0.14085064j  0.3271385 -0.17156226j -0.36700144+0.07482384j
   0.34154705-0.16073008j  0.3271385 -0.17156226j -0.28577811+0.23935625j
   0.34154705-0.16073008j -0.25338502+0.07345493j]
 [-0.22360078+0.20699939j  0.04151174+0.42001709j  0.26316164-0.1383057j
   0.04935729-0.37364911j  0.07989668-0.27616985j  0.32845882-0.11470287j
  -0.02532714+0.33928327j -0.37771281+0.19096404j]
 [-0.24336053+0.17624388j  0.32889719-0.24466083j  0.31501602-0.13712073j
  -0.33147948+0.2219696j   0.32889719-0.24466083j -0.15249698+0.22612754j
  -0.33147948+0.2219696j   0.21489453-0.1294026j ]]

********* Summary *****************
Final fidelity error 0.11927135571121894
Final objective value 0.11960953561274767
Final penalized value 0.00033817990152873456
Final error 0.00033817990152873256
Number of iterations 186
Completed in 0:07:26.302567 HH:MM:SS.US
Final objective value with norm: 
0.11927135571121894
Final penalty of max controllers: 
3.3817990152873257e-06
