Final evolution
[[-0.1695272 +0.3719201j  -0.18112306+0.1769388j  -0.32263604+0.018334j
  -0.13553393+0.23842686j -0.18112306+0.1769388j  -0.40597858+0.25606119j
  -0.13553393+0.23842686j -0.11774548+0.45342744j]
 [-0.32385125+0.15984227j -0.20762722-0.46255234j -0.23934401+0.04562479j
   0.03978502-0.34891361j -0.05308961+0.20239956j  0.2169963 -0.19229602j
   0.03558487+0.381798j    0.39325737-0.01672597j]
 [-0.30168182+0.1109737j  -0.10446016+0.07377555j  0.57269234-0.26900144j
   0.26716395-0.20265768j -0.10446016+0.07377555j -0.3476631 +0.12071723j
   0.26716395-0.20265768j  0.28840855+0.14180946j]
 [-0.21236898+0.32195358j  0.05622745-0.26317222j  0.20803818-0.03917577j
  -0.03797587+0.38437781j  0.0604276 +0.46753939j  0.40217176-0.04671549j
   0.11656174-0.28057409j -0.32305786+0.0444657j ]
 [-0.32385125+0.15984227j -0.05308961+0.20239956j -0.23934401+0.04562479j
   0.03558487+0.381798j   -0.20762722-0.46255234j  0.2169963 -0.19229602j
   0.03978502-0.34891361j  0.39325737-0.01672597j]
 [-0.16297062+0.23476004j  0.24825386-0.28149931j -0.32917052+0.22667858j
   0.30802023-0.23067644j  0.24825386-0.28149931j -0.22326963+0.19962608j
   0.30802023-0.23067644j -0.2986345 -0.04230351j]
 [-0.21236898+0.32195358j  0.0604276 +0.46753939j  0.20803818-0.03917577j
   0.11656174-0.28057409j  0.05622745-0.26317222j  0.40217176-0.04671549j
  -0.03797587+0.38437781j -0.32305786+0.0444657j ]
 [-0.10903224+0.27871383j  0.32262953-0.28117104j  0.35157044+0.0594119j
  -0.31646459+0.22856526j  0.32262953-0.28117104j -0.2144469 +0.05005181j
  -0.31646459+0.22856526j  0.21029851-0.13965363j]]

********* Summary *****************
Final fidelity error 0.18549006127731393
Final objective value 0.18642319403513274
Final penalized value 0.0009331327578188109
Final error 0.000933132757818818
Number of iterations 169
Completed in 0:06:58.000750 HH:MM:SS.US
Final objective value with norm: 
0.18549006127731393
Final penalty of max controllers: 
9.33132757818818e-07
