Final evolution
Quantum object: dims = [[64], [64]], shape = (64, 64), type = oper, isherm = False
Qobj data =
[[ 0.00227271+0.12613457j  0.00964728+0.13139862j  0.00550972+0.11977437j
  ...  0.00405188+0.12968899j  0.00479617+0.1403156j
   0.00191846+0.13947808j]
 [ 0.00629906+0.12994573j -0.00485894-0.13066661j  0.00345592+0.12665218j
  ... -0.00185445-0.13250797j  0.00435369+0.13117601j
  -0.0048997 -0.13825124j]
 [ 0.00023871+0.1327011j  -0.00257747+0.13043623j -0.00027985-0.12864554j
  ...  0.00014749+0.1308684j  -0.00178118-0.12745167j
  -0.00223614-0.12988788j]
 ...
 [ 0.00293269+0.12728731j -0.00050636-0.1217647j  -0.00300746+0.12040489j
  ...  0.00139436-0.12468047j  0.00473819+0.1225649j
   0.00100126-0.12469607j]
 [ 0.00777501+0.12584015j  0.00540916+0.12064689j -0.00576147-0.12514284j
  ... -0.00409446+0.13076719j -0.00136253-0.12469366j
  -0.00199724-0.12767544j]
 [ 0.00720502+0.12698998j -0.00497798-0.12291619j -0.00365084-0.12219856j
  ...  0.00243344-0.12875222j  0.00102593-0.13038195j
  -0.00108784+0.12955384j]]

********* Summary *****************
Final fidelity error 0.000985241448584362
Final gradient normal 0.0027278977134265973
Terminated due to Goal achieved
Number of iterations 193
Completed in 0:35:20.028502 HH:MM:SS.US
Final objective value with norm: 
22.61851480181107
