Final evolution
[[-0.05296537+0.26560392j -0.08952949+0.23523575j -0.0699164 +0.23564682j
  -0.08861259+0.27428347j -0.0916184 +0.25323779j -0.14996161+0.1741566j
  -0.12015861+0.2249018j  -0.01384656+0.25870824j -0.05220266+0.19691403j
  -0.03572084+0.29056889j -0.13694032+0.21351215j -0.09563974+0.15956773j
  -0.03200141+0.25770349j -0.09700867+0.13694489j -0.12114204+0.20837891j
  -0.08449037+0.27444967j]
 [-0.04829503+0.23237799j  0.16354359-0.19294323j -0.14793333+0.18141304j
   0.07448657-0.20635983j -0.11062586+0.24501136j  0.17906832-0.21196703j
  -0.09517872+0.24607739j  0.07570016-0.25600265j -0.11598904+0.23264658j
   0.04556385-0.23546483j -0.12242397+0.20302224j  0.12361399-0.19064183j
  -0.0919624 +0.17100569j  0.11449845-0.22967556j -0.13623496+0.25075126j
   0.09966403-0.2424127j ]
 [-0.06509153+0.23819987j -0.11257681+0.24446636j  0.11207598-0.19896656j
   0.10742619-0.22593621j -0.0785142 +0.27057905j -0.1456843 +0.19496819j
   0.13452011-0.229869j    0.09047053-0.20265705j -0.09125941+0.29969418j
  -0.11859799+0.18127982j  0.08361484-0.21097536j  0.09533762-0.16821262j
  -0.08615944+0.24012026j -0.06280598+0.1987236j   0.12959505-0.25111113j
   0.09406352-0.24873696j]
 [-0.14235694+0.21134032j  0.08986339-0.24850394j  0.12281645-0.19473941j
  -0.10167659+0.22747662j  0.00168878+0.1896676j   0.11275995-0.25399391j
   0.08042712-0.22433626j -0.09176316+0.21215847j -0.08151858+0.26152971j
   0.17574852-0.22477173j  0.06179827-0.16497435j -0.08077937+0.23736744j
  -0.0178429 +0.21429561j  0.17461194-0.21855013j  0.14450912-0.24438744j
  -0.06540244+0.25880604j]
 [-0.0910952 +0.20694717j -0.10836694+0.19374225j -0.14357477+0.23769718j
  -0.09639035+0.20493912j  0.07448464-0.31670899j  0.12483377-0.22054305j
   0.09546852-0.18453294j  0.0752159 -0.24603786j -0.0768064 +0.19258956j
  -0.01170379+0.31851545j -0.05489565+0.22421557j -0.10617121+0.23691761j
   0.11185317-0.21482006j  0.06684361-0.21195453j  0.11466981-0.18223812j
   0.12125707-0.23952888j]
 [-0.12333466+0.16329309j  0.1214682 -0.24807045j -0.12280592+0.3177238j
   0.08330832-0.22676706j  0.0699776 -0.21185532j -0.08004033+0.24740989j
   0.06759724-0.22444465j -0.06919443+0.19070852j -0.10230924+0.27753544j
   0.0696166 -0.20506542j -0.11554591+0.22884808j  0.07502027-0.22604616j
   0.10149134-0.22670118j -0.13164432+0.25912432j  0.10165861-0.18089472j
  -0.07190991+0.20664113j]
 [-0.017978  +0.29616574j -0.03176657+0.22681029j  0.16533712-0.1650302j
   0.11552568-0.23633103j  0.07741095-0.22731484j  0.11101286-0.1925195j
  -0.09009964+0.22685172j -0.14439108+0.22402929j -0.14150992+0.16587421j
  -0.10629587+0.21351865j  0.10234023-0.26715513j  0.13747443-0.24201373j
   0.13448364-0.27019352j  0.12206022-0.19036204j -0.040354  +0.18188163j
  -0.081617  +0.22523323j]
 [-0.03148523+0.20816153j  0.04615633-0.23487874j  0.07606608-0.26249497j
  -0.13355281+0.19572783j  0.02283625-0.21277909j -0.091968  +0.27774308j
  -0.10584547+0.239917j   -0.02216596-0.23767273j -0.12032864+0.25846276j
   0.04838902-0.18585794j  0.05054069-0.23013866j -0.13436016+0.28856067j
   0.09100328-0.20365514j -0.13908685+0.23146856j -0.04391348+0.25687378j
   0.04317434-0.20722846j]
 [-0.13251479+0.20937058j -0.06508889+0.15134163j -0.09061897+0.2339947j
  -0.17130326+0.22797326j -0.05603134+0.23556618j -0.09779878+0.25534782j
  -0.05515873+0.24776054j -0.08687669+0.1682319j   0.09015518-0.23267075j
   0.12081619-0.22396887j  0.0775187 -0.21525604j  0.02989565-0.23035057j
   0.09928513-0.25245955j  0.09942324-0.22304767j  0.17977839-0.25299344j
   0.12016304-0.23704485j]
 [-0.04113103+0.20314527j  0.1674835 -0.21664855j -0.12082362+0.1970115j
   0.0719643 -0.2278135j  -0.1123302 +0.28914118j  0.0410079 -0.19957095j
  -0.05114866+0.16586911j  0.13990591-0.26804211j  0.10063949-0.23512224j
  -0.1388279 +0.21350184j  0.05260165-0.24591047j -0.07559261+0.27045836j
   0.10804323-0.22583574j -0.09551098+0.20489347j  0.08023713-0.20522697j
  -0.10273542+0.25889375j]
 [-0.08896525+0.22475324j -0.13293272+0.25910389j  0.07137681-0.22039515j
   0.04753515-0.22254433j -0.10424468+0.19689825j -0.10383426+0.19591037j
   0.17490838-0.25778198j -0.02954859-0.2107411j   0.08329703-0.18709559j
   0.05946835-0.26485424j -0.11564698+0.26715402j -0.14570941+0.18781389j
   0.05701349-0.27686666j  0.06825551-0.23378865j -0.07622073+0.23606902j
  -0.07387211+0.2169981j ]
 [-0.10928189+0.23458278j  0.12695036-0.24113259j  0.09129012-0.25507221j
  -0.05415998+0.28823396j -0.09507163+0.20795803j  0.07573144-0.2126839j
   0.08081017-0.26367404j -0.05105671+0.19209276j  0.07032982-0.22518428j
  -0.06545972+0.23832235j -0.07782007+0.19688165j  0.10816044-0.26394147j
   0.1241243 -0.21616191j -0.08337511+0.2529867j  -0.08320201+0.1966236j
   0.08176626-0.22862449j]
 [-0.05686766+0.21681054j -0.08347001+0.23903017j -0.13836994+0.21404338j
  -0.13763554+0.2195486j   0.11593622-0.18005367j  0.07727413-0.21837062j
   0.1207417 -0.21125369j  0.13222543-0.24593444j  0.11616606-0.12878182j
   0.11906737-0.26297639j  0.07934533-0.31464709j  0.07850173-0.23736537j
  -0.13820365+0.15546921j -0.08311344+0.25726098j -0.05349122+0.25830974j
  -0.05373383+0.21635233j]
 [-0.10866875+0.25766939j  0.09122834-0.25245172j -0.08022585+0.21109076j
   0.13440597-0.21133984j  0.05882929-0.20690976j -0.09416639+0.22993156j
   0.13840165-0.2113462j  -0.06705751+0.24228723j  0.1798748 -0.21619061j
  -0.03178091+0.20396658j  0.07863603-0.24800196j -0.06810305+0.21095581j
  -0.14493702+0.24387387j  0.10175578-0.21711716j -0.08386525+0.25786154j
   0.0834876 -0.20971786j]
 [-0.13684001+0.25217079j -0.08664937+0.20629868j  0.05737814-0.14989967j
   0.04919778-0.27328962j  0.13632701-0.16952125j  0.0661441 -0.27777313j
  -0.06197305+0.25947012j -0.13245069+0.22495834j  0.10687604-0.22000801j
   0.14855215-0.21248911j -0.11740925+0.20860652j -0.11579092+0.20346391j
  -0.08625676+0.18289349j -0.10892717+0.32530287j  0.10551059-0.18616252j
   0.09494418-0.2098679j ]
 [-0.11482715+0.25563527j  0.09747577-0.19535432j  0.08031409-0.2561572j
  -0.03674596+0.15680813j  0.07860271-0.27991831j -0.07644992+0.21843461j
  -0.06454581+0.21252541j  0.07959088-0.30958735j  0.12824296-0.2184327j
  -0.04567119+0.16291828j -0.03575093+0.25264756j  0.13635157-0.23423895j
  -0.17261274+0.22270606j  0.02321808-0.19114903j  0.13849533-0.21882174j
  -0.13222893+0.23198482j]]

********* Summary *****************
Final fidelity error 0.02046105362138917
Final objective value 0.02528730576799112
Final penalized error 0.0048262570512441995
Final gradient 0.0728889254201692
Number of iterations 500
Completed in 0:01:26.583623 HH:MM:SS.US
Final evolution
[[-0.05296537+0.26560392j -0.08952949+0.23523575j -0.0699164 +0.23564682j
  -0.08861259+0.27428347j -0.0916184 +0.25323779j -0.14996161+0.1741566j
  -0.12015861+0.2249018j  -0.01384656+0.25870824j -0.05220266+0.19691403j
  -0.03572084+0.29056889j -0.13694032+0.21351215j -0.09563974+0.15956773j
  -0.03200141+0.25770349j -0.09700867+0.13694489j -0.12114204+0.20837891j
  -0.08449037+0.27444967j]
 [-0.04829503+0.23237799j  0.16354359-0.19294323j -0.14793333+0.18141304j
   0.07448657-0.20635983j -0.11062586+0.24501136j  0.17906832-0.21196703j
  -0.09517872+0.24607739j  0.07570016-0.25600265j -0.11598904+0.23264658j
   0.04556385-0.23546483j -0.12242397+0.20302224j  0.12361399-0.19064183j
  -0.0919624 +0.17100569j  0.11449845-0.22967556j -0.13623496+0.25075126j
   0.09966403-0.2424127j ]
 [-0.06509153+0.23819987j -0.11257681+0.24446636j  0.11207598-0.19896656j
   0.10742619-0.22593621j -0.0785142 +0.27057905j -0.1456843 +0.19496819j
   0.13452011-0.229869j    0.09047053-0.20265705j -0.09125941+0.29969418j
  -0.11859799+0.18127982j  0.08361484-0.21097536j  0.09533762-0.16821262j
  -0.08615944+0.24012026j -0.06280598+0.1987236j   0.12959505-0.25111113j
   0.09406352-0.24873696j]
 [-0.14235694+0.21134032j  0.08986339-0.24850394j  0.12281645-0.19473941j
  -0.10167659+0.22747662j  0.00168878+0.1896676j   0.11275995-0.25399391j
   0.08042712-0.22433626j -0.09176316+0.21215847j -0.08151858+0.26152971j
   0.17574852-0.22477173j  0.06179827-0.16497435j -0.08077937+0.23736744j
  -0.0178429 +0.21429561j  0.17461194-0.21855013j  0.14450912-0.24438744j
  -0.06540244+0.25880604j]
 [-0.0910952 +0.20694717j -0.10836694+0.19374225j -0.14357477+0.23769718j
  -0.09639035+0.20493912j  0.07448464-0.31670899j  0.12483377-0.22054305j
   0.09546852-0.18453294j  0.0752159 -0.24603786j -0.0768064 +0.19258956j
  -0.01170379+0.31851545j -0.05489565+0.22421557j -0.10617121+0.23691761j
   0.11185317-0.21482006j  0.06684361-0.21195453j  0.11466981-0.18223812j
   0.12125707-0.23952888j]
 [-0.12333466+0.16329309j  0.1214682 -0.24807045j -0.12280592+0.3177238j
   0.08330832-0.22676706j  0.0699776 -0.21185532j -0.08004033+0.24740989j
   0.06759724-0.22444465j -0.06919443+0.19070852j -0.10230924+0.27753544j
   0.0696166 -0.20506542j -0.11554591+0.22884808j  0.07502027-0.22604616j
   0.10149134-0.22670118j -0.13164432+0.25912432j  0.10165861-0.18089472j
  -0.07190991+0.20664113j]
 [-0.017978  +0.29616574j -0.03176657+0.22681029j  0.16533712-0.1650302j
   0.11552568-0.23633103j  0.07741095-0.22731484j  0.11101286-0.1925195j
  -0.09009964+0.22685172j -0.14439108+0.22402929j -0.14150992+0.16587421j
  -0.10629587+0.21351865j  0.10234023-0.26715513j  0.13747443-0.24201373j
   0.13448364-0.27019352j  0.12206022-0.19036204j -0.040354  +0.18188163j
  -0.081617  +0.22523323j]
 [-0.03148523+0.20816153j  0.04615633-0.23487874j  0.07606608-0.26249497j
  -0.13355281+0.19572783j  0.02283625-0.21277909j -0.091968  +0.27774308j
  -0.10584547+0.239917j   -0.02216596-0.23767273j -0.12032864+0.25846276j
   0.04838902-0.18585794j  0.05054069-0.23013866j -0.13436016+0.28856067j
   0.09100328-0.20365514j -0.13908685+0.23146856j -0.04391348+0.25687378j
   0.04317434-0.20722846j]
 [-0.13251479+0.20937058j -0.06508889+0.15134163j -0.09061897+0.2339947j
  -0.17130326+0.22797326j -0.05603134+0.23556618j -0.09779878+0.25534782j
  -0.05515873+0.24776054j -0.08687669+0.1682319j   0.09015518-0.23267075j
   0.12081619-0.22396887j  0.0775187 -0.21525604j  0.02989565-0.23035057j
   0.09928513-0.25245955j  0.09942324-0.22304767j  0.17977839-0.25299344j
   0.12016304-0.23704485j]
 [-0.04113103+0.20314527j  0.1674835 -0.21664855j -0.12082362+0.1970115j
   0.0719643 -0.2278135j  -0.1123302 +0.28914118j  0.0410079 -0.19957095j
  -0.05114866+0.16586911j  0.13990591-0.26804211j  0.10063949-0.23512224j
  -0.1388279 +0.21350184j  0.05260165-0.24591047j -0.07559261+0.27045836j
   0.10804323-0.22583574j -0.09551098+0.20489347j  0.08023713-0.20522697j
  -0.10273542+0.25889375j]
 [-0.08896525+0.22475324j -0.13293272+0.25910389j  0.07137681-0.22039515j
   0.04753515-0.22254433j -0.10424468+0.19689825j -0.10383426+0.19591037j
   0.17490838-0.25778198j -0.02954859-0.2107411j   0.08329703-0.18709559j
   0.05946835-0.26485424j -0.11564698+0.26715402j -0.14570941+0.18781389j
   0.05701349-0.27686666j  0.06825551-0.23378865j -0.07622073+0.23606902j
  -0.07387211+0.2169981j ]
 [-0.10928189+0.23458278j  0.12695036-0.24113259j  0.09129012-0.25507221j
  -0.05415998+0.28823396j -0.09507163+0.20795803j  0.07573144-0.2126839j
   0.08081017-0.26367404j -0.05105671+0.19209276j  0.07032982-0.22518428j
  -0.06545972+0.23832235j -0.07782007+0.19688165j  0.10816044-0.26394147j
   0.1241243 -0.21616191j -0.08337511+0.2529867j  -0.08320201+0.1966236j
   0.08176626-0.22862449j]
 [-0.05686766+0.21681054j -0.08347001+0.23903017j -0.13836994+0.21404338j
  -0.13763554+0.2195486j   0.11593622-0.18005367j  0.07727413-0.21837062j
   0.1207417 -0.21125369j  0.13222543-0.24593444j  0.11616606-0.12878182j
   0.11906737-0.26297639j  0.07934533-0.31464709j  0.07850173-0.23736537j
  -0.13820365+0.15546921j -0.08311344+0.25726098j -0.05349122+0.25830974j
  -0.05373383+0.21635233j]
 [-0.10866875+0.25766939j  0.09122834-0.25245172j -0.08022585+0.21109076j
   0.13440597-0.21133984j  0.05882929-0.20690976j -0.09416639+0.22993156j
   0.13840165-0.2113462j  -0.06705751+0.24228723j  0.1798748 -0.21619061j
  -0.03178091+0.20396658j  0.07863603-0.24800196j -0.06810305+0.21095581j
  -0.14493702+0.24387387j  0.10175578-0.21711716j -0.08386525+0.25786154j
   0.0834876 -0.20971786j]
 [-0.13684001+0.25217079j -0.08664937+0.20629868j  0.05737814-0.14989967j
   0.04919778-0.27328962j  0.13632701-0.16952125j  0.0661441 -0.27777313j
  -0.06197305+0.25947012j -0.13245069+0.22495834j  0.10687604-0.22000801j
   0.14855215-0.21248911j -0.11740925+0.20860652j -0.11579092+0.20346391j
  -0.08625676+0.18289349j -0.10892717+0.32530287j  0.10551059-0.18616252j
   0.09494418-0.2098679j ]
 [-0.11482715+0.25563527j  0.09747577-0.19535432j  0.08031409-0.2561572j
  -0.03674596+0.15680813j  0.07860271-0.27991831j -0.07644992+0.21843461j
  -0.06454581+0.21252541j  0.07959088-0.30958735j  0.12824296-0.2184327j
  -0.04567119+0.16291828j -0.03575093+0.25264756j  0.13635157-0.23423895j
  -0.17261274+0.22270606j  0.02321808-0.19114903j  0.13849533-0.21882174j
  -0.13222893+0.23198482j]]

********* Summary *****************
Final fidelity error 0.02046105362138917
Final objective value 0.02528730576799112
Final penalized error 0.0048262570512441995
Final gradient 0.0728889254201692
Number of iterations 500
Completed in 0:01:08.006873 HH:MM:SS.US
Final objective value with norm: 
0.02046105362138917
Final penalty of max controllers: 
0.48262570512441993
Final evolution
[[-0.05847742+0.27202064j -0.0901227 +0.23017273j -0.06961942+0.23672212j
  -0.08983805+0.27260867j -0.09699991+0.25216408j -0.15135678+0.17927156j
  -0.11790446+0.22339147j -0.01578008+0.25392092j -0.05485354+0.19447261j
  -0.03326621+0.28465493j -0.13654941+0.21446392j -0.09960244+0.16511471j
  -0.03387819+0.25529649j -0.10151327+0.14139465j -0.11951423+0.20874865j
  -0.08518044+0.27407239j]
 [-0.04530642+0.22401127j  0.16654132-0.20285155j -0.14800156+0.18775616j
   0.07645067-0.1993672j  -0.10929132+0.2446313j   0.1784857 -0.2148005j
  -0.09470504+0.24417168j  0.07644467-0.25526811j -0.11251401+0.23294873j
   0.04644956-0.2275876j  -0.12247053+0.20440476j  0.12369396-0.19289116j
  -0.10583211+0.16535526j  0.11587115-0.2329951j  -0.13398428+0.25598084j
   0.09706911-0.23964772j]
 [-0.06915633+0.24247157j -0.11444485+0.23784193j  0.106935  -0.19866062j
   0.10617565-0.22895367j -0.0842688 +0.27322468j -0.13843105+0.19412028j
   0.13226641-0.22859993j  0.09027204-0.20570664j -0.09375434+0.29939705j
  -0.11947975+0.18363592j  0.07982946-0.20895587j  0.08932314-0.16844533j
  -0.08667581+0.2373911j  -0.05755471+0.19871981j  0.12926201-0.2505684j
   0.09988385-0.25376341j]
 [-0.14678223+0.20965507j  0.09227402-0.24886177j  0.12021113-0.19658719j
  -0.09934813+0.22520112j -0.00256268+0.19304156j  0.10979883-0.25448603j
   0.0759684 -0.22212053j -0.09009389+0.21134231j -0.08287446+0.25696236j
   0.17368235-0.22700954j  0.06078451-0.16794672j -0.08139791+0.24093781j
  -0.01806645+0.21303507j  0.17237538-0.22065102j  0.14582862-0.24675469j
  -0.06429518+0.25848798j]
 [-0.09200588+0.20717979j -0.11373793+0.19068955j -0.14090395+0.24061152j
  -0.09544892+0.20813163j  0.07552681-0.31562117j  0.12705548-0.22051767j
   0.10081579-0.18145782j  0.07092924-0.24578942j -0.07544234+0.19186934j
  -0.0105731 +0.31227123j -0.05400379+0.22438749j -0.10929095+0.24094804j
   0.10947291-0.21836717j  0.06298071-0.21385564j  0.11614334-0.17988348j
   0.12485697-0.23728913j]
 [-0.13086198+0.16208531j  0.12347   -0.25316196j -0.11727749+0.31440432j
   0.08574249-0.23145329j  0.07691509-0.21198538j -0.08082577+0.24510951j
   0.06388225-0.22607468j -0.07103166+0.1867217j  -0.09352358+0.27632669j
   0.07506236-0.20280496j -0.12029694+0.2299306j   0.07381089-0.22404144j
   0.09878345-0.22581219j -0.12809027+0.26007723j  0.10697106-0.18204882j
  -0.07634207+0.20277115j]
 [-0.02087906+0.3026757j  -0.02774924+0.22529118j  0.16176184-0.1606835j
   0.11774822-0.23532715j  0.080689  -0.22535811j  0.10625298-0.19672014j
  -0.0857764 +0.22590088j -0.14699912+0.22237442j -0.13826187+0.16696474j
  -0.1099446 +0.21816068j  0.10288754-0.26410385j  0.13385207-0.24547185j
   0.13179419-0.26479503j  0.12219406-0.19083665j -0.04155851+0.18248791j
  -0.0823159 +0.22942624j]
 [-0.02728417+0.2051337j   0.04719903-0.23829969j  0.07826876-0.26232789j
  -0.13308283+0.19207969j  0.0216863 -0.21593116j -0.08941325+0.27386128j
  -0.10461706+0.24193335j -0.02970659-0.24185438j -0.11932792+0.25944584j
   0.04869942-0.18945091j  0.05237388-0.23384912j -0.13039476+0.28283742j
   0.09325922-0.20427823j -0.13572846+0.22978103j -0.04422957+0.25841921j
   0.04222296-0.20798833j]
 [-0.12939918+0.20718691j -0.06043416+0.15275569j -0.09094397+0.2382266j
  -0.17016311+0.22203813j -0.05662569+0.2350491j  -0.09596152+0.25512471j
  -0.05887776+0.25100931j -0.08844448+0.16933472j  0.08531513-0.2311449j
   0.11981582-0.22798323j  0.07948111-0.21586661j  0.0315305 -0.23048386j
   0.10020136-0.25259972j  0.091856  -0.22550843j  0.18288388-0.25072456j
   0.11931386-0.23788217j]
 [-0.03855656+0.1918913j   0.16578761-0.22521859j -0.11861029+0.20022622j
   0.07120478-0.22411402j -0.10862819+0.28773384j  0.04102389-0.1977437j
  -0.05634303+0.16909872j  0.13660213-0.2753671j   0.10472968-0.23414506j
  -0.13667572+0.2210546j   0.05301862-0.24613213j -0.07313106+0.26666937j
   0.10189073-0.22968116j -0.09553054+0.20356869j  0.08476672-0.20401072j
  -0.10286186+0.25712925j]
 [-0.08935023+0.22484723j -0.13114582+0.25548634j  0.07131995-0.22202987j
   0.04973371-0.22642566j -0.10111601+0.20124541j -0.09977954+0.1934182j
   0.17548835-0.24885123j -0.02561984-0.21802616j  0.08124449-0.19052487j
   0.06117554-0.26956111j -0.11647786+0.26428756j -0.14282606+0.18633301j
   0.05698062-0.28071062j  0.06116896-0.23598874j -0.07663438+0.23214935j
  -0.0781181 +0.21603213j]
 [-0.11047967+0.23315222j  0.12382763-0.24372843j  0.09447032-0.2525869j
  -0.06068844+0.28764661j -0.09203104+0.21065584j  0.07446361-0.21223905j
   0.08066992-0.26270879j -0.05476267+0.19381814j  0.07473829-0.22738318j
  -0.06407031+0.23781669j -0.07841497+0.19687259j  0.10310037-0.26048594j
   0.12700119-0.21943329j -0.08425106+0.24964402j -0.08152903+0.19622287j
   0.08390753-0.22976654j]
 [-0.05631443+0.22070992j -0.08428969+0.23611643j -0.13802084+0.21247533j
  -0.13357003+0.21968779j  0.11018252-0.1782072j   0.07860409-0.21946098j
   0.12287989-0.21280809j  0.13183139-0.24633334j  0.11746167-0.13094373j
   0.1209912 -0.26526057j  0.07238246-0.31620875j  0.07534472-0.23992162j
  -0.13425635+0.1588901j  -0.08350268+0.26159944j -0.05046979+0.25185188j
  -0.05177494+0.21570313j]
 [-0.11168601+0.2583132j   0.09388921-0.2491088j  -0.07920976+0.20811523j
   0.13733984-0.20797853j  0.06328026-0.2074815j  -0.09365632+0.23337694j
   0.13771952-0.21178417j -0.06612491+0.23750385j  0.1792694 -0.22617264j
  -0.03536193+0.19786675j  0.0795632 -0.24552782j -0.06870233+0.21722446j
  -0.14534864+0.2444272j   0.1064027 -0.21532912j -0.08477529+0.25467313j
   0.08185095-0.20933177j]
 [-0.14384309+0.2476695j  -0.08264729+0.20329634j  0.05118963-0.15510099j
   0.05633608-0.27568894j  0.12916897-0.16568454j  0.07619367-0.28009714j
  -0.06545475+0.26956748j -0.12752943+0.21815079j  0.10311553-0.22167886j
   0.1487526 -0.21202627j -0.12086182+0.20564678j -0.11603013+0.2037406j
  -0.080593  +0.18539444j -0.11470987+0.32002225j  0.10817549-0.1843327j
   0.09646118-0.21119057j]
 [-0.11351514+0.25006605j  0.10697789-0.18705642j  0.07718442-0.26071944j
  -0.03576822+0.16776286j  0.07702672-0.27926178j -0.07874608+0.2187405j
  -0.06378101+0.21186176j  0.07935107-0.31064996j  0.12726695-0.2187987j
  -0.04384768+0.16286945j -0.03952551+0.2516745j   0.14058193-0.23324395j
  -0.16961199+0.22392159j  0.02659737-0.19074108j  0.1414354 -0.2215396j
  -0.13383039+0.22469736j]]

********* Summary *****************
Final fidelity error 0.020025761393086983
Final objective value 0.024688252901948395
Final penalized error 0.004662496507084025
Final gradient 0.07195617618359398
Number of iterations 738
Completed in 0:02:00.192411 HH:MM:SS.US
Final objective value with norm: 
0.020025761393086983
Final penalty of max controllers: 
0.4662496507084025
Final evolution
[[-0.05606417+0.27124378j -0.09076523+0.23380916j -0.07092197+0.23552109j
  -0.08922502+0.27269907j -0.0984325 +0.25175642j -0.14854898+0.17937634j
  -0.11771435+0.21920113j -0.01912696+0.25538555j -0.05418795+0.19332936j
  -0.0329063 +0.28597856j -0.13775007+0.21263651j -0.09871206+0.16735242j
  -0.03559156+0.25329722j -0.10369524+0.13766323j -0.12025609+0.21171139j
  -0.08613333+0.27530805j]
 [-0.04744591+0.22052692j  0.16384831-0.20736045j -0.15052607+0.18880589j
   0.07589548-0.19811655j -0.10735433+0.24403597j  0.18020775-0.21199642j
  -0.09577047+0.24435678j  0.07410869-0.25383443j -0.11136927+0.23698813j
   0.04740292-0.22353114j -0.12199063+0.20746269j  0.12308976-0.19131331j
  -0.11053063+0.16505262j  0.11341185-0.23175069j -0.13227541+0.25809711j
   0.09760706-0.2419337j ]
 [-0.06882763+0.24246439j -0.11403066+0.23813736j  0.10675907-0.20003439j
   0.10989452-0.22869738j -0.08822949+0.27591971j -0.13926258+0.19311459j
   0.13351901-0.22655752j  0.08960101-0.20363551j -0.09463392+0.29832473j
  -0.11827312+0.18504836j  0.08272234-0.20939242j  0.08781176-0.16572266j
  -0.08710329+0.23823221j -0.05571188+0.19745305j  0.12873653-0.24806993j
   0.09983605-0.25525703j]
 [-0.14713754+0.20954413j  0.09359089-0.24668465j  0.12160342-0.1965394j
  -0.09980838+0.22786145j -0.00521113+0.19460854j  0.11148383-0.25641196j
   0.07470981-0.21887391j -0.09025629+0.21341088j -0.08408306+0.25578522j
   0.17383018-0.22626878j  0.06052487-0.16752121j -0.08118112+0.23964868j
  -0.01824023+0.21033137j  0.17263181-0.22319221j  0.14663326-0.24839683j
  -0.06162734+0.25579422j]
 [-0.09174871+0.20774936j -0.11345913+0.19230164j -0.14135549+0.24142402j
  -0.09418264+0.20674839j  0.07684306-0.31532161j  0.12798351-0.21857193j
   0.09870103-0.18287176j  0.07241183-0.24576106j -0.07311269+0.1914257j
  -0.00928401+0.31326284j -0.0513955 +0.22445897j -0.10892472+0.23885614j
   0.11126737-0.21939572j  0.06196925-0.21315976j  0.11682646-0.18198303j
   0.12536134-0.2365421j ]
 [-0.13197906+0.16310952j  0.12106234-0.25170424j -0.11447375+0.31535762j
   0.08596282-0.23311655j  0.07458678-0.20890791j -0.08331971+0.24530504j
   0.06371264-0.22800918j -0.07011241+0.1885637j  -0.09263826+0.27782163j
   0.07429967-0.2026397j  -0.11957795+0.22767127j  0.07270652-0.22369495j
   0.09748235-0.22384177j -0.12753376+0.26000899j  0.10695227-0.18469151j
  -0.07753737+0.20491005j]
 [-0.0215209 +0.30266291j -0.0261442 +0.2236547j   0.16197603-0.1610088j
   0.11770274-0.23663502j  0.08279558-0.22460812j  0.10563169-0.19598317j
  -0.08380899+0.22639892j -0.14566098+0.22182861j -0.13697917+0.16735304j
  -0.11005112+0.21671654j  0.10271734-0.26391462j  0.13505145-0.24595987j
   0.13155245-0.26663835j  0.12299362-0.19264081j -0.04479266+0.18527223j
  -0.08027118+0.22680368j]
 [-0.02736844+0.20667205j  0.04680927-0.23913779j  0.07575156-0.26084788j
  -0.13420333+0.19325228j  0.0241084 -0.21396341j -0.08899196+0.27501518j
  -0.10169629+0.24293978j -0.03416044-0.23939364j -0.11746164+0.25993413j
   0.04851286-0.18852528j  0.05371779-0.23173385j -0.12987216+0.28476986j
   0.09526074-0.20495766j -0.13508343+0.23286811j -0.04111834+0.25640663j
   0.04444098-0.20856087j]
 [-0.12824335+0.20509269j -0.05886971+0.15522378j -0.09181551+0.23832367j
  -0.16960292+0.22147241j -0.0551761 +0.23788325j -0.09652691+0.25558676j
  -0.06240007+0.25246833j -0.0848604 +0.16844444j  0.08423623-0.23256368j
   0.11829542-0.22717925j  0.07838307-0.21241863j  0.0332315 -0.23377966j
   0.09817675-0.25372635j  0.0908201 -0.22550884j  0.18290525-0.24955083j
   0.12068287-0.23702781j]
 [-0.03685641+0.19193868j  0.16268147-0.22599585j -0.12064596+0.20033778j
   0.06971718-0.22530256j -0.10837776+0.28963947j  0.04358673-0.1985946j
  -0.05607855+0.17197264j  0.13629375-0.27434556j  0.10222324-0.23381682j
  -0.13564271+0.22143792j  0.05313672-0.2463386j  -0.07185572+0.26628728j
   0.09940619-0.22865448j -0.09654458+0.20243394j  0.08594107-0.20248078j
  -0.10220759+0.25881383j]
 [-0.08581598+0.22557376j -0.13077887+0.2511048j   0.07316668-0.22258588j
   0.05314797-0.22552375j -0.10026154+0.20116475j -0.09761286+0.19375567j
   0.17818993-0.24486384j -0.02640702-0.22302838j  0.08006646-0.19140444j
   0.06284994-0.27150988j -0.11739499+0.26537133j -0.14143203+0.18702293j
   0.05710951-0.27906735j  0.06065391-0.23964174j -0.0748004 +0.22998416j
  -0.0778558 +0.21582196j]
 [-0.11010404+0.23190695j  0.12370653-0.24414063j  0.09609406-0.25055001j
  -0.06147027+0.28550913j -0.09099577+0.21210289j  0.07472335-0.21051495j
   0.08052758-0.26404256j -0.05567412+0.19206329j  0.07532079-0.22865309j
  -0.06430146+0.2390258j  -0.08048775+0.1992224j   0.10277402-0.26073384j
   0.12748735-0.22131022j -0.08575124+0.24896881j -0.08234684+0.19500724j
   0.08093325-0.22947956j]
 [-0.06008795+0.22366348j -0.08469545+0.23658899j -0.13963704+0.20862279j
  -0.13249102+0.21837138j  0.10840845-0.17592144j  0.0832238 -0.21905302j
   0.12154706-0.21390522j  0.13325371-0.24565424j  0.11547595-0.1299342j
   0.12250618-0.26806161j  0.07315772-0.31646348j  0.07606808-0.23938006j
  -0.1332387 +0.15922579j -0.08466856+0.2618707j  -0.0526164 +0.25118788j
  -0.05018153+0.21402446j]
 [-0.11328209+0.25873497j  0.0948976 -0.24923955j -0.0781205 +0.2087535j
   0.13708708-0.20553956j  0.06598641-0.20642608j -0.09474264+0.23238091j
   0.13672847-0.21256188j -0.06657341+0.2378925j   0.17902306-0.23087734j
  -0.03346966+0.19518574j  0.0818131 -0.24485643j -0.06896252+0.21909846j
  -0.14584275+0.24288238j  0.10840034-0.21507818j -0.08380849+0.2521054j
   0.08450009-0.20871126j]
 [-0.14635892+0.24696445j -0.082005  +0.20504531j  0.04867453-0.15694379j
   0.05604485-0.27582789j  0.12561817-0.16540637j  0.07809536-0.27899761j
  -0.06721537+0.27082805j -0.12681979+0.21988001j  0.10157875-0.2221932j
   0.14895154-0.20988879j -0.12391609+0.20731909j -0.11518906+0.20187557j
  -0.07999594+0.18467067j -0.11326822+0.31946391j  0.10598023-0.18666587j
   0.09678424-0.21000813j]
 [-0.11178405+0.2510067j   0.10937189-0.18657464j  0.07547971-0.25957554j
  -0.03679371+0.16904128j  0.07813094-0.27904178j -0.07897147+0.21925454j
  -0.06575142+0.21173891j  0.07634175-0.31154092j  0.12588522-0.21534339j
  -0.04513367+0.16481985j -0.03888533+0.24977611j  0.14439256-0.23299542j
  -0.16924306+0.22699987j  0.02769562-0.18681747j  0.14218816-0.22149343j
  -0.13278824+0.22626047j]]

********* Summary *****************
Final fidelity error 0.019991148243729384
Final objective value 0.02463831179343048
Final penalized error 0.004647168569144957
Final gradient 0.07159875465485524
Number of iterations 1171
Terminated due to function converged
Completed in 0:06:03.725592 HH:MM:SS.US
Final objective value with norm: 
0.019991148243729384
Final penalty of max controllers: 
0.4647168569144957
