Final evolution
[[ 0.05201905+0.49703847j  0.05224125+0.49735874j  0.05224125+0.49735874j
   0.05189497+0.49735698j]
 [ 0.05237605+0.49729182j  0.15459545-0.47542734j -0.15442154+0.47562917j
  -0.0523624 -0.49720794j]
 [ 0.05237605+0.49729182j -0.15442154+0.47562917j  0.15459545-0.47542734j
  -0.0523624 -0.49720794j]
 [ 0.05213598+0.49743724j -0.05244663-0.49714631j -0.05244663-0.49714631j
   0.05226806+0.49728853j]]

********* Summary *****************
Final fidelity error 0.01634385341740141
Final objective value 0.016343855219202695
Final penalized value 1.8018012637455172e-09
Final error 1.801801284853758e-09
Number of iterations 120
Completed in 0:01:43.122084 HH:MM:SS.US
Final objective value with norm: 
0.01634385341740141
Final penalty of max controllers: 
1.801801284853758e-10
