Final evolution
[[-0.30172848+0.18266669j -0.3074032 +0.17727084j -0.30860409+0.17683325j
  -0.30313831+0.17879698j -0.3074032 +0.17727084j -0.29968058+0.18057076j
  -0.30313831+0.17879698j -0.309004  +0.17782815j]
 [-0.30935136+0.17307022j -0.00056578-0.35558494j -0.30560084+0.17682627j
   0.00232809-0.35258901j  0.00246016+0.35319985j  0.30854277-0.17244802j
  -0.00218537+0.35281484j  0.30616233-0.17610231j]
 [-0.30644612+0.17927077j -0.30828139+0.17576414j  0.30793787-0.17606265j
   0.30605976-0.17483834j -0.30828139+0.17576414j -0.30265191+0.17838494j
   0.30605976-0.17483834j  0.30670086-0.1740725j ]
 [-0.30486652+0.17366492j -0.00212783-0.35271161j  0.30435117-0.17855987j
  -0.00081629+0.35444005j  0.00238563+0.35269224j  0.30907401-0.17545632j
   0.00220965-0.35434474j -0.30629516+0.17959465j]
 [-0.30935136+0.17307022j  0.00246016+0.35319985j -0.30560084+0.17682627j
  -0.00218537+0.35281484j -0.00056578-0.35558494j  0.30854277-0.17244802j
   0.00232809-0.35258901j  0.30616233-0.17610231j]
 [-0.30382638+0.1800515j   0.30563442-0.17603383j -0.30498525+0.1753057j
   0.3073199 -0.17710726j  0.30563442-0.17603383j -0.30541324+0.18006291j
   0.3073199 -0.17710726j -0.30756406+0.17550422j]
 [-0.30486652+0.17366492j  0.00238563+0.35269224j  0.30435117-0.17855987j
   0.00220965-0.35434474j -0.00212783-0.35271161j  0.30907401-0.17545632j
  -0.00081629+0.35444005j -0.30629516+0.17959465j]
 [-0.30596304+0.18355883j  0.30574083-0.17396963j  0.30805723-0.17514866j
  -0.30698839+0.17844437j  0.30574083-0.17396963j -0.30484346+0.18176826j
  -0.30698839+0.17844437j  0.3032234 -0.17189673j]]

********* Summary *****************
Final fidelity error 0.0986493597452337
Final objective value 0.09864961105180098
Final penalized value 2.5130656722271993e-07
Final error 2.513065672741995e-07
Final gradient [ 8.30370629e-05 -2.57282922e-05  8.30370635e-05 -6.84581303e-05
 -2.56741976e-05 -6.84581310e-05  6.77618112e-05 -7.68437528e-05
  6.77618116e-05 -3.79059192e-05  7.16967790e-06 -3.79059198e-05
  4.24094487e-05 -8.93641340e-05  4.24094489e-05 -1.83943143e-05
  3.83708725e-05 -1.83943148e-05  1.24035304e-05 -7.55330580e-05
  1.24035305e-05 -5.31649327e-06  5.61261716e-05 -5.31649372e-06
 -1.52371587e-05 -4.76219092e-05 -1.52371585e-05  5.70593822e-06
  5.62497431e-05  5.70593787e-06 -4.06198652e-05 -1.05199618e-05
 -4.06198650e-05  1.49027766e-05  3.91716464e-05  1.49027764e-05
 -6.31051552e-05  2.95464593e-05 -6.31051550e-05  2.35174388e-05
  1.14345996e-05  2.35174387e-05 -8.23210000e-05  6.60460710e-05
 -8.23209998e-05  3.18464882e-05 -1.93360515e-05  3.18464880e-05
 -9.68253793e-05  9.19789362e-05 -9.68253792e-05  3.97017499e-05
 -4.69709119e-05  3.97017498e-05 -1.03534753e-04  1.00267644e-04
 -1.03534753e-04  4.63968420e-05 -6.73858029e-05  4.63968419e-05
 -1.01428947e-04  9.29521510e-05 -1.01428947e-04  4.90778521e-05
 -7.85276736e-05  4.90778519e-05 -9.20530781e-05  7.78360619e-05
 -9.20530783e-05  4.47090409e-05 -7.94082452e-05  4.47090407e-05
 -7.86126971e-05  6.45605558e-05 -7.86126975e-05  3.06632515e-05
 -6.90598553e-05  3.06632511e-05 -6.67299535e-05  6.46897390e-05
 -6.67299541e-05  5.30637329e-06 -4.62533781e-05  5.30637274e-06
  3.01808084e-05  1.64192507e-04  3.01808077e-05  6.12107485e-05
  7.95448632e-05  6.12107477e-05 -2.94685296e-05  1.09843487e-04
 -2.94685303e-05 -3.87022622e-05  6.50699688e-05 -3.87022632e-05
  4.05644720e-05  1.81754504e-04  4.05644714e-05 -3.60654565e-06
  1.87753623e-04 -3.60654697e-06 -3.16238690e-04 -1.81921602e-04
 -3.16238691e-04 -3.85677215e-04 -1.24621329e-04 -3.85677216e-04
  1.53472812e-04  2.70389655e-04  1.53472811e-04  7.08060924e-05
  3.69163759e-04  7.08060908e-05 -5.64500246e-05  3.47951328e-05
 -5.64500249e-05 -1.40755343e-04  1.63032193e-04 -1.40755345e-04
 -3.68209061e-05  2.37773029e-05 -3.68209063e-05 -1.13837837e-04
  1.74859757e-04 -1.13837838e-04 -3.31265855e-05 -4.92804289e-06
 -3.31265856e-05 -9.83491431e-05  1.65203075e-04 -9.83491442e-05
 -3.22945833e-05 -3.47210527e-05 -3.22945834e-05 -8.59570805e-05
  1.45996278e-04 -8.59570814e-05 -2.41880158e-05 -5.26577053e-05
 -2.41880159e-05 -6.90172368e-05  1.24465107e-04 -6.90172374e-05
 -1.71380186e-05 -6.57852176e-05 -1.71380187e-05 -5.59558734e-05
  9.05280185e-05 -5.59558737e-05 -8.45970091e-06 -7.21086798e-05
 -8.45970106e-06 -4.27866940e-05  4.66218530e-05 -4.27866941e-05
  1.06613480e-06 -7.53546460e-05  1.06613459e-06 -2.90655232e-05
 -6.24555659e-06 -2.90655231e-05  1.25311290e-05 -7.83021334e-05
  1.25311288e-05 -1.41759892e-05 -6.34419027e-05 -1.41759890e-05
  2.58886024e-05 -8.26900884e-05  2.58886021e-05 -7.10530015e-07
 -1.18844997e-04 -7.10529677e-07  4.00978995e-05 -8.79572795e-05
  4.00978991e-05  7.71678759e-06 -1.63185853e-04  7.71678792e-06
  5.34836674e-05 -9.21052707e-05  5.34836670e-05  8.61938857e-06
 -1.86341727e-04  8.61938880e-06  6.36675258e-05 -9.71434383e-05
  6.36675254e-05  1.18746909e-06 -1.85887829e-04  1.18746917e-06
  7.08963132e-05 -1.06254341e-04  7.08963127e-05 -9.79188088e-06
 -1.69835132e-04 -9.79188098e-06  7.50821590e-05 -1.18572260e-04
  7.50821586e-05 -1.86479853e-05 -1.52661339e-04 -1.86479856e-05
  7.41330615e-05 -1.27370319e-04  7.41330611e-05 -2.44001497e-05
 -1.38587850e-04 -2.44001501e-05  6.17047168e-05 -1.28064365e-04
  6.17047165e-05 -3.43740982e-05 -1.28756253e-04 -3.43740986e-05
  4.16368143e-05 -1.12185618e-04  4.16368140e-05 -4.72218285e-05
 -1.21695443e-04 -4.72218289e-05  6.17942022e-05 -3.52327220e-05
  6.17942020e-05 -1.73072647e-05 -7.54109167e-05 -1.73072649e-05
 -2.57136567e-04 -2.86242338e-04 -2.57136567e-04 -3.25115384e-04
 -3.73822331e-04 -3.25115384e-04 -2.84927508e-05  8.98321894e-06
 -2.84927510e-05 -8.41281703e-05 -1.31340217e-04 -8.41281701e-05
  1.69764910e-04  2.61327238e-04  1.69764910e-04  1.28233868e-04
  7.62508612e-05  1.28233869e-04 -3.04928524e-05  9.52979077e-05
 -3.04928527e-05 -5.57950854e-05 -1.14576326e-04 -5.57950848e-05
 -3.98503762e-05  9.65719586e-05 -3.98503765e-05 -4.72696172e-05
 -1.06688156e-04 -4.72696166e-05 -4.88467655e-05  7.60856602e-05
 -4.88467659e-05 -3.45081283e-05 -8.42835499e-05 -3.45081277e-05
 -5.86120059e-05  3.78539364e-05 -5.86120063e-05 -1.71143537e-05
 -5.08992406e-05 -1.71143531e-05 -6.82032436e-05 -9.77947979e-06
 -6.82032442e-05  2.77257152e-06 -1.39841223e-05  2.77257213e-06
 -7.67375888e-05 -5.55386544e-05 -7.67375893e-05  2.14521987e-05
  1.89937240e-05  2.14521993e-05 -8.41910176e-05 -8.93138570e-05
 -8.41910181e-05  3.52826886e-05  4.37801868e-05  3.52826890e-05
 -9.13675239e-05 -1.05057164e-04 -9.13675243e-05  4.18130033e-05
  6.03223908e-05  4.18130034e-05 -9.90365914e-05 -1.01977041e-04
 -9.90365918e-05  4.01873965e-05  7.14428881e-05  4.01873964e-05
 -1.07044020e-04 -8.33516649e-05 -1.07044020e-04  3.08503084e-05
  8.02797433e-05  3.08503080e-05 -1.14029644e-04 -5.37745084e-05
 -1.14029645e-04  1.49043537e-05  8.80692436e-05  1.49043530e-05
 -1.17780493e-04 -1.86486752e-05 -1.17780493e-04 -5.94454701e-06
  9.36145897e-05 -5.94454778e-06 -1.17348047e-04  1.78503298e-05
 -1.17348047e-04 -2.92918862e-05  9.53746410e-05 -2.92918870e-05
 -1.11502119e-04  5.26206942e-05 -1.11502119e-04 -5.27900128e-05
  9.00678406e-05 -5.27900135e-05 -9.95917976e-05  8.13076923e-05
 -9.95917979e-05 -7.38045702e-05  7.53619642e-05 -7.38045708e-05
 -8.18463735e-05  1.00406808e-04 -8.18463739e-05 -9.01635176e-05
  5.06465016e-05 -9.01635180e-05 -5.93305030e-05  1.07609018e-04
 -5.93305037e-05 -1.00545999e-04  1.82182426e-05 -1.00545999e-04
 -3.55681934e-05  1.03595498e-04 -3.55681943e-05 -1.05155556e-04
 -1.64130031e-05 -1.05155556e-04 -1.43915559e-05  8.81200957e-05
 -1.43915571e-05 -1.03533519e-04 -4.76507142e-05 -1.03533519e-04
  9.77146424e-07  6.24377096e-05  9.77145124e-07 -9.53543485e-05
 -7.03999338e-05 -9.53543481e-05  8.61426489e-06  3.06728026e-05
  8.61426355e-06 -8.15353508e-05 -8.22340075e-05 -8.15353503e-05
  8.44265124e-06 -8.71598124e-07  8.44264999e-06 -6.43701858e-05
 -8.39926574e-05 -6.43701854e-05  1.84770905e-06 -2.57735317e-05
  1.84770805e-06 -4.68609114e-05 -7.91363023e-05 -4.68609112e-05
 -9.29428867e-06 -3.93023392e-05 -9.29428928e-06 -3.21758083e-05
 -6.96033357e-05 -3.21758084e-05 -2.36235403e-05 -4.20329643e-05
 -2.36235405e-05 -2.25802923e-05 -5.60816293e-05 -2.25802927e-05
 -3.99716855e-05 -3.74935887e-05 -3.99716853e-05 -1.70181403e-05
 -3.90657627e-05 -1.70181409e-05 -5.64348740e-05 -3.19215622e-05
 -5.64348735e-05 -1.24897227e-05 -1.97907026e-05 -1.24897233e-05
 -7.02900277e-05 -2.80381449e-05 -7.02900270e-05 -7.99367198e-06
 -2.08746683e-06 -7.99367253e-06 -8.03434673e-05 -2.53863401e-05
 -8.03434665e-05 -2.97010262e-06  9.84130266e-06 -2.97010301e-06
 -8.52304180e-05 -2.15172983e-05 -8.52304173e-05  1.69574670e-06
  1.19047729e-05  1.69574650e-06 -8.40652876e-05 -1.31600666e-05
 -8.40652870e-05  4.76030139e-06  1.16482668e-06  4.76030139e-06
 -7.78825640e-05  2.39055593e-06 -7.78825636e-05  6.00269555e-06
 -2.29607900e-05  6.00269573e-06 -6.77395507e-05  2.84936073e-05
 -6.77395505e-05  4.43474453e-06 -6.10805874e-05  4.43474486e-06
 -5.41314913e-05  6.33266444e-05 -5.41314913e-05  1.04014402e-07
 -1.11115879e-04  1.04014840e-07 -3.79573700e-05  1.00092235e-04
 -3.79573702e-05 -6.36018899e-06 -1.66388872e-04 -6.36018847e-06
 -2.06842606e-05  1.30043068e-04 -2.06842609e-05 -1.47906596e-05
 -2.16218625e-04 -1.47906590e-05 -4.28902787e-06  1.46384298e-04
 -4.28902830e-06 -2.59611382e-05 -2.48693644e-04 -2.59611375e-05
  9.10528602e-06  1.47024094e-04  9.10528557e-06 -4.10736671e-05
 -2.54812300e-04 -4.10736664e-05  1.80616727e-05  1.34628895e-04
  1.80616723e-05 -6.04458093e-05 -2.32669558e-04 -6.04458086e-05
  2.26353445e-05  1.14238554e-04  2.26353442e-05 -8.23957967e-05
 -1.89115785e-04 -8.23957960e-05  2.43212965e-05  9.05568524e-05
  2.43212963e-05 -1.03434167e-04 -1.36947801e-04 -1.03434166e-04
 -1.38882608e-04 -9.64539799e-05 -1.38882608e-04 -2.83583981e-04
 -2.51419146e-04 -2.83583980e-04  1.22408739e-05  3.56061715e-05
  1.22408741e-05 -1.42445545e-04 -5.87344281e-05 -1.42445544e-04
  3.53164723e-05  4.71504676e-05  3.53164726e-05 -1.23031979e-04
 -6.79554253e-06 -1.23031979e-04 -3.17491699e-07  7.87326795e-06
 -3.17491309e-07 -1.57547284e-04 -3.21806001e-05 -1.57547285e-04
  2.22135213e-04  2.34261702e-04  2.22135214e-04  6.97574120e-05
  1.80553617e-04  6.97574116e-05  2.16670910e-05  4.74611441e-05
  2.16670914e-05 -1.21572231e-04 -4.20900330e-05 -1.21572232e-04
  1.66207348e-05  6.40638099e-05  1.66207351e-05 -1.13110017e-04
 -5.95025302e-05 -1.13110018e-04 -3.61406339e-05  3.43165339e-05
 -3.61406338e-05 -1.51351179e-04 -9.36107159e-05 -1.51351180e-04
 -2.37459309e-05  6.59011217e-05 -2.37459312e-05 -1.26969332e-04
 -2.47969511e-05 -1.26969333e-04 -1.54030073e-05  8.47123005e-05
 -1.54030080e-05 -1.11516590e-04  6.70246917e-05 -1.11516591e-04
 -3.65274034e-05  6.27053719e-05 -3.65274044e-05 -1.30555466e-04
  1.27682524e-04 -1.30555468e-04 -6.19559637e-05  2.50430822e-05
 -6.19559650e-05 -1.57153476e-04  1.47941349e-04 -1.57153478e-04
  9.37039199e-05  1.61491165e-04  9.37039184e-05 -2.66976700e-06
  2.94154132e-04 -2.66976847e-06 -2.72335360e-05  2.37216254e-05
 -2.72335376e-05 -1.20941879e-04  1.16249097e-04 -1.20941881e-04
 -1.63737475e-05  3.16388894e-05 -1.63737489e-05 -1.00261290e-04
  4.88375444e-05 -1.00261291e-04 -1.47050871e-05  6.03692496e-05
 -1.47050884e-05 -8.12487216e-05 -1.91344333e-05 -8.12487221e-05
 -2.64774010e-05  1.13273681e-04 -2.64774020e-05 -7.09571952e-05
 -7.05732757e-05 -7.09571953e-05 -4.55845003e-05  1.76092680e-04
 -4.55845011e-05 -6.74898230e-05 -1.03821628e-04 -6.74898228e-05
 -6.53509735e-05  2.28926910e-04 -6.53509741e-05 -6.56622705e-05
 -1.18778291e-04 -6.56622701e-05 -8.45194631e-05  2.58076294e-04
 -8.45194634e-05 -6.32459834e-05 -1.09643117e-04 -6.32459829e-05
 -2.84151046e-04  7.64372565e-05 -2.84151047e-04 -2.41260607e-04
 -2.59057189e-04 -2.41260607e-04 -1.15120285e-04  2.33462359e-04
 -1.15120285e-04 -5.29721503e-05 -2.80716550e-05 -5.29721499e-05
 -1.22855075e-04  1.89500522e-04 -1.22855075e-04 -4.55421446e-05
  2.52955503e-05 -4.55421443e-05 -1.25351662e-04  1.35128857e-04
 -1.25351662e-04 -3.59604058e-05  7.27157907e-05 -3.59604057e-05
 -1.23525052e-04  7.87967344e-05 -1.23525052e-04 -2.30534597e-05
  1.04285049e-04 -2.30534598e-05 -1.19786000e-04  2.76289027e-05
 -1.19786000e-04 -6.72871804e-06  1.16886325e-04 -6.72871834e-06
 -1.17181182e-04 -1.56150609e-05 -1.17181183e-04  1.13035663e-05
  1.17115759e-04  1.13035658e-05 -1.17041663e-04 -5.34177730e-05
 -1.17041664e-04  2.81012755e-05  1.16635694e-04  2.81012749e-05
 -1.16817592e-04 -8.84756417e-05 -1.16817592e-04  4.14710009e-05
  1.18696162e-04  4.14710003e-05 -1.13966337e-04 -1.18017606e-04
 -1.13966337e-04  5.07791695e-05  1.17535274e-04  5.07791688e-05
 -1.09343636e-04 -1.34891212e-04 -1.09343636e-04  5.49511853e-05
  1.10761436e-04  5.49511847e-05 -7.35890789e-05 -9.95674214e-05
 -7.35890789e-05  8.26793730e-05  1.28775753e-04  8.26793725e-05
 -4.45197939e-05 -4.51571569e-05 -4.45197937e-05  9.54318420e-05
  1.29897368e-04  9.54318416e-05 -7.20203808e-05 -2.64415588e-05
 -7.20203806e-05  4.45468741e-05  6.20687026e-05  4.45468739e-05
 -3.00657243e-04 -1.99785742e-04 -3.00657243e-04 -2.11978184e-04
 -2.15170777e-04 -2.11978184e-04 -2.57786649e-04 -1.07339997e-04
 -2.57786649e-04 -1.97832130e-04 -2.21516764e-04 -1.97832130e-04
  1.95327045e-03  2.13495951e-03  1.95327045e-03  1.98811476e-03
  1.94924406e-03  1.98811476e-03 -4.07762542e-06  1.82837506e-04
 -4.07762505e-06  1.35463716e-05 -3.19047504e-05  1.35463722e-05]
Number of iterations 291
Completed in 0:03:43.155851 HH:MM:SS.US
Final objective value with norm: 
0.0986493597452337
Final penalty of max controllers: 
5.026131345483991e-08
Final evolution
[[-0.30172848+0.18266669j -0.3074032 +0.17727084j -0.30860409+0.17683325j
  -0.30313831+0.17879698j -0.3074032 +0.17727084j -0.29968058+0.18057076j
  -0.30313831+0.17879698j -0.309004  +0.17782815j]
 [-0.30935136+0.17307022j -0.00056578-0.35558494j -0.30560084+0.17682627j
   0.00232809-0.35258901j  0.00246016+0.35319985j  0.30854277-0.17244802j
  -0.00218537+0.35281484j  0.30616233-0.17610231j]
 [-0.30644612+0.17927077j -0.30828139+0.17576414j  0.30793787-0.17606265j
   0.30605976-0.17483834j -0.30828139+0.17576414j -0.30265191+0.17838494j
   0.30605976-0.17483834j  0.30670086-0.1740725j ]
 [-0.30486652+0.17366492j -0.00212783-0.35271161j  0.30435117-0.17855987j
  -0.00081629+0.35444005j  0.00238563+0.35269224j  0.30907401-0.17545632j
   0.00220965-0.35434474j -0.30629516+0.17959465j]
 [-0.30935136+0.17307022j  0.00246016+0.35319985j -0.30560084+0.17682627j
  -0.00218537+0.35281484j -0.00056578-0.35558494j  0.30854277-0.17244802j
   0.00232809-0.35258901j  0.30616233-0.17610231j]
 [-0.30382638+0.1800515j   0.30563442-0.17603383j -0.30498525+0.1753057j
   0.3073199 -0.17710726j  0.30563442-0.17603383j -0.30541324+0.18006291j
   0.3073199 -0.17710726j -0.30756406+0.17550422j]
 [-0.30486652+0.17366492j  0.00238563+0.35269224j  0.30435117-0.17855987j
   0.00220965-0.35434474j -0.00212783-0.35271161j  0.30907401-0.17545632j
  -0.00081629+0.35444005j -0.30629516+0.17959465j]
 [-0.30596304+0.18355883j  0.30574083-0.17396963j  0.30805723-0.17514866j
  -0.30698839+0.17844437j  0.30574083-0.17396963j -0.30484346+0.18176826j
  -0.30698839+0.17844437j  0.3032234 -0.17189673j]]

********* Summary *****************
Final fidelity error 0.0986493597452337
Final objective value 0.09864961105180098
Final penalized value 2.5130656722271993e-07
Final error 2.513065672741995e-07
Final gradient [ 8.30370629e-05 -2.57282922e-05  8.30370635e-05 -6.84581303e-05
 -2.56741976e-05 -6.84581310e-05  6.77618112e-05 -7.68437528e-05
  6.77618116e-05 -3.79059192e-05  7.16967790e-06 -3.79059198e-05
  4.24094487e-05 -8.93641340e-05  4.24094489e-05 -1.83943143e-05
  3.83708725e-05 -1.83943148e-05  1.24035304e-05 -7.55330580e-05
  1.24035305e-05 -5.31649327e-06  5.61261716e-05 -5.31649372e-06
 -1.52371587e-05 -4.76219092e-05 -1.52371585e-05  5.70593822e-06
  5.62497431e-05  5.70593787e-06 -4.06198652e-05 -1.05199618e-05
 -4.06198650e-05  1.49027766e-05  3.91716464e-05  1.49027764e-05
 -6.31051552e-05  2.95464593e-05 -6.31051550e-05  2.35174388e-05
  1.14345996e-05  2.35174387e-05 -8.23210000e-05  6.60460710e-05
 -8.23209998e-05  3.18464882e-05 -1.93360515e-05  3.18464880e-05
 -9.68253793e-05  9.19789362e-05 -9.68253792e-05  3.97017499e-05
 -4.69709119e-05  3.97017498e-05 -1.03534753e-04  1.00267644e-04
 -1.03534753e-04  4.63968420e-05 -6.73858029e-05  4.63968419e-05
 -1.01428947e-04  9.29521510e-05 -1.01428947e-04  4.90778521e-05
 -7.85276736e-05  4.90778519e-05 -9.20530781e-05  7.78360619e-05
 -9.20530783e-05  4.47090409e-05 -7.94082452e-05  4.47090407e-05
 -7.86126971e-05  6.45605558e-05 -7.86126975e-05  3.06632515e-05
 -6.90598553e-05  3.06632511e-05 -6.67299535e-05  6.46897390e-05
 -6.67299541e-05  5.30637329e-06 -4.62533781e-05  5.30637274e-06
  3.01808084e-05  1.64192507e-04  3.01808077e-05  6.12107485e-05
  7.95448632e-05  6.12107477e-05 -2.94685296e-05  1.09843487e-04
 -2.94685303e-05 -3.87022622e-05  6.50699688e-05 -3.87022632e-05
  4.05644720e-05  1.81754504e-04  4.05644714e-05 -3.60654565e-06
  1.87753623e-04 -3.60654697e-06 -3.16238690e-04 -1.81921602e-04
 -3.16238691e-04 -3.85677215e-04 -1.24621329e-04 -3.85677216e-04
  1.53472812e-04  2.70389655e-04  1.53472811e-04  7.08060924e-05
  3.69163759e-04  7.08060908e-05 -5.64500246e-05  3.47951328e-05
 -5.64500249e-05 -1.40755343e-04  1.63032193e-04 -1.40755345e-04
 -3.68209061e-05  2.37773029e-05 -3.68209063e-05 -1.13837837e-04
  1.74859757e-04 -1.13837838e-04 -3.31265855e-05 -4.92804289e-06
 -3.31265856e-05 -9.83491431e-05  1.65203075e-04 -9.83491442e-05
 -3.22945833e-05 -3.47210527e-05 -3.22945834e-05 -8.59570805e-05
  1.45996278e-04 -8.59570814e-05 -2.41880158e-05 -5.26577053e-05
 -2.41880159e-05 -6.90172368e-05  1.24465107e-04 -6.90172374e-05
 -1.71380186e-05 -6.57852176e-05 -1.71380187e-05 -5.59558734e-05
  9.05280185e-05 -5.59558737e-05 -8.45970091e-06 -7.21086798e-05
 -8.45970106e-06 -4.27866940e-05  4.66218530e-05 -4.27866941e-05
  1.06613480e-06 -7.53546460e-05  1.06613459e-06 -2.90655232e-05
 -6.24555659e-06 -2.90655231e-05  1.25311290e-05 -7.83021334e-05
  1.25311288e-05 -1.41759892e-05 -6.34419027e-05 -1.41759890e-05
  2.58886024e-05 -8.26900884e-05  2.58886021e-05 -7.10530015e-07
 -1.18844997e-04 -7.10529677e-07  4.00978995e-05 -8.79572795e-05
  4.00978991e-05  7.71678759e-06 -1.63185853e-04  7.71678792e-06
  5.34836674e-05 -9.21052707e-05  5.34836670e-05  8.61938857e-06
 -1.86341727e-04  8.61938880e-06  6.36675258e-05 -9.71434383e-05
  6.36675254e-05  1.18746909e-06 -1.85887829e-04  1.18746917e-06
  7.08963132e-05 -1.06254341e-04  7.08963127e-05 -9.79188088e-06
 -1.69835132e-04 -9.79188098e-06  7.50821590e-05 -1.18572260e-04
  7.50821586e-05 -1.86479853e-05 -1.52661339e-04 -1.86479856e-05
  7.41330615e-05 -1.27370319e-04  7.41330611e-05 -2.44001497e-05
 -1.38587850e-04 -2.44001501e-05  6.17047168e-05 -1.28064365e-04
  6.17047165e-05 -3.43740982e-05 -1.28756253e-04 -3.43740986e-05
  4.16368143e-05 -1.12185618e-04  4.16368140e-05 -4.72218285e-05
 -1.21695443e-04 -4.72218289e-05  6.17942022e-05 -3.52327220e-05
  6.17942020e-05 -1.73072647e-05 -7.54109167e-05 -1.73072649e-05
 -2.57136567e-04 -2.86242338e-04 -2.57136567e-04 -3.25115384e-04
 -3.73822331e-04 -3.25115384e-04 -2.84927508e-05  8.98321894e-06
 -2.84927510e-05 -8.41281703e-05 -1.31340217e-04 -8.41281701e-05
  1.69764910e-04  2.61327238e-04  1.69764910e-04  1.28233868e-04
  7.62508612e-05  1.28233869e-04 -3.04928524e-05  9.52979077e-05
 -3.04928527e-05 -5.57950854e-05 -1.14576326e-04 -5.57950848e-05
 -3.98503762e-05  9.65719586e-05 -3.98503765e-05 -4.72696172e-05
 -1.06688156e-04 -4.72696166e-05 -4.88467655e-05  7.60856602e-05
 -4.88467659e-05 -3.45081283e-05 -8.42835499e-05 -3.45081277e-05
 -5.86120059e-05  3.78539364e-05 -5.86120063e-05 -1.71143537e-05
 -5.08992406e-05 -1.71143531e-05 -6.82032436e-05 -9.77947979e-06
 -6.82032442e-05  2.77257152e-06 -1.39841223e-05  2.77257213e-06
 -7.67375888e-05 -5.55386544e-05 -7.67375893e-05  2.14521987e-05
  1.89937240e-05  2.14521993e-05 -8.41910176e-05 -8.93138570e-05
 -8.41910181e-05  3.52826886e-05  4.37801868e-05  3.52826890e-05
 -9.13675239e-05 -1.05057164e-04 -9.13675243e-05  4.18130033e-05
  6.03223908e-05  4.18130034e-05 -9.90365914e-05 -1.01977041e-04
 -9.90365918e-05  4.01873965e-05  7.14428881e-05  4.01873964e-05
 -1.07044020e-04 -8.33516649e-05 -1.07044020e-04  3.08503084e-05
  8.02797433e-05  3.08503080e-05 -1.14029644e-04 -5.37745084e-05
 -1.14029645e-04  1.49043537e-05  8.80692436e-05  1.49043530e-05
 -1.17780493e-04 -1.86486752e-05 -1.17780493e-04 -5.94454701e-06
  9.36145897e-05 -5.94454778e-06 -1.17348047e-04  1.78503298e-05
 -1.17348047e-04 -2.92918862e-05  9.53746410e-05 -2.92918870e-05
 -1.11502119e-04  5.26206942e-05 -1.11502119e-04 -5.27900128e-05
  9.00678406e-05 -5.27900135e-05 -9.95917976e-05  8.13076923e-05
 -9.95917979e-05 -7.38045702e-05  7.53619642e-05 -7.38045708e-05
 -8.18463735e-05  1.00406808e-04 -8.18463739e-05 -9.01635176e-05
  5.06465016e-05 -9.01635180e-05 -5.93305030e-05  1.07609018e-04
 -5.93305037e-05 -1.00545999e-04  1.82182426e-05 -1.00545999e-04
 -3.55681934e-05  1.03595498e-04 -3.55681943e-05 -1.05155556e-04
 -1.64130031e-05 -1.05155556e-04 -1.43915559e-05  8.81200957e-05
 -1.43915571e-05 -1.03533519e-04 -4.76507142e-05 -1.03533519e-04
  9.77146424e-07  6.24377096e-05  9.77145124e-07 -9.53543485e-05
 -7.03999338e-05 -9.53543481e-05  8.61426489e-06  3.06728026e-05
  8.61426355e-06 -8.15353508e-05 -8.22340075e-05 -8.15353503e-05
  8.44265124e-06 -8.71598124e-07  8.44264999e-06 -6.43701858e-05
 -8.39926574e-05 -6.43701854e-05  1.84770905e-06 -2.57735317e-05
  1.84770805e-06 -4.68609114e-05 -7.91363023e-05 -4.68609112e-05
 -9.29428867e-06 -3.93023392e-05 -9.29428928e-06 -3.21758083e-05
 -6.96033357e-05 -3.21758084e-05 -2.36235403e-05 -4.20329643e-05
 -2.36235405e-05 -2.25802923e-05 -5.60816293e-05 -2.25802927e-05
 -3.99716855e-05 -3.74935887e-05 -3.99716853e-05 -1.70181403e-05
 -3.90657627e-05 -1.70181409e-05 -5.64348740e-05 -3.19215622e-05
 -5.64348735e-05 -1.24897227e-05 -1.97907026e-05 -1.24897233e-05
 -7.02900277e-05 -2.80381449e-05 -7.02900270e-05 -7.99367198e-06
 -2.08746683e-06 -7.99367253e-06 -8.03434673e-05 -2.53863401e-05
 -8.03434665e-05 -2.97010262e-06  9.84130266e-06 -2.97010301e-06
 -8.52304180e-05 -2.15172983e-05 -8.52304173e-05  1.69574670e-06
  1.19047729e-05  1.69574650e-06 -8.40652876e-05 -1.31600666e-05
 -8.40652870e-05  4.76030139e-06  1.16482668e-06  4.76030139e-06
 -7.78825640e-05  2.39055593e-06 -7.78825636e-05  6.00269555e-06
 -2.29607900e-05  6.00269573e-06 -6.77395507e-05  2.84936073e-05
 -6.77395505e-05  4.43474453e-06 -6.10805874e-05  4.43474486e-06
 -5.41314913e-05  6.33266444e-05 -5.41314913e-05  1.04014402e-07
 -1.11115879e-04  1.04014840e-07 -3.79573700e-05  1.00092235e-04
 -3.79573702e-05 -6.36018899e-06 -1.66388872e-04 -6.36018847e-06
 -2.06842606e-05  1.30043068e-04 -2.06842609e-05 -1.47906596e-05
 -2.16218625e-04 -1.47906590e-05 -4.28902787e-06  1.46384298e-04
 -4.28902830e-06 -2.59611382e-05 -2.48693644e-04 -2.59611375e-05
  9.10528602e-06  1.47024094e-04  9.10528557e-06 -4.10736671e-05
 -2.54812300e-04 -4.10736664e-05  1.80616727e-05  1.34628895e-04
  1.80616723e-05 -6.04458093e-05 -2.32669558e-04 -6.04458086e-05
  2.26353445e-05  1.14238554e-04  2.26353442e-05 -8.23957967e-05
 -1.89115785e-04 -8.23957960e-05  2.43212965e-05  9.05568524e-05
  2.43212963e-05 -1.03434167e-04 -1.36947801e-04 -1.03434166e-04
 -1.38882608e-04 -9.64539799e-05 -1.38882608e-04 -2.83583981e-04
 -2.51419146e-04 -2.83583980e-04  1.22408739e-05  3.56061715e-05
  1.22408741e-05 -1.42445545e-04 -5.87344281e-05 -1.42445544e-04
  3.53164723e-05  4.71504676e-05  3.53164726e-05 -1.23031979e-04
 -6.79554253e-06 -1.23031979e-04 -3.17491699e-07  7.87326795e-06
 -3.17491309e-07 -1.57547284e-04 -3.21806001e-05 -1.57547285e-04
  2.22135213e-04  2.34261702e-04  2.22135214e-04  6.97574120e-05
  1.80553617e-04  6.97574116e-05  2.16670910e-05  4.74611441e-05
  2.16670914e-05 -1.21572231e-04 -4.20900330e-05 -1.21572232e-04
  1.66207348e-05  6.40638099e-05  1.66207351e-05 -1.13110017e-04
 -5.95025302e-05 -1.13110018e-04 -3.61406339e-05  3.43165339e-05
 -3.61406338e-05 -1.51351179e-04 -9.36107159e-05 -1.51351180e-04
 -2.37459309e-05  6.59011217e-05 -2.37459312e-05 -1.26969332e-04
 -2.47969511e-05 -1.26969333e-04 -1.54030073e-05  8.47123005e-05
 -1.54030080e-05 -1.11516590e-04  6.70246917e-05 -1.11516591e-04
 -3.65274034e-05  6.27053719e-05 -3.65274044e-05 -1.30555466e-04
  1.27682524e-04 -1.30555468e-04 -6.19559637e-05  2.50430822e-05
 -6.19559650e-05 -1.57153476e-04  1.47941349e-04 -1.57153478e-04
  9.37039199e-05  1.61491165e-04  9.37039184e-05 -2.66976700e-06
  2.94154132e-04 -2.66976847e-06 -2.72335360e-05  2.37216254e-05
 -2.72335376e-05 -1.20941879e-04  1.16249097e-04 -1.20941881e-04
 -1.63737475e-05  3.16388894e-05 -1.63737489e-05 -1.00261290e-04
  4.88375444e-05 -1.00261291e-04 -1.47050871e-05  6.03692496e-05
 -1.47050884e-05 -8.12487216e-05 -1.91344333e-05 -8.12487221e-05
 -2.64774010e-05  1.13273681e-04 -2.64774020e-05 -7.09571952e-05
 -7.05732757e-05 -7.09571953e-05 -4.55845003e-05  1.76092680e-04
 -4.55845011e-05 -6.74898230e-05 -1.03821628e-04 -6.74898228e-05
 -6.53509735e-05  2.28926910e-04 -6.53509741e-05 -6.56622705e-05
 -1.18778291e-04 -6.56622701e-05 -8.45194631e-05  2.58076294e-04
 -8.45194634e-05 -6.32459834e-05 -1.09643117e-04 -6.32459829e-05
 -2.84151046e-04  7.64372565e-05 -2.84151047e-04 -2.41260607e-04
 -2.59057189e-04 -2.41260607e-04 -1.15120285e-04  2.33462359e-04
 -1.15120285e-04 -5.29721503e-05 -2.80716550e-05 -5.29721499e-05
 -1.22855075e-04  1.89500522e-04 -1.22855075e-04 -4.55421446e-05
  2.52955503e-05 -4.55421443e-05 -1.25351662e-04  1.35128857e-04
 -1.25351662e-04 -3.59604058e-05  7.27157907e-05 -3.59604057e-05
 -1.23525052e-04  7.87967344e-05 -1.23525052e-04 -2.30534597e-05
  1.04285049e-04 -2.30534598e-05 -1.19786000e-04  2.76289027e-05
 -1.19786000e-04 -6.72871804e-06  1.16886325e-04 -6.72871834e-06
 -1.17181182e-04 -1.56150609e-05 -1.17181183e-04  1.13035663e-05
  1.17115759e-04  1.13035658e-05 -1.17041663e-04 -5.34177730e-05
 -1.17041664e-04  2.81012755e-05  1.16635694e-04  2.81012749e-05
 -1.16817592e-04 -8.84756417e-05 -1.16817592e-04  4.14710009e-05
  1.18696162e-04  4.14710003e-05 -1.13966337e-04 -1.18017606e-04
 -1.13966337e-04  5.07791695e-05  1.17535274e-04  5.07791688e-05
 -1.09343636e-04 -1.34891212e-04 -1.09343636e-04  5.49511853e-05
  1.10761436e-04  5.49511847e-05 -7.35890789e-05 -9.95674214e-05
 -7.35890789e-05  8.26793730e-05  1.28775753e-04  8.26793725e-05
 -4.45197939e-05 -4.51571569e-05 -4.45197937e-05  9.54318420e-05
  1.29897368e-04  9.54318416e-05 -7.20203808e-05 -2.64415588e-05
 -7.20203806e-05  4.45468741e-05  6.20687026e-05  4.45468739e-05
 -3.00657243e-04 -1.99785742e-04 -3.00657243e-04 -2.11978184e-04
 -2.15170777e-04 -2.11978184e-04 -2.57786649e-04 -1.07339997e-04
 -2.57786649e-04 -1.97832130e-04 -2.21516764e-04 -1.97832130e-04
  1.95327045e-03  2.13495951e-03  1.95327045e-03  1.98811476e-03
  1.94924406e-03  1.98811476e-03 -4.07762542e-06  1.82837506e-04
 -4.07762505e-06  1.35463716e-05 -3.19047504e-05  1.35463722e-05]
Number of iterations 291
Completed in 0:12:12.188812 HH:MM:SS.US
Final objective value with norm: 
0.0986493597452337
Final penalty of max controllers: 
5.026131345483991e-08
