Final evolution
[[ 0.04948252+0.49896014j  0.04601063+0.4953481j   0.04601063+0.4953481j
   0.0564518 +0.50042983j]
 [ 0.05177156+0.50218393j  0.1531322 -0.47924593j -0.1558848 +0.47181059j
  -0.05541928-0.49196369j]
 [ 0.05177156+0.50218393j -0.1558848 +0.47181059j  0.1531322 -0.47924593j
  -0.05541928-0.49196369j]
 [ 0.0543704 +0.48569139j -0.05070987-0.49991035j -0.05070987-0.49991035j
   0.05898618+0.50269739j]]

********* Summary *****************
Final fidelity error 0.016411353197178125
Final objective value 0.016411358058924765
Final penalized value 4.861746671913636e-09
Final error 4.861746640365794e-09
Final gradient [ 7.06020045e-06  7.06020010e-06 -5.71003587e-04 -5.71003587e-04
  4.91472577e-05  4.91472574e-05 -6.04154182e-04 -6.04154182e-04
  7.04220040e-05  7.04220037e-05 -6.27807584e-04 -6.27807584e-04
  6.93737491e-05  6.93737488e-05 -6.30178133e-04 -6.30178133e-04
  4.08180756e-05  4.08180753e-05 -6.03085065e-04 -6.03085065e-04
 -2.27783791e-05 -2.27783793e-05 -5.44351355e-04 -5.44351355e-04
 -1.26340069e-04 -1.26340069e-04 -4.58962009e-04 -4.58962009e-04
 -2.66996958e-04 -2.66996958e-04 -3.58907005e-04 -3.58907006e-04
 -4.31103999e-04 -4.31103999e-04 -2.60815399e-04 -2.60815399e-04
 -5.94176403e-04 -5.94176403e-04 -1.81231526e-04 -1.81231526e-04
 -7.24005745e-04 -7.24005745e-04 -1.31603837e-04 -1.31603837e-04
 -7.86719375e-04 -7.86719375e-04 -1.15292778e-04 -1.15292778e-04
 -7.55095700e-04 -7.55095700e-04 -1.27457585e-04 -1.27457585e-04
 -6.17560011e-04 -6.17560010e-04 -1.57076205e-04 -1.57076205e-04
 -3.85153474e-04 -3.85153473e-04 -1.90180578e-04 -1.90180578e-04
 -9.27379059e-05 -9.27379055e-05 -2.13757634e-04 -2.13757634e-04
  2.08086538e-04  2.08086539e-04 -2.19598476e-04 -2.19598477e-04
  4.62493279e-04  4.62493279e-04 -2.06704284e-04 -2.06704284e-04
  6.26214629e-04  6.26214629e-04 -1.80953313e-04 -1.80953312e-04
  6.74027822e-04  6.74027823e-04 -1.51866011e-04 -1.51866010e-04
  6.01865921e-04  6.01865921e-04 -1.27797715e-04 -1.27797714e-04
  4.25103646e-04  4.25103646e-04 -1.11422517e-04 -1.11422517e-04
  1.75491866e-04  1.75491866e-04 -9.71565742e-05 -9.71565737e-05
 -1.02676987e-04 -1.02676987e-04 -7.16232083e-05 -7.16232077e-05
 -3.57917466e-04 -3.57917467e-04 -1.77610334e-05 -1.77610328e-05
 -5.39643326e-04 -5.39643326e-04  7.71487207e-05  7.71487213e-05
 -6.09568882e-04 -6.09568882e-04  2.10793280e-04  2.10793280e-04
 -5.54135381e-04 -5.54135381e-04  3.57668692e-04  3.57668693e-04
 -3.91015144e-04 -3.91015144e-04  4.72342513e-04  4.72342513e-04
 -1.63162902e-04 -1.63162902e-04  5.07556792e-04  5.07556792e-04
  7.75211383e-05  7.75211383e-05  4.36893303e-04  4.36893303e-04
  2.86226066e-04  2.86226066e-04  2.65838259e-04  2.65838259e-04
  4.33342922e-04  4.33342922e-04  2.71826069e-05  2.71826070e-05
  5.06180908e-04  5.06180908e-04 -2.29999392e-04 -2.29999392e-04
  5.08441313e-04  5.08441313e-04 -4.49966498e-04 -4.49966498e-04
  4.57460157e-04  4.57460157e-04 -5.79502402e-04 -5.79502402e-04
  3.77003963e-04  3.77003963e-04 -5.80084415e-04 -5.80084415e-04
  2.86764033e-04  2.86764033e-04 -4.40785964e-04 -4.40785964e-04
  1.94261036e-04  1.94261036e-04 -1.83947659e-04 -1.83947660e-04
  9.48140268e-05  9.48140266e-05  1.42532307e-04  1.42532307e-04
 -2.06089713e-05 -2.06089715e-05  4.82677249e-04  4.82677249e-04
 -1.55802914e-04 -1.55802915e-04  7.87804126e-04  7.87804126e-04
 -3.03536611e-04 -3.03536612e-04  1.02149773e-03  1.02149773e-03
 -4.44069795e-04 -4.44069795e-04  1.15745146e-03  1.15745146e-03
 -5.46818118e-04 -5.46818118e-04  1.17913543e-03  1.17913543e-03
 -5.76991998e-04 -5.76991999e-04  1.08437961e-03  1.08437961e-03
 -5.08845932e-04 -5.08845932e-04  8.89359139e-04  8.89359139e-04
 -3.40158835e-04 -3.40158836e-04  6.25953129e-04  6.25953128e-04
 -9.74702123e-05 -9.74702125e-05  3.32936299e-04  3.32936299e-04
  1.73306915e-04  1.73306915e-04  4.61687867e-05  4.61687866e-05
  4.24790694e-04  4.24790694e-04 -2.08271890e-04 -2.08271890e-04
  6.22499232e-04  6.22499232e-04 -4.16848864e-04 -4.16848865e-04
  7.48830410e-04  7.48830410e-04 -5.76884881e-04 -5.76884881e-04
  7.99493762e-04  7.99493762e-04 -6.90721519e-04 -6.90721519e-04
  7.79288606e-04  7.79288606e-04 -7.58234649e-04 -7.58234649e-04
  7.00397907e-04  7.00397908e-04 -7.72813050e-04 -7.72813050e-04
  5.81055623e-04  5.81055624e-04 -7.25476193e-04 -7.25476193e-04
  4.41776311e-04  4.41776312e-04 -6.15702858e-04 -6.15702858e-04
  2.99980477e-04  2.99980478e-04 -4.60032785e-04 -4.60032786e-04
  1.66229527e-04  1.66229527e-04 -2.90493264e-04 -2.90493264e-04
  4.41550031e-05  4.41550036e-05 -1.43978080e-04 -1.43978080e-04
 -6.66124146e-05 -6.66124141e-05 -5.01586771e-05 -5.01586771e-05
 -1.66704090e-04 -1.66704090e-04 -2.38206776e-05 -2.38206775e-05
 -2.54709820e-04 -2.54709819e-04 -6.31209052e-05 -6.31209051e-05
 -3.27248188e-04 -3.27248188e-04 -1.52481671e-04 -1.52481671e-04
 -3.80883084e-04 -3.80883084e-04 -2.68179604e-04 -2.68179603e-04
 -4.14304729e-04 -4.14304729e-04 -3.84565346e-04 -3.84565345e-04
 -4.29297208e-04 -4.29297208e-04 -4.79124355e-04 -4.79124354e-04
 -4.30400472e-04 -4.30400472e-04 -5.35711883e-04 -5.35711882e-04
 -4.24226430e-04 -4.24226430e-04 -5.46227882e-04 -5.46227882e-04
 -4.19186618e-04 -4.19186618e-04 -5.11042930e-04 -5.11042929e-04
 -4.25687355e-04 -4.25687355e-04 -4.38233451e-04 -4.38233451e-04
 -4.55827315e-04 -4.55827315e-04 -3.41045797e-04 -3.41045797e-04
 -5.21898419e-04 -5.21898419e-04 -2.33589172e-04 -2.33589172e-04
 -6.33185862e-04 -6.33185862e-04 -1.25531655e-04 -1.25531655e-04
 -7.91311310e-04 -7.91311310e-04 -1.82227916e-05 -1.82227915e-05
 -9.84399363e-04 -9.84399364e-04  9.50652592e-05  9.50652592e-05
 -1.18212579e-03 -1.18212579e-03  2.22724024e-04  2.22724024e-04
 -1.33650702e-03 -1.33650702e-03  3.63650592e-04  3.63650592e-04
 -4.50900870e-03 -4.50900870e-03 -2.61641652e-03 -2.61641652e-03]
Number of iterations 500
Completed in 0:02:14.027293 HH:MM:SS.US
Final objective value with norm: 
0.016411353197178125
Final penalty of max controllers: 
2.4308733201828968e-12
