Final evolution
[[ 0.26657883-0.04023802j  0.24336962+0.00896728j  0.2380559 -0.03079919j
   0.23810818-0.03106822j  0.23807875-0.03079845j  0.23614041-0.01777479j
   0.25189846-0.03244596j  0.29849112-0.0088334j   0.24338195+0.0089479j
   0.22458237-0.04322904j  0.2361048 -0.01777312j  0.21137726-0.04318554j
   0.23811967-0.03109654j  0.21140537-0.04317505j  0.29847144-0.00889131j
   0.27434406-0.04957758j]
 [ 0.24587567-0.03260154j -0.27344257-0.02846297j  0.24018728-0.02672852j
  -0.25102154-0.01183729j  0.24657604-0.04614696j -0.26072046-0.0500458j
   0.25152919-0.03420348j -0.22322223-0.03602195j  0.26497899+0.01252789j
  -0.25725212+0.07605861j  0.25923454+0.07570742j -0.23972379+0.02215939j
   0.23997727+0.00506527j -0.23375324+0.02421874j  0.19363521+0.04529273j
  -0.25173404+0.05821047j]
 [ 0.27797537-0.05097289j  0.22376964+0.00906306j -0.21838332-0.06988927j
  -0.21036451-0.07806914j  0.23084663+0.07609842j  0.22738632+0.10439524j
  -0.25775921+0.02877807j -0.24305987+0.030894j    0.24270324-0.02857631j
   0.2653986 -0.00427994j -0.20653304-0.07532613j -0.26157882-0.08990239j
   0.25455185+0.06010837j  0.28472595+0.05198006j -0.22638826+0.01161586j
  -0.2428355 +0.02280226j]
 [ 0.23401421-0.04674162j -0.24545189-0.01697194j -0.27200297-0.0763887j
   0.250891  -0.04496418j  0.25176401+0.04197414j -0.21636831+0.05038468j
  -0.23908558+0.05780271j  0.24412509+0.0369224j   0.21349565-0.00681853j
  -0.27437953+0.03493677j -0.24924064+0.01149436j  0.23148873+0.06526463j
   0.24165236-0.04074429j -0.23441657-0.05103956j -0.26949493-0.02484102j
   0.26118967-0.02137507j]
 [ 0.2779964 -0.05094054j  0.24271174-0.02857136j  0.23086098+0.07611578j
   0.25456135+0.06008018j -0.21835911-0.06987827j -0.20650722-0.07534063j
  -0.25774912+0.02881724j -0.22635009+0.01160975j  0.22375097+0.00904686j
   0.2653488 -0.00431719j  0.22744387+0.10442255j  0.28477341+0.05198218j
  -0.21035905-0.0780484j  -0.26160407-0.08987687j -0.24305107+0.03089685j
  -0.24282451+0.02280215j]
 [ 0.24775905-0.02894991j -0.23263861-0.04410913j  0.23613873+0.0930963j
  -0.25146118+0.05414203j -0.25368155-0.0731865j   0.24246289-0.0294122j
  -0.25106937+0.03895897j  0.29060041+0.0374446j   0.22080012+0.02809794j
  -0.24404021+0.05486695j  0.24101344-0.04093549j -0.21365964-0.07462j
  -0.27539073+0.02018971j  0.22898715+0.04833622j -0.25957194-0.03976966j
   0.21899299-0.01799894j]
 [ 0.23906196-0.01856687j  0.25613303+0.00185181j -0.24099876+0.04182831j
  -0.25369853+0.03445253j -0.24102808+0.04183604j -0.28625343+0.03928282j
   0.19706615-0.00460428j  0.24449042-0.04191244j  0.25612673+0.00185278j
   0.21372778-0.0456579j  -0.28625407+0.03926787j -0.26469294+0.0317054j
  -0.25373342+0.03442642j -0.26470372+0.03172554j  0.2444631 -0.04194062j
   0.20423329+0.00271824j]
 [ 0.2299899 -0.05730131j -0.26426245-0.02327121j -0.24693415+0.03733397j
   0.2458951 +0.02997494j -0.25712419+0.00892036j  0.23475386+0.00257121j
   0.2648654 -0.01493572j -0.24552129-0.01774158j  0.26766843+0.0197695j
  -0.2267455 +0.0176282j  -0.25152658-0.03611519j  0.25475783-0.02256988j
  -0.23668149-0.01163015j  0.26109247-0.01390691j  0.24547311+0.00657413j
  -0.23515077+0.0598047j ]
 [ 0.24583437-0.03261713j  0.264967  +0.01253724j  0.24658435-0.04612007j
   0.23998279+0.00505277j  0.24022058-0.02673365j  0.25925796+0.07570885j
   0.2515383 -0.03414469j  0.19357327+0.04532653j -0.27349637-0.02843584j
  -0.25720229+0.0760752j  -0.26077366-0.05005769j -0.23374026+0.02426092j
  -0.25103577-0.0118442j  -0.23969637+0.0221284j  -0.22322337-0.03601936j
  -0.25171201+0.05822164j]
 [ 0.24338149-0.01690945j -0.23472919-0.00917908j  0.25092548-0.05454285j
  -0.25528193+0.02093977j  0.25091065-0.05459087j -0.2554854 +0.0252679j
   0.2381927 -0.04157134j -0.22730463+0.02870086j -0.23471016-0.00914987j
   0.25166798-0.06099419j -0.25546001+0.02526211j  0.25174507-0.04868308j
  -0.2552362 +0.02088592j  0.25171339-0.0486544j  -0.22725687+0.02869151j
   0.26632587-0.04866968j]
 [ 0.24772905-0.02896237j  0.22084467+0.02810252j -0.25374675-0.07324495j
  -0.27537796+0.02016623j  0.23614626+0.09311037j  0.24101528-0.04089763j
  -0.25104334+0.03891771j -0.25954556-0.039798j   -0.2326509 -0.04408746j
  -0.24403368+0.05480638j  0.24246478-0.02937292j  0.22895813+0.04837585j
  -0.25146547+0.05413686j -0.21360897-0.07468067j  0.29060126+0.03746484j
   0.21901633-0.01799707j]
 [ 0.22912072-0.05166458j -0.26675902+0.02023686j -0.22109528-0.04094788j
   0.2685487 +0.07941037j  0.22488454+0.10310006j -0.24032784-0.10005726j
  -0.22630365+0.02414874j  0.25646401-0.06049777j -0.28198745+0.02265206j
   0.22346418-0.0415997j   0.213371  +0.11600699j -0.23725236-0.08170522j
  -0.23681725-0.09840434j  0.22284414+0.08536387j  0.23490927-0.03599536j
  -0.24366236+0.0432513j ]
 [ 0.23401195-0.04675394j  0.21352749-0.00683463j  0.25174106+0.04197449j
   0.24167619-0.04072478j -0.27198475-0.076396j   -0.24924219+0.01145031j
  -0.23911279+0.05779244j -0.26948545-0.02488326j -0.24545021-0.01696123j
  -0.2743512 +0.0349674j  -0.21635588+0.05037689j -0.23442132-0.05104097j
   0.25087874-0.04494262j  0.23151271+0.06528663j  0.24413175+0.03692043j
   0.26118389-0.02138284j]
 [ 0.22917465-0.05163831j -0.28200803+0.02261496j  0.22482128+0.10309717j
  -0.23677652-0.09843406j -0.22107815-0.04096592j  0.2133668 +0.11601782j
  -0.22636436+0.02415509j  0.23493429-0.03599344j -0.26677248+0.02023443j
   0.22343246-0.04164789j -0.24030614-0.10003655j  0.22283875+0.08536068j
   0.26851611+0.07942312j -0.23723246-0.08169348j  0.25651669-0.0604937j
  -0.24366585+0.04320184j]
 [ 0.23000876-0.05730416j  0.26763962+0.01978919j -0.25713694+0.00894728j
  -0.23663671-0.01161178j -0.24692616+0.03730413j -0.25151306-0.03608668j
   0.26491362-0.01494635j  0.24549158+0.00657369j -0.26427298-0.02324402j
  -0.22676643+0.01765066j  0.23472101+0.00258021j  0.26107085-0.01388122j
   0.24586992+0.03000237j  0.25479562-0.02260924j -0.24549369-0.0177383j
  -0.23519018+0.05978755j]
 [ 0.25786157+0.00092345j -0.24061585+0.01915125j -0.25034475+0.03870616j
   0.20341855-0.0341374j  -0.25035811+0.0387015j   0.24814808-0.03384967j
   0.28173629-0.02970797j -0.24272453+0.00231129j -0.24061698+0.0191517j
   0.24462439-0.05782617j  0.24815152-0.03383829j -0.26075243+0.01042833j
   0.20343047-0.03412857j -0.26074615+0.01043244j -0.24271963+0.00231506j
   0.28214896-0.03169538j]]

********* Summary *****************
Final fidelity error 0.02054246105711499
Final objective value 0.020575233426151907
Final penalized value 3.277236903687086e-05
Final error 3.2772369036916305e-05
Final gradient [2.33600015e-03 2.83611720e-03 2.83870159e-03 ... 3.74486182e-04
 3.71988558e-04 7.93498645e-05]
Number of iterations 179
Completed in 0:17:05.344163 HH:MM:SS.US
Final objective value with norm: 
0.02054246105711499
Final penalty of max controllers: 
4.3696492049221744e-05
