Final evolution
[[ 0.27604203-0.05807898j  0.24225667+0.0015157j   0.24148068-0.02743229j
   0.2220244 -0.04027834j  0.24148068-0.02743228j  0.24061829-0.01503794j
   0.23801754-0.00700402j  0.29082708-0.00172751j  0.24225667+0.0015157j
   0.24753605-0.07744339j  0.2406183 -0.01503794j  0.19912355-0.01968133j
   0.2220244 -0.04027834j  0.19912354-0.01968133j  0.29082708-0.00172751j
   0.28595788-0.10884787j]
 [ 0.23066578-0.01635106j -0.2802039 +0.0050096j   0.25250112-0.00309367j
  -0.24184924-0.00850604j  0.24277052-0.01147617j -0.26326115-0.0345816j
   0.26347636-0.06914547j -0.20545631-0.03405554j  0.26058501+0.00345671j
  -0.27363984+0.08011621j  0.28556343+0.06566507j -0.22812769+0.00889954j
   0.25439619+0.00454818j -0.21445859+0.01920868j  0.17547706+0.03143404j
  -0.25305589+0.06634363j]
 [ 0.26772132-0.04202313j  0.22142352-0.01036809j -0.2160327 -0.06333271j
  -0.21408689-0.09537722j  0.23383502+0.09491403j  0.23238155+0.10684784j
  -0.24656306+0.04186091j -0.24606083+0.01700957j  0.25488094-0.04106657j
   0.25512119+0.0081243j  -0.20603184-0.07290094j -0.26858685-0.1036685j
   0.25290107+0.07370212j  0.24940141+0.07159602j -0.23493377+0.00357849j
  -0.2542685 -0.01719794j]
 [ 0.24743208-0.0827998j  -0.23593294-0.01199238j -0.26218854-0.0807703j
   0.24523493-0.03641998j  0.25220883+0.05428385j -0.23516216+0.03941575j
  -0.23444076+0.06606106j  0.25692361+0.03281298j  0.20677256-0.02106463j
  -0.26301417+0.01695757j -0.25737556+0.0099126j   0.2273345 +0.06223327j
   0.2293182 -0.03618103j -0.24314442-0.09067422j -0.26403334-0.02498604j
   0.251007  -0.02049199j]
 [ 0.26772132-0.04202313j  0.25488094-0.04106657j  0.23383502+0.09491403j
   0.25290107+0.07370212j -0.2160327 -0.06333271j -0.20603184-0.07290094j
  -0.24656306+0.04186091j -0.23493377+0.00357849j  0.22142352-0.01036809j
   0.2551212 +0.00812431j  0.23238155+0.10684784j  0.24940141+0.07159602j
  -0.21408689-0.09537723j -0.26858685-0.1036685j  -0.24606083+0.01700957j
  -0.2542685 -0.01719794j]
 [ 0.25856116-0.03245726j -0.21872042-0.04226577j  0.22102264+0.09806751j
  -0.25973072+0.04522868j -0.26505345-0.06741787j  0.23670159+0.00313385j
  -0.23710235+0.04837822j  0.30631402+0.01738095j  0.20917562+0.0062438j
  -0.25315241+0.04197983j  0.23130443-0.03811613j -0.21331858-0.08689069j
  -0.28484847-0.00068651j  0.22093234+0.04289875j -0.27625646-0.02285714j
   0.21102454-0.01249672j]
 [ 0.22490095-0.05359355j  0.23629388-0.01676286j -0.21208702+0.02608367j
  -0.27026064+0.04705557j -0.21208702+0.02608367j -0.29688936+0.05028953j
   0.2396157 -0.01317681j  0.2287491 -0.05763373j  0.23629388-0.01676286j
   0.22912855-0.06973468j -0.29688936+0.05028953j -0.27278769+0.0387575j
  -0.27026064+0.04705558j -0.27278768+0.0387575j   0.2287491 -0.05763373j
   0.18114022+0.0157612j ]
 [ 0.24209044-0.05894276j -0.28328534-0.02405487j -0.24227458+0.04042464j
   0.24117272+0.04318935j -0.2567621 -0.01205102j  0.22159396+0.02263276j
   0.27659159-0.01525675j -0.24481351-0.0079337j   0.28330809+0.02897793j
  -0.17919845+0.0551629j  -0.24946511-0.02420558j  0.27258365-0.01589152j
  -0.21822987-0.02210136j  0.2704542 +0.00739348j  0.23786585+0.00836483j
  -0.21901963+0.06887414j]
 [ 0.23066578-0.01635107j  0.26058501+0.00345671j  0.24277052-0.01147617j
   0.25439619+0.00454818j  0.25250112-0.00309367j  0.28556343+0.06566506j
   0.26347636-0.06914548j  0.17547706+0.03143404j -0.2802039 +0.0050096j
  -0.27363984+0.08011621j -0.26326115-0.0345816j  -0.21445859+0.01920868j
  -0.24184924-0.00850604j -0.22812769+0.00889954j -0.20545631-0.03405554j
  -0.25305589+0.06634363j]
 [ 0.21353879+0.00105341j -0.2377356 -0.01242367j  0.27669859-0.06487503j
  -0.2536223 +0.02206653j  0.27669859-0.06487503j -0.2400105 +0.04098175j
   0.20919938-0.04878441j -0.24868489+0.03296933j -0.2377356 -0.01242367j
   0.2540264 -0.0431323j  -0.2400105 +0.04098175j  0.24540393-0.05547429j
  -0.2536223 +0.02206653j  0.24540393-0.05547429j -0.24868489+0.03296933j
   0.24310002-0.08501j   ]
 [ 0.25856116-0.03245726j  0.20917562+0.0062438j  -0.26505344-0.06741787j
  -0.28484847-0.00068651j  0.22102264+0.09806751j  0.23130443-0.03811614j
  -0.23710235+0.04837822j -0.27625646-0.02285714j -0.21872042-0.04226577j
  -0.25315241+0.04197983j  0.23670159+0.00313385j  0.22093234+0.04289875j
  -0.25973072+0.04522868j -0.21331858-0.08689069j  0.30631402+0.01738095j
   0.21102454-0.01249671j]
 [ 0.22792466-0.05212394j -0.26620947+0.02801707j -0.21373558-0.03057577j
   0.25967967+0.07114346j  0.23459246+0.11758223j -0.23108807-0.094084j
  -0.22478263+0.02098834j  0.24541656-0.07103844j -0.27700294+0.030734j
   0.23331899-0.0361407j   0.21190766+0.10789622j -0.24163885-0.06604295j
  -0.24804935-0.10438317j  0.22609466+0.11060855j  0.224833  -0.04131224j
  -0.25661306+0.02472533j]
 [ 0.24743208-0.0827998j   0.20677256-0.02106463j  0.25220883+0.05428385j
   0.2293182 -0.03618104j -0.26218854-0.0807703j  -0.25737556+0.0099126j
  -0.23444076+0.06606105j -0.26403334-0.02498604j -0.23593294-0.01199239j
  -0.26301417+0.01695757j -0.23516216+0.03941575j -0.24314442-0.09067421j
   0.24523493-0.03641998j  0.2273345 +0.06223327j  0.25692361+0.03281298j
   0.251007  -0.02049199j]
 [ 0.22792466-0.05212394j -0.27700294+0.030734j    0.23459247+0.11758222j
  -0.24804935-0.10438316j -0.21373558-0.03057577j  0.21190766+0.10789622j
  -0.22478263+0.02098834j  0.224833  -0.04131225j -0.26620947+0.02801707j
   0.23331899-0.03614069j -0.23108807-0.094084j    0.22609466+0.11060855j
   0.25967967+0.07114346j -0.24163885-0.06604295j  0.24541655-0.07103844j
  -0.25661306+0.02472533j]
 [ 0.24209044-0.05894276j  0.28330809+0.02897793j -0.2567621 -0.01205103j
  -0.21822988-0.02210136j -0.24227458+0.04042464j -0.24946511-0.02420558j
   0.27659159-0.01525675j  0.23786584+0.00836483j -0.28328534-0.02405487j
  -0.17919845+0.0551629j   0.22159396+0.02263276j  0.2704542 +0.00739347j
   0.24117272+0.04318935j  0.27258364-0.01589152j -0.24481351-0.00793369j
  -0.21901963+0.06887414j]
 [ 0.24909459-0.00535746j -0.24885398+0.02578791j -0.24530778+0.01235689j
   0.1982488 -0.05497836j -0.24530778+0.01235689j  0.23460268-0.04378646j
   0.27266244-0.0234772j  -0.25020468-0.02161316j -0.24885398+0.02578791j
   0.24079739-0.07529431j  0.23460268-0.04378646j -0.26716807+0.01456553j
   0.19824879-0.05497836j -0.26716807+0.01456553j -0.25020468-0.02161316j
   0.29184368-0.02180274j]]

********* Summary *****************
Final fidelity error 0.024865550785314827
Final objective value 0.02489851783102582
Final penalized value 3.296704571098541e-05
Final error 3.2967045710993657e-05
Final gradient [0.00239848 0.00396334 0.00396334 ... 0.00075373 0.00075373 0.0003643 ]
Number of iterations 214
Completed in 0:20:33.445105 HH:MM:SS.US
Final objective value with norm: 
0.024865550785314827
Final penalty of max controllers: 
1.0989015236997886e-05
