Final evolution
[[ 0.05225288+0.49725534j  0.05226405+0.4972634j   0.05226405+0.4972634j
   0.05225657+0.49726369j]
 [ 0.05226998+0.49726189j  0.15450598-0.47552518j -0.15451102+0.47553134j
  -0.05226682-0.49725912j]
 [ 0.05226998+0.49726189j -0.15451102+0.47553134j  0.15450598-0.47552518j
  -0.05226682-0.49725912j]
 [ 0.05226511+0.49726455j -0.05226906-0.49725801j -0.05226906-0.49725801j
   0.05225639+0.49726294j]]

********* Summary *****************
Final fidelity error 0.016343786434720897
Final objective value 0.016343786434720897
Final penalized value 0.0
Final error 0.0
Number of iterations 19
Completed in 0:00:15.493015 HH:MM:SS.US
Final objective value with norm: 
0.016343786434720897
Final penalty of max controllers: 
91.60630137081532
