Final evolution
[[-6.86635509e-02+0.26047179j -3.95582444e-02+0.26266739j
  -9.10146170e-02+0.24844633j -1.58433948e-01+0.2318247j
  -1.05921069e-01+0.27949281j -1.55107276e-01+0.14239424j
  -1.03959282e-01+0.27092327j -4.40880059e-02+0.24783938j
  -3.71257619e-02+0.24109498j -1.08179838e-01+0.23901908j
  -1.15755059e-01+0.14642425j -1.14197823e-02+0.14990988j
  -7.03846374e-02+0.3165088j  -5.82580288e-02+0.16479765j
  -8.54562499e-02+0.14433604j -1.06480757e-01+0.25660062j]
 [-2.37420674e-02+0.26330695j  1.06109676e-01-0.21491958j
  -1.57700228e-01+0.16256871j  8.56986128e-02-0.23757618j
  -1.14292547e-01+0.224713j    1.78675352e-01-0.22363848j
  -6.97543539e-02+0.25726091j  1.28122986e-01-0.28508519j
  -7.57543831e-02+0.19309978j  1.06882582e-01-0.33875741j
  -7.97744189e-02+0.19885174j  6.70902704e-02-0.13103241j
  -3.14042383e-02+0.23177956j  1.20219081e-01-0.18703286j
  -1.48866333e-01+0.1736825j   6.85277910e-02-0.21304389j]
 [-6.55265538e-02+0.22886369j -1.25807442e-01+0.17395377j
   8.57660551e-02-0.14537373j  1.31791594e-01-0.2376844j
   1.22897443e-02+0.21949465j -1.15885710e-01+0.15126721j
   1.84126775e-01-0.22454162j  5.00983959e-02-0.27126335j
  -7.14837747e-02+0.29462819j -9.81872771e-02+0.20305376j
   1.07505690e-01-0.2096909j   1.31774647e-01-0.22975242j
  -1.52649581e-01+0.18490596j -4.62070933e-02+0.27567522j
   1.13407588e-01-0.27321359j  8.89403689e-02-0.2243333j ]
 [-1.30318806e-01+0.18810332j  9.53971538e-02-0.22698721j
   1.68640519e-01-0.18050059j -7.75404297e-02+0.16044689j
   1.33984583e-02+0.13210565j  9.68864155e-02-0.25614916j
   1.48111912e-01-0.2821702j  -1.18777559e-01+0.20798899j
  -7.07076318e-02+0.22341654j  1.54202142e-01-0.27181661j
   1.21250949e-01-0.18005182j -9.00584228e-02+0.24733969j
  -8.77919642e-02+0.24663077j  1.11337418e-01-0.14784396j
   1.24979932e-01-0.23961585j -9.31350736e-02+0.29865726j]
 [-8.72073681e-02+0.23294914j -6.10695592e-02+0.21332084j
  -8.83350938e-02+0.20757509j -7.54757450e-02+0.22977588j
   7.32901145e-02-0.29752319j  7.04210009e-02-0.30322478j
   1.26064600e-01-0.20438189j  9.29192750e-02-0.20859381j
  -8.59554246e-02+0.16272254j -3.42197762e-02+0.32009471j
  -9.71260674e-02+0.25665794j -7.88266908e-02+0.25910292j
   9.23079086e-02-0.13705415j  8.70715759e-02-0.25266257j
   1.39135765e-02-0.18995874j  7.99839828e-02-0.22660908j]
 [-7.60002036e-02+0.1913961j   9.67296035e-02-0.2036846j
  -1.69780390e-01+0.28811828j  6.22367794e-02-0.24735228j
   8.86321570e-02-0.29569089j -5.13924219e-02+0.26232622j
   8.45177826e-02-0.18018923j -1.25071602e-01+0.19389662j
  -1.48932852e-01+0.24430854j  1.25156310e-02-0.19575686j
  -6.52298109e-02+0.30249418j  6.35999127e-02-0.19193721j
   1.45580701e-01-0.23002627j -1.07043225e-01+0.19543585j
   4.63063039e-02-0.16201891j -3.44434884e-02+0.24480733j]
 [-8.18827366e-02+0.27915563j -3.12139193e-02+0.2559392j
   8.99225107e-02-0.18361639j  1.34024102e-01-0.23408057j
   5.84969087e-02-0.21135442j  1.32879466e-01-0.23705922j
  -8.45083101e-02+0.21221509j -1.12100656e-01+0.19525948j
  -1.49505646e-01+0.1252349j  -7.27084113e-02+0.1961359j
   2.00731731e-01-0.26836626j  1.23426820e-01-0.2530323j
   1.40689248e-01-0.17508345j  1.13103933e-01-0.23437807j
  -6.49218191e-02+0.24630353j -5.65934603e-02+0.22336867j]
 [-4.06103330e-02+0.249903j    5.32987026e-02-0.19553333j
   8.82111040e-02-0.20472124j -9.77482681e-02+0.26579657j
   1.11449938e-01-0.21635483j -8.73475565e-02+0.30397871j
  -8.88230496e-02+0.20139283j  7.55978273e-05-0.21126435j
  -1.68944148e-01+0.26087231j  3.74562633e-02-0.15766145j
   7.43406416e-02-0.26311307j -1.83788841e-01+0.26200794j
   1.07989198e-01-0.18944319j -5.58079398e-02+0.19840344j
  -8.10475342e-02+0.25123934j  3.28268314e-02-0.22749038j]
 [-1.48646112e-01+0.22467514j -8.93226401e-02+0.11915047j
  -1.39364075e-01+0.2670203j  -1.28397903e-01+0.23389816j
  -9.62204629e-02+0.18868353j -6.41524710e-02+0.20242639j
  -2.67061857e-02+0.12744785j -1.42392082e-01+0.21344189j
   1.06449815e-01-0.18618814j  1.23438060e-01-0.2152606j
   1.22405529e-01-0.2602207j   1.23661903e-01-0.19144755j
   1.11202106e-01-0.20156779j  1.20182079e-01-0.24688343j
   1.70859185e-01-0.27193226j  9.42490820e-02-0.29658888j]
 [-5.25015208e-02+0.19020008j  1.48463256e-01-0.21729755j
  -1.03757332e-01+0.20977928j  1.05538549e-01-0.20953526j
  -5.59836861e-02+0.2326358j   6.17016187e-02-0.15475085j
  -1.56672604e-01+0.1596527j   6.86619021e-02-0.26654288j
   1.27544870e-01-0.21324335j -9.13001589e-02+0.2226376j
   5.55891722e-02-0.24628176j -1.08181237e-01+0.28951242j
   1.53931321e-01-0.2685565j  -4.04459167e-02+0.20135307j
   7.93599562e-02-0.25855202j -1.21100875e-01+0.25781814j]
 [-8.63731137e-02+0.27648631j -1.27075062e-01+0.29950492j
   4.71869044e-02-0.20877788j  1.25341021e-02-0.20404883j
  -9.33032396e-02+0.27265746j -1.06817110e-01+0.25378003j
   1.32858656e-01-0.2953256j   7.28937738e-02-0.13191907j
   8.78367724e-02-0.20987398j  3.89846499e-02-0.21225036j
  -7.54304835e-02+0.21357234j -1.26651978e-01+0.2122949j
   1.55726439e-02-0.27554071j  1.08093270e-01-0.16912545j
  -5.96763658e-02+0.26943771j -2.57833613e-02+0.17935636j]
 [-1.04348203e-01+0.27376743j  1.38663823e-01-0.28770002j
   3.50656924e-02-0.23545448j -7.14153710e-02+0.24386437j
  -8.35402225e-02+0.23352497j  1.07151903e-01-0.25932073j
   3.58924743e-02-0.20737047j -1.58298791e-01+0.19430806j
   4.78503741e-02-0.18788889j -8.29297894e-02+0.20977774j
  -1.27632217e-01+0.19472921j  8.90449754e-02-0.25550031j
   7.00106957e-02-0.18672304j -8.73524688e-02+0.29551072j
  -4.76765167e-02+0.21063005j  6.69004944e-02-0.20456379j]
 [-4.85088422e-02+0.15440407j -1.19993205e-01+0.15517423j
  -1.83876054e-01+0.25785977j -9.00498102e-02+0.24870106j
   1.02950720e-01-0.23691956j  6.88142468e-02-0.18136498j
   1.24907246e-01-0.1931241j   1.31237194e-01-0.27271013j
   1.40167787e-01-0.2251483j   1.32116925e-01-0.21166373j
   8.63185485e-02-0.24894295j  9.17904758e-02-0.21785445j
  -1.55184641e-01+0.12732722j -9.31702650e-02+0.27832047j
  -7.08956231e-02+0.24388761j -6.18731327e-02+0.25206476j]
 [-1.39830767e-01+0.13216704j  1.17007933e-01-0.29127998j
  -9.09589192e-02+0.25425094j  1.68483085e-01-0.21716223j
   7.49720232e-02-0.14818729j -1.02213187e-01+0.19553908j
   1.55295910e-01-0.20528449j -6.56225472e-02+0.21605689j
   1.25592636e-01-0.1923529j  -1.14585216e-01+0.25491589j
   8.80771194e-02-0.21068576j -7.50485832e-02+0.19398873j
  -1.88483202e-01+0.267924j    4.54034853e-02-0.21117555j
  -1.08999166e-01+0.2908118j   8.73211900e-02-0.19528032j]
 [-7.06555934e-02+0.26448292j -6.51591151e-02+0.23271131j
   1.05851124e-01-0.15134155j  8.24547188e-02-0.23678064j
   1.25228134e-01-0.25620639j  4.61636770e-02-0.16922841j
  -2.68952814e-02+0.28057009j -1.16790488e-01+0.21494542j
   2.08583141e-01-0.25508564j  9.26465207e-02-0.20681155j
   9.44647932e-03+0.19422835j -1.26389779e-01+0.22259544j
  -1.04239575e-01+0.18392637j -1.70072076e-01+0.28824688j
   1.06310445e-01-0.17840865j  1.11407915e-01-0.20685804j]
 [-5.25375446e-02+0.27079097j  3.82778544e-02-0.24796095j
   9.10889567e-02-0.26713095j -8.55389229e-02+0.16417405j
  -3.83083483e-02-0.24671208j -1.13167722e-01+0.25078034j
  -3.00740495e-02+0.21285848j  5.68180014e-02-0.26832533j
   1.27140463e-01-0.23521711j -1.08142480e-01+0.1548503j
  -2.38797793e-02+0.21578829j  1.34203614e-02-0.27153546j
  -1.41712244e-01+0.19390586j  6.06026249e-02-0.27395077j
   9.41870377e-02-0.21841877j -1.07970384e-01+0.23390869j]]

********* Summary *****************
Final fidelity error 0.029985041344808172
Final objective value 0.030162971362165086
Final penalized error 0.00017793869023910582
Final gradient 0.07641629639492914
Number of iterations 296
Terminated due to function converged
Completed in 0:01:09.338188 HH:MM:SS.US
Final objective value with norm: 
0.029985041344808172
Final penalty of max controllers: 
0.00017793869023910582
