Final evolution
[[-2.99590191e-01+0.18138147j -3.04773893e-01+0.17938908j
  -3.06984510e-01+0.17190724j -3.07544025e-01+0.18141408j
  -3.04773893e-01+0.17938908j -3.02319110e-01+0.18121838j
  -3.07544025e-01+0.18141408j -3.06011245e-01+0.17478881j]
 [-3.09611400e-01+0.16867105j -3.05042349e-03-0.35425573j
  -3.06369579e-01+0.18029035j  4.56574867e-03-0.35379336j
  -6.90903518e-05+0.3549817j   3.10072867e-01-0.16965877j
  -3.85831421e-03+0.3511197j   3.04942486e-01-0.17718853j]
 [-3.05669077e-01+0.18267664j -3.08437387e-01+0.17680161j
   3.11403008e-01-0.17422729j  3.03922247e-01-0.17610301j
  -3.08437387e-01+0.17680161j -3.01604788e-01+0.17997503j
   3.03922247e-01-0.17610301j  3.07066814e-01-0.16933789j]
 [-3.07370882e-01+0.17069894j -3.10155442e-03-0.35026415j
   3.00074218e-01-0.17941889j -1.06083091e-03+0.35493419j
   5.32250846e-03+0.3546489j   3.10877427e-01-0.17456795j
   1.92050223e-03-0.35430324j -3.05950241e-01+0.18279058j]
 [-3.09611400e-01+0.16867105j -6.90903513e-05+0.3549817j
  -3.06369579e-01+0.18029035j -3.85831421e-03+0.3511197j
  -3.05042349e-03-0.35425573j  3.10072867e-01-0.16965877j
   4.56574867e-03-0.35379336j  3.04942486e-01-0.17718853j]
 [-3.04543387e-01+0.1838717j   3.02298332e-01-0.17762033j
  -3.07691131e-01+0.17607844j  3.03778733e-01-0.17946979j
   3.02298332e-01-0.17762033j -3.04948048e-01+0.1858198j
   3.03778733e-01-0.17946979j -3.10183599e-01+0.17082892j]
 [-3.07370882e-01+0.17069894j  5.32250846e-03+0.3546489j
   3.00074218e-01-0.17941889j  1.92050223e-03-0.35430324j
  -3.10155442e-03-0.35026415j  3.10877427e-01-0.17456795j
  -1.06083091e-03+0.35493419j -3.05950241e-01+0.18279058j]
 [-3.09311916e-01+0.1801792j   3.07508732e-01-0.1761474j
   3.10938670e-01-0.17121891j -3.06567869e-01+0.17505834j
   3.07508732e-01-0.1761474j  -2.97825601e-01+0.17913163j
  -3.06567869e-01+0.17505834j  3.08847643e-01-0.17102663j]]

********* Summary *****************
Final fidelity error 0.09870894940833075
Final objective value 0.0987100253736584
Final penalized value 1.0759653276126713e-06
Final error 1.0759653276500758e-06
Number of iterations 307
Completed in 0:11:18.694545 HH:MM:SS.US
Final objective value with norm: 
0.09870894940833075
Final penalty of max controllers: 
1.0759653276500758e-07
