Final evolution
[[ 0.0522008 +0.49725547j  0.05228564+0.49729299j  0.05228564+0.49729299j
   0.0522119 +0.49721j   ]
 [ 0.05229218+0.49721274j  0.15450911-0.47550521j -0.15450789+0.4755513j
  -0.05231372-0.49730101j]
 [ 0.05229218+0.49721274j -0.15450789+0.4755513j   0.15450911-0.47550521j
  -0.05231372-0.49730101j]
 [ 0.05221407+0.49736888j -0.05227627-0.49722539j -0.05227627-0.49722539j
   0.05220839+0.49723272j]]

********* Summary *****************
Final fidelity error 0.016343792548167202
Final objective value 0.01634379307769339
Final penalized value 5.295262006654866e-10
Final error 5.295261860435267e-10
Number of iterations 59
Completed in 0:00:50.831255 HH:MM:SS.US
Final objective value with norm: 
0.016343792548167202
Final penalty of max controllers: 
5.295261860435267e-10
