Final evolution
[[ 0.24824042+0.2495498j   0.24792786+0.25143153j  0.24956974+0.25310959j
   0.25298231+0.25047311j  0.25194149+0.25250288j  0.24843621+0.24910733j
   0.2466358 +0.24802951j  0.24951484+0.25043256j]
 [ 0.24754216+0.25281272j -0.2449951 -0.25090542j  0.2493898 +0.25006651j
  -0.25286   -0.24583894j  0.25211755+0.24639474j -0.25523957-0.24581997j
   0.25133633+0.25059638j -0.24902515-0.25475212j]
 [ 0.25101618+0.24865838j  0.25062165+0.24868474j -0.26077502-0.24730583j
  -0.25101825-0.24742617j  0.25181348+0.25199272j  0.24950344+0.24831017j
  -0.24346297-0.25265302j -0.24811308-0.24823937j]
 [ 0.24997454+0.25240124j -0.24896514-0.25121369j -0.24906116-0.25279366j
   0.24203897+0.24570575j  0.24860574+0.24413558j -0.25414006-0.25425719j
  -0.24739778-0.24748444j  0.25773552+0.25357724j]
 [ 0.245828  +0.25263941j  0.2523226 +0.25226963j  0.24948956+0.24697454j
   0.25057624+0.24637556j -0.24968898-0.24553003j -0.25233544-0.25054097j
  -0.25270781-0.25520181j -0.24804635-0.24922821j]
 [ 0.24759305+0.25293008j -0.25053479-0.24885998j  0.25087003+0.25312941j
  -0.24882028-0.25256549j -0.25020733-0.24715163j  0.25282259+0.25316625j
  -0.24923848-0.25056002j  0.24770753+0.24362828j]
 [ 0.24898446+0.24529173j  0.25315544+0.25319605j -0.24420414-0.24295659j
  -0.25657501-0.24974339j -0.24961795-0.25658878j -0.24508857-0.24668984j
   0.25121477+0.25389808j  0.24785335+0.25436418j]
 [ 0.25127757+0.25503078j -0.24256256-0.25209603j -0.25169334-0.24810728j
   0.25372346+0.25285539j -0.25252088-0.24888925j  0.2530775 +0.240993j
   0.24764217+0.25165965j -0.2486096 -0.2488116j ]]

********* Summary *****************
Final fidelity error 8.836281775037591e-05
Final objective value 9.538336561158994e-05
Final penalized error 7.0208990104348426e-06
Final gradient 0.0053330807112982135
Number of iterations 10
Terminated due to Goal achieved
Completed in 0:00:01.412833 HH:MM:SS.US
Final objective value with norm: 
8.836281775037591e-05
Final penalty of max controllers: 
7.020899010434842e-05
