Final evolution
[[-0.07847438+0.27747453j -0.03481456+0.2714733j  -0.11366969+0.25491505j
  -0.14803417+0.19564238j -0.09851666+0.27432478j -0.12620386+0.13834209j
  -0.09869775+0.27601175j -0.05854607+0.2459606j  -0.04182311+0.25089187j
  -0.11160999+0.21857704j -0.07816599+0.1503874j  -0.01175624+0.18765517j
  -0.08548129+0.30892953j -0.04922724+0.20119874j -0.05328842+0.14367096j
  -0.10999019+0.25246499j]
 [-0.03144533+0.28038583j  0.10149848-0.22870001j -0.13746377+0.15861868j
   0.11362446-0.22863952j -0.1011511 +0.21707344j  0.17184186-0.2121702j
  -0.07659194+0.24158441j  0.14192187-0.29606922j -0.06834379+0.18227036j
   0.12330638-0.32812015j -0.08434352+0.20975655j  0.02822885-0.15478061j
  -0.04054488+0.25689469j  0.09753243-0.18050414j -0.13493504+0.15576269j
   0.05192897-0.23042318j]
 [-0.06379157+0.20954331j -0.12845072+0.15875058j  0.0881661 -0.16748556j
   0.13868894-0.24247517j  0.00605724+0.22774447j -0.09809565+0.15536269j
   0.19115462-0.21445197j  0.05010918-0.27865968j -0.07933151+0.27358357j
  -0.11925099+0.22025157j  0.1216926 -0.19574894j  0.1234744 -0.24224526j
  -0.15811996+0.15354585j -0.09221492+0.28372006j  0.12469254-0.27671734j
   0.09346988-0.19684073j]
 [-0.13141863+0.16388092j  0.08876108-0.21895246j  0.16641115-0.18974662j
  -0.07609629+0.1612381j   0.00559805+0.15020445j  0.10772021-0.24699609j
   0.16481427-0.28677357j -0.11373456+0.1992784j  -0.09417176+0.21616179j
   0.15678134-0.27601237j  0.1331702 -0.20017404j -0.1031598 +0.23428521j
  -0.12870051+0.23698468j  0.09838866-0.1534676j   0.11287825-0.23465563j
  -0.11145442+0.28537173j]
 [-0.09998763+0.23387269j -0.05164138+0.21612708j -0.06533406+0.21943604j
  -0.06900515+0.21960744j  0.08137464-0.26595025j  0.06817902-0.32875295j
   0.13018093-0.2157708j   0.08527709-0.19051572j -0.08110016+0.14688164j
  -0.06309519+0.32240713j -0.10184202+0.25197489j -0.0753311 +0.25286358j
   0.07066783-0.13181959j  0.08457084-0.25305713j  0.01647138-0.21923535j
   0.07575836-0.2370141j ]
 [-0.06221327+0.21008355j  0.08997623-0.19921319j -0.14293106+0.26316068j
   0.07914222-0.2445213j   0.10438982-0.32313614j -0.03722576+0.24970146j
   0.07523923-0.17278417j -0.12773655+0.19482952j -0.14718839+0.22421183j
   0.01190663-0.21162678j -0.05848269+0.32095951j  0.05609317-0.1905772j
   0.12394806-0.22689828j -0.08051724+0.18671507j  0.05228109-0.19746098j
  -0.03722168+0.25606459j]
 [-0.0971642 +0.27157867j -0.03344212+0.26334831j  0.08116206-0.20135144j
   0.1357165 -0.23393099j  0.07452528-0.19533908j  0.14188125-0.25530518j
  -0.08878654+0.21582371j -0.08831757+0.17827781j -0.15264313+0.12950045j
  -0.0717527 +0.18087856j  0.18911271-0.25675309j  0.11689519-0.2580723j
   0.13957159-0.17428936j  0.10999031-0.24361035j -0.07851045+0.24294052j
  -0.08563866+0.22200579j]
 [-0.0527162 +0.27565148j  0.05664533-0.18659331j  0.09782677-0.19293224j
  -0.10343471+0.27471972j  0.13921498-0.22624401j -0.07576306+0.29082467j
  -0.06598413+0.19326394j  0.02435951-0.20455162j -0.17850954+0.24404704j
   0.04830675-0.14495966j  0.08326108-0.25544793j -0.17723008+0.25784096j
   0.10864295-0.20291719j -0.05097752+0.20553177j -0.10482003+0.22782151j
   0.05743626-0.2374103j ]
 [-0.11409529+0.25262967j -0.10150306+0.12439236j -0.14349406+0.25891749j
  -0.12737857+0.21161742j -0.11516612+0.20081959j -0.0773087 +0.18172619j
  -0.04397401+0.10775622j -0.15038752+0.21987865j  0.12197904-0.16920505j
   0.1041155 -0.22492539j  0.12223905-0.26878432j  0.13264321-0.2045151j
   0.10564672-0.20891871j  0.10112288-0.23952051j  0.16968825-0.26855081j
   0.07791937-0.30117973j]
 [-0.05277974+0.17516008j  0.13709795-0.25189451j -0.10918735+0.19557617j
   0.1153815 -0.20135352j -0.06876276+0.20082051j  0.09124797-0.16647412j
  -0.16763167+0.16866523j  0.06349287-0.25671336j  0.1282309 -0.22715689j
  -0.07341344+0.21179787j  0.06160756-0.24835827j -0.09054606+0.29056637j
   0.13634928-0.26852327j -0.04003572+0.20618315j  0.07291872-0.27024346j
  -0.12208131+0.26119207j]
 [-0.07058905+0.27810854j -0.10547244+0.29313618j  0.03759128-0.19358401j
   0.0223587 -0.21110803j -0.07734099+0.27370383j -0.08740652+0.26886788j
   0.127258  -0.29853549j  0.10073697-0.14770055j  0.09971689-0.21672692j
   0.04884707-0.19728585j -0.06468412+0.2070628j  -0.122216  +0.23339947j
   0.01911838-0.27249342j  0.11757836-0.1709757j  -0.07393983+0.25651121j
  -0.02397375+0.18533826j]
 [-0.07941761+0.2657026j   0.12893592-0.29229258j  0.04086262-0.23354823j
  -0.07136224+0.22972334j -0.07411273+0.25400041j  0.09963601-0.26104914j
   0.04378366-0.20705144j -0.15402415+0.22672637j  0.05398657-0.18049733j
  -0.09770518+0.20103249j -0.11788511+0.21683028j  0.07236302-0.24753112j
   0.06779276-0.19724104j -0.0844932 +0.29180142j -0.04995026+0.22708447j
   0.06432791-0.17915103j]
 [-0.06319905+0.14895884j -0.12931598+0.15180797j -0.1710796 +0.26344679j
  -0.09194722+0.25118878j  0.0835363 -0.24211857j  0.07387496-0.18286512j
   0.1409255 -0.20491992j  0.13530326-0.26954861j  0.1322467 -0.24005061j
   0.12066791-0.19618216j  0.11058406-0.22287682j  0.09115657-0.23356615j
  -0.14741128+0.13264355j -0.10505901+0.27982537j -0.08458328+0.23486992j
  -0.07342071+0.23919397j]
 [-0.15028731+0.1265329j   0.11877279-0.29220708j -0.08895642+0.25726409j
   0.17121763-0.2260961j   0.08494428-0.14629931j -0.10530929+0.19933925j
   0.16979848-0.19764458j -0.08821755+0.21639017j  0.10469661-0.18609272j
  -0.13790036+0.26018135j  0.09726985-0.22772321j -0.07289023+0.16477295j
  -0.18399315+0.25703198j  0.04202033-0.21414429j -0.10976651+0.27966499j
   0.08357879-0.18589496j]
 [-0.05382343+0.24851365j -0.05193756+0.23402487j  0.1159947 -0.19519595j
   0.0980629 -0.22784504j  0.10076533-0.26591235j  0.0543377 -0.16915009j
  -0.00517079+0.26104729j -0.0989596 +0.22094371j  0.19404924-0.30360652j
   0.08536545-0.2054115j   0.02351347+0.17083262j -0.11138105+0.2259287j
  -0.11782262+0.20034763j -0.14480974+0.27155732j  0.107611  -0.18420774j
   0.11974857-0.21094487j]
 [-0.03666324+0.26488219j  0.02103706-0.23453152j  0.08475906-0.27942819j
  -0.11413312+0.20521749j -0.03840401-0.22391297j -0.11140921+0.25530239j
  -0.03524191+0.20824709j  0.0331349 -0.24968127j  0.11682673-0.24687434j
  -0.12124212+0.18014044j -0.03706006+0.20023198j  0.0041048 -0.25774749j
  -0.11894018+0.21266715j  0.08424158-0.27949735j  0.08278082-0.21553678j
  -0.10424197+0.23866905j]]

********* Summary *****************
Final fidelity error 0.028941935324568013
Final objective value 0.02896030191097611
Final penalized error 1.837500637881936e-05
Final gradient 0.07261492601341615
Number of iterations 277
Terminated due to function converged
Completed in 0:01:28.807570 HH:MM:SS.US
Final objective value with norm: 
0.028941935324568013
Final penalty of max controllers: 
1.837500637881936e-06
