Final evolution
[[ 0.24864406+0.25021827j  0.24782038+0.25132704j  0.25118426+0.25380181j
   0.25346407+0.24914047j  0.25187463+0.251812j    0.24783024+0.24953063j
   0.24697025+0.24753025j  0.24911604+0.24960573j]
 [ 0.24699903+0.25222485j -0.24467747-0.25048314j  0.24918291+0.24932828j
  -0.25329119-0.2460684j   0.25226789+0.24685388j -0.25664622-0.24590117j
   0.25135529+0.24953667j -0.24892947-0.25588655j]
 [ 0.24967831+0.24838882j  0.25046154+0.24900332j -0.26148435-0.24790209j
  -0.25038145-0.24693829j  0.25131675+0.25350345j  0.24946358+0.24888631j
  -0.2437016 -0.25162425j -0.24795141-0.24888848j]
 [ 0.25061084+0.25300448j -0.24843973-0.25033986j -0.24841722-0.25268412j
   0.24120053+0.24613853j  0.24816586+0.24412498j -0.25336179-0.25535769j
  -0.2468412 -0.24806827j  0.25856741+0.25408612j]
 [ 0.24599134+0.25213672j  0.25283578+0.25185766j  0.24990397+0.24588013j
   0.24977821+0.24577066j -0.25057054-0.24544892j -0.25160257-0.25078829j
  -0.25351735-0.25537888j -0.24889622-0.24937439j]
 [ 0.24768443+0.25247261j -0.25004608-0.24914407j  0.24999409+0.25400641j
  -0.24991008-0.25412318j -0.24946363-0.24662023j  0.25179337+0.25401572j
  -0.24995864-0.25066202j  0.24647465+0.24336435j]
 [ 0.24916565+0.24518606j  0.25318263+0.25394656j -0.24371506-0.24307352j
  -0.25766578-0.24943927j -0.24948421-0.25698128j -0.24470862-0.24583063j
   0.25121286+0.25424621j  0.24756054+0.25393816j]
 [ 0.25180127+0.25555715j -0.24384012-0.2523541j  -0.25146563-0.24739129j
   0.25414654+0.25203087j -0.2526128 -0.24857027j  0.25321718+0.24051463j
   0.24742462+0.25168353j -0.24849278-0.24843468j]]

********* Summary *****************
Final fidelity error 9.922291565722663e-05
Final objective value 9.987578641200323e-05
Final penalized error 6.534943447340449e-07
Final gradient 0.007199428118912194
Number of iterations 2
Terminated due to Goal achieved
Completed in 0:00:01.181386 HH:MM:SS.US
Final objective value with norm: 
9.922291565722663e-05
Final penalty of max controllers: 
2.1783144824468164e-07
