Final evolution
[[-0.31626291+0.18877262j -0.28973475+0.18588981j -0.31001603+0.15188306j
  -0.30665978+0.17852597j -0.28973475+0.18588981j -0.31544628+0.18728337j
  -0.30665978+0.17852597j -0.30142203+0.1757886j ]
 [-0.2930373 +0.17097597j -0.00246216-0.35442657j -0.30285412+0.18246573j
   0.00098613-0.33724148j -0.0067633 +0.36315718j  0.2981155 -0.18460541j
  -0.00792172+0.3591605j   0.29847732-0.21793655j]
 [-0.31687952+0.23089551j -0.30550741+0.14050306j  0.3273676 -0.17081456j
   0.31631995-0.17082188j -0.30550741+0.14050306j -0.30224381+0.15020079j
   0.31631995-0.17082188j  0.31605798-0.10721293j]
 [-0.3007078 +0.17531091j  0.02201332-0.32707671j  0.27723861-0.18498439j
  -0.01314317+0.34947117j  0.03092117+0.36932527j  0.32582109-0.18058j
  -0.01744431-0.36811258j -0.30436259+0.18281213j]
 [-0.2930373 +0.17097597j -0.0067633 +0.36315718j -0.30285412+0.18246573j
  -0.00792172+0.3591605j  -0.00246216-0.35442657j  0.2981155 -0.18460541j
   0.00098613-0.33724148j  0.29847732-0.21793655j]
 [-0.30430607+0.1788038j   0.31726658-0.18738061j -0.34624626+0.1364003j
   0.29766886-0.17261563j  0.31726658-0.18738061j -0.26268573+0.21110243j
   0.29766886-0.17261563j -0.31335924+0.1297247j ]
 [-0.3007078 +0.17531091j  0.03092117+0.36932527j  0.27723861-0.18498439j
  -0.01744431-0.36811258j  0.02201332-0.32707671j  0.32582109-0.18058j
  -0.01314317+0.34947117j -0.30436259+0.18281213j]
 [-0.28493504+0.17980784j  0.30404974-0.19450676j  0.33703011-0.14214064j
  -0.31772274+0.15682273j  0.30404974-0.19450676j -0.27651382+0.19503337j
  -0.31772274+0.15682273j  0.30286749-0.18660338j]]

********* Summary *****************
Final fidelity error 0.10120155378443929
Final objective value 0.10120753769723453
Final penalized value 5.983912795270996e-06
Final error 5.983912795240062e-06
Final gradient [-7.55404712e-04  1.93610952e-03 -7.55404712e-04 -3.63614200e-04
  3.23298174e-04 -3.63614200e-04 -7.43959226e-04  8.82585787e-04
 -7.43959226e-04 -3.40274682e-04  1.30689341e-03 -3.40274682e-04
 -7.64600782e-04  2.25476789e-04 -7.64600782e-04 -5.42102828e-04
  2.40508929e-03 -5.42102828e-04 -1.55223795e-03 -8.33802364e-04
 -1.55223795e-03 -1.62466257e-03  2.56265905e-03 -1.62466257e-03
  2.06421436e-03  2.61691371e-03  2.06421436e-03  1.66022768e-03
  6.64306211e-03  1.66022768e-03 -3.41976861e-03 -3.05240318e-03
 -3.41976861e-03 -4.15393781e-03  1.05526765e-03 -4.15393781e-03
  2.35897651e-03  2.50151655e-03  2.35897651e-03  1.32123517e-03
  6.29774486e-03  1.32123517e-03  5.47826613e-03  5.35241054e-03
  5.47826613e-03  4.18718250e-03  8.66978751e-03  4.18718250e-03
  1.52687378e-04 -2.62711930e-04  1.52687378e-04 -1.31396310e-03
  2.59169853e-03 -1.31396310e-03  3.41061633e-04 -3.71555957e-04
  3.41061633e-04 -1.21638875e-03  2.13111362e-03 -1.21638875e-03
  4.81099260e-04 -5.54192061e-04  4.81099260e-04 -1.08541489e-03
  1.76728644e-03 -1.08541489e-03  5.86207387e-04 -8.57622040e-04
  5.86207387e-04 -9.10165125e-04  1.52071479e-03 -9.10165125e-04
  6.41663934e-04 -1.30437536e-03  6.41663934e-04 -6.86130182e-04
  1.41200647e-03 -6.86130182e-04  6.43579061e-04 -1.85753314e-03
  6.43579061e-04 -4.04373986e-04  1.40177243e-03 -4.04373986e-04
  4.44154094e-03  1.38264323e-03  4.44154094e-03  3.77866117e-03
  5.24732722e-03  3.77866117e-03  7.88330665e-04 -2.71408091e-03
  7.88330665e-04  5.81696095e-04  1.58728814e-03  5.81696095e-04
  7.38538252e-03  3.69026842e-03  7.38538252e-03  7.64113998e-03
  8.02880983e-03  7.64113998e-03  1.92103489e-03 -1.67846680e-03
  1.92103489e-03  2.56670153e-03  2.23869405e-03  2.56670153e-03
 -9.11441114e-04 -4.15452721e-03 -9.11441114e-04 -1.86957449e-05
 -9.98187939e-04 -1.86957449e-05  2.05873405e-04 -2.46807878e-03
  2.05873405e-04  1.16688638e-03 -2.36411825e-04  1.16688638e-03
  1.53675104e-04 -1.79408389e-03  1.53675104e-04  1.01342880e-03
 -4.98917000e-04  1.01342880e-03  9.77857114e-05 -1.04169537e-03
  9.77857114e-05  7.37217530e-04 -5.86896346e-04  7.37217530e-04
  3.89028236e-05 -3.24739613e-04  3.89028236e-05  4.01272135e-04
 -5.13644657e-04  4.01272135e-04  5.59835848e-03  5.87951562e-03
  5.59835848e-03  5.68394456e-03  5.28793602e-03  5.68394456e-03
 -5.62806250e-05  6.67028736e-04 -5.62806250e-05 -2.08230159e-04
 -9.45329463e-05 -2.08230159e-04 -6.85367731e-05  8.65420245e-04
 -6.85367731e-05 -4.06720321e-04  1.29770889e-04 -4.06720321e-04
 -4.46737195e-05  8.75434578e-04 -4.46737195e-05 -5.33224107e-04
  3.26922049e-04 -5.33224107e-04  2.25711635e-05  7.26431697e-04
  2.25711635e-05 -6.12012531e-04  5.01584523e-04 -6.12012531e-04
  1.37752024e-04  4.56788352e-04  1.37752024e-04 -6.67658400e-04
  6.54877564e-04 -6.67658400e-04  2.92579436e-04  1.27739212e-04
  2.92579436e-04 -7.17127273e-04  7.75207852e-04 -7.17127273e-04
  4.55592272e-04 -1.67589447e-04  4.55592272e-04 -7.71054999e-04
  8.53045385e-04 -7.71054999e-04  5.75497229e-04 -3.23006523e-04
  5.75497229e-04 -8.37388700e-04  9.00820061e-04 -8.37388700e-04
  6.00303111e-04 -2.58858964e-04  6.00303111e-04 -9.22334196e-04
  9.56020709e-04 -9.22334196e-04  5.01098115e-04  4.38118747e-05
  5.01098115e-04 -1.02676341e-03  1.06007206e-03 -1.02676341e-03
 -1.12187799e-03 -8.95431453e-04 -1.12187799e-03 -2.55357508e-03
 -2.44340059e-04 -2.55357508e-03  8.01603786e-05  1.07715473e-03
  8.01603786e-05 -1.18557650e-03  1.20124179e-03 -1.18557650e-03
 -3.73705431e-04  1.27845442e-03 -3.73705431e-04 -1.43844668e-03
  7.99565834e-04 -1.43844668e-03  1.19707502e-03  3.25878318e-03
  1.19707502e-03  3.46376735e-04  2.26445128e-03  3.46376735e-04
 -2.50537689e-03 -3.37274412e-04 -2.50537689e-03 -3.14465297e-03
 -1.63267613e-03 -3.14465297e-03 -1.14250626e-03  8.38785706e-04
 -1.14250626e-03 -1.57814100e-03 -4.80119233e-04 -1.57814100e-03
 -2.53165923e-04  1.30518919e-03 -2.53165923e-04 -4.89955142e-04
  2.47140497e-04 -4.89955142e-04 -2.06962301e-04  7.72525734e-04
 -2.06962301e-04 -2.42267181e-04  1.92794463e-04 -2.42267181e-04
  1.73589763e-03  2.08704029e-03  1.73589763e-03  1.91951307e-03
  2.09114835e-03  1.91951307e-03 -1.51219565e-04 -3.72825028e-04
 -1.51219565e-04  2.69039263e-04  2.01083792e-04  2.69039263e-04
 -1.58416612e-04 -8.08278422e-04 -1.58416612e-04  4.92662602e-04
  2.00313990e-04  4.92662602e-04 -1.80305275e-04 -1.05275065e-03
 -1.80305275e-04  6.55720057e-04  1.58477494e-04  6.55720057e-04
 -2.04533102e-04 -1.07590430e-03 -2.04533102e-04  7.41244423e-04
  5.49683029e-05  7.41244423e-04 -2.20569240e-04 -8.90880683e-04
 -2.20569240e-04  7.55888543e-04 -1.31029905e-04  7.55888543e-04
 -2.19533172e-04 -5.57122986e-04 -2.19533172e-04  7.30863522e-04
 -4.20002347e-04  7.30863522e-04 -1.93454345e-04 -1.67922193e-04
 -1.93454345e-04  7.08599924e-04 -8.19379048e-04  7.08599924e-04
 -1.36242874e-04  1.78692022e-04 -1.36242874e-04  7.20415835e-04
 -1.30602820e-03  7.20415835e-04 -4.47784240e-05  4.07616461e-04
 -4.47784240e-05  7.69183416e-04 -1.81704900e-03  7.69183416e-04
 -1.14046919e-03 -7.17950186e-04 -1.14046919e-03 -3.90395320e-04
 -3.47273164e-03 -3.90395320e-04  2.14310849e-04  4.54967759e-04
  2.14310849e-04  8.58563862e-04 -2.52504697e-03  8.58563862e-04
  3.49651784e-04  2.67217991e-04  3.49651784e-04  8.34438671e-04
 -2.56153386e-03  8.34438671e-04  4.77152200e-04 -3.65887294e-05
  4.77152200e-04  7.47080384e-04 -2.33103828e-03  7.47080384e-04
  5.69046475e-04 -4.08043055e-04  5.69046475e-04  5.86812544e-04
 -1.86181611e-03  5.86812544e-04  6.15797325e-04 -7.53262125e-04
  6.15797325e-04  3.93070015e-04 -1.21217325e-03  3.93070015e-04
  5.96374707e-04 -1.01403578e-03  5.96374707e-04  1.88561481e-04
 -4.94064936e-04  1.88561481e-04 -1.13287770e-03 -2.79068203e-03
 -1.13287770e-03 -1.65962765e-03 -1.45987173e-03 -1.65962765e-03
  4.33622985e-04 -1.07090375e-03  4.33622985e-04 -1.64946723e-04
  7.85177723e-04 -1.64946723e-04  1.79961781e-03  6.13910609e-04
  1.79961781e-03  1.14346163e-03  2.64680541e-03  1.14346163e-03
  1.68756352e-05 -7.62658406e-04  1.68756352e-05 -7.15716695e-04
  1.10939691e-03 -7.15716695e-04  1.54568651e-03  1.16328640e-03
  1.54568651e-03  6.99796585e-04  2.63285747e-03  6.99796585e-04
  2.13463896e-04  1.30021030e-04  2.13463896e-04 -7.87416154e-04
  1.07981444e-03 -7.87416154e-04  3.01743525e-04  3.90378116e-04
  3.01743525e-04 -8.70746535e-04  8.05399658e-04 -8.70746535e-04
  3.94771913e-04  5.51675096e-04  3.94771913e-04 -8.98334017e-04
  5.11521082e-04 -8.98334017e-04  4.42571874e-04  6.13678116e-04
  4.42571874e-04 -8.49644223e-04  2.56311293e-04 -8.49644223e-04
  4.19399126e-04  6.07619224e-04  4.19399126e-04 -7.27391549e-04
  6.65477753e-05 -7.27391549e-04  3.18981963e-04  5.29988905e-04
  3.18981963e-04 -5.27878919e-04 -5.38628978e-05 -5.27878919e-04
  1.26550477e-04  4.03330131e-04  1.26550477e-04 -2.50770934e-04
 -8.60534471e-05 -2.50770934e-04 -1.53195877e-04  2.71407004e-04
 -1.53195877e-04  6.56314507e-05 -3.57904097e-05  6.56314507e-05
 -4.87773961e-04  1.86346991e-04 -4.87773961e-04  3.79473047e-04
  9.19950648e-05  3.79473047e-04 -8.24633158e-04  1.78985433e-04
 -8.24633158e-04  6.31560480e-04  2.69566450e-04  6.31560480e-04
 -1.11122289e-03  2.32714693e-04 -1.11122289e-03  7.93173090e-04
  4.65964870e-04  7.93173090e-04 -1.31210803e-03  3.16257199e-04
 -1.31210803e-03  8.61335219e-04  6.47905511e-04  8.61335219e-04
 -1.41280006e-03  3.94869633e-04 -1.41280006e-03  8.54932341e-04
  7.83909051e-04  8.54932341e-04 -1.41591035e-03  4.37746736e-04
 -1.41591035e-03  8.02332105e-04  8.53717908e-04  8.02332105e-04
 -1.33269921e-03  4.20106250e-04 -1.33269921e-03  7.27641983e-04
  8.56541479e-04  7.27641983e-04 -1.17651420e-03  3.25027433e-04
 -1.17651420e-03  6.42147273e-04  8.13098708e-04  6.42147273e-04
 -9.61812280e-04  1.50795527e-04 -9.61812280e-04  5.43771358e-04
  7.57501537e-04  5.43771358e-04 -7.06886532e-04 -7.81925830e-05
 -7.06886532e-04  4.23793556e-04  7.18649795e-04  4.23793556e-04
 -2.66701587e-03 -2.53888577e-03 -2.66701587e-03 -1.95338264e-03
 -1.53552530e-03 -1.95338264e-03  3.46142462e-03  3.16705055e-03
  3.46142462e-03  3.75052495e-03  4.28969511e-03  3.75052495e-03
 -1.96744894e-03 -2.53615072e-03 -1.96744894e-03 -2.07565340e-03
 -1.46392051e-03 -2.07565340e-03  1.48395559e-03  8.19528587e-04
  1.48395559e-03  1.02688804e-03  1.65644163e-03  1.02688804e-03
 -6.64782783e-03 -7.22667762e-03 -6.64782783e-03 -7.38863018e-03
 -6.78022846e-03 -7.38863018e-03  4.50791323e-04  8.21515017e-05
  4.50791323e-04 -5.07747923e-04  7.40611754e-05 -5.07747923e-04
  5.04786043e-04  3.58847322e-04  5.04786043e-04 -6.19051435e-04
 -2.77901111e-05 -6.19051435e-04  1.55872599e-04  1.30569832e-04
  1.55872599e-04 -1.09083396e-03 -4.48631018e-04 -1.09083396e-03
  7.29206233e-04  6.57311306e-04  7.29206233e-04 -5.96108255e-04
  1.03571548e-04 -5.96108255e-04  5.24274703e-04  2.41239789e-04
  5.24274703e-04 -8.29802654e-04 -1.16561586e-04 -8.29802654e-04
  7.16514535e-04  1.25044254e-04  7.16514535e-04 -6.11854518e-04
  2.66039949e-05 -6.11854518e-04  5.15267041e-04 -3.69276886e-04
  5.15267041e-04 -7.33033012e-04 -2.72571440e-04 -7.33033012e-04
  7.55637888e-04 -3.24147286e-04  7.55637888e-04 -3.58628906e-04
 -1.72022888e-04 -3.58628906e-04  7.23446428e-04 -4.03022218e-04
  7.23446428e-04 -2.05415019e-04 -3.76917787e-04 -2.05415019e-04
  4.50651202e-07 -1.00578138e-03  4.50651202e-07 -6.95053543e-04
 -1.28226013e-03 -6.95053543e-04  5.09858715e-04 -2.27506409e-04
  5.09858715e-04  8.26475318e-05 -9.18568154e-04  8.26475318e-05
  6.39112546e-03  6.01389263e-03  6.39112546e-03  6.24039956e-03
  4.91686187e-03  6.24039956e-03  2.21088140e-04  2.09469607e-04
  2.21088140e-04  3.21586563e-04 -1.18794927e-03  3.21586563e-04
  2.78594138e-03  3.07612895e-03  2.78594138e-03  3.08567351e-03
  1.53354249e-03  3.08567351e-03  2.89416318e-02  2.94392363e-02
  2.89416318e-02  2.93751336e-02  2.79296252e-02  2.93751336e-02
 -1.43521549e-04  4.66913186e-04 -1.43521549e-04  3.50052019e-04
 -8.42500348e-04  3.50052019e-04 -2.08578886e-04  4.19774053e-04
 -2.08578886e-04  2.80244121e-04 -5.27502746e-04  2.80244121e-04
 -2.50416601e-04  2.77139465e-04 -2.50416601e-04  1.97838302e-04
 -1.38285598e-04  1.97838302e-04 -2.65208433e-04  1.72862627e-05
 -2.65208433e-04  1.35796424e-04  2.73901402e-04  1.35796424e-04
 -2.45434603e-04 -3.41761885e-04 -2.45434603e-04  1.13128748e-04
  6.38246677e-04  1.13128748e-04 -1.87198999e-04 -7.31667697e-04
 -1.87198999e-04  1.19905554e-04  8.98119850e-04  1.19905554e-04
 -9.20038526e-05 -1.05148304e-03 -9.20038526e-05  1.20731733e-04
  1.02540093e-03  1.20731733e-04  3.29397717e-05 -1.19826148e-03
  3.29397717e-05  9.28665330e-05  9.76292465e-04  9.28665330e-05
  2.89866450e-04 -9.99166203e-04  2.89866450e-04  1.42915338e-04
  8.24555501e-04  1.42915338e-04  3.11832851e-04 -7.74932873e-04
  3.11832851e-04 -7.63351499e-05  2.36070543e-04 -7.63351499e-05
  5.55807657e-04 -6.11802372e-05  5.55807657e-04 -6.03224162e-05
 -2.42536820e-04 -6.03224162e-05  4.74319727e-04  5.76525395e-04
  4.74319727e-04 -2.99643721e-04 -1.00513491e-03 -2.99643721e-04
  2.24847357e-03  3.27731120e-03  2.24847357e-03  1.44995335e-03
  3.05625041e-04  1.44995335e-03  1.44999618e-04  2.23522115e-03
  1.44999618e-04 -4.93271805e-04 -1.89370745e-03 -4.93271805e-04
  4.56178747e-04  3.63453651e-03  4.56178747e-04  1.78379603e-04
 -1.24807604e-03  1.78379603e-04  9.77923465e-05  4.25626571e-03
  9.77923465e-05  3.53051314e-04 -8.87332258e-04  3.53051314e-04
 -1.63241640e-03  3.27584415e-03 -1.63241640e-03 -7.31802063e-04
 -1.62857035e-03 -7.31802063e-04 -5.07175941e-03  2.60028820e-04
 -5.07175941e-03 -3.50294347e-03 -4.00940336e-03 -3.50294347e-03]
Number of iterations 323
Completed in 0:04:51.906489 HH:MM:SS.US
Final objective value with norm: 
0.10120155378443929
Final penalty of max controllers: 
1.1967825590480125e-07
