Final evolution
[[ 0.24825951+0.24983889j  0.24781074+0.25111909j  0.25054193+0.25344104j
   0.25350228+0.24968146j  0.25201313+0.25232742j  0.24818526+0.24935103j
   0.24674284+0.24777658j  0.24938458+0.24989876j]
 [ 0.24705728+0.25251614j -0.24465241-0.25065137j  0.24892835+0.24967954j
  -0.25310255-0.24611597j  0.25220493+0.24680481j -0.25593027-0.24577108j
   0.25136286+0.25031545j -0.24918055-0.25538695j]
 [ 0.2503367 +0.24838255j  0.25056373+0.24895678j -0.26125518-0.24763875j
  -0.25076757-0.24676737j  0.2514583 +0.25287147j  0.24963912+0.248634j
  -0.24357519-0.25209947j -0.24805541-0.24857584j]
 [ 0.25016385+0.25286115j -0.24866932-0.25072234j -0.24854705-0.25270486j
   0.24145211+0.24592727j  0.24850952+0.24408937j -0.25395203-0.25492613j
  -0.24716272-0.2478693j   0.25821684+0.25366579j]
 [ 0.24580095+0.25232373j  0.25270995+0.25205905j  0.24992186+0.24653591j
   0.2501665 +0.24603871j -0.24995157-0.24531475j -0.25199365-0.25067713j
  -0.25285035-0.25540663j -0.24860244-0.24939j   ]
 [ 0.24777717+0.25280959j -0.25016965-0.24901854j  0.25029141+0.2539592j
  -0.24948699-0.25345291j -0.24970374-0.24675175j  0.25229342+0.25337198j
  -0.24961307-0.25069736j  0.24691397+0.24344489j]
 [ 0.2491805 +0.24532553j  0.25339183+0.25376999j -0.24379062-0.24292088j
  -0.25711651-0.24944118j -0.24944625-0.25672553j -0.24480983-0.2462535j
   0.25101488+0.25418583j  0.2477077 +0.25428631j]
 [ 0.25172554+0.25540187j -0.24331319-0.25216906j -0.25149539-0.24779077j
   0.25395198+0.25255114j -0.25283847-0.24866892j  0.25322458+0.24046292j
   0.24748151+0.25156371j -0.24855514-0.2483345j ]]

********* Summary *****************
Final fidelity error 9.5420559688697e-05
Final objective value 9.874966848111259e-05
Final penalized error 3.3295830822452174e-06
Final gradient 0.006502054238905328
Number of iterations 0
Terminated due to Goal achieved
Completed in 0:00:01.023199 HH:MM:SS.US
Final objective value with norm: 
9.5420559688697e-05
Final penalty of max controllers: 
6.659166164490435e-06
