Final evolution
[[-0.07569613+0.26186946j -0.04250173+0.2461199j  -0.06714961+0.21928638j
  -0.12632841+0.27880746j -0.10855509+0.26847359j -0.17286376+0.1490646j
  -0.10988916+0.24535157j -0.02352352+0.23979507j -0.02379541+0.21615237j
  -0.09224375+0.26869386j -0.15429535+0.16900989j -0.05529978+0.11323582j
  -0.02803816+0.31430538j -0.0854537 +0.1425622j  -0.1371759 +0.18106044j
  -0.09403233+0.25854374j]
 [-0.01732251+0.24941366j  0.13815555-0.19004971j -0.17171528+0.17286939j
   0.05641014-0.22589291j -0.12067878+0.23430239j  0.18720115-0.22159024j
  -0.07303835+0.25635232j  0.09258833-0.26580763j -0.09450268+0.20048638j
   0.05698833-0.32880082j -0.09578366+0.18609244j  0.11191672-0.13905096j
  -0.03971117+0.19621064j  0.12227164-0.21352656j -0.14769791+0.21655659j
   0.10917187-0.21777112j]
 [-0.05819061+0.23773891j -0.12289444+0.2172964j   0.11611717-0.14237066j
   0.12066246-0.2260472j  -0.00844519+0.23607686j -0.14535394+0.16711269j
   0.15398176-0.23635957j  0.08919823-0.24046735j -0.08161347+0.30428215j
  -0.09308396+0.17762538j  0.07475991-0.21826119j  0.14372489-0.21061934j
  -0.11560824+0.22566445j -0.00682078+0.2245562j   0.12815412-0.25972089j
   0.08748409-0.2532727j ]
 [-0.13691843+0.22490259j  0.08518704-0.24384094j  0.14909523-0.18940548j
  -0.09689517+0.17014003j  0.02938431+0.13927254j  0.10577276-0.25941652j
   0.12807072-0.24663606j -0.12449838+0.23098367j -0.05330051+0.24070559j
   0.15447489-0.24133225j  0.08750184-0.15132922j -0.07196941+0.25034167j
  -0.02222589+0.2536359j   0.15411604-0.16930644j  0.14551333-0.24413987j
  -0.06776751+0.28068312j]
 [-0.09633378+0.21727033j -0.07075146+0.20388822j -0.12157657+0.21720516j
  -0.08525783+0.21535666j  0.0467317 -0.31480559j  0.08550336-0.26501252j
   0.1127709 -0.19850389j  0.0830137 -0.22172094j -0.09717754+0.17839405j
   0.01080798+0.33978608j -0.06867173+0.24361641j -0.0851859 +0.26345798j
   0.12507384-0.17292134j  0.07951589-0.23736594j  0.04637663-0.14382148j
   0.07984947-0.24359132j]
 [-0.10830396+0.16379798j  0.10806989-0.21644528j -0.16524291+0.31835995j
   0.05860886-0.23538351j  0.07421115-0.24480028j -0.0542117 +0.26708423j
   0.07306937-0.20236438j -0.12044631+0.1995301j  -0.14541974+0.27326452j
   0.01110116-0.18505238j -0.09201747+0.26421928j  0.06896339-0.21647932j
   0.14230628-0.22996396j -0.13394329+0.21897302j  0.0667179 -0.15379778j
  -0.0287581 +0.216919j  ]
 [-0.06294504+0.29146336j -0.04065115+0.24905243j  0.12777068-0.14783978j
   0.13800228-0.24255769j  0.0506421 -0.22041463j  0.12914768-0.20187733j
  -0.09391833+0.21567742j -0.13724489+0.22037881j -0.1398804 +0.10718029j
  -0.08581973+0.20447429j  0.16907161-0.27944917j  0.1330407 -0.25472845j
   0.15008082-0.20092173j  0.11122124-0.22339351j -0.03604225+0.2315064j
  -0.06688742+0.21446734j]
 [-0.03912759+0.23320102j  0.04675733-0.22897912j  0.09030501-0.23869953j
  -0.10342276+0.22615356j  0.07137244-0.20618138j -0.09123457+0.30759553j
  -0.10242611+0.21712025j -0.01250621-0.21876527j -0.15397959+0.26419394j
   0.01516672-0.16449663j  0.05346558-0.27628775j -0.16781992+0.26414937j
   0.10349469-0.19766187j -0.10253727+0.1880012j  -0.06050241+0.2492014j
   0.01968663-0.21583694j]
 [-0.16211332+0.20123255j -0.07200291+0.11834632j -0.13527075+0.26561597j
  -0.15683962+0.25102137j -0.08577774+0.19809144j -0.05966656+0.24574576j
  -0.00206458+0.18326426j -0.13259221+0.19929456j  0.12022071-0.2266517j
   0.12068602-0.19193379j  0.09655122-0.24569176j  0.0709371 -0.18424097j
   0.10685017-0.20482267j  0.13129796-0.23134715j  0.17422261-0.26035448j
   0.11820307-0.2720384j ]
 [-0.05414291+0.20630073j  0.16207058-0.19047076j -0.1125097 +0.20339878j
   0.08862822-0.22978394j -0.08959196+0.28141762j  0.03748728-0.15378272j
  -0.11291022+0.12535706j  0.08924202-0.28854244j  0.10386895-0.21919463j
  -0.14848857+0.20910033j  0.03609343-0.24271166j -0.10272262+0.28177871j
   0.15507271-0.24097449j -0.05382114+0.1963538j   0.07417572-0.23604629j
  -0.11849113+0.26780388j]
 [-0.09696221+0.24315643j -0.17084651+0.27496175j  0.06441046-0.22127564j
  -0.0003879 -0.20502978j -0.10336726+0.2372925j  -0.13105723+0.22604392j
   0.15743657-0.29282239j  0.01083287-0.13462832j  0.07372801-0.19152089j
   0.03168589-0.25265231j -0.08822475+0.24618587j -0.14907649+0.17840889j
   0.02343783-0.28105734j  0.09384489-0.19199195j -0.06493187+0.27172084j
  -0.04271343+0.18169497j]
 [-0.1268279 +0.24029404j  0.14809616-0.26354825j  0.02871991-0.26830789j
  -0.06804743+0.24596711j -0.09742899+0.20992571j  0.10041061-0.24691899j
   0.0308581 -0.24489049j -0.10995443+0.16867577j  0.04372808-0.21857411j
  -0.06029   +0.223251j   -0.1010398 +0.16784787j  0.11728835-0.27472017j
   0.08569492-0.18573385j -0.08939282+0.29523416j -0.05502114+0.20177272j
   0.06495009-0.23459777j]
 [-0.03052993+0.18125877j -0.09149271+0.17831759j -0.15530512+0.24670361j
  -0.12818564+0.23285328j  0.13534858-0.22511317j  0.06408794-0.18675225j
   0.13462862-0.20124986j  0.12108357-0.2773131j   0.13819307-0.17167256j
   0.13442054-0.24260167j  0.07224695-0.2900066j   0.07983968-0.21423008j
  -0.14628225+0.13006852j -0.06561785+0.27221642j -0.058823  +0.24112501j
  -0.0452214 +0.25453045j]
 [-0.10519913+0.15512156j  0.1085211 -0.28622381j -0.10489628+0.22525977j
   0.15969312-0.22634161j  0.05485682-0.16573571j -0.10932622+0.20378375j
   0.13510814-0.23027421j -0.06291688+0.21753786j  0.17543622-0.18987243j
  -0.06104866+0.24763114j  0.0691107 -0.2190716j  -0.08064027+0.20226939j
  -0.1908061 +0.2660484j   0.05225611-0.2036052j  -0.11015826+0.29314686j
   0.07931659-0.19589576j]
 [-0.10148259+0.27624719j -0.07683791+0.22455627j  0.07324542-0.11317074j
   0.07573515-0.26072185j  0.1602397 -0.21723556j  0.0239756 -0.20749368j
  -0.05096141+0.27628466j -0.14480941+0.19564094j  0.17851613-0.22310826j
   0.11202195-0.20321766j -0.0474073 +0.20341931j -0.13158463+0.22072765j
  -0.09265705+0.16538405j -0.16436807+0.32340985j  0.09379859-0.17599933j
   0.10130452-0.21855154j]
 [-0.08364608+0.27737422j  0.05709144-0.24207169j  0.09533199-0.24382998j
  -0.04141018+0.13285946j  0.00568627-0.27998649j -0.09377336+0.22541119j
  -0.02167118+0.21371066j  0.08238781-0.29345254j  0.12534557-0.22954375j
  -0.08386441+0.14447918j -0.02146729+0.26262927j  0.06491492-0.26160519j
  -0.16848006+0.18216492j  0.02162986-0.25406028j  0.11618585-0.22213698j
  -0.10506332+0.22442535j]]

********* Summary *****************
Final fidelity error 0.03054755654142549
Final objective value 0.03118792087481425
Final penalized error 0.0006403727099316636
Final gradient 0.08432203397387525
Number of iterations 220
Terminated due to function converged
Completed in 0:00:55.058787 HH:MM:SS.US
Final objective value with norm: 
0.03054755654142549
Final penalty of max controllers: 
0.0025614908397266546
