Final evolution
[[-2.55547935e-04+0.50004856j  5.56053051e-04+0.50113047j
   2.92056533e-03+0.50045792j -5.83072537e-05+0.49834994j]
 [ 5.31608798e-04+0.50155797j -1.38054453e-03-0.50072419j
   2.86084976e-04+0.49792276j  2.72817242e-03-0.49977804j]
 [-1.07616274e-03+0.4985923j  -1.53621812e-03+0.50022122j
  -2.13858145e-03-0.5011221j   2.19641093e-03-0.50004818j]
 [ 1.34706459e-03+0.4997934j  -8.46301760e-04-0.49791262j
  -1.07186101e-03-0.50047687j -3.22783123e-03+0.50179516j]]

********* Summary *****************
Final fidelity error 8.538224886778245e-06
Final objective value 9.508775833717247e-05
Final penalized error 8.654980743356371e-05
Final gradient 0.011736588788223177
Number of iterations 160
Terminated due to Goal achieved
Completed in 0:00:15.194646 HH:MM:SS.US
Final objective value with norm: 
8.538224886778245e-06
Final penalty of max controllers: 
0.008654980743356371
