Final evolution
[[ 0.00030956+0.50698067j  0.00269827+0.49729217j  0.00282573+0.49937824j
  -0.00750153+0.49620645j]
 [ 0.00381108+0.50060736j -0.00227268-0.4982206j   0.00325561+0.49286687j
   0.00319919-0.50814391j]
 [ 0.00602644+0.49153566j  0.00090401+0.50413961j -0.00472331-0.50464657j
   0.00541549-0.49947875j]
 [-0.00061966+0.50070375j  0.00185492-0.50030319j -0.00287056-0.50297747j
  -0.01110562+0.49585355j]]

********* Summary *****************
Final fidelity error 8.314976116408079e-05
Final objective value 9.362841787090223e-05
Final penalized error 1.0479829661887854e-05
Final gradient 0.021749063191011258
Number of iterations 3
Terminated due to Goal achieved
Completed in 0:00:00.415708 HH:MM:SS.US
Final objective value with norm: 
8.314976116408079e-05
Final penalty of max controllers: 
3.493276553962618e-06
