Final evolution
[[-0.0667926 +0.26349679j -0.03796757+0.2641685j  -0.0941299 +0.25235901j
  -0.16129683+0.22609416j -0.10766371+0.27521118j -0.1516172 +0.14057132j
  -0.10648423+0.26968877j -0.04678827+0.24633609j -0.03675001+0.24106379j
  -0.10735427+0.2388385j  -0.1091296 +0.14732649j -0.00651702+0.15666883j
  -0.07386628+0.31824255j -0.05727738+0.16944721j -0.08396701+0.14115393j
  -0.1061027 +0.25492219j]
 [-0.01969282+0.2680917j   0.10287998-0.22026276j -0.15664036+0.15728635j
   0.09109527-0.24494909j -0.1150722 +0.22462975j  0.17432435-0.21887613j
  -0.07156025+0.25695486j  0.1290461 -0.28438808j -0.07044928+0.1922342j
   0.10969788-0.33568858j -0.08060757+0.19866009j  0.05456945-0.14033056j
  -0.03261616+0.23862491j  0.1165765 -0.1802366j  -0.14728825+0.16847983j
   0.06631254-0.21578782j]
 [-0.06467804+0.22435834j -0.1313746 +0.16729725j  0.09048311-0.14725638j
   0.13330232-0.23396371j  0.01132188+0.22201244j -0.11741719+0.15525267j
   0.19006391-0.22225023j  0.04462856-0.27132029j -0.07011247+0.28616478j
  -0.10343436+0.20761722j  0.10463226-0.20911881j  0.13466225-0.23208462j
  -0.14922419+0.18131327j -0.04980527+0.2791884j   0.1210622 -0.27412446j
   0.085458  -0.22239756j]
 [-0.12999385+0.1812405j   0.0985312 -0.22602174j  0.16946466-0.17645426j
  -0.0788949 +0.15554655j  0.01228904+0.14247353j  0.0995968 -0.2549163j
   0.14996517-0.28388846j -0.11741736+0.2051377j  -0.07477781+0.22184093j
   0.15149788-0.27246683j  0.12311618-0.18215809j -0.08930501+0.25125211j
  -0.09080575+0.2467998j   0.10725696-0.14925674j  0.12223657-0.24330491j
  -0.09345888+0.29603296j]
 [-0.08845419+0.23336564j -0.05797434+0.2127451j  -0.08500122+0.20860626j
  -0.06838575+0.22325099j  0.07533081-0.29371904j  0.07080548-0.3083004j
   0.12748436-0.20480208j  0.09452049-0.21009539j -0.08831425+0.16439699j
  -0.03203512+0.31845741j -0.09753467+0.2581373j  -0.07426629+0.25995224j
   0.09378223-0.13086396j  0.08651931-0.25323774j  0.01702256-0.19094789j
   0.08049101-0.23083794j]
 [-0.07663218+0.1927297j   0.09315176-0.20310715j -0.16348701+0.28398772j
   0.06612502-0.2459059j   0.09285192-0.29544331j -0.05183329+0.26199366j
   0.08735939-0.17864282j -0.12124417+0.1960761j  -0.15198635+0.23706048j
   0.00985155-0.19817416j -0.06239777+0.30932781j  0.05803213-0.19378422j
   0.14862267-0.22637905j -0.1051403 +0.19378131j  0.05027556-0.16918428j
  -0.03512376+0.24782245j]
 [-0.08847769+0.28312418j -0.03418408+0.25293897j  0.08892378-0.18233011j
   0.13516655-0.23330538j  0.06726509-0.20483952j  0.13406152-0.24090023j
  -0.08118207+0.21258877j -0.11412715+0.19014295j -0.15024808+0.1243824j
  -0.07546331+0.192662j    0.20395541-0.26824461j  0.12671671-0.25240495j
   0.13628096-0.17499209j  0.11252331-0.23362279j -0.06428016+0.24416696j
  -0.06366383+0.22615033j]
 [-0.04044009+0.25425242j  0.06208178-0.19262621j  0.08687719-0.2004267j
  -0.09925882+0.26513762j  0.11917576-0.21646806j -0.08767839+0.29900244j
  -0.0859141 +0.19741595j  0.00070104-0.21134093j -0.17679958+0.259193j
   0.04146696-0.15627128j  0.07427385-0.26539843j -0.18726508+0.26100558j
   0.10942894-0.18752446j -0.0544834 +0.2037914j  -0.08516958+0.24718833j
   0.03142053-0.22586382j]
 [-0.14591847+0.22796363j -0.09213025+0.11348403j -0.14454761+0.26384782j
  -0.1299674 +0.23155946j -0.09948222+0.18825861j -0.06509353+0.20132223j
  -0.02765347+0.12810899j -0.13828851+0.21805488j  0.10985363-0.18117023j
   0.11830485-0.2148947j   0.12259535-0.25829239j  0.12210446-0.187789j
   0.10990077-0.20449358j  0.12032991-0.25024383j  0.16884607-0.27265905j
   0.08942498-0.30260174j]
 [-0.04896604+0.18330482j  0.15301333-0.21528126j -0.10965701+0.20521283j
   0.10724112-0.20830555j -0.05949831+0.22822928j  0.06433427-0.15557781j
  -0.15699225+0.16328856j  0.06558632-0.26694225j  0.13047807-0.21675678j
  -0.08994514+0.22132778j  0.0525049 -0.24172372j -0.10779958+0.28901031j
   0.15638284-0.26843642j -0.04102928+0.20549897j  0.08057667-0.2655778j
  -0.1156451 +0.25715447j]
 [-0.08551756+0.27843039j -0.12720821+0.30014758j  0.04289061-0.20785594j
   0.0182279 -0.20175946j -0.09361339+0.27404959j -0.10689983+0.25404579j
   0.13450369-0.29226222j  0.08014399-0.13297565j  0.08857887-0.20914184j
   0.04430454-0.20986201j -0.07616616+0.21001186j -0.12366251+0.21884086j
   0.01730639-0.27493958j  0.10834861-0.16623966j -0.0609834 +0.26941066j
  -0.02077978+0.18078087j]
 [-0.10157104+0.27480494j  0.13793731-0.28962754j  0.03618313-0.23068247j
  -0.07279181+0.24585932j -0.08255961+0.2335477j   0.10846895-0.26009534j
   0.03877059-0.20837403j -0.16056364+0.1980398j   0.05162695-0.18785561j
  -0.08694226+0.20865814j -0.1244971 +0.19858753j  0.07971627-0.25394819j
   0.06510594-0.18793643j -0.08889166+0.29184043j -0.04508868+0.21540322j
   0.06248644-0.20121117j]
 [-0.04867736+0.15440417j -0.12280395+0.15233992j -0.18682399+0.26457053j
  -0.09090548+0.24664091j  0.09673303-0.23670034j  0.06913924-0.18291025j
   0.12820174-0.19704668j  0.1243383 -0.27378951j  0.14030074-0.2273865j
   0.13361952-0.21365564j  0.09156526-0.24733173j  0.09385527-0.21576078j
  -0.15235543+0.13097109j -0.08615019+0.28016975j -0.07026042+0.23592749j
  -0.06080365+0.2486208j ]
 [-0.14048604+0.13030146j  0.11855201-0.29244741j -0.08927588+0.25485326j
   0.17278926-0.22045849j  0.07672805-0.14949301j -0.09992345+0.20009094j
   0.15204526-0.20560022j -0.06890822+0.21144135j  0.12899446-0.19147909j
  -0.11541526+0.25790771j  0.09210497-0.2102909j  -0.07892413+0.19340921j
  -0.18408229+0.26812137j  0.04092555-0.21210039j -0.10925126+0.28610212j
   0.08509144-0.19045997j]
 [-0.06317255+0.26105839j -0.06195149+0.23468446j  0.11070292-0.16086824j
   0.08656435-0.23031902j  0.12120987-0.25972969j  0.04761631-0.16585759j
  -0.01887051+0.27885485j -0.11846229+0.21680575j  0.20656004-0.26202708j
   0.08720578-0.2086948j   0.01224862+0.19003086j -0.12262878+0.22294352j
  -0.10584203+0.18734824j -0.16330642+0.28750786j  0.10323282-0.18344451j
   0.11504663-0.20621384j]
 [-0.04405095+0.27032537j  0.03151977-0.2467611j   0.09303832-0.26951678j
  -0.09374157+0.17423571j -0.04019557-0.24519417j -0.11158481+0.25040182j
  -0.02853521+0.20928567j  0.05221956-0.27033564j  0.12094779-0.2394058j
  -0.10927507+0.15543175j -0.02141178+0.21311033j  0.00987517-0.26360325j
  -0.13611546+0.19631644j  0.06414098-0.27618441j  0.09229679-0.21719668j
  -0.10719053+0.2391704j ]]

********* Summary *****************
Final fidelity error 0.030119924262939524
Final objective value 0.03015838788723131
Final penalized error 3.8472383074484935e-05
Final gradient 0.07727847450768884
Number of iterations 245
Terminated due to function converged
Completed in 0:01:17.784985 HH:MM:SS.US
Final objective value with norm: 
0.030119924262939524
Final penalty of max controllers: 
7.694476614896987e-06
Final evolution
[[-0.07783762+0.2762937j  -0.03204027+0.27306496j -0.11327998+0.25775595j
  -0.14757121+0.19629528j -0.09978787+0.27519458j -0.12924644+0.13843377j
  -0.09746207+0.2747514j  -0.05847082+0.24767375j -0.03689132+0.24966708j
  -0.10837998+0.2196456j  -0.08199172+0.15158322j -0.01254077+0.18488848j
  -0.0863874 +0.3078522j  -0.04491491+0.19556106j -0.05663574+0.14303596j
  -0.11117474+0.25470731j]
 [-0.02981076+0.28376445j  0.10005583-0.22663729j -0.13762046+0.15757375j
   0.11363884-0.22668128j -0.10570217+0.21726542j  0.17395619-0.21648021j
  -0.07697452+0.23933644j  0.1390254 -0.2992168j  -0.06790982+0.18270219j
   0.11534089-0.33096972j -0.08401668+0.20896385j  0.03439669-0.15254323j
  -0.03695662+0.25259452j  0.09858942-0.17902436j -0.13567369+0.15809613j
   0.0518455 -0.22920799j]
 [-0.06387121+0.20973165j -0.12509059+0.16386786j  0.08591317-0.16693494j
   0.1402781 -0.24123667j  0.00253575+0.22702507j -0.09910581+0.15838428j
   0.19079886-0.2151685j   0.04786567-0.2793694j  -0.07574669+0.27858485j
  -0.11588835+0.22152013j  0.12009565-0.19640418j  0.12647721-0.24139537j
  -0.15193489+0.15667583j -0.08900218+0.28246469j  0.12231008-0.27759866j
   0.09198459-0.19463203j]
 [-0.13083882+0.16763674j  0.08786009-0.2180075j   0.16421713-0.18970797j
  -0.07543487+0.1597382j   0.00437865+0.15017497j  0.10463581-0.24680717j
   0.16217827-0.28808914j -0.11631796+0.19734446j -0.09047402+0.21909329j
   0.15456246-0.27976807j  0.13448205-0.20059672j -0.10209331+0.23591227j
  -0.12179867+0.23405022j  0.09871813-0.15368759j  0.1135473 -0.23539744j
  -0.11231944+0.28725247j]
 [-0.09677088+0.23640332j -0.05443557+0.21519232j -0.0640771 +0.21571688j
  -0.07133112+0.21824583j  0.08436351-0.26907482j  0.06700421-0.32715742j
   0.1295888 -0.21738343j  0.084612  -0.18976006j -0.08039918+0.14562833j
  -0.05935347+0.32345362j -0.09973205+0.253846j   -0.07309223+0.25594564j
   0.0746991 -0.13159263j  0.08695829-0.25052148j  0.01338898-0.21811686j
   0.07550323-0.2369305j ]
 [-0.062099  +0.2068895j   0.09226556-0.20399524j -0.14180703+0.26226834j
   0.07500721-0.24681269j  0.09989035-0.32277956j -0.0372339 +0.24888573j
   0.07436744-0.1695261j  -0.12743063+0.19686799j -0.14652303+0.2256845j
   0.00886146-0.20546863j -0.05573504+0.32470791j  0.05708528-0.19477812j
   0.12628794-0.22694434j -0.08482026+0.18384816j  0.05116636-0.19678472j
  -0.03349299+0.25625833j]
 [-0.09953072+0.26876674j -0.0356099 +0.26327292j  0.0836557 -0.20480422j
   0.13468884-0.23337704j  0.07470303-0.19943436j  0.1467414 -0.25399698j
  -0.08776349+0.21669421j -0.08777434+0.17862819j -0.14853698+0.12573841j
  -0.07264576+0.18448414j  0.18891351-0.25308665j  0.12051661-0.25695191j
   0.13775902-0.1713845j   0.11236463-0.24015375j -0.07957921+0.24448414j
  -0.08330479+0.22557785j]
 [-0.05110794+0.27609415j  0.05897023-0.18082297j  0.09480718-0.19717696j
  -0.1045554 +0.27105481j  0.14233931-0.2257151j  -0.08046329+0.29438469j
  -0.06513033+0.19535137j  0.02129345-0.2040721j  -0.17688123+0.2480254j
   0.04373358-0.14728861j  0.08304029-0.25146437j -0.17821331+0.25757332j
   0.11044381-0.20023354j -0.05286191+0.20500672j -0.10309211+0.23174295j
   0.05454808-0.23409954j]
 [-0.1167108 +0.25340307j -0.1006314 +0.12122721j -0.14568356+0.26243763j
  -0.12437564+0.21042661j -0.10977893+0.19464585j -0.07441696+0.18340722j
  -0.0424726 +0.11043899j -0.15001328+0.22117543j  0.11433271-0.17331786j
   0.10314733-0.22003759j  0.12698094-0.27160091j  0.13412773-0.2040002j
   0.10628979-0.20864092j  0.10211996-0.24110826j  0.17124988-0.26516601j
   0.07872171-0.30342668j]
 [-0.05316907+0.1739405j   0.13856466-0.24955891j -0.10539361+0.1971927j
   0.11982842-0.20004478j -0.07002935+0.20185316j  0.08575665-0.16582679j
  -0.16678079+0.17009969j  0.06273061-0.25659764j  0.12413885-0.22441486j
  -0.07137384+0.21551886j  0.06237833-0.2482541j  -0.09490006+0.29079942j
   0.13894072-0.27322384j -0.04116697+0.20811413j  0.07176269-0.26755752j
  -0.11987909+0.25992917j]
 [-0.07146762+0.27524447j -0.10965002+0.29255316j  0.0369434 -0.19228389j
   0.02487802-0.21029471j -0.081662  +0.2719233j  -0.08926059+0.27123195j
   0.12834147-0.2978804j   0.10116567-0.14532451j  0.10129367-0.2187866j
   0.04496811-0.20007559j -0.0660225 +0.20867153j -0.12307703+0.2257777j
   0.02058562-0.27755385j  0.11617858-0.17259621j -0.0713219 +0.25328586j
  -0.02975125+0.1859015j ]
 [-0.08209397+0.26463428j  0.12982056-0.28994611j  0.0421716 -0.23593206j
  -0.06927298+0.23522841j -0.07510936+0.2560748j   0.09911092-0.25747685j
   0.04670803-0.20695647j -0.15413944+0.22551449j  0.04908772-0.18379567j
  -0.09699474+0.20249088j -0.11620775+0.21321046j  0.07604745-0.24514052j
   0.06515387-0.19651396j -0.08795604+0.29275141j -0.05243136+0.22511489j
   0.06455009-0.18010088j]
 [-0.06569469+0.14976008j -0.13170258+0.14783388j -0.17031552+0.26582472j
  -0.09342405+0.24865694j  0.09134172-0.24247225j  0.07295077-0.17995678j
   0.14156799-0.2051715j   0.13271808-0.27083995j  0.13415843-0.23864749j
   0.12077988-0.19613731j  0.10799719-0.22287872j  0.09249512-0.23044717j
  -0.14628535+0.13084488j -0.10731621+0.2821251j  -0.08376874+0.23284905j
  -0.07413943+0.24188363j]
 [-0.15268062+0.12584266j  0.12285344-0.29217017j -0.0842305 +0.2546349j
   0.17319346-0.23064596j  0.08461705-0.14611062j -0.10619291+0.19598077j
   0.16753904-0.20062731j -0.08543818+0.2130277j   0.10362061-0.18341813j
  -0.13798142+0.25800771j  0.09660672-0.22518527j -0.07644418+0.16761653j
  -0.18709317+0.25814064j  0.03974536-0.2132606j  -0.11224055+0.28189504j
   0.08227491-0.18594363j]
 [-0.05332807+0.25006054j -0.05484238+0.23247051j  0.1149679 -0.19375956j
   0.10025912-0.22882072j  0.1028204 -0.25982834j  0.05446154-0.16682373j
  -0.00652302+0.26042033j -0.10111342+0.2199911j   0.19938307-0.29955687j
   0.08661034-0.20658107j  0.02413367+0.17451856j -0.11347238+0.22499903j
  -0.1201968 +0.19939508j -0.1501383 +0.27300771j  0.10761177-0.18592562j
   0.11615637-0.20956636j]
 [-0.03579912+0.26250672j  0.02189677-0.23898035j  0.08330445-0.27791726j
  -0.11364067+0.20461249j -0.03747394-0.22141263j -0.11219729+0.25247651j
  -0.03600271+0.20938795j  0.03476682-0.25108786j  0.11806384-0.24913542j
  -0.12099954+0.18055721j -0.03483375+0.19886141j  0.0019296 -0.25666775j
  -0.12418552+0.21322078j  0.08527765-0.2786474j   0.07930877-0.21975255j
  -0.10528756+0.23610734j]]

********* Summary *****************
Final fidelity error 0.02907627006442426
Final objective value 0.029111847054642974
Final penalized error 3.55852849017678e-05
Final gradient 0.07340325249082288
Number of iterations 498
Terminated due to function converged
Completed in 0:02:50.501590 HH:MM:SS.US
Final objective value with norm: 
0.02907627006442426
Final penalty of max controllers: 
7.117056980353559e-06
