Rounding result: 
[[ 0.04983587-0.24556169j  0.09817747-0.27044567j  0.13101469-0.32834698j
   0.02572377-0.12198799j  0.11581229-0.20654361j  0.07197009-0.326819j
   0.09299501-0.24028578j  0.11652348-0.15344182j  0.08545973-0.30151305j
   0.0250181 -0.26243019j -0.01371375-0.17791217j -0.00933271-0.20178021j
  -0.06476958-0.07677595j -0.00177058-0.29329377j  0.01962836-0.30926208j
   0.05346255-0.08362737j]
 [ 0.00894146-0.28093262j  0.03446392+0.24890954j -0.03345452-0.1518192j
   0.06077473+0.24029807j  0.05423152-0.18478016j  0.04778472+0.29623318j
  -0.12542062-0.34124359j  0.00930232+0.26291197j -0.03937553-0.23200187j
   0.04227485+0.28094553j -0.1717106 -0.14421714j  0.18314239+0.19069216j
  -0.10680499-0.19134636j  0.11516652+0.17171466j -0.12461335-0.19961394j
  -0.00835386+0.20308769j]
 [ 0.14656939-0.21858397j -0.05821285-0.29023967j -0.0996702 +0.32589583j
  -0.0477432 +0.34493502j  0.09836374-0.12051911j -0.0484143 -0.21206405j
  -0.08175749+0.1610785j   0.05868959+0.2312206j   0.11698283-0.11923685j
  -0.01219044-0.22567163j -0.02212379+0.2391174j   0.01049508+0.15528165j
  -0.01621212-0.28627064j -0.16737271-0.12685498j -0.02496568+0.21786667j
   0.09508116+0.31676251j]
 [ 0.0704513 -0.25949705j  0.06460801+0.24352217j  0.09065302+0.26794769j
  -0.22163613-0.23725226j -0.02897832-0.35711706j  0.05865459+0.02974136j
  -0.08089328+0.12968854j -0.13174538-0.22817096j -0.05946238-0.26435617j
   0.07421664+0.11749293j  0.05209495+0.18800124j -0.16252948-0.18170488j
  -0.11505254-0.25672558j  0.12409359+0.08025131j  0.10001778+0.19199362j
  -0.26481316-0.21240848j]
 [-0.0298672 -0.31499216j -0.09329286-0.17804261j -0.04506998-0.17891387j
  -0.01136656-0.29030602j  0.15979355+0.1085685j   0.0195569 +0.15068943j
  -0.06215151+0.26531592j -0.09456079+0.18941767j  0.01659001-0.20349628j
  -0.02593521-0.13591902j  0.1585735 -0.27107047j  0.12010571-0.19660261j
   0.05467037+0.29423628j  0.06061881+0.25575578j -0.04899397+0.29110394j
  -0.13508132+0.29150681j]
 [-0.11183773-0.27056245j  0.09801947+0.19901078j -0.12347791-0.06869605j
   0.02714577+0.26715852j  0.18981675+0.29289073j -0.07791639-0.11104389j
  -0.02254532+0.09982766j  0.06249894-0.229356j    0.00909901-0.3408754j
   0.12098882+0.16977277j  0.0416756 -0.02433359j -0.06589766+0.34056389j
   0.14222571+0.30167756j -0.00919478-0.25460266j  0.07942519+0.20364766j
   0.0267904 -0.2424031j ]
 [ 0.03206151-0.1119957j   0.05429759-0.30329373j -0.16624126+0.19156551j
  -0.04870501+0.05127778j -0.12870927+0.13051859j  0.15279078+0.33281494j
   0.13847792-0.10653819j  0.04686209-0.24166747j  0.07161381-0.122696j
   0.09389905-0.35209892j -0.29738282+0.0566283j  -0.10755806+0.19528787j
  -0.12846361+0.13813246j  0.03186169+0.39975296j  0.16776039-0.13861381j
   0.02141422-0.1574198j ]
 [-0.08101498-0.13984589j  0.11500781+0.09314779j -0.03370035+0.30916038j
  -0.03789035-0.262935j    0.02774034+0.21818201j -0.17319272-0.08003544j
   0.02838877-0.29867295j  0.07697896+0.2123517j   0.0623425 -0.11843999j
   0.06069773+0.17884164j -0.06205489+0.35692064j -0.0535015 -0.2604529j
   0.03775549+0.30514732j -0.22178993-0.04229489j  0.17707199-0.25998043j
  -0.01462619+0.24224494j]
 [ 0.08120599-0.19928803j  0.12449421-0.19705488j  0.08692087-0.25123572j
   0.04144748-0.10343227j  0.10696035-0.19955958j  0.16402685-0.26640225j
   0.24431552-0.17000589j  0.14053186-0.0872981j  -0.16843176+0.29762052j
  -0.04363047+0.29718914j -0.06097254+0.26497794j -0.08303525+0.23061368j
   0.06562044+0.11840543j -0.11377412+0.3133121j  -0.0524484 +0.26835753j
  -0.03919305+0.06518909j]
 [ 0.04796917-0.21621181j  0.02257746+0.16739225j -0.04948877-0.13372111j
   0.02996271+0.25153828j  0.09642025-0.19120269j -0.02141578+0.34188438j
   0.02178392-0.29677092j -0.0708992 +0.17130068j -0.032447  +0.29118021j
  -0.05131118-0.36917206j  0.15571885+0.21394139j -0.09945247-0.25282472j
   0.06597566+0.20302735j -0.01091737-0.19441229j  0.04847754+0.22605714j
   0.01810954-0.21435176j]
 [ 0.13258594-0.10820887j  0.05066545-0.22835817j -0.15239617+0.268345j
  -0.05298102+0.29002923j  0.16296836-0.13625568j -0.03724595-0.23474097j
  -0.09749137+0.11802522j -0.04222985+0.2265543j  -0.11590848+0.17363811j
   0.00277452+0.25699901j  0.09201612-0.27692906j -0.00477978-0.21367656j
  -0.12452564+0.24102298j  0.0977706 +0.19064391j  0.04203456-0.24230803j
  -0.01017919-0.36758023j]
 [ 0.11417643-0.19295436j -0.01940787+0.2522329j   0.00969786+0.24030454j
  -0.17301271-0.18559196j  0.04569051-0.32006761j  0.0771421 +0.02593503j
  -0.08643648+0.10482819j -0.02650623-0.27551598j  0.06958397+0.3017569j
  -0.04204778-0.12524538j -0.01150721-0.21627938j  0.19047579+0.287599j
  -0.04453046+0.32357733j -0.15358993-0.17370937j -0.0679216 -0.18972917j
   0.16217939+0.22510043j]
 [-0.13106985-0.34730944j -0.09872419-0.16151031j  0.01246592-0.19184005j
  -0.03816671-0.2834258j   0.08920873+0.13742496j  0.01810512+0.21629727j
  -0.03233642+0.3404235j  -0.13567512+0.2514861j   0.05840341+0.24017405j
   0.04427745+0.12823671j -0.09352325+0.22367264j -0.03769033+0.18510959j
  -0.02733757-0.22847579j -0.03537638-0.19495398j  0.05815883-0.26938192j
   0.14287075-0.26934542j]
 [-0.16361684-0.28594491j  0.1183408 +0.24848131j -0.08591313-0.06904705j
   0.04931608+0.22393008j  0.20183642+0.31255418j -0.08861247-0.13514974j
   0.01481221+0.14186901j  0.06970345-0.34802562j  0.04894589+0.31958507j
  -0.11088819-0.12562412j -0.03777389+0.01159091j -0.04414168-0.28017857j
  -0.08242113-0.27202409j  0.04095142+0.22287605j -0.06325538-0.17417989j
  -0.12370039+0.20909205j]
 [ 0.03086314-0.16479388j -0.02573651-0.36211232j -0.09485189+0.20629016j
  -0.05028995+0.06987612j -0.14008468+0.13864095j  0.10585205+0.35454898j
   0.23072777-0.1433407j   0.0347119 -0.30723541j -0.09834867+0.05989632j
  -0.05307723+0.36640546j  0.22332054-0.12008176j  0.10559393-0.19387932j
   0.06433123-0.1263764j  -0.02815569-0.32119104j -0.17770588+0.06688355j
  -0.00286501+0.11187214j]
 [-0.13250372-0.15561027j  0.22047606+0.05448193j  0.05412362+0.30327331j
  -0.07357082-0.29863874j -0.00553774+0.24947276j -0.15577155-0.14694046j
   0.06735095-0.32487569j  0.08902633+0.22753646j -0.09899964+0.1344273j
  -0.11034788-0.19986243j  0.01439849-0.31218356j  0.03640704+0.21694876j
  -0.06099642-0.21875543j  0.12716683-0.00778818j -0.19268759+0.24421216j
   0.02319878-0.21927536j]]
Final objective value: 
0.14000200765018567
Final objective value with norm: 
0.14000200765018567
Final penalty of max controllers: 
0.0
Infinity norm of continuous and binary controllers
0.04857290421977909
