Rounding result: 
[[-0.06276179+2.78239685e-01j  0.1585634 +1.05153555e-01j
   0.05534471+2.67737637e-01j -0.18536387+1.01374081e-01j
   0.06558166+2.31388674e-01j  0.12253449+2.25002367e-01j
  -0.51030284-6.67846682e-02j -0.18411341+1.06485376e-01j
   0.0273511 +1.75940251e-01j -0.02933883-6.36324355e-02j
   0.05459144+1.58172375e-01j  0.17760436+5.80411222e-05j
  -0.13455898+2.78166222e-01j  0.07220334+2.03556277e-01j
  -0.11456228-2.06786626e-01j -0.18652928-2.25428158e-02j]
 [-0.18700517-1.45861683e-01j  0.27812673+3.65978546e-01j
  -0.08562583+4.10619160e-02j  0.02369863-1.17150687e-01j
   0.1279683 +3.28179714e-02j -0.07988983-1.91421487e-01j
   0.14955882+1.45039496e-01j -0.59390884-1.80300189e-02j
   0.06483259-1.03090050e-01j -0.23456492+1.14103116e-02j
   0.13353816-3.81844760e-02j  0.1380691 +1.96454478e-01j
   0.22997196+4.53554206e-02j  0.05833938-4.92171992e-02j
   0.07088175+1.60955746e-01j -0.11270614-2.97822944e-02j]
 [-0.05352398-6.70067475e-02j  0.15292832-6.84316396e-02j
  -0.17157487-1.84875451e-01j -0.43779779+2.92052061e-02j
   0.11636256-4.74345295e-02j  0.11083895-6.68183085e-02j
  -0.15500004-9.57060687e-02j -0.1304599 -2.20648017e-02j
  -0.13109247-8.60235492e-02j -0.08055504-2.95011117e-01j
  -0.15909281+1.25556859e-02j -0.22351093+3.19635986e-02j
  -0.12650711-2.14571336e-01j  0.01845062-8.69787803e-02j
  -0.32937026+1.56352033e-01j  0.11357557+4.63544333e-01j]
 [-0.14916727-1.20428204e-01j -0.06587657-3.78653802e-02j
   0.02195173+4.37520348e-01j -0.19480991-2.78147653e-01j
  -0.01873675-1.68685470e-01j  0.0891538 -8.01414871e-02j
  -0.00138407+9.54089988e-02j  0.19526617-1.51762978e-01j
  -0.39511555+5.57110326e-02j  0.15127889-1.45022467e-01j
   0.16403732-1.71166168e-01j  0.26451814-8.67563460e-02j
   0.06960918+4.99704492e-02j  0.29802245+1.65100757e-01j
   0.09294441+2.39439946e-01j  0.06959824+7.57330476e-02j]
 [ 0.23365902-5.90406557e-02j -0.21486861+5.07625559e-02j
   0.20827449+1.23808335e-01j  0.15996425-8.78713772e-02j
  -0.2335832 -5.42310810e-01j  0.08063082-5.68763389e-02j
  -0.11883931-2.16554670e-01j -0.27136215+1.45061829e-01j
  -0.1027002 -6.56097946e-02j -0.26253217-1.21460695e-01j
   0.16856461-1.30677849e-01j -0.04415197-9.40556187e-02j
  -0.08373485+1.30244078e-01j -0.25044475-1.21069658e-03j
  -0.09374933-1.37004502e-01j -0.05199706+1.23619658e-01j]
 [-0.15916715-3.84499101e-02j  0.02707739-1.17067865e-02j
  -0.16951106-1.55233238e-01j  0.21722372-5.84858319e-03j
  -0.09061121+8.49140075e-02j  0.26026109+3.08489991e-01j
   0.17092665+1.20957176e-01j -0.00810762+6.73945191e-02j
  -0.15293866+2.45669454e-01j  0.03356301-3.09505837e-01j
  -0.20208502+1.83881926e-02j  0.24516012-1.11135295e-01j
   0.20730464+2.85084454e-01j -0.3639045 -1.36593378e-01j
   0.11027734+4.16660902e-02j  0.01373588+2.48545722e-01j]
 [-0.03365774-2.49002422e-01j  0.23418661+6.49128474e-03j
  -0.25371937+4.19773913e-01j  0.02305187+1.19718046e-01j
  -0.29542052+9.66917361e-02j  0.15387145-2.00822853e-01j
  -0.06041277+1.83340380e-01j  0.06491868+4.44919639e-02j
   0.31063972-8.51929774e-02j  0.15712916-1.25860186e-01j
   0.00350087-1.72891582e-01j -0.12515455-2.15453175e-01j
  -0.24781658-9.45055800e-02j -0.17407941-2.19851113e-01j
   0.04596428-4.50532425e-02j -0.17553274-4.72897025e-02j]
 [ 0.01712828-1.75811958e-01j  0.00253492+8.54184691e-02j
   0.08358457+7.77198009e-02j  0.01457213+1.81510580e-01j
  -0.02309057-1.12059597e-02j  0.43732987+1.32735899e-01j
   0.26329589-1.48011256e-01j -0.1101635 +1.05338267e-01j
  -0.12293261-3.13645232e-01j -0.08688334+1.03910298e-01j
  -0.44715795+7.59295664e-02j  0.07579131-1.64130634e-01j
  -0.10161106+7.28812937e-02j  0.31476733+4.69283978e-02j
  -0.15516564+2.57189222e-02j  0.05496195-2.76411347e-01j]
 [-0.08066809+8.05059353e-02j -0.0485444 -1.71423921e-01j
  -0.18006927+8.03126277e-02j  0.27290278-5.23082929e-02j
   0.08496899-1.79560197e-01j -0.11701042-9.08006010e-02j
   0.01441871-8.22778711e-03j -0.19557029-1.43543607e-01j
   0.11675136+4.00824534e-01j  0.06084475+3.02588689e-01j
  -0.38644362-1.86912136e-01j -0.08577227-1.01621347e-01j
  -0.13236618+7.30559296e-02j  0.12798922+2.02592710e-01j
  -0.19151118+1.95035144e-01j -0.24860851+1.74182293e-01j]
 [-0.23956074-7.08963740e-02j  0.2122422 -1.71062687e-01j
  -0.00247926-1.04272601e-01j  0.01575522-2.28061339e-01j
  -0.05733371-3.05296040e-01j -0.11679728+3.64577002e-01j
  -0.18686655+1.97280229e-01j  0.16666129-1.11495159e-01j
   0.09960868-9.69669387e-02j -0.38777192-1.44098731e-01j
  -0.05426878+2.05660003e-01j -0.18707259-1.45008230e-01j
   0.00421457-3.03445483e-02j  0.06877965+2.59193345e-02j
   0.07655001+1.46519221e-01j -0.21107599-2.70364441e-01j]
 [-0.11150134+6.23348548e-02j  0.05503489+1.64462408e-01j
  -0.16537003-4.98674541e-02j  0.24696942+3.14394671e-01j
  -0.29659347-9.97254566e-03j -0.29718962-6.89160389e-04j
   0.18601672-1.32646044e-02j  0.07329586-7.22333660e-02j
  -0.03662592-1.03712876e-01j -0.09366666-1.27923944e-01j
   0.20565541+2.38558098e-01j  0.10101889-2.54327290e-01j
  -0.05248017-3.89426917e-02j  0.35904482+1.77207500e-01j
  -0.08859299-1.92572189e-01j -0.00393533+3.48301665e-01j]
 [ 0.26162646+2.64653741e-02j -0.01578043-2.59685352e-02j
   0.06698702-2.38663079e-02j  0.1050466 +2.39410512e-02j
  -0.0362517 +2.32679272e-01j  0.01998123-4.62973191e-02j
  -0.23840154-2.77198281e-01j  0.13895799-1.97820091e-01j
   0.13231152-2.06965789e-01j -0.31837042+4.33589806e-02j
  -0.13612175-9.75342231e-02j  0.39917229-4.13096149e-02j
  -0.02455766-1.33237235e-01j -0.00410872-7.19149110e-02j
   0.28503579+3.45766014e-01j -0.17842886+2.33027740e-01j]
 [-0.25968738-1.34053149e-01j -0.22986149-1.83946926e-02j
   0.19657189+4.49179069e-02j  0.32442648-1.33951800e-01j
   0.04601447+6.35471132e-02j  0.17297075+2.36609943e-02j
  -0.12417981+1.98805920e-01j -0.0225975 +1.63905800e-01j
   0.0262179 +1.60472531e-01j -0.09742054-8.66392707e-02j
  -0.04746389+7.57964384e-02j  0.19443714+2.89023943e-01j
  -0.19957131-5.24642953e-01j  0.14957894-1.18264301e-01j
  -0.08146328-1.99491811e-01j  0.01757615+8.74838645e-02j]
 [ 0.10093605+2.80899509e-02j -0.13352202-8.11724323e-02j
  -0.30486478-1.77962900e-01j  0.01802438-1.57528415e-01j
   0.11568668+9.43934630e-02j  0.01486118-1.97343223e-01j
   0.00187787-5.84151705e-03j  0.06863069+3.09132513e-01j
  -0.02366694+4.31366313e-03j -0.20194028-2.79294489e-01j
  -0.07439267-2.57252702e-01j -0.15363945+1.10516032e-01j
  -0.14476643+2.84746152e-01j  0.38505217-7.39414922e-03j
   0.33493842-2.28292665e-01j -0.1030342 -3.01979009e-02j]
 [ 0.16657969-4.69661051e-01j  0.17857444-5.15438775e-01j
   0.07747362-9.36986099e-02j -0.13496875-1.06014069e-01j
  -0.11276199+8.86864479e-02j -0.04295236-6.11973220e-02j
   0.15960631-1.41702525e-01j -0.13012452-1.00109822e-01j
   0.16918914+2.31104556e-01j -0.05148499+2.42167409e-03j
   0.15545297+2.06668019e-01j  0.26434595+7.25597297e-02j
  -0.1043182 +1.80859377e-01j  0.08769242+7.23793662e-03j
  -0.10113947-1.40075452e-01j  0.05277759-2.24832682e-02j]
 [-0.30553608-2.00291396e-01j  0.24419438+1.87130047e-01j
   0.16463114-6.13434854e-02j  0.05543013+1.51348359e-01j
   0.17432314-2.44645573e-01j  0.26259339+1.05568745e-01j
  -0.00537959-2.70083362e-01j  0.25436173-8.32692517e-02j
   0.27463841+5.73737718e-02j  0.03994341+1.67998475e-01j
   0.13881491-1.61647373e-01j -0.13210813+2.11922947e-01j
  -0.08042107+1.79951445e-01j  0.06619508+6.84181877e-02j
   0.22553618-6.86985531e-02j  0.1172981 +2.57936885e-01j]]
Final objective value: 
0.9336645472380266
Final objective value with norm: 
0.9336645472380266
Final penalty of max controllers: 
0.0
Infinity norm of continuous and binary controllers
6.012569606173567
