Rounding result: 
[[-5.83295602e-04-0.24981883j -2.66194107e-04-0.24955521j
   1.60690395e-04-0.25012306j -2.82726327e-04-0.25051699j
  -9.10503756e-04-0.25138113j -6.37574816e-04-0.25045396j
  -4.11800312e-04-0.25062507j -7.89996374e-04-0.25062408j
  -3.74414211e-04-0.24950525j  5.92419474e-05-0.24881983j
  -2.36846206e-04-0.24922087j -9.53741866e-05-0.24948589j
  -5.09531647e-04-0.25049838j  2.62800161e-04-0.24961625j
   3.55585707e-04-0.24959578j -1.54509094e-04-0.25013996j]
 [-1.46777674e-04-0.24976036j  1.10457295e-04+0.24933824j
  -4.49803061e-05-0.25010572j -4.05250677e-04+0.25083152j
  -9.66388096e-04-0.25057764j  3.86364085e-04+0.25126424j
  -1.94417570e-04-0.25056566j  9.84799499e-04+0.25061198j
  -2.37577365e-04-0.24916299j -1.64215882e-04+0.2486126j
   2.19506917e-04-0.2493017j   1.39960804e-04+0.24961244j
   2.87100285e-04-0.2498474j  -6.20122932e-04+0.25003016j
   1.58872266e-04-0.24989327j -1.05484567e-04+0.25046353j]
 [-7.92167831e-04-0.24999944j -1.41839241e-04-0.24997413j
   2.38192340e-04+0.25033778j  4.69477321e-05+0.25030416j
  -7.08861865e-04-0.2506273j  -9.12474393e-05-0.25136135j
   2.78568462e-04+0.2504348j  -1.48164681e-04+0.25040253j
  -6.29060341e-04-0.24901824j  4.31787381e-04-0.2494639j
  -3.97429066e-04+0.2494634j   1.73102883e-04+0.24960736j
   8.63666381e-05-0.24982013j  2.09447844e-04-0.25006412j
   1.17418060e-04+0.24976917j -1.77067402e-04+0.24933776j]
 [-7.52075994e-04-0.24981168j -5.91315743e-04+0.25042945j
  -1.75846060e-04+0.25078083j -1.26900948e-04-0.24965867j
  -4.83915011e-04-0.25095357j  8.02164314e-05+0.2509163j
   2.12238162e-04+0.24995977j  8.18215846e-05-0.25038165j
   2.81861209e-04-0.24912891j -7.31063194e-04+0.2498021j
  -2.86898832e-04+0.24969117j  9.04503526e-05-0.24895386j
  -1.81742674e-04-0.25006571j -5.14477771e-04+0.25027382j
  -2.57112904e-04+0.25012297j  3.64222722e-04-0.24905297j]
 [-1.27651707e-04-0.2509699j   3.88496482e-04-0.25046212j
   2.83761109e-04-0.25028095j  5.73982541e-05-0.25063247j
  -1.05437777e-04+0.24983059j -5.92057719e-05+0.24942715j
   1.81236515e-05+0.25013283j  3.36100327e-04+0.24993088j
  -1.73087706e-04-0.25034079j  3.39924232e-04-0.25028922j
   6.40141480e-04-0.2496819j   9.01674561e-05-0.25028127j
   2.35676248e-05+0.24898106j -1.97177934e-05+0.2492874j
  -2.05080936e-04+0.25009478j -3.15000495e-04+0.2493658j ]
 [ 2.69785889e-04-0.25036088j -1.03666820e-03+0.25098073j
   8.79069744e-04-0.25093532j  5.43570454e-04+0.24992553j
  -3.06466806e-04+0.24932086j  4.75148125e-04-0.24933166j
   1.80542680e-04+0.24997974j -4.78104309e-04-0.25071135j
   1.36491229e-04-0.25015542j -1.37191401e-03+0.25029438j
   8.63975325e-05-0.25025896j  3.20040796e-04+0.25034386j
  -3.48961972e-05+0.24895409j  6.78723466e-04-0.24962322j
  -6.20327031e-04+0.24970625j -2.43247444e-05-0.24909479j]
 [-1.09469293e-03-0.25078262j  2.52854572e-05-0.25070377j
   1.73929266e-04+0.25001701j  4.89965010e-04+0.25006207j
   9.35964657e-04+0.24999607j -5.93484391e-05+0.24938939j
  -4.45285338e-04-0.25027629j -1.02545846e-03-0.25011611j
  -7.07039401e-04-0.25016564j -2.81868944e-04-0.250108j
   4.38142028e-04+0.25007995j  6.68866357e-04+0.2498938j
   1.12823700e-03+0.24997366j -2.24025414e-04+0.24927291j
   3.09108538e-04-0.24901929j -2.59127231e-04-0.25012455j]
 [ 3.35164550e-05-0.25084928j -4.08028495e-04+0.25074652j
   4.89511273e-04+0.24989278j  3.25639035e-05-0.250332j
   3.44202526e-04+0.24979795j  4.39557497e-04-0.25020674j
  -8.59010997e-04-0.25044964j  9.25062806e-04+0.24969514j
  -2.40158105e-04-0.25014836j -1.92097011e-04+0.25039221j
   1.90994574e-04+0.24981835j -4.79656035e-04-0.24954844j
   5.67619425e-05+0.24935117j  4.60676017e-04-0.24946219j
  -1.97144121e-04-0.24936583j  2.70968370e-04+0.24993077j]
 [-1.17897930e-03-0.24955331j -6.98214675e-04-0.24926046j
   2.95713469e-05-0.24913512j -5.79747735e-04-0.24942249j
  -5.89136432e-04-0.2501201j  -6.58834662e-05-0.24926345j
  -2.67116878e-04-0.25013227j -3.82782595e-04-0.24999033j
   7.07525388e-04+0.25127667j -2.77764262e-04+0.24975803j
   1.43619045e-04+0.24920262j  5.55399406e-04+0.2503182j
  -9.30110716e-05+0.25025791j  1.22081732e-04+0.25016521j
  -2.37249076e-04+0.25105923j -2.06777706e-04+0.25106263j]
 [-7.70877068e-04-0.24932137j  2.58836964e-04+0.24949211j
  -5.91327730e-05-0.24938655j  4.97251218e-04+0.24945615j
  -6.94233083e-05-0.24959734j  4.14672612e-04+0.24936127j
  -2.05595994e-04-0.24977659j  1.68493315e-04+0.25053899j
   2.90335303e-04+0.25024788j  1.98689093e-04-0.24982034j
   8.52101622e-05+0.24992429j -3.89137891e-04-0.2503102j
  -1.26363661e-04+0.25023255j  7.44791379e-04-0.25046945j
  -4.10728599e-04+0.25075835j  4.43185288e-04-0.25129179j]
 [-9.00193269e-04-0.24964348j -2.90167452e-04-0.24951924j
   3.39010603e-04+0.24898244j  1.63444397e-04+0.2489222j
  -5.07360507e-04-0.24947141j  1.31198888e-04-0.24997203j
   8.93570032e-05+0.25011036j -1.08414058e-04+0.24991784j
   3.78272760e-04+0.24952983j  3.45775438e-04+0.25103781j
  -4.07888115e-04-0.25025404j -2.26944841e-04-0.24965948j
   1.17726644e-04+0.25075179j -8.59627060e-04+0.25040261j
   6.68234652e-04-0.25071758j  4.28560903e-04-0.25108797j]
 [-7.20566684e-04-0.24960038j  5.06085800e-05+0.24945166j
   7.08519055e-05+0.24942504j  3.02618693e-04-0.24877828j
  -4.77949959e-04-0.24973737j -4.25608109e-04+0.25036799j
   7.06257602e-05+0.25010819j -2.48713779e-04-0.24962326j
   5.74076183e-05+0.25023863j  3.38448428e-04-0.25095204j
  -4.33281022e-05-0.2497956j   3.65686968e-04+0.24909498j
  -1.65408649e-04+0.25040347j  9.50167038e-04-0.25069029j
   6.55818718e-04-0.25121352j -6.00035774e-04+0.2504995j ]
 [ 3.24507171e-04-0.25005979j  4.15756044e-04-0.24960234j
   4.29997807e-04-0.25012801j  1.02761469e-04-0.25046042j
  -4.56150142e-04+0.2496837j  -1.91676680e-04+0.24956161j
  -5.79895842e-04+0.2495453j  -1.83961822e-04+0.24927889j
   3.86691296e-05+0.24998502j -1.16948137e-05+0.25034069j
  -2.78831524e-04+0.25082256j -3.36372232e-04+0.25065864j
   2.57322806e-04-0.25044062j  1.15261805e-03-0.24981242j
   9.89207863e-04-0.24980986j  7.08313501e-04-0.24979592j]
 [ 6.51699329e-04-0.24974668j -9.92168300e-04+0.24971116j
   4.99955452e-04-0.25029533j -5.68958540e-05+0.25033682j
  -3.24771025e-04+0.24919075j  1.40576264e-03-0.25002819j
  -6.14642089e-04+0.24952116j -5.40385947e-04-0.24960195j
  -5.05288903e-06+0.25004691j  7.51920440e-04-0.2502531j
  -2.74204326e-04+0.25085359j -3.15868647e-04-0.25077928j
   9.20901494e-04-0.24974786j -1.47596643e-03+0.25045231j
   1.21416898e-03-0.25010279j -5.10923515e-04+0.24930519j]
 [-1.04034947e-03-0.2499715j  -3.18452292e-05-0.25010175j
   3.60398322e-04+0.25009968j  5.30323758e-04+0.25055711j
   3.09280773e-04+0.2500225j  -7.15120182e-04+0.24941838j
   1.70247677e-04-0.2491873j  -2.94402515e-04-0.2492796j
   1.05580732e-03+0.25061655j -7.86558764e-05+0.24972967j
   4.03534294e-04-0.25052545j -8.55513227e-04-0.25083177j
  -2.07823573e-04-0.2503836j   3.12247317e-04-0.25025893j
  -3.92402408e-04+0.24943535j -3.69324343e-04+0.24956352j]
 [-1.31813739e-04-0.24972767j -6.20835002e-04+0.25065291j
   1.64308423e-04+0.25006183j -6.26941084e-04-0.24978742j
  -4.23578469e-04+0.24967076j  6.06086165e-04-0.24965291j
  -3.01644955e-04-0.2491844j  -2.30281309e-04+0.24927856j
   1.43817472e-05+0.25041589j  4.69953194e-04-0.25030525j
  -9.91148453e-05-0.25109192j  2.74716711e-04+0.25060488j
   4.60780397e-04-0.25027641j -7.87345883e-04+0.25009707j
  -5.32995098e-05+0.24931453j  1.88327286e-04-0.24986348j]]
Final objective value: 
4.458594901057822e-06
Final objective value with norm: 
4.458594901057822e-06
Final penalty of max controllers: 
0.0
Infinity norm of continuous and binary controllers
0.0006971905961514014
