Rounding result: 
[[ 1.37591268e-02-0.23691448j  8.04525208e-03-0.24741885j
   2.64212247e-03-0.25614922j  4.42074854e-03-0.23628033j
   2.12381857e-02-0.24699325j  1.62430452e-02-0.24612585j
   2.61240565e-02-0.24802884j  1.22024316e-02-0.25029591j
   1.96992693e-02-0.26484869j  1.63195920e-02-0.25204315j
   6.19373120e-03-0.24780723j  1.02913600e-02-0.25193774j
   1.73364644e-02-0.2400767j   1.64122234e-02-0.25503456j
   1.43402991e-02-0.25504181j  7.06054375e-03-0.25639106j]
 [ 9.33847906e-03-0.23707755j -8.65746174e-04+0.24417294j
   9.76142689e-03-0.25370668j -8.21931250e-04+0.24249764j
   2.01897657e-02-0.24909166j -1.57129249e-02+0.25049366j
   1.28764320e-02-0.24104474j -1.01432463e-02+0.25077364j
   2.15059843e-02-0.25891347j -1.35087992e-02+0.25389424j
   4.47944929e-03-0.2491119j   1.96689283e-03+0.25564905j
   5.81393416e-03-0.25051199j -1.97861035e-02+0.24695005j
   1.42304615e-02-0.25550879j -1.00392635e-02+0.2545119j ]
 [-8.08098162e-03-0.25224372j  1.01555817e-02-0.2414402j
   1.06762714e-02+0.24160173j -2.88558836e-04+0.26238047j
   1.09947552e-02-0.24178504j  8.02843845e-03-0.25396108j
  -6.27218857e-03+0.24087816j -1.09976852e-02+0.23423322j
   3.52424310e-03-0.24657822j  1.96581825e-02-0.26172595j
   7.45564339e-03+0.25167488j  8.52735177e-03+0.24420825j
  -4.46117903e-03-0.2516351j   5.95802801e-03-0.25318237j
   5.13076655e-04+0.25454611j -9.05237122e-03+0.26312303j]
 [-1.13286984e-03-0.25467695j -1.74730543e-02+0.24648237j
   4.47259742e-03+0.24306441j  2.20796470e-03-0.24747308j
   1.49426982e-02-0.2509674j  -1.36607959e-02+0.23655717j
  -1.41036057e-02+0.24549988j  2.33266919e-02-0.24401293j
   5.16947194e-03-0.26098072j -1.41003201e-02+0.25508866j
   1.53381824e-04+0.25104827j  5.20785874e-03-0.24754124j
   9.88708556e-03-0.24920694j -1.56950880e-02+0.24752658j
   4.38091836e-03+0.25986368j  7.50994296e-03-0.25448761j]
 [-2.08855679e-02-0.25906748j -2.38600721e-02-0.25812845j
  -6.50371150e-03-0.24585138j -2.07530501e-02-0.26094421j
   3.97671471e-03+0.25011445j  7.31730480e-03+0.24815053j
   2.50972792e-03+0.24678733j -3.44257634e-03+0.24575538j
  -1.51150372e-02-0.24394099j -1.62022661e-02-0.24888559j
  -1.15879934e-02-0.24488136j -2.19442332e-02-0.23575231j
   3.35964932e-02+0.25210972j  3.37809048e-02+0.25209847j
   5.92556491e-03+0.24468373j  3.29176147e-03+0.25162343j]
 [-1.65295765e-02-0.25508881j  1.01442986e-02+0.25695258j
  -1.32136160e-02-0.25466809j  1.27046432e-02+0.25233554j
  -5.73139017e-03+0.25985331j -8.86188168e-03-0.2393555j
  -4.16999039e-03+0.24526527j -3.14300064e-03-0.25155531j
  -1.66556701e-02-0.2401811j   1.44808185e-02+0.24307659j
  -8.48383688e-03-0.24493075j  1.73340628e-02+0.25169498j
   1.75315981e-02+0.26032155j -2.17864488e-02-0.2568039j
   9.52661896e-03+0.24400038j -6.94675874e-03-0.23691422j]
 [-8.71285619e-03-0.24964083j -4.50506269e-03-0.25414766j
   6.31259501e-03+0.25409275j -7.49808896e-03+0.24939989j
   2.35598433e-04+0.242944j   -2.84093317e-03+0.25129036j
   1.03535881e-02-0.26102069j  7.99092515e-03-0.2545062j
  -1.09624376e-02-0.23881812j -1.17570671e-02-0.23630791j
   1.82919068e-03+0.25396283j  4.39428658e-03+0.25840463j
   1.36592541e-02+0.24820374j  1.05217707e-02+0.25517437j
   7.32914857e-03-0.24363208j  5.18952500e-03-0.24494788j]
 [-1.37308922e-02-0.25276764j  2.66711336e-03+0.25121492j
   3.81573965e-03+0.2493823j   8.09848361e-03-0.24903287j
  -1.06844245e-02+0.24703601j  1.21268671e-02-0.25471918j
   5.38266061e-03-0.26100219j -1.51196657e-03+0.25211708j
   2.72425612e-03-0.24109035j  4.23908508e-03+0.24225724j
   8.99043196e-03+0.25434944j -5.75394667e-03-0.24973844j
   1.37038491e-02+0.24973915j -6.64305278e-03-0.24299303j
   1.37067521e-02-0.24830364j -5.81918378e-03+0.25117642j]
 [ 4.35572196e-05-0.23761561j -1.56966274e-03-0.24783722j
  -5.36624098e-03-0.26072832j -1.02863163e-02-0.24550048j
   1.15950699e-02-0.26167966j  7.16284601e-04-0.25994277j
   8.71538456e-03-0.25692503j  8.07730184e-04-0.25494686j
  -1.69818800e-02+0.25681775j -6.86721206e-03+0.25258043j
   2.27154746e-03+0.24283446j  5.09369956e-03+0.24358925j
   6.06915351e-03+0.23638587j -7.74990610e-04+0.23987478j
   4.78294619e-03+0.24917074j  2.95402558e-03+0.24993165j]
 [-6.10803714e-03-0.24386345j  1.31530215e-02+0.24637637j
  -9.55021096e-05-0.25534358j  8.23061203e-03+0.25518986j
   9.46911993e-03-0.25418937j -4.92024769e-03+0.26497679j
  -2.13207191e-03-0.25365287j  5.14781535e-03+0.25280717j
  -8.61910091e-03+0.24848812j  1.38381783e-02-0.24863935j
   6.33563218e-03+0.24438545j -1.75455555e-02-0.25303197j
   6.67233036e-03+0.24894159j -5.78321005e-03-0.2390654j
  -1.80509797e-04+0.24537917j -1.72652228e-03-0.24219985j]
 [-1.72343694e-02-0.25597339j -6.37322392e-03-0.24932873j
   1.62205958e-02+0.24770759j  3.40767696e-03+0.25914204j
  -5.68967505e-03-0.25161445j -1.08543563e-04-0.26262265j
   1.41277039e-02+0.24770541j  1.15342532e-02+0.25246193j
   4.38661340e-03+0.24126318j -3.34562341e-03+0.24856313j
  -1.89382251e-02-0.25099709j -1.87647777e-02-0.24395968j
   2.01242790e-02+0.24332193j  4.46172672e-03+0.2499934j
  -1.28078883e-02-0.24081851j -7.52700612e-03-0.2487092j ]
 [-9.29378148e-03-0.2615751j  -4.73587241e-03+0.24848184j
   1.48092570e-02+0.25879315j -2.27697380e-03-0.2574358j
   9.99459428e-04-0.25741914j -1.75845272e-03+0.24888622j
   2.77186983e-04+0.24289306j  2.64577037e-03-0.25082086j
   1.95104058e-03+0.26030267j  5.27204944e-03-0.24586814j
  -1.75034271e-02-0.24414914j  7.85671783e-03+0.24428047j
   8.09063598e-03+0.23577556j -6.50379766e-04-0.24408965j
  -1.02495463e-02-0.25331843j  3.27821339e-03+0.24231121j]
 [-8.93438783e-03-0.25757773j -1.03112903e-02-0.25877243j
   3.12195120e-03-0.24157261j -3.18753654e-03-0.24482432j
  -1.73381668e-03+0.24514901j  3.71334826e-03+0.23862347j
  -5.85757575e-03+0.24253794j -1.83384694e-03+0.25116281j
   6.81477945e-03+0.25291591j  1.42005956e-02+0.25144436j
   1.33598775e-03+0.25645898j  6.13604067e-03+0.24527523j
  -2.33536567e-02-0.25728615j -2.02482567e-02-0.25588798j
  -5.38849701e-04-0.24461716j -2.71544023e-03-0.25159952j]
 [ 6.09956785e-03-0.24952974j  6.28671899e-04+0.25248725j
  -3.46529357e-03-0.25189189j  6.03675261e-03+0.24447665j
  -7.26577883e-04+0.25449237j -2.32918625e-03-0.2380384j
  -1.19661596e-02+0.23720272j  8.36366634e-03-0.25319278j
   7.27631067e-03+0.25398181j -1.14268287e-02-0.24989145j
  -1.83702307e-03+0.24341429j -4.94262735e-03-0.25552352j
  -1.08389687e-02-0.25513156j  8.82094879e-03+0.26310183j
  -2.58194604e-05-0.25323498j  4.17397889e-03+0.24145242j]
 [-1.82646255e-03-0.24151903j  1.20253420e-02-0.24620957j
  -3.68045418e-03+0.24524445j -8.17315278e-03+0.24559804j
  -7.94824292e-03+0.24311878j -1.90147519e-03+0.25107024j
   1.71433331e-02-0.25716735j  1.96945128e-02-0.2491237j
   8.88395835e-06+0.2420234j   1.16350624e-04+0.2550076j
   1.13576051e-02-0.26044647j  7.96561288e-03-0.26210695j
  -7.82814556e-03-0.25391157j -9.25257106e-03-0.2450172j
  -1.11344652e-02+0.24730119j -6.31832291e-03+0.25093104j]
 [ 1.57806607e-03-0.24920352j -7.05064531e-03+0.24634082j
  -4.17812037e-03+0.23660013j  1.27026157e-02-0.24340662j
  -1.48284108e-02+0.23838961j  1.59569673e-02-0.25025801j
   1.77017753e-02-0.26557915j -1.43661989e-02+0.24778187j
  -1.06594236e-02+0.24231558j  6.79165764e-03-0.24901898j
   1.17124003e-02-0.25588915j -4.01863361e-03+0.25208935j
  -4.29439586e-03-0.25868735j  8.63938836e-04+0.2451443j
  -1.33527056e-02+0.25681642j  1.36682185e-02-0.2568128j ]]
Final objective value: 
0.00130448375027592
Final objective value with norm: 
0.00130448375027592
Final penalty of max controllers: 
0.0
Infinity norm of continuous and binary controllers
0.0072456132319625895
