Rounding result: 
[[ 5.63593350e-03-0.24995091j  1.48935553e-03-0.25206328j
   1.67735053e-03-0.25301689j  1.99633006e-03-0.24625353j
   6.60710394e-03-0.25070429j  2.52393995e-04-0.25190043j
  -4.19418566e-04-0.25625161j -3.93527148e-04-0.25182134j
   3.59917289e-03-0.24927551j -1.04384023e-03-0.25023343j
  -3.08527193e-03-0.25484555j  1.72828571e-03-0.24783478j
   4.38768085e-03-0.24505721j -1.99738357e-03-0.24733635j
  -7.63638716e-04-0.24807302j -5.09492902e-03-0.24472819j]
 [ 3.30627109e-03-0.25196963j -1.12071910e-03+0.25335165j
   1.24771095e-03-0.24620816j  1.26143820e-03+0.24782145j
   3.67474858e-03-0.25241377j -5.05556959e-04+0.25354942j
  -2.39580484e-03-0.25150798j  4.16450266e-03+0.25510377j
  -7.38649117e-04-0.24999417j  7.80435659e-04+0.25114522j
   6.02185558e-04-0.24819696j  4.35949455e-03+0.25042971j
   2.83521744e-03-0.24845482j  2.90053924e-03+0.24999443j
  -5.50826888e-03-0.24347671j  6.08418600e-03+0.24577203j]
 [ 4.89453960e-03-0.25598844j -1.31314507e-03-0.25315836j
  -3.78949630e-03+0.25168787j  2.61445903e-03+0.25075945j
   7.11470661e-03-0.24918347j  1.14163653e-03-0.24922528j
  -2.16411485e-03+0.25336421j  3.00042016e-03+0.24872768j
   1.82393675e-03-0.24826555j -2.09355255e-03-0.24568302j
  -5.22371670e-03+0.2504499j   4.74856567e-03+0.2495116j
   5.86683154e-03-0.25074743j -2.67767325e-03-0.25042615j
   4.07621319e-03+0.24809818j  5.75599492e-03+0.24394757j]
 [ 8.76426101e-03-0.253499j   -7.22911683e-04+0.25174433j
  -3.77949090e-03+0.25054437j  1.97151833e-04-0.25634313j
   1.06542868e-02-0.24778273j -1.38668085e-03+0.24691409j
  -2.49857590e-03+0.24943848j  1.17131726e-04-0.25501637j
   8.08008374e-03-0.24791571j  1.95177105e-03+0.24692753j
  -2.25069884e-03+0.24705635j  7.12855317e-05-0.25393846j
   6.46785909e-03-0.24749458j  1.37565209e-03+0.24597384j
   3.02215321e-04+0.24720034j -4.89014682e-03-0.25116942j]
 [ 3.46347652e-03-0.25364229j -5.39022531e-03-0.25093777j
   2.80293081e-03-0.2514552j   2.73983042e-03-0.24856613j
  -5.00104263e-03+0.25405516j  2.56469442e-03+0.25079227j
  -1.65171341e-03+0.2507616j   1.25471203e-03+0.2480616j
   6.67806631e-03-0.25050804j -7.76479616e-04-0.24912683j
   7.29599813e-03-0.24671322j  5.59320331e-03-0.24492377j
  -7.95458220e-03+0.25214743j  7.46872526e-04+0.24853824j
  -1.84468189e-03+0.25022832j -1.36881962e-03+0.24878868j]
 [-1.77579738e-03-0.24970049j  6.51479522e-03+0.24885509j
  -6.05915836e-04-0.25068694j  1.49766602e-03+0.25766651j
  -4.32569859e-03+0.2535774j  -9.17001097e-03-0.24918295j
   3.47852450e-03+0.24494318j -2.73477871e-03-0.25356977j
   3.91623550e-03-0.24852452j  2.71860684e-03+0.24898003j
   2.83739317e-03-0.24466136j -3.37647923e-03+0.25127362j
  -4.08990049e-03+0.25037636j -7.59663054e-03-0.24530943j
   1.27619432e-04+0.24704274j -1.28447836e-03-0.25467486j]
 [-6.59730490e-04-0.24505131j -5.46370925e-03-0.24677435j
  -1.24903236e-03+0.25583324j  1.22507421e-03+0.24783771j
  -2.99769293e-03+0.25246873j  7.18968698e-03+0.25489883j
  -5.45220918e-03-0.25689087j  2.23724143e-04-0.24884963j
   4.15714325e-03-0.24866657j -2.78426817e-03-0.25001485j
  -5.84093121e-04+0.2536386j  -3.32630043e-03+0.24596543j
  -4.64089224e-03+0.24419332j  3.09967305e-03+0.24723488j
   1.21783994e-03-0.25397127j  1.58912261e-03-0.24681751j]
 [ 2.78898359e-03-0.24666671j  6.41092101e-03+0.24849589j
  -1.26836342e-03+0.24721518j  2.71207983e-03-0.25022964j
  -1.89415853e-03+0.25371394j -1.73956787e-03-0.25743603j
  -8.50374771e-04-0.25111684j  1.25507200e-03+0.25309156j
   4.49673678e-03-0.24954123j  1.59063596e-03+0.2520402j
  -4.74162269e-03+0.24705161j  4.40585320e-03-0.249907j
  -4.99517644e-03+0.24625574j -1.53975010e-03-0.25041498j
   1.38514860e-03-0.24704848j -2.62671862e-03+0.24916438j]
 [ 2.71917804e-03-0.24842481j -3.17422306e-03-0.25119312j
  -1.24555595e-03-0.25027086j  1.60460679e-03-0.24517604j
   5.90882968e-03-0.24628407j  3.28417165e-03-0.24679504j
  -8.79795642e-04-0.25232957j -2.17320944e-03-0.24698603j
  -1.23959489e-03+0.25046616j  2.81512643e-03+0.25237483j
   2.10575627e-03+0.2574199j   2.04967465e-03+0.25190973j
  -3.41310987e-03+0.25050044j  2.17513540e-03+0.25174896j
   4.62782923e-03+0.25107125j  3.90949117e-03+0.24646656j]
 [-2.40033197e-03-0.24910795j  2.52706795e-04+0.25231154j
  -3.44372350e-04-0.2460816j   5.72753627e-03+0.2473564j
   6.35931411e-03-0.24895993j  5.47500019e-04+0.24830615j
  -3.77290210e-03-0.24594009j  1.55872586e-03+0.24952945j
   8.93108189e-04+0.2518435j  -2.91430021e-03-0.25468279j
   3.29179812e-03+0.2523129j  -5.47073076e-03-0.25287791j
   2.08245216e-05+0.25238573j -3.02526808e-03-0.25197832j
   5.23895189e-03+0.24599835j -6.55837071e-03-0.24964808j]
 [ 3.39607059e-03-0.25055908j -1.65707775e-03-0.24895572j
  -2.62405122e-03+0.25125343j  5.24863296e-03+0.24843482j
   5.71237889e-03-0.24802893j -5.15596967e-04-0.2467042j
   1.23710700e-04+0.2480409j   1.69553358e-03+0.2452673j
  -1.26762767e-03+0.25017114j  4.89384739e-03+0.24801347j
  -8.74891596e-04-0.25194701j -6.97115609e-03-0.2497057j
  -3.77204749e-03+0.25517773j  1.90790700e-03+0.25393532j
  -1.05736946e-03-0.25314013j -5.57212165e-03-0.25003335j]
 [ 6.97071426e-03-0.25214942j  3.35312966e-03+0.24959575j
  -2.57951598e-03+0.24798511j -9.88815048e-04-0.25288504j
   8.63765020e-03-0.24351879j -3.54756724e-03+0.24381168j
  -8.48747724e-04+0.24557997j -1.23506151e-03-0.25197369j
  -3.79228825e-03+0.24888186j -3.62697672e-03-0.24621828j
  -2.52741292e-05-0.249973j    3.76355800e-03+0.25559492j
  -7.21856729e-03+0.25259269j -1.72909653e-03-0.25289277j
  -1.14251709e-03-0.25011695j  3.23580337e-03+0.25527768j]
 [ 2.79756221e-03-0.25130944j -4.63072760e-03-0.24878211j
   1.53246456e-03-0.25060345j -1.10422125e-03-0.24776522j
  -4.26841975e-03+0.25205016j  5.01123995e-03+0.24890625j
  -1.29976773e-03+0.24679838j -2.55609361e-04+0.24496016j
  -5.77934141e-03+0.25338646j  3.37311284e-03+0.25087101j
  -4.11493690e-03+0.24613154j -3.38888907e-03+0.24325406j
   7.66035633e-03-0.25426535j -4.30620712e-04-0.25113742j
   4.30476693e-03-0.25491779j  7.82215819e-04-0.25403836j]
 [ 1.71000406e-05-0.24954544j  1.11414515e-02+0.24688935j
  -1.88387910e-03-0.24752999j  3.00718141e-03+0.25433813j
  -1.29364678e-03+0.24894454j -7.43547508e-03-0.24700716j
   3.19511473e-03+0.24369329j -3.46990053e-03-0.25265651j
   1.85316090e-04+0.24964629j -6.15706925e-03-0.24710571j
  -1.77135301e-03+0.24537598j  3.11373670e-04-0.25226177j
   6.93647683e-03-0.25358382j  6.76259657e-03+0.25074704j
  -9.42634378e-04-0.25126127j  1.90560610e-04+0.25828912j]
 [-2.13805157e-03-0.24514924j -9.87983164e-03-0.24707206j
   1.89626803e-03+0.25262572j  2.61658222e-03+0.24809967j
  -3.33108229e-03+0.24698958j  5.27952505e-03+0.25004933j
  -3.92196241e-03-0.25552034j -4.21448533e-04-0.24480884j
  -1.40458366e-03+0.25074224j  4.19526378e-03+0.25164365j
   3.45684475e-03-0.25539704j  2.39305760e-04-0.24947648j
   6.58369865e-03-0.24680225j -4.05343211e-03-0.24972324j
   3.19203228e-03+0.25699316j -2.23320434e-03+0.24794947j]
 [-2.60337385e-04-0.24648679j  6.98503198e-03+0.24874569j
   4.54285713e-04+0.24662979j -1.94065616e-03-0.24984817j
  -3.38536864e-03+0.25004685j -3.25576856e-03-0.2535534j
   3.03118501e-05-0.24708811j -8.45612464e-04+0.24909408j
  -4.51749577e-03+0.25159987j -5.29509200e-03-0.25436176j
   3.06931354e-03-0.24800046j -3.60217704e-03+0.25033938j
   3.48413347e-03-0.24868728j  2.50970993e-04+0.25207436j
  -2.09875033e-03+0.25069613j  1.42989321e-03-0.25224869j]]
Final objective value: 
0.00019629596888592893
Final objective value with norm: 
0.00019629596888592893
Final penalty of max controllers: 
0.0
Infinity norm of continuous and binary controllers
0.004706599432291848
