Rounding result: 
[[ 0.00052386-0.21759597j  0.00446379-0.26924158j -0.00796801-0.25675044j
  -0.02348779-0.20835975j  0.00789332-0.2423571j   0.01051925-0.28308456j
  -0.00604864-0.21879258j  0.01418416-0.2331206j   0.01640991-0.24561509j
   0.0332004 -0.30835717j -0.00147526-0.25278374j -0.00416799-0.24813185j
   0.00861319-0.23908416j  0.0041617 -0.27517214j  0.00225119-0.25498788j
   0.00923635-0.21985985j]
 [-0.00606418-0.24734297j -0.00802087+0.22750519j  0.02922071-0.23009637j
   0.00614389+0.24179893j  0.01285946-0.26537883j -0.05822893+0.24177068j
   0.03618258-0.2508233j  -0.01051869+0.22169437j  0.01524109-0.28073072j
  -0.06430655+0.24791664j  0.0383924 -0.27154444j -0.01212549+0.25732123j
   0.01247985-0.26619702j -0.02322114+0.24257318j  0.04795053-0.23509002j
  -0.01035752+0.23336782j]
 [-0.01833307-0.23702983j -0.01150687-0.23380626j -0.00266457+0.24389302j
   0.03157268+0.29438762j -0.01433229-0.19412185j  0.03041088-0.24778035j
  -0.0019859 +0.24657213j  0.03969752+0.22865808j  0.01139016-0.2236005j
   0.03030113-0.25142838j -0.01666696+0.27896392j  0.00797864+0.27058955j
  -0.0257662 -0.23825861j  0.00738168-0.25342437j -0.00881506+0.24155998j
   0.04386087+0.28099091j]
 [-0.00293389-0.25725588j  0.01001717+0.21703466j -0.00117607+0.26948638j
  -0.01839005-0.25747503j -0.0107862 -0.26758621j  0.015129  +0.20144289j
   0.0119296 +0.21293822j -0.00903746-0.24490641j  0.01321196-0.28925491j
  -0.00994059+0.22505285j  0.01170247+0.25306929j -0.00233632-0.28027298j
  -0.01240782-0.26555313j  0.02181622+0.22062419j -0.01885814+0.25966651j
  -0.00571225-0.25359326j]
 [-0.00861877-0.29050969j -0.01123408-0.25535767j  0.00791327-0.22612385j
  -0.02163343-0.23819348j  0.01105778+0.23827536j -0.00878217+0.26917672j
  -0.01551525+0.25313151j  0.00185239+0.24160626j -0.02390945-0.24252323j
  -0.00670709-0.26194814j  0.00858476-0.23515702j -0.00360278-0.22290849j
   0.00464265+0.27401156j  0.00794294+0.25107366j -0.00462163+0.23645176j
   0.03254402+0.24769705j]
 [ 0.01989179-0.26006078j  0.00954364+0.27626186j -0.01912471-0.23737634j
   0.01936864+0.23831411j -0.00736562+0.28670972j  0.0070924 -0.23217889j
  -0.01291495+0.22043776j  0.01696982-0.25896278j  0.01810468-0.27587436j
   0.01124305+0.23888481j -0.02077932-0.21581735j  0.00010426+0.23177724j
   0.00596217+0.26055191j -0.00380498-0.26070162j -0.00267085+0.23194069j
  -0.01841781-0.25486019j]
 [ 0.02776437-0.20495987j  0.01681803-0.25031937j -0.00361491+0.25911468j
  -0.0032696 +0.22642434j -0.00638432+0.25256024j -0.00866199+0.25290251j
   0.03279242-0.28243681j  0.04962559-0.2742973j   0.01475167-0.23396047j
   0.02297538-0.24279598j -0.0215938 +0.2617511j  -0.04254385+0.24955681j
  -0.00774845+0.21494388j  0.01125729+0.24952172j  0.00291979-0.26995908j
  -0.00426039-0.24572621j]
 [ 0.01130444-0.24408606j -0.02509733+0.22577026j -0.01578203+0.23868299j
  -0.00502358-0.24275456j -0.00150905+0.23271644j  0.02165975-0.25156891j
   0.01455997-0.29016449j -0.00758732+0.28427847j -0.00446173-0.22856049j
  -0.03208776+0.23398311j -0.02003283+0.24807028j -0.00378153-0.26282976j
  -0.0036133 +0.24105247j  0.00578548-0.23440607j -0.00125181-0.27146885j
   0.00717256+0.25180366j]
 [ 0.0004513 -0.26065697j -0.00715465-0.29391937j -0.03037797-0.26023144j
  -0.02436782-0.22568223j -0.00837001-0.22845574j  0.0049012 -0.28950933j
   0.00033631-0.2469058j  -0.0023265 -0.23929642j  0.00949753+0.24620773j
  -0.00552766+0.29216482j -0.00268947+0.23408499j -0.0044643 +0.23333626j
  -0.01855926+0.21416506j -0.01186941+0.26195784j  0.01656324+0.24060936j
   0.01581936+0.20580702j]
 [ 0.00352165-0.2702705j  -0.01078486+0.25447791j  0.01100395-0.25615137j
   0.02323335+0.25442763j -0.01262632-0.27193372j -0.03981978+0.24497883j
   0.04305168-0.25590211j -0.01162397+0.23652602j -0.0106372 +0.26792321j
   0.03991358-0.26050047j -0.02282314+0.25814271j  0.01220437-0.21661995j
   0.0024882 +0.2425931j   0.0311062 -0.20942483j -0.04416323+0.22311216j
  -0.00389488-0.24682353j]
 [-0.02056056-0.24170908j  0.00417873-0.26189581j  0.01847507+0.26207658j
   0.06964974+0.29789951j -0.02356202-0.2161249j  -0.00474558-0.24644515j
  -0.00700515+0.25848046j  0.02461072+0.24966239j  0.00143099+0.21161518j
  -0.0241475 +0.24560371j  0.00857103-0.24892128j -0.01495878-0.23869985j
   0.02737271+0.22157691j  0.00559749+0.23412388j -0.00303216-0.24349417j
  -0.05336786-0.28344971j]
 [-0.01307924-0.28393503j  0.01957344+0.24336427j  0.00464585+0.26473892j
  -0.03263593-0.25795452j -0.02276701-0.27046491j  0.02243118+0.20343437j
   0.02013885+0.24776448j -0.00983626-0.27014334j  0.01658036+0.27152122j
   0.00066078-0.20068867j  0.00410519-0.2182889j   0.00345889+0.26217433j
  -0.00306541+0.25106303j -0.0238603 -0.21876686j -0.01100456-0.26585121j
   0.02141307+0.24092583j]
 [-0.02542059-0.25997178j -0.01722651-0.24566444j  0.00918319-0.23498999j
  -0.04204247-0.23521098j  0.01206804+0.25407496j  0.00087028+0.26809386j
   0.00291876+0.23603293j -0.00348577+0.23586566j  0.02014702+0.23177754j
  -0.00355414+0.25791231j  0.01453991+0.23545295j  0.03036929+0.21964976j
  -0.03128024-0.29072412j -0.03446652-0.26482588j  0.01001461-0.24534434j
  -0.02059426-0.2603283j ]
 [-0.01100014-0.25069938j  0.0259585 +0.26673745j -0.01420146-0.22778229j
   0.01648758+0.23956327j -0.01763811+0.28786096j  0.00774666-0.2294348j
   0.00634551+0.21811848j -0.00324145-0.24585595j -0.00375025+0.26538894j
  -0.00617193-0.21285262j  0.02231911+0.21310475j -0.01384355-0.25496632j
  -0.0085082 -0.28192211j  0.02948774+0.29306946j -0.01203179-0.24095732j
   0.0174028 +0.24451914j]
 [ 0.01476565-0.21942435j -0.01714757-0.23560814j -0.00213443+0.25902401j
  -0.01859378+0.24365789j -0.00356726+0.2296717j  -0.02651047+0.255138j
   0.01744839-0.2767647j   0.0164882 -0.25331999j -0.01227649+0.23717874j
  -0.01050744+0.22965315j  0.00674626-0.27719036j  0.03069457-0.2666275j
  -0.00427759-0.22221033j -0.01460839-0.27169425j  0.00141477+0.26548877j
   0.00787309+0.23867919j]
 [ 0.00044387-0.23138785j -0.01622417+0.22204408j -0.00932725+0.26025886j
  -0.00702964-0.25712292j  0.00676235+0.23637834j  0.01745715-0.24846469j
   0.00111578-0.25702023j  0.00959442+0.26072725j -0.00597385+0.22573238j
   0.02692249-0.24646979j -0.013569  -0.27389324j  0.01613987+0.26355018j
  -0.02086679-0.25179073j  0.00423789+0.23240584j -0.01079978+0.25648604j
  -0.01306024-0.26362393j]]
Final objective value: 
0.006467113771070343
Final objective value with norm: 
0.006467113771070343
Final penalty of max controllers: 
0.0
Infinity norm of continuous and binary controllers
0.012457609323567907
