Rounding result: 
[[-1.27432166e-01+0.28661904j  4.09578303e-02+0.18644565j
  -1.45702467e-01+0.33374883j -1.64737163e-01+0.22673485j
  -7.18350508e-02+0.03425571j -8.27799237e-03+0.08051944j
  -4.46749849e-01-0.06730662j -9.54116238e-02+0.01228764j
   7.22143365e-02+0.23914955j  8.39132843e-02+0.00313413j
   1.77670410e-02+0.15547964j  4.28031639e-03+0.02132433j
  -1.58752619e-01+0.18678095j  6.16881862e-02+0.22835997j
  -1.64006065e-01-0.20880372j -3.82568597e-01-0.02075256j]
 [-2.40974014e-01-0.10622574j  1.64297857e-01+0.402597j
  -9.75671558e-02+0.04277925j -7.97076452e-02-0.12434825j
   7.16468078e-02+0.06126757j -8.28380849e-02-0.12522225j
   1.28411812e-01+0.15305538j -4.89436586e-01-0.01988341j
   1.47652505e-01-0.06933828j -3.13124625e-01+0.01645061j
   1.20386372e-01-0.07828493j  6.81013101e-02+0.30866537j
   2.66617427e-01+0.07833422j -7.78047726e-02-0.09500508j
   1.33331471e-02+0.14211124j -1.48552108e-01-0.1300519j ]
 [ 1.42849977e-02-0.09690553j  2.01708556e-01-0.07220528j
  -2.23011432e-01-0.20614906j -3.14543906e-01+0.00295735j
   5.66174420e-02+0.00205043j  6.35678474e-02-0.12700585j
  -1.64392437e-01-0.11440849j -1.83556489e-01+0.07654117j
   8.25749626e-03-0.17867137j -3.95265159e-02-0.32925257j
  -1.37722078e-01+0.13122404j -2.61803727e-01+0.14137323j
  -1.71601683e-01-0.26030579j -1.71885953e-02-0.00897717j
  -2.40478280e-01+0.05659756j  8.63977607e-02+0.46639518j]
 [-2.61560509e-02-0.17741532j -1.10579657e-02+0.15029817j
  -1.01609656e-01+0.42979964j -1.88691478e-01-0.20699826j
   1.98362176e-02+0.03785443j  1.50109549e-01+0.02966352j
   5.62610540e-02+0.00480264j -7.05298537e-03-0.18780594j
  -3.69152865e-01+0.12736574j  8.43542260e-02-0.18284516j
   3.23500582e-02-0.04678917j  3.44716422e-01-0.26978508j
   5.39708210e-02-0.14921395j  2.60851418e-01+0.04077725j
   3.36895676e-02+0.29071059j  3.76352562e-02+0.1950217j ]
 [ 2.54697975e-01+0.00507439j -1.63201327e-01-0.07563249j
   1.68043838e-01+0.10642753j  2.12088159e-01+0.0429149j
  -2.75942281e-01-0.52755053j -3.81049550e-02-0.03075176j
   2.01398737e-02-0.27229686j -3.56098904e-01-0.03849392j
  -2.38953091e-01-0.01149316j -2.45066366e-01-0.08713605j
   2.18331738e-01-0.02194249j  5.53219270e-02+0.00844994j
   2.03133913e-02-0.04649151j -1.17857009e-01-0.01394132j
  -1.02729645e-01-0.14984145j -1.06189836e-01+0.13987486j]
 [-1.81204472e-01+0.07878206j  2.29704844e-02-0.11481565j
  -1.44836370e-01-0.16564861j  2.26013026e-01+0.14519306j
  -1.15238447e-01+0.15379178j  2.61679961e-01+0.26743827j
   8.88373124e-02+0.09912568j -1.79301720e-01+0.11977358j
  -1.02046909e-01+0.21171442j  6.63009093e-02-0.41470925j
  -1.80051172e-01+0.0652824j   2.25339540e-01-0.10665864j
   1.22677170e-01+0.20340682j -4.16902566e-01-0.11392146j
   7.13592011e-02-0.01346599j  3.19171268e-03+0.08111732j]
 [ 1.17731262e-01-0.15232172j  8.53347738e-02+0.07284481j
  -3.44039014e-01+0.3368246j   9.31530046e-02+0.09506318j
  -2.89005914e-01-0.11493551j  1.20266473e-01-0.21728134j
  -2.17920649e-02+0.17705777j  1.39363452e-01+0.06355369j
   2.75783399e-01-0.13331099j  1.93973451e-01-0.08570245j
   1.10910864e-01-0.29436211j -1.12648794e-01-0.08452832j
  -1.50846811e-01-0.20658643j -2.83545305e-01-0.2041419j
   1.70792683e-01-0.02647534j -8.07974383e-02-0.0750844j ]
 [ 1.54616073e-01-0.25798641j  2.82880984e-02+0.08743679j
  -9.32650713e-02+0.05116822j -4.08838728e-02+0.20695834j
  -1.10452133e-01-0.09510406j  3.55801228e-01+0.19783699j
   2.79158154e-01+0.00649342j -8.37346944e-02+0.1941438j
   5.29882526e-02-0.18945339j -2.20222156e-01+0.0763563j
  -4.17044802e-01+0.06993265j -3.15924683e-02-0.10282684j
  -1.32102052e-01+0.13486726j  3.71678057e-01-0.00845355j
  -1.20052151e-01-0.09702375j -9.41500229e-02-0.21367062j]
 [-2.09157099e-01-0.12795283j -1.23412019e-01-0.21981682j
  -8.55583433e-02+0.0263022j   2.82718167e-01-0.0098131j
   2.31179533e-01-0.28525407j -3.60671359e-02-0.13687682j
   4.20286603e-02+0.0877603j  -8.10773283e-02-0.10737052j
   1.80669157e-01+0.37422006j  2.84563012e-02+0.21829596j
  -3.79987002e-01-0.18576256j  1.97102888e-03+0.06807721j
  -1.43339304e-01-0.06794946j -1.06533653e-02+0.09487756j
  -1.61407669e-01+0.27796979j -1.87021319e-01+0.16916575j]
 [-3.18495655e-01-0.07156493j  2.48773021e-01-0.29644358j
  -2.21265370e-02-0.09721167j  5.63545394e-02-0.3097566j
  -1.71662783e-01-0.21587704j -4.81294815e-02+0.29245801j
  -2.04711053e-01+0.23908778j  1.71668397e-01-0.0591458j
  -8.06862998e-03-0.10480741j -3.03854527e-01-0.13672626j
   1.62917552e-01+0.09737703j -1.41815996e-01-0.17863651j
  -4.19784176e-02-0.05008919j  1.28230555e-01+0.01186131j
   6.89495625e-02+0.0976603j  -2.76057771e-01-0.1310634j ]
 [-1.92022476e-01+0.01706134j  1.00986320e-01+0.09654031j
  -3.01805878e-01-0.08560815j  2.42173672e-01+0.23903265j
  -1.91796600e-01+0.14207853j -4.07081249e-01+0.03178282j
   4.15125353e-01+0.01771996j -2.48714586e-02-0.13708874j
   3.33311747e-02+0.12418744j  3.79646351e-03+0.01826407j
   2.02486255e-01+0.08627518j -7.54164239e-02-0.2158524j
  -3.69462774e-02-0.13434954j  2.57192629e-01+0.0462295j
  -1.57085817e-01-0.2065641j   9.61590659e-02+0.17739367j]
 [ 1.97982985e-01+0.07128341j  8.94587108e-02+0.01730647j
  -6.29387764e-02-0.14293681j  1.83541803e-01+0.17009581j
  -8.55893081e-02+0.27477136j -3.18359785e-05-0.01195659j
  -2.43394592e-01-0.23801363j  7.58628533e-03-0.41923346j
   1.82377770e-01-0.14146898j -3.42550772e-01+0.10767556j
  -1.56302592e-01+0.01755579j  3.18384532e-01-0.05246197j
  -1.23094844e-01-0.11503236j  2.63401345e-02-0.07744681j
   3.03630007e-01+0.14237522j -1.13724755e-01+0.1191282j ]
 [-2.30744394e-01-0.00635186j -2.40548478e-01+0.03992079j
   2.09315371e-01+0.01581547j  2.47170984e-01-0.03549382j
   8.63759719e-02+0.13208844j  2.12565176e-01+0.02359319j
  -6.07084561e-02+0.12919376j -7.33534891e-02+0.14878305j
   3.99477089e-02-0.01278694j  4.03025194e-02-0.13154501j
   9.73535114e-02+0.10279144j  2.18943101e-01+0.30028027j
  -2.38040743e-01-0.53043714j  2.20577956e-01-0.09702492j
   4.22570772e-02-0.28351442j -2.99412917e-02-0.06562653j]
 [ 9.02753255e-02+0.00607997j -5.19438019e-02-0.12266248j
  -2.09259768e-01-0.06125456j  1.11062950e-01-0.13733872j
   8.20486764e-02+0.05542362j -1.74699903e-01-0.23755809j
  -6.62432458e-02-0.12132078j  2.28643830e-02+0.29189877j
  -1.03062334e-01+0.11036257j -3.25763208e-02-0.27184707j
  -5.31066560e-02-0.28081261j -3.53192393e-02+0.12686663j
   6.22905765e-02+0.28993552j  4.24041975e-01-0.11302444j
   3.79445480e-01-0.17172041j -1.76113252e-01+0.10929012j]
 [ 2.33027822e-01-0.27602684j  1.72705003e-01-0.46588136j
   1.18393232e-02+0.05017576j -2.43538736e-01-0.17089804j
  -9.83785612e-02+0.14312047j -3.88798769e-02-0.08297735j
   1.80472065e-01-0.06523557j -1.21796407e-01-0.05065996j
   3.18388579e-01+0.2716194j   9.08544847e-02-0.01921275j
   1.87679611e-01+0.22160941j  3.09970480e-01+0.12753452j
  -9.97287530e-02+0.0855955j  -6.19516850e-03-0.00970137j
  -8.00275781e-02-0.11743248j -6.52411974e-02-0.1279261j ]
 [-2.30708762e-01-0.25637427j  2.24897030e-01+0.15159661j
   3.19049379e-02-0.03995612j  3.39447520e-02+0.01608289j
   8.67609999e-02-0.21747508j  3.35361703e-01+0.17088987j
   1.55920654e-02-0.19229304j  1.99973026e-01-0.12669246j
   1.63963015e-01+0.03696616j  2.75249391e-03+0.09744619j
   2.32270433e-01-0.15735207j  6.68228577e-02+0.1935478j
  -3.87853070e-02+0.24135891j -1.12359747e-03+0.21508531j
   1.79949133e-01-0.25464734j  2.05088004e-01+0.33167478j]]
Final objective value: 
0.9560318600043365
Final objective value with norm: 
0.9560318600043365
Final penalty of max controllers: 
0.0
Infinity norm of continuous and binary controllers
6.02784196916941
