Rounding result: 
[[-0.2984982 +3.43101549e-02j  0.06472689-1.06375172e-01j
  -0.15018359+6.44199383e-02j -0.21373745-6.62166206e-02j
   0.14112772+3.93330253e-01j  0.03065184+5.76451002e-02j
  -0.25130176-1.43169090e-02j  0.10349752+1.65350089e-01j
  -0.17859303-8.08013433e-02j  0.0919267 +1.11537012e-01j
   0.00327978-1.63331287e-02j  0.14574532-7.81402070e-02j
  -0.30028158+4.04732221e-02j -0.05520942+4.74225567e-01j
  -0.12460964-3.24856255e-01j  0.0840901 -4.82599890e-02j]
 [-0.15362292-1.71816520e-01j  0.10034644+2.38751847e-01j
  -0.11258709-1.75314902e-01j -0.0548786 -1.22999549e-01j
   0.36425441+5.27396880e-03j -0.14451432-4.02245362e-01j
  -0.03797117-8.96939938e-02j -0.34822284-6.30006543e-03j
   0.26518049-1.67946501e-01j -0.07347441+6.57250843e-02j
   0.0412739 +1.18483437e-01j  0.12645699+2.93460386e-01j
   0.0477028 +9.69697768e-02j  0.21178422-4.20467276e-02j
  -0.23792347-6.00688159e-02j -0.08072795+1.44726616e-01j]
 [-0.10560805-2.30814387e-02j -0.0199526 -4.77501921e-01j
  -0.01504197-3.98571422e-01j -0.06535477-5.35385046e-02j
   0.03036836-2.04492875e-02j  0.06577841-3.16660646e-01j
  -0.06217164-3.03514574e-02j  0.06417019-2.56181875e-02j
  -0.09421696-1.51251783e-01j -0.07366925-3.00612306e-01j
  -0.05426963+1.59701450e-01j -0.27744279-3.11954161e-01j
  -0.07916847-9.42537840e-02j -0.11508711-4.76243671e-02j
  -0.11653012+1.42773101e-01j -0.00769227+2.88457085e-01j]
 [-0.19171931+8.25672895e-02j -0.08113128+9.00471880e-02j
   0.23697226+2.75586019e-01j -0.22309557-3.23647806e-01j
  -0.19215631+1.64861175e-02j -0.07998566-2.81879142e-01j
  -0.00898226-1.68700816e-01j -0.06451899-9.56353242e-02j
  -0.13450067+1.72284826e-02j  0.06540526-4.35704263e-01j
   0.15295608-3.24315701e-01j  0.05756525+2.95267565e-02j
   0.254436  +3.74588064e-02j  0.05835256+2.16843104e-01j
   0.10162136+1.32779279e-01j  0.0083291 +1.88450503e-02j]
 [ 0.19919039+3.09650271e-01j -0.01157981-8.55151247e-02j
  -0.07367596+2.59880446e-02j  0.13655977-5.78055587e-03j
  -0.12586903-2.94978230e-01j  0.10862551+1.18625292e-02j
  -0.37208874-6.22606519e-02j -0.29803453+1.03419548e-01j
   0.13135359+1.23906757e-01j -0.13479703+1.42189942e-02j
   0.1727727 -3.09583462e-01j -0.10087488-3.87648028e-02j
  -0.02188023+1.16285117e-01j -0.18168422+6.15463625e-02j
  -0.20194343-3.32904347e-01j -0.22348168+1.86727122e-01j]
 [-0.15696629+8.00667630e-02j  0.20547396-7.10814610e-03j
  -0.31380938+8.74584675e-02j  0.05690788+2.21746929e-01j
  -0.02344253+1.29171255e-01j  0.36236354-1.06030942e-01j
   0.22998792+1.29049467e-01j -0.18719313+2.07060908e-01j
   0.187247  +2.83851300e-01j -0.29605524-1.88535591e-01j
   0.05137204+8.24900047e-02j  0.18617581-1.50919162e-01j
   0.25490596+8.85027041e-03j -0.08594842+1.31407371e-01j
   0.04753153+1.06796309e-01j  0.227591  -3.88453116e-03j]
 [-0.07249609-1.27045699e-01j  0.29851108+2.05928131e-01j
  -0.21239882+4.17104405e-01j -0.1152246 +2.45354989e-01j
  -0.1433888 -5.60536686e-02j -0.03349487-2.15678183e-01j
  -0.10385094+1.24208889e-01j  0.11074867-1.89887343e-01j
   0.0925572 -4.37265461e-02j -0.05985686-2.21340906e-01j
  -0.15140561-7.86976449e-02j -0.18245387+1.34602263e-02j
  -0.45651828-1.04818756e-01j -0.08127436-1.62662003e-01j
  -0.0585335 +4.73778869e-02j -0.15710094-1.39170811e-02j]
 [-0.00486265-2.06381180e-01j -0.11368754+2.09879679e-02j
   0.00298168+1.28639546e-01j -0.09973377+7.10012227e-02j
  -0.12483615-2.38684292e-01j  0.36653568+2.15399445e-02j
  -0.04345581-2.70438695e-01j -0.33107004+1.64400988e-01j
  -0.34193455-2.93032055e-01j -0.20886132+8.63808832e-02j
  -0.25981248+9.20081096e-02j -0.09098289-9.33692597e-02j
  -0.05852984+1.67714919e-01j  0.26988515+3.07552303e-02j
   0.06797365+3.01053564e-02j  0.00353625-1.89031701e-01j]
 [-0.24751344+4.03991691e-02j -0.03256348-3.70002495e-02j
  -0.2062674 -1.61582537e-01j  0.27553485-7.30395402e-02j
  -0.20285017-9.39209332e-02j -0.34221054-1.00839625e-01j
   0.21676784-5.62327709e-02j -0.19082944-5.84948483e-02j
  -0.02760638+2.44023897e-01j  0.20249695+4.09894399e-02j
  -0.48083397-1.32849077e-01j -0.00608827-1.79375188e-01j
   0.00249929+3.31691493e-02j -0.00174973+1.10822365e-01j
  -0.16025872-6.08490073e-02j -0.09050088-2.87241470e-01j]
 [-0.28309694-5.28331910e-02j  0.12549824+1.70978492e-01j
   0.04353579-2.59179323e-01j  0.24158613-5.04617383e-02j
  -0.36288852-2.84198195e-02j -0.02528199+1.94985343e-01j
  -0.14012116+1.94895347e-01j  0.11773252-1.41140806e-01j
   0.12187284-2.07548776e-01j -0.2618718 -1.44790806e-02j
   0.36272136+3.78328923e-02j -0.08727542-1.29023080e-01j
  -0.00414848-9.46365985e-03j  0.32242493+1.78511184e-01j
  -0.12741155+7.65516651e-02j -0.06260593-1.83372573e-01j]
 [ 0.00478407+2.39054725e-02j -0.10178273+6.58343871e-02j
  -0.07515806+3.43213395e-02j  0.24475758+3.08176159e-01j
  -0.13908366+1.03993959e-01j -0.09639674+3.82163704e-02j
   0.342388  -9.95518821e-02j  0.05201564+1.65527946e-01j
  -0.13806035-1.95274333e-01j  0.1387154 -2.76604028e-01j
   0.06946012-5.06168367e-02j -0.02036138+5.66167951e-02j
  -0.01093652-8.00200549e-02j  0.3257791 -3.80540128e-02j
  -0.00806902-4.28508368e-01j  0.0464077 +4.01194122e-01j]
 [ 0.31971256-1.65725268e-01j  0.00890249-1.33770082e-01j
  -0.32671906+5.09058176e-02j  0.2777411 +3.65086104e-02j
   0.03681683+1.41172241e-01j -0.12687604-9.67197192e-02j
  -0.31484542-4.54906053e-02j  0.13407036-2.34217783e-01j
  -0.19259293-4.21709430e-02j -0.13598134-8.87048607e-02j
  -0.07644676+2.49865256e-02j  0.40456267-7.77290849e-02j
   0.18818374+6.75845628e-02j  0.12596529+1.05575013e-01j
   0.21355569+8.14504117e-02j -0.28280547+5.60716314e-02j]
 [-0.10123758+4.06251869e-02j -0.06031888-1.83954996e-01j
   0.04121977+1.15858302e-01j  0.11058178-1.53365155e-02j
   0.14054489-1.02530949e-01j  0.08554851+6.83419445e-02j
   0.0281326 +2.79422046e-01j -0.05743059+6.45390476e-03j
  -0.24031899-1.31076353e-01j -0.13030471-1.79476983e-01j
  -0.0768259 +1.02554481e-01j  0.00213362+4.22521079e-01j
   0.21435719-4.86027740e-01j -0.13562762+7.19046072e-02j
  -0.23200648-1.15780159e-01j -0.22108543-2.40109585e-01j]
 [ 0.07505891-9.28894325e-02j  0.07076991-1.01244468e-01j
  -0.04752874-1.11256483e-01j  0.0296919 -3.99173850e-01j
   0.09744053-1.69839283e-01j -0.02850465-2.09930003e-02j
   0.08846506+2.79630359e-01j  0.1659442 +3.73356563e-01j
   0.05119267+7.41596243e-02j -0.14592957-3.18837127e-01j
  -0.03453325-5.19194502e-02j  0.04381012+1.12913695e-01j
  -0.24165873+2.74915314e-01j  0.11461548-1.32799542e-01j
   0.3040618 -2.30917040e-01j -0.03460954-2.04258897e-01j]
 [ 0.31705362-1.19283434e-01j  0.28568999-4.04665868e-01j
  -0.05281308+4.35989779e-02j -0.24068486-3.44953872e-02j
  -0.2873362 -1.67575536e-02j -0.10883031-6.82310687e-02j
   0.04496969-5.76886271e-02j -0.19233331-1.60302649e-01j
  -0.02821582+2.25006610e-01j  0.12833601+2.14727292e-02j
   0.24421521+2.02756409e-01j  0.02534205+1.34532941e-01j
  -0.05254393-9.99047358e-02j  0.28018624-2.83147066e-04j
  -0.14768248-1.53865008e-01j  0.22644598-1.81184570e-01j]
 [-0.29933257-2.53179944e-01j  0.17254856-2.67889921e-01j
  -0.04939737+6.50960321e-03j  0.03908144+4.15968642e-02j
   0.08446456-2.12815728e-01j  0.09010691+2.13669423e-01j
  -0.08326956-2.59688986e-01j  0.22101664+4.24920945e-02j
   0.12230451+2.96078990e-01j -0.01778303+1.06204649e-01j
  -0.11669048-2.37390823e-01j -0.14441641+3.31480932e-01j
   0.05142727-7.72197976e-02j  0.22703946+1.55276939e-01j
   0.11392328+1.46492916e-01j -0.04352295+2.68839985e-01j]]
Final objective value: 
0.948051585838421
Final objective value with norm: 
0.948051585838421
Final penalty of max controllers: 
0.0
Infinity norm of continuous and binary controllers
6.068769606173826
