Rounding result: 
[[-0.04002241-0.21388786j -0.00590411-0.1963493j  -0.04376811-0.25260445j
  -0.03914544-0.22295331j -0.01884496-0.27155061j -0.02501806-0.21289411j
  -0.04898986-0.21437808j -0.00155705-0.20150187j  0.00144876-0.28226464j
   0.03542262-0.26894343j -0.01826405-0.30177546j -0.01319665-0.23149601j
  -0.0106712 -0.30078429j -0.01741568-0.22092395j -0.02641992-0.27001961j
   0.02366892-0.27531277j]
 [-0.06818852-0.19503042j  0.04810553+0.22245911j -0.01237509-0.21243329j
   0.00836606+0.24694227j -0.02796413-0.20214193j  0.00525391+0.2816583j
  -0.03861332-0.21404097j  0.03938834+0.21139699j -0.03848352-0.23893594j
  -0.02202761+0.29852205j  0.00977123-0.26456973j  0.01905094+0.28628488j
  -0.02055631-0.2475591j   0.01577878+0.30182788j -0.01099949-0.24533703j
  -0.0223428 +0.26491242j]
 [-0.01858777-0.2197466j  -0.03574513-0.18652208j -0.01254698+0.23609724j
   0.00022121+0.22516824j  0.00150185-0.26296289j  0.00951226-0.23305531j
   0.02505396+0.21491457j  0.08168449+0.22173704j  0.03826611-0.31421007j
  -0.00069928-0.22832676j -0.01476004+0.27518479j  0.00332477+0.30284366j
   0.00072788-0.25783808j  0.02804025-0.25933198j -0.03170687+0.26515826j
   0.02216968+0.23698771j]
 [-0.00449399-0.18707568j  0.02966837+0.21343282j  0.03106847+0.23754656j
  -0.03100075-0.24147402j -0.02890242-0.23484513j  0.06390886+0.2474547j
   0.00246771+0.20459949j -0.0322965 -0.22345006j  0.03193493-0.26723806j
   0.01981277+0.29438139j  0.01325092+0.28702681j  0.00310731-0.29409678j
  -0.02015091-0.23355124j  0.02471788+0.26696773j -0.03139561+0.24508191j
  -0.01139448-0.26677968j]
 [-0.00427167-0.24795083j  0.01029419-0.21712313j  0.00248527-0.19657199j
   0.01079311-0.17126721j  0.00971019+0.25220154j -0.03727194+0.18280394j
  -0.01816005+0.25110958j  0.02757316+0.24377668j  0.04970283-0.32749619j
   0.05244623-0.22948283j  0.06717684-0.26985983j  0.0606276 -0.27059451j
  -0.05385029+0.28777253j -0.09434816+0.23750627j -0.06101602+0.26765128j
  -0.01854327+0.23447719j]
 [ 0.02060041-0.19453104j -0.02790607+0.25191945j -0.02806336-0.20258268j
   0.02075659+0.19583495j  0.03370843+0.21655547j -0.02300986-0.23698908j
  -0.02490152+0.20658306j  0.02300357-0.26534779j  0.05124662-0.24713674j
  -0.03543198+0.32814484j  0.02903994-0.25693719j -0.07325702+0.26927511j
  -0.03120607+0.24382687j  0.07998566-0.2704332j  -0.06153295+0.23436849j
   0.0375075 -0.28367016j]
 [ 0.01326703-0.23804991j  0.023826  -0.20536218j  0.02212846+0.21102742j
   0.03292645+0.21135107j  0.0104393 +0.22466009j  0.03242024+0.20413341j
   0.01218517-0.25095934j  0.0041943 -0.23062166j  0.0451674 -0.26464923j
   0.05601039-0.26095226j -0.06285809+0.28234126j -0.03767105+0.2606408j
  -0.06208599+0.28933758j -0.02550389+0.23591892j  0.03389216-0.28110929j
   0.03440437-0.28006553j]
 [-0.03594927-0.21627139j  0.01151225+0.23131514j -0.00502094+0.175349j
  -0.03157684-0.21922119j  0.01144196+0.17513761j -0.01090626-0.23663615j
  -0.00058538-0.27408704j  0.02784178+0.23410664j -0.00154601-0.24632013j
  -0.05287112+0.2764485j  -0.0901808 +0.25418363j  0.01399337-0.28593406j
  -0.03399136+0.24532462j  0.03153228-0.29270312j  0.02134282-0.28933574j
  -0.01962224+0.27145338j]
 [ 0.00575088-0.31912654j -0.00101986-0.2625268j  -0.04091747-0.2975385j
   0.0167251 -0.26122789j -0.00967392-0.26636271j  0.01890754-0.22620909j
  -0.00100636-0.27296409j -0.00670461-0.24238422j -0.00480023+0.26731093j
  -0.01303838+0.19584988j -0.02006123+0.21014061j -0.0433877 +0.1960607j
  -0.04895193+0.21689861j -0.05317327+0.21296913j  0.0036653 +0.26674974j
  -0.01081011+0.22539975j]
 [-0.00360473-0.2372734j   0.00262285+0.33034363j -0.02563034-0.28925679j
   0.00036045+0.26541052j -0.05307648-0.24603859j -0.01145976+0.27444587j
   0.02389761-0.21923515j  0.00068676+0.28329797j -0.01018967+0.20457943j
   0.01955814-0.26672684j -0.00571262+0.19564638j  0.02270223-0.2015166j
   0.01637964+0.20327321j  0.04863651-0.22972724j -0.04312875+0.23167668j
   0.03929971-0.2556641j ]
 [ 0.01721159-0.28900752j  0.040897  -0.24350685j -0.02497332+0.27630207j
   0.0411986 +0.27494906j  0.02667593-0.28914704j -0.01332343-0.24971111j
  -0.02227832+0.26264693j -0.01361865+0.26504008j -0.0574776 +0.25125742j
  -0.04431863+0.22417423j  0.04306759-0.2070621j   0.00615245-0.20465764j
  -0.0330241 +0.22548652j -0.02475176+0.18650718j  0.04828722-0.2395958j
   0.02339111-0.24751895j]
 [-0.00213608-0.27655621j  0.01036844+0.27537421j -0.01327731+0.24603112j
  -0.02014368-0.29181236j  0.01561425-0.22375834j  0.03466375+0.28408703j
  -0.01069774+0.28923074j  0.01626285-0.2624447j  -0.00579425+0.21445276j
  -0.00307397-0.24232859j  0.07308007-0.20466306j -0.03979504+0.21547556j
  -0.058224  +0.20177451j  0.01509999-0.22889664j -0.00433399-0.23612171j
  -0.00537471+0.25229677j]
 [-0.07409263-0.28511665j -0.00643519-0.25019006j -0.01359999-0.27691857j
  -0.0708861 -0.24294208j  0.03258106+0.322378j    0.01066487+0.23997252j
   0.04764614+0.27342301j  0.02878284+0.2583848j  -0.03297701+0.22046163j
  -0.04924677+0.192999j   -0.01033509+0.24025724j  0.02975866+0.19799235j
  -0.02165525-0.27991651j  0.01120637-0.20606594j  0.03149359-0.2073721j
   0.02874684-0.22100386j]
 [-0.07238326-0.25325259j  0.04617825+0.29275359j -0.03000748-0.23343976j
   0.04605764+0.28969122j  0.02076274+0.24048508j -0.03986818-0.30980828j
   0.05006048+0.26104095j -0.03152385-0.27199949j  0.0167144 +0.16715943j
   0.01465578-0.23195089j -0.01889145+0.21684217j  0.01236094-0.23686244j
   0.01909615-0.23891179j -0.00669944+0.26064349j -0.00761407-0.19265722j
  -0.01314805+0.22637661j]
 [-0.03894878-0.30165755j -0.0734029 -0.24052872j  0.0513078 +0.28514935j
   0.02095535+0.28449509j  0.04503637+0.25634413j  0.01626971+0.24978941j
  -0.04462858-0.28095203j -0.08791315-0.24596492j -0.00661742+0.20872697j
   0.0070543 +0.15339806j  0.00145266-0.22338286j -0.00619799-0.2461107j
   0.01223216-0.24872415j  0.01345419-0.25246846j -0.00942344+0.23998508j
   0.00809566+0.19490244j]
 [-0.05931688-0.22572526j  0.0626793 +0.29433096j  0.04830042+0.29780816j
  -0.06439413-0.277974j    0.07318593+0.24623316j -0.04486386-0.27067949j
  -0.03577334-0.25385145j  0.08999469+0.26250519j -0.01691918+0.18772582j
   0.01506479-0.2105384j  -0.01158668-0.22208388j  0.03694323+0.22339768j
  -0.04934145-0.20843209j  0.01798194+0.25620695j -0.03590956+0.23009609j
  -0.00562316-0.227199j  ]]
Final objective value: 
0.018657631512611683
Final objective value with norm: 
0.018657631512611683
Final penalty of max controllers: 
0.0
Infinity norm of continuous and binary controllers
0.023386811946886674
