Rounding result: 
[[-6.34690063e-02+0.27586204j  1.56133105e-01+0.10927166j
   5.51957955e-02+0.26958449j -1.84320619e-01+0.10009107j
   6.44615189e-02+0.23219798j  1.24991316e-01+0.22495849j
  -5.09257710e-01-0.06425066j -1.83920284e-01+0.10964728j
   3.02105261e-02+0.17510867j -3.17713156e-02-0.0638207j
   5.56804705e-02+0.15743672j  1.81421670e-01-0.00133432j
  -1.33672412e-01+0.27802073j  7.28998477e-02+0.20506111j
  -1.14189968e-01-0.20682737j -1.83762061e-01-0.02537799j]
 [-1.87115880e-01-0.14293104j  2.77541667e-01+0.36319642j
  -8.84691747e-02+0.04127794j  2.76913340e-02-0.1155357j
   1.29727287e-01+0.03098222j -7.79191477e-02-0.19287635j
   1.53001283e-01+0.14096776j -5.95638765e-01-0.01528981j
   6.34507981e-02-0.10453924j -2.34403247e-01+0.01529019j
   1.33969259e-01-0.03854423j  1.36574285e-01+0.19623951j
   2.31239469e-01+0.04623347j  5.59707711e-02-0.0511702j
   7.40143372e-02+0.15935747j -1.13031930e-01-0.02950417j]
 [-5.47847951e-02-0.06641111j  1.56773544e-01-0.06776112j
  -1.73289897e-01-0.18242631j -4.37944047e-01+0.02992419j
   1.16419980e-01-0.04569721j  1.14326493e-01-0.06924711j
  -1.57568886e-01-0.09527034j -1.31910735e-01-0.01853083j
  -1.29350914e-01-0.08363749j -8.26651563e-02-0.29355513j
  -1.56001667e-01+0.01376471j -2.21921534e-01+0.03094522j
  -1.30003359e-01-0.21324633j  1.59868956e-02-0.08841373j
  -3.29430816e-01+0.16017224j  1.15907132e-01+0.46123119j]
 [-1.52227258e-01-0.12464653j -6.60603948e-02-0.03520169j
   2.28044885e-02+0.43710676j -1.93858432e-01-0.2768142j
  -1.97216678e-02-0.17113795j  8.88474111e-02-0.07900101j
   3.74225839e-04+0.096592j    1.91831297e-01-0.15359872j
  -3.95510898e-01+0.05557316j  1.52825205e-01-0.14326645j
   1.62708361e-01-0.17117407j  2.63534413e-01-0.08572399j
   7.09991123e-02+0.05027584j  3.00308611e-01+0.1652012j
   9.00217710e-02+0.23748739j  7.11560211e-02+0.07602011j]
 [ 2.34874016e-01-0.05730993j -2.17574653e-01+0.05079408j
   2.10071774e-01+0.11894289j  1.59924213e-01-0.08723746j
  -2.33270894e-01-0.54449034j  8.20112664e-02-0.05514622j
  -1.17490814e-01-0.21385112j -2.70246091e-01+0.14205822j
  -1.04750735e-01-0.06254658j -2.63569425e-01-0.11959284j
   1.66523036e-01-0.12933404j -4.32855577e-02-0.09442114j
  -8.50311492e-02+0.13374362j -2.49584047e-01-0.00217261j
  -9.73986919e-02-0.1343378j  -5.27171688e-02+0.12302979j]
 [-1.59952311e-01-0.03611358j  2.76523293e-02-0.01450046j
  -1.73264275e-01-0.15335134j  2.18628054e-01-0.00526358j
  -8.84475460e-02+0.08456061j  2.58672489e-01+0.3072095j
   1.70767328e-01+0.1233587j  -4.37115424e-03+0.06804662j
  -1.49457593e-01+0.24694909j  3.19142915e-02-0.31014498j
  -1.97930902e-01+0.02180526j  2.45990197e-01-0.11435526j
   2.09017138e-01+0.28133241j -3.65666155e-01-0.13567749j
   1.10354188e-01+0.04260764j  1.45794627e-02+0.25009935j]
 [-3.27167807e-02-0.24910845j  2.30158932e-01+0.00768621j
  -2.54177054e-01+0.42250388j  2.58506511e-02+0.11863512j
  -2.96736701e-01+0.09322295j  1.50777348e-01-0.19857961j
  -5.95563381e-02+0.18255569j  6.40132023e-02+0.04344679j
   3.11269169e-01-0.08598341j  1.55980504e-01-0.12490157j
   6.47176322e-03-0.1771819j  -1.24742357e-01-0.21457085j
  -2.46985356e-01-0.09586784j -1.73997524e-01-0.21986627j
   4.63366070e-02-0.04864281j -1.77148600e-01-0.04756562j]
 [ 1.74512135e-02-0.17595455j  2.82582398e-03+0.08494279j
   7.65732796e-02+0.0748735j   1.59590229e-02+0.18328269j
  -2.53305117e-02-0.01146424j  4.36475580e-01+0.13420956j
   2.63649663e-01-0.14738983j -1.09140044e-01+0.10770491j
  -1.22309663e-01-0.31341374j -8.69846125e-02+0.1037287j
  -4.51940055e-01+0.07456593j  7.85681445e-02-0.16441179j
  -1.01100930e-01+0.07068798j  3.12053982e-01+0.04550324j
  -1.51373043e-01+0.02479304j  5.68945289e-02-0.27603019j]
 [-8.26540969e-02+0.07991262j -4.97683224e-02-0.17248318j
  -1.78576569e-01+0.07816347j  2.71939856e-01-0.05336748j
   9.14282623e-02-0.17677475j -1.14766472e-01-0.08897296j
   1.08765738e-02-0.00648321j -1.93782827e-01-0.14259535j
   1.17090562e-01+0.40424455j  5.92656574e-02+0.3017168j
  -3.87527920e-01-0.18835014j -8.44881111e-02-0.10068832j
  -1.34610343e-01+0.06974929j  1.26185732e-01+0.20117385j
  -1.93584082e-01+0.19473514j -2.50781942e-01+0.16955461j]
 [-2.41473800e-01-0.07314277j  2.13142257e-01-0.17159389j
  -4.29814342e-03-0.10496544j  1.12912745e-02-0.22848009j
  -5.59569320e-02-0.30308679j -1.19284412e-01+0.36340784j
  -1.85506046e-01+0.19558961j  1.66139301e-01-0.10738437j
   9.91285647e-02-0.09856563j -3.89166556e-01-0.1448626j
  -5.24694618e-02+0.20196115j -1.88309014e-01-0.14353198j
   5.38459911e-03-0.02829918j  7.02743916e-02+0.02685373j
   7.74270215e-02+0.14523841j -2.12386302e-01-0.27339401j]
 [-1.09707624e-01+0.06271653j  5.83926223e-02+0.16075932j
  -1.65483886e-01-0.05058239j  2.47586425e-01+0.31474896j
  -2.95095660e-01-0.01203338j -3.00267280e-01-0.00100009j
   1.86488212e-01-0.01534865j  7.07803953e-02-0.07370502j
  -3.48404298e-02-0.10139481j -9.61464583e-02-0.1259356j
   2.03794199e-01+0.23733334j  9.89407378e-02-0.25240372j
  -5.60625807e-02-0.03891981j  3.60367770e-01+0.1801941j
  -8.94330436e-02-0.19023181j -4.11302821e-03+0.34996293j]
 [ 2.59793755e-01+0.02197143j -1.56208694e-02-0.02835027j
   6.88363677e-02-0.02067421j  1.03577068e-01+0.02394862j
  -3.56689187e-02+0.23034236j  1.89684183e-02-0.0457206j
  -2.39243840e-01-0.27949892j  1.40465842e-01-0.19809826j
   1.32604311e-01-0.20365583j -3.18282228e-01+0.04154328j
  -1.33501192e-01-0.09811096j  3.99899838e-01-0.04012391j
  -2.13080908e-02-0.13396688j -2.74860561e-03-0.07217725j
   2.85721445e-01+0.3472695j  -1.80329370e-01+0.23229562j]
 [-2.60636837e-01-0.13451943j -2.30791650e-01-0.01583082j
   1.96097446e-01+0.0417784j   3.25460030e-01-0.13120992j
   4.31419690e-02+0.06152587j  1.73439175e-01+0.02423493j
  -1.25590995e-01+0.1999942j  -2.07996981e-02+0.16780061j
   2.83576961e-02+0.15684961j -9.99604014e-02-0.08929169j
  -4.43842179e-02+0.07560719j  1.91506849e-01+0.29289183j
  -1.94847309e-01-0.52503276j  1.51026188e-01-0.11681592j
  -8.04038833e-02-0.19645978j  2.13273809e-02+0.08560534j]
 [ 1.04193181e-01+0.0296975j  -1.35957300e-01-0.08406867j
  -3.03925196e-01-0.17721364j  1.63776137e-02-0.15884041j
   1.13504645e-01+0.0968489j   1.39075255e-02-0.20203897j
   1.54471855e-03-0.00575889j  6.74035357e-02+0.30783982j
  -2.80036814e-02+0.00436129j -1.98945899e-01-0.28126405j
  -7.57564334e-02-0.2579126j  -1.51608996e-01+0.10913212j
  -1.41497208e-01+0.28508227j  3.82755028e-01-0.00756953j
   3.34634385e-01-0.2300786j  -1.03137897e-01-0.02765582j]
 [ 1.64874821e-01-0.47001001j  1.77450796e-01-0.51514527j
   8.03264352e-02-0.09174377j -1.36558772e-01-0.10676457j
  -1.10696046e-01+0.08858236j -3.88974516e-02-0.06191928j
   1.62097221e-01-0.13708711j -1.32501017e-01-0.09776073j
   1.71121759e-01+0.23220926j -5.05178910e-02+0.00500647j
   1.54753979e-01+0.20847096j  2.63640962e-01+0.07326583j
  -1.06108470e-01+0.18017346j  8.61011930e-02+0.00716571j
  -9.99461606e-02-0.14160621j  5.22134573e-02-0.02189441j]
 [-3.03207931e-01-0.19991034j  2.44259451e-01+0.18927088j
   1.63088669e-01-0.0622047j   5.45235148e-02+0.15144842j
   1.76571541e-01-0.24515509j  2.61960746e-01+0.10538161j
  -2.43289939e-03-0.27186294j  2.56770147e-01-0.07910807j
   2.72487671e-01+0.06056082j  3.83031881e-02+0.16673637j
   1.36442473e-01-0.16294933j -1.34984677e-01+0.21193785j
  -8.23212878e-02+0.18338215j  6.58760357e-02+0.06656027j
   2.26073983e-01-0.07088258j  1.13823135e-01+0.25567206j]]
Final objective value: 
0.9334404136926425
Final objective value with norm: 
0.9334404136926425
Final penalty of max controllers: 
0.0
Infinity norm of continuous and binary controllers
6.0129870498004205
