Rounding result: 
[[-9.06518413e-04-0.24742071j  1.49675491e-03-0.25123083j
   1.68327676e-03-0.24795436j -1.28743337e-04-0.25111552j
   2.06845032e-03-0.25155655j  7.72594755e-04-0.25025576j
  -4.60857766e-03-0.24668616j -1.53362897e-03-0.25192374j
   6.95312559e-04-0.24995526j  1.86763987e-03-0.25149983j
  -6.81533019e-04-0.24731294j -1.20733335e-03-0.25037044j
  -2.11721867e-03-0.24559321j -3.08947976e-03-0.25320605j
   1.36493793e-03-0.2505088j  -5.72176268e-04-0.25313651j]
 [ 8.14990995e-04-0.25018297j -5.40945765e-03+0.24656908j
   5.45698817e-04-0.25202202j  2.98287413e-03+0.24909802j
  -1.48079983e-03-0.24953528j -2.96154223e-03+0.24713312j
   5.80843229e-04-0.25308601j  3.08647728e-03+0.25051727j
  -2.57258286e-04-0.24843364j -3.30112313e-03+0.24631462j
   2.37475479e-03-0.25543562j  3.64751152e-03+0.24833085j
  -3.02663703e-03-0.25000205j  3.90072363e-04+0.25009829j
  -1.52859636e-04-0.25405907j  2.04273232e-03+0.24877276j]
 [ 3.85214274e-04-0.25026006j  2.99485440e-03-0.25031175j
   7.53381644e-05+0.24806989j  1.90781346e-03+0.25119128j
  -3.64838927e-03-0.24632549j  1.60301463e-03-0.25133852j
  -6.52583221e-04+0.24998801j  5.17376424e-03+0.25121264j
  -1.56467030e-03-0.24674432j  4.65278360e-03-0.24889346j
  -1.18725576e-03+0.24854468j  2.84076722e-03+0.25209936j
  -5.49811934e-03-0.25353764j -2.86845766e-03-0.25156434j
  -6.62116187e-05+0.24624492j  2.10876167e-03+0.25324891j]
 [-3.82131807e-04-0.25309937j -6.56630348e-04+0.24965024j
   1.15716831e-03+0.25106429j -9.59246997e-04-0.24736366j
   9.99824483e-04-0.25033079j  1.60469081e-04+0.2518641j
   4.64853582e-03+0.24885614j -4.49376076e-03-0.24531098j
   2.64471430e-03-0.25176948j -3.40998990e-03+0.25071918j
   8.80024120e-04+0.24845602j -3.02230529e-05-0.24558552j
  -4.06551207e-03-0.2549792j   1.87179845e-03+0.24893144j
   6.43768789e-04+0.25136571j -1.51804402e-03-0.25028205j]
 [-2.92393709e-03-0.25088426j -2.35962330e-03-0.25024187j
   2.35143028e-03-0.24828568j -3.25818880e-04-0.25277596j
   5.37262189e-03+0.25037606j  4.00109352e-03+0.24935844j
  -2.46685842e-03+0.24760999j  2.98759742e-04+0.25047613j
   2.10602736e-04-0.25202535j -1.44646909e-04-0.25100453j
   1.99459894e-03-0.24447364j -1.64367485e-03-0.25307638j
   4.42975785e-03+0.25039146j  3.63890132e-03+0.24805066j
  -2.27066887e-03+0.24706308j  3.17473557e-04+0.25349934j]
 [-1.82208498e-03-0.25181536j  3.99541465e-03+0.25157055j
  -1.51893427e-03-0.25132841j  1.67614391e-03+0.247452j
   2.19656581e-03+0.24997889j -2.21480250e-03-0.25016895j
   3.37939179e-03+0.24977095j -4.09127034e-03-0.24752594j
   1.06908552e-03-0.25177941j -8.32216495e-04+0.24826572j
  -3.24414926e-03-0.25043721j  4.08726045e-03+0.25062737j
   2.17855174e-03+0.25296366j -5.04062473e-03-0.24812609j
   2.77328942e-03+0.25047414j -4.75700726e-03-0.24731829j]
 [-1.90696737e-03-0.24920427j  3.48419935e-04-0.25070673j
  -5.36053683e-03+0.24951542j -6.68565753e-03+0.25061818j
   2.38616074e-04+0.25179343j  1.68447518e-03+0.24733892j
   6.91994462e-04-0.24912261j  2.26575765e-03-0.25077673j
   4.27763762e-04-0.25004955j  2.65655500e-03-0.24926642j
  -1.14334934e-03+0.25229991j -2.63536295e-03+0.25183701j
   4.31966204e-03+0.24754967j  2.34896549e-03+0.25131723j
   3.85480170e-04-0.24984842j  2.83010621e-03-0.24842271j]
 [ 3.15670789e-04-0.24741355j -4.94204861e-03+0.25003746j
  -1.64836704e-03+0.25116853j  1.41704785e-04-0.25006765j
   1.41766431e-03+0.24902023j -6.08360422e-04-0.25037138j
   3.81120047e-04-0.25298235j -9.03256409e-04+0.24926312j
   1.40248652e-03-0.24879634j -6.31829206e-03+0.25320065j
  -7.80860739e-04+0.25320981j  1.67946019e-04-0.24797046j
   1.22037171e-03+0.24562683j  1.23118230e-03-0.25060987j
  -1.80557644e-03-0.25204475j  1.35255908e-03+0.24790906j]
 [-2.01390371e-04-0.24914109j  1.34830875e-03-0.25084115j
   7.34982680e-04-0.24665626j -1.70270971e-03-0.25205154j
   1.46595153e-03-0.25012448j  4.82899146e-04-0.25178934j
  -3.54825602e-03-0.24900629j  7.04053110e-06-0.25203869j
  -4.80879197e-04+0.24912369j -2.79258624e-03+0.25150128j
   4.62680465e-04+0.24746256j  2.65193137e-03+0.250304j
   2.12518446e-03+0.24569038j  3.97786038e-03+0.25236179j
  -1.06173024e-03+0.24942937j -9.35937566e-04+0.25223391j]
 [-4.41627448e-04-0.25042958j -5.63501798e-03+0.24579026j
   7.11902508e-04-0.25196474j  4.87730002e-03+0.25092438j
  -2.76386728e-04-0.24991637j -2.55446768e-03+0.24852468j
   2.01880403e-05-0.25411553j  1.04491803e-03+0.24979891j
   8.23193956e-04+0.24765017j  2.86785235e-03-0.24742362j
  -2.60757669e-03+0.2559102j  -3.72519418e-03-0.24769326j
   2.58133725e-03+0.25041672j  8.79004388e-05-0.24828848j
   1.74553656e-04+0.25270133j -2.54871152e-03-0.24802133j]
 [-2.02406402e-05-0.24882937j  2.51081391e-03-0.25033466j
  -3.15718076e-04+0.2496032j   2.24755147e-03+0.25038585j
  -3.52961496e-03-0.24836059j  2.27439239e-03-0.25168372j
  -5.45164182e-04+0.24916033j  5.02622367e-03+0.2526471j
   1.41951073e-03+0.24721125j -2.21098916e-03+0.24874834j
   4.77109527e-04-0.24739599j -2.06587801e-03-0.25201421j
   5.63912976e-03+0.25252803j  6.37569181e-04+0.25146661j
   6.43315219e-04-0.24660253j -2.49905717e-03-0.2526933j ]
 [ 7.33706728e-04-0.25301638j -4.30209899e-04+0.25007573j
   2.79289404e-03+0.25216277j -8.92550893e-04-0.24658423j
  -2.32310333e-04-0.25134978j -1.29668137e-04+0.25221242j
   3.25501509e-03+0.24932203j -4.67865418e-03-0.2473961j
  -2.54548970e-03+0.25224554j  2.68626715e-03-0.24882j
  -1.33821748e-03-0.24730445j  7.80901928e-04+0.24617972j
   3.95477065e-03+0.25368142j -1.35836408e-03-0.24976336j
  -3.74533929e-04-0.25091007j  7.51977405e-04+0.24865577j]
 [-1.33135143e-03-0.24956366j -1.03462215e-03-0.25024864j
   4.51062398e-03-0.24951928j  2.28447871e-03-0.25171533j
   2.45588060e-03+0.25144683j  1.39412484e-03+0.2492042j
  -3.91148897e-03+0.24624365j -1.28692007e-03+0.25171835j
  -2.58779356e-03+0.25377413j -2.63223149e-04+0.25091081j
  -3.38664968e-03+0.24368439j -5.37757953e-04+0.25314257j
  -2.69451307e-03-0.24924923j  1.68035313e-05-0.24815769j
   5.28017477e-03-0.2476193j   1.22110137e-03-0.25336693j]
 [ 1.39513129e-03-0.25135785j  3.31195117e-03+0.25165941j
  -4.42905288e-04-0.25122047j -7.92178007e-04+0.24640464j
   1.09025865e-03+0.25031858j  7.91098643e-04-0.24997352j
   3.31450064e-04+0.24998411j -2.64244470e-03-0.24921789j
  -3.23886436e-03+0.25262199j  2.71187021e-03-0.24731592j
   2.07802578e-03+0.24963142j -3.78272684e-03-0.25174944j
  -3.62180209e-04-0.25214048j  2.59880406e-03+0.24907857j
   1.86009046e-04-0.25122481j  1.40312284e-03+0.24584245j]
 [ 9.24816597e-05-0.24988606j  2.18461250e-03-0.25062743j
  -6.54713479e-03+0.24831016j -7.30442592e-03+0.25166651j
  -1.39678215e-03+0.25098315j -7.34457085e-04+0.24786918j
   3.56636055e-03-0.25042305j  5.48957555e-03-0.25063142j
  -2.26852484e-03+0.24890479j -6.13586766e-03+0.25000618j
   3.09754998e-03-0.25357381j  2.50140719e-03-0.25195402j
  -1.62331175e-03-0.24851626j -2.16931302e-03-0.25028577j
  -2.45945133e-03+0.24834397j -6.55623271e-03+0.24741224j]
 [ 1.34138522e-03-0.24735164j -6.60200887e-03+0.24965252j
  -4.78938073e-03+0.25078739j  7.73780610e-04-0.25015723j
  -1.93215520e-03+0.24835319j  1.88907279e-03-0.25072432j
   1.78935777e-03-0.25324735j -3.77297778e-03+0.24906375j
  -3.80326902e-03+0.24865976j  8.20134979e-03-0.25547338j
   2.60047169e-03-0.25430688j -1.93774765e-03+0.24667407j
   6.41098108e-04-0.24648746j -3.37279390e-03+0.2483959j
  -2.16352753e-04+0.25129647j  1.40129223e-03-0.24876544j]]
Final objective value: 
9.619760019474732e-05
Final objective value with norm: 
9.619760019474732e-05
Final penalty of max controllers: 
0.0
Infinity norm of continuous and binary controllers
0.0020919245010583886
