Rounding result: 
[[-0.06276971+0.27527004j  0.14985782+0.10728003j  0.06064451+0.26731581j
  -0.18417489+0.10235852j  0.06243469+0.22730876j  0.12114815+0.22315261j
  -0.51693161-0.06002394j -0.18439915+0.09757187j  0.02927836+0.18281524j
  -0.02894946-0.06881258j  0.06058062+0.1495152j   0.1773409 +0.00376197j
  -0.1369358 +0.27756173j  0.07066976+0.2036041j  -0.11666804-0.20722166j
  -0.18890006-0.02416924j]
 [-0.18825977-0.13964307j  0.27378253+0.36956743j -0.0880664 +0.04304799j
   0.03120069-0.1197588j   0.12328039+0.03161184j -0.08968872-0.18648738j
   0.15046055+0.14129325j -0.59704619-0.02101159j  0.06662395-0.09617442j
  -0.23496887+0.00723879j  0.12882824-0.04286259j  0.13431557+0.20567696j
   0.22907219+0.04764423j  0.0556446 -0.0417677j   0.07302591+0.15799076j
  -0.10634978-0.03394385j]
 [-0.05582891-0.06468237j  0.15750374-0.06112817j -0.16758565-0.18435983j
  -0.44285998+0.03284049j  0.11661972-0.05174973j  0.11233732-0.06345403j
  -0.14682741-0.09351597j -0.13632655-0.02152872j -0.12842652-0.09118358j
  -0.08289538-0.29988731j -0.1584256 +0.0140975j  -0.21953449+0.02693282j
  -0.12906353-0.21537128j  0.0188385 -0.08788412j -0.32503757+0.14985975j
   0.11125572+0.46386004j]
 [-0.15136767-0.11957668j -0.06860384-0.03839405j  0.01585169+0.43728467j
  -0.18642893-0.27581634j -0.01671418-0.17509313j  0.09742568-0.08581492j
   0.00072146+0.09415656j  0.19497089-0.14154791j -0.39202828+0.05021624j
   0.14823846-0.14862521j  0.1687168 -0.17338571j  0.26710743-0.08545816j
   0.06944041+0.05131783j  0.2946378 +0.16769988j  0.08785128+0.24678346j
   0.07196657+0.07721442j]
 [ 0.23827673-0.0594882j  -0.21839719+0.05611902j  0.21446797+0.11464603j
   0.15990413-0.08823254j -0.23434389-0.54336553j  0.07648247-0.05609857j
  -0.11335618-0.21786061j -0.26874802+0.15047058j -0.10347463-0.07335931j
  -0.25993924-0.1112639j   0.16464864-0.13234575j -0.04546434-0.09297805j
  -0.0874164 +0.12865508j -0.24427673-0.00410329j -0.1024965 -0.13951386j
  -0.05415823+0.11767321j]
 [-0.15976239-0.03077122j  0.02121711-0.0149777j  -0.16616579-0.14823358j
   0.21903025-0.00410034j -0.09276374+0.08218561j  0.25502361+0.30956735j
   0.17755953+0.11284641j -0.0117462 +0.06626733j -0.15042797+0.24396172j
   0.02814179-0.31677437j -0.20265651+0.01654329j  0.2449529 -0.10890071j
   0.20413796+0.28864599j -0.36652468-0.13997065j  0.107284  +0.03457246j
   0.01098757+0.24904703j]
 [-0.03985805-0.2527076j   0.23449378+0.0025597j  -0.25158815+0.42217636j
   0.02724453+0.1220955j  -0.29465371+0.09764082j  0.15560132-0.20823024j
  -0.0565453 +0.17698091j  0.06215675+0.04449949j  0.30853821-0.08843198j
   0.14775323-0.1234052j   0.00862439-0.16917327j -0.12570179-0.21742302j
  -0.24211562-0.09445642j -0.18016746-0.21769869j  0.04708521-0.05014825j
  -0.17907792-0.04526004j]
 [ 0.01302175-0.1722782j   0.00630095+0.09292933j  0.08771945+0.08107921j
   0.01777239+0.1832265j  -0.02427814+0.0027501j   0.43534105+0.13855268j
   0.26228969-0.14739243j -0.11110125+0.0964503j  -0.12151588-0.31518772j
  -0.08461268+0.09974292j -0.44669958+0.07751643j  0.0747913 -0.15553379j
  -0.09887509+0.07514007j  0.31686494+0.0477441j  -0.1567888 +0.02240235j
   0.05115335-0.28191999j]
 [-0.07021361+0.07862186j -0.05107263-0.17155604j -0.18580616+0.08134341j
   0.27002522-0.05209244j  0.08229302-0.17765666j -0.11854194-0.09167084j
   0.0111081 -0.01465679j -0.19815553-0.14157918j  0.11465608+0.39780049j
   0.06587386+0.30268565j -0.39497195-0.18281823j -0.08185148-0.10884946j
  -0.13513901+0.06622461j  0.12861873+0.20037148j -0.18990703+0.19633167j
  -0.24195187+0.17840652j]
 [-0.24314995-0.06894895j  0.20714191-0.17435734j -0.00469302-0.10037242j
   0.02351001-0.23294411j -0.0540501 -0.30553718j -0.1095657 +0.36293436j
  -0.19033835+0.20120493j  0.16477226-0.11353867j  0.09486978-0.09399868j
  -0.38966152-0.14342608j -0.0579815 +0.19746425j -0.19276541-0.13813615j
   0.00386145-0.03002033j  0.06776955+0.02558059j  0.07532391+0.14494428j
  -0.2115275 -0.27335556j]
 [-0.10958636+0.06573541j  0.05751763+0.15963671j -0.16918953-0.05223805j
   0.24706203+0.30175404j -0.29660989-0.0078222j  -0.30075651+0.00159915j
   0.18322535-0.01503417j  0.07500839-0.07250984j -0.03950016-0.10552155j
  -0.09989318-0.12253943j  0.20876751+0.24193494j  0.09794092-0.25877601j
  -0.05171211-0.03361869j  0.36515262+0.17328345j -0.08362831-0.20030805j
  -0.00693006+0.34286279j]
 [ 0.25909648+0.02832127j -0.01935276-0.01898367j  0.06462834-0.02455121j
   0.11273123+0.01904941j -0.0348823 +0.23166005j  0.02139139-0.03826958j
  -0.24559736-0.27273377j  0.13611172-0.19553403j  0.13140038-0.21867752j
  -0.31835973+0.03561717j -0.13488427-0.10064681j  0.39530085-0.02979051j
  -0.02927946-0.13271839j  0.00109007-0.0756674j   0.28899469+0.34469934j
  -0.17344649+0.23540503j]
 [-0.26086824-0.13172061j -0.23017431-0.01284943j  0.19589994+0.04010131j
   0.32868146-0.12664412j  0.04002716+0.06265973j  0.17270842+0.02164233j
  -0.12224907+0.20139596j -0.02589899+0.16342579j  0.02467136+0.1654022j
  -0.08995135-0.08704244j -0.04591946+0.06990413j  0.18727569+0.28925618j
  -0.19782656-0.52970662j  0.1486893 -0.11286733j -0.08404701-0.19818859j
   0.02942974+0.08681378j]
 [ 0.09452968+0.02436966j -0.14149962-0.08525473j -0.30467164-0.17540296j
   0.01929008-0.15640197j  0.11904911+0.09981176j  0.02292871-0.1952851j
  -0.00104709-0.01126031j  0.06412322+0.31654085j -0.02145608+0.00435968j
  -0.19496524-0.27683246j -0.07232701-0.26264893j -0.16490161+0.11305857j
  -0.1414168 +0.28178693j  0.38238108-0.00317592j  0.33041365-0.22838316j
  -0.10031873-0.03433464j]
 [ 0.16583329-0.47246192j  0.17348226-0.51513134j  0.08323568-0.08990689j
  -0.13703348-0.11010664j -0.10920811+0.08959454j -0.04268213-0.06218641j
   0.15553981-0.1410137j  -0.12762916-0.10568794j  0.17007188+0.22878136j
  -0.06589836-0.00117288j  0.14778284+0.20313492j  0.26957445+0.07602087j
  -0.09827184+0.1797156j   0.09173624+0.00331197j -0.10176501-0.14111225j
   0.04961198-0.02136132j]
 [-0.30692934-0.19909515j  0.24306157+0.1863733j   0.16534104-0.06240756j
   0.05763393+0.15044452j  0.17563373-0.24607187j  0.26094758+0.10837173j
   0.00088388-0.2693169j   0.25018585-0.08277247j  0.27371793+0.06337555j
   0.03918304+0.17568799j  0.14062621-0.15873029j -0.13448474+0.20357613j
  -0.08316449+0.18160634j  0.06509719+0.06910214j  0.22474156-0.06882774j
   0.11422771+0.26248202j]]
Final objective value: 
0.9345553958179547
Final objective value with norm: 
0.9345553958179547
Final penalty of max controllers: 
0.0
Infinity norm of continuous and binary controllers
6.0125528573462725
