Rounding result: 
[[-0.06251585+2.78411181e-01j  0.15825798+1.04943108e-01j
   0.05527757+2.67550333e-01j -0.18472437+1.01021180e-01j
   0.06544891+2.31513601e-01j  0.12229747+2.25338574e-01j
  -0.5106383 -6.70948607e-02j -0.18359412+1.06687975e-01j
   0.02753445+1.75820930e-01j -0.02895252-6.38217675e-02j
   0.05468895+1.57788475e-01j  0.17737858+2.43644878e-04j
  -0.134289  +2.78357797e-01j  0.07174239+2.03883601e-01j
  -0.11469485-2.07426407e-01j -0.18642827-2.21917830e-02j]
 [-0.18747318-1.45474865e-01j  0.27850566+3.66282325e-01j
  -0.08541521+4.09263297e-02j  0.02381848-1.17039650e-01j
   0.12739055+3.29314963e-02j -0.07972825-1.91324785e-01j
   0.14863877+1.44891248e-01j -0.59423995-1.79663784e-02j
   0.06488136-1.02754729e-01j -0.2341966 +1.11102455e-02j
   0.13325968-3.84721140e-02j  0.13814921+1.96197552e-01j
   0.2303983 +4.51963225e-02j  0.05876841-4.92360605e-02j
   0.07065843+1.60633592e-01j -0.11255575-2.99303237e-02j]
 [-0.05403366-6.68447582e-02j  0.15240676-6.78979691e-02j
  -0.17171819-1.84190661e-01j -0.43820997+2.90038741e-02j
   0.1157214 -4.74232034e-02j  0.1109492 -6.68216475e-02j
  -0.15517542-9.53011326e-02j -0.13033335-2.20667470e-02j
  -0.13142593-8.55717060e-02j -0.08062186-2.95312657e-01j
  -0.15906483+1.23349190e-02j -0.22360576+3.16901744e-02j
  -0.12717526-2.14460741e-01j  0.01825621-8.68178198e-02j
  -0.32912417+1.56998578e-01j  0.11360597+4.63425793e-01j]
 [-0.14962405-1.20130285e-01j -0.06617491-3.77708799e-02j
   0.02243347+4.37898207e-01j -0.19471644-2.78054687e-01j
  -0.01927629-1.68529058e-01j  0.08895937-7.95857943e-02j
  -0.001261  +9.52792449e-02j  0.19487321-1.51172420e-01j
  -0.39522676+5.59244388e-02j  0.15112433-1.44676780e-01j
   0.16394877-1.70892798e-01j  0.26457639-8.69859612e-02j
   0.06936617+4.96304994e-02j  0.29826605+1.65287817e-01j
   0.0936997 +2.39599727e-01j  0.06957224+7.49730704e-02j]
 [ 0.23413412-5.88184052e-02j -0.21498529+5.04258584e-02j
   0.20773384+1.23916415e-01j  0.15966077-8.74445310e-02j
  -0.23368105-5.42558616e-01j  0.07950511-5.67985251e-02j
  -0.11891643-2.16577039e-01j -0.27149043+1.45424597e-01j
  -0.10272536-6.54340399e-02j -0.26275525-1.21161134e-01j
   0.16897921-1.31287036e-01j -0.04479832-9.41019539e-02j
  -0.08259209+1.30136035e-01j -0.24995746-8.01291743e-04j
  -0.09351175-1.37143770e-01j -0.05141215+1.23484604e-01j]
 [-0.15892568-3.85980665e-02j  0.0270323 -1.14545107e-02j
  -0.16907778-1.55482560e-01j  0.21750807-5.71313210e-03j
  -0.09115695+8.45950163e-02j  0.26051992+3.08201053e-01j
   0.17122882+1.20861340e-01j -0.0083612 +6.77172587e-02j
  -0.1530659 +2.46083119e-01j  0.03419491-3.09677532e-01j
  -0.2012238 +1.82790422e-02j  0.24513499-1.11554631e-01j
   0.2069473 +2.84780325e-01j -0.36429579-1.36110780e-01j
   0.11009786+4.20890171e-02j  0.01389447+2.48420339e-01j]
 [-0.03329541-2.48689193e-01j  0.23422267+6.82008087e-03j
  -0.25322072+4.20128312e-01j  0.02389112+1.19981143e-01j
  -0.29557915+9.62014387e-02j  0.15388571-2.00999726e-01j
  -0.06036084+1.83698931e-01j  0.06520092+4.41429066e-02j
   0.31011072-8.52414045e-02j  0.1569234 -1.25974538e-01j
   0.00350569-1.72224329e-01j -0.12518326-2.15395945e-01j
  -0.24824398-9.45048344e-02j -0.17382138-2.19779380e-01j
   0.04599496-4.50615454e-02j -0.17640522-4.73768679e-02j]
 [ 0.01738099-1.75468769e-01j  0.0023625 +8.52134074e-02j
   0.0841545 +7.82661997e-02j  0.01431491+1.81827946e-01j
  -0.02316815-1.09219390e-02j  0.43748143+1.33404967e-01j
   0.26352129-1.48556951e-01j -0.11083258+1.05269414e-01j
  -0.12301361-3.14010789e-01j -0.08713885+1.03668917e-01j
  -0.4467496 +7.66236267e-02j  0.07565993-1.63971670e-01j
  -0.10160992+7.28192587e-02j  0.31400692+4.69718257e-02j
  -0.15509605+2.54082790e-02j  0.05474558-2.75993276e-01j]
 [-0.08093704+8.07329841e-02j -0.04889661-1.71626462e-01j
  -0.17974209+8.01503545e-02j  0.27293358-5.19324936e-02j
   0.08477217-1.79574859e-01j -0.11658036-9.11414041e-02j
   0.01449272-8.16091302e-03j -0.19589001-1.43283396e-01j
   0.11639238+4.00957213e-01j  0.06122787+3.02471601e-01j
  -0.38683777-1.86945174e-01j -0.08529646-1.01487075e-01j
  -0.13215715+7.28252380e-02j  0.12821759+2.02452534e-01j
  -0.19192162+1.94982403e-01j -0.2485475 +1.73523509e-01j]
 [-0.240138  -7.08906313e-02j  0.21199653-1.70599834e-01j
  -0.00232128-1.04658509e-01j  0.01657691-2.27720981e-01j
  -0.05699056-3.05532581e-01j -0.11678064+3.64388848e-01j
  -0.18720027+1.97288670e-01j  0.16656614-1.11543182e-01j
   0.09922698-9.65544334e-02j -0.38769601-1.44280693e-01j
  -0.05497028+2.06116438e-01j -0.18708793-1.44893736e-01j
   0.00396662-3.00920813e-02j  0.06883731+2.58851745e-02j
   0.07674376+1.46114542e-01j -0.2111039 -2.70321232e-01j]
 [-0.11107019+6.23085322e-02j  0.05495348+1.64560762e-01j
  -0.16516997-5.05277177e-02j  0.24703535+3.14446672e-01j
  -0.29612069-9.63636364e-03j -0.29740299-8.53457022e-04j
   0.18576096-1.32716638e-02j  0.0734668 -7.19463993e-02j
  -0.03696335-1.03351691e-01j -0.09371711-1.27668147e-01j
   0.20546782+2.38398131e-01j  0.1013192 -2.54487973e-01j
  -0.05263334-3.93824209e-02j  0.35938485+1.77553607e-01j
  -0.08840922-1.92306448e-01j -0.00399145+3.48466455e-01j]
 [ 0.26130134+2.66067119e-02j -0.01587154-2.57439220e-02j
   0.06703513-2.40515766e-02j  0.10515511+2.35276073e-02j
  -0.03602091+2.32305369e-01j  0.0204855 -4.58725267e-02j
  -0.23839485-2.77156653e-01j  0.13896369-1.97932049e-01j
   0.13217755-2.06586767e-01j -0.31878371+4.35257197e-02j
  -0.13598092-9.81233970e-02j  0.39911793-4.09659060e-02j
  -0.02493376-1.33047699e-01j -0.00439255-7.22567807e-02j
   0.28491724+3.45892343e-01j -0.17876606+2.33223707e-01j]
 [-0.25888289-1.33932838e-01j -0.23050774-1.80116545e-02j
   0.19670772+4.55921412e-02j  0.32437912-1.33535177e-01j
   0.04672449+6.30540407e-02j  0.17304336+2.40391924e-02j
  -0.12376656+1.98655692e-01j -0.02295114+1.63494435e-01j
   0.02587153+1.60427075e-01j -0.09753251-8.65556649e-02j
  -0.04724637+7.64588914e-02j  0.19445564+2.89090528e-01j
  -0.19991626-5.24858786e-01j  0.14844207-1.18526933e-01j
  -0.08165319-1.99970859e-01j  0.01821671+8.74501301e-02j]
 [ 0.10083933+2.74139011e-02j -0.13348711-8.11557580e-02j
  -0.3046763 -1.78644541e-01j  0.01841767-1.57726750e-01j
   0.11555703+9.46699056e-02j  0.01536643-1.97134822e-01j
   0.00216818-4.98652094e-03j  0.06843413+3.09264110e-01j
  -0.0240871 +4.10770152e-03j -0.20116729-2.79308300e-01j
  -0.07485244-2.57454744e-01j -0.15289596+1.11034729e-01j
  -0.14565288+2.84691696e-01j  0.38518811-7.46031671e-03j
   0.3346082 -2.28080223e-01j -0.10336407-3.02986847e-02j]
 [ 0.16646419-4.69861993e-01j  0.17901032-5.15407407e-01j
   0.0772062 -9.38489181e-02j -0.13524632-1.05961260e-01j
  -0.1133472 +8.81480497e-02j -0.04281263-6.12195957e-02j
   0.15869397-1.41620745e-01j -0.13057501-1.00142044e-01j
   0.16943686+2.31153787e-01j -0.05138493+2.17590446e-03j
   0.15549533+2.06565434e-01j  0.2646098 +7.24448982e-02j
  -0.10401312+1.80244204e-01j  0.08801009+7.17212616e-03j
  -0.10113416-1.39632530e-01j  0.05285923-2.23848175e-02j]
 [-0.30562269-2.00652920e-01j  0.24383299+1.86700187e-01j
   0.16435101-6.10081257e-02j  0.05521037+1.51397545e-01j
   0.17426935-2.45220740e-01j  0.26249121+1.05909730e-01j
  -0.00508164-2.69983527e-01j  0.25397164-8.22981459e-02j
   0.27486115+5.71955261e-02j  0.0406103 +1.68136990e-01j
   0.13870048-1.62091832e-01j -0.13211197+2.11956072e-01j
  -0.08003227+1.79705371e-01j  0.06662013+6.86266328e-02j
   0.22528028-6.89096504e-02j  0.11686366+2.58596885e-01j]]
Final objective value: 
0.9335703582641571
Final objective value with norm: 
0.9335703582641571
Final penalty of max controllers: 
0.0
Infinity norm of continuous and binary controllers
6.012569606176117
