Rounding result: 
[[ 0.22642907-0.1660224j  -0.01580379+0.07694502j  0.06090558-0.15125236j
   0.01994636+0.2065051j   0.02320266-0.26225665j  0.10440399-0.42837273j
  -0.20317001+0.34510806j -0.22482086-0.05031478j  0.06194621-0.0857794j
  -0.02943114-0.03285366j -0.05170493+0.02499132j  0.00830826+0.06244803j
  -0.06020071-0.11827758j -0.12053379-0.35303166j  0.06905449+0.34730079j
  -0.17524513+0.18685507j]
 [-0.02109488-0.18792901j -0.40771211-0.09609874j -0.31826717+0.02628554j
  -0.0947717 -0.03892183j -0.49776112-0.06972213j  0.00656263+0.23841246j
  -0.03887457-0.07055118j -0.27306906-0.20965934j -0.02909114-0.10617876j
  -0.12896968-0.06142879j -0.07788766-0.02605869j -0.11951745-0.08285288j
  -0.25113192+0.11521093j  0.07205502-0.00404517j -0.1495029 -0.00724737j
  -0.27566382+0.03746987j]
 [ 0.02482145+0.36521956j  0.00194517+0.19184666j -0.23348028-0.3386529j
  -0.04288842+0.22950548j -0.22138241-0.09639051j  0.17461059-0.23373586j
   0.0288992 -0.21659143j  0.17384575+0.10279379j -0.04147681+0.09146281j
   0.11302742+0.10707369j -0.01769385-0.21216339j  0.00798061+0.2231403j
  -0.34693711+0.19339706j -0.03392337-0.13257588j -0.06710558-0.14946977j
   0.19832916-0.03659149j]
 [ 0.3002593 -0.10311759j -0.01971608-0.01491201j -0.06637417+0.15251642j
   0.24282341-0.25615864j -0.17799218-0.21470304j  0.27296266+0.24964904j
  -0.07649352+0.20685062j  0.24737607+0.27369217j  0.13326171-0.1237409j
   0.02100383+0.079568j   -0.1282554 +0.10525532j  0.07572104+0.10712562j
  -0.1020382 -0.00878034j  0.34202402-0.01467377j  0.09964691+0.08806587j
   0.33027613+0.08926175j]
 [-0.17752314-0.37470234j  0.27854723+0.12832865j -0.21859904-0.27897883j
   0.28361562+0.12201562j  0.11061714+0.03154037j  0.24715706+0.01955969j
   0.10011132-0.13322014j -0.25520648-0.04761382j -0.06558303-0.20228906j
   0.23639909-0.00662303j -0.1390681 -0.07967044j  0.13576348-0.02981828j
   0.1854918 -0.06358566j  0.29757861-0.00591748j -0.02624732-0.24836915j
  -0.06965587+0.05285865j]
 [ 0.01916133-0.16501096j -0.10372455+0.48869242j  0.0129265 +0.20915184j
   0.13541151-0.02735141j  0.00208158-0.22918536j -0.11329147-0.00265383j
  -0.21412047-0.24758887j  0.06722791-0.0594912j  -0.10185452-0.19963483j
  -0.05497072+0.31204182j  0.11999969+0.04485291j  0.04945333-0.06290859j
  -0.0312641 -0.35187362j -0.27208393+0.02405896j -0.26335775-0.09471662j
   0.12039945-0.11657467j]
 [ 0.06239103-0.337386j    0.16679586-0.28592436j  0.20658223+0.15023212j
  -0.18100815+0.34465683j -0.10174912+0.00876891j -0.14869715-0.03126004j
  -0.13495805-0.1776411j   0.14654467+0.17938526j -0.03158059-0.27230488j
   0.02076118-0.2181293j   0.20387734-0.09492702j -0.15785637+0.26902669j
  -0.03047534+0.07381028j  0.05633191-0.00863409j -0.25761339-0.10919444j
   0.13162391+0.20663184j]
 [-0.18131087-0.00926405j  0.07405798+0.02362447j -0.35348851+0.2561275j
  -0.30623355+0.37538596j  0.07619156-0.11617079j -0.04265561+0.04825713j
   0.17589368+0.15314227j  0.1391996 -0.15109644j -0.10551679+0.03211921j
   0.04620464+0.08295588j -0.24687618+0.25278119j -0.04845936+0.3227142j
   0.00179778-0.25658408j  0.13961226+0.11817286j  0.07901676+0.17008279j
   0.01697524-0.1686002j ]
 [ 0.13086988-0.11151642j  0.15162774-0.18792209j  0.01195284-0.0406244j
  -0.16123091+0.04663643j  0.0937057 -0.08194855j  0.22794726+0.16486211j
  -0.206867  -0.36287687j  0.02203546-0.1648848j  -0.34892841+0.096153j
  -0.07936527+0.10627204j -0.24126855+0.19778386j  0.07982178-0.16975311j
  -0.06488108+0.12940685j -0.28762147+0.01224965j  0.32170191+0.04195952j
   0.14218715+0.27382219j]
 [-0.19566945-0.07247336j -0.05279115+0.07578965j -0.19543758-0.04839372j
  -0.02819369-0.02969989j  0.03609485-0.17123628j -0.17607623+0.21806442j
  -0.03000412-0.03089794j  0.24840864-0.19498738j  0.15307443+0.20486565j
   0.39014079+0.12265945j  0.36045533+0.02812607j -0.0324537 -0.06198847j
   0.20598865+0.18461702j  0.03840894-0.29763491j -0.01694986+0.20431051j
   0.00556447+0.34357592j]
 [-0.03421532-0.02834972j -0.03191519-0.0006808j  -0.01420668-0.13272754j
  -0.05327026+0.05322708j  0.20225727-0.20890064j  0.11719536+0.17763831j
   0.18459107-0.08630329j -0.26662371+0.22478672j  0.09411916-0.21145664j
   0.09288262-0.12450299j  0.12257876+0.30416135j  0.04333341-0.03124944j
  -0.02565737+0.35818178j -0.21812372+0.0424129j  -0.21331279+0.32765362j
   0.17348833-0.36215889j]
 [ 0.05192753-0.07159186j -0.06022677+0.14387389j  0.03839896+0.0696276j
   0.05809021-0.12029872j  0.20675137-0.13749487j -0.24664976+0.19215346j
  -0.21039628+0.00969318j -0.1525387 +0.08947697j -0.26315143+0.07885526j
   0.09261643-0.12279124j -0.07648513-0.08915404j -0.28558621+0.30750155j
  -0.03020331+0.18951674j  0.05513895-0.35090726j  0.31980448-0.23581177j
  -0.06480333-0.30743071j]
 [-0.11365841-0.08129217j  0.05901389-0.37647242j -0.18594665+0.16840948j
   0.05316247-0.18187541j  0.21139074+0.0754594j   0.17392863-0.05794189j
  -0.05208711-0.02693506j -0.10126668-0.02721718j  0.22604265-0.13912078j
  -0.03298204+0.50833971j  0.16841197-0.26795288j  0.03296621+0.33037587j
  -0.13624528+0.0642107j  -0.20556972+0.00873639j  0.09400714+0.02226291j
  -0.1337231 -0.07358249j]
 [-0.3915543 -0.06657406j  0.11798561+0.20495466j  0.15636281+0.04449599j
  -0.05747904-0.12420395j  0.00234786-0.25865041j -0.1153124 -0.19724777j
  -0.14659134-0.22299311j  0.03346595-0.14484974j  0.43757512-0.03143807j
  -0.32964041-0.09659696j -0.23512554+0.02427749j  0.04552169+0.07148361j
  -0.05129184+0.27692287j  0.19605426+0.10893305j  0.14347131+0.04206557j
   0.03673943+0.04367037j]
 [-0.13012679-0.0543954j  -0.13033483-0.08854295j  0.13813382-0.18939839j
   0.11770694+0.06854597j -0.1766433 +0.26110961j -0.01333312+0.07300594j
  -0.17132146-0.23276966j  0.18135944+0.20807991j  0.35332025-0.04808969j
   0.33563438+0.00404474j -0.29969527+0.23823196j -0.17218513+0.04567622j
  -0.02630517-0.25938847j -0.2076338 -0.08263303j  0.14857148+0.08500703j
  -0.18701711-0.12982753j]
 [-0.12053096+0.07634936j  0.05633025-0.01922166j  0.0616774 +0.18611606j
   0.26075451+0.26863818j  0.11897925-0.15278002j  0.17176407+0.06037237j
   0.12758061+0.24697182j  0.2950547 -0.05964799j  0.01800753-0.18693676j
  -0.04802281+0.09051004j -0.20006958-0.08694354j -0.42578147-0.35890269j
  -0.05281493+0.25751157j -0.1594476 -0.05757452j -0.08572401-0.16479382j
  -0.15194827+0.00868771j]]
Final objective value: 
0.9224736616747965
Final objective value with norm: 
0.9224736616747965
Final penalty of max controllers: 
0.0
Infinity norm of continuous and binary controllers
0.9141987735279232
