Rounding result: 
[[-2.22222307e-02-0.23506139j  1.63273237e-02-0.23616491j
   5.47742301e-03-0.26256524j -4.47120201e-03-0.24569014j
   5.70540398e-03-0.23512323j -5.50025836e-03-0.25021021j
  -1.22642897e-02-0.26112698j -2.17366348e-02-0.28466635j
   4.94031612e-03-0.23105828j  1.99272307e-02-0.23516867j
  -1.17562783e-02-0.26215883j -2.21944973e-02-0.26394857j
  -1.11650229e-02-0.22617479j  6.04832638e-03-0.25012544j
   1.46907369e-02-0.24469878j  1.54348724e-02-0.26212692j]
 [-2.03830408e-03-0.26545613j  7.01701317e-03+0.23662614j
   2.84099384e-02-0.24226958j -3.70727196e-03+0.2325329j
  -2.17678234e-02-0.25525639j  2.18946246e-03+0.24654429j
  -5.87433928e-04-0.25824324j -1.62296823e-02+0.27417728j
  -7.18383195e-03-0.25101762j -6.40554471e-04+0.23225316j
   1.72768151e-02-0.25403708j -1.15710129e-02+0.26262337j
  -8.84084035e-03-0.26664248j -3.92255329e-03+0.23633063j
   1.81864032e-02-0.23915612j -2.43197344e-02+0.23505806j]
 [ 7.82090588e-03-0.24896316j  2.90387769e-02-0.27489476j
   1.87886850e-02+0.22708904j -6.30317823e-03+0.24465025j
  -2.24850264e-02-0.24629731j -1.68531881e-02-0.27894841j
  -1.36682785e-03+0.24686846j  1.35567525e-02+0.23935765j
  -1.40516294e-03-0.23463355j  2.15737814e-02-0.25612121j
  -1.18088287e-04+0.24161725j -1.25283797e-02+0.23226733j
  -1.68575061e-03-0.25215509j  1.76261463e-02-0.28988996j
   5.83403046e-03+0.22826984j  2.88736580e-04+0.24159555j]
 [-1.89646828e-02-0.25685137j -8.36363950e-03+0.25175469j
  -1.20267378e-02+0.24887876j  2.04260899e-02-0.23023996j
  -2.35347193e-02-0.26841985j  3.91441023e-03+0.2326067j
  -1.27839666e-02+0.26696946j -4.07028299e-04-0.25449241j
  -1.39443585e-02-0.25305571j -1.67444582e-02+0.22853795j
  -5.78587850e-03+0.25541476j  7.83027927e-03-0.245101j
  -1.90352677e-02-0.26077793j  1.41678610e-03+0.24747941j
  -2.29105179e-02+0.25050768j  2.63761654e-02-0.23672684j]
 [ 1.52589869e-02-0.2597296j   1.14029612e-02-0.27131723j
   9.57483301e-03-0.22667175j -2.01321035e-03-0.25951564j
   3.84868539e-02+0.25153881j  7.80176663e-03+0.2690785j
  -2.01096137e-02+0.24319908j -2.87508849e-02+0.23246558j
  -3.38898240e-02-0.25844888j -2.63143619e-02-0.27301665j
   1.19302894e-02-0.23240007j -5.45078312e-03-0.23313229j
   1.42867832e-02+0.24358973j  7.06969168e-03+0.25118601j
   4.36633351e-03+0.22881852j  1.68115943e-04+0.24766396j]
 [ 1.67515768e-03-0.24974087j -1.29778826e-02+0.26125903j
  -7.64414183e-03-0.2632828j  -1.03528924e-02+0.24694779j
   1.05129477e-02+0.27765864j -6.50610951e-03-0.25283368j
  -6.50114131e-03+0.24890873j -1.01002795e-02-0.21669339j
  -1.57111248e-02-0.2589407j   1.03639346e-02+0.26659165j
  -1.68183045e-02-0.23712925j  2.04777794e-02+0.22944369j
   2.08778150e-02+0.24872398j -1.21060281e-02-0.24000992j
   7.09020713e-03+0.2579735j  -7.22579624e-03-0.23184317j]
 [-6.93603062e-03-0.24052853j  2.50694993e-02-0.22834851j
  -2.48414071e-02+0.26171163j -4.05256206e-02+0.26877293j
   9.68892081e-03+0.24326313j  6.41904881e-03+0.2482202j
   3.94999765e-03-0.25072533j  1.77396392e-02-0.27102122j
  -1.53076565e-02-0.24791316j  5.99171843e-03-0.24950597j
   6.18324151e-03+0.25046661j -5.21890736e-03+0.27312018j
   2.96895929e-02+0.22314404j  1.85436143e-02+0.22061385j
   8.96714185e-03-0.2451051j   1.40753666e-02-0.25950279j]
 [ 4.18795931e-04-0.25180112j -4.67563638e-02+0.22606273j
  -1.28913532e-02+0.27042123j  2.74301215e-02-0.26171015j
  -7.89511145e-03+0.24757376j  8.89830040e-03-0.25138927j
   1.39646298e-02-0.25674419j -1.98198013e-02+0.25005138j
  -1.17806642e-02-0.24853185j -1.43100417e-02+0.25071079j
  -5.25618928e-03+0.2516283j   6.78439685e-03-0.25385523j
  -3.38672691e-03+0.23575472j  1.18096111e-02-0.21897332j
   5.21395456e-04-0.26534609j -8.57436092e-03+0.24523817j]
 [-1.58283820e-02-0.23469652j  9.43495953e-04-0.24004077j
  -5.74469748e-03-0.25073466j -1.62947838e-02-0.24558948j
  -9.55838422e-03-0.22652895j  2.45485919e-03-0.2421123j
  -7.61583525e-03-0.26086035j -1.70186531e-02-0.2762259j
  -1.85943180e-03+0.22994866j -2.00457354e-03+0.23678533j
   1.27364605e-02+0.25754235j  2.60583898e-02+0.26394157j
   1.42317254e-02+0.23402512j -1.71823316e-02+0.25657431j
  -5.70379480e-03+0.26141087j -1.35763277e-02+0.2709323j ]
 [-4.49275704e-03-0.25859215j  7.07529718e-03+0.23795071j
   6.42392702e-03-0.23750483j  7.09161681e-03+0.24295804j
  -2.75502523e-02-0.25177868j  9.00119036e-03+0.23511934j
   1.16862191e-02-0.25501209j -2.01093689e-02+0.25971283j
   1.33468543e-02+0.25000295j -8.95234700e-03-0.23751152j
  -3.36330513e-03+0.24982149j  8.69454282e-03-0.26163565j
   1.15243530e-02+0.27905743j  7.93467333e-03-0.23864201j
  -2.56188711e-02+0.25245342j  2.04201686e-02-0.24171642j]
 [ 2.69847376e-03-0.24748851j  2.53826144e-02-0.27720901j
   2.24347588e-02+0.22970846j  9.72129015e-03+0.23597675j
  -2.54081001e-02-0.23927224j -1.73182698e-02-0.27016689j
   2.02424561e-03+0.23616845j  4.50525204e-03+0.23853913j
   1.55461291e-02+0.23815614j -2.90671771e-03+0.25531492j
   4.41682360e-03-0.24299574j  3.87492362e-03-0.22062558j
  -3.62988881e-03+0.25600865j -2.54038871e-02+0.29752094j
  -1.58292902e-02-0.23660247j  3.26975143e-03-0.25970286j]
 [-2.79666482e-02-0.26880069j -5.08611970e-03+0.24953142j
  -5.12856414e-03+0.24961256j  7.15549964e-03-0.23239049j
  -2.01060506e-02-0.24522982j  7.89845057e-03+0.22668289j
  -1.04004873e-02+0.2575537j   3.50171111e-03-0.2481937j
   3.48694213e-02+0.26602908j  1.04523287e-02-0.22024571j
   6.48650805e-03-0.26127824j -2.19234006e-03+0.24939286j
   9.77098303e-03+0.25787092j -1.09178962e-03-0.26330926j
   1.28668221e-02-0.25152644j -2.63797442e-02+0.23889639j]
 [-1.17505033e-03-0.25226051j  2.75085281e-03-0.2681183j
   1.32496748e-02-0.2386496j  -5.47789814e-03-0.25443832j
   2.38620860e-02+0.24811767j  7.50101523e-03+0.26038728j
  -1.25561296e-02+0.22022337j -2.65809308e-02+0.22701147j
   4.31607492e-02+0.26434932j  2.53612760e-02+0.27006151j
  -2.48961641e-03+0.24939584j  1.50944084e-02+0.22786912j
  -9.26316057e-03-0.25303241j -1.33135433e-02-0.25900977j
  -2.50722727e-03-0.2274946j   6.29538493e-03-0.26236078j]
 [-1.09178054e-02-0.25127415j  1.60458925e-03+0.25913566j
  -6.28481441e-04-0.25946971j -1.19893939e-03+0.24416262j
   4.13019777e-03+0.26114595j  3.72025681e-03-0.24796173j
   3.11616613e-03+0.2373312j  -4.75735256e-03-0.21240882j
   1.79926331e-02+0.26336746j -2.00587642e-02-0.26176008j
   1.52963779e-02+0.24189622j -3.96432515e-02-0.23154897j
  -2.17403094e-02-0.25527512j  8.68915452e-03+0.26022426j
  -1.02717076e-02-0.26443475j -3.27989974e-03+0.2354657j ]
 [-1.48234757e-02-0.23408273j  1.04797419e-02-0.23387427j
  -1.64691366e-02+0.25442404j -3.84821688e-02+0.27763075j
   6.60637515e-03+0.24014555j -6.07268429e-03+0.23650043j
   5.99136979e-03-0.24115602j  8.75810192e-03-0.25234393j
   1.55111369e-02+0.24297588j -8.97453742e-05+0.25485945j
  -1.70237933e-02-0.25478839j -6.99837741e-03-0.28192185j
  -3.48123159e-02-0.23930501j -1.97109334e-02-0.22439494j
  -1.73590344e-02+0.25296303j -1.58193769e-02+0.26126141j]
 [ 3.89998854e-03-0.23578006j -3.36247959e-02+0.22532057j
  -1.02638134e-02+0.26410826j  1.90009918e-02-0.26046145j
  -5.27471864e-03+0.24620255j  1.52336020e-02-0.24231092j
   1.55845887e-02-0.25125402j -2.24940839e-02+0.2399642j
   1.35350065e-03+0.24531612j  7.31284187e-03-0.25718796j
  -1.13852228e-02-0.25158435j  3.53551710e-03+0.25158076j
  -1.02908596e-02-0.25303912j -1.60970482e-02+0.22415967j
  -1.45782309e-02+0.28053826j  1.84421231e-02-0.2576355j ]]
Final objective value: 
0.003634863349867734
Final objective value with norm: 
0.003634863349867734
Final penalty of max controllers: 
0.0
Infinity norm of continuous and binary controllers
0.011541567651808419
