Rounding result: 
[[-0.04189164+2.57108058e-01j  0.13812674+1.09077774e-01j
   0.04740138+2.71731852e-01j -0.23114305+1.04699645e-01j
   0.08267114+2.26568585e-01j  0.12193227+2.44212569e-01j
  -0.4981553 -9.42103435e-02j -0.18102193+1.02609086e-01j
   0.04523785+1.83149249e-01j  0.00439045-6.40424593e-02j
   0.03130985+1.92723892e-01j  0.17675482-3.59072498e-03j
  -0.14145671+2.93837252e-01j  0.09525503+1.80339004e-01j
  -0.09781709-1.92257839e-01j -0.15483963-1.18761973e-02j]
 [-0.19925501-1.18589877e-01j  0.2898093 +3.46365839e-01j
  -0.06633042+7.39119129e-02j -0.01083674-1.02735185e-01j
   0.11405685+3.61489380e-02j -0.09022263-1.82349718e-01j
   0.15826162+1.50148902e-01j -0.60662771-5.14256070e-03j
   0.06708728-1.02798237e-01j -0.24212662+6.91950079e-02j
   0.13558114-3.94897874e-02j  0.13662012+2.21841697e-01j
   0.20086488+3.54592861e-02j  0.05766917-4.68137179e-02j
   0.06987157+1.50062054e-01j -0.09707206-1.30888396e-02j]
 [-0.04076144-5.20229481e-02j  0.13888641-9.18160683e-02j
  -0.13015071-1.77532822e-01j -0.44106445+1.10583597e-02j
   0.13507763-4.49047964e-02j  0.07147111-4.48033210e-02j
  -0.13274213-1.08395637e-01j -0.14117024-2.42911187e-02j
  -0.12754445-1.11588416e-01j -0.08908699-2.73045174e-01j
  -0.16467011-1.83968840e-02j -0.23506207+2.93028349e-02j
  -0.11080464-2.16554548e-01j  0.03180703-1.25360190e-01j
  -0.34074003+1.33981076e-01j  0.12445685+4.76766550e-01j]
 [-0.14886948-1.10190242e-01j -0.06835508-6.40016938e-02j
   0.01025137+4.34270077e-01j -0.1986988 -2.69365899e-01j
  -0.00558648-1.96423594e-01j  0.07698214-9.98363581e-02j
  -0.02225629+1.29254657e-01j  0.17068901-1.48727116e-01j
  -0.41582212+2.78711490e-02j  0.15743144-1.28293927e-01j
   0.18628478-1.70271854e-01j  0.23553828-8.89400930e-02j
   0.03802215+6.13450230e-02j  0.29059194+1.47046658e-01j
   0.12262299+2.28238850e-01j  0.06818109+9.03531007e-02j]
 [ 0.24501088-4.42903333e-02j -0.19749107+6.59160812e-02j
   0.19255381+1.21571341e-01j  0.17472933-1.09869037e-01j
  -0.22589256-5.26796757e-01j  0.07051298-6.26000611e-02j
  -0.13448514-2.29325789e-01j -0.2836373 +1.50181809e-01j
  -0.11061588-8.82077226e-02j -0.25561774-9.05877919e-02j
   0.16143676-1.20360193e-01j -0.04050339-9.93687054e-02j
  -0.11635094+1.39411166e-01j -0.23981457-8.90847981e-03j
  -0.09815164-1.67603716e-01j -0.05658671+1.09414642e-01j]
 [-0.1557551 -4.74334595e-02j  0.01715572-7.94457559e-03j
  -0.18399842-1.26613190e-01j  0.19919165-4.10209862e-02j
  -0.07401648+8.16630316e-02j  0.284679  +2.90025043e-01j
   0.17612117+1.03998133e-01j -0.0412729 +6.19679077e-02j
  -0.15554177+2.06724375e-01j  0.01534514-3.19704823e-01j
  -0.20588207+2.52973205e-02j  0.25051025-1.16013587e-01j
   0.23836449+2.78093659e-01j -0.37740903-1.11249984e-01j
   0.09957527+4.32339621e-02j  0.01240764+2.60157532e-01j]
 [-0.04920539-2.31715296e-01j  0.24099963+1.17485762e-02j
  -0.2568665 +4.32076162e-01j  0.01827506+1.32923526e-01j
  -0.28332358+1.07891358e-01j  0.12436375-2.19769976e-01j
  -0.06504176+1.47264888e-01j  0.0600683 +5.97343164e-02j
   0.3053994 -7.89494599e-02j  0.14443309-1.30216967e-01j
  -0.02615764-1.47851454e-01j -0.1407317 -2.28219220e-01j
  -0.26505478-8.65650123e-02j -0.18902856-2.23798377e-01j
   0.05754772-1.57818634e-02j -0.16430565-1.86633147e-02j]
 [ 0.01313317-1.66115129e-01j -0.00260877+8.13487156e-02j
   0.10391047+8.49281488e-02j  0.01957204+1.56814160e-01j
  -0.04036898+1.54752598e-02j  0.44133624+9.49642510e-02j
   0.27719752-1.50652369e-01j -0.09797059+7.61052791e-02j
  -0.14148477-3.22197193e-01j -0.06926338+1.11598159e-01j
  -0.44548357+6.47588362e-02j  0.05294443-1.54935598e-01j
  -0.10043911+8.06687627e-02j  0.33582058+3.28847618e-02j
  -0.16055132+4.22938618e-02j  0.03970159-2.68147365e-01j]
 [-0.03153092+1.06715685e-01j -0.03528712-1.75608430e-01j
  -0.15456857+8.52802653e-02j  0.26405274-2.38879275e-02j
   0.11931497-1.57748546e-01j -0.1046525 -9.52359275e-02j
   0.02314836+1.10663224e-02j -0.17745077-1.38737933e-01j
   0.09562788+4.08161484e-01j  0.0434417 +3.23079243e-01j
  -0.36893012-1.90564875e-01j -0.09457355-1.16943859e-01j
  -0.1166414 +9.61697206e-02j  0.10695777+2.11528397e-01j
  -0.18714774+2.20209776e-01j -0.25106496+2.02229652e-01j]
 [-0.2460053 -6.89069294e-02j  0.24215794-1.72403486e-01j
   0.00923608-8.01435386e-02j  0.00847617-2.31833678e-01j
  -0.06819149-3.08435765e-01j -0.103738  +3.81273779e-01j
  -0.17322176+1.69558761e-01j  0.14067781-9.76041435e-02j
   0.09709325-5.97408549e-02j -0.40653541-9.70726875e-02j
  -0.06486932+2.22709014e-01j -0.17564407-1.62569243e-01j
  -0.00860054-4.47876750e-02j  0.0802379 -1.27185603e-02j
   0.08671051+1.49276000e-01j -0.21402909-2.42875792e-01j]
 [-0.1493599 +6.09138545e-02j  0.02572601+1.36085676e-01j
  -0.18770873-5.74675608e-02j  0.23688588+3.35953014e-01j
  -0.31384331-1.36379560e-02j -0.29076091-1.41318777e-02j
   0.15636799-6.65546696e-04j  0.0560965 -5.23698683e-02j
  -0.05520974-1.05115208e-01j -0.10065116-1.09333660e-01j
   0.18218605+2.52715290e-01j  0.10920071-2.29272409e-01j
  -0.03735675-2.31738144e-02j  0.36307376+1.75433163e-01j
  -0.08111918-1.91464811e-01j -0.00349717+3.57777912e-01j]
 [ 0.26311721+5.91456423e-02j -0.0167665 -9.46376486e-03j
   0.10335465-2.51063128e-02j  0.08243421+3.15552002e-02j
  -0.06722659+2.43086287e-01j  0.01451112-5.23947837e-02j
  -0.24123102-2.61511780e-01j  0.12787714-2.00594530e-01j
   0.11637877-2.04794838e-01j -0.32102138+4.15851473e-02j
  -0.12545584-1.18536562e-01j  0.38809085-4.52752847e-02j
   0.00477525-1.34965949e-01j  0.01033516-6.44808750e-02j
   0.30460533+3.51251003e-01j -0.14655237+2.34932345e-01j]
 [-0.2652846 -1.44265606e-01j -0.22231152-3.90368506e-02j
   0.21303774+6.06636551e-02j  0.32354347-1.14932212e-01j
   0.02582582+7.02048204e-02j  0.18892455+2.09590819e-02j
  -0.14644129+1.89480307e-01j -0.03759619+1.67990416e-01j
   0.02697782+1.80969200e-01j -0.07201352-7.54043911e-02j
  -0.06818015+5.63705709e-02j  0.19743496+2.90979765e-01j
  -0.19575976-5.20565624e-01j  0.14125779-9.08106272e-02j
  -0.08317466-1.76650154e-01j -0.01096872+1.03057969e-01j]
 [ 0.0824723 +1.80324296e-02j -0.11057491-9.01966908e-02j
  -0.30728199-1.73763794e-01j  0.03230202-1.40627795e-01j
   0.12850165+9.83322048e-02j  0.03247647-1.72811863e-01j
   0.00094993-5.94622965e-04j  0.06732667+3.28150290e-01j
  -0.00267717+1.88105464e-02j -0.23528261-2.59484057e-01j
  -0.06449661-2.59957369e-01j -0.17439803+1.44732953e-01j
  -0.13538051+2.75317796e-01j  0.38296785-5.45494465e-03j
   0.34516855-2.01073196e-01j -0.1035184 -2.23016670e-02j]
 [ 0.19383373-4.56910091e-01j  0.19862755-5.17709190e-01j
   0.0665019 -7.70956092e-02j -0.10240146-9.96092410e-02j
  -0.10974903+9.17778347e-02j -0.0319392 -8.21812348e-02j
   0.17295316-1.49318349e-01j -0.11324243-1.28272052e-01j
   0.16127714+2.35527905e-01j -0.06262648-4.85642280e-03j
   0.15527867+1.77141071e-01j  0.27202944+6.95241259e-02j
  -0.11490884+1.75757377e-01j  0.08576691+1.71908523e-04j
  -0.10468461-1.28808282e-01j  0.08055298-2.09784745e-02j]
 [-0.31523673-2.16555472e-01j  0.2434884 +2.04836776e-01j
   0.1648477 -7.57096866e-02j  0.06846469+1.63135190e-01j
   0.16284142-2.32827904e-01j  0.26204226+1.10192885e-01j
  -0.00750585-3.01294854e-01j  0.24940981-9.96187064e-02j
   0.23991502+7.39015277e-02j  0.04487595+1.74122023e-01j
   0.1491048 -1.77909593e-01j -0.12511487+1.68474792e-01j
  -0.0838729 +1.62852557e-01j  0.04109188+6.65420332e-02j
   0.2083586 -5.35754514e-02j  0.14180233+2.53851676e-01j]]
Final objective value: 
0.9330037121305764
Final objective value with norm: 
0.9330037121305764
Final penalty of max controllers: 
0.0
Infinity norm of continuous and binary controllers
6.018785532375948
