Rounding result: 
[[-2.73871050e-01-0.24926989j  1.86510318e-01-0.0758575j
   5.20050552e-02-0.39593457j  2.27852118e-01-0.31833098j
  -2.84661028e-01+0.18908199j  3.28961896e-02-0.17708871j
   1.45424924e-01-0.06003782j  9.92245910e-02+0.03720057j
  -1.88339746e-01-0.21983625j  1.14596150e-01-0.04060675j
  -9.36884101e-02-0.19496935j -6.40937731e-03-0.2117728j
   1.51277602e-01+0.26142448j -9.12888851e-02-0.02758798j
   1.13043912e-01+0.02125986j  9.28880387e-02+0.10930726j]
 [-2.76802838e-02-0.14823437j -1.82711113e-01+0.39867069j
  -2.92683363e-01-0.09902754j  3.25018307e-01-0.08743483j
   9.16957945e-02-0.07665633j  1.18519155e-01+0.40177427j
  -4.47513129e-02-0.1161464j   1.17370762e-01-0.14433979j
  -1.19623402e-01-0.05108387j -4.90996942e-02+0.1960469j
  -1.25608616e-01+0.03945166j  3.13069142e-01-0.12162721j
   2.20026637e-01-0.16905738j  7.55358613e-02+0.12159811j
  -1.00407481e-02-0.10348916j -1.48696948e-01-0.13424359j]
 [ 3.97949957e-03-0.13882168j  1.45792257e-01-0.20199427j
  -2.97084767e-01+0.15797187j  4.27121988e-01+0.22082336j
   8.88493957e-02-0.20645436j -1.03798276e-01-0.25142564j
  -8.25229727e-02-0.04074906j  7.53576714e-02+0.34902186j
  -8.06236263e-02+0.00768244j  9.52513493e-02-0.08202431j
  -9.86098373e-02+0.19086255j  6.04528429e-02+0.04538636j
   8.38533273e-02-0.29109856j -1.80637554e-01-0.0469369j
  -2.73456783e-03-0.10609539j  1.93682483e-01+0.25331138j]
 [ 5.69160414e-01-0.03063539j  7.27139606e-02-0.12662329j
   7.44225958e-02-0.15395089j  8.85464266e-04-0.417518j
   4.10440361e-01-0.25180579j -1.83311871e-02-0.07404651j
   4.83448624e-02+0.0196557j   8.96079082e-02-0.07469833j
   2.32641493e-01-0.07916861j  2.47986124e-02-0.10126889j
  -5.24727822e-02-0.05541778j -1.01539139e-01-0.21160018j
   1.97687388e-01-0.07188002j  3.38714910e-02+0.05633588j
   9.67030830e-02+0.03164365j  7.13153450e-02+0.00631825j]
 [ 2.60193575e-01-0.34498447j -1.53800014e-01-0.18194168j
  -2.17737503e-01-0.04245852j -7.23898239e-02+0.02201765j
   3.38500285e-02+0.57036916j  2.60656255e-01+0.03044013j
  -8.11832951e-02+0.24619274j -1.26253027e-01+0.14294334j
   6.53494593e-02-0.00547848j  1.35499326e-02-0.04921723j
   4.93262921e-02-0.01739439j  1.49259212e-01-0.17759778j
  -2.67782838e-01-0.12164914j -2.73751062e-02+0.13444788j
  -5.99002625e-02-0.05684218j  1.42318733e-01-0.08254798j]
 [-3.67686163e-03-0.05339062j  1.60295959e-01-0.10582122j
   1.04004657e-02+0.22552413j  2.55001016e-01-0.00123934j
   2.00708504e-01+0.12270283j  2.55939333e-02+0.0681726j
   1.99007134e-01-0.21618593j -3.78332913e-01-0.54626181j
  -7.02836197e-02-0.25594255j -9.49701074e-02-0.06052672j
  -1.11423200e-01-0.04254892j -4.75920146e-03+0.23209273j
  -1.92907735e-01-0.01389869j -1.28434592e-01+0.00876389j
   9.50667955e-02+0.01322844j  2.03196149e-01-0.00128913j]
 [ 6.36329533e-02-0.01111837j -2.67014906e-01+0.00152026j
   9.78307292e-02-0.16361179j  2.64926842e-01+0.24304946j
  -1.02948280e-01-0.10877787j  3.10589731e-01-0.32847895j
  -3.30673476e-01+0.02631987j -1.36071835e-02-0.36981654j
  -1.11305579e-01+0.25117309j -2.48725850e-02-0.14037073j
   4.70792519e-02+0.02989188j -2.92328605e-01-0.07571231j
   1.14897792e-01+0.09043429j  6.71426572e-02+0.10951571j
  -8.49434566e-03-0.13211066j  1.26771676e-01-0.15352723j]
 [ 3.78198373e-01-0.08404594j  1.70287213e-02+0.28248525j
   1.25328108e-01+0.06953381j  2.66244341e-02-0.04994631j
  -1.31087434e-02+0.28423123j -2.84177347e-01-0.2138412j
  -1.73619224e-01-0.35743342j  1.91355547e-01+0.05796607j
  -3.54435646e-01-0.04502566j  7.84039694e-03+0.08224133j
  -8.84279227e-02+0.09004699j -1.39558179e-01+0.04307359j
  -2.78436842e-01-0.00471924j  1.62162859e-01-0.10621874j
   9.52313560e-02-0.11430414j -1.75904677e-01+0.02834005j]
 [-1.29176729e-01-0.14963803j -2.78751398e-02-0.1516253j
   9.78937297e-02-0.16479451j  3.47244875e-02-0.07772673j
   4.31938756e-02+0.14767023j  1.75755436e-01-0.1087867j
  -8.59215763e-02-0.303907j    1.28163264e-01-0.02707145j
   3.15983900e-01-0.0031439j  -1.31047563e-01+0.225692j
   3.69379725e-02+0.45885044j -6.68193881e-02+0.21508922j
   2.67044802e-02-0.07848703j -6.04219207e-02+0.2310497j
  -3.98722673e-02+0.39209132j -2.09427177e-01+0.12717656j]
 [ 3.57304110e-02-0.04546735j -1.03167893e-01+0.18246484j
  -1.49498304e-01+0.04690888j  5.03362934e-02-0.15495576j
   9.03600167e-03-0.00136277j  2.15271852e-01+0.14706785j
  -2.94559447e-02-0.1503783j  -5.25066064e-03+0.17425958j
  -6.26674841e-02+0.06770361j -2.32006218e-02-0.6086036j
   3.20388637e-01-0.06217083j -9.89912985e-02+0.21427488j
   9.00978859e-03+0.03519225j -2.71873765e-01-0.13958301j
   2.59393953e-01+0.18695972j -2.01855348e-01-0.0177837j ]
 [ 6.20975438e-02-0.07027419j  1.44078766e-01-0.33479118j
  -1.72035933e-01+0.15880366j  1.82818717e-01+0.02278383j
  -4.19302806e-02+0.00542863j -5.12797704e-03+0.15952583j
   8.79886237e-03-0.02679655j  1.39526545e-02+0.0731796j
  -3.84689056e-02+0.1604588j   1.57638523e-02+0.46503559j
   2.60742402e-01-0.30744823j -3.58987682e-01+0.0081436j
   5.41608184e-02+0.02615118j -2.24361353e-02+0.06188081j
   2.95380927e-01-0.02091138j -2.37538832e-01-0.22079925j]
 [ 2.51420087e-01+0.04089899j -1.02304936e-01-0.08648208j
  -2.22810679e-01-0.04379404j -4.58192007e-02-0.1116426j
  -3.36210866e-02-0.13778439j  1.22160348e-01-0.12814199j
   3.89786187e-01+0.16818018j  6.39969212e-02-0.10743528j
  -4.70076555e-01+0.20205749j -1.22896678e-02+0.12785373j
   1.43945373e-01+0.04895242j  1.42819359e-01+0.2458921j
  -4.88779310e-02+0.19297764j  2.78223340e-02+0.17721031j
  -2.13556105e-01+0.1503174j  -5.61109520e-02+0.27981936j]
 [ 6.74914841e-02-0.10073333j -1.50915149e-01-0.04350573j
   1.89671877e-01+0.39653572j -7.64285837e-03-0.09248827j
  -5.98125292e-02+0.1828246j   1.23804773e-01+0.06258118j
  -5.85634821e-02+0.27675432j  1.26368536e-02+0.01703139j
  -1.74194729e-01-0.18241189j -1.95425758e-01+0.11030858j
  -2.09369160e-04+0.23576364j -5.29599731e-02+0.04513395j
   5.05640661e-01+0.04651604j  1.27648014e-01-0.34829717j
   1.30527164e-01+0.10458423j  1.23184382e-01+0.09533131j]
 [-5.20418759e-02-0.05390911j -1.11887329e-01-0.25541986j
   1.26710382e-01+0.03771177j  6.46594107e-02+0.08967846j
   1.44990861e-02+0.08857291j -2.21284846e-01+0.0073238j
   1.16762649e-01-0.12750092j -1.57443613e-01-0.14165182j
  -2.44644855e-02-0.04600597j -1.54173984e-01-0.22030457j
   3.44482600e-01+0.01409237j  7.75348863e-02-0.35190083j
   1.59232406e-01-0.12137773j  9.20220291e-02+0.02443229j
  -2.06995592e-01-0.24748818j -4.48944657e-01+0.27672007j]
 [ 1.10272458e-02+0.03925502j -2.30259659e-01-0.17158455j
  -1.13432183e-01+0.04136408j -4.04935026e-02-0.02771181j
   7.50654118e-03-0.08627083j -8.21592987e-02-0.22168161j
  -2.28594430e-01+0.04647166j  2.56936089e-02-0.2085786j
  -4.32942332e-02+0.01160156j -5.13483506e-02+0.12963591j
  -2.18484737e-01-0.17985826j  2.51077630e-01-0.20497867j
  -1.24984836e-01-0.01268737j -4.03178252e-01-0.39927354j
  -2.33193174e-02+0.33748957j -2.68713930e-01-0.07695914j]
 [ 9.11046900e-02-0.07562838j  9.79315116e-02+0.16047304j
   1.23238855e-02+0.2290247j  -1.32733868e-01+0.03968539j
  -7.72423649e-03+0.05545419j -6.75224491e-02-0.10502187j
  -2.16531760e-01-0.10783448j -8.29048204e-04-0.00309037j
  -7.00530603e-02-0.28950652j  2.44138229e-01+0.03881175j
   2.03344738e-01-0.21900801j -3.30140190e-02+0.0648341j
   3.26375744e-01+0.03542203j -2.98590724e-01+0.3115099j
  -4.71876294e-01+0.12654595j  5.47635334e-02-0.14664031j]]
Final objective value: 
0.6816190339201853
Final objective value with norm: 
0.6816190339201853
Final penalty of max controllers: 
0.0
Infinity norm of continuous and binary controllers
0.2917593951515789
