Rounding result: 
[[ 1.43033450e-03-0.26106996j -1.27047992e-02-0.24780997j
   1.44496907e-02-0.25322109j  1.37002657e-03-0.25325031j
   1.01324532e-02-0.25874314j -4.30213306e-04-0.24557342j
   1.19569932e-02-0.25427167j  1.53855345e-02-0.243684j
  -2.36028753e-02-0.26238213j -3.31932521e-02-0.24389467j
  -1.00995154e-02-0.25179995j -2.76760395e-02-0.24510264j
  -7.70212974e-03-0.24478056j -2.15372243e-02-0.23490814j
  -1.04213563e-02-0.24500959j  6.72021865e-06-0.24481401j]
 [ 5.10701491e-03-0.24179469j  5.56176954e-03+0.26276146j
   9.21907212e-03-0.25515486j  3.49929643e-04+0.25772662j
   5.74159929e-03-0.24841113j -9.63574707e-03+0.25644528j
   1.15743517e-02-0.24540218j  3.63009943e-03+0.25338329j
  -1.98086270e-02-0.24185363j  2.54926370e-02+0.25973907j
  -1.77560501e-02-0.24668668j  3.32437636e-02+0.24723801j
  -1.36803355e-02-0.23818592j  1.78667592e-02+0.245996j
  -2.44312293e-03-0.24428421j  1.56566511e-02+0.24611387j]
 [-7.40700375e-03-0.25549773j -1.24023144e-02-0.25626578j
  -7.47071628e-03+0.25078067j  2.13107016e-03+0.2569065j
  -2.89126168e-04-0.2496802j   2.66819131e-03-0.24725423j
  -1.66808127e-02+0.24537996j -3.53659223e-03+0.26041237j
  -2.11600131e-02-0.25030279j -3.37560416e-02-0.25183977j
   1.58546598e-02+0.23736275j  1.73086590e-02+0.24683118j
  -2.80666414e-02-0.23951967j -1.96643401e-02-0.2367349j
   2.62027623e-03+0.24778731j  2.65311330e-02+0.25673454j]
 [ 3.27183478e-03-0.25332183j  5.28261096e-03+0.25552543j
  -5.41635905e-03+0.25899708j  4.20215349e-03-0.24391172j
   2.39971734e-02-0.25066185j -1.05270619e-02+0.24920744j
  -1.64779736e-02+0.25452484j  1.18069473e-02-0.25227093j
  -9.23679130e-03-0.25094744j  2.22989317e-02+0.24925011j
   1.45869982e-02+0.24616728j -1.46363141e-02-0.23960659j
  -9.69807165e-03-0.24442463j  1.77036688e-02+0.24286142j
   1.00564309e-02+0.25762344j -1.46703533e-02-0.24388886j]
 [-1.94353727e-02-0.25478238j -1.01373072e-02-0.24013301j
  -5.58560705e-03-0.2450533j  -2.28009945e-02-0.2435704j
   5.61482259e-03+0.25907447j -3.08282653e-03+0.25224274j
  -8.81808788e-03+0.24177223j  1.37930271e-03+0.24188959j
   4.93232584e-03-0.25304699j  9.45295345e-03-0.23840567j
   1.98874715e-02-0.25013751j  1.03888396e-02-0.24698059j
  -1.09271811e-02+0.27031745j -2.32666082e-02+0.2604583j
  -2.32521906e-02+0.24719073j -9.20617149e-03+0.24663121j]
 [-1.44679011e-02-0.25018436j  2.39536280e-02+0.24561007j
  -1.68113027e-02-0.23876391j  2.13153210e-02+0.24927188j
   1.18923093e-02+0.25129964j -2.24515260e-03-0.2554581j
   5.68421281e-03+0.23830448j -9.02660957e-03-0.25157065j
   1.21467354e-02-0.24836694j  2.45510691e-03+0.24793059j
   8.01876171e-03-0.2398444j  -6.85318190e-03+0.25946707j
  -3.97171747e-03+0.26232835j  1.91344296e-02-0.26281845j
  -9.74958159e-03+0.24218823j  2.58628421e-03-0.24974744j]
 [-1.44256471e-02-0.24257987j -3.18708993e-02-0.24022061j
   1.81546463e-02+0.2479806j   2.67274399e-02+0.24640042j
   2.03678937e-02+0.24022584j  2.84650482e-02+0.2484118j
  -6.72361931e-03-0.26356789j -3.17060541e-02-0.24439145j
  -5.98145660e-03-0.24289415j -1.71111005e-02-0.24353428j
  -5.87533456e-03+0.26372003j  1.40616385e-02+0.25221653j
  -1.10365446e-02+0.24942375j  4.83789826e-03+0.25445804j
   1.07866865e-02-0.25778664j -5.41705549e-03-0.24970245j]
 [-1.56167594e-02-0.23860143j  1.80023167e-02+0.24829404j
   1.58583355e-03+0.25023579j -3.27738570e-02-0.24765513j
   5.88140893e-03+0.24074418j -1.40396905e-02-0.2459155j
  -7.77879256e-04-0.25369125j  2.18492154e-02+0.25000396j
   9.76043731e-04-0.2432368j  -4.79208856e-03+0.25272046j
  -1.82383541e-02+0.25893411j -1.46198955e-02-0.25352483j
  -1.67170234e-02+0.24593054j  6.08375489e-03-0.25323936j
   2.26816716e-02-0.25263162j -2.36618607e-03+0.25617502j]
 [ 2.26626594e-02-0.24782888j  6.27689560e-03-0.23623144j
   2.62296657e-02-0.25290252j  2.12305943e-02-0.24807067j
   1.66716635e-02-0.26069534j  4.26733863e-03-0.24405387j
   2.45353540e-02-0.24481151j  2.05055577e-02-0.2372762j
  -1.16291969e-03+0.26349104j  1.40893928e-02+0.24412456j
  -1.52378191e-02+0.25779255j -4.78106858e-03+0.250432j
   6.66759984e-03+0.25575356j  1.98157736e-02+0.24737805j
   7.18226747e-03+0.25102265j  8.06263833e-03+0.24836494j]
 [ 2.35967606e-02-0.23434051j -9.71046590e-03+0.25090876j
   2.02960372e-02-0.24725778j -1.85616004e-02+0.25451153j
   1.26611677e-02-0.24351096j -2.02959037e-02+0.25782345j
   2.89245738e-02-0.23763666j -1.70033926e-03+0.24342276j
  -2.73097138e-03+0.24605975j -4.42481024e-03-0.25620897j
  -5.26237708e-03+0.25067907j -3.65418287e-03-0.26150129j
   9.90150783e-03+0.24468894j -1.24796828e-02-0.26462047j
   2.40330179e-04+0.24986602j -2.10328383e-02-0.24778171j]
 [ 1.56885249e-02-0.25061106j  1.54452265e-02-0.24815131j
  -3.16153739e-02+0.24588939j -1.89778434e-02+0.25994284j
   2.12745446e-03-0.24251834j -3.14716340e-03-0.243475j
  -1.78292241e-02+0.23943983j -6.91454540e-03+0.24182792j
   1.28257261e-02+0.25572707j  1.52069388e-02+0.25666592j
   5.25833532e-03-0.24526742j -2.33098386e-03-0.26237834j
   1.21920117e-02+0.24975366j  1.34407510e-02+0.24677147j
   1.83706220e-03-0.25057304j -1.87006507e-02-0.25299784j]
 [ 2.79837534e-02-0.24627517j -2.97168140e-02+0.24610122j
  -2.84068798e-02+0.2569365j   2.29211293e-02-0.24544242j
   2.68021550e-02-0.24598298j -3.01634132e-03+0.24745184j
  -1.94149582e-02+0.24283252j  1.66441934e-02-0.23975408j
  -5.33305195e-03+0.25278993j -2.21531633e-03-0.25395775j
   4.69788863e-03-0.25781015j -3.48074167e-03+0.24871433j
  -4.90955286e-03+0.25061601j -1.42089049e-02-0.24952115j
  -1.14798303e-03-0.25727806j  7.11015380e-03+0.24824582j]
 [-4.01875227e-03-0.26575953j  1.13754399e-02-0.25031582j
   1.66403718e-02-0.24365364j  9.74026064e-04-0.24830955j
   6.34519164e-03+0.25618291j  2.50657392e-03+0.2514382j
  -2.54620499e-05+0.25266244j  6.44757634e-03+0.24952431j
  -1.53657464e-02+0.25204056j -2.85059223e-02+0.24125163j
  -3.18097465e-02+0.24283384j -1.92073959e-02+0.24173306j
   1.70766653e-02-0.26046848j  2.07856210e-02-0.24827417j
   2.47622674e-02-0.24080158j  1.41789017e-02-0.24425294j]
 [-2.84255586e-03-0.25764661j -9.23483319e-04+0.25589419j
   4.15983200e-03-0.24194828j  4.75647876e-03+0.24838718j
   1.04509469e-02+0.25524556j -1.08730535e-02-0.25413908j
   1.16670930e-02+0.24338828j -1.14644242e-02-0.25774576j
  -2.08982944e-02+0.24557691j  1.50393048e-02-0.25399263j
  -1.36240564e-02+0.23664355j  1.47521081e-02-0.24848099j
   7.24956943e-03-0.25640257j -1.67798799e-02+0.24788591j
   1.70220313e-02-0.23930168j -1.21934608e-02+0.25118264j]
 [-5.81268209e-03-0.24330959j -2.28863182e-02-0.25072157j
   9.10842199e-03+0.25006775j  8.91467032e-03+0.24271026j
   1.27149217e-02+0.24780377j  2.11267375e-02+0.24652013j
  -1.32648222e-03-0.26907051j -3.44984148e-02-0.25874679j
  -1.60428037e-02+0.24039944j -3.48873611e-03+0.24788819j
   1.79361419e-02-0.25329126j  1.09507553e-02-0.2410089j
   2.26602397e-03-0.24415988j -6.22131500e-03-0.24583415j
  -1.39071732e-02+0.25708348j  1.32808746e-02+0.25239249j]
 [-6.28218182e-03-0.24761575j  1.07437588e-02+0.25478504j
  -8.45543873e-03+0.25147378j -1.36911246e-02-0.24349622j
   4.32438580e-03+0.24215896j -6.92518473e-03-0.24938698j
   3.81792450e-03-0.26384245j  2.50479214e-02+0.26279861j
  -2.19992529e-02+0.24280088j  2.44147769e-02-0.2456481j
   3.23988890e-02-0.24996573j -7.54226745e-03+0.24580243j
   1.01627622e-02-0.23570028j -3.76837036e-04+0.24790055j
  -2.00111585e-02+0.25235487j -4.25922554e-03-0.25497145j]]
Final objective value: 
0.0022548999582148177
Final objective value with norm: 
0.0022548999582148177
Final penalty of max controllers: 
0.0
Infinity norm of continuous and binary controllers
0.010348384319226751
