Rounding result: 
[[-5.81709036e-04-0.24988555j -2.00689768e-04-0.24987061j
   2.05893869e-04-0.24915558j -1.23190944e-04-0.25001155j
  -1.11092862e-03-0.25148315j -8.72013015e-04-0.25039661j
  -5.23449771e-04-0.25014459j -3.16713288e-04-0.25064891j
  -8.00986594e-04-0.24988343j -2.86106625e-04-0.24918144j
  -4.70910303e-04-0.24862691j -1.94232879e-04-0.24944487j
  -3.75660965e-04-0.25118162j  1.99840499e-04-0.25028529j
   7.14604661e-04-0.24972969j  2.65912745e-04-0.25004516j]
 [-4.02499923e-04-0.24955829j -4.67549065e-04+0.24928968j
  -6.61757199e-04-0.24994245j  4.34495026e-04+0.25019421j
  -1.09277283e-03-0.25062174j  3.93652367e-04+0.25094441j
  -5.98827070e-04-0.25065976j  1.38411805e-03+0.25022429j
  -6.85112742e-04-0.24917028j -3.64412754e-04+0.24869262j
  -2.93661849e-04-0.24934792j  8.61768630e-04+0.24945387j
   4.35851277e-04-0.25008911j -9.61602144e-04+0.25076074j
  -1.85597491e-04-0.25049068j  7.87369374e-04+0.25053081j]
 [-1.41730608e-03-0.25006857j -1.19218789e-03-0.24940539j
   6.75384975e-04+0.25027416j  6.06985431e-04+0.25029228j
  -1.49975108e-03-0.25002421j  1.08514183e-04-0.25048445j
   2.70286872e-04+0.25078964j  2.33566906e-04+0.25059761j
  -1.19313325e-03-0.24857521j  1.98826975e-04-0.24894573j
  -1.09020748e-04+0.2497107j   7.00616742e-04+0.25002405j
  -7.31313148e-04-0.25050181j -7.11299327e-05-0.24979028j
  -2.12685822e-04+0.25044698j  6.33284117e-05+0.25003962j]
 [-9.11261910e-04-0.24917447j -9.88936598e-05+0.25024674j
   4.86310815e-04+0.25053592j -8.08947642e-04-0.2494093j
  -2.55640036e-04-0.25052189j -1.13181472e-04+0.25107669j
   1.04281851e-03+0.24969664j -5.18159146e-04-0.2504209j
   6.98220930e-04-0.24913769j -4.78165480e-04+0.25033032j
   7.22543420e-04+0.24930745j -6.63749596e-04-0.24869894j
  -6.35870877e-04-0.25008424j -6.52334378e-04+0.25027657j
   2.87242929e-04+0.25111741j -9.51531287e-05-0.24993841j]
 [ 1.20236359e-04-0.25047415j  9.83026414e-04-0.25011081j
   2.66493887e-04-0.2507794j   5.25463621e-04-0.25042921j
  -2.77510100e-04+0.24932785j -7.63653669e-04+0.24964565j
  -5.29261999e-04+0.24990707j -1.18851145e-04+0.24910293j
  -7.99892420e-06-0.25063825j  1.02216933e-03-0.25093982j
   5.37272398e-04-0.25019248j  6.34803311e-04-0.25034862j
  -3.84728216e-04+0.24880656j -8.53705748e-04+0.2493378j
  -8.15981512e-04+0.25060973j -7.68991265e-04+0.24932424j]
 [ 9.19383165e-05-0.24976479j -1.00430949e-03+0.25051142j
   1.09048893e-03-0.25119208j -1.39871173e-04+0.24986845j
  -2.70104772e-04+0.24878231j  1.35031043e-03-0.24922832j
  -3.08795261e-04+0.24980893j -3.22464716e-04-0.25042367j
   3.34330675e-04-0.25016354j -1.96376423e-03+0.25044715j
   1.11520622e-04-0.25119405j -3.86570228e-05+0.25117341j
   2.53216346e-04+0.24873553j  1.13087442e-03-0.24988842j
  -1.16653837e-03+0.24959398j  5.70054503e-04-0.24918225j]
 [-6.68081137e-04-0.25037543j  4.40652851e-04-0.25021834j
  -2.79756402e-04+0.2498159j   9.29129939e-04+0.25025216j
   5.05016006e-04+0.25033698j -3.94622155e-04+0.24933038j
   6.16319637e-05-0.24968135j -3.73210271e-04-0.24960765j
  -4.06117095e-04-0.25097483j  8.02212986e-05-0.25041991j
  -7.30252693e-05+0.25055999j  5.80276366e-04+0.25006428j
   6.31204140e-04+0.24993078j -1.15355293e-03+0.24910298j
   8.98115291e-04-0.24896335j  2.26975251e-04-0.25034611j]
 [ 5.05809126e-04-0.25110513j -3.58579787e-04+0.25066231j
   1.28651558e-04+0.24917178j -3.02749369e-04-0.25021063j
   5.00208870e-04+0.24985843j  4.98559552e-04-0.2498601j
  -2.51573833e-04-0.24955186j  2.62962481e-04+0.24950732j
  -6.06649085e-04-0.25102032j -2.98895809e-04+0.25069539j
  -2.55481355e-04+0.25017143j -2.38975389e-04-0.25010372j
  -3.69190913e-04+0.24967974j  7.46586896e-04-0.24955956j
  -3.62753565e-05-0.24878429j  1.69614089e-04+0.2500407j ]
 [-1.22841570e-03-0.25030384j -7.38404410e-04-0.25006034j
  -2.59574167e-04-0.24800574j -3.51801436e-04-0.24915798j
  -4.73998928e-04-0.25026066j  1.89021726e-04-0.24949643j
   1.55300431e-05-0.25056494j  2.03059535e-04-0.25052598j
   1.10489021e-03+0.25129942j  7.56450002e-05+0.2496939j
   1.14260157e-04+0.2481638j   4.23514487e-04+0.2498582j
  -5.00323258e-04+0.25059555j -1.44974638e-04+0.25036658j
  -3.60109290e-04+0.25092254j -6.44579288e-04+0.25068918j]
 [-8.08944051e-04-0.24947365j -5.73067909e-04+0.24977984j
  -1.06611260e-03-0.24964078j  1.67048823e-03+0.24935476j
  -1.08751066e-04-0.24992617j  3.60071529e-04+0.24942942j
  -8.06358220e-05-0.25034328j -1.35391968e-04+0.25059532j
   5.60360622e-04+0.24992514j  6.16297510e-04-0.24965058j
   6.97204263e-04+0.24946774j -1.06126266e-03-0.24940396j
  -3.09733341e-04+0.25001073j  1.18024726e-03-0.250562j
  -3.94001823e-04+0.25106015j -1.29098734e-04-0.25134703j]
 [-9.88728063e-04-0.25016321j -9.74585909e-04-0.24977438j
   7.62507369e-04+0.24941219j  1.02847066e-03+0.24896594j
  -1.38563326e-03-0.24925502j  1.22843755e-04-0.24902994j
  -1.56347462e-04+0.2507778j  -3.19386030e-05+0.25064742j
   8.91185963e-04+0.24891524j  5.23477743e-04+0.25040133j
  -7.88623728e-04-0.25019665j -7.96093632e-04-0.24977727j
   5.87552349e-04+0.25077124j -7.51650254e-04+0.24958293j
   1.18044534e-03-0.2508643j   3.63802155e-04-0.25142657j]
 [-7.95074349e-04-0.24998153j  7.10461396e-04+0.25009523j
   5.62812273e-04+0.24950032j -1.14407029e-04-0.24869808j
   1.28829800e-05-0.24926096j -9.72532481e-04+0.25060294j
   7.77689657e-04+0.25053228j -7.86303078e-04-0.25022205j
  -1.85359426e-04+0.25002174j  1.63715341e-04-0.25109238j
  -8.56005367e-04-0.24885761j  1.13829694e-03+0.2486095j
  -3.36636023e-04+0.24980969j  1.19088501e-03-0.2503592j
   3.07703753e-04-0.25164482j -2.82888915e-04+0.25067489j]
 [ 3.21763217e-04-0.24995462j  8.56926995e-04-0.24971051j
   2.06400578e-04-0.25130393j  1.38830795e-04-0.25076123j
  -5.91353509e-04+0.24995043j -4.22781751e-04+0.25002483j
  -7.07041870e-04+0.2496061j  -3.92058040e-04+0.24888339j
   1.29871550e-05+0.2498765j  -3.60363867e-04+0.25032626j
   6.04436573e-04+0.25120688j -1.50487069e-04+0.25029488j
   3.16229142e-04-0.25011146j  1.71963635e-03-0.24931722j
   1.87216173e-03-0.24967374j  1.26048832e-03-0.24896231j]
 [ 1.27854377e-04-0.24955735j -4.69081569e-04+0.24990287j
   5.55262564e-04-0.25097907j -4.21663781e-04+0.25096033j
  -1.50905835e-04+0.24886417j  2.13016881e-03-0.25048395j
  -7.68390860e-04+0.24971288j -6.33789827e-04-0.24992018j
   4.96274934e-04+0.24944481j  8.54068802e-04-0.24950533j
  -2.23971937e-05+0.25136872j -4.15691407e-04-0.25154481j
   7.76850284e-04-0.24911513j -1.89697371e-03+0.25093146j
   1.68500634e-03-0.24922852j -7.89153281e-04+0.24842375j]
 [-1.26231071e-03-0.24997283j -3.34360423e-05-0.24962317j
   1.71752866e-04+0.25020678j  1.14761224e-03+0.25114077j
  -1.34679461e-04+0.25096194j -1.07451418e-03+0.24995814j
   5.11526952e-04-0.24930555j -1.14679833e-04-0.24918903j
   9.58880524e-04+0.25051023j -2.62937143e-04+0.24938702j
   6.79419207e-04-0.25067068j -1.01858820e-03-0.25083941j
   3.86478622e-05-0.25029322j  1.02341131e-03-0.24999555j
  -5.14399018e-04+0.24868492j -5.60208508e-04+0.24922825j]
 [ 1.98345450e-05-0.25016118j -4.12247470e-04+0.25071835j
   3.29570672e-04+0.2500512j  -1.42548925e-03-0.25025801j
  -5.65503012e-05+0.25053099j  4.06273402e-04-0.24997442j
   2.78251154e-04-0.24889918j -9.08648486e-04+0.24946252j
   2.01708590e-04+0.25040986j  3.46548862e-04-0.25026097j
  -3.24815622e-04-0.25092037j  5.11139861e-04+0.25032681j
   2.69785328e-04-0.25026293j -7.26566275e-04+0.2498411j
  -3.42890735e-04+0.24812846j  3.81213797e-04-0.24976964j]]
Final objective value: 
7.852094296212364e-06
Final objective value with norm: 
7.852094296212364e-06
Final penalty of max controllers: 
0.0
Infinity norm of continuous and binary controllers
0.0007856773429682749
