Rounding result: 
[[-6.37502755e-02+0.27601509j  1.62227695e-01+0.10605732j
   5.67277130e-02+0.26972849j -1.84576349e-01+0.10321783j
   6.83911704e-02+0.23058176j  1.23178275e-01+0.22327917j
  -5.10843754e-01-0.06286369j -1.86921038e-01+0.10708451j
   3.10891553e-02+0.1733444j  -3.14389754e-02-0.06431717j
   5.57736294e-02+0.1572547j   1.79676757e-01+0.00338579j
  -1.35886180e-01+0.27751849j  7.33888387e-02+0.20112417j
  -1.16652693e-01-0.20280743j -1.85862240e-01-0.02057819j]
 [-1.90181878e-01-0.14762722j  2.82414538e-01+0.36203052j
  -8.75761059e-02+0.04062533j  2.33796479e-02-0.12071501j
   1.28638641e-01+0.0307432j  -8.20565554e-02-0.1932848j
   1.53791530e-01+0.1457094j  -5.89449257e-01-0.01551299j
   6.23100102e-02-0.10479533j -2.33972035e-01+0.01177543j
   1.34258464e-01-0.04026382j  1.38785352e-01+0.19694263j
   2.30491027e-01+0.04435207j  5.72179316e-02-0.04986136j
   6.99877113e-02+0.16349294j -1.08694180e-01-0.02963834j]
 [-5.35432829e-02-0.06654356j  1.52679243e-01-0.07320974j
  -1.70290077e-01-0.18880536j -4.37654184e-01+0.03162724j
   1.17492461e-01-0.04708187j  1.10612168e-01-0.06916053j
  -1.51400997e-01-0.09338665j -1.29656008e-01-0.02097138j
  -1.28198305e-01-0.08607554j -8.23171138e-02-0.29489705j
  -1.56109617e-01+0.01603758j -2.20691703e-01+0.03106405j
  -1.28219361e-01-0.21695686j  1.61179715e-02-0.08499904j
  -3.30478988e-01+0.1549901j   1.17660730e-01+0.46363213j]
 [-1.48913159e-01-0.11793627j -6.53946178e-02-0.03846017j
   2.08040194e-02+0.43431105j -1.96171579e-01-0.27730938j
  -1.97523504e-02-0.17246726j  9.36046118e-02-0.07871428j
  -2.63646086e-03+0.09321283j  1.95930660e-01-0.15707762j
  -3.95216137e-01+0.06154989j  1.52637380e-01-0.14619641j
   1.64978422e-01-0.17238546j  2.61251736e-01-0.08691558j
   6.93650189e-02+0.04900297j  2.96887823e-01+0.16568976j
   9.32248440e-02+0.23862834j  7.09830978e-02+0.07738569j]
 [ 2.30562692e-01-0.06160382j -2.12676710e-01+0.05119502j
   2.06435532e-01+0.12446506j  1.61862293e-01-0.08788864j
  -2.35447331e-01-0.54091611j  8.10025125e-02-0.05715398j
  -1.17859176e-01-0.216444j   -2.74092444e-01+0.14705171j
  -1.02043537e-01-0.06296937j -2.58147538e-01-0.12135256j
   1.69542731e-01-0.13058214j -4.48706138e-02-0.09388863j
  -8.57325434e-02+0.1307962j  -2.53691342e-01-0.00421033j
  -9.52734959e-02-0.13532024j -5.62200901e-02+0.12675029j]
 [-1.60845446e-01-0.03443872j  2.47162653e-02-0.01396264j
  -1.71477665e-01-0.1544314j   2.14075863e-01-0.00478443j
  -8.87541598e-02+0.08676655j  2.62119315e-01+0.31246433j
   1.73797388e-01+0.11988194j -9.39565729e-03+0.06903483j
  -1.50248830e-01+0.2465921j   3.10028309e-02-0.31148631j
  -2.04796598e-01+0.02060339j  2.42972668e-01-0.10960793j
   2.07062318e-01+0.28391231j -3.62011707e-01-0.13549211j
   1.12246307e-01+0.04330016j  1.55326662e-02+0.24385304j]
 [-3.19366107e-02-0.25103136j  2.38144215e-01+0.00411043j
  -2.60547640e-01+0.41648915j  2.20384897e-02+0.12025456j
  -2.95176811e-01+0.09638047j  1.55070264e-01-0.19796935j
  -6.06943601e-02+0.18704354j  6.80544922e-02+0.04334272j
   3.08255294e-01-0.08270028j  1.58432056e-01-0.12352411j
   7.01192870e-03-0.17266432j -1.22020281e-01-0.21323645j
  -2.44559103e-01-0.10005547j -1.74498644e-01-0.22082615j
   4.53102002e-02-0.04474699j -1.74108655e-01-0.04752381j]
 [ 1.56649157e-02-0.1798329j   3.93584796e-03+0.08867754j
   8.32957536e-02+0.07971769j  1.35478201e-02+0.17958553j
  -2.43322872e-02-0.01322586j  4.37478797e-01+0.13009562j
   2.61037047e-01-0.14961409j -1.08719351e-01+0.10501809j
  -1.25187051e-01-0.31249898j -8.70356197e-02+0.10893305j
  -4.46436752e-01+0.07316921j  7.32986671e-02-0.16449525j
  -1.04207666e-01+0.07320744j  3.16259349e-01+0.04436435j
  -1.56280548e-01+0.02595338j  5.18444709e-02-0.27477864j]
 [-7.85075321e-02+0.07692084j -4.31564030e-02-0.1701588j
  -1.84460964e-01+0.07908994j  2.72916093e-01-0.05132107j
   8.64042257e-02-0.17766639j -1.17012966e-01-0.08700705j
   1.34480943e-02-0.00732811j -1.92948108e-01-0.14689768j
   1.17626678e-01+0.40454072j  5.72699627e-02+0.30351462j
  -3.83456633e-01-0.18697384j -8.73831909e-02-0.10237771j
  -1.30074186e-01+0.06854422j  1.26560071e-01+0.20321517j
  -1.94377788e-01+0.19434758j -2.49842820e-01+0.1745204j ]
 [-2.38467673e-01-0.06934126j  2.08294869e-01-0.17165728j
  -4.95260108e-05-0.10507077j  1.45771784e-02-0.22768011j
  -6.04043480e-02-0.30165265j -1.17049081e-01+0.36285447j
  -1.86817391e-01+0.19324953j  1.67619090e-01-0.11214149j
   9.97023519e-02-0.09930392j -3.92248152e-01-0.1466404j
  -5.15906199e-02+0.20607798j -1.87527175e-01-0.14613562j
   3.17280815e-03-0.03148713j  6.98506337e-02+0.02585116j
   7.68109929e-02+0.14845957j -2.11877661e-01-0.27066527j]
 [-1.12632654e-01+0.06262247j  5.36255038e-02+0.16401982j
  -1.64139749e-01-0.04986083j  2.43775209e-01+0.31418631j
  -2.98964535e-01-0.01083646j -2.96862382e-01-0.00294376j
   1.88354871e-01-0.01214408j  7.23299054e-02-0.07049683j
  -3.60237862e-02-0.10465516j -8.97402838e-02-0.12791943j
   2.04191715e-01+0.24166182j  1.04933519e-01-0.25509448j
  -4.85141401e-02-0.03642588j  3.57261534e-01+0.17796332j
  -8.80418175e-02-0.1947131j  -6.43746054e-03+0.34791938j]
 [ 2.62977843e-01+0.02477225j -1.73349001e-02-0.0230407j
   6.56421989e-02-0.0231169j   1.07953206e-01+0.02685888j
  -3.62725431e-02+0.23290758j  1.86174946e-02-0.04865608j
  -2.37870942e-01-0.27858832j  1.36461615e-01-0.19630299j
   1.27960847e-01-0.20788856j -3.14919858e-01+0.03914485j
  -1.35913450e-01-0.09959809j  3.99025413e-01-0.03965253j
  -2.39385835e-02-0.13338851j -3.41540306e-03-0.07253926j
   2.86109261e-01+0.34716982j -1.78989430e-01+0.23453488j]
 [-2.59088308e-01-0.13351699j -2.29637081e-01-0.02223432j
   1.93566593e-01+0.04259161j  3.26365197e-01-0.13229397j
   4.41483504e-02+0.06325185j  1.72029594e-01+0.02169792j
  -1.21712678e-01+0.1993499j  -2.20426713e-02+0.16676927j
   2.38356348e-02+0.16162525j -9.89490697e-02-0.08691168j
  -4.46660861e-02+0.07407374j  1.96254698e-01+0.29051277j
  -1.98376494e-01-0.5249733j   1.53188311e-01-0.11800184j
  -8.07191890e-02-0.1973237j   1.73486931e-02+0.08442955j]
 [ 1.01543917e-01+0.02681224j -1.31597174e-01-0.08108367j
  -3.05478255e-01-0.1743966j   1.80619175e-02-0.15703146j
   1.16673471e-01+0.09272733j  1.32366473e-02-0.19832277j
   1.67049771e-03-0.01011151j  6.78772268e-02+0.31031048j
  -2.31755674e-02+0.00389779j -1.97841212e-01-0.27986371j
  -7.28968167e-02-0.25712755j -1.57502110e-01+0.10939714j
  -1.44915808e-01+0.28760593j  3.86779947e-01-0.00698096j
   3.32151923e-01-0.22731466j -1.06164785e-01-0.02801475j]
 [ 1.71974801e-01-0.46755918j  1.80025688e-01-0.51446551j
   7.67940265e-02-0.09392441j -1.33594185e-01-0.10723617j
  -1.13675657e-01+0.08995135j -4.05044908e-02-0.0593691j
   1.61495375e-01-0.1416496j  -1.26203412e-01-0.10164124j
   1.66613609e-01+0.23205244j -5.32675149e-02+0.00633046j
   1.56285868e-01+0.20735006j  2.66127102e-01+0.07429506j
  -1.03588225e-01+0.18143291j  8.61550850e-02+0.008337j
  -9.86474347e-02-0.13962484j  5.32720757e-02-0.02504088j]
 [-3.06497459e-01-0.19882401j  2.47210349e-01+0.18525884j
   1.65769148e-01-0.06478668j  5.84252803e-02+0.15373067j
   1.74336004e-01-0.24410683j  2.59633784e-01+0.1075284j
  -4.61669215e-03-0.26875493j  2.55242989e-01-0.08475363j
   2.75715573e-01+0.05779586j  3.80573792e-02+0.1655523j
   1.40452055e-01-0.16308285j -1.31481683e-01+0.21136766j
  -8.26333314e-02+0.17582555j  6.33711097e-02+0.0659165j
   2.25202757e-01-0.06935122j  1.18123892e-01+0.25836109j]]
Final objective value: 
0.9336281208899749
Final objective value with norm: 
0.9336281208899749
Final penalty of max controllers: 
0.0
Infinity norm of continuous and binary controllers
6.012971363510459
