Rounding result: 
[[-4.11394979e-02+0.24901851j  1.12829908e-01+0.14126299j
   4.60913668e-02+0.31263715j -1.44230300e-01+0.08987137j
   2.53385704e-02+0.20708783j  6.16994652e-02+0.25582742j
  -4.67629634e-01-0.1231537j  -1.94301415e-01+0.0795234j
   4.75392129e-03+0.21559464j -3.23362055e-02-0.06906367j
   3.87657751e-02+0.15653557j  1.80601492e-01+0.02304307j
  -1.20564378e-01+0.29899418j  5.34543470e-02+0.23231185j
  -1.27775623e-01-0.2627237j  -1.61410201e-01-0.02294465j]
 [-1.83700322e-01-0.09221164j  2.36448818e-01+0.37351463j
  -7.61398465e-02+0.02815829j  2.01241361e-02-0.09227159j
   8.70277678e-02+0.0702641j  -4.18852950e-02-0.16406835j
   1.37139829e-01+0.13327755j -6.34170480e-01-0.07553045j
   6.14599333e-02-0.10806734j -2.27513795e-01-0.00263176j
   9.95542165e-02-0.06673689j  1.51187998e-01+0.18491897j
   2.28290161e-01+0.01194773j  4.34150290e-02-0.07740473j
   9.26288819e-02+0.18336749j -1.38811434e-01-0.03064222j]
 [-1.89412214e-02-0.05502065j  1.61413411e-01-0.05950171j
  -2.40043004e-01-0.17586248j -4.48348631e-01-0.01455952j
   1.45049391e-01-0.01266752j  1.28019191e-01-0.05514096j
  -1.99027971e-01-0.12191069j -1.38918545e-01-0.03916837j
  -9.43758967e-02-0.12479808j -4.64891706e-02-0.26088106j
  -1.38435173e-01+0.02727541j -2.53688131e-01-0.02155405j
  -1.13157824e-01-0.18016378j -1.80280099e-02-0.07535333j
  -3.50882311e-01+0.12394399j  5.80378045e-02+0.43446362j]
 [-1.76083331e-01-0.12446515j -6.00386579e-02-0.03231465j
   2.65682665e-02+0.38968514j -1.75051090e-01-0.33616329j
  -3.04993325e-02-0.14025555j  6.84371756e-02-0.06216667j
  -3.13252784e-02+0.10548123j  1.59439908e-01-0.08660305j
  -3.95929131e-01+0.00684605j  1.55787663e-01-0.18274967j
   1.24821697e-01-0.21029526j  2.78264879e-01-0.12284136j
   7.44797867e-02-0.02045717j  3.19482050e-01+0.19642138j
   6.89878224e-02+0.22000915j  6.71679683e-02+0.0858816j ]
 [ 2.12460582e-01-0.01566866j -2.61254879e-01+0.02965583j
   2.11328726e-01+0.05928961j  1.69837448e-01-0.12356188j
  -1.95711901e-01-0.55146744j  5.12834889e-02-0.04342217j
  -7.96145901e-02-0.18244028j -2.74643946e-01+0.11423442j
  -1.01427482e-01-0.0704772j  -2.75861733e-01-0.16481235j
   1.74812889e-01-0.14108315j -5.75087763e-02-0.11536746j
  -7.69587113e-02+0.15049233j -2.27779010e-01-0.05593928j
  -5.61670661e-02-0.13950979j -2.89459287e-02+0.159751j  ]
 [-1.95443256e-01-0.03393644j  6.21038703e-02-0.05363316j
  -2.01245008e-01-0.16332016j  2.35610197e-01+0.05605012j
  -1.09432301e-01+0.1037343j   2.82498561e-01+0.23749499j
   1.54191294e-01+0.09988399j  5.39353274e-02+0.02028691j
  -1.45989683e-01+0.26278313j  2.66093199e-02-0.29877848j
  -1.65654604e-01+0.01168552j  2.46310355e-01-0.09953605j
   1.94699202e-01+0.27760368j -3.47078120e-01-0.14832045j
   1.13289323e-01+0.03902696j  1.19677892e-02+0.285725j  ]
 [-1.20417449e-02-0.2507472j   1.88118669e-01+0.00930264j
  -2.41194634e-01+0.40937337j  2.39755335e-02+0.08316736j
  -2.89981324e-01+0.06294145j  1.09143840e-01-0.20906863j
  -9.31157607e-02+0.18971073j  6.69428070e-02+0.04622549j
   3.68075485e-01-0.06258208j  1.11219637e-01-0.11605865j
   1.44828809e-02-0.2224143j  -8.62174223e-02-0.23374466j
  -2.80507817e-01-0.06634815j -1.61457520e-01-0.18159678j
   4.43147009e-02-0.07107735j -2.09083594e-01-0.05876362j]
 [-1.63198609e-03-0.18032545j  2.31401967e-03+0.0644079j
   2.75811390e-02+0.0922491j   4.30309057e-02+0.21126469j
  -8.63853621e-02-0.06108602j  4.91913430e-01+0.12295408j
   2.45412151e-01-0.19676808j -1.22434074e-01+0.09207236j
  -1.01830702e-01-0.31094563j -6.10776666e-02+0.07326829j
  -4.12422358e-01+0.10598819j  6.97012324e-02-0.14701884j
  -5.98236615e-02+0.0440079j   2.79995432e-01+0.05156299j
  -1.57113612e-01-0.01794181j  7.78120556e-02-0.27437502j]
 [-9.43121204e-02+0.04717154j -7.21829445e-02-0.19147681j
  -1.26718137e-01+0.02600127j  2.69070201e-01-0.05204052j
   4.88858885e-02-0.20919995j -1.43815729e-01-0.05988651j
   1.16523358e-02-0.00890589j -2.17559581e-01-0.10823006j
   1.22241722e-01+0.39622174j  9.82077796e-02+0.28100756j
  -3.98845025e-01-0.15499342j -7.84337410e-02-0.08678537j
  -1.18332107e-01+0.06390713j  1.58934396e-01+0.21083698j
  -2.06859614e-01+0.24039335j -2.43753362e-01+0.14268086j]
 [-2.97311102e-01-0.0622632j   2.38117129e-01-0.16931286j
  -2.64847053e-02-0.14331809j -1.26887354e-03-0.19359065j
  -7.57457932e-02-0.29569578j -8.81666236e-02+0.35807354j
  -1.62952216e-01+0.16861533j  1.64091622e-01-0.07011032j
   9.65537681e-02-0.09843881j -3.99737191e-01-0.12023287j
  -2.35970588e-03+0.25615753j -1.34574224e-01-0.11974907j
   4.66309700e-04-0.04688061j  4.20230238e-02+0.08787179j
   8.29031398e-02+0.11975913j -2.25931057e-01-0.26902881j]
 [-6.46762563e-02+0.034982j    8.25219302e-02+0.16845271j
  -1.72847745e-01-0.05770106j  2.61795142e-01+0.31350144j
  -2.75915973e-01+0.02218016j -3.35837349e-01-0.01992145j
   2.09610903e-01-0.02219514j  5.71440395e-02-0.02929043j
  -3.60554212e-02-0.05517317j -9.33497122e-02-0.15590397j
   2.40044640e-01+0.18347553j  4.50950449e-02-0.21325932j
  -5.37585328e-02-0.0952173j   3.88088714e-01+0.16358404j
  -1.42670270e-01-0.17090191j  4.59969925e-02+0.32226475j]
 [ 2.71818205e-01-0.02723603j -2.86016119e-02-0.0345472j
   5.65299438e-02-0.06700991j  9.81240474e-02+0.07739263j
  -9.80839209e-03+0.19962642j -1.64086789e-02-0.05280532j
  -3.13420999e-01-0.24897512j  1.35901070e-01-0.22146445j
   8.44383377e-02-0.21727339j -3.24798136e-01+0.09148341j
  -1.87837284e-01-0.0802855j   3.71718673e-01-0.09699827j
  -6.46597671e-02-0.08415508j  5.06169200e-02-0.00378134j
   3.44970427e-01+0.25033382j -1.24441681e-01+0.24659028j]
 [-2.55432550e-01-0.12555483j -2.79487614e-01-0.00775704j
   1.80518665e-01-0.00656513j  2.64750625e-01-0.09979177j
   5.49974776e-02+0.1208333j   1.69090592e-01+0.04392842j
  -1.30993089e-01+0.18717421j -3.08354248e-02+0.18520373j
   4.15189440e-02+0.12124644j -1.35439997e-01-0.11590932j
  -7.92146335e-02+0.02976901j  1.49375169e-01+0.32416927j
  -2.27211541e-01-0.5354359j   9.28350556e-02-0.07904576j
  -8.75814639e-02-0.19108178j  1.45097277e-03+0.11141158j]
 [ 1.00452615e-01+0.01916872j -1.06464834e-01-0.12358066j
  -3.14412493e-01-0.22222718j  2.66049756e-02-0.13303738j
   1.65684582e-01+0.10953439j  1.81007551e-02-0.20688257j
  -1.47834037e-03+0.03834301j  3.22734682e-02+0.29520615j
  -2.72140309e-02-0.00528994j -1.78435909e-01-0.27536336j
  -8.34583690e-02-0.23778883j -1.57565033e-01+0.12438445j
  -9.21993218e-02+0.32852705j  3.88378794e-01+0.04638198j
   2.68601736e-01-0.2227636j  -9.49032926e-02-0.10776319j]
 [ 1.77249661e-01-0.44592057j  1.76198927e-01-0.47972611j
   1.21607805e-01-0.06086523j -1.70730407e-01-0.1533595j
  -1.40260908e-01+0.08384811j -5.18912435e-02-0.1082769j
   1.91155043e-01-0.10253952j -1.53769189e-01-0.09642979j
   1.27074245e-01+0.22778533j -7.14439895e-02+0.00348325j
   1.37426826e-01+0.2407131j   2.80805084e-01+0.12714065j
  -1.19481837e-01+0.14433642j  6.79192414e-02-0.00919966j
  -9.71291585e-02-0.12604498j  7.83513957e-02-0.00349062j]
 [-3.24587698e-01-0.2310406j   2.43222452e-01+0.18053958j
   1.52876462e-01-0.02129333j  1.42671939e-02+0.11928586j
   1.75163651e-01-0.25962044j  2.36800260e-01+0.00325714j
  -1.13095202e-02-0.292104j    2.22026467e-01-0.06482273j
   2.44577698e-01+0.10001266j  3.57727608e-02+0.17541865j
   1.49967128e-01-0.13836794j -1.53370926e-01+0.22193207j
  -4.37808250e-02+0.15860867j  1.16411802e-01+0.07624566j
   2.35123277e-01-0.11053418j  1.06632843e-01+0.27665728j]]
Final objective value: 
0.9349419803219646
Final objective value with norm: 
0.9349419803219646
Final penalty of max controllers: 
0.0
Infinity norm of continuous and binary controllers
6.01878380756044
