Rounding result: 
[[-6.08712841e-02+2.76894103e-01j  1.57859520e-01+1.05323235e-01j
   5.44915950e-02+2.68377280e-01j -1.85690772e-01+9.89323172e-02j
   6.74362170e-02+2.31044885e-01j  1.24409818e-01+2.24514779e-01j
  -5.09696179e-01-6.44901015e-02j -1.84891872e-01+1.05974417e-01j
   2.75201704e-02+1.78065376e-01j -2.98373724e-02-6.32228315e-02j
   5.46327852e-02+1.57570026e-01j  1.79845398e-01-1.28558642e-04j
  -1.34038582e-01+2.77849764e-01j  7.55171320e-02+2.04454078e-01j
  -1.16762816e-01-2.04742975e-01j -1.86994093e-01-2.16310522e-02j]
 [-1.87377792e-01-1.47090205e-01j  2.76602479e-01+3.68046189e-01j
  -8.46408502e-02+4.28943728e-02j  2.27214809e-02-1.17665025e-01j
   1.26833363e-01+3.03769727e-02j -8.26635599e-02-1.94068524e-01j
   1.47486776e-01+1.44438084e-01j -5.92607669e-01-1.93441534e-02j
   6.35419689e-02-1.01597952e-01j -2.36603644e-01+1.18413535e-02j
   1.33417615e-01-3.95522986e-02j  1.35415936e-01+1.95696458e-01j
   2.29806177e-01+4.29147680e-02j  5.92327715e-02-5.14070845e-02j
   7.25356515e-02+1.60541415e-01j -1.14320410e-01-2.92466569e-02j]
 [-5.41855830e-02-6.78502043e-02j  1.53511671e-01-6.96218672e-02j
  -1.75377570e-01-1.84526105e-01j -4.35310904e-01+3.15272158e-02j
   1.16252936e-01-4.79280062e-02j  1.09991250e-01-6.66582994e-02j
  -1.54690796e-01-9.49535251e-02j -1.29160263e-01-2.13924135e-02j
  -1.32037808e-01-8.64368576e-02j -8.03638941e-02-2.94964131e-01j
  -1.59256491e-01+1.43513899e-02j -2.23466788e-01+3.41987820e-02j
  -1.27863528e-01-2.14777502e-01j  1.93560390e-02-8.48153594e-02j
  -3.29375103e-01+1.57556066e-01j  1.14980723e-01+4.63346076e-01j]
 [-1.47884370e-01-1.20625770e-01j -6.62254641e-02-3.82082152e-02j
   2.21239280e-02+4.35948183e-01j -1.96075751e-01-2.80096233e-01j
  -1.79646406e-02-1.69627940e-01j  8.79094476e-02-7.87276125e-02j
   3.45288595e-05+9.33472550e-02j  1.97019523e-01-1.50884805e-01j
  -3.93857463e-01+5.53057227e-02j  1.53856813e-01-1.43641055e-01j
   1.65124842e-01-1.72210339e-01j  2.64914656e-01-8.84642483e-02j
   6.87809894e-02+4.56146992e-02j  2.99125228e-01+1.61570947e-01j
   9.60004588e-02+2.39844281e-01j  6.72181887e-02+7.68590175e-02j]
 [ 2.34173736e-01-6.09308620e-02j -2.14463660e-01+4.93672236e-02j
   2.07470999e-01+1.23029715e-01j  1.60065586e-01-8.67646395e-02j
  -2.32234476e-01-5.43101696e-01j  8.13530157e-02-5.25208485e-02j
  -1.21107054e-01-2.17060196e-01j -2.70414501e-01+1.45336126e-01j
  -1.05096846e-01-6.63949408e-02j -2.60915312e-01-1.20983915e-01j
   1.68745347e-01-1.32754364e-01j -4.31822922e-02-9.40831318e-02j
  -8.56277324e-02+1.29797348e-01j -2.50002431e-01-2.59879045e-03j
  -9.47825185e-02-1.35963686e-01j -5.26289389e-02+1.24423888e-01j]
 [-1.59135032e-01-4.01752355e-02j  2.83908139e-02-1.13203311e-02j
  -1.70163143e-01-1.54558380e-01j  2.19438166e-01-5.57911845e-03j
  -8.68831133e-02+8.53953011e-02j  2.60402181e-01+3.08194147e-01j
   1.72025446e-01+1.21973940e-01j -1.15944345e-02+6.64777053e-02j
  -1.53995264e-01+2.43521156e-01j  3.61586344e-02-3.10657295e-01j
  -2.00455981e-01+1.90306285e-02j  2.47230850e-01-1.12060334e-01j
   2.04814721e-01+2.85703268e-01j -3.61674401e-01-1.37701543e-01j
   1.11026682e-01+4.25822342e-02j  1.34883995e-02+2.48427476e-01j]
 [-3.26305798e-02-2.48317145e-01j  2.33298193e-01+6.28857123e-03j
  -2.54823481e-01+4.21709415e-01j  2.40334657e-02+1.19229730e-01j
  -2.94928720e-01+9.73558971e-02j  1.52799311e-01-1.98498897e-01j
  -5.99259389e-02+1.82668261e-01j  6.45236142e-02+4.39855667e-02j
   3.11322373e-01-8.82572256e-02j  1.58633380e-01-1.26725855e-01j
   3.01231075e-03-1.71803529e-01j -1.24944691e-01-2.14083016e-01j
  -2.49891576e-01-9.48610989e-02j -1.74870037e-01-2.17528076e-01j
   4.51966118e-02-4.68884878e-02j -1.73974280e-01-4.70929821e-02j]
 [ 1.82096019e-02-1.76033794e-01j  3.19397930e-03+8.70484551e-02j
   8.16451194e-02+7.84981877e-02j  1.29495079e-02+1.81689005e-01j
  -2.25291799e-02-1.21061356e-02j  4.36389311e-01+1.33065800e-01j
   2.65169733e-01-1.48795729e-01j -1.11250531e-01+1.04934195e-01j
  -1.22725057e-01-3.13311175e-01j -8.71278672e-02+1.05995462e-01j
  -4.46010492e-01+7.47841973e-02j  7.78445918e-02-1.63645357e-01j
  -1.00723870e-01+7.05389738e-02j  3.17134383e-01+4.73272897e-02j
  -1.52869396e-01+2.52147567e-02j  5.57842375e-02-2.75655610e-01j]
 [-8.09657021e-02+7.80466708e-02j -4.89727906e-02-1.71089333e-01j
  -1.77830339e-01+8.12681217e-02j  2.74491240e-01-5.21089097e-02j
   8.78377774e-02-1.80043011e-01j -1.19353339e-01-9.14156447e-02j
   1.48612237e-02-8.71072708e-03j -1.93345764e-01-1.45085637e-01j
   1.17284497e-01+4.00854600e-01j  6.06565964e-02+3.01034541e-01j
  -3.87795573e-01-1.87614114e-01j -8.53609839e-02-1.04386352e-01j
  -1.32264494e-01+7.19689143e-02j  1.26383162e-01+2.01319372e-01j
  -1.91495781e-01+1.96074353e-01j -2.47688263e-01+1.72577156e-01j]
 [-2.39268470e-01-7.41431133e-02j  2.12512095e-01-1.70185051e-01j
  -1.63574050e-03-1.05382283e-01j  1.67343483e-02-2.25263246e-01j
  -5.50399735e-02-3.03741928e-01j -1.16119577e-01+3.64825041e-01j
  -1.88990327e-01+1.97508094e-01j  1.68420330e-01-1.12232503e-01j
   9.67199457e-02-9.67853537e-02j -3.88482115e-01-1.44182096e-01j
  -5.56815250e-02+2.04764725e-01j -1.84733374e-01-1.47434286e-01j
   3.30879458e-03-3.18612868e-02j  6.75985006e-02+2.52724361e-02j
   7.75874638e-02+1.44928315e-01j -2.12340183e-01-2.71608918e-01j]
 [-1.09928973e-01+6.40731194e-02j  5.40037513e-02+1.65195388e-01j
  -1.63845570e-01-4.83717949e-02j  2.48755201e-01+3.13632960e-01j
  -2.97891247e-01-9.38176605e-03j -2.98974380e-01-9.62960103e-04j
   1.84763599e-01-1.39881497e-02j  7.43893174e-02-7.19974980e-02j
  -3.63233659e-02-1.02659266e-01j -9.47449380e-02-1.28291119e-01j
   2.05529846e-01+2.37750423e-01j  1.01433611e-01-2.53769041e-01j
  -5.02563966e-02-3.97008614e-02j  3.59085185e-01+1.78892461e-01j
  -8.90707308e-02-1.91359680e-01j -5.06683581e-03+3.47183975e-01j]
 [ 2.61700348e-01+2.77343079e-02j -1.71173016e-02-2.74454982e-02j
   6.71966243e-02-2.44418569e-02j  1.02367817e-01+2.46479351e-02j
  -3.77798995e-02+2.34596089e-01j  2.22142014e-02-4.78116489e-02j
  -2.36626821e-01-2.78264919e-01j  1.39290187e-01-1.95838546e-01j
   1.34366080e-01-2.06200763e-01j -3.17927245e-01+4.37792588e-02j
  -1.36205448e-01-9.67060044e-02j  3.97956804e-01-3.87411275e-02j
  -2.28575650e-02-1.34946538e-01j -6.34878779e-03-7.16269755e-02j
   2.85575275e-01+3.45310349e-01j -1.79920147e-01+2.33812943e-01j]
 [-2.55769484e-01-1.33443310e-01j -2.28940714e-01-1.76451626e-02j
   1.98184110e-01+4.32098879e-02j  3.24832843e-01-1.34477717e-01j
   4.68813679e-02+6.36220980e-02j  1.74025633e-01+2.23679215e-02j
  -1.21043091e-01+1.99332154e-01j -2.19080906e-02+1.63995340e-01j
   2.70662420e-02+1.61883314e-01j -9.58209111e-02-8.86222252e-02j
  -4.76948870e-02+7.59957617e-02j  1.93527207e-01+2.89774270e-01j
  -2.01435988e-01-5.25515644e-01j  1.50421350e-01-1.16358313e-01j
  -7.99292933e-02-1.99740269e-01j  1.74777636e-02+8.70011712e-02j]
 [ 1.01756063e-01+2.81565522e-02j -1.32499878e-01-8.38484352e-02j
  -3.05127476e-01-1.77721178e-01j  1.89354048e-02-1.56275350e-01j
   1.14456365e-01+9.31496785e-02j  1.30640639e-02-1.96351830e-01j
   1.54189432e-03-6.74518978e-03j  6.75374352e-02+3.10396068e-01j
  -2.43247486e-02+3.57196145e-03j -1.99671390e-01-2.78099026e-01j
  -7.44278413e-02-2.58068958e-01j -1.54656500e-01+1.10077387e-01j
  -1.43652827e-01+2.85053514e-01j  3.85902547e-01-7.84397585e-03j
   3.35819277e-01-2.27576349e-01j -1.05008086e-01-2.98011682e-02j]
 [ 1.66012009e-01-4.73989016e-01j  1.76372981e-01-5.14213847e-01j
   7.67225256e-02-9.26610904e-02j -1.35959819e-01-1.04353495e-01j
  -1.12619479e-01+8.89212846e-02j -4.51061116e-02-5.95522404e-02j
   1.60582148e-01-1.42459108e-01j -1.31705171e-01-9.94968313e-02j
   1.70050421e-01+2.31229910e-01j -5.17837634e-02+3.13973593e-03j
   1.56912622e-01+2.06340653e-01j  2.61848621e-01+7.17237431e-02j
  -1.01173011e-01+1.79690794e-01j  8.88561972e-02+8.36774855e-03j
  -9.98940201e-02-1.39152746e-01j  5.12416349e-02-2.15551998e-02j]
 [-3.03267593e-01-1.99940855e-01j  2.46559528e-01+1.88857714e-01j
   1.62640784e-01-6.03033039e-02j  5.72101923e-02+1.52416840e-01j
   1.74678844e-01-2.43863480e-01j  2.61417162e-01+1.06356124e-01j
  -5.44602637e-03-2.69790090e-01j  2.55865321e-01-8.45989374e-02j
   2.73533025e-01+5.77873726e-02j  4.01289311e-02+1.66319535e-01j
   1.38349057e-01-1.60720453e-01j -1.32606585e-01+2.14181595e-01j
  -8.14092284e-02+1.79579634e-01j  6.56421181e-02+7.04033740e-02j
   2.25695874e-01-6.99045014e-02j  1.16510337e-01+2.57923178e-01j]]
Final objective value: 
0.9330407579471965
Final objective value with norm: 
0.9330407579471965
Final penalty of max controllers: 
0.0
Infinity norm of continuous and binary controllers
6.0127696061735385
