Rounding result: 
[[ 8.23920085e-03-0.25904466j  1.99481056e-03-0.24792664j
   5.70360067e-03-0.25294728j  1.82117638e-03-0.24948059j
   6.06349734e-03-0.25139579j  3.94755584e-04-0.24847962j
   4.31011144e-03-0.25246122j -2.23969812e-03-0.25193196j
   4.42977272e-03-0.2550341j  -6.79379082e-04-0.24424576j
  -4.24042603e-03-0.25138773j -6.57204412e-03-0.24547454j
   3.65515218e-03-0.24685489j -4.77490607e-03-0.24540204j
   6.76745786e-03-0.24618283j -1.79397130e-03-0.25060913j]
 [ 9.70293955e-03-0.25211427j -1.66176657e-02+0.25421717j
   1.31916874e-02-0.25028844j  4.96092822e-03+0.25204248j
   6.72678640e-03-0.24675254j -8.63418440e-03+0.2533621j
   3.83486669e-03-0.24965321j  8.21405231e-03+0.2553559j
   3.24376634e-03-0.24916633j -1.24644502e-02+0.24980826j
   2.66925592e-03-0.24719973j  1.40391994e-02+0.24854537j
   4.81365977e-03-0.24238893j -3.48967358e-03+0.2514094j
   7.66377512e-03-0.2446607j   7.83011389e-03+0.25008981j]
 [-6.34975224e-03-0.25747189j -9.03566719e-03-0.25565662j
  -9.09896607e-03+0.25290776j  2.23885483e-02+0.25718361j
   2.98880438e-03-0.24554915j -2.08878531e-03-0.248649j
  -3.55745066e-03+0.24900697j  1.27554498e-02+0.24676458j
  -4.81721487e-03-0.24850361j -5.70757569e-03-0.24786734j
  -4.49122476e-03+0.24752987j  2.41711139e-02+0.25128947j
  -5.09217386e-03-0.24558407j -1.35363074e-02-0.24978178j
  -1.29968342e-03+0.24568475j  1.86516244e-02+0.24584038j]
 [ 1.41354248e-02-0.25608708j  1.26998188e-03+0.25734695j
  -5.97132801e-03+0.25644508j -7.39752477e-03-0.25171274j
   2.03488613e-02-0.24574568j -7.12378793e-03+0.24660093j
  -9.32434149e-03+0.25138639j -4.63322639e-03-0.24734034j
   1.78690240e-02-0.2479522j  -2.89843495e-03+0.24954592j
  -1.98558542e-03+0.24857817j -1.11998517e-02-0.24855109j
   8.58272878e-03-0.24687114j  5.90535760e-03+0.24726605j
  -5.60240516e-03+0.25209672j -9.00588704e-03-0.24287707j]
 [ 6.34086328e-03-0.25305836j -3.44499735e-03-0.25541311j
   2.84114328e-03-0.2491942j  -1.03320249e-02-0.24786317j
  -6.05056884e-03+0.25538734j  2.88370912e-03+0.24937168j
  -1.04244181e-02+0.24879725j  3.99412872e-03+0.24395132j
   4.02580827e-03-0.24906458j -3.14154596e-03-0.25088196j
   8.54739762e-03-0.2443431j  -1.99225866e-03-0.24329702j
  -6.86659566e-03+0.25648905j  3.76289083e-03+0.25243476j
  -4.16599428e-03+0.25168654j  1.18844615e-02+0.24694746j]
 [ 8.15294488e-03-0.24877129j  3.78031508e-03+0.25024731j
   6.43617957e-04-0.24881852j  9.06160218e-03+0.25697021j
  -1.19649869e-02+0.25500446j -1.10067613e-02-0.24543072j
  -2.46745331e-03+0.2453325j  -6.50118734e-04-0.25381342j
   9.32522652e-03-0.24425081j  5.83549722e-04+0.24781333j
   4.66962855e-03-0.24245323j  2.85141626e-03+0.25418758j
  -8.89866576e-03+0.25684362j -1.32314447e-02-0.24527739j
   3.83331397e-03+0.24798769j -7.03514159e-03-0.25438133j]
 [ 3.75223449e-03-0.24172602j -5.22926262e-03-0.24403834j
   7.15670568e-03+0.25773644j  9.74086857e-03+0.24659528j
   2.83354931e-03+0.25038969j  1.46979815e-02+0.25339898j
  -5.81604333e-03-0.25896878j -1.71944786e-03-0.24982818j
  -5.58063654e-03-0.24272091j -1.08945102e-02-0.24491064j
   7.74519008e-03+0.25615154j  8.44840705e-03+0.24355725j
  -5.33053758e-03+0.24712285j  8.96505757e-03+0.25113949j
  -6.54702992e-03-0.25763146j -3.61567895e-03-0.25130481j]
 [ 1.03697377e-02-0.24586154j -4.00375970e-03+0.24892018j
  -4.09684007e-03+0.24657395j -5.98070488e-03-0.25117208j
  -7.36455512e-04+0.25429784j  1.05480953e-03-0.25592711j
   5.23297824e-03-0.24927258j  3.87992138e-05+0.2526263j
   2.63256834e-03-0.24602957j  3.50318238e-04+0.249042j
  -1.92493048e-03+0.24567778j -3.63193819e-03-0.24776435j
  -6.27704175e-03+0.25080934j  5.50462800e-03-0.25389212j
   5.42131083e-03-0.24740944j  1.44416439e-03+0.25372488j]
 [ 6.99081301e-03-0.25096136j  1.60653973e-03-0.2487174j
   1.35808998e-04-0.24782227j -3.12304733e-03-0.24874046j
   4.22014147e-03-0.25103057j  1.72587998e-04-0.24089134j
   6.02401209e-03-0.24950878j  1.84325831e-03-0.24734104j
  -2.98830117e-03+0.25860584j  2.73592994e-03+0.252479j
  -3.61400948e-03+0.25717314j -3.99474191e-04+0.25661143j
  -1.77495209e-03+0.2509956j   3.35224772e-03+0.24410431j
   4.22526763e-03+0.24741196j  1.00158448e-02+0.24638129j]
 [ 5.03559162e-03-0.24483161j -1.50085465e-02+0.25232651j
   5.37206567e-03-0.24877009j  1.26158753e-02+0.24886896j
   7.55149764e-03-0.24646943j -9.07733145e-03+0.24863836j
   9.07524026e-03-0.24322708j  1.02776058e-03+0.24983616j
  -1.05748844e-03+0.25071095j  1.33382213e-02-0.25748251j
  -8.01549348e-03+0.25616218j -9.47112166e-03-0.25680061j
  -3.97381004e-03+0.24942743j  2.32343280e-03-0.25034931j
   8.60186816e-04+0.24482257j -1.33456274e-02-0.24835564j]
 [ 1.48150679e-03-0.24854778j -1.64068876e-03-0.24719001j
  -6.06853348e-03+0.24982683j  2.21650954e-02+0.24800554j
  -7.46974566e-03-0.24648442j -9.62576809e-03-0.24975973j
  -3.72595356e-03+0.24409534j  1.23941175e-02+0.24924907j
   1.02126585e-02+0.25104667j  1.11645967e-02+0.25096778j
   1.75937281e-03-0.25240846j -2.51508561e-02-0.25213829j
   2.66302251e-03+0.25232616j  7.63465929e-03+0.25364532j
   1.26644860e-03-0.24839304j -1.88063242e-02-0.2514518j ]
 [ 1.86600055e-02-0.24985171j -3.87568748e-03+0.24672662j
  -5.29769388e-03+0.25462084j -8.20393457e-03-0.2450355j
   1.09841298e-02-0.24394515j -9.59395030e-04+0.2511543j
  -5.92846793e-03+0.24508916j -4.78463674e-03-0.2473432j
  -9.85003654e-03+0.25268719j -4.15679835e-03-0.24972944j
  -4.47187711e-04-0.25941989j  1.23315643e-02+0.2487796j
  -1.31516733e-02+0.24943639j -7.90462053e-04-0.25383585j
   4.50195493e-03-0.24985995j  8.89424691e-03+0.24965254j]
 [ 1.07968653e-02-0.25140917j -8.83176223e-04-0.24815039j
   1.14979299e-02-0.24463803j -3.39067298e-03-0.24279646j
  -6.49239536e-03+0.25410649j  3.78746139e-03+0.2552082j
  -7.40729304e-03+0.25136134j  8.69650642e-03+0.24729836j
  -8.95524539e-03+0.25239494j -1.38426937e-03+0.25154755j
  -3.76977727e-03+0.24505718j  7.13607279e-03+0.24100267j
   6.90658060e-03-0.25577368j -5.33939598e-03-0.25304554j
   1.29544636e-02-0.25317712j -4.53714652e-03-0.25070126j]
 [ 1.21463612e-02-0.25000481j  3.94963697e-03+0.24345439j
   8.33201069e-03-0.24404048j  2.21340704e-03+0.25100087j
  -1.21619650e-02+0.2506764j  -8.69400128e-03-0.2496843j
   1.75590730e-03+0.24638749j -5.43381780e-03-0.25787281j
  -1.14099591e-02+0.25170912j -2.92320753e-03-0.24661522j
   7.64416563e-04+0.24287022j -8.74345928e-03-0.25149619j
   1.13240346e-02-0.25223471j  1.02527041e-02+0.24915788j
   6.42632378e-03-0.25075287j -5.62188560e-04+0.25943814j]
 [-2.38541797e-03-0.24065866j -1.11096738e-02-0.24741468j
   2.15562564e-03+0.25059666j  8.65573225e-03+0.25060546j
  -8.38030801e-03+0.24850058j  7.37281230e-03+0.24903334j
  -6.28779482e-03-0.26293345j -2.00695672e-03-0.24485886j
  -2.14227915e-03+0.2461295j   4.86334763e-03+0.25121j
  -2.67202453e-03-0.25629813j -7.83554344e-03-0.25263567j
   1.42696666e-03-0.24551635j -1.35443706e-02-0.24717507j
   7.20460879e-03+0.25977732j  1.94682320e-03+0.24420288j]
 [ 6.42780390e-03-0.24604692j  1.59745109e-03+0.25010651j
  -5.92555047e-03+0.24274526j -5.09021456e-03-0.24800261j
  -8.70593565e-03+0.25128925j  8.72339608e-03-0.25223602j
   8.21229015e-03-0.25043404j -2.05250070e-03+0.252993j
  -1.16913529e-02+0.25135284j  6.79876821e-03-0.25405594j
   5.50336253e-03-0.24564601j  2.52035303e-03+0.25297566j
   3.00178480e-03-0.24937156j -5.98445386e-04+0.24987937j
  -6.92890400e-03+0.25072059j -1.14305806e-03-0.25066002j]]
Final objective value: 
0.0006365755422209629
Final objective value with norm: 
0.0006365755422209629
Final penalty of max controllers: 
0.0
Infinity norm of continuous and binary controllers
0.0061707814329037035
