Rounding result: 
[[ 2.86527479e-04-0.2442039j   4.55278263e-03-0.24900711j
  -3.90368810e-03-0.25177716j  2.31868749e-03-0.24927526j
  -9.23569412e-04-0.2571617j  -1.38881328e-03-0.25023895j
  -1.11445176e-02-0.25510778j -2.47726404e-03-0.25752585j
   6.15266883e-04-0.24264415j  6.14949380e-03-0.24416677j
  -5.72151264e-03-0.24575389j -7.87932136e-04-0.24530231j
   7.83424642e-04-0.25346655j  1.62493157e-03-0.24765869j
  -1.33648174e-03-0.2541904j   2.44851705e-03-0.25133048j]
 [ 8.60755453e-04-0.24752468j -8.18064973e-03+0.24185868j
   1.77935207e-03-0.25314864j -7.03713307e-03+0.25275794j
  -5.27861578e-04-0.25156339j -9.61984768e-03+0.25118466j
  -8.91462314e-04-0.25304428j  2.64224935e-03+0.26311971j
   3.55580296e-03-0.24302059j -1.18828510e-02+0.23944672j
   1.53970436e-03-0.24583473j -2.89787924e-03+0.25033887j
   2.54794807e-03-0.24814926j -7.86924106e-03+0.24665196j
   3.60886224e-03-0.25221663j -1.52848601e-03+0.25812405j]
 [ 3.45420664e-03-0.24914317j  3.21774725e-03-0.25348149j
  -7.22811481e-03+0.2440375j  -3.73189982e-04+0.24467913j
   5.63339047e-03-0.25283078j  8.16317517e-03-0.25880223j
   1.92360552e-04+0.25962261j  4.06290347e-03+0.25280569j
   7.26377702e-04-0.24579463j  4.26453869e-03-0.24881221j
  -2.66258854e-04+0.24647789j  1.04789537e-02+0.24537749j
   8.05088323e-03-0.24736795j  7.74854593e-03-0.25370945j
  -8.68635183e-03+0.24930293j -6.49944957e-03+0.24592677j]
 [ 8.24098896e-03-0.25341871j -2.08986658e-03+0.24776296j
  -4.55272451e-03+0.24818364j  2.23752204e-03-0.24576093j
   5.33110040e-03-0.25810885j -1.64819169e-03+0.26257082j
   3.27776812e-03+0.24836376j -4.82501644e-04-0.24922951j
   7.57610907e-03-0.25076169j -3.07021553e-03+0.2492909j
   1.16540473e-03+0.24373906j -2.52208039e-03-0.24228534j
   8.31706532e-03-0.25343846j -6.93283640e-03+0.25299566j
  -7.30341641e-03+0.24784129j  5.71927510e-03-0.24457305j]
 [ 6.86809040e-05-0.25203732j  5.51458196e-04-0.25664692j
   4.60013405e-03-0.25536209j  3.83394447e-03-0.25013858j
   3.40770171e-04+0.25464487j  3.72913092e-03+0.2452378j
   4.28619281e-03+0.24523054j  7.64701046e-03+0.24302788j
   2.57394637e-03-0.25556172j  2.69556702e-03-0.25523688j
   1.01106807e-03-0.24970854j -9.34691785e-04-0.25214595j
  -2.61267059e-03+0.24926019j -1.61754787e-03+0.24896609j
  -7.76284040e-03+0.2454105j  -2.55972786e-03+0.24019687j]
 [ 1.11079036e-03-0.24853213j -1.83272512e-03+0.25545695j
  -9.98112829e-04-0.25705488j  8.21206638e-03+0.25219334j
   2.86225681e-03+0.24321063j -1.67928015e-03-0.24362001j
   8.00250150e-03+0.24685109j -1.19680576e-02-0.25500289j
  -3.84322509e-05-0.25219008j -7.59043235e-03+0.25040807j
  -2.89521143e-03-0.25467786j  7.71154331e-03+0.25396921j
  -3.62559379e-03+0.24067652j  9.30457835e-05-0.24640874j
  -1.40794588e-04+0.24827384j -5.69963828e-03-0.24984151j]
 [-7.44192952e-03-0.25623598j -3.37190100e-03-0.24817575j
   3.87330967e-03+0.25491173j  6.48950455e-03+0.25594878j
   8.98264104e-03+0.24723029j  1.15121158e-03+0.24211106j
  -5.81347693e-03-0.253761j   -5.13902473e-03-0.24256279j
  -6.71271178e-03-0.25061357j -2.40814407e-03-0.24689842j
   7.27439564e-03+0.25744751j  5.21783254e-03+0.25027324j
   3.97136376e-03+0.25031813j -6.71372038e-03+0.23953609j
   4.17032404e-03-0.25257353j  3.14002003e-03-0.24958572j]
 [ 1.18868701e-03-0.25856015j -2.78848995e-03+0.254991j
   4.36654002e-03+0.24515878j -1.98911905e-03-0.25630567j
  -6.93516379e-04+0.24229416j  3.75876527e-03-0.25546472j
  -8.19794663e-03-0.24423927j  5.20952775e-03+0.24571426j
   3.09434226e-04-0.24857314j -6.88750790e-03+0.2564916j
   1.98009953e-03+0.24548604j -5.00575592e-03-0.25188553j
  -4.06991318e-03+0.24885036j  9.08480472e-03-0.25277138j
  -3.40221686e-03-0.24219775j -3.71741309e-03+0.24945093j]
 [ 9.73788703e-05-0.24049609j  2.79009135e-03-0.24513801j
  -3.87910763e-03-0.24880119j  2.52395154e-03-0.24455891j
  -4.98581651e-03-0.25348778j -2.17110858e-03-0.24686985j
  -1.34272696e-02-0.25117406j -5.00018678e-03-0.25352429j
   4.82158436e-03+0.24817576j -4.99031634e-03+0.24459506j
   5.88699529e-03+0.24754279j  2.34253812e-03+0.25203369j
  -3.74059520e-03+0.25543676j  6.14979804e-04+0.25484289j
   3.53598695e-03+0.25895199j -2.42803817e-04+0.25288239j]
 [ 1.16191792e-03-0.24065313j -9.83479288e-03+0.23964968j
   1.50426975e-03-0.25147486j -3.75062166e-03+0.24780917j
  -2.43245326e-03-0.25125843j -4.02495603e-03+0.24487734j
  -3.60637313e-03-0.24759491j  3.03907105e-03+0.26054063j
  -2.98321709e-03+0.2471836j   9.05391083e-03-0.24206953j
   7.93240632e-04+0.24974687j  1.45328943e-03-0.25443153j
   5.99242679e-04+0.25091443j  8.56003345e-03-0.25203642j
  -2.85703313e-03+0.25562588j  3.38235160e-04-0.26221969j]
 [ 2.31707597e-03-0.24496661j  3.20993096e-03-0.24809458j
  -3.54866968e-03+0.24125816j  2.87801193e-03+0.24391093j
   3.46355449e-03-0.24929706j  4.74206513e-03-0.25529465j
  -6.79230485e-04+0.25470621j  4.23265219e-03+0.24556134j
  -1.38237984e-03+0.24758989j -2.91054502e-03+0.25536981j
  -1.43684532e-03-0.25236454j -1.13850521e-02-0.24699814j
  -4.13254174e-03+0.25267525j -5.50895632e-03+0.25622455j
   7.15916947e-03-0.25183004j  5.35159980e-03-0.25250543j]
 [ 5.87182611e-03-0.25079683j  9.33267919e-04+0.24294427j
  -2.49486492e-03+0.2415198j   1.10161651e-03-0.24338153j
   3.87090748e-03-0.25363438j -1.52718203e-03+0.26015641j
   4.44994613e-03+0.2486963j  -2.06235130e-03-0.24384118j
  -6.48456188e-03+0.25355874j  1.36591939e-03-0.25307386j
   5.16636848e-04-0.24903148j  1.88385763e-03+0.24619341j
  -6.43525372e-03+0.25848192j  5.98707734e-03-0.25674901j
   3.02385274e-03-0.24844283j -1.14363626e-03+0.24809239j]
 [ 3.09424177e-04-0.25080746j -1.63516921e-03-0.25556431j
   2.78854606e-03-0.25367475j  1.05921488e-03-0.25146147j
   1.66696763e-03+0.25327654j  4.60195807e-03+0.24506384j
   4.56447906e-03+0.2456964j   6.84321033e-03+0.24086303j
  -4.01661681e-03+0.25670613j -4.01745665e-03+0.25862814j
   9.17645749e-04+0.25159783j  1.92588090e-03+0.2491158j
  -1.78488588e-03-0.25011114j -1.18511314e-03-0.24683753j
   7.58450048e-03-0.24510389j  1.69707950e-03-0.24433515j]
 [-2.37127766e-03-0.25065669j -8.17516819e-05+0.25411463j
  -2.79836424e-03-0.25285014j  6.95925806e-03+0.25291207j
   1.78678236e-03+0.23997493j -6.78910452e-04-0.24382313j
   8.68605170e-03+0.24879987j -1.57421230e-02-0.25285138j
  -2.78825287e-04+0.25177845j  6.49507311e-03-0.2517683j
   1.59868659e-03+0.256813j   -8.05797746e-03-0.25447266j
   1.78765105e-03-0.24270921j  1.41919668e-03+0.2462494j
  -2.93187162e-03-0.24828866j  7.96818897e-03+0.25013563j]
 [-7.80169486e-03-0.25559323j -5.90870464e-03-0.24909232j
   3.57217432e-03+0.25385713j  4.75748786e-03+0.25503903j
   1.06426843e-02+0.24659326j  3.23781976e-04+0.24022119j
  -8.27604144e-03-0.25329436j -8.66027721e-03-0.24307338j
   9.70674899e-03+0.25351957j  2.79184723e-03+0.2441657j
  -6.74342330e-03-0.25579522j -7.93907590e-03-0.25082968j
  -3.12491741e-03-0.24879854j  5.50974072e-03-0.24375778j
  -2.18804921e-03+0.25539997j -3.52582330e-03+0.24887792j]
 [ 6.69747226e-04-0.25501644j -4.31423867e-03+0.25650364j
   2.09450735e-03+0.24572715j -3.72197052e-03-0.25267316j
   9.82983697e-04+0.24387545j  3.82936557e-04-0.25248806j
  -1.19057662e-02-0.24144785j  5.95290105e-03+0.24784305j
  -5.29970635e-04+0.25120732j  6.41463701e-03-0.25743178j
  -6.41513565e-03-0.24694326j  6.57135380e-03+0.25283261j
   2.58000658e-03-0.24818626j -7.57763031e-03+0.25282946j
   1.98654052e-03+0.24288555j  3.56561385e-03-0.25056347j]]
Final objective value: 
0.00040102235186567636
Final objective value with norm: 
0.00040102235186567636
Final penalty of max controllers: 
0.0
Infinity norm of continuous and binary controllers
0.0034125641943335383
