Rounding result: 
[[-1.66385316e-04-0.24997157j  7.59988501e-05-0.2497283j
   2.62139894e-04-0.2500153j  -8.30539726e-05-0.25070548j
  -1.13719464e-03-0.25121589j -6.04837798e-04-0.2507093j
   6.44619305e-06-0.25056171j -6.04260213e-04-0.25055908j
  -4.45525830e-06-0.24909613j  2.88085881e-04-0.24884969j
  -1.24882092e-04-0.24930181j  2.41380259e-05-0.2496131j
  -6.17125383e-04-0.25064585j  3.04674079e-04-0.24975337j
   2.72970686e-04-0.24918193j  2.23597370e-06-0.25007173j]
 [ 1.36569936e-04-0.24976102j -2.36134704e-04+0.24912389j
   1.92717604e-04-0.25045963j -3.48640253e-04+0.25099072j
  -1.11016748e-03-0.25076474j  3.77434245e-04+0.25150036j
  -2.18480111e-04-0.25051287j  8.91867533e-04+0.25011826j
  -2.20675360e-04-0.24912915j -2.55624461e-04+0.24832371j
   5.02577831e-04-0.24940282j -2.38444480e-04+0.24977425j
   3.67181212e-04-0.24984797j -1.02505185e-03+0.24998287j
   1.22450959e-04-0.25011241j  1.56436450e-04+0.2501688j ]
 [-8.07619020e-04-0.2497233j   3.30271543e-04-0.24962223j
   1.48639171e-04+0.25050156j -6.50061385e-05+0.25061364j
  -1.09791344e-03-0.25084875j -3.28851291e-04-0.25148333j
   3.49070699e-04+0.25021702j -2.32441524e-04+0.25051622j
  -7.38931188e-04-0.24892566j  4.39081182e-04-0.24932068j
  -7.68582314e-04+0.24929603j -1.64715874e-04+0.24959821j
   2.56436903e-04-0.24979553j  7.17162953e-04-0.25028072j
   3.30962402e-04+0.2498308j   1.34834172e-05+0.24940396j]
 [-4.20003027e-04-0.24964324j -1.16872928e-03+0.25046945j
  -9.64111548e-05+0.25084494j -4.99500858e-05-0.24939772j
  -7.13835203e-04-0.25116366j  2.62670063e-05+0.25078482j
   1.39894373e-04+0.2500966j   1.80175031e-04-0.25070292j
   2.05187650e-04-0.24908081j -1.02094525e-03+0.2495251j
  -3.80383859e-04+0.24979944j  1.71693776e-04-0.24891056j
  -7.02086386e-05-0.25035677j -4.05606773e-04+0.25050765j
  -1.09224514e-04+0.24985263j  6.34704035e-04-0.24883988j]
 [ 5.71825008e-05-0.25148844j  6.58170531e-04-0.25078389j
   4.12618046e-04-0.24966573j  2.35375031e-05-0.25045052j
   2.01826064e-04+0.24954138j -3.67539151e-05+0.24951794j
  -2.11099515e-05+0.25031057j  3.53448639e-04+0.24986774j
  -4.75707835e-04-0.25027674j  3.27646104e-04-0.25019118j
   9.39474492e-04-0.24968038j  1.21188568e-04-0.25016242j
  -1.54450486e-04+0.24906317j -7.57326108e-05+0.24948132j
   3.44014348e-04+0.25002511j -2.97526548e-05+0.24947844j]
 [ 4.23991845e-04-0.25041631j -1.56973101e-03+0.2509889j
   8.15174492e-04-0.25103289j  9.35164302e-04+0.24989428j
   1.59552946e-05+0.24933102j  1.79584289e-04-0.24944692j
   3.14839111e-04+0.25007877j -5.84925816e-04-0.25037556j
   2.05048311e-04-0.25018822j -1.30856936e-03+0.25041802j
   8.97266662e-05-0.25009461j  3.40426561e-04+0.24997816j
   1.95477749e-04+0.24896243j  7.74602815e-04-0.24947833j
  -4.75724684e-04+0.24982727j -1.32859539e-04-0.24946342j]
 [-1.03223454e-03-0.25078025j  5.71161223e-04-0.25068524j
   1.11321536e-04+0.2503336j   4.53096724e-04+0.25030531j
   1.23288603e-03+0.24984368j  1.21692889e-04+0.2489199j
  -3.95199277e-04-0.25016585j -9.74306085e-04-0.25025064j
  -4.22885980e-04-0.25015119j -2.01230705e-05-0.25037582j
   5.40887693e-04+0.24998705j  6.07936226e-04+0.24975476j
   1.32545259e-03+0.24989994j -3.69259384e-04+0.24897195j
   3.83979800e-04-0.24916581j -2.97240271e-04-0.25038517j]
 [ 2.31583093e-04-0.25109448j -8.08232282e-04+0.25124267j
   6.26804259e-04+0.24987321j  2.02638562e-04-0.25029119j
   5.35499929e-04+0.24938032j  6.80566701e-04-0.24967765j
  -8.02258839e-04-0.25054807j  1.16179803e-03+0.24986142j
  -2.71971090e-04-0.25024818j -1.90242062e-04+0.25030847j
  -6.66153120e-05+0.24969829j -3.19926000e-04-0.24954626j
   1.94775136e-05+0.24930804j  6.90672220e-04-0.2494765j
  -4.35395904e-04-0.2495035j   3.33005703e-04+0.24992177j]
 [-1.05563786e-03-0.24956252j -6.13992458e-04-0.24937292j
   1.32251932e-04-0.24875169j -4.50787778e-04-0.24936978j
  -9.93499135e-04-0.24995055j -2.08260672e-04-0.24949344j
  -2.37263187e-04-0.2500318j  -5.69933449e-04-0.24997532j
   6.68939766e-04+0.25105171j -2.91362055e-04+0.25000699j
   1.03729756e-04+0.24933876j  6.44431286e-04+0.25057696j
   1.27580902e-04+0.25030435j  2.79096934e-04+0.25032042j
   2.02395268e-04+0.25084638j -1.24198455e-04+0.25102467j]
 [-6.82101005e-04-0.2491911j  -1.12797179e-04+0.24924403j
  -4.65824471e-06-0.24960007j  7.62775151e-04+0.24933762j
  -4.00359246e-04-0.24979841j  6.69104908e-04+0.24959658j
  -4.48930695e-04-0.24982768j  4.02093307e-04+0.2501536j
   4.34826918e-04+0.25041754j  1.77281262e-04-0.24980346j
   2.05935587e-05+0.25005829j -2.89185601e-04-0.25040859j
   1.33640159e-04+0.25018436j  8.25330243e-04-0.25013857j
  -3.21623084e-04+0.25106485j  1.06742075e-04-0.25115897j]
 [-1.12130082e-03-0.24924428j -1.46534531e-05-0.24919349j
   4.81228593e-04+0.24906445j  2.81354378e-04+0.24899793j
  -1.08555389e-03-0.24972936j -2.79215403e-04-0.25011543j
   2.62232187e-04+0.24991299j  2.85115438e-05+0.25018732j
   5.59933503e-04+0.24966876j  5.13192720e-04+0.25113185j
  -2.85557154e-04-0.25003818j -7.82445393e-05-0.24973797j
   3.83870996e-04+0.250483j   -1.23421095e-03+0.25034896j
   3.69353309e-04-0.25084303j  1.82218124e-05-0.2512775j ]
 [-7.22530086e-04-0.24947617j -2.86389195e-04+0.24934161j
   3.30524264e-04+0.24930293j  3.07752433e-04-0.2483979j
  -8.67826786e-04-0.24991839j -3.08418350e-04+0.25019446j
   1.31412594e-04+0.25028535j -3.52220107e-04-0.24995649j
   3.16305055e-04+0.25047032j  3.41450976e-04-0.25076861j
  -3.06758970e-05-0.24992465j  4.09706637e-04+0.24918242j
  -1.62314369e-04+0.25052528j  8.33829063e-04-0.25091189j
   1.81083353e-04-0.25108998j -4.99370618e-04+0.25023174j]
 [ 5.96113371e-04-0.25028133j  7.31968547e-04-0.24982266j
   5.15565027e-04-0.24966264j -1.88715621e-05-0.25034512j
  -4.40720257e-05+0.24962209j -1.36975074e-04+0.24981286j
  -7.24976310e-04+0.24950399j -1.23827813e-04+0.24930605j
   2.96660029e-04+0.24991294j -1.41804480e-04+0.25035222j
  -5.66401062e-04+0.25095403j -4.05749814e-04+0.25062001j
   4.07979676e-04-0.25049643j  1.12803667e-03-0.24994792j
   4.39537527e-04-0.24955427j  2.51947022e-04-0.24979108j]
 [ 7.92517707e-04-0.24972999j -1.35189218e-03+0.24952906j
   4.88257040e-04-0.25038797j  1.87493766e-04+0.25028805j
  -3.36110526e-05+0.2493552j   1.30755326e-03-0.2502385j
  -4.55585432e-04+0.24957248j -8.51093957e-04-0.24930792j
  -1.02752709e-04+0.25024456j  6.96992712e-04-0.25032335j
  -4.15462084e-04+0.25083745j -2.86979908e-04-0.25057699j
   6.45615122e-04-0.24967627j -1.59708079e-03+0.25025871j
   1.03604306e-03-0.25019027j -2.45620420e-04+0.24945603j]
 [-1.06158399e-03-0.24984596j  4.85206957e-04-0.24986485j
   2.16424218e-04+0.25033777j  5.22010836e-04+0.25085627j
   6.34801692e-04+0.24997995j -6.31753266e-04+0.24918531j
   4.48652957e-05-0.24920253j -3.84817312e-04-0.24941784j
   1.00422480e-03+0.25061292j -2.46305927e-04+0.25005779j
   3.50122070e-04-0.25050903j -7.60106328e-04-0.25081631j
  -2.46386684e-04-0.25020697j  5.04594541e-04-0.24998439j
  -3.57166350e-04+0.24949269j -1.71605998e-04+0.24961111j]
 [ 1.41521105e-04-0.24976195j -1.18891435e-03+0.25095095j
   2.66232530e-04+0.25014899j -6.39100974e-04-0.24973655j
  -1.42326995e-04+0.24952522j  7.26901427e-04-0.24929611j
  -2.20903461e-04-0.24916139j -1.34209884e-04+0.24942651j
   1.04142150e-04+0.25050637j  5.49971611e-04-0.25021891j
   1.36847943e-04-0.25106328j  1.68431037e-04+0.25072856j
   5.05461017e-04-0.25022834j -1.05057418e-03+0.25012716j
   1.36436821e-04+0.24940124j  1.45634519e-04-0.24969932j]]
Final objective value: 
5.321645089040317e-06
Final objective value with norm: 
5.321645089040317e-06
Final penalty of max controllers: 
0.0
Infinity norm of continuous and binary controllers
0.0007301882428393976
