Rounding result: 
[[-2.11811620e-02-0.01869729j  5.06996076e-02-0.19132582j
  -6.60353240e-02-0.53375223j  1.09155867e-02-0.31311181j
  -1.23952430e-01-0.02113458j -3.68263888e-02-0.20575413j
   4.96283165e-02-0.06141685j  5.40168470e-03-0.0987021j
  -4.05529267e-02-0.10646259j  1.79291428e-01-0.16597588j
   9.23267192e-02-0.36135058j  3.33096525e-02-0.17412578j
   2.74529305e-01+0.01576877j  1.15185313e-01-0.03533845j
   2.65969813e-01-0.09045168j  2.82155123e-01-0.07240828j]
 [-4.16654468e-02-0.16049192j  1.33413260e-02+0.46889515j
  -2.27011887e-01-0.09542163j  2.87521318e-01-0.07765171j
  -9.79304762e-02-0.06278264j  1.24683519e-01+0.16102411j
  -1.26752169e-01-0.0504302j   2.84728375e-01-0.11205164j
  -3.33359626e-02-0.09947974j -1.08848722e-01+0.24975926j
  -1.53588975e-01-0.12095896j  2.82364354e-01-0.00421543j
   6.58009311e-02-0.23434326j -9.10517952e-02+0.25334087j
  -5.05716281e-02-0.24825093j  8.66381830e-02+0.17108995j]
 [ 8.12937955e-02-0.17271976j -1.85948219e-05-0.37340399j
  -1.62208544e-01+0.27269097j  3.43038434e-01+0.04294385j
   1.09142756e-01-0.04658574j -3.34067424e-02-0.19851866j
  -3.10272798e-02-0.00258701j  7.73285771e-02+0.19696459j
   8.86659060e-02-0.05004163j  3.22746245e-01-0.21466246j
  -2.33686039e-01+0.0884424j   3.80941419e-02+0.15983825j
   7.43530152e-02-0.20231997j -8.07929911e-02-0.08069327j
  -4.66217686e-02-0.04730777j  2.49899090e-01+0.35662525j]
 [ 4.99004694e-01-0.19947052j  3.59908324e-02+0.07232162j
   1.01671151e-01+0.20471139j -1.28957122e-01-0.1861473j
   2.46704304e-01-0.23914063j  1.21941749e-02+0.02652298j
  -3.85784540e-02-0.16633636j -2.33977967e-02-0.14576989j
   4.21226145e-01+0.05719123j -7.71303505e-02+0.04156266j
  -1.13846600e-01+0.00937911j  6.09145396e-03-0.19568084j
   3.21785846e-01-0.13413247j  1.35739434e-01+0.03713241j
   6.59206619e-02+0.14001729j -2.36626087e-02-0.16028663j]
 [ 2.40666622e-01-0.431092j   -1.59495406e-01-0.19319111j
  -9.84918748e-02-0.09856813j -1.24961198e-01-0.05338615j
   1.01053652e-01+0.47597035j  1.94550730e-01+0.15928774j
  -1.69894809e-01+0.02330243j  4.00883883e-03+0.2041295j
   9.52856927e-02-0.02439072j  4.68055726e-02-0.01315516j
   1.00393097e-01-0.04611821j  1.42079751e-01-0.16923976j
  -3.24797312e-01+0.21126887j  2.70679047e-02+0.23674428j
   1.00962153e-02-0.06651714j -2.24799305e-03+0.00303788j]
 [-2.12052019e-01-0.19425797j  2.38778292e-01-0.11826478j
  -1.55379755e-01+0.13965375j  1.71573190e-01+0.00177938j
   2.45868473e-01+0.09252453j -1.18301244e-01+0.16262934j
   2.20312238e-01-0.02756132j -3.83461891e-01-0.27006906j
   6.92876365e-02-0.22557618j -1.48640820e-01+0.06053228j
  -6.55209790e-03-0.13145585j  1.87599822e-01+0.23434011j
   3.78540217e-03+0.13479764j -2.86201524e-01+0.06298303j
   2.24082809e-01+0.10870152j  5.68938185e-02-0.19045064j]
 [ 1.52157139e-01+0.05850646j -2.01631137e-01-0.02200565j
   9.92610908e-02+0.06907485j  2.73348029e-01+0.37748962j
  -6.43810791e-02+0.02736809j  4.24601150e-01-0.15707156j
  -1.08743435e-01-0.24505683j -1.56514604e-01-0.3717735j
  -1.24792476e-01+0.02271003j -2.69499208e-02-0.13676044j
  -2.50881955e-02+0.00572751j -1.39979335e-01+0.09140952j
  -1.02435659e-01-0.01655941j  1.84737913e-01+0.10313304j
   1.53961324e-01-0.19635317j  1.37784988e-01-0.23472615j]
 [ 8.92372070e-02-0.02832775j  1.30930410e-01+0.23001085j
   6.53870328e-02+0.22657144j -7.32597686e-02-0.15178289j
   1.02293471e-01+0.1793282j  -2.50785627e-01-0.1774278j
   7.89711863e-02-0.47766281j  2.11395626e-01+0.03787797j
  -2.29491889e-01-0.12587446j  4.02532943e-02+0.07783221j
  -5.52068535e-02+0.03484424j -8.09702854e-02-0.01313046j
  -2.23207036e-01+0.15814116j  7.59595067e-02-0.20362762j
   4.04707389e-01-0.15762016j -3.64657656e-02+0.14299686j]
 [-6.73591694e-02-0.10596953j -1.12331805e-01-0.1743588j
  -7.88686300e-02-0.34725387j -1.21310655e-01-0.16931416j
   9.31666842e-02+0.08599546j  4.59271582e-02-0.18077948j
   3.68373671e-02-0.33054705j  3.59175900e-02-0.16534586j
  -1.37540634e-01+0.02731606j -9.76995009e-02+0.19232312j
  -1.33002351e-01+0.45322963j -1.18414481e-01+0.29085344j
   1.58657209e-01-0.00296536j -1.56774996e-02+0.25696947j
  -1.49731862e-01+0.24455147j -6.55536374e-02+0.12250523j]
 [-1.28090712e-01-0.11827211j  1.11407659e-01+0.16035668j
  -2.15605318e-01+0.02234447j  2.10776494e-01-0.31529882j
  -2.20405704e-02-0.08555479j  3.21470669e-01+0.32816903j
  -7.49195110e-02-0.17789912j -2.54388380e-02+0.11211959j
  -5.70286507e-02+0.23721047j  8.94774442e-02-0.37309673j
   2.16749681e-01+0.09989592j -3.27240381e-01+0.01303628j
   3.33009535e-02-0.01666826j -1.29289556e-01-0.10389912j
   1.32065625e-01+0.14673897j -1.79761040e-01-0.01418736j]
 [ 6.44249160e-02-0.09375492j  1.74114436e-02-0.31062528j
  -1.23906452e-01+0.12588451j  2.63430872e-01-0.02519966j
  -1.58445383e-02-0.14671352j -2.25556708e-01-0.11643713j
  -7.67566686e-02+0.17840911j  2.59046548e-01-0.00376138j
  -1.43767942e-01+0.18757605j -1.06078381e-01+0.39083623j
   2.27939389e-01-0.09324554j -3.84219911e-01-0.11963826j
  -6.87624747e-02-0.05764836j -9.44430938e-02+0.25783266j
   1.67711258e-01-0.00971229j -7.57841333e-02-0.19525704j]
 [ 3.95997499e-01-0.16776476j -3.59344451e-02+0.02006166j
  -7.45152133e-02+0.02135139j -1.73249572e-01-0.12024195j
   6.77795346e-02-0.34594161j  1.31161675e-01+0.02743246j
   1.21886181e-01+0.32229661j -1.15448009e-01-0.08243217j
  -5.95538805e-01+0.00716446j -8.26727010e-02-0.05980148j
  -3.92494420e-02-0.09377252j  1.06921683e-01+0.17850581j
  -9.72094116e-02+0.07943904j  4.22027642e-02-0.0616685j
   4.01386814e-02+0.08325975j  2.31031051e-02+0.18056718j]
 [-2.30692948e-02-0.06539606j -3.90747963e-02-0.04453999j
   1.81704635e-01+0.21353211j  4.76679985e-02-0.07269399j
  -1.18009732e-01+0.46981837j  9.06841194e-02+0.22188478j
  -1.07314648e-01+0.12924177j -1.33841059e-02+0.10521242j
  -2.50393917e-01-0.04881242j -1.62161494e-01+0.22377314j
   3.64121723e-02-0.0128133j  -7.63908007e-02+0.1033021j
   4.68260293e-01-0.1653475j   2.14929248e-01-0.24328993j
   5.92196908e-02+0.11673234j  2.11820998e-01-0.02212574j]
 [-4.47738848e-02-0.04927152j  6.72831143e-02-0.07528441j
   1.01277658e-01-0.02820788j  7.75903393e-02+0.04461577j
   1.87987173e-01+0.1604215j  -1.64627308e-01+0.04430625j
   2.84729903e-01+0.04317015j -1.33676290e-01-0.201597j
  -4.82279714e-02+0.12569312j -2.69412768e-01-0.25577562j
   2.63575311e-01+0.06548092j -9.35789107e-03-0.23740263j
   4.81756299e-02-0.31903807j  2.14669170e-01+0.15439319j
  -2.66821906e-02-0.26409471j -1.95035027e-01+0.40726525j]
 [-5.41611104e-02-0.03002559j -2.46645551e-01-0.25930564j
  -6.89619820e-02+0.15240927j  4.49480779e-02-0.06801966j
  -1.31493295e-01-0.00217963j  1.35272634e-01-0.08226415j
  -8.23744995e-02-0.19906336j  1.03253532e-01-0.36174256j
  -5.78246590e-02-0.04472653j -1.54188429e-02+0.12065795j
   1.48272554e-01-0.15910074j  2.62803781e-01-0.26980807j
   1.97933538e-02+0.03444301j -2.15043500e-01-0.41522925j
  -1.99424988e-01+0.12419705j -3.18789819e-01+0.12964802j]
 [ 7.56912853e-02-0.14765627j  7.74498200e-02+0.1498967j
   6.56369913e-02+0.17589605j -1.37005615e-01+0.07811337j
  -1.40983815e-02+0.04566393j -5.15107144e-02-0.16733043j
   1.41350551e-01-0.27959102j -1.33771590e-02+0.13778291j
  -1.92871086e-01-0.13957706j  2.16952737e-01-0.09235884j
   3.81207307e-01-0.30631604j -5.13150638e-02+0.14601661j
   1.37142899e-01-0.14747801j -1.27518565e-01+0.24599887j
  -4.58010330e-01+0.02367815j  1.37547234e-02-0.17432776j]]
Final objective value: 
0.49742747255942155
Final objective value with norm: 
0.49742747255942155
Final penalty of max controllers: 
0.0
Infinity norm of continuous and binary controllers
0.2084162117032438
