Rounding result: 
[[-0.06262036+2.78399706e-01j  0.15819706+1.05112549e-01j
   0.05547995+2.67554276e-01j -0.18497944+1.01006683e-01j
   0.065357  +2.31474718e-01j  0.12239453+2.25245119e-01j
  -0.51047561-6.67761444e-02j -0.18400646+1.06490671e-01j
   0.02753413+1.75887878e-01j -0.02917183-6.39024248e-02j
   0.05494427+1.57847584e-01j  0.17750689+2.54935875e-04j
  -0.1342701 +2.78334498e-01j  0.07187313+2.03750199e-01j
  -0.11454836-2.07242099e-01j -0.18648803-2.24464776e-02j]
 [-0.18737319-1.45464200e-01j  0.27850514+3.66103456e-01j
  -0.08553084+4.09185895e-02j  0.02389272-1.17067965e-01j
   0.12739788+3.27939611e-02j -0.0800483 -1.91493367e-01j
   0.14906906+1.44796216e-01j -0.59412374-1.77975410e-02j
   0.0648718 -1.02875163e-01j -0.23429687+1.13900221e-02j
   0.1332164 -3.85546971e-02j  0.13810408+1.96363343e-01j
   0.23038363+4.50252115e-02j  0.05834055-4.92866300e-02j
   0.07088613+1.60583756e-01j -0.11260446-2.98221615e-02j]
 [-0.05412583-6.68347595e-02j  0.15279077-6.78950679e-02j
  -0.17158416-1.84351631e-01j -0.4382953 +2.87222541e-02j
   0.11606274-4.73821198e-02j  0.11105442-6.66452387e-02j
  -0.15501201-9.53575177e-02j -0.13032142-2.22538688e-02j
  -0.13138304-8.56907647e-02j -0.08036493-2.95418353e-01j
  -0.15903609+1.22489936e-02j -0.22353304+3.15881231e-02j
  -0.12695481-2.14381850e-01j  0.01851515-8.68758204e-02j
  -0.32913183+1.56674978e-01j  0.11341232+4.63418401e-01j]
 [-0.14959059-1.20173993e-01j -0.06612296-3.76528275e-02j
   0.02254074+4.37970366e-01j -0.19460493-2.77873982e-01j
  -0.01903837-1.68723030e-01j  0.0890814 -7.98115015e-02j
  -0.00108804+9.54053715e-02j  0.19483247-1.51296516e-01j
  -0.39493519+5.60221053e-02j  0.15115016-1.44759012e-01j
   0.16401809-1.71053733e-01j  0.2645553 -8.69908100e-02j
   0.06961147+4.98643794e-02j  0.29836042+1.65025669e-01j
   0.0937576 +2.39553760e-01j  0.0697317 +7.50671559e-02j]
 [ 0.23412913-5.88638212e-02j -0.21503451+5.04255355e-02j
   0.20777548+1.23697955e-01j  0.15964621-8.76092570e-02j
  -0.2334277 -5.42617752e-01j  0.07994184-5.65555768e-02j
  -0.11868624-2.16676114e-01j -0.27147454+1.45316170e-01j
  -0.10270428-6.56777730e-02j -0.26265774-1.21299033e-01j
   0.16866587-1.31226744e-01j -0.04440727-9.40771371e-02j
  -0.082977  +1.30121873e-01j -0.25012276-9.32139880e-04j
  -0.09374534-1.37043767e-01j -0.05156258+1.23602240e-01j]
 [-0.15909651-3.84966699e-02j  0.02714978-1.15975500e-02j
  -0.16912635-1.55134348e-01j  0.21741296-5.65566111e-03j
  -0.09108477+8.48285061e-02j  0.26026535+3.08215805e-01j
   0.17135351+1.21038570e-01j -0.00816813+6.75231822e-02j
  -0.15284204+2.45928069e-01j  0.03411031-3.09697295e-01j
  -0.20145365+1.83642476e-02j  0.24504875-1.11356442e-01j
   0.20703785+2.84853802e-01j -0.36436815-1.36191255e-01j
   0.11024728+4.18535433e-02j  0.01368551+2.48593807e-01j]
 [-0.03337964-2.48685660e-01j  0.23418075+6.66329447e-03j
  -0.25327543+4.20231790e-01j  0.02370914+1.19934503e-01j
  -0.29547745+9.63072489e-02j  0.15417092-2.01167510e-01j
  -0.06038945+1.83323217e-01j  0.06507127+4.42605868e-02j
   0.31015423-8.53714363e-02j  0.1567464 -1.25725419e-01j
   0.00348116-1.72252020e-01j -0.12526669-2.15564348e-01j
  -0.24812431-9.46822766e-02j -0.17390671-2.19717909e-01j
   0.04587362-4.51578872e-02j -0.17619048-4.75450861e-02j]
 [ 0.01719265-1.75429094e-01j  0.00254258+8.53064405e-02j
   0.08411815+7.80125204e-02j  0.0144591 +1.81732410e-01j
  -0.02283897-1.07688717e-02j  0.43733878+1.33232327e-01j
   0.26361526-1.48617542e-01j -0.11069379+1.05179648e-01j
  -0.12313282-3.13905974e-01j -0.08704456+1.03638125e-01j
  -0.44692503+7.67945296e-02j  0.07584908-1.63841563e-01j
  -0.10152028+7.30739949e-02j  0.31417749+4.68183133e-02j
  -0.15501945+2.55964796e-02j  0.05465366-2.76091455e-01j]
 [-0.08079925+8.05584346e-02j -0.04874554-1.71646583e-01j
  -0.17983592+8.01558599e-02j  0.27285129-5.21027065e-02j
   0.08494904-1.79528445e-01j -0.11665351-9.09770221e-02j
   0.01412856-8.06274576e-03j -0.19587074-1.43444743e-01j
   0.11633798+4.01080360e-01j  0.06095102+3.02466600e-01j
  -0.38691241-1.86818482e-01j -0.08539433-1.01799754e-01j
  -0.13221923+7.27381090e-02j  0.1281891 +2.02436363e-01j
  -0.19176558+1.94862182e-01j -0.24857765+1.73482133e-01j]
 [-0.23994482-7.08468354e-02j  0.21205381-1.70661092e-01j
  -0.00227188-1.04433767e-01j  0.01640784-2.27896584e-01j
  -0.05698499-3.05450791e-01j -0.11655362+3.64372519e-01j
  -0.18703953+1.97562680e-01j  0.16670459-1.11398387e-01j
   0.09922116-9.68054733e-02j -0.38786262-1.44306827e-01j
  -0.05472536+2.05883780e-01j -0.18707183-1.44713549e-01j
   0.00417779-3.02741898e-02j  0.06875061+2.58962257e-02j
   0.07680998+1.46088616e-01j -0.21110291-2.70456915e-01j]
 [-0.11103999+6.21605430e-02j  0.05499245+1.64486485e-01j
  -0.16522304-5.04043386e-02j  0.24681483+3.14588772e-01j
  -0.29624602-1.00155739e-02j -0.29748597-1.02488368e-03j
   0.18566834-1.32195313e-02j  0.07345152-7.21419225e-02j
  -0.03679341-1.03519505e-01j -0.09379475-1.27833392e-01j
   0.20524268+2.38521566e-01j  0.10134064-2.54400650e-01j
  -0.05271749-3.91331296e-02j  0.35928981+1.77673624e-01j
  -0.08821766-1.92368131e-01j -0.00431198+3.48433084e-01j]
 [ 0.26134398+2.66053876e-02j -0.01592998-2.57069634e-02j
   0.06698401-2.39592812e-02j  0.10500347+2.33858020e-02j
  -0.03582178+2.32414120e-01j  0.02034679-4.58418370e-02j
  -0.23858616-2.77095859e-01j  0.13899907-1.97826420e-01j
   0.13225002-2.06727334e-01j -0.31856668+4.33871677e-02j
  -0.13613187-9.79756362e-02j  0.39896625-4.09387152e-02j
  -0.02497076-1.32986889e-01j -0.00424247-7.22833384e-02j
   0.28521741+3.45926889e-01j -0.1785197 +2.33359494e-01j]
 [-0.25892077-1.34145531e-01j -0.23036735-1.80795101e-02j
   0.19653933+4.52780152e-02j  0.32451007-1.33363912e-01j
   0.04648684+6.32942641e-02j  0.17307642+2.37953954e-02j
  -0.12391175+1.98706144e-01j -0.02291953+1.63810604e-01j
   0.02569223+1.60439339e-01j -0.09751414-8.67544061e-02j
  -0.04730433+7.62031883e-02j  0.19426984+2.89206929e-01j
  -0.19973212-5.24765799e-01j  0.14897654-1.18298990e-01j
  -0.08140002-1.99930251e-01j  0.01812835+8.75356223e-02j]
 [ 0.10080753+2.75180450e-02j -0.13360701-8.13261152e-02j
  -0.30492454-1.78320492e-01j  0.01807317-1.57682753e-01j
   0.11551649+9.47199241e-02j  0.01514941-1.97195016e-01j
   0.00220795-5.38006432e-03j  0.06831269+3.09325637e-01j
  -0.02398827+4.15989900e-03j -0.20122283-2.79211134e-01j
  -0.07471415-2.57438167e-01j -0.15322695+1.10717907e-01j
  -0.14513066+2.84980087e-01j  0.38495815-7.52766162e-03j
   0.33465426-2.28222196e-01j -0.1032789 -3.04450768e-02j]
 [ 0.16648838-4.69998996e-01j  0.17903625-5.15315868e-01j
   0.07739294-9.37423113e-02j -0.13524158-1.05964939e-01j
  -0.11314116+8.81570478e-02j -0.04294443-6.11990477e-02j
   0.15876024-1.41577535e-01j -0.13024679-1.00349920e-01j
   0.1694761 +2.31102500e-01j -0.05153416+2.19456163e-03j
   0.15532219+2.06517649e-01j  0.26466   +7.26326870e-02j
  -0.10389913+1.80375335e-01j  0.08787573+7.07256553e-03j
  -0.10114047-1.39756962e-01j  0.05277799-2.23852105e-02j]
 [-0.30573443-2.00311368e-01j  0.24392683+1.86734624e-01j
   0.16431862-6.11252303e-02j  0.05543819+1.51481259e-01j
   0.17425805-2.45122214e-01j  0.26244201+1.05809289e-01j
  -0.00524207-2.69963300e-01j  0.253952  -8.24037377e-02j
   0.27494958+5.72498937e-02j  0.04047048+1.68178601e-01j
   0.13861681-1.62150260e-01j -0.13224212+2.12014090e-01j
  -0.08013448+1.79893430e-01j  0.06653271+6.85874736e-02j
   0.2253262 -6.90035727e-02j  0.11689042+2.58283186e-01j]]
Final objective value: 
0.9335851773921263
Final objective value with norm: 
0.9335851773921263
Final penalty of max controllers: 
0.0
Infinity norm of continuous and binary controllers
6.012519606165931
