Rounding result: 
[[-4.88697551e-02-0.11345615j  1.17812791e-01-0.17702778j
   9.13172332e-02-0.27599926j  2.04854546e-01-0.27194357j
  -1.21061504e-01+0.02333824j  1.35142965e-01-0.18960726j
   1.11939463e-02-0.28435425j  8.81860742e-02-0.21826443j
  -6.13758789e-02-0.08620122j  4.09100236e-02-0.22370911j
  -7.94282695e-02-0.36261075j  1.09507420e-01-0.36904702j
  -1.48085803e-01+0.01459172j  9.89901887e-02-0.22569035j
  -2.18058067e-02-0.21678687j  1.25694458e-02-0.2320909j ]
 [ 4.49533322e-02-0.27037238j  8.59100721e-02+0.16172321j
   6.82863431e-02-0.23455427j -2.49759254e-01+0.11912943j
   1.48808095e-02-0.24773678j  8.93675003e-02-0.01241203j
   1.67707851e-02-0.21148025j -2.93789243e-01+0.1497684j
  -1.01742581e-01-0.30563503j  1.67305048e-01+0.00313094j
  -4.30014814e-02-0.22375119j -2.63717480e-01+0.31283792j
  -3.28681019e-02-0.21262404j  7.82476449e-02+0.11442435j
  -2.74104686e-02-0.24350795j -2.19321200e-01+0.08283674j]
 [ 2.02704749e-01-0.12757547j  2.66431280e-01-0.24777416j
  -1.11303360e-01+0.26971418j -6.93598166e-02+0.094784j
   1.49468716e-01-0.15113658j  1.08122529e-01-0.30711119j
  -4.92793297e-02+0.10994066j -2.73751355e-02-0.08279267j
   8.01464765e-02-0.17382602j  5.54604987e-02-0.23295231j
  -6.49086769e-02+0.23692773j -1.34018009e-01-0.00858645j
   2.02629969e-01-0.23925354j  2.13784358e-01-0.42638305j
   5.16567436e-02+0.17573629j  7.13682667e-02+0.03466646j]
 [-7.80926213e-02-0.33128642j  8.28517382e-03+0.26773544j
  -1.14583305e-01+0.18861491j  1.15044479e-01-0.27649165j
  -1.39145423e-01-0.14355522j  2.16370034e-02+0.15933824j
  -1.80124728e-01+0.14498395j  1.80907297e-02-0.1209814j
  -1.96591097e-01-0.06570234j  5.35485266e-02+0.22345511j
  -7.36280524e-02+0.27213003j  2.28208211e-02-0.1891761j
  -1.99126120e-01-0.37240196j  1.32086164e-01+0.16182604j
  -1.26101076e-01+0.09304198j -3.91524246e-02-0.28310415j]
 [-5.55941167e-02-0.27918095j -1.78928714e-02-0.39421659j
  -5.70399423e-02-0.03903479j  6.20206475e-02-0.25796631j
   1.94613951e-01+0.14906577j  6.24724332e-02+0.38563912j
   4.92340918e-02+0.09934052j -7.56369335e-02+0.22944944j
  -9.56736378e-02-0.26126693j -6.57730357e-03-0.33651231j
   5.34159797e-02+0.02987411j  6.76222873e-02-0.13832593j
   8.15495365e-02+0.0581247j   8.47027923e-04+0.28277325j
   8.68905290e-02+0.16229397j -8.04264521e-02+0.23705643j]
 [-1.99861208e-01-0.39806688j  1.91228296e-02+0.16350756j
  -4.16983618e-02-0.16416552j  6.86864341e-03+0.19785489j
   2.41913194e-01+0.28156503j -5.38139472e-02-0.25374434j
   1.39926441e-01+0.24186247j  7.22399182e-02-0.00812777j
  -1.62445871e-01-0.27168072j -6.77306830e-03+0.29379828j
  -2.82661448e-02-0.13285113j  2.45025593e-02+0.00534763j
   1.04487050e-01+0.30818946j -3.30288546e-03-0.0962013j
   6.32331357e-02+0.22532645j  8.29878678e-02-0.1889695j ]
 [-9.13481588e-02-0.11427237j -1.19269639e-04-0.13834193j
  -6.94672413e-02+0.32998356j -1.72574952e-01+0.2864518j
   1.69053812e-02+0.26359281j  1.59760918e-02+0.19826672j
  -7.91119624e-02-0.32284372j  1.19175478e-02-0.30567023j
  -3.94615993e-02-0.11426423j  6.89619640e-02-0.15923272j
  -1.63372535e-02+0.20628848j -2.29703281e-02+0.15058646j
  -5.83688853e-02+0.21017135j  5.03624252e-02+0.16442013j
   6.14289333e-02-0.31461137j  1.70404746e-01-0.31752367j]
 [ 1.80242787e-02-0.0249677j   2.80117130e-02+0.25211553j
   9.63663608e-02+0.35738634j  5.06102358e-02-0.22077739j
   1.30626125e-01+0.21303713j -1.42011585e-01-0.15180908j
  -9.22855636e-02-0.24864472j  8.73348127e-02+0.3945846j
  -5.81591080e-02-0.18874651j  6.80518492e-02+0.14257108j
   6.52030452e-02+0.14039775j  2.47534387e-02-0.2147055j
   7.99914051e-03+0.09848511j -3.11655301e-02-0.20000435j
  -6.43191850e-03-0.36417241j -3.75877168e-02+0.29599208j]
 [-1.61577388e-01-0.10133541j  1.44545561e-02-0.1865618j
   3.62064088e-02-0.17837625j  6.90137656e-02-0.28656722j
  -2.33947397e-02+0.12214681j  9.96434624e-02-0.25820387j
  -1.75517374e-01-0.38613821j -6.89793733e-03-0.27932349j
   6.77495780e-02+0.04428029j  4.05339096e-02+0.30631523j
   2.33068062e-01+0.22547947j  6.99104736e-02+0.30797547j
   1.48765454e-01-0.07364835j  2.82883809e-03+0.12776482j
   3.65037019e-02+0.19047609j  4.19053091e-02+0.26148775j]
 [-1.23782522e-01-0.24946132j  1.79605869e-01+0.10368959j
  -1.63814617e-02-0.14954921j -1.32470266e-01+0.15541734j
  -1.66996419e-02-0.22951497j  6.01897673e-02+0.00048329j
  -8.50440613e-02-0.31963388j -2.40898783e-01+0.35016417j
   2.18770104e-01+0.27719538j -9.70572744e-02-0.06068626j
   1.35520241e-01+0.20288004j  4.40750491e-02-0.3336902j
   9.12178638e-02+0.1232221j  -1.57622234e-01+0.02005913j
   6.52795012e-02+0.16618431j  1.92881629e-01-0.20006129j]
 [ 1.69706279e-01-0.20588591j  8.95669730e-02-0.41916349j
  -8.91627103e-03+0.3107161j  -4.11502315e-02-0.02305517j
   1.00926185e-01-0.26351692j  3.11748230e-02-0.28622098j
   7.36410833e-03+0.13175517j -3.94803022e-02+0.05937633j
  -3.70263449e-03+0.27380153j  5.24813291e-02+0.32343358j
  -1.01032951e-01-0.21729893j  8.25309315e-02-0.05975883j
  -9.44764342e-02+0.20655724j  6.04264071e-04+0.34474099j
  -5.52894080e-02-0.18619682j -5.32841886e-02+0.00805287j]
 [-2.88975454e-01-0.27613111j  1.45622919e-01+0.26680282j
  -4.00336472e-02+0.21236564j  5.05491967e-02-0.21950861j
  -1.44291444e-01-0.13463155j  7.04875176e-02+0.10733088j
  -9.90900132e-02+0.24454693j -8.51565180e-02-0.22097374j
   2.90095062e-01+0.08154863j -1.72476017e-01-0.17628858j
  -6.08239968e-02-0.22923264j  7.76783431e-02+0.20832455j
   2.49227954e-01+0.14517601j -1.42170293e-01-0.10398173j
   8.99704608e-02-0.21464079j  8.63324900e-02+0.19008344j]
 [ 4.06803903e-03-0.12030986j  3.94002883e-02-0.25823347j
  -4.37773983e-02-0.12832125j  7.87858114e-02-0.13266344j
   1.20893202e-01+0.21858115j -2.05866026e-02+0.38753417j
   2.32755725e-02+0.04590199j -9.78830516e-02+0.23662995j
   1.09661250e-01+0.29156491j -2.31960671e-04+0.3260577j
  -4.53217701e-02-0.04675069j -1.36345407e-01+0.22457947j
   1.09309092e-02-0.14300174j  1.86474358e-01-0.40301243j
  -3.79497527e-02-0.20197341j  1.60634755e-01-0.17733238j]
 [-4.79928712e-02-0.21858321j -2.80353675e-02+0.08056423j
   2.04441360e-03-0.19152048j -1.94313488e-02+0.16606219j
   1.74648964e-01+0.37793143j  1.56076765e-02-0.26196535j
   8.62279887e-02+0.1988192j   1.13106151e-01-0.03568259j
   1.46271261e-01+0.35483324j  2.67190594e-02-0.23581283j
   1.37255081e-03+0.15119971j  1.74138339e-04-0.10626974j
  -1.45963311e-02-0.41179436j -6.81994115e-02+0.20892726j
  -2.08148864e-04-0.3117057j  -1.12446824e-01+0.09536408j]
 [-5.91769797e-02-0.14584487j -4.95194247e-03-0.04479588j
  -8.05105964e-02+0.25617258j -2.12042388e-01+0.2965499j
  -6.42246346e-02+0.15643221j -6.07512659e-02+0.22963957j
   2.56718486e-02-0.25153622j  5.85955916e-02-0.16637548j
   8.68298941e-03+0.08550686j -9.36723817e-02+0.17261641j
   9.05702288e-02-0.39877991j  1.31528866e-01-0.24899888j
   8.11604566e-02-0.27789316j -2.74596416e-02-0.14701692j
  -1.51576812e-01+0.23956132j -2.35410784e-01+0.23167198j]
 [ 1.74556299e-02+0.0097104j  -1.44733160e-02+0.13753862j
   7.94224430e-02+0.32435409j  6.50721493e-02-0.24668702j
   6.83723731e-02+0.22791825j -7.20444525e-02-0.20592308j
   6.90550908e-02-0.20045019j -1.41199560e-02+0.24876433j
   4.56735003e-03+0.15943672j -1.07260566e-02-0.27809466j
  -6.72842059e-02-0.32290607j -1.21377256e-01+0.29767171j
   1.27428752e-02-0.14659764j  1.30255747e-02+0.17221108j
  -7.98255893e-02+0.35039841j  9.41973135e-02-0.2968017j ]]
Final objective value: 
0.19557186985791408
Final objective value with norm: 
0.19557186985791408
Final penalty of max controllers: 
0.0
Infinity norm of continuous and binary controllers
0.08837958841451687
