Rounding result: 
[[-3.90532398e-02+1.99113204e-02j  1.14520363e-01-1.99268902e-01j
   7.42864959e-03-5.04541508e-01j  4.78162788e-02-3.56427361e-01j
  -1.25250103e-01+5.94339215e-02j -4.52681026e-02-1.81593270e-01j
   6.59891583e-02-2.85019027e-02j  6.89480077e-03-9.32496399e-02j
  -6.76644999e-02-8.34323116e-02j  1.97360884e-01-1.59662078e-01j
   8.74818282e-02-3.44953046e-01j  3.78286757e-03-1.96076155e-01j
   2.82426929e-01+1.18007853e-01j  2.73713849e-02+1.16802689e-02j
   2.30238157e-01-1.80747002e-02j  3.22212385e-01+1.82700332e-02j]
 [ 5.73960792e-02-1.55667236e-01j -4.51158829e-02+4.67944417e-01j
  -2.48593543e-01-1.11967431e-01j  3.54607168e-01-9.77467024e-02j
   4.49778749e-03-4.52475033e-02j  5.19771681e-02+1.50502207e-01j
  -9.48796972e-02-5.75439163e-02j  2.70662183e-01-1.21383010e-01j
   1.45044784e-02-3.10031735e-02j -9.41102270e-02+2.14837966e-01j
  -1.96097982e-01-1.34394135e-01j  3.05572493e-01-6.64981393e-02j
   1.86552872e-01-2.49054792e-01j -6.07363405e-02+2.17026312e-01j
  -1.95305343e-02-1.84924342e-01j  1.20290246e-02+1.45826241e-01j]
 [ 8.66219282e-02-1.77628847e-01j -2.67087235e-02-3.72371350e-01j
  -1.16318759e-01+2.59972824e-01j  3.15949711e-01+5.50464690e-02j
   1.43321978e-01-1.09731679e-01j -5.69664051e-02-2.46717137e-01j
  -4.52308564e-02-1.02227101e-02j  6.65289412e-02+2.11966717e-01j
   7.94355571e-02-4.60849644e-02j  2.75150640e-01-2.20127772e-01j
  -1.94165598e-01+1.00548450e-01j  3.16362920e-02+1.16257802e-01j
   5.56707965e-02-2.60702562e-01j -1.78020731e-01-1.30080209e-01j
  -3.30288358e-02-2.87007013e-02j  2.49142198e-01+3.32879575e-01j]
 [ 4.86187027e-01-2.48261532e-01j  9.78496868e-03+4.07717190e-03j
   2.43505399e-01+1.43302498e-01j -1.77512954e-01-1.41595671e-01j
   2.41066464e-01-2.61773144e-01j -1.52179072e-02+4.53506209e-02j
  -4.28219183e-02-1.40168014e-01j -4.70892240e-02-1.04824612e-01j
   3.91751503e-01-6.17570780e-02j -7.07420120e-02-1.69539799e-02j
   6.70989856e-03-5.20465770e-02j -6.39087918e-02-1.41235911e-01j
   3.07265639e-01-1.13029360e-01j  1.40554476e-01+5.28210391e-02j
   8.94998034e-02+2.35366626e-01j -3.11327405e-02-1.52974866e-01j]
 [ 2.31360162e-01-4.16335583e-01j -1.57731935e-01-1.85947373e-01j
  -1.10791209e-01-1.18597607e-01j -6.12547124e-02+2.04603726e-02j
   1.82822355e-01+4.65952932e-01j  2.65052697e-01+5.61808295e-02j
  -1.55964457e-01+8.01868535e-03j -2.21710421e-02+1.65637707e-01j
   3.86558914e-02-3.31273259e-02j  4.92441281e-02+3.91711027e-03j
   9.47535802e-02-1.48774387e-02j  1.52851063e-01-1.82738016e-01j
  -3.73069081e-01+1.45311832e-01j  9.95953168e-03+2.64056385e-01j
   4.72392432e-02-4.59498966e-02j  2.38735965e-02-2.97721131e-02j]
 [-1.98060980e-01-1.12576958e-01j  2.47898313e-01-8.89974357e-02j
  -1.21578255e-01+2.17330348e-01j  1.33824293e-01-8.09827994e-02j
   3.02448020e-01-1.19820608e-03j -6.27221076e-02+1.87328715e-01j
   1.59959313e-01-1.48955626e-01j -3.76645514e-01-1.79674646e-01j
  -6.00080819e-02-2.28627352e-01j -1.65919150e-01+6.43339437e-02j
  -2.56715981e-02-1.60497150e-01j  2.01132530e-01+2.58265143e-01j
  -4.19422550e-02+1.75213360e-01j -2.86443580e-01+2.74043180e-02j
   2.87129078e-01+4.96671877e-02j  5.05224485e-02-1.26436019e-01j]
 [ 1.27160279e-01+9.81522267e-02j -1.42789284e-01+2.24725403e-02j
   1.28437051e-01+5.50104716e-02j  3.39515183e-01+3.23791854e-01j
  -9.42745168e-02-1.86967603e-02j  4.10984423e-01-2.08854768e-01j
  -8.11275065e-02-1.81062067e-01j -1.98343612e-01-3.97412513e-01j
  -1.26061775e-01+5.52663881e-02j -3.85269340e-02-1.45922756e-01j
  -7.41612189e-02+2.74756043e-03j -2.00014120e-01+5.82659510e-02j
  -2.02495144e-02-3.00742079e-02j  1.40948542e-01+1.37198887e-01j
   1.15126893e-01-1.48043639e-01j  1.95710452e-01-2.26165652e-01j]
 [ 1.97376990e-01+3.84510835e-02j  3.36043904e-02+2.09860489e-01j
   1.20610955e-01+1.97337116e-01j -7.01737733e-02-1.18416839e-01j
   4.96647484e-02+1.44232342e-01j -2.51734836e-01-1.65757333e-01j
   1.57428700e-02-4.67137522e-01j  2.49359730e-01+5.03548857e-02j
  -2.93884397e-01-7.78485949e-02j  6.02708248e-02+4.32831264e-02j
  -1.16688608e-01-4.82841595e-04j -9.87330471e-02-4.87570482e-02j
  -2.39120702e-01+9.16299482e-02j  1.60566295e-01-1.79931015e-01j
   3.88650160e-01-1.42508450e-01j -6.61514170e-02+1.46694219e-01j]
 [-9.99426450e-02-4.71732360e-02j -5.85218269e-02-2.02631395e-01j
   1.07438527e-02-3.07298287e-01j -8.44146836e-02-1.76112883e-01j
   1.40828671e-01+7.38381206e-02j  8.74825702e-02-1.57391212e-01j
   5.67174533e-02-3.16161488e-01j  1.32173447e-01-1.68133918e-01j
  -1.02509106e-01-5.24600546e-02j -1.24044472e-01+2.24323674e-01j
  -1.64719541e-01+4.26231374e-01j -1.66287166e-01+2.95015873e-01j
   1.34332323e-01+2.08402733e-02j -4.73428916e-02+2.60471430e-01j
  -1.61750827e-01+2.38329583e-01j -7.98213808e-02+1.53710943e-01j]
 [-3.64666768e-03-6.49507627e-02j  2.17191729e-02+1.33059409e-01j
  -2.16785308e-01-2.54033810e-02j  1.97884498e-01-2.98827910e-01j
   1.19158059e-02-1.48184706e-01j  3.17550295e-01+3.29251758e-01j
  -9.54682645e-02-1.39405527e-01j  1.76154259e-02+1.93488974e-01j
  -1.93462731e-01+1.81135702e-01j  1.08042429e-01-3.55739394e-01j
   2.41411372e-01+1.23968779e-01j -3.01535013e-01+3.29478373e-02j
   3.03198468e-02-2.64183439e-02j -1.14325328e-01-9.43753924e-02j
   1.40287898e-01+1.81558881e-01j -2.28974448e-01-3.26476827e-02j]
 [ 1.11979146e-01-9.42991476e-02j  7.26958338e-02-3.19144501e-01j
  -1.36674326e-01+1.10401967e-01j  2.43476628e-01+2.41440194e-02j
  -7.89359056e-02-1.39710990e-01j -2.68663178e-01-2.49536210e-02j
  -2.21372580e-02+1.82954537e-01j  1.72215110e-01-2.56137715e-02j
  -1.44611011e-01+2.11034749e-01j -9.98022815e-02+4.55880679e-01j
   2.21383540e-01-1.20866163e-01j -3.87157027e-01-9.98190900e-02j
  -6.06063499e-02-4.56003621e-02j -7.86452508e-02+2.38803594e-01j
   1.51736792e-01-1.11881496e-02j -5.26779323e-02-1.27556496e-01j]
 [ 3.97057405e-01-1.85558500e-01j -6.50825950e-02+3.42097575e-02j
  -2.54921315e-02-3.87240547e-02j -1.55909409e-01-5.43769808e-02j
   2.91346784e-04-2.72101162e-01j  7.13154362e-02-1.68938073e-02j
   2.89158441e-01+3.44370372e-01j -9.61698845e-02-8.99850680e-02j
  -5.70384938e-01+9.01613735e-02j -5.50499063e-02-5.06301273e-02j
  -1.29196706e-01-6.26918087e-02j  1.61986553e-01+1.47980986e-01j
  -6.07523984e-02+9.55362226e-02j  7.96574721e-02-3.15915279e-02j
  -9.85497213e-02+9.55511645e-02j  5.27216912e-02+1.56615583e-01j]
 [-7.28156608e-02-1.05584843e-01j -1.02781266e-01-7.63359733e-02j
   1.33905362e-01+3.04163517e-01j  5.56174163e-02-8.79140729e-02j
  -1.11510363e-01+4.48886144e-01j  1.22724639e-01+1.78004559e-01j
  -1.28135095e-01+1.23604147e-01j  9.19375199e-03+6.67403202e-02j
  -2.59529402e-01-1.05041933e-01j -2.11102664e-01+1.84473221e-01j
   9.60549299e-02+4.26765505e-02j -1.88174274e-02+1.89392827e-02j
   4.49028332e-01-7.97385569e-02j  2.03172200e-01-2.73274898e-01j
  -2.88384796e-03+1.10558932e-01j  2.07540642e-01+3.13440036e-02j]
 [-9.71761364e-02-3.48121828e-02j  3.43363042e-02-9.78144689e-02j
   1.40806747e-01-2.01817432e-02j  6.71607425e-02+4.64254099e-02j
   2.02747167e-01+1.17800921e-01j -1.76828426e-01+8.51016340e-02j
   2.77964604e-01-8.09327978e-02j -1.82091231e-01-1.41004186e-01j
  -7.78930060e-02+8.20743946e-02j -2.08124321e-01-2.77895756e-01j
   3.36401066e-01-9.90622986e-03j -1.57743386e-02-1.69029695e-01j
   4.09440167e-02-3.18339118e-01j  2.07082799e-01+1.89773522e-01j
  -1.00045034e-01-2.60339799e-01j -2.14633886e-01+3.74372341e-01j]
 [-1.35226414e-02-2.89424725e-02j -2.71049185e-01-2.85791353e-01j
  -1.09184128e-01+7.35000303e-02j  4.47914243e-02-1.06866657e-01j
  -1.09043689e-01-8.08554268e-02j  9.61686828e-02-1.17209079e-01j
  -7.94568416e-02-1.80673847e-01j  6.92382410e-02-4.10763232e-01j
  -2.84032775e-02-2.59346586e-02j -3.69329539e-02+6.62138475e-02j
   9.03779370e-02-1.24081927e-01j  2.38908017e-01-2.80769293e-01j
  -6.26237349e-02+5.08827097e-02j -1.77679743e-01-4.21973670e-01j
  -1.87277854e-01+4.36744891e-02j -3.73282051e-01+5.51605128e-03j]
 [ 4.06599699e-02-1.69521114e-01j  8.39078372e-02+1.65110794e-01j
  -1.52453987e-02+1.59038653e-01j -1.55279785e-01+6.71445897e-02j
  -1.02039195e-01+6.42181754e-03j -8.35949254e-03-1.71031620e-01j
   5.86229896e-02-3.21093347e-01j  1.83945683e-02+1.18551309e-01j
  -1.94233362e-01-1.97285218e-01j  2.36129512e-01+2.72239445e-02j
   3.65247092e-01-2.52102727e-01j -5.85644891e-02+1.48992463e-01j
   1.13885523e-01-4.93254398e-02j -1.91026460e-01+1.55231848e-01j
  -4.90434566e-01-7.65340872e-02j  7.46283908e-02-1.91770808e-01j]]
Final objective value: 
0.5654871509934555
Final objective value with norm: 
0.5654871509934555
Final penalty of max controllers: 
0.0
Infinity norm of continuous and binary controllers
0.23151595382186205
