Final evolution
Quantum object: dims = [[16], [1]], shape = (16, 1), type = ket
Qobj data =
[[ 1.60496529]
 [-1.        ]
 [-1.00151169]
 [ 1.3972893 ]
 [-3.51287147]
 [ 1.54905681]
 [ 1.43045809]
 [-1.17227045]
 [-1.17227045]
 [ 1.43045809]
 [ 1.54905681]
 [-3.51287147]
 [ 1.3972893 ]
 [-1.00151169]
 [-1.        ]
 [ 1.60496529]]

********* Summary *****************
Final fidelity error 4.429812072714867e-11
Final gradient normal 2.303095416968175
Terminated due to Goal achieved
Number of iterations 5
Completed in 0:00:00.859865 HH:MM:SS.US
