Rounding result: 
[[ 8.90646296e-01+2.08556898e-01j -6.67322382e-03+8.04648044e-02j
  -2.62215525e-01-1.59312702e-01j -1.62709024e-03+2.68131370e-02j
   4.92988797e-02+9.24433442e-02j -7.58727062e-03+9.49124277e-03j
  -9.62936847e-02+2.03639286e-01j -2.75317406e-03-1.46797428e-03j]
 [ 2.60048184e-02+1.58123915e-02j -2.61366274e-01-2.73221169e-01j
  -1.00466126e-04+2.89986505e-02j  8.89243274e-01-1.17563716e-02j
   2.03754624e-02+6.05617425e-03j -2.54836603e-02-1.89806321e-01j
   2.25348887e-03-1.85238951e-04j -8.18625947e-02-1.43333694e-01j]
 [ 2.72544711e-01-1.58755221e-01j  2.49662832e-02+8.09112592e-03j
   8.93885694e-01-2.20425733e-01j  1.22827072e-02+3.24960391e-02j
   6.98348721e-02-1.99587019e-01j  1.76817426e-02-2.31056796e-03j
  -7.44091908e-02-1.80621500e-02j  8.85284994e-03-5.49286622e-03j]
 [ 5.88304964e-03-8.55708178e-02j -8.90878695e-01-2.33704944e-03j
   2.00181024e-03+2.85499080e-03j -2.69051612e-01+2.79417733e-01j
   5.23785856e-03-5.87972930e-03j -1.42356209e-01-1.82487932e-03j
   8.05190226e-03+3.51867124e-04j  1.23628009e-01-1.13216815e-01j]
 [-3.09062377e-02-2.17998048e-01j  1.69523547e-02-7.82012776e-03j
   9.10199821e-03+1.24323359e-01j  3.28819993e-03-1.41421709e-03j
  -2.60379108e-01+2.74458070e-01j -4.19175773e-02-4.63342813e-03j
  -8.88842596e-01-1.21770293e-02j -6.57552735e-03-2.20322453e-02j]
 [-3.71654253e-04-9.18651968e-03j -4.88583966e-02+9.24673401e-02j
   3.76400609e-03-4.87545789e-03j -9.62344884e-02-2.03848160e-01j
   1.75405726e-02+8.50164347e-02j  7.13655473e-01-2.85241666e-01j
   5.64997776e-04-3.57873572e-03j  2.21683629e-01-5.39227100e-01j]
 [-6.98087951e-02-4.08600939e-02j -7.75004853e-04-8.43267858e-03j
  -1.24253308e-01-1.62386020e-01j  7.97702063e-03-3.35452419e-03j
   8.90164130e-01-1.33421846e-03j  1.77812207e-02+6.92971431e-02j
  -2.70893029e-01-2.81020144e-01j  2.84631152e-02+2.87185687e-02j]
 [-1.93986932e-02+2.02469649e-03j  6.97267703e-02+1.99850524e-01j
   2.23525833e-03+2.68727649e-04j  7.40011077e-02-1.83762883e-02j
   2.25992571e-02+1.52792021e-02j -2.29121852e-01-5.40859786e-01j
  -1.30937750e-03+2.76747713e-02j  7.15213863e-01+3.01545730e-01j]]
Final objective value: 
0.9335352063593454
Final objective value with norm: 
0.9335352063593454
Final penalty of max controllers: 
0.0
Infinity norm of continuous and binary controllers
0.5
