Rounding result: 
[[-0.17024312+0.03153011j -0.02256792-0.14684406j  0.01765491+0.0050042j
  ... -0.03433126+0.03705783j -0.0007483 +0.00698375j
  -0.00797706+0.01237716j]
 [-0.07690038-0.13071475j -0.15506806+0.07639542j -0.01211578-0.00543123j
  ...  0.05313035+0.0251401j   0.00126697-0.00492155j
   0.007007  -0.00802599j]
 [ 0.02263435-0.00513961j -0.02901976+0.01916809j -0.07203079+0.093579j
  ...  0.01124009+0.0036748j  -0.0399545 -0.02113461j
  -0.06147625+0.04584369j]
 ...
 [-0.05734638-0.00846841j -0.01191152+0.06649663j -0.01217535-0.00405286j
  ...  0.16599446+0.05997432j  0.0316009 -0.0206308j
  -0.0178872 +0.00202308j]
 [ 0.00649685-0.00736171j  0.00232442-0.00612655j -0.02493252+0.02968439j
  ... -0.01475298-0.00868534j -0.02277355-0.11171206j
  -0.19149339-0.05669601j]
 [ 0.00741228-0.01136671j  0.00195339-0.00884311j -0.06678559+0.00241928j
  ... -0.02191217-0.00892684j  0.11656506-0.1582471j
   0.05476767+0.10207989j]]
Final objective value: 
0.9784942105481655
Final objective value with norm: 
0.9784942105481655
Final penalty of max controllers: 
0.0
Infinity norm of continuous and binary controllers
0.5
