Rounding result: 
[[-8.21654656e-01-2.94196713e-01j  1.12791347e-01-2.00629896e-02j
   1.60810313e-01-2.60801885e-01j -1.45784556e-02+4.11967264e-03j
   1.61047753e-01-2.95918308e-01j  3.70867616e-03+3.94755130e-02j
  -2.56129737e-04-7.33527099e-04j  9.37238213e-03+7.39203053e-04j
   3.71569019e-02+1.11495602e-01j -1.15778696e-02-1.01385100e-02j
  -3.85306001e-02+8.88918376e-03j  1.63897058e-03+7.91011730e-04j
   2.44654576e-03+1.36170847e-02j -1.01592089e-03-1.18376472e-03j
  -1.11155683e-02-8.77391438e-04j  9.24315447e-05+1.21835404e-03j]
 [-3.79576414e-02+1.00641179e-01j  1.54463490e-01+9.15160422e-01j
  -3.34842741e-02-1.86831643e-02j  7.06842701e-04+1.71419700e-03j
  -3.65892193e-02-2.02050038e-02j -3.19971935e-01+2.47372687e-02j
   5.02847694e-03-1.76840510e-03j -5.73777348e-03+6.94106321e-02j
   1.38287484e-02-4.36113308e-03j  8.29783997e-02-9.29477148e-02j
   1.36441050e-03+4.74695643e-03j  9.88012919e-04+3.70022187e-04j
   1.70178568e-03-2.93681919e-04j  9.29337362e-03-8.90945748e-03j
  -3.37807466e-04+1.45926310e-03j -4.29088181e-03-3.05200167e-03j]
 [ 3.02914620e-01-1.78766195e-02j  1.36758375e-03+1.28589383e-03j
   1.60070148e-02-9.28376961e-01j -2.58082894e-02+1.17773258e-01j
   1.08860183e-01+6.57793410e-02j -5.36739813e-04+1.38290975e-03j
   1.60934745e-03+8.87380889e-04j  3.72198463e-05+5.87198552e-05j
  -2.54738032e-02-3.03269771e-02j  3.61904924e-05-2.62514939e-04j
  -9.24653907e-02+5.89661178e-02j  1.32336541e-02-5.24625646e-03j
  -4.11813573e-03-2.30459060e-03j -6.14768381e-04+1.67968721e-04j
  -1.10510299e-02+3.31253408e-02j  2.35493733e-03-3.75853431e-03j]
 [-1.34763377e-02+2.42259177e-02j -2.11849322e-04-1.22085447e-04j
   1.12053587e-01+3.80057427e-02j  8.43193571e-01+5.09018820e-01j
  -4.11293890e-03+4.01855242e-03j -2.01069434e-04+4.77726889e-04j
  -1.51714778e-04+1.46270219e-04j -1.37364558e-03+9.92113680e-04j
   3.47695284e-03-3.97509245e-04j  4.72064923e-06+8.24935911e-06j
  -3.70873246e-03-1.34893743e-02j -6.29665820e-03-1.16916751e-01j
   7.31519280e-05-9.95652836e-05j -7.68784857e-03+6.29005231e-03j
  -3.26565705e-03-2.74216370e-03j -2.04283863e-02-2.58429713e-02j]
 [ 3.38101521e-01+4.38306808e-02j -3.35311583e-02+1.55862890e-02j
   9.42110744e-02+6.50707062e-02j -5.53646246e-03-1.10510186e-03j
   1.53823611e-01-9.04187399e-01j  2.59004495e-02+1.02379718e-01j
  -4.20743521e-03-3.60374924e-03j  4.01790131e-04-4.52399265e-02j
  -7.56664555e-03-9.39611910e-03j  1.41703010e-03+3.81705571e-04j
   1.31193783e-04-6.37952868e-03j  6.38780100e-04-8.45278689e-04j
  -3.60906633e-02+1.14444842e-01j -1.59746214e-03-1.36064592e-02j
  -7.90404415e-05-1.96137460e-03j -9.79977517e-04+5.33624807e-03j]
 [ 5.32627243e-03-4.15925177e-02j -1.17501357e-01-2.77412369e-01j
   7.35868860e-03-1.12762388e-02j  5.25163262e-04+1.20423073e-03j
  -1.10679011e-01-1.90486060e-02j -8.48664619e-01+1.98447656e-01j
   2.46389405e-02-3.80568696e-02j  3.41642487e-01-3.85822793e-02j
  -1.21503695e-03+1.01409786e-03j -3.35466609e-03+1.13825280e-02j
   4.98976918e-04-6.84956539e-04j  1.12214986e-02+3.58985757e-03j
   1.40082836e-02+4.43823842e-03j  1.12412864e-01-1.13203739e-02j
  -3.74379097e-03+4.20434515e-03j -3.87576596e-02-2.76750216e-03j]
 [ 5.59117808e-04+7.09274693e-04j -4.68319227e-03-5.45494151e-03j
   2.59754732e-03-1.23441849e-04j -3.28446627e-04-3.67010921e-05j
  -1.29202777e-04+2.45930134e-04j  1.07041989e-02+2.98505583e-02j
   8.43792931e-01-5.09798279e-01j -1.10245796e-01+3.75058047e-02j
  -4.65391528e-03+1.03132408e-02j -8.09811935e-05+1.21540846e-05j
   4.41153955e-02+7.88847479e-03j -5.20412794e-03-2.21142451e-03j
   7.94993538e-06+4.40167300e-06j -7.63525732e-04-3.63967296e-03j
  -9.49689524e-02+4.62396840e-02j  1.20415108e-02-2.97606226e-03j]
 [ 1.01137388e-03-1.20266005e-03j -1.30249754e-01-1.93660175e-02j
   3.57458638e-04+2.22519084e-04j -1.04527998e-03+2.55678552e-03j
  -5.36984044e-03-3.69598463e-03j  1.04072964e-01+3.13221105e-01j
   2.81906595e-02+1.08197994e-01j  1.27068562e-01+9.11862516e-01j
  -3.35600748e-04-7.60000520e-04j  1.16635327e-03-8.34744917e-04j
  -2.60529673e-03+4.72552550e-03j -2.71668350e-02+3.40164775e-02j
   5.91192295e-04+5.24660500e-04j -6.89436287e-03-3.96879360e-02j
  -2.01543583e-03-1.17210928e-02j -6.24786341e-03-9.89775959e-02j]
 [ 9.11465037e-02+6.93405017e-02j -1.48195252e-02-1.93278035e-03j
  -2.98124036e-02+2.61497681e-02j  1.94909609e-03+1.22494207e-04j
  -2.04407552e-02+2.29839805e-02j  3.61958272e-04-3.72820487e-03j
   1.01632587e-03-6.79773953e-04j -1.03382080e-03-8.14122827e-04j
   2.38535425e-02+9.28256316e-01j -6.39171205e-02-1.03437482e-01j
  -3.21509116e-01-3.30369629e-02j  1.03100198e-02+1.20919143e-02j
   1.22666598e-04-9.10175213e-04j  2.32468019e-04+8.70556642e-04j
  -4.67767653e-02-1.40268542e-02j -8.94673509e-04+2.87712622e-03j]
 [ 8.72501082e-03-1.10935502e-02j  1.67539812e-02-1.19863858e-01j
   3.43557080e-03+3.59356573e-03j -1.47231079e-05-2.35423308e-04j
   2.82997305e-03+2.58226744e-03j  3.02867986e-02+3.16871900e-03j
  -2.96654493e-04-3.76462151e-04j  6.55846637e-03-7.04482967e-03j
   1.14483456e-01-1.07823431e-03j  8.42472270e-01-5.09452466e-01j
  -2.38640256e-03+4.03964743e-02j  1.26578894e-03-1.51449304e-03j
  -1.13259916e-04-1.72270028e-05j -7.21609781e-04+3.77272587e-04j
  -1.71753497e-03+6.21958425e-03j  4.38590338e-04+4.25305564e-04j]
 [-3.34462865e-02-8.96347621e-03j  1.22658470e-04-2.63328693e-04j
  -3.31199260e-02+9.97183688e-02j  6.79291021e-03-1.18260548e-02j
  -4.65968046e-03-9.12322723e-03j -9.94073001e-04-7.77643319e-05j
   5.14761293e-03+3.67441676e-02j  3.24751890e-04-4.42406338e-03j
  -1.07867461e-01-2.38486036e-01j  5.71813888e-04-1.56591175e-03j
  -7.03686475e-01+1.22291207e-01j  9.27017984e-02+6.80910235e-04j
   5.85846194e-05+2.52571321e-04j -1.61012542e-02-4.16370733e-03j
  -2.01146193e-01+5.93579582e-01j  3.98897120e-02-6.45754856e-02j]
 [ 2.32485275e-03-2.10812242e-03j  1.58429794e-04-3.97072092e-03j
  -1.06973233e-02-7.96045137e-03j -7.26885155e-02-8.37843839e-02j
   6.37673420e-04-3.85944235e-04j -7.23195279e-03+1.53667162e-03j
  -4.32863605e-03-6.27171377e-04j -3.40247592e-02-1.07871349e-02j
   2.37156160e-02+3.97959410e-03j -4.33401115e-05+1.37367081e-04j
   1.15114862e-02-9.10002215e-02j  2.58974679e-01-7.26407181e-01j
   2.36453318e-03-6.25817075e-04j -1.25527806e-01-6.96958992e-03j
  -5.99380416e-02-4.35725020e-02j -4.20171281e-01-4.29617010e-01j]
 [-2.62209756e-03+3.27039106e-02j -1.69529481e-03-3.16372924e-03j
  -9.06120382e-03+8.97252004e-03j -7.09556181e-04-1.15586400e-03j
   1.04762098e-01+4.89724277e-02j -1.33161737e-02-1.94596935e-04j
   5.38482620e-04-3.99413235e-04j  5.16970798e-03+1.31154594e-03j
   7.73570342e-04-1.21030679e-03j  9.61809296e-06+1.49061671e-04j
  -1.31623310e-03-2.58525997e-04j -1.17822319e-02-1.34732737e-02j
   8.43196448e-01+5.09496810e-01j -1.11566358e-01-1.30638044e-02j
   4.63847442e-03-2.70046227e-03j  3.70651404e-02+1.59613011e-02j]
 [ 4.26337751e-03+4.32716346e-04j  2.62078128e-02-1.28352620e-02j
   1.43364383e-03-9.00208755e-05j  5.92798476e-03-8.07324407e-03j
   6.06948949e-03-1.27891439e-02j  3.58822721e-03-1.09758372e-01j
   3.84183570e-03+3.94473407e-03j -4.96325167e-03+4.00449030e-02j
   1.30242033e-03+1.49174959e-03j -1.21106609e-03+5.19874851e-05j
   6.94179579e-04-1.55149100e-02j  9.50931057e-02-1.03894479e-01j
   6.25028617e-02-1.03183272e-01j  1.25070068e-01-9.17659378e-01j
   2.69409308e-02+3.33527906e-02j -8.37777887e-02+2.89610077e-01j]
 [ 1.57113497e-02-7.34945960e-03j  7.95868034e-04-3.46353865e-04j
  -1.05864224e-03-4.68652577e-02j -8.88575726e-04+5.98949160e-03j
   4.94933954e-03+1.34954247e-03j -3.52709468e-03+4.22745909e-04j
   3.42824174e-02+1.03653614e-01j -1.32926527e-03-1.28117820e-02j
   1.42544408e-01+1.38276835e-01j -2.26396797e-05+1.70231616e-03j
   3.86191103e-01-4.52479012e-01j -6.09527050e-02+4.64708587e-02j
   1.05636684e-05-3.53524882e-05j -2.77741046e-02-2.90369261e-04j
   2.47845229e-01+7.18377930e-01j -1.15534582e-02-8.79947938e-02j]
 [-4.36235904e-04+1.45572618e-03j  9.95969621e-04-1.47564505e-02j
   5.79656600e-03+1.41669549e-03j  4.49390798e-02+2.14918924e-02j
   4.13314645e-04-2.54325609e-04j -3.83992581e-02+6.24105357e-04j
  -1.23044315e-02+3.76714162e-04j -1.01595013e-01-8.38261895e-03j
  -1.57163739e-02+1.47125678e-03j  6.03175785e-05+3.49149881e-04j
   3.80179886e-02+6.24564257e-02j  2.05325603e-01+5.58784777e-01j
   5.10616381e-03-3.60330179e-03j -3.11470453e-01-3.02588039e-02j
  -8.48582798e-02+5.04693089e-03j -7.20550517e-01-2.93426964e-02j]]
Final objective value: 
0.9659199288967873
Final objective value with norm: 
0.9659199288967873
Final penalty of max controllers: 
0.0
Infinity norm of continuous and binary controllers
0.7
