Rounding result: 
[[ 0.06242775-0.1637281j   0.08010641-0.11662258j  0.21110664-0.17935694j
   0.18212013-0.16228045j  0.42992272-0.04319947j  0.34901497+0.05506182j
   0.32823093+0.11826544j  0.2873052 +0.09431327j  0.21144177-0.06834242j
   0.18384091-0.00885145j  0.16364309-0.04039951j  0.13736836-0.03924705j
   0.07578433-0.17112737j  0.09226777-0.11764188j  0.18640544-0.14465408j
   0.16025903-0.13238063j]
 [ 0.05016045-0.07876539j -0.09435976+0.07069635j  0.15721746-0.2518364j
  -0.15919803+0.30700211j  0.27456623-0.0108239j  -0.32213015-0.09545305j
   0.34903399+0.0404761j  -0.41121618-0.01909022j  0.14787058-0.05338178j
  -0.18886953+0.00628583j  0.14019281-0.05332706j -0.16242626+0.07202171j
   0.07067343-0.08292523j -0.11981341+0.07054305j  0.13557747-0.20588896j
  -0.13851964+0.2503598j ]
 [ 0.27116954+0.01703203j  0.2023933 +0.07559272j -0.34745284-0.0549394j
  -0.28469129-0.02636345j  0.34895237+0.17952813j  0.2137961 +0.21058244j
  -0.15268172-0.24403154j -0.14497914-0.19427796j  0.16247409+0.09170974j
   0.09704076+0.10474848j -0.05262337-0.09676458j -0.05106837-0.07622203j
   0.19995275-0.11763151j  0.17573   -0.04079995j -0.27398932+0.01346615j
  -0.22409348+0.02746889j]
 [ 0.22508247+0.03513515j -0.25938723-0.11945352j -0.24222935-0.02261423j
   0.2990248 +0.02326189j  0.25250796+0.26373175j -0.22813726-0.40828619j
  -0.15049198-0.10084534j  0.17459611+0.117102j    0.12011952+0.1326036j
  -0.10643511-0.20204893j -0.04773521-0.0398619j   0.05451665+0.0482255j
   0.20336944-0.06427221j -0.27027321+0.01198061j -0.17126533+0.04017378j
   0.20728677-0.04910343j]
 [ 0.32213015-0.09545305j  0.27456623+0.0108239j   0.41121618-0.01909022j
   0.34903399-0.0404761j  -0.09435976-0.07069635j -0.05016045-0.07876539j
  -0.15919803-0.30700211j -0.15721746-0.2518364j   0.11981341+0.07054305j
   0.07067343+0.08292523j  0.13851964+0.2503598j   0.13557747+0.20588896j
  -0.18886953-0.00628583j -0.14787058-0.05338178j -0.16242626-0.07202171j
  -0.14019281-0.05332706j]
 [ 0.34901497-0.05506182j -0.42992272-0.04319947j  0.2873052 -0.09431327j
  -0.32823093+0.11826544j -0.08010641-0.11662258j  0.06242775+0.1637281j
  -0.18212013-0.16228045j  0.21110664+0.17935694j  0.09226777+0.11764188j
  -0.07578433-0.17112737j  0.16025903+0.13238063j -0.18640544-0.14465408j
  -0.18384091-0.00885145j  0.21144177+0.06834242j -0.13736836-0.03924705j
   0.16364309+0.04039951j]
 [ 0.22813726-0.40828619j  0.25250796-0.26373175j -0.17459611+0.117102j
  -0.15049198+0.10084534j -0.25938723+0.11945352j -0.22508247+0.03513515j
   0.2990248 -0.02326189j  0.24222935-0.02261423j  0.27027321+0.01198061j
   0.20336944+0.06427221j -0.20728677-0.04910343j -0.17126533-0.04017378j
  -0.10643511+0.20204893j -0.12011952+0.1326036j   0.05451665-0.0482255j
   0.04773521-0.0398619j ]
 [ 0.2137961 -0.21058244j -0.34895237+0.17952813j -0.14497914+0.19427796j
   0.15268172-0.24403154j -0.2023933 +0.07559272j  0.27116954-0.01703203j
   0.28469129-0.02636345j -0.34745284+0.0549394j   0.17573   +0.04079995j
  -0.19995275-0.11763151j -0.22409348-0.02746889j  0.27398932+0.01346615j
  -0.09704076+0.10474848j  0.16247409-0.09170974j  0.05106837-0.07622203j
  -0.05262337+0.09676458j]
 [ 0.04747221-0.10092762j  0.05643499-0.07018173j  0.14258969-0.10372027j
   0.12337301-0.09427113j  0.27494795-0.00681019j  0.21888452+0.05167899j
   0.20266287+0.09079877j  0.17783501+0.0736342j  -0.33932684+0.08204705j
  -0.2890491 -0.0078848j  -0.2611402 +0.04392754j -0.21984234+0.04523083j
  -0.13896946+0.25911853j -0.15846393+0.17337888j -0.30913428+0.20455771j
  -0.26672163+0.18842388j]
 [ 0.03561318-0.04758882j -0.06328022+0.04034854j  0.11185999-0.15230712j
  -0.11576154+0.18722652j  0.17478935+0.00629171j -0.19988419-0.07602702j
   0.21959578+0.04242217j -0.26008873-0.0318291j  -0.23796728+0.06613147j
   0.2966233 +0.01249903j -0.22593295+0.06695415j  0.26297535-0.09361028j
  -0.12052709+0.12154736j  0.19604389-0.09633561j -0.23675316+0.30650091j
   0.24662393-0.37582003j]
 [ 0.17129811+0.02380938j  0.1248378 +0.05768165j -0.21789889-0.05152641j
  -0.17943321-0.03038033j  0.2128783 +0.13067625j  0.12560435+0.14390786j
  -0.08521088-0.16220879j -0.08270698-0.13026036j -0.24367822-0.16289411j
  -0.13962887-0.17557855j  0.07099002+0.15781582j  0.07098449+0.12545025j
  -0.32716004+0.16062178j -0.28012271+0.04312479j  0.43081995+0.01132151j
   0.35431078-0.01651842j]
 [ 0.14117829+0.03309039j -0.15891   -0.08825272j -0.15266183-0.02596517j
   0.18867954+0.02909883j  0.14762744+0.17949809j -0.12522961-0.27008028j
  -0.09068488-0.07122182j  0.10520478+0.08269559j -0.17248793-0.22194645j
   0.14283369+0.32911917j  0.07006482+0.06809476j -0.07969894-0.08199939j
  -0.32619931+0.07662581j  0.4248226 +0.01320905j  0.27305436-0.04267208j
  -0.33054141+0.05239919j]
 [ 0.19988419-0.07602702j  0.17478935-0.00629171j  0.26008873-0.0318291j
   0.21959578-0.04242217j -0.06328022-0.04034854j -0.03561318-0.04758882j
  -0.11576154-0.18722652j -0.11185999-0.15230712j -0.19604389-0.09633561j
  -0.12052709-0.12154736j -0.24662393-0.37582003j -0.23675316-0.30650091j
   0.2966233 -0.01249903j  0.23796728+0.06613147j  0.26297535+0.09361028j
   0.22593295+0.06695415j]
 [ 0.21888452-0.05167899j -0.27494795-0.00681019j  0.17783501-0.0736342j
  -0.20266287+0.09079877j -0.05643499-0.07018173j  0.04747221+0.10092762j
  -0.12337301-0.09427113j  0.14258969+0.10372027j -0.15846393-0.17337888j
   0.13896946+0.25911853j -0.26672163-0.18842388j  0.30913428+0.20455771j
   0.2890491 -0.0078848j  -0.33932684-0.08204705j  0.21984234+0.04523083j
  -0.2611402 -0.04392754j]
 [ 0.12522961-0.27008028j  0.14762744-0.17949809j -0.10520478+0.08269559j
  -0.09068488+0.07122182j -0.15891   +0.08825272j -0.14117829+0.03309039j
   0.18867954-0.02909883j  0.15266183-0.02596517j -0.4248226 +0.01320905j
  -0.32619931-0.07662581j  0.33054141+0.05239919j  0.27305436+0.04267208j
   0.14283369-0.32911917j  0.17248793-0.22194645j -0.07969894+0.08199939j
  -0.07006482+0.06809476j]
 [ 0.12560435-0.14390786j -0.2128783 +0.13067625j -0.08270698+0.13026036j
   0.08521088-0.16220879j -0.1248378 +0.05768165j  0.17129811-0.02380938j
   0.17943321-0.03038033j -0.21789889+0.05152641j -0.28012271-0.04312479j
   0.32716004+0.16062178j  0.35431078+0.01651842j -0.43081995+0.01132151j
   0.13962887-0.17557855j -0.24367822+0.16289411j -0.07098449+0.12545025j
   0.07099002-0.15781582j]]
Final objective value: 
0.2325866048410843
Final objective value with norm: 
0.2325866048410843
Final penalty of max controllers: 
0.0
Infinity norm of continuous and binary controllers
0.0
