Rounding result: 
[[ 8.26534896e-01-3.06828659e-01j -5.02796054e-02+4.87262549e-03j
   2.14917416e-01-4.27668063e-03j -3.60570016e-02+2.70645899e-02j
   7.69644413e-02-3.14270836e-01j -1.06343764e-02-3.46522993e-03j
   2.34565340e-01-7.41712500e-02j -4.97146615e-03-5.31523780e-02j
   1.03675088e-02-2.87078039e-04j -5.70070381e-04-1.17810199e-03j
   1.04019751e-02+3.49631892e-04j -1.18035264e-03-3.80965572e-03j
   4.72906096e-02-2.66118993e-02j -3.00062630e-03+4.44476115e-04j
   2.28146332e-02+2.81617785e-03j -1.07060111e-03+4.86687623e-04j]
 [-4.46349862e-02-6.28542728e-02j -2.02784774e-01-5.40959467e-01j
  -5.22932601e-03-1.80537996e-02j -4.05783578e-01-3.18107529e-01j
  -2.82848210e-02+6.18651164e-04j  6.77142107e-03-1.27735049e-01j
  -1.15772633e-02-1.81299512e-02j  5.72399674e-01-2.12387613e-01j
  -2.59081700e-04-8.69076668e-04j  1.13245536e-02-9.78738402e-03j
  -2.06089596e-04-8.86409749e-04j  3.85849994e-02-2.43250290e-02j
  -3.31867601e-03-3.39109703e-03j -1.37995621e-02-3.18284979e-02j
  -2.78941406e-04-1.99058076e-03j -8.54783879e-03-1.03841186e-02j]
 [-1.96402035e-01+1.02380304e-01j -5.57089700e-02-2.02984258e-02j
   3.66758332e-02-6.30726507e-01j  3.36610161e-02-8.71130165e-03j
   2.07501503e-03-1.98252028e-01j -2.15125909e-02+3.67370986e-02j
   6.21783240e-01+3.39035338e-01j -1.92573265e-03+2.56560392e-02j
   7.48713058e-03-1.19968059e-02j -6.69576352e-04+7.45470630e-04j
   4.99082784e-02+1.89316730e-02j  2.06912049e-04+2.42347553e-03j
  -6.72158754e-03+1.26646383e-02j -4.06698724e-03-6.87680061e-04j
   4.61886165e-03-2.03503770e-02j  1.69559170e-03-2.24328150e-04j]
 [ 1.84151969e-02-4.23310824e-03j -5.72030369e-01-3.94711334e-01j
  -1.65792942e-02+5.12867008e-02j  4.07558612e-01+5.46720160e-04j
  -4.43078561e-03+1.63237042e-02j -3.52480434e-01+3.53233430e-01j
  -4.40520913e-02-4.13508610e-02j -9.75805834e-02+2.85351844e-01j
  -8.75912773e-04+8.29630721e-04j -9.79612459e-03+6.47989673e-03j
  -3.71382915e-03-2.63534081e-03j -4.80682723e-03+2.81021738e-02j
   8.27055678e-04-9.01216754e-04j -4.41050164e-02-1.98064591e-02j
  -8.18577198e-04+1.58095184e-03j  1.98966297e-02+2.46058193e-03j]
 [ 3.96828063e-01-4.56701411e-03j -7.37230276e-03-1.20691958e-02j
  -2.01642514e-01-3.81514110e-01j  6.02544037e-02-3.17994964e-03j
  -4.20816389e-01+5.71465965e-01j  3.67612942e-02-2.19045931e-02j
  -2.28286423e-01+2.98735570e-01j  5.62249171e-03-4.30793591e-02j
  -3.43794028e-02+3.77139090e-02j  2.35675097e-03-8.33048661e-04j
   2.62791050e-03+1.23311257e-02j -3.96346117e-04-1.43227815e-03j
   1.08668772e-02-4.94748311e-03j  3.63264528e-04+2.81601859e-04j
  -1.03777909e-02-2.59887337e-02j  4.41230672e-03+2.59836275e-04j]
 [-9.37434466e-03-3.34103356e-02j  1.11476397e-01-1.17192316e-01j
  -2.76530072e-02+2.56713124e-02j  2.13639125e-01+6.56157263e-01j
   5.77946892e-02+2.25952947e-02j  3.50872126e-01+3.41174528e-01j
   3.04004311e-02+1.25130138e-02j  4.92517970e-01-6.55224385e-02j
   3.96383238e-03+2.04921769e-03j  1.61842074e-02+2.35649572e-02j
   9.81889579e-04-5.01253085e-04j  1.46469031e-02-8.62143821e-03j
  -6.63983641e-04-8.05686532e-04j -2.03438529e-03+4.84695843e-03j
  -1.95978723e-03+1.46512432e-03j  1.02019525e-02+4.95087463e-02j]
 [-6.95111878e-02+7.66472095e-03j -2.89187497e-02+1.50484984e-02j
   4.58541053e-01+3.83611597e-01j  4.35310897e-03+2.38370573e-02j
  -3.87227555e-01+4.37332133e-01j  1.61128197e-03-5.93364810e-02j
   5.27206904e-01-8.73158507e-02j  2.16830177e-02+3.94377901e-02j
  -2.10220478e-02+1.83173057e-02j  6.43789399e-04-4.22596673e-03j
   2.22871193e-02-8.77074362e-03j  8.14404523e-04+1.74019017e-03j
  -1.86523088e-02-6.96424689e-03j -3.24662058e-04+8.81149270e-04j
   2.58928650e-02+3.56697052e-02j -6.44880197e-04+1.89638406e-03j]
 [ 5.90373092e-03+8.60632822e-04j -3.72470499e-01+8.53400200e-02j
  -2.96165977e-02-4.15239356e-02j -2.09852174e-02+2.83252571e-01j
   4.13668041e-02-2.77878360e-02j  1.93436696e-01-6.68343684e-01j
  -4.54037844e-02-4.11803659e-03j  1.29548820e-01+5.11381009e-01j
   2.12919303e-03-1.06067112e-03j  1.97778734e-02-4.60380083e-02j
  -2.02853224e-03+2.45297928e-04j  4.10146322e-03+2.21444244e-02j
   1.39036335e-03+9.75736110e-04j -6.28400931e-03+9.03717740e-03j
  -1.37142568e-03-3.50130956e-03j -1.29134223e-02+1.96085100e-02j]
 [-5.00389907e-02+1.85554644e-02j  2.48342455e-03+2.12030390e-04j
   7.39608170e-03+1.20501267e-02j -7.63911184e-04+6.86139525e-04j
  -4.46611194e-03-2.03805502e-02j -2.29877309e-04+1.73753520e-03j
  -6.62571861e-03-1.27121091e-02j  7.04691061e-04+4.16759146e-03j
   3.19639782e-02+6.30867529e-01j  8.92679133e-03-3.44936817e-02j
   1.95597187e-01+1.03823619e-01j -2.08005438e-02-5.70870314e-02j
   6.24181229e-01-3.34326658e-01j -2.62906874e-02+1.97336910e-03j
  -5.95955381e-04-1.98225851e-01j  3.76458567e-02-2.20447435e-02j]
 [ 2.70053070e-03+3.80569738e-03j  5.01541182e-03+2.80604187e-02j
   8.50153126e-04-8.97580047e-04j -9.84239543e-03-6.40547282e-03j
  -1.62005952e-03+8.38826174e-04j -1.98740976e-02+2.60846004e-03j
  -9.23509968e-04+8.47514385e-04j -4.39480272e-02+2.01312462e-02j
   5.25553694e-02-1.69894128e-02j  4.07468905e-01-3.58630089e-03j
   4.33782176e-03-1.88707298e-02j  5.68966307e-01-3.98894779e-01j
  -4.23737487e-02-4.51417988e-02j -9.96883219e-02-2.84564105e-01j
  -1.67275003e-02+4.54038904e-03j  3.55040899e-01+3.50530308e-01j]
 [ 1.04061907e-02-2.72076533e-04j  3.71769194e-03+1.15185933e-03j
  -1.03669686e-02-3.64474609e-04j -1.14966301e-03-5.56309077e-04j
   2.28391694e-02-2.64639242e-03j -4.74939151e-04+1.04475717e-03j
  -4.70993635e-02-2.69688468e-02j  4.33746614e-04-2.92819221e-03j
  -2.14918710e-01-5.88084506e-03j  2.64112600e-02-3.51865979e-02j
   8.24373331e-01+3.13042856e-01j -4.75500199e-03+4.90658729e-02j
  -2.34048184e-01-7.59328059e-02j -5.18692978e-02-4.85145666e-03j
   7.46315496e-02+3.14893621e-01j  3.38158047e-03+1.03776662e-02j]
 [-8.65012122e-04-2.01114664e-04j  3.87724499e-02+2.40409034e-02j
   8.48097456e-04+2.52827557e-04j -1.13993271e-02-9.70440331e-03j
  -1.94252882e-03-2.72207856e-04j -8.47168319e-03+1.04494984e-02j
   3.30923711e-03+3.23856431e-03j  1.35642208e-02-3.19363739e-02j
   1.76179871e-02+5.10309187e-03j  4.03472860e-01-3.21184234e-01j
  -6.13369922e-02-4.35575130e-02j -1.98779991e-01+5.42556021e-01j
   1.76923004e-02+1.12977921e-02j -5.74072732e-01-2.08149738e-01j
   6.03717137e-04-2.76020351e-02j  7.72550129e-03+1.27704261e-01j]
 [-2.22170219e-02-8.93512495e-03j  1.78323690e-03+8.34550280e-04j
  -2.08810150e-02-1.84702460e-02j  4.33050360e-03-6.59714685e-04j
  -2.61534603e-02+3.54690941e-02j  1.94329452e-03-6.60832466e-04j
  -1.87003314e-02+6.82366911e-03j -9.02946079e-04+3.32693157e-04j
   4.61305803e-01-3.80111061e-01j -2.44267097e-02-4.46079094e-03j
   6.94394175e-02+8.18154606e-03j  1.54207500e-02-2.96341069e-02j
   5.26444908e-01+9.12295742e-02j -4.04133546e-02-2.22193860e-02j
   3.83884442e-01+4.40128309e-01j -6.08042753e-02+1.65113992e-03j]
 [-2.51365813e-04+2.07871163e-03j -3.93544167e-03+2.21703617e-02j
  -1.08690873e-03+2.18186244e-03j  2.01170834e-02+4.58808263e-02j
   3.58792074e-03+1.40535036e-03j  1.30569553e-02+1.95080780e-02j
   9.99872694e-04+1.42475648e-03j -6.35009102e-03-8.98841061e-03j
  -4.25511046e-02-3.03492174e-02j -2.30933918e-02-2.83036545e-01j
  -8.81922119e-04-6.04977030e-03j  3.73028734e-01+8.25440920e-02j
  -4.21990361e-03-4.65269285e-02j  1.25707567e-01-5.12239781e-01j
   2.84752180e-02-4.23900863e-02j -1.98380764e-01-6.66760553e-01j]
 [ 2.72031929e-03-1.23134238e-02j  1.39770344e-03+3.86778457e-04j
   3.41033297e-02+3.79762408e-02j -8.12939152e-04+2.29985981e-03j
  -1.05732966e-02+2.59153197e-02j -2.53563917e-04-4.30579515e-03j
  -1.08316427e-02-5.02932546e-03j  2.74804086e-04+3.54495447e-04j
   2.04520151e-01-3.80068590e-01j -3.10318674e-03+5.87998831e-02j
   3.96855294e-01+7.52846287e-03j  1.17778495e-02+7.19433790e-03j
   2.26092818e-01+3.00484972e-01j -4.20394381e-02+5.48676669e-03j
  -4.16617680e-01-5.74693971e-01j  2.13758238e-02-3.58738891e-02j]
 [-4.89153007e-04+9.58187101e-04j  1.47134906e-02+8.51348925e-03j
  -1.99975027e-03-3.86814682e-03j -1.60108890e-02+2.36893485e-02j
   1.42975672e-03-1.91247864e-03j  9.83414275e-03-4.95925119e-02j
   7.86237536e-04+6.47955303e-04j  2.07086285e-03+4.83252864e-03j
  -2.50516157e-02+2.69854731e-02j -2.08776526e-01+6.57852598e-01j
  -3.26038216e-02-9.14805120e-03j  1.12367993e-01+1.16378692e-01j
  -1.22109539e-02-2.96665751e-02j -4.93082922e-01-6.18578732e-02j
   2.20498521e-02+5.63995452e-02j  3.48380821e-01-3.43845100e-01j]]
Final objective value: 
0.8863498873390232
Final objective value with norm: 
0.8863498873390232
Final penalty of max controllers: 
0.0
Infinity norm of continuous and binary controllers
0.6
