Rounding result: 
[[-0.31680385+0.14501414j  0.29736987-0.03091489j  0.        +0.j
  ...  0.12282297+0.06075426j  0.        +0.j
   0.        +0.j        ]
 [ 0.22279845-0.19936254j  0.32033197-0.13704455j  0.        +0.j
  ...  0.15768254+0.02523474j  0.        +0.j
   0.        +0.j        ]
 [ 0.        +0.j          0.        +0.j         -0.38346156-0.3158764j
  ...  0.        +0.j          0.0730454 -0.03442986j
  -0.04642211+0.02427058j]
 ...
 [ 0.02134055-0.06176303j  0.04659208-0.06023634j  0.        +0.j
  ... -0.40509787-0.13619021j  0.        +0.j
   0.        +0.j        ]
 [ 0.        +0.j          0.        +0.j          0.17387127+0.06030946j
  ...  0.        +0.j          0.36356672-0.04451689j
  -0.23445073+0.0385847j ]
 [ 0.        +0.j          0.        +0.j         -0.11415413+0.03493942j
  ...  0.        +0.j         -0.17340915+0.16243518j
  -0.25676089+0.26122091j]]
Final objective value: 
0.9964637220858763
Final objective value with norm: 
0.9964637220858763
Final penalty of max controllers: 
0.0
Infinity norm of continuous and binary controllers
0.4
