Rounding result: 
[[-2.05681003e-01-5.15121280e-01j  2.27851184e-01+9.96832468e-02j
   3.37306634e-01-1.99066378e-01j  8.59004580e-02-5.45752320e-02j
  -3.60139112e-02-1.21361714e-01j  4.97087578e-02+2.74033807e-02j
   1.25548935e-16-4.33251577e-17j  2.48507854e-17-2.39460669e-17j
   7.51927834e-02-5.06454198e-01j  1.35457980e-01+1.85352266e-01j
   3.43637028e-01-2.01803702e-03j  8.92254997e-02-3.45567997e-03j
  -9.27968657e-18-1.73372732e-16j  3.24699381e-17+7.07537651e-17j
   7.80593733e-02-7.61865088e-03j  2.02070647e-02-2.64449831e-03j]
 [-4.98061712e-02-1.36131775e-01j -5.19276736e-01-4.19037818e-01j
   2.45054718e-01-2.53968627e-03j -1.73004018e-02-4.02177251e-02j
  -8.48345739e-03-3.19776277e-02j -1.09289569e-01-1.06058033e-01j
   8.15990223e-17+1.57356307e-17j -8.46959360e-18-1.21931307e-17j
   2.35004171e-02-1.31728171e-01j -2.19595598e-01-5.75468302e-01j
   1.86925686e-01+1.06263429e-01j  4.63825550e-03-3.81316721e-02j
  -1.10349656e-18-4.53608135e-17j -3.40334788e-17-2.06074631e-16j
   4.46983471e-02+2.02566588e-02j  2.59668786e-04-8.76316408e-03j]
 [ 2.33665021e-01-2.44876709e-01j  5.61376420e-03-8.97985171e-02j
  -2.42521688e-01-3.03483898e-01j -4.73130128e-01+2.20671098e-01j
   5.82093438e-02-5.07866657e-02j  3.14692451e-03-2.02923338e-02j
  -6.00528865e-17-1.17250290e-16j -1.42282666e-16+1.05335251e-16j
   3.00139190e-01-8.68067118e-02j  4.61883624e-02-6.90257889e-02j
  -4.98989335e-02-3.37177143e-01j -4.56158848e-01-4.15655483e-02j
   9.38577277e-17-4.91506206e-17j  2.00175842e-17-1.98110673e-17j
  -1.83663673e-02-7.55935357e-02j -1.04541305e-01+5.75203790e-05j]
 [ 1.22930311e-01-2.58490250e-01j -9.85727364e-02-1.59477774e-02j
  -4.30373630e-01-5.39765260e-02j  2.50722960e-01-4.52583315e-01j
   3.33253393e-02-5.61879948e-02j -2.20712094e-02-5.67844585e-03j
  -1.39353420e-16-4.70529453e-17j  5.26904882e-17-1.67348165e-16j
   2.18128148e-01-1.49101167e-01j -7.12250746e-02-5.85074295e-02j
  -3.02486167e-01-2.30931268e-01j  3.89912930e-01-2.32464443e-01j
   6.23923408e-17-6.43013549e-17j -1.97083858e-17-2.42597804e-17j
  -7.35603670e-02-4.61832102e-02j  8.37753431e-02-6.09584410e-02j]
 [ 1.27234808e-01-1.03695126e-01j -1.20894016e-02+3.35455832e-02j
   8.17848592e-18-1.27568516e-17j  8.48060790e-17+1.66780630e-18j
  -5.96630447e-01+4.01549861e-01j  6.61668514e-02-1.41530719e-01j
  -2.23246159e-02+4.15717351e-02j -2.62892651e-01-2.55654225e-02j
  -4.19033557e-17-9.85410261e-17j -7.58443410e-18+2.19911003e-17j
  -1.23878072e-03-7.74506610e-03j  3.73267643e-02-2.31158535e-02j
  -1.28611642e-01+5.35842346e-01j -3.60085090e-02-1.14169016e-01j
   8.50308891e-03+3.32978504e-02j -1.53618232e-01+1.15790067e-01j]
 [ 5.59290704e-02-2.47918683e-02j  4.99807802e-02-1.26956655e-01j
   2.62521433e-17+2.34864402e-17j -1.16102170e-16-6.99833008e-17j
  -2.53947119e-01+8.58005405e-02j -2.68859385e-01+5.33946445e-01j
  -8.71500023e-02-6.66062477e-02j  3.43633099e-01+2.45185054e-01j
  -5.39153554e-18-3.95451650e-17j  3.14615458e-17-8.32655628e-17j
   1.82326324e-02+2.10126835e-05j -7.01333523e-02+2.22294701e-03j
  -9.88536026e-02+1.80037607e-01j  1.24992020e-01+4.40689043e-01j
  -7.95612392e-02+7.20137017e-03j  3.05117482e-01-3.77525292e-02j]
 [ 2.42283420e-02-4.04029878e-03j  3.05467690e-02+6.34381097e-02j
  -6.00644274e-17-1.68705058e-16j -1.49127493e-16+1.72961156e-17j
  -1.07329504e-01+7.93734191e-03j -1.07906775e-01-2.89012607e-01j
   2.27036160e-01+5.09331411e-01j  4.67147377e-01-1.78480795e-02j
   1.86268088e-18-1.59157129e-17j  2.04967299e-17+4.11070686e-17j
  -8.13426505e-02-4.44439952e-02j -5.99506099e-02+4.94398912e-02j
  -5.64604949e-02+6.01055880e-02j -2.10687319e-01-1.07186669e-01j
   3.72692799e-01+1.61381498e-01j  2.41801243e-01-2.39696953e-01j]
 [ 1.48784498e-03+2.20823303e-02j -5.77695444e-02-5.99575117e-02j
  -1.49106363e-16-1.02068343e-16j  8.49144556e-17-1.04256129e-16j
   2.34114956e-03-9.69450189e-02j  2.28077745e-01+2.84715132e-01j
   4.87461096e-01+2.81041654e-01j -2.88693335e-01+3.03265769e-01j
   1.41079309e-17+3.07294972e-18j -3.82233216e-17-3.85917831e-17j
  -9.27588561e-02+1.19787411e-02j  7.59650390e-03-6.91823469e-02j
  -4.89226595e-02-5.59268009e-02j  2.76281673e-01+4.24799538e-02j
   3.99935026e-01-8.93693254e-02j -5.47221561e-03+3.04895824e-01j]
 [-6.90271456e-02-4.94374167e-01j  1.77694281e-01+1.36086871e-01j
   3.37559728e-01-1.01465359e-01j  8.67988287e-02-2.92303556e-02j
  -5.38766791e-03-1.13799025e-01j  3.75506526e-02+3.46320884e-02j
   1.19029699e-16-1.08770025e-17j  2.68640408e-17-1.55852090e-17j
  -2.15539708e-01+5.26519619e-01j -9.69723489e-02-2.35947412e-01j
  -3.71327063e-01-8.90184606e-02j -9.71932559e-02-1.99503202e-02j
  -3.59974727e-17+1.89535472e-16j -1.62587818e-17-8.49618061e-17j
  -8.62495613e-02-1.24950702e-02j -2.25056526e-02-2.50917443e-03j]
 [-1.42661462e-02-1.29671075e-01j -3.63731125e-01-4.77809544e-01j
   2.14699876e-01+5.04516195e-02j -6.47463641e-03-3.88648606e-02j
  -5.40576771e-04-2.97687383e-02j -7.27127820e-02-1.16174666e-01j
   6.79274628e-17+3.12899720e-17j -4.78086001e-18-1.24760310e-17j
  -6.03160633e-02+1.35900791e-01j  8.42278151e-02+6.79219562e-01j
  -1.73496032e-01-1.64267645e-01j -1.51243316e-02+3.99139467e-02j
  -1.08473642e-17+4.92381131e-17j -1.79661949e-17+2.31390777e-16j
  -4.28546425e-02-3.37196082e-02j -2.60579655e-03+9.38672439e-03j]
 [ 2.56833317e-01-1.63775441e-01j  2.42068102e-02-7.72685770e-02j
  -1.46710797e-01-3.17342051e-01j -4.60899891e-01+9.11524386e-02j
   6.17851873e-02-3.18713316e-02j  7.11165739e-03-1.70571404e-02j
  -2.72790886e-17-1.15372879e-16j -1.46981549e-16+6.14711177e-17j
  -3.46893597e-01+1.40139396e-02j -6.81565839e-02+6.22225846e-02j
  -3.56396227e-02+3.77063564e-01j  4.81174039e-01+1.65907611e-01j
  -1.14318259e-16+2.81261503e-17j -2.68569416e-17+1.60641961e-17j
  -2.43665237e-04+8.64411493e-02j  1.12817509e-01+2.76815834e-02j]
 [ 1.62987981e-01-1.99473218e-01j -8.27152413e-02-3.51236282e-02j
  -3.64503231e-01-1.39672985e-01j  3.16383906e-01-3.41624463e-01j
   4.11999254e-02-4.19400345e-02j -1.80675900e-02-9.70630524e-03j
  -1.11667978e-16-7.10717552e-17j  8.20154956e-17-1.34920953e-16j
  -2.74933962e-01+1.02995418e-01j  6.13263694e-02+8.20327703e-02j
   2.65103276e-01+3.29454807e-01j -4.82416645e-01+1.47357099e-01j
  -8.43872221e-17+5.28245362e-17j  1.48275872e-17+3.14071096e-17j
   6.71168562e-02+6.93544317e-02j -1.06572769e-01+4.35427436e-02j]
 [ 7.78814489e-02-9.47065066e-02j -3.90516389e-03+2.63495282e-02j
   4.10758411e-18-1.05485401e-17j  6.23515979e-17-1.12881020e-17j
  -3.77695849e-01+3.82071954e-01j  2.75788679e-02-1.13406503e-01j
  -1.02167516e-02+3.37370416e-02j -1.96293852e-01+2.00562772e-02j
   8.10352353e-17+1.18236863e-16j  4.14012795e-18-3.08630830e-17j
   3.67281010e-03+9.83621281e-03j -4.28729207e-02+4.02006154e-02j
   2.71388824e-02-7.37166900e-01j  7.74303999e-02+1.40303206e-01j
  -1.99597330e-02-4.14483543e-02j  1.70983381e-01-1.92552962e-01j]
 [ 3.73012684e-02-2.64056182e-02j  1.78751827e-02-1.00346000e-01j
   2.26895034e-17+1.33273289e-17j -9.53475014e-17-3.41246331e-17j
  -1.73315576e-01+1.00292794e-01j -1.18131605e-01+4.30680763e-01j
  -7.36469758e-02-3.59221769e-02j  2.87817476e-01+1.28866831e-01j
   1.75278239e-17+5.04689950e-17j -1.92772635e-17+1.17583216e-16j
  -2.39317653e-02+4.79170885e-03j  9.14466082e-02-2.14548937e-02j
   8.21351476e-02-2.62387856e-01j -2.80507537e-01-5.45266694e-01j
   1.02502674e-01-3.04799460e-02j -3.90418949e-01+1.30190886e-01j]
 [ 1.71470412e-02-6.53265697e-03j  3.17277088e-02+4.19514360e-02j
  -6.88718149e-17-1.14686964e-16j -1.06658449e-16+3.46636994e-17j
  -7.74292327e-02+2.16445486e-02j -1.21654134e-01-1.95734078e-01j
   2.41394057e-01+3.39506576e-01j  3.39470841e-01-8.19780279e-02j
   1.76252293e-18+2.13781251e-17j -3.77628245e-17-4.85260076e-17j
   1.18491373e-01+3.68220633e-02j  6.56035887e-02-8.07249451e-02j
   5.82044244e-02-9.37987492e-02j  3.04811290e-01+8.49690260e-02j
  -5.31731763e-01-1.13265907e-01j -2.53952365e-01+3.78461457e-01j]
 [ 4.34688062e-03+1.59519682e-02j -5.11502072e-02-3.53869623e-02j
  -1.24250050e-16-5.27529570e-17j  4.68064585e-17-8.88748010e-17j
  -1.25855729e-02-7.13405660e-02j  2.09024395e-01+1.74860889e-01j
   3.98435363e-01+1.33909889e-01j -1.66683476e-01+2.64673254e-01j
  -1.93257201e-17-3.03517825e-19j  6.03601266e-17+4.05397380e-17j
   1.18558801e-01-4.02375848e-02j  8.31771108e-03+9.27941239e-02j
   7.89826147e-02+6.04599640e-02j -3.73785663e-01+1.72819416e-02j
  -5.01202109e-01+2.22988619e-01j -7.34095835e-02-4.01553319e-01j]]
Final objective value: 
0.5967397477476841
Final objective value with norm: 
0.5967397477476841
Final penalty of max controllers: 
0.0
Infinity norm of continuous and binary controllers
0.0
