Rounding result: 
[[ 5.81970189e-01+7.36058019e-01j -5.33629525e-02-3.49689599e-03j
  -1.04207109e-02+3.29221217e-01j  1.92121617e-02-4.32849350e-02j
  -2.51983414e-02-7.19729774e-02j  2.04578136e-03+3.53624984e-03j
   6.58763939e-03+2.71413891e-03j -6.55754604e-03+2.45848110e-03j]
 [ 5.13296321e-02-2.27587423e-02j  3.31168746e-01-9.39120382e-01j
   3.14152760e-04+4.33178828e-03j -4.83800281e-03+1.26756624e-03j
  -5.64931332e-03+2.81830784e-04j -4.73389042e-02+3.56793807e-02j
  -4.39909747e-03-1.57131283e-04j  4.76396585e-03-3.99442834e-02j]
 [ 4.97305319e-03+3.31736938e-01j -1.06389797e-02-1.43620919e-02j
   5.80729287e-01-7.31043729e-01j -1.17455451e-01-3.45620409e-02j
  -6.44405855e-03+1.99153472e-03j  1.20801922e-03-1.44204477e-03j
  -2.03434529e-02-4.92377548e-02j -5.47029337e-03+5.24315164e-03j]
 [ 1.19628539e-02+3.15558699e-02j  2.05714283e-03+3.86454017e-04j
   1.25918335e-01+1.61960700e-02j  3.36824660e-01+9.30723762e-01j
  -1.88926608e-03+9.02629702e-04j  3.44957434e-03+1.11073787e-02j
   4.12595659e-03-5.45908674e-03j  5.27006783e-02+8.80793755e-03j]
 [ 4.24596047e-02+5.66465086e-02j -3.43385172e-03+4.82627404e-04j
   4.27388296e-03+2.94598867e-02j -2.40595073e-03-4.26363254e-03j
   3.29302049e-01+9.38142646e-01j -4.13260286e-02-3.54070185e-02j
  -9.13049121e-04-4.19277891e-03j  3.88730667e-02-3.19956669e-02j]
 [ 3.24096948e-03-1.13771367e-03j  1.53160107e-02-6.91534932e-02j
  -1.18736446e-03+5.33252101e-04j  1.04461772e-02-6.53225476e-03j
   6.95185289e-02-5.34543605e-03j  6.75882684e-01-5.94346565e-01j
   4.52631419e-02+1.06791077e-02j  6.26216962e-02+4.16901685e-01j]
 [ 6.55725332e-03-9.72235333e-03j  9.50420148e-04-1.54954833e-03j
  -5.19059721e-02+7.89210496e-03j  4.11779643e-03+5.48364399e-03j
   2.36024043e-04+1.78598792e-03j -1.19695139e-02-4.22519513e-04j
   3.37722041e-01-9.31167987e-01j -1.23310061e-01+2.39493150e-02j]
 [-1.28710063e-03+9.84197686e-04j -1.07592669e-02-6.97292268e-03j
  -4.94054188e-03-5.29033268e-03j  1.01355907e-02-5.21429511e-02j
   2.59074902e-02-3.96948340e-03j -6.24483848e-02+4.23391686e-01j
   1.12437884e-01-3.30354016e-02j  6.75412446e-01+5.85829424e-01j]]
Final objective value: 
0.9159580466519737
Final objective value with norm: 
0.9159580466519737
Final penalty of max controllers: 
0.0
Infinity norm of continuous and binary controllers
0.7
