Rounding result: 
[[ 1.72615407e-01-0.27859592j -2.06364344e-01-0.33850314j
   3.50078587e-02-0.35704358j  6.96383739e-02-0.13039189j
   1.72002597e-01-0.07700829j -2.76986566e-01-0.38973802j
   1.09530240e-01-0.55461499j -1.41549794e-02-0.0305438j ]
 [ 1.00642916e-01-0.22946516j  3.11643491e-01+0.36820825j
  -2.31517685e-02-0.30701359j -4.63792205e-02+0.16319212j
   1.15006937e-01-0.06646935j  3.91222508e-01+0.41493416j
   2.17871590e-02-0.48278015j  6.29605995e-02+0.02358257j]
 [ 3.79692959e-03-0.36652849j -3.99142372e-02-0.13522203j
   1.39262510e-01+0.27116003j -2.54266763e-01+0.31442384j
  -6.09653912e-02-0.57273723j  5.83896522e-02-0.02033535j
   1.46525316e-01+0.07433316j -3.17951467e-01+0.35450351j]
 [-2.37665639e-02-0.29761824j  7.13419644e-02+0.16020745j
   1.40183751e-01+0.24004527j  2.72533704e-01-0.38997569j
  -8.08213490e-02-0.46353987j -2.64228298e-02+0.03365142j
   1.45362457e-01+0.07095498j  3.58291215e-01-0.44576252j]
 [ 2.16117311e-01-0.41583662j  1.42841375e-01-0.35374651j
  -3.50035616e-01-0.11383372j  1.75020028e-01-0.23146989j
  -3.07282989e-01+0.23591817j -5.67213417e-02+0.3670149j
   1.76645035e-01+0.23416606j -4.93282728e-02+0.19665105j]
 [ 1.24117346e-01-0.35550018j -8.35985377e-02+0.44805848j
  -3.26294122e-01-0.05424741j -1.97505620e-01+0.28808332j
  -2.11082057e-01+0.21678936j -8.38818599e-03-0.45321318j
   1.89607607e-01+0.17341367j  2.82328921e-02-0.23497241j]
 [ 3.81026372e-01-0.08716523j -1.74832153e-01-0.23369008j
   1.75325603e-01+0.41859511j  7.52248173e-02+0.37383505j
  -2.10759212e-01+0.22014132j  2.86741160e-02+0.19470515j
  -2.71353585e-01-0.24650546j -3.89020433e-04-0.38034147j]
 [ 2.90549595e-01-0.08772539j  1.97740321e-01+0.28623804j
   1.73074526e-01+0.35425493j -1.40703571e-01-0.43367783j
  -1.49487794e-01+0.19191746j -4.53922797e-02-0.23732106j
  -2.54614790e-01-0.20592979j  3.90670620e-02+0.44407632j]]
Final objective value: 
0.24020849676021028
Final objective value with norm: 
0.24020849676021028
Final penalty of max controllers: 
0.0
Infinity norm of continuous and binary controllers
0.0
