Rounding result: 
[[-0.17224205+0.01383767j -0.35885838-0.00779149j -0.128093  -0.04072529j
  -0.18744712-0.07428382j -0.37562966+0.08887918j -0.45555095+0.27149546j
  -0.1618297 +0.17781845j -0.50678624+0.19418065j]
 [-0.02911666+0.04415593j -0.16677996-0.24973503j -0.14747947+0.04306046j
  -0.02528074-0.43262229j -0.05761941-0.02718834j  0.0126073 -0.20086669j
  -0.04461314+0.65351795j  0.4524742 +0.13129835j]
 [ 0.22466565+0.20521682j  0.05422084+0.02881911j  0.25079534-0.39948111j
   0.23852454-0.33911023j -0.0341137 +0.10511239j -0.49383868+0.10112424j
   0.18203195-0.29406048j  0.28154648+0.20994541j]
 [-0.42520684+0.37229934j -0.17463561-0.2309792j  -0.11322025-0.38379798j
   0.01311127+0.16434134j -0.11560295+0.50166044j  0.19578551-0.16463844j
  -0.04825352-0.14568742j  0.10554382-0.21044218j]
 [ 0.03381714-0.11605363j -0.49439875+0.23013028j -0.14340407+0.12588516j
   0.03438522+0.32032278j -0.2464638 -0.22090448j -0.10212151-0.17877025j
  -0.25289878-0.30819493j  0.46546974+0.14234559j]
 [-0.36253129+0.28059154j -0.17249164-0.13741571j -0.0964524 +0.39949091j
   0.35937434-0.30315227j  0.01918022-0.2892782j   0.11204834+0.40004888j
   0.13857975-0.2420531j   0.03004228-0.1261565j ]
 [-0.21685918-0.06464193j -0.20926261+0.50264914j -0.05740715-0.57025258j
   0.12850593-0.13535851j  0.10810947-0.38261218j  0.24721792-0.03125854j
   0.15236824+0.1619045j  -0.13860568-0.01459531j]
 [-0.29405499+0.43920383j  0.2242745 +0.02418317j  0.19552501-0.06086539j
  -0.401187  +0.22770087j  0.27059778-0.38053672j -0.26553437+0.10551212j
  -0.2676383 +0.11027202j  0.17753217+0.00582584j]]
Final objective value: 
0.382529748470976
Final objective value with norm: 
0.382529748470976
Final penalty of max controllers: 
0.0
