Rounding result: 
[[ 0.13844494-0.10017532j -0.06129374-0.03516396j -0.2331984 +0.21025173j
  -0.47329092+0.23046633j -0.08410326+0.05869218j -0.28789806+0.03798939j
  -0.34899776+0.12529403j -0.38579319+0.45707454j]
 [ 0.04067679-0.02730237j -0.09894715-0.11388957j -0.34756147+0.23146156j
  -0.15673933-0.29720857j  0.07525777+0.26404467j  0.14279864-0.17928672j
  -0.1243808 +0.62212025j  0.27760876-0.28297654j]
 [-0.58132692-0.12420675j -0.43446465+0.01699596j -0.05653491-0.12318575j
  -0.10689491+0.02135589j -0.39556628-0.11287685j -0.27925918+0.30223356j
  -0.05798754+0.05158234j  0.04114603-0.28472583j]
 [-0.33531127+0.05240741j  0.02952663-0.41666907j  0.25668909-0.30754138j
  -0.09815404+0.32033886j  0.13658333+0.53489269j  0.02433678-0.33809192j
  -0.10342989-0.01517447j -0.07254039-0.0419398j ]
 [ 0.12062568-0.00999708j -0.0256286 +0.25182068j -0.3279863 +0.00877953j
  -0.1716312 +0.60585018j -0.05063547-0.15445387j  0.1461001 -0.29586462j
  -0.13068631-0.26200862j  0.30734434-0.31878864j]
 [-0.40700709+0.02743103j -0.12262735-0.23114868j -0.3871806 +0.35008069j
   0.20427609-0.05875251j -0.13338636-0.10074949j  0.26096553-0.33593285j
   0.26119755-0.20892284j -0.08106624+0.34661042j]
 [-0.30360065-0.07597912j -0.00286897+0.51879996j  0.2464905 -0.20131726j
  -0.0172804 -0.09066712j  0.07765781-0.29932925j  0.16417319-0.43842191j
  -0.2190458 +0.32793184j -0.11701203+0.19768495j]
 [-0.46934571+0.02366618j  0.45385106+0.03212151j -0.11582232+0.23103887j
  -0.16848431-0.0851389j   0.52894237-0.10172704j -0.08413058+0.2506542j
  -0.23386817-0.18770047j  0.11677488-0.0782081j ]]
Final objective value: 
0.40513773022987853
Final objective value with norm: 
0.40513773022987853
Final penalty of max controllers: 
0.0
