Rounding result: 
[[ 0.46921376+0.11105142j  0.14318939-0.11614567j  0.54378585-0.08771105j
   0.17191286-0.01281061j  0.48724463-0.13040542j  0.19213504-0.24167175j
  -0.16994462-0.04662283j -0.12540222-0.06232176j]
 [ 0.02916038+0.08497066j -0.2581192 +0.2424037j   0.10899642-0.08381596j
  -0.63249336+0.19511432j  0.3374499 -0.02608474j -0.18109323+0.26620306j
  -0.19190925+0.04294474j -0.08791318+0.38066782j]
 [-0.18966244-0.20833312j  0.11211343+0.08630973j -0.1712496 +0.44182568j
  -0.04863798-0.07775154j  0.06569575-0.19284604j  0.22030172-0.13511068j
  -0.57281863+0.40918325j -0.24111627-0.07534536j]
 [ 0.08830716-0.03381939j -0.1236624 +0.28548645j  0.08491246+0.17228374j
   0.31149563-0.46681567j  0.24618029-0.1845435j  -0.22647802+0.51254264j
   0.1428992 +0.25510963j  0.19384082-0.10342307j]
 [ 0.26018628-0.16098209j  0.10052257-0.31963717j  0.13048429-0.18491626j
   0.07365591+0.06827075j -0.27434959+0.42971285j  0.09807925+0.52492676j
  -0.21586033+0.31424971j -0.19707223+0.05945088j]
 [ 0.07532707+0.07013871j -0.5048898 +0.36519284j  0.1604571 -0.20309997j
  -0.05853053+0.1564731j  -0.19587561+0.12588479j  0.073845  -0.15467377j
  -0.03856921+0.24635614j -0.05197082-0.59812202j]
 [ 0.66574159-0.02976791j -0.01022847-0.17747074j -0.39162323+0.34250414j
  -0.30798374+0.05706926j  0.02086691-0.02692619j -0.07592168-0.09749706j
   0.29409866+0.17538079j  0.03918534-0.14245922j]
 [ 0.34493635-0.06192277j -0.13146481+0.41757934j  0.09859997+0.13286898j
   0.08727712-0.25511396j -0.39456431+0.15456771j  0.19771254-0.22657303j
  -0.12828142-0.08934456j  0.17924386+0.50881011j]]
Final objective value: 
0.3471005326105965
Final objective value with norm: 
0.3471005326105965
Final penalty of max controllers: 
0.0
