Rounding result: 
[[-5.84877700e-02+0.19556036j  2.66097028e-02-0.10091989j
   2.88155491e-01+0.44153648j  9.53149754e-02-0.06276252j
   3.13192546e-01+0.06123352j -1.02481520e-01-0.06386289j
   1.71692333e-01+0.17411357j  1.15313001e-02+0.00318237j
  -5.80742207e-02+0.0694878j  -1.90028872e-01-0.16972557j
   1.16208275e-01+0.00803035j  2.52750753e-01+0.10373967j
  -7.81713549e-02-0.32811594j  5.42400406e-02+0.01918042j
   1.09440612e-01-0.2382457j   1.63586112e-01+0.32582412j]
 [ 2.21091575e-02-0.09638066j -3.79572604e-01-0.11742765j
   1.72766437e-01-0.08901002j -3.12126192e-01-0.20876149j
   8.42292970e-02-0.1364101j  -2.56663657e-01+0.15191285j
  -8.39602946e-02+0.0301461j  -1.55060704e-01+0.28093268j
   7.74456931e-02-0.08427751j  3.77366481e-02+0.10462766j
   1.20473836e-01+0.0934279j  -1.82258919e-01+0.04558111j
   1.82236953e-01-0.20512732j -1.07309517e-01+0.34989564j
   2.16939116e-01+0.25214022j -3.22105616e-02+0.15194156j]
 [ 3.17246429e-01+0.00882791j  4.56293850e-02-0.0307627j
   2.54723420e-03+0.0174166j  -3.12252014e-01-0.06291675j
   2.70747570e-01-0.12976053j  4.09984319e-01-0.13334277j
   1.32806122e-01+0.23909777j -9.22114198e-02+0.11401649j
   2.87446737e-02-0.21535756j  5.18074319e-02-0.1302865j
  -1.53892714e-01+0.10682233j  3.78650606e-02-0.07512236j
   1.31709628e-01-0.0254038j   3.41510879e-01-0.31274094j
  -9.15904924e-03+0.28327377j  1.75914551e-02-0.00773125j]
 [ 1.47054713e-01-0.01786732j -3.09001156e-02-0.15323007j
  -3.95598063e-01-0.23548333j  2.81060864e-01+0.07931727j
   2.43842482e-01-0.2094922j  -1.63010267e-01+0.16822045j
  -3.43318216e-02+0.15237733j  3.60732644e-01-0.09514543j
   2.79204221e-01-0.18890022j -4.04969896e-02+0.12774033j
  -1.12229647e-01-0.03624986j  1.96856405e-01-0.07947494j
   7.55306332e-03-0.14908905j -1.51645309e-01-0.08141936j
  -8.09413066e-03+0.08170571j  8.66183113e-03+0.29204349j]
 [ 3.23343815e-01+0.11371857j -4.20885740e-03-0.03785213j
  -4.23684103e-02+0.21654837j  1.32221665e-01+0.32493863j
  -2.48858186e-01-0.19213341j -1.78859831e-01+0.04789356j
  -2.93620784e-01+0.1066411j  -2.34593064e-01+0.12059589j
   1.76011254e-02+0.0600548j   9.34519447e-02-0.12894886j
   2.75342840e-01+0.11848177j  3.80218958e-01+0.00941147j
  -1.71155173e-01+0.04244429j  6.58737791e-02+0.06874613j
  -5.74880469e-02+0.28672067j  2.34068471e-02-0.13787955j]
 [-6.76258795e-02+0.07735272j -2.51210407e-01-0.06597401j
   7.42329828e-02+0.23485076j -1.95081963e-01-0.04852444j
  -1.65846461e-01-0.02062599j -3.80294593e-02-0.16547344j
  -4.06744097e-01+0.27898245j  3.44610552e-01-0.18300417j
   1.16249275e-01+0.05701527j -1.77434982e-01+0.16922598j
   1.47698331e-01-0.06977408j -3.25904822e-01+0.03169725j
  -1.69415197e-01+0.05758605j  1.13409766e-01-0.27916104j
  -1.53002296e-01+0.0697337j  -1.71198230e-03+0.08220139j]
 [ 1.14146283e-01+0.34671826j  3.14640420e-01+0.19694238j
   1.20076429e-04-0.03496256j -9.83678419e-02-0.26871255j
  -1.92786572e-01-0.03880269j -5.54731028e-02-0.06371293j
   1.76201783e-01-0.10441302j  9.57187480e-02+0.10865551j
   1.63162358e-01+0.05855627j  3.51755053e-01-0.0607045j
   1.73140706e-01+0.06444621j -1.33805478e-01-0.13803919j
  -2.90426074e-01+0.06063813j -1.25677068e-01-0.08059628j
   1.19016501e-01+0.08979239j -1.56840534e-01+0.38915607j]
 [ 2.11820659e-01+0.15981173j -3.70027487e-01-0.12905085j
   3.14689900e-02+0.14351567j -1.63618475e-01+0.20339351j
  -2.56222616e-01+0.20417218j -1.31084095e-02+0.08248811j
   1.88374902e-01-0.20409455j -1.77526653e-02-0.09498668j
   1.68658978e-01-0.13668584j -1.11866432e-01-0.1056979j
  -4.00896298e-01+0.03241648j  6.52363860e-02-0.10188669j
  -1.57547519e-01-0.12619286j  9.67182782e-03+0.0278769j
  -2.74504275e-02-0.13584946j -4.19007437e-01+0.04345476j]
 [ 2.14516574e-01-0.17505518j  2.11068894e-01-0.14069535j
   1.91052273e-01+0.17006865j  1.97815150e-01+0.0393937j
  -6.73961250e-02-0.22541213j  1.57379810e-01+0.16389685j
   3.10692450e-02+0.01523043j  1.21879586e-01+0.21927273j
  -2.53281877e-01+0.06326484j  8.54543556e-02+0.11819756j
  -2.69462356e-01-0.2038451j  -2.50834440e-01+0.39299488j
  -1.36018978e-01-0.11461747j -7.92232825e-02+0.1016785j
  -2.44615621e-01+0.11194822j -1.61679994e-01+0.1185514j ]
 [-1.08686612e-01-0.04169527j  5.29179021e-02+0.18451756j
   8.43095972e-03-0.01198241j  2.51539477e-02-0.05602594j
   4.06609944e-02+0.08479493j -3.94211444e-01+0.23468289j
  -2.72036791e-02+0.11522243j  8.06085347e-02+0.06613425j
  -6.69813073e-03+0.11883601j  1.05162066e-02-0.48644798j
  -3.67791357e-01+0.22391113j -2.35599736e-01-0.07015766j
  -1.27431032e-01-0.16504219j -1.08150318e-02-0.17075352j
  -1.14589399e-01+0.18726907j  2.13968911e-01-0.19474576j]
 [ 1.05440745e-01-0.08874298j -1.10095644e-02+0.05417613j
  -2.60636902e-01+0.07471976j -3.60336823e-01-0.04009614j
   8.09320347e-02-0.0175781j  -2.29777452e-02+0.08437384j
  -6.41393061e-02+0.30764052j -6.53336567e-02+0.19998866j
  -2.34004390e-01+0.4191602j  -8.36893332e-02+0.14410547j
  -2.45173084e-01+0.05536284j  1.91321555e-01-0.14724852j
  -1.00289798e-01+0.28867361j -2.49195889e-01+0.02556733j
   1.92747314e-02-0.24766858j -2.32815126e-02+0.13182827j]
 [ 1.31570118e-01+0.25281608j -2.16573222e-01-0.22237573j
   1.83673820e-02-0.2451775j   2.78548161e-01+0.17442342j
   1.23149949e-01-0.19606194j  5.57051782e-02-0.01985446j
   3.35790685e-02+0.15653824j -1.10991543e-01-0.24138582j
  -2.06797210e-01+0.32117227j  1.10145513e-01-0.19133243j
   1.36066433e-03+0.090266j   -3.76752051e-01-0.08334652j
   1.47324798e-02+0.1438801j   1.84681821e-01+0.09444836j
   2.44126448e-01-0.11376062j -7.27583958e-02+0.08461787j]
 [-1.36988805e-01+0.20909843j  2.16384363e-01+0.17491045j
   1.77353583e-01+0.05439798j  5.29740930e-02+0.0958159j
  -2.54790860e-01-0.30005148j  7.17668459e-02+0.0427745j
  -2.70661996e-01-0.09110071j -1.58363134e-01-0.00364616j
   1.39706473e-01-0.01085587j -3.00148600e-01+0.06773203j
  -3.99625063e-01-0.07088327j  7.70981041e-03-0.08862623j
   2.93354324e-01+0.04492328j  5.48769364e-03-0.04045321j
   3.08038177e-01+0.05347948j  1.50564989e-01+0.21910449j]
 [ 2.36908268e-02+0.24558414j -2.99352288e-01+0.07797919j
   1.83682730e-01+0.1359204j   1.23967713e-01-0.10471969j
   1.03931481e-01-0.15173309j  1.10636604e-01+0.08813125j
  -1.56375203e-01-0.08314298j  3.09409709e-01+0.2305913j
  -4.29340148e-02-0.18960555j  2.76398994e-01-0.1678914j
  -2.69801709e-02+0.11648046j  1.13850837e-01+0.12007965j
   2.39928329e-01+0.28810153j -2.93516221e-01-0.165927j
   2.76603166e-02-0.23809288j -1.39798520e-02-0.18662024j]
 [ 1.36937846e-01+0.11774753j  6.86426169e-02-0.00626328j
  -4.84694416e-02+0.09093309j -3.44297074e-02-0.10565443j
  -1.11032048e-01+0.00553048j -4.34800305e-01+0.15685348j
   2.38585545e-01-0.14923566j  2.46676154e-01-0.05373918j
  -3.62631013e-01-0.01077927j -9.31437505e-02+0.25316915j
   2.03808481e-02+0.14614695j  7.83220738e-02+0.06108137j
   3.25514388e-01+0.1944397j   4.14611454e-01-0.09257106j
   1.83879054e-03+0.08426569j -5.29981764e-02+0.02330152j]
 [-3.78654406e-01+0.06640766j -4.69302801e-02-0.25068975j
   7.10307920e-03-0.20716913j -5.68881682e-02+0.08888603j
  -2.76002813e-01-0.06491471j  6.24991786e-02+0.2463751j
   1.19394252e-01+0.16469574j -2.04061341e-01+0.12666009j
  -1.84961686e-01-0.19505265j -5.11095528e-02-0.19834701j
   1.70975291e-01+0.02879462j  4.66889568e-02-0.04622629j
   1.08115557e-01+0.07250908j -4.96845599e-02-0.21379241j
  -3.98142721e-01-0.05186728j -5.34933159e-03+0.33770925j]]
Final objective value: 
0.518684090442281
Final objective value with norm: 
0.518684090442281
Final penalty of max controllers: 
0.0
