Rounding result: 
[[-0.12837411-0.04112732j -0.02818263-0.25953371j  0.03943164-0.06060137j
  ...  0.40241839-0.09892749j  0.10203931+0.0717728j
   0.05025097+0.05669213j]
 [-0.16903844-0.03585509j -0.06466769+0.14633225j  0.06835052+0.007085j
  ... -0.18327701+0.10617479j -0.08792958-0.19964251j
   0.14933551-0.09734335j]
 [ 0.15746691+0.17750682j -0.13725704-0.03785405j -0.20091818-0.16698509j
  ... -0.3333938 -0.05991374j -0.00742608-0.0049102j
  -0.08106559+0.06734358j]
 ...
 [-0.01792541-0.00143303j  0.01154671+0.15623251j -0.32143236+0.08006794j
  ...  0.1832329 -0.02121505j  0.25146382-0.04940545j
   0.01039142+0.06125216j]
 [-0.08067041+0.06342611j -0.16427517+0.08301312j  0.09050599+0.03438062j
  ...  0.26378877+0.20538225j -0.04009639+0.02314807j
  -0.02696746+0.13802519j]
 [ 0.16849236-0.01819678j  0.09467056-0.12053627j  0.04576484+0.2193315j
  ...  0.09132169+0.13320259j  0.01487061-0.02301588j
   0.03142409-0.13360037j]]
Final objective value: 
0.9925202203146524
Final objective value with norm: 
0.9925202203146524
Final penalty of max controllers: 
0.0
Infinity norm of continuous and binary controllers
2.5877913058762445
