Rounding result: 
[[ 6.30691181e-02-0.0496984j  -3.79929596e-02+0.00479574j
  -1.31667399e-01+0.29193239j -3.07952769e-01+0.31448425j
  -3.66877335e-02-0.05564139j -6.63405033e-01-0.02080226j
  -1.95526355e-01+0.05581262j -3.67638921e-01+0.27258926j]
 [-1.86664434e-01+0.00918314j -7.61513048e-02-0.0579404j
  -3.26969394e-01+0.55715803j -2.57521036e-02-0.18562111j
   4.26540536e-02+0.21111442j  1.26805178e-01-0.0858124j
   1.01332039e-01+0.63455871j  1.22539471e-01-0.07538352j]
 [-5.15038031e-01-0.06486053j -4.13133030e-01-0.06206763j
   2.10903811e-02+0.03125431j -6.27611418e-02+0.00472093j
  -3.38142097e-01-0.24989579j -2.32321130e-01+0.19661749j
  -4.82675803e-02-0.12597095j  1.61481380e-01-0.48674486j]
 [-3.77665258e-01-0.10049768j  1.81056902e-01-0.39901774j
   3.17891871e-01-0.07620459j -2.40044371e-01+0.28105892j
  -7.18408429e-02+0.56457659j  1.02601154e-01-0.20180497j
  -1.80748324e-01-0.02979823j  4.97705175e-02+0.02448545j]
 [ 7.40512976e-02+0.18740366j -2.08866769e-02+0.32159521j
  -2.44900549e-01+0.15061767j -1.92125864e-01+0.61249174j
  -4.84385915e-02-0.0972415j   2.38026941e-01-0.2268437j
  -2.05804055e-02-0.17147566j  4.58998081e-01-0.01980676j]
 [-4.31293938e-01+0.07323201j  1.85832616e-02-0.18648109j
  -2.27763127e-01+0.21872989j  4.11052820e-01+0.09216221j
  -9.59082612e-02-0.17900785j  2.05008900e-01-0.1749859j
   2.03436133e-01-0.33615873j -3.14847739e-01+0.35904876j]
 [-3.44374725e-01-0.0738225j   9.35497957e-02+0.4355699j
   2.77466008e-01-0.2964014j   5.29537881e-02-0.00825075j
  -1.40906736e-01-0.28104645j -5.92142046e-02-0.39427874j
  -3.61233579e-02+0.44762024j -2.22593751e-05+0.22427126j]
 [-3.61053695e-01+0.22369158j  5.27893332e-01+0.08200629j
   1.03258245e-02+0.15650091j -1.48369133e-01-0.12715093j
   4.79111918e-01-0.2589191j  -6.26249529e-03+0.22884286j
  -3.13010605e-01-0.10052021j  5.09929916e-02-0.1083981j ]]
Final objective value: 
0.39989081513934366
Final objective value with norm: 
0.39989081513934366
Final penalty of max controllers: 
0.0
