Rounding result: 
[[ 0.02180269+0.15988016j  0.19386151+0.11433179j -0.04024191+0.04925904j
  ... -0.10360162-0.00500397j -0.17457848-0.21650741j
   0.08375401+0.08031023j]
 [-0.0710222 -0.18751069j  0.07862976-0.04693085j -0.02679838-0.01759683j
  ... -0.12709631-0.21741648j  0.00736642+0.03586034j
  -0.0066706 +0.13240695j]
 [ 0.13161697-0.07785086j -0.01747968-0.16290489j -0.1567789 -0.00411848j
  ...  0.03238666-0.1940369j  -0.13453574+0.12662905j
   0.15791286-0.11814342j]
 ...
 [ 0.00230157-0.00239811j -0.01815382+0.03792748j -0.22911775-0.00908652j
  ...  0.24869401+0.07163831j  0.03343917-0.1282566j
  -0.04269559-0.11172711j]
 [ 0.21785065-0.15984596j -0.11631245+0.2338287j  -0.02819608+0.02487152j
  ... -0.02187431+0.06930961j  0.06703193+0.08358638j
  -0.0468317 +0.11438044j]
 [ 0.03739642+0.26196905j -0.04186849+0.08400036j  0.1018685 -0.03590009j
  ...  0.10498529+0.12837869j  0.12347737+0.18808948j
  -0.01825803-0.07272685j]]
Final objective value: 
0.9850716928459267
Final objective value with norm: 
8.785071692845927
