Rounding result: 
[[-4.07519025e-01+1.86818399e-01j -1.85554325e-02+1.65929037e-02j
  -1.56427875e-01+7.05360064e-01j -3.24733150e-02-4.79559513e-02j
   3.40523100e-01-1.96554356e-01j -5.52445218e-03-1.53224501e-02j
   2.83388199e-01+1.83683162e-01j -1.91001945e-02+8.09304042e-03j
  -5.92604422e-03-3.45401484e-02j -1.42216630e-03-8.68301874e-04j
  -2.86811275e-02+4.53837257e-03j  1.13514692e-03-1.72999354e-03j
  -4.09910316e-03+8.10267454e-03j  7.41525734e-05-3.30691234e-04j
   1.33170471e-02+3.69595459e-02j -3.34180657e-03-1.27916791e-03j]
 [-6.30371484e-03+1.74808163e-03j -2.91164749e-01-5.41937158e-01j
   2.95442567e-02-1.82203052e-02j -2.44140979e-01-3.18734437e-01j
   1.29331781e-02-5.84596298e-03j  5.00841071e-01+4.29138085e-01j
  -3.24042921e-03-1.47405380e-02j -1.37551566e-01-3.18598451e-02j
   1.62325746e-04-6.23928023e-04j  4.59372528e-02-1.43860730e-02j
   1.59481601e-03+3.38406580e-04j  9.43451410e-03-2.71753578e-02j
   7.21187609e-04+7.56205077e-05j  3.31797255e-03+6.19469833e-03j
   1.50313393e-03-1.74536935e-03j -1.30662474e-02-1.85313959e-02j]
 [ 1.42170601e-01-4.74291221e-01j -4.54521007e-03+4.74597154e-02j
   5.54801980e-01+1.94855134e-01j -7.62393672e-02-1.90210010e-02j
   5.16358329e-01+3.25900268e-01j -3.10226599e-02-3.32883390e-04j
  -1.26527064e-01+8.39116343e-02j -3.79995601e-03+5.74642911e-03j
   4.42557060e-02-9.28346410e-04j -2.85315573e-03+5.09887115e-04j
  -1.66590893e-02+2.46425384e-02j  1.87373017e-03-3.38501825e-03j
   8.17647480e-03+1.59658415e-02j -2.89882809e-04-2.71450801e-04j
   1.40048268e-02-1.78167318e-02j -2.55690845e-03+2.74222881e-03j]
 [-3.40583191e-02+9.53256694e-03j -4.66754662e-01+1.20090805e-01j
   6.50003866e-02-7.34603032e-02j  3.90288869e-01-6.91001453e-01j
   4.64621013e-03-3.89691646e-02j -2.39191369e-01-2.23560123e-01j
   2.77128556e-03-5.45897141e-03j -1.02255032e-01-6.39925530e-02j
  -1.47862288e-03-2.57887504e-03j -1.69489627e-02-1.79577650e-02j
   3.04626436e-03+3.27264264e-03j  2.85153160e-02+2.31759862e-02j
   1.49281058e-03-8.07129632e-04j -3.95649343e-03-6.26701919e-03j
  -8.23205154e-04-4.03387602e-03j -2.05820022e-02-3.50702897e-02j]
 [ 5.07050538e-02-3.84604668e-01j -1.48135886e-02+3.84324087e-03j
  -5.52238319e-02+3.23381119e-01j -1.82391094e-02-2.10575682e-02j
  -2.20315378e-01-5.60657051e-01j -8.90479033e-03+5.97710690e-03j
  -6.04812482e-01-4.55693642e-02j  5.67716970e-02-5.53881981e-02j
  -5.03235961e-03-4.87146526e-03j  1.52451391e-04-9.98754521e-04j
  -2.66869092e-02-2.64669409e-02j  3.79232958e-03+6.95249158e-05j
   3.90274261e-02-1.91622897e-02j -5.48391836e-04-6.93796023e-04j
   7.46050427e-03-1.68632401e-02j  1.89088254e-03+2.29263082e-03j]
 [ 9.25911509e-03-4.22741245e-03j  4.25629468e-01-8.36910892e-02j
   2.78064486e-02-1.64766761e-02j -7.79341928e-03-4.16320022e-01j
  -1.46998356e-02-5.02583143e-03j  3.65998216e-01-3.62431178e-01j
   2.15041628e-02+6.85302024e-02j  5.52028788e-01+2.41122070e-01j
  -4.46556520e-04+3.26820882e-05j  1.05273009e-02-2.72394879e-03j
  -1.59534416e-03+3.21481355e-03j  1.12702466e-02+2.62529420e-02j
   7.38294163e-04-5.49752743e-04j  3.45403801e-02+3.21519103e-02j
  -2.74943530e-03+6.24622799e-04j -1.14153366e-02+2.00917467e-02j]
 [-5.06358089e-01-3.75550158e-01j  2.44798598e-02-3.53137997e-03j
   3.80652309e-02+8.66625235e-02j -1.15574848e-02-1.55948488e-02j
  -2.51624104e-01+1.97753426e-01j  6.00901707e-03-2.65131134e-02j
   1.89527648e-01-6.66011944e-01j -1.02687548e-02+7.83602316e-02j
   2.07898525e-02-6.10031154e-03j -6.25856493e-04+1.63226010e-03j
   2.09940043e-02-9.39920851e-03j -2.08715770e-03+1.97045237e-03j
  -9.98137990e-03-3.62323575e-02j  2.05161404e-03+9.51191154e-04j
   3.45166451e-02+9.34077130e-03j -3.31953082e-03-3.38574823e-04j]
 [ 9.33247744e-04+2.86193476e-02j  4.25849604e-01+1.10802416e-01j
   3.20505903e-03-6.40117765e-03j  1.55948052e-02-1.44811319e-01j
   3.86977841e-02-8.92058702e-03j  3.25477460e-01-2.84185572e-01j
  -5.09456441e-02-6.16226501e-02j -6.11194466e-01-4.60811798e-01j
  -9.68898958e-04-8.24420629e-04j -2.56142715e-02+7.75067511e-04j
   8.07295315e-04-3.34383432e-03j -1.96544674e-03-2.60267935e-02j
  -4.62457765e-04+2.38694082e-03j  2.12499187e-02+3.04680960e-02j
   2.32566825e-03-2.43202617e-03j  1.81371511e-02-2.52917628e-02j]
 [ 1.68856732e-02+2.48246197e-02j  1.16880499e-03+7.85504013e-04j
   4.41771582e-02+1.12904488e-03j -2.53758619e-03+2.55769488e-03j
  -1.42714562e-02-1.78492323e-02j -9.82310895e-04+4.58954230e-04j
   8.22110974e-03-1.59846985e-02j  4.31820562e-04+1.07303625e-03j
   5.59204108e-01-1.99243011e-01j  9.38623694e-03-2.68231783e-02j
  -1.39572369e-01-4.74401019e-01j  3.32911410e-02+1.57221714e-02j
  -1.25186939e-01-8.39395725e-02j  4.23027012e-03+3.15532925e-03j
  -5.16643929e-01+3.23109322e-01j  1.10994246e-02-5.46512767e-02j]
 [ 3.07415914e-04+2.76575052e-04j -2.87280394e-02+2.32689884e-02j
  -1.48850057e-03-1.58159729e-03j -1.68414551e-02+1.82183151e-02j
  -3.93735408e-04-8.40288336e-04j  2.07465963e-02-3.52679843e-02j
  -8.08138746e-04+6.20144568e-05j -3.88050998e-03+6.25492730e-03j
   1.06938392e-02-5.78756194e-04j  3.91393489e-01+6.96245029e-01j
  -3.82218972e-03+2.92810909e-02j  4.69522472e-01+1.17733481e-01j
  -2.20513595e-03+1.02288117e-02j -1.02744094e-01+6.43333223e-02j
   2.96077470e-02+1.83144442e-02j  2.36553712e-01-2.25972003e-01j]
 [-2.86900482e-02-4.67757408e-03j  2.82963633e-03-1.58668756e-05j
   5.71452747e-03-3.42268966e-02j -2.34127425e-04+4.72166487e-03j
   1.35093944e-02-3.69678525e-02j  4.15549380e-04+2.08588986e-03j
   4.10712960e-03+8.18003941e-03j  4.54197883e-04-7.12881072e-06j
   1.53491806e-01+7.07219768e-01j -1.65284333e-02-4.35954104e-02j
  -4.03984541e-01-1.83609290e-01j  5.78190318e-02+2.12395570e-02j
  -2.83107547e-01+1.82419084e-01j  8.68581868e-03-8.17893574e-03j
   3.39262425e-01+1.92440133e-01j -5.30963573e-02-3.40467710e-02j]
 [ 7.23026496e-04+1.88459382e-03j  9.54758994e-03+2.70021778e-02j
  -5.07587698e-03-3.05087197e-03j -4.56128846e-02-1.43773781e-02j
  -2.61630283e-03+2.77250896e-04j -1.28789020e-02+1.86742537e-02j
  -2.91902924e-04-6.04829305e-05j -3.31919828e-03+6.15153632e-03j
   3.67765111e-02-3.17619047e-02j  2.39707847e-01-3.19603204e-01j
  -4.35611484e-02+5.66473672e-02j -2.90211310e-01+5.38481612e-01j
   2.00902587e-02+2.65812560e-02j  1.37770526e-01-3.34419580e-02j
   6.22649004e-02-2.50278433e-02j  4.98024505e-01-4.25773356e-01j]
 [-2.11984762e-02-9.41526518e-03j  2.07225738e-05+8.84486340e-04j
   2.07221669e-02+6.19375056e-03j -1.37703346e-03+9.95299383e-04j
  -3.46349203e-02+9.41175413e-03j  2.55340272e-04+5.18487101e-04j
  -1.01953467e-02+3.59403802e-02j -2.69539704e-03-4.03128626e-03j
   3.83117717e-02-8.73437255e-02j  1.58595626e-02+6.54387739e-03j
   5.05995171e-01-3.71787397e-01j -1.12736247e-02+6.00585464e-02j
   1.92077919e-01+6.69213159e-01j  1.22980394e-02-6.36459794e-03j
   2.47524258e-01+2.00339434e-01j -4.48313751e-02+2.35536143e-02j]
 [-2.02735741e-04-7.10041556e-04j  2.04579715e-03-2.62016148e-02j
  -8.87646327e-04-1.69758429e-03j -2.56209842e-02-6.38831381e-04j
  -3.54327403e-04+8.01361727e-04j -1.82049730e-02-2.54709099e-02j
   4.37737009e-03-4.82118556e-04j  2.09137688e-02-3.04569350e-02j
  -9.60078719e-04-5.55659221e-03j  1.65390775e-02+1.44837788e-01j
  -4.55244008e-02-3.34439581e-02j -4.22369494e-01+1.13320625e-01j
   6.96420287e-03+1.31982996e-02j -6.15473961e-01+4.62756256e-01j
  -1.32962364e-03-4.96977021e-02j -3.25932647e-01-2.80522835e-01j]
 [-2.69302929e-02+2.64532973e-02j -6.05571716e-05-1.55240021e-03j
   4.98712128e-03-4.84381511e-03j -9.04788267e-04+8.79463786e-04j
   7.26906027e-03+1.70646018e-02j -1.27999749e-03-7.51043505e-04j
  -3.88562410e-02-1.89707058e-02j  4.66531425e-03+1.43818402e-03j
   5.36677147e-02+3.24566537e-01j -2.61206213e-02-1.09006346e-02j
   5.13180714e-02+3.81311791e-01j -2.05813911e-02-4.13782522e-02j
   6.08893315e-01-4.13050355e-02j -2.17187107e-02+3.01680789e-02j
  -2.18973807e-01+5.58818663e-01j  1.13095280e-02-5.38089104e-02j]
 [ 1.70354978e-03+9.46173673e-05j  1.11509881e-02-2.64927743e-02j
  -6.74211931e-04-2.78489923e-04j -1.05120938e-02-2.68073167e-03j
  -4.14633723e-05-2.23196820e-03j -1.16311298e-02-2.01140562e-02j
  -4.31523404e-03+2.47738726e-03j -3.43795597e-02+3.19096910e-02j
   1.19058171e-02-1.36519857e-02j  5.54749703e-03-4.16379293e-01j
   5.14284991e-02+2.69566526e-02j  4.22421446e-01+8.41922878e-02j
  -3.61045021e-02-1.39781035e-02j -5.53211568e-01+2.46475800e-01j
   3.50215295e-02+4.22449030e-02j  3.63213609e-01+3.61143930e-01j]]
Final objective value: 
0.9055984241598779
Final objective value with norm: 
0.9055984241598779
Final penalty of max controllers: 
0.0
Infinity norm of continuous and binary controllers
0.5950932231197668
