Rounding result: 
[[-1.04061687e-01+0.02753107j -1.03962745e-01+0.03899503j
  -6.73560672e-02+0.05399407j ... -3.82814151e-01-0.05361815j
  -1.35165891e-01+0.08077272j -4.27394406e-02+0.06111505j]
 [-1.20216793e-01+0.05283691j  1.45964885e-01-0.03912024j
  -1.56534810e-03+0.04252727j ...  2.87682989e-01+0.11108117j
  -1.59342351e-01-0.0090783j   2.54970053e-01-0.07290931j]
 [-6.60753419e-02-0.01708795j -5.04485141e-02-0.05775036j
   1.30584585e-01-0.03918947j ... -2.14798296e-01+0.06685072j
   7.82769894e-02+0.11287211j  2.26513101e-01+0.06102263j]
 ...
 [ 3.08617928e-02+0.16962572j -3.00626927e-04-0.13279633j
  -1.43882507e-01-0.01703024j ... -2.59217188e-02-0.00089607j
   1.44353820e-01-0.06087498j -9.45207734e-02+0.11140696j]
 [-1.77490917e-02+0.1993682j  -1.04147249e-01+0.21647467j
  -3.77266417e-02-0.08177026j ...  2.73283098e-02-0.08615087j
  -5.79446494e-02+0.1252591j  -4.40296385e-03+0.02754345j]
 [ 9.39257393e-02+0.30505876j  1.84092657e-02-0.17327603j
   1.59506853e-02-0.13786621j ...  1.23003934e-02+0.06452643j
  -6.03269908e-03+0.088225j    6.41812412e-02+0.00036106j]]
Final objective value: 
0.41298766742409876
Final objective value with norm: 
0.41298766742409876
Final penalty of max controllers: 
0.0
Infinity norm of continuous and binary controllers
0.08023395398436221
