Rounding result: 
[[ 0.11073467+0.05970946j  0.09012765+0.13471362j  0.        +0.j
  ...  0.        +0.j          0.        +0.j
   0.        +0.j        ]
 [-0.13690513+0.08676254j  0.12542221-0.00983129j  0.        +0.j
  ...  0.        +0.j          0.        +0.j
   0.        +0.j        ]
 [ 0.        +0.j          0.        +0.j          0.0946166 -0.08581421j
  ...  0.        +0.j          0.        +0.j
   0.        +0.j        ]
 ...
 [ 0.        +0.j          0.        +0.j          0.        +0.j
  ...  0.01174605+0.10056339j  0.        +0.j
   0.        +0.j        ]
 [ 0.        +0.j          0.        +0.j          0.        +0.j
  ...  0.        +0.j          0.05810746+0.03911405j
  -0.03856184+0.11038594j]
 [ 0.        +0.j          0.        +0.j          0.        +0.j
  ...  0.        +0.j         -0.02317437-0.11460812j
  -0.06289158+0.03083886j]]
Final objective value: 
0.9961585985533759
Final objective value with norm: 
2.796158598553376
