Rounding result: 
[[-0.11290161-0.10447131j  0.10757704-0.10163953j -0.0533595 -0.07711165j
  ... -0.1417554 -0.17889328j  0.10810563-0.16913347j
  -0.03200901-0.22078197j]
 [ 0.08221338-0.04221499j  0.19744504+0.08670796j  0.0475413 +0.05479172j
  ...  0.15133145+0.06179991j  0.05627492-0.07275769j
  -0.11041683+0.15858613j]
 [ 0.07212284+0.25858864j  0.04092041-0.2219996j  -0.02454288-0.08206023j
  ...  0.02745381+0.12958502j  0.09203954-0.07998313j
  -0.16067163+0.04357395j]
 ...
 [-0.17069842+0.17001137j  0.14570142+0.07835478j  0.14388222-0.01564618j
  ...  0.02629729-0.05370632j  0.04131555-0.11198247j
   0.14787115-0.10734214j]
 [-0.06144829-0.26961161j -0.02747423+0.12599709j  0.1258407 -0.01486842j
  ...  0.01808578+0.14117748j  0.00986813-0.12214212j
  -0.135737  -0.15271325j]
 [ 0.10025866-0.10599739j  0.13160297-0.15123786j  0.08958408+0.07568983j
  ...  0.20576942-0.08057587j  0.13419411+0.02052356j
   0.21483835+0.14535999j]]
Final objective value: 
0.9715662080752635
Final objective value with norm: 
0.9715662080752635
Final penalty of max controllers: 
0.0
Infinity norm of continuous and binary controllers
1.5170156859705972
