Rounding result: 
[[ 0.04201828-0.02118665j -0.00945353-0.00464169j  0.21170693-0.09406049j
  ...  0.        +0.j          0.        +0.j
   0.        +0.j        ]
 [-0.00981232-0.00296527j  0.00678225-0.11072725j  0.01619604-0.00249229j
  ...  0.        +0.j          0.        +0.j
   0.        +0.j        ]
 [-0.29399911-0.18217438j -0.01312313+0.03118316j  0.06177563-0.03161802j
  ...  0.        +0.j          0.        +0.j
   0.        +0.j        ]
 ...
 [ 0.        +0.j          0.        +0.j          0.        +0.j
  ...  0.06441849-0.04408031j  0.02158419+0.0104168j
   0.27275182+0.21401598j]
 [ 0.        +0.j          0.        +0.j          0.        +0.j
  ...  0.01304516+0.02610927j  0.03318351-0.0695471j
   0.00430818+0.00676232j]
 [ 0.        +0.j          0.        +0.j          0.        +0.j
  ... -0.16820355+0.23368194j  0.00206811+0.00076888j
   0.0212055 +0.01197278j]]
Final objective value: 
0.9917340058905327
Final objective value with norm: 
0.9917340058905327
Final penalty of max controllers: 
0.0
Infinity norm of continuous and binary controllers
1.2896347646709552
