Rounding result: 
[[-0.15264794+0.20710729j  0.10544814-0.10604022j -0.3809567 +0.00688108j
  -0.46235113-0.1421913j  -0.23199544-0.0400573j  -0.44753124+0.16182629j
  -0.15668625+0.18309354j -0.42063465+0.12398903j]
 [-0.19356054+0.06563098j  0.04937812-0.10475967j -0.21567754+0.05598803j
   0.05511431-0.09481949j -0.15589056+0.46258667j -0.23938004-0.31989902j
   0.15751137+0.37111758j  0.56281305-0.07688447j]
 [-0.12600189+0.14585827j -0.50605556+0.00855632j  0.31777424-0.36093722j
   0.19708098-0.10085517j -0.49992601+0.15151907j -0.17209327+0.26878847j
   0.19085887-0.10943767j -0.05677567+0.00632841j]
 [-0.20329612+0.12063633j  0.06802265-0.19480857j  0.23685591+0.11110117j
   0.03249987+0.14462236j  0.01230605+0.53303262j  0.2118104 -0.40907821j
  -0.00468985-0.06229001j -0.55698414+0.02251281j]
 [-0.56709437+0.19416881j -0.34764916+0.17925311j -0.34844566+0.16218711j
   0.04657169+0.38395095j  0.05826897-0.17865994j  0.01573397-0.131513j
  -0.08478505-0.34611811j  0.10246467-0.00783621j]
 [-0.54916023+0.26133539j  0.22512032-0.19275801j  0.11976067+0.00657609j
   0.13038935-0.41663501j  0.22818697-0.08448869j  0.32184382+0.35498677j
   0.04925528+0.12851324j  0.080826  +0.15178538j]
 [-0.16162591-0.11350777j -0.21982545+0.61272604j  0.25123243+0.19311782j
  -0.27625615-0.14464258j  0.06945258-0.12453788j  0.05065888-0.17746844j
   0.29676699+0.41211858j -0.12744551+0.10505249j]
 [-0.17112679+0.03919808j -0.01036179+0.02811151j  0.40293825-0.28389521j
  -0.36611405+0.33398861j  0.15401681+0.10270919j -0.03294083+0.13239768j
  -0.52247578+0.22418973j  0.20102564-0.25139614j]]
Final objective value: 
0.3726710868870562
Final objective value with norm: 
0.3726710868870562
Final penalty of max controllers: 
0.0
