Rounding result: 
[[ 0.08211968+0.05058776j  0.17104094+0.03568079j  0.32821454+0.15116321j
  -0.24521253-0.28859963j  0.02713021+0.05022725j  0.11780571-0.10966912j
   0.32445258-0.10071088j  0.2750558 -0.37251482j  0.31130168+0.05119601j
  -0.03202208-0.06172267j  0.1494899 +0.07732484j  0.03320138-0.09335245j
   0.16176187-0.0422023j   0.12422394-0.00550166j  0.16379628-0.29710599j
  -0.15377552-0.05009469j]
 [-0.44758668+0.00822135j  0.06124833-0.30045553j  0.30431731+0.20824472j
   0.0748834 +0.06478569j  0.27405809+0.05944008j -0.29776407+0.06420088j
   0.0440405 +0.04869513j -0.02818265+0.07362131j -0.01506314+0.01851382j
  -0.21758943+0.08731182j -0.15102074-0.06547303j  0.0473372 -0.39852656j
   0.16517876-0.07445328j -0.27741591+0.12031657j  0.04466663-0.00660679j
   0.08828075-0.00715499j]
 [ 0.2832203 +0.23158063j -0.02736244+0.03699609j -0.1295277 +0.26288746j
  -0.39837723-0.09931238j  0.24455898+0.31200495j -0.0639332 +0.15030496j
  -0.05021135+0.26997313j -0.34992923+0.07348133j  0.00425776+0.02070119j
  -0.07371468+0.15675698j -0.0555253 +0.24223839j -0.16516474-0.06063899j
   0.04071948+0.22275234j -0.01776796-0.01101257j -0.07933866-0.0539544j
  -0.11572056+0.15814528j]
 [ 0.24270261+0.2684758j   0.29542548-0.31906168j -0.12246601-0.14046757j
   0.34501328+0.1129675j   0.28992916+0.12982617j  0.15283304-0.1213379j
   0.03600632-0.15856314j  0.08961431+0.03293144j  0.27907238+0.21387917j
  -0.04404378-0.14482457j -0.12250709+0.00938223j  0.13265771+0.04533606j
  -0.06171558+0.13841117j -0.04558386+0.19161831j -0.25659264+0.03606198j
  -0.0796888 +0.1494142j ]
 [ 0.19139545-0.09785623j  0.10952361-0.03041553j  0.49696503+0.03544839j
   0.14047696-0.0322675j  -0.24727358+0.21190361j  0.11996461+0.19910824j
   0.00609647+0.15894317j -0.06471124-0.18100635j -0.11593683-0.27884751j
   0.03167646+0.16769922j  0.00489591-0.00471242j  0.22994033+0.01534167j
  -0.23454081+0.15900591j -0.0201459 +0.2807111j  -0.08496775+0.32263803j
  -0.07060667+0.01602912j]
 [ 0.09867966+0.03910624j -0.27461687-0.06414505j  0.32491079+0.01513924j
   0.25946182+0.13038974j -0.08849511-0.01009644j -0.08047796-0.22759617j
  -0.06998449+0.2009039j  -0.16299037-0.00715389j -0.01009487+0.40361085j
  -0.1816573 -0.06755037j  0.27437716+0.23631795j  0.05731626-0.09817669j
  -0.28724388-0.06762762j  0.11020909-0.31557398j  0.03712958-0.1180777j
  -0.00430079+0.14907966j]
 [-0.03540002-0.05470881j -0.26756431-0.11149848j  0.05082289+0.02554283j
  -0.18297792+0.31386303j -0.05029764+0.29080605j -0.2987979 -0.14720261j
   0.10426299-0.00413248j  0.14733182-0.14153924j  0.2142214 +0.00366163j
   0.17796791-0.21553466j -0.20287291+0.07626689j -0.17618213+0.19945379j
  -0.20398734+0.22971241j  0.06821971+0.1934618j   0.12996639+0.02137233j
   0.34032828-0.11987833j]
 [ 0.06153181+0.1887157j  -0.0856349 -0.02188473j -0.11523327+0.12713478j
   0.1336175 -0.00122958j  0.06067485-0.13149336j -0.09060553+0.0605173j
   0.46310595+0.00849997j -0.29206614-0.04523403j  0.00210943-0.16798937j
  -0.02656816-0.0328073j  -0.12053152-0.30426283j  0.14617567+0.20575287j
  -0.19142923-0.14396313j -0.00615347+0.00647965j  0.44251387-0.04060575j
  -0.04640928+0.33596899j]
 [ 0.08916667+0.04710605j  0.09605621+0.16800857j  0.02616775-0.23935546j
  -0.11028707-0.03856961j  0.3152482 -0.033405j    0.10984814-0.15308799j
   0.07781294+0.21540105j  0.27538918-0.20339012j -0.24233656-0.09902635j
  -0.39935366+0.11031864j -0.27666366+0.11473853j  0.03912767+0.13471384j
  -0.17323707-0.11557448j -0.15153414-0.22092834j -0.00588503+0.08955717j
   0.31886957-0.02538264j]
 [ 0.26501061+0.06150728j -0.12061569+0.0153805j   0.0148625 +0.02307769j
   0.18893363-0.14115933j  0.08356248+0.01279892j -0.16676584-0.08387326j
   0.20829284+0.16453224j -0.01157001-0.14673025j -0.27978616-0.11451376j
   0.4950171 -0.33303259j -0.07869392+0.01315097j -0.01679933-0.21417009j
   0.11877504-0.1461219j  -0.26917868-0.12578622j -0.27236493-0.08176909j
   0.01059186-0.12700858j]
 [ 0.07429214+0.3194677j  -0.17727498+0.0527207j  -0.1285712 +0.06504208j
  -0.18788747+0.14359559j  0.06773179-0.04624017j  0.19558417-0.04802046j
  -0.08737512+0.00098908j  0.07151406-0.06472151j -0.1726074 -0.06921533j
  -0.14656244-0.19463873j  0.48723672-0.29532634j  0.18564818-0.2915925j
  -0.07576483+0.13628555j -0.07805567+0.27865256j  0.03905007-0.01368928j
   0.24669164-0.09289089j]
 [ 0.13193111-0.12778269j -0.02781464+0.07617707j -0.02037773+0.06850602j
   0.17941821+0.07313237j  0.19757546+0.16076968j -0.10771781-0.126898j
  -0.18922669-0.26972831j  0.32419709+0.01787785j -0.22781683-0.19174859j
   0.01861653+0.11907539j  0.15892756+0.06185759j -0.31412233-0.04267324j
  -0.19647108+0.08325757j -0.25728912+0.04844608j  0.30834789-0.10683892j
  -0.36366003+0.15772829j]
 [ 0.2664632 +0.28755189j  0.38871163-0.01916324j  0.0847754 -0.10733109j
   0.04858449+0.00709628j -0.25262645+0.04968014j -0.36639329+0.07269141j
  -0.13306887-0.13934658j -0.00795599+0.00353878j -0.10942841+0.034173j
  -0.0367442 -0.05866324j  0.15504312+0.08456074j -0.11174522+0.04248825j
   0.34816631-0.05879441j -0.00386542-0.09491449j  0.29053527+0.19915527j
   0.31682658+0.09562847j]
 [ 0.08275069+0.08355719j -0.34954198+0.07655334j  0.21891665+0.00046874j
  -0.07377656-0.001518j    0.02805705-0.02010858j  0.26302303-0.07111114j
  -0.25462316-0.20016437j -0.14901648-0.13574044j  0.11433053+0.23884932j
   0.07354862+0.02124922j -0.20901215-0.10874446j  0.12454946+0.19496246j
   0.30165227+0.06737483j -0.47026548-0.083416j    0.19632058+0.17641957j
  -0.06475885-0.03584032j]
 [ 0.12238806+0.03664483j -0.25931692-0.20725321j -0.01902097-0.22881636j
  -0.19905666+0.07210209j -0.26111001-0.02044258j -0.2748899 -0.02831959j
   0.18096113+0.10582308j  0.30578847+0.16422933j -0.221814  +0.03639297j
  -0.23781905+0.04109562j -0.05123299-0.02814338j  0.2751799 +0.14371026j
   0.27354805+0.11385203j -0.03865381+0.09678524j -0.1312848 -0.12088052j
  -0.33985589+0.10947047j]
 [-0.05789151-0.10798017j -0.01036018-0.13090949j -0.14854241-0.01075008j
   0.2083594 +0.18067888j -0.34932926-0.02490088j  0.38567044+0.06268186j
   0.16413532+0.17444209j -0.07992968-0.16902701j  0.02869356-0.17235755j
  -0.23414826-0.12432169j -0.03619659+0.20313992j -0.34369357-0.09910304j
   0.23831166+0.17997196j -0.24526153+0.01700106j  0.03775488-0.20229009j
   0.10387308+0.16661008j]]
Final objective value: 
0.5424619784715804
Final objective value with norm: 
0.5424619784715804
Final penalty of max controllers: 
0.0
