Rounding result: 
[[-0.14573063+0.01384075j -0.15168552+0.00616856j -0.03149137+0.08618824j
  ... -0.32890358-0.10805207j -0.12835381+0.01186323j
  -0.10699071+0.02648317j]
 [-0.13958263+0.03034136j  0.13634724-0.05904439j -0.02585251+0.07468442j
  ...  0.19886078+0.14148822j -0.13997327-0.02746208j
   0.27021474-0.02112124j]
 [-0.04829343-0.0008029j  -0.07472344+0.00812821j  0.10710583-0.0947226j
  ... -0.26034876+0.01428954j  0.08811273+0.11510406j
   0.18512444+0.05101339j]
 ...
 [-0.01305109+0.12673569j  0.0161717 -0.14281958j -0.19557183-0.0641356j
  ... -0.02513778+0.02027229j  0.09104535-0.10176289j
  -0.02736353+0.15839602j]
 [-0.03619523+0.17890551j -0.10719333+0.1891873j  -0.08672844-0.14386425j
  ... -0.05329283-0.10936973j -0.08525642+0.15365811j
  -0.05167791+0.01568446j]
 [ 0.03807358+0.24950339j  0.02680043-0.12163874j -0.05558009-0.16250925j
  ...  0.04557719+0.1153315j  -0.02800832+0.07389138j
   0.16875611-0.00327876j]]
Final objective value: 
0.4549594164663684
Final objective value with norm: 
0.4549594164663684
Final penalty of max controllers: 
0.0
Infinity norm of continuous and binary controllers
0.082934903427905
