Rounding result: 
[[-0.0756313 -0.18738761j -0.15083874-0.06974115j  0.02692325-0.05984005j
  ...  0.03408402+0.00421313j -0.01844479-0.09151751j
  -0.10210641-0.15095804j]
 [ 0.07598509-0.19912787j  0.03320296-0.01417638j -0.12469865-0.03128751j
  ...  0.06489177-0.02494685j  0.09106783-0.06734134j
  -0.05182695+0.23303785j]
 [-0.05732586-0.05359639j  0.14424404-0.00759419j -0.00191916+0.18470736j
  ...  0.1390996 -0.25995672j  0.24728377-0.00065985j
   0.03116826+0.03267706j]
 ...
 [-0.02512524+0.06494901j  0.18786763+0.08022356j  0.0500725 -0.17714938j
  ... -0.04258042+0.04134888j  0.05189791-0.23732118j
  -0.30420403-0.04454574j]
 [-0.0405504 -0.01461171j  0.08522488+0.05624503j  0.07077564+0.0422144j
  ... -0.06297893+0.14888002j  0.09933732+0.35197432j
  -0.12367311-0.11863099j]
 [ 0.06859245-0.24904455j -0.05667463+0.0368718j   0.09092217+0.07261488j
  ... -0.02806596-0.11060297j -0.0247628 -0.0177806j
   0.20340662-0.11527721j]]
Final objective value: 
0.9637358297243291
Final objective value with norm: 
6.76373582972433
