Rounding result: 
[[-0.23850034-0.87149078j -0.02966167-0.03913933j  0.02367181+0.14366205j
   0.05326777-0.09548093j  0.28611468-0.21913791j -0.01145183-0.0242305j
   0.11714853-0.03633883j -0.04500571-0.01963162j]
 [-0.03439528+0.01413627j  0.66213752-0.61237521j -0.04766238+0.0505638j
  -0.20614697-0.05713105j -0.00753743-0.00860355j  0.294387  +0.12522619j
  -0.01988081+0.00721277j -0.1394298 -0.11061027j]
 [-0.04384495+0.18120518j  0.01591214-0.01802153j -0.22294744+0.68516811j
   0.35641872-0.04376112j -0.09979465+0.06010588j -0.08017995-0.0510541j
   0.47319301-0.13249157j -0.15287026-0.17062268j]
 [-0.04150412-0.03952976j  0.18141317-0.01522597j  0.35272958-0.10284134j
   0.48639145+0.52964365j -0.00625344+0.00298601j  0.05269782-0.25057668j
  -0.19004065-0.16639658j  0.07820856-0.41945809j]
 [-0.3256798 +0.14872779j -0.00898629+0.01351594j -0.01921586-0.1296887j
  -0.03928825+0.04197983j  0.6649424 +0.61524365j  0.02318447+0.00808286j
   0.15829883-0.05674953j -0.02939471-0.02521771j]
 [ 0.00295648+0.0111014j  -0.29794233-0.22110728j  0.00847038+0.02349765j
  -0.02419197-0.00767932j  0.0306852 -0.02169498j -0.20646066+0.70435475j
  -0.08771863-0.02686933j  0.21716828-0.51498484j]
 [ 0.10541362-0.06831548j  0.00209357-0.00611494j -0.11640151-0.47491706j
  -0.18821352+0.15674524j -0.16141183-0.06454245j -0.19311572+0.01841484j
   0.48365218-0.52783214j -0.30616054-0.10477356j]
 [ 0.00359845-0.00918623j -0.03926384+0.10456265j -0.17224884+0.18231725j
  -0.46316856-0.13329818j  0.02146646+0.06000599j -0.2206636 -0.44347003j
  -0.35531494-0.06139285j -0.18635838-0.5273121j ]]
Final objective value: 
0.9201982693381149
Final objective value with norm: 
0.9201982693381149
Final penalty of max controllers: 
0.0
Infinity norm of continuous and binary controllers
4.13923427629935
