Rounding result: 
[[-0.10112083+3.57823596e-02j  0.0011931 -1.41185743e-03j
   0.0557309 -1.14219147e-01j ... -0.00108347+2.67977406e-03j
  -0.02585156+2.37555366e-02j  0.00107296-2.83628907e-03j]
 [-0.00110954+7.62715523e-03j  0.04826784-5.20071779e-02j
   0.00437537-1.60747043e-02j ... -0.01446675-2.93521981e-02j
  -0.00090198+3.49692062e-03j -0.00389562+2.16020289e-02j]
 [-0.09533474-2.33437499e-01j -0.01316347+2.49183852e-03j
  -0.14091178-8.58028151e-02j ...  0.0008286 +1.26623668e-03j
   0.00038618-1.16592390e-02j -0.00089503+1.20936566e-03j]
 ...
 [ 0.00297587+1.00295337e-04j -0.00055571+1.15674248e-02j
  -0.00412353-1.37690190e-05j ... -0.14030119-8.54483599e-02j
   0.00463928+2.98353243e-02j  0.09350627+2.32976427e-01j]
 [-0.00369686+2.17852751e-02j  0.0013226 +1.00164797e-03j
   0.01450339+2.93942708e-02j ...  0.00655346-5.30747793e-03j
   0.04756138-5.13135341e-02j  0.00078896+1.13676083e-02j]
 [ 0.00048909+1.10605352e-03j -0.0260459 +2.37848440e-02j
   0.00158468-6.69906187e-04j ... -0.05726165+1.14302757e-01j
  -0.00752026-7.84021546e-03j -0.10078472+3.59995200e-02j]]
Final objective value: 
0.964777660726311
Final objective value with norm: 
0.964777660726311
Final penalty of max controllers: 
0.0
Infinity norm of continuous and binary controllers
2.197087608787373
