Rounding result: 
[[ 3.27783169e-01-2.05158124e-02j  1.25101118e-02+3.21960748e-02j
  -1.08207434e-01-2.23279166e-02j ...  1.27949117e-03-8.04578289e-04j
   5.22016953e-05+1.44959758e-03j -2.76175624e-05-5.45720101e-04j]
 [ 4.12593519e-02+1.28928263e-03j -8.39657354e-02-2.81345476e-01j
   2.73705710e-03-4.49316873e-03j ... -1.02775471e-02+6.26576260e-03j
  -5.38015121e-05+1.35155899e-04j -1.70831481e-03+4.49463376e-03j]
 [-8.82740819e-02-1.08874313e-02j -1.72613632e-02-1.95693373e-02j
  -2.63403861e-01+3.62587430e-01j ... -9.45948406e-05+7.27265115e-04j
   1.01661130e-02-1.93575315e-03j -9.01079300e-04-7.59043277e-04j]
 ...
 [-1.90225609e-03-6.11064906e-03j -4.71660524e-02+3.99213645e-02j
   3.16747515e-03-8.47175385e-04j ... -2.26665085e-01+3.80077811e-01j
   1.35639508e-02-1.08291235e-02j -9.78450663e-02+8.51303787e-02j]
 [ 2.78420857e-02+7.75578571e-03j -1.30770886e-03+5.16217269e-04j
   2.42342363e-02-4.25676897e-02j ... -1.05786161e-02-5.94865735e-03j
  -8.47741235e-02-2.83619090e-01j -2.96520397e-02+2.81993143e-02j]
 [-6.38837523e-04+4.61706790e-03j  8.47178770e-03+1.08593407e-02j
   5.53025431e-03-9.42893763e-04j ... -9.58965808e-03+8.99320232e-02j
   2.20226491e-02-2.98975086e-02j  3.32383575e-01+5.61781060e-02j]]
Final objective value: 
0.9754549954665387
Final objective value with norm: 
0.9754549954665387
Final penalty of max controllers: 
0.0
Infinity norm of continuous and binary controllers
0.6285976389575991
