Rounding result: 
[[-0.00341615+0.10346608j -0.25934888+0.11348307j -0.32538279+0.00956792j
  -0.49639132+0.12267283j -0.28886685+0.15976763j -0.4457517 -0.08284722j
  -0.39831622+0.08634358j -0.22624516+0.09949124j]
 [-0.17996535-0.18532412j -0.07326416-0.28496944j -0.38916923+0.18337108j
  -0.21811172-0.24628548j  0.02538663+0.06391985j  0.19091184-0.15295917j
   0.22368261+0.60255416j  0.24619716-0.12285269j]
 [-0.44198402+0.03788431j -0.41813465-0.02837505j -0.18444805-0.35968457j
   0.19276001+0.07244175j -0.20157033+0.00791378j -0.10258554+0.46519864j
   0.13051632-0.13724185j  0.33619885-0.07244709j]
 [-0.18343875+0.27332201j  0.12091145-0.47954238j  0.03634763-0.17169254j
   0.08383353+0.31683711j -0.16610369+0.55732293j  0.26917083-0.20053498j
   0.03596154-0.0422786j  -0.20021336+0.12173305j]
 [ 0.08025531-0.09018416j -0.00630526+0.06615998j -0.21280636-0.05464886j
  -0.12516438+0.62158309j  0.02596123-0.29400846j  0.29186994-0.3317762j
  -0.17081254-0.15748615j  0.43812219-0.04894858j]
 [-0.18220202-0.21945451j -0.09005514-0.10720095j -0.36580196+0.42780599j
   0.23329135-0.00937249j -0.1303534 -0.24522957j  0.17219705+0.04828451j
   0.02427308-0.26154769j -0.3041742 +0.5070181j ]
 [-0.24914382+0.17540153j -0.20588452+0.40628332j  0.16069794-0.32694008j
   0.1263759 +0.06436779j -0.02417984-0.26968403j  0.20130898-0.26536622j
   0.08577857+0.45765277j -0.28932841+0.24921022j]
 [-0.54232865+0.36676981j  0.4097648 -0.11696875j -0.11736698+0.05632555j
  -0.05940973+0.01765721j  0.45876234-0.24369239j -0.23628056+0.03126307j
  -0.20505517-0.00248656j  0.01625465+0.00300408j]]
Final objective value: 
0.35056938360256773
Final objective value with norm: 
0.35056938360256773
Final penalty of max controllers: 
0.0
