Rounding result: 
[[-5.64681949e-01+1.04626748e-01j -1.90716919e-02-2.21238258e-02j
  -5.76877896e-01+9.64178636e-02j -1.41521315e-02-3.82367888e-02j
   3.57736930e-01+3.97101057e-01j  8.92940872e-03+1.65177263e-02j
  -5.05580884e-02+1.10254255e-01j -1.84793786e-02-1.44418234e-02j
   4.20459353e-02+1.05735853e-01j -2.54282675e-03+4.52881063e-03j
   3.73157697e-02+7.99125471e-02j -3.73645877e-03+3.02529041e-03j
  -4.09487907e-02-3.92976859e-02j -6.69161454e-04-2.29313729e-03j
   1.71310683e-02-1.71029538e-03j  2.18893996e-03+1.81270515e-03j]
 [ 1.03581161e-02-4.61700241e-02j -3.00860942e-01+7.20538390e-01j
  -4.92619671e-02+1.95115803e-02j  1.39923289e-01+2.39288772e-01j
  -8.55572407e-03+1.28703704e-02j  4.36218285e-01-2.82944652e-02j
  -5.16573394e-03+2.82315957e-02j  2.45028802e-01+1.78287631e-01j
  -7.60632570e-03+9.16621638e-04j  1.36953550e-01+2.82532710e-02j
   3.95651278e-03+5.57315499e-03j  1.84549217e-02-2.46982580e-02j
   1.07585653e-03-1.52482307e-03j -4.86188855e-02+9.93520252e-03j
   1.89080365e-03-2.84399718e-03j -2.90062740e-02-2.27688989e-02j]
 [-6.56781169e-01-8.35263699e-02j -6.98125180e-02+6.52014506e-03j
   7.21604710e-01+1.06888223e-01j  1.39321369e-02+1.22370786e-02j
   2.87186942e-02+7.74755849e-02j  1.03688565e-02+9.18075881e-03j
   3.42774757e-03+2.00795511e-03j  5.56262769e-04+2.20479517e-03j
   5.90129276e-03+8.08799576e-02j  2.51252513e-03+8.56284833e-03j
  -1.02257439e-02-8.84877707e-02j  6.58948624e-04-2.06977446e-03j
  -1.35889623e-02-1.82516945e-02j -4.15569236e-03-1.65654681e-03j
  -3.30472754e-02+3.15554948e-02j -1.13588884e-03-9.50022162e-04j]
 [-2.52390850e-02+2.97435456e-02j  1.53197866e-01-2.51044299e-01j
  -2.36563857e-02-6.37412110e-03j  3.88582796e-01+8.59512354e-01j
   1.19346324e-02+2.55871560e-03j -6.47901711e-02+2.09925518e-02j
   2.37595837e-04-9.14083244e-04j -5.36672934e-03-2.81612534e-03j
   4.33652954e-03+2.82027492e-03j -3.61421630e-02-1.30666557e-02j
   6.98704068e-05+2.96209647e-03j  8.88481287e-02-7.58769523e-02j
  -3.41875836e-03+1.01804788e-03j  1.68859682e-02-1.70653718e-02j
   1.26634225e-03+5.15422399e-04j -3.09682024e-02-9.39543552e-03j]
 [-4.37192948e-01-5.46104793e-02j -1.40823165e-02-1.36047700e-02j
  -3.10321937e-01-5.00939388e-02j -3.67932451e-03-1.37638342e-02j
  -3.17956640e-01-6.63263298e-01j -1.55410218e-02-1.92097719e-02j
   1.22479065e-01-2.36799710e-01j  4.33266640e-02+3.29803575e-02j
   1.35173711e-02-5.35659105e-02j  1.94356439e-03-8.18588279e-04j
   2.62545836e-02-1.34892070e-02j -2.64501655e-03+1.43208730e-03j
  -2.09050596e-01+1.87223327e-01j -6.65832857e-03+6.45884734e-03j
  -8.11671239e-02-3.39298312e-02j  8.73177848e-03-1.50366693e-02j]
 [ 6.34197793e-03-2.51281570e-02j -3.23921233e-01+3.74887376e-01j
  -2.27427688e-02+2.41306183e-03j  4.79841527e-02+1.06620544e-01j
   1.16346884e-02-1.09386002e-02j -4.99687942e-01-1.81155595e-01j
   1.28077346e-02-5.52678264e-02j -4.70511419e-01-3.76537985e-01j
   2.17960751e-03+1.20525218e-03j -3.71777687e-02-4.91569145e-02j
   4.16207292e-03+1.66974536e-03j  2.46151219e-02+3.55248835e-03j
  -5.64014513e-03-3.51924713e-03j -3.63032148e-03+2.13727604e-01j
  -1.86188708e-02-2.16433885e-03j -9.55674058e-02+1.75680888e-01j]
 [ 5.88648118e-02+2.05222474e-02j  1.41695184e-02+1.97889137e-03j
   2.14783710e-02+1.38981673e-02j -1.51467506e-04-8.97757278e-04j
   1.57627718e-01+2.32940475e-01j  5.31025056e-02+3.99401688e-02j
   3.33851072e-01-8.45384970e-01j  1.78587599e-02+8.40139530e-03j
   2.89663437e-02-9.59978010e-03j  4.33285860e-03+6.49302139e-05j
   2.33770485e-02+6.95599014e-02j -5.96678094e-04-4.95087482e-04j
   5.16697409e-02-7.27759084e-02j  6.13683429e-03-1.99630437e-02j
  -2.63673376e-01-3.01481715e-02j  4.81012153e-04-6.19587404e-03j]
 [ 1.04977022e-02-1.24715768e-02j -3.21351332e-02+1.33788451e-01j
   4.57818811e-03-2.22030676e-03j  4.52666711e-03-1.48055646e-03j
   6.23018302e-02-1.83879889e-02j -4.57424722e-01+4.70125713e-01j
  -2.12984394e-02+2.81132135e-03j  6.31913536e-01-2.46747065e-01j
   1.52899542e-03-1.67980057e-03j -1.49009748e-02+1.74267994e-02j
   2.26261830e-03-1.76128792e-03j -2.52527689e-02+4.68757944e-02j
  -1.23362492e-02-1.66843725e-02j  1.84101905e-01+8.78478826e-02j
   2.47118416e-03+5.62738615e-03j -1.15156447e-01-1.64023969e-01j]
 [ 1.40491262e-02-5.67004497e-02j  3.31480887e-03-8.11296630e-04j
   1.43722496e-02-6.37218628e-02j  5.00718804e-03+7.86782330e-05j
  -1.04380220e-01+7.83027570e-02j -3.71410737e-03+1.05874138e-03j
  -1.80345054e-02+1.49722321e-03j  1.74890968e-03-4.19311919e-03j
   7.24052794e-01-9.47044219e-02j  2.47616855e-02+2.53018882e-02j
   6.31912326e-01-1.52276810e-01j  2.04091610e-02+3.77247432e-02j
   9.66497106e-03-8.70924627e-03j -3.02436227e-03-2.77114936e-03j
   8.89784202e-02-8.91375864e-02j  5.16059878e-03+1.76921694e-03j]
 [ 4.42463549e-03+3.28104521e-03j -5.91984386e-02-5.88013797e-02j
   8.01702716e-06-6.24770249e-03j -3.30391738e-02+4.44363526e-03j
  -2.57990827e-03-2.93341720e-03j -6.86921980e-03+1.13260168e-01j
  -5.24233146e-03+3.80998015e-04j -3.35195072e-02+5.65300455e-02j
  -8.55603687e-03+5.47373147e-02j  3.88991633e-01-8.51597532e-01j
   4.86267951e-02-2.66223221e-02j -1.84045868e-01-2.33215273e-01j
   5.52459140e-05-6.18816293e-04j  1.96848518e-02+4.16788083e-03j
   3.88985351e-03-1.27804554e-02j -5.49694893e-02-8.77151253e-03j]
 [ 3.09416506e-02-7.89720236e-02j  1.37080129e-03-8.88833845e-03j
  -3.82757228e-02+8.40945788e-02j -1.99875684e-03+1.26444123e-03j
  -2.60744868e-02+2.39489262e-03j -3.25982981e-03+2.43510932e-03j
   5.07091370e-03-1.77227433e-02j -6.01780507e-04-2.01921552e-04j
   6.40653614e-01+1.03500056e-01j  7.02383565e-02-2.73636441e-03j
  -7.09376543e-01-7.34117811e-02j -1.41642949e-02-1.02655703e-02j
  -4.02638510e-02+1.67536505e-02j -3.92677803e-03+8.67524938e-03j
  -8.14761758e-04+2.14716583e-01j -5.98393969e-03+2.72292266e-03j]
 [-2.95379766e-03-4.10951934e-03j  2.70456271e-02+2.75254261e-02j
   1.56994605e-03-2.68083554e-03j -1.18186085e-01+1.77718515e-02j
  -1.11429625e-03+2.74231510e-03j -6.08148606e-03-1.17610795e-02j
   5.96385357e-06+3.72713650e-04j  2.06400642e-02-1.05955722e-02j
   2.82303732e-02-2.77106269e-02j -1.68524096e-01+2.46989681e-01j
   2.35975583e-02+5.59077994e-03j -4.20074786e-01-8.24416552e-01j
   5.73093254e-04+7.57906092e-03j -8.40105642e-04-3.04411460e-02j
   5.72638620e-03-4.83823320e-03j -1.73844164e-01+6.72571692e-02j]
 [ 2.21321699e-02-1.31207586e-01j  4.35183487e-03-4.10635433e-03j
   1.92132281e-02-9.25177056e-02j  4.43511451e-03-1.27071734e-03j
   2.37331235e-01+1.16434765e-02j  7.37218098e-03-1.17160527e-03j
   4.88939272e-02+6.46426385e-02j -1.46001159e-02+7.54409095e-03j
   9.75730576e-03-5.23209531e-03j  5.17562642e-04-3.09566596e-04j
   6.79790749e-02+6.01623379e-04j -3.80821664e-03+1.19918691e-02j
   3.38657761e-01+8.40052057e-01j  1.33148990e-02+2.80606954e-02j
  -1.84500678e-01+2.15313540e-01j -3.59732161e-02-4.48744748e-02j]
 [ 7.71156215e-03+2.25535496e-03j -1.09676323e-01-1.02067227e-01j
  -5.20843853e-04-6.72811706e-03j -3.50744966e-02+1.71206637e-02j
   1.09027837e-03+5.16755992e-03j  1.32394019e-01-1.16645372e-01j
   1.34174702e-02+1.09436205e-02j  1.67180957e-01-7.79656074e-02j
  -1.54843875e-03-2.38455775e-04j  1.61613676e-02-1.02262011e-02j
   1.53694975e-02-3.40400110e-03j  6.90493886e-02-9.54448357e-02j
  -1.65193234e-02+1.38539250e-02j  6.37161123e-01+2.37669162e-01j
  -2.71165499e-02+5.48791682e-02j  4.24198733e-01+4.99318474e-01j]
 [ 1.21200118e-02+2.32853972e-02j  1.14967391e-03+4.34931601e-03j
  -2.28164175e-02-2.24393128e-03j  9.03748739e-05-5.87315617e-04j
  -8.72616032e-02+1.65300523e-02j -1.81569802e-02+1.01240486e-02j
   1.93923715e-01+1.95822323e-01j -4.67147337e-03+3.97424413e-03j
  -2.58635788e-02-1.28621515e-01j -2.24156453e-03-1.30622416e-02j
   1.84566097e-01+6.46093548e-02j -3.04490435e-03+2.11935459e-03j
  -1.49400576e-01-2.43546072e-01j -5.10029982e-02-4.35427469e-02j
  -4.31624363e-01+7.65498778e-01j -1.76669335e-02-8.99120865e-03j]
 [ 4.18155002e-03+2.54695006e-03j -4.44193911e-02-6.30459315e-03j
   1.14498878e-03+1.73482458e-03j -2.89808450e-03-2.28476581e-02j
  -2.76833789e-03+2.00418250e-02j -7.45940327e-02-1.88879093e-01j
   1.86131634e-03-6.28465615e-03j -8.82003695e-03+2.03900041e-01j
  -7.29079737e-03-3.39220647e-04j  4.02389232e-02+1.49003188e-02j
  -2.75542047e-03-7.97399350e-03j  3.56986928e-02+1.41596752e-01j
  -6.48261718e-02+1.55253423e-02j  4.98456793e-01-4.37364771e-01j
   2.01118997e-02-2.36169391e-04j -6.51946452e-01+1.45480513e-01j]]
Final objective value: 
0.8731670615198948
Final objective value with norm: 
0.8731670615198948
Final penalty of max controllers: 
0.0
Infinity norm of continuous and binary controllers
6.501719346865968
