Rounding result: 
[[ 0.50355714-0.06007985j  0.16860566-0.20296474j  0.51368915-0.17348064j
   0.1849802 -0.05301318j  0.35916608-0.15064525j  0.17657662-0.18361318j
  -0.28626623-0.02556354j -0.19074197-0.08140154j]
 [ 0.07814957+0.10213916j -0.26439764+0.29179686j  0.20988082-0.11207058j
  -0.67220982+0.23085848j  0.29935974-0.04340113j -0.10214878+0.21862183j
  -0.17106145+0.10302295j -0.00153793+0.27754164j]
 [-0.18760476-0.12732801j  0.16483423+0.06956315j -0.16821288+0.51974316j
  -0.11190099-0.00780854j  0.03774154-0.1663246j   0.25824628-0.15861539j
  -0.422815  +0.49800294j -0.23760519-0.03738166j]
 [ 0.11405235-0.09362252j -0.03080894+0.36815095j  0.12751966+0.15524787j
   0.23812512-0.49046307j  0.17170442-0.28155018j -0.06712547+0.50804823j
   0.23012852+0.24452161j  0.12535593-0.06546752j]
 [ 0.1499071 -0.0652863j   0.14620865-0.28423745j  0.08060271-0.14069463j
   0.02707243+0.05220907j -0.36036396+0.44580519j  0.04077679+0.58184201j
  -0.20243382+0.32657389j -0.12773194+0.09270628j]
 [ 0.0841574 +0.00470732j -0.47389068+0.25207866j  0.21753107-0.10749523j
  -0.03118009+0.05506984j -0.31745246+0.13279087j  0.11853848-0.17166218j
  -0.05782784+0.2253775j   0.07708913-0.64798835j]
 [ 0.68187526+0.14869063j  0.09463603-0.17291252j -0.43784339+0.13298235j
  -0.30878927-0.05653193j -0.01188535-0.02681452j -0.12480727-0.11385398j
   0.26899476+0.19815811j  0.0619484 -0.14588493j]
 [ 0.3603247 -0.04862155j -0.13795334+0.39832461j  0.01769637+0.1255205j
   0.14164239-0.14797639j -0.39171889+0.13284095j  0.22811298-0.2410621j
  -0.10263966-0.11859275j  0.06104333+0.56790668j]]
Final objective value: 
0.35552946972449306
Final objective value with norm: 
0.35552946972449306
Final penalty of max controllers: 
0.0
