Rounding result: 
[[ 0.02578743+2.52358473e-01j  0.24520658+1.71399762e-01j
   0.1831853 +3.18198414e-02j  0.00113022+2.02638607e-01j
   0.35158184-6.49176866e-02j  0.22768944+1.24954097e-01j
   0.18430974+4.54009587e-02j  0.0485125 -3.52798934e-01j
   0.24457403-5.95508483e-02j  0.22122551-1.53189059e-01j
   0.22222203+1.25278199e-01j  0.11742924+1.55914058e-01j
   0.12488938-1.20185839e-01j -0.10081395+1.39562396e-01j
   0.25615513+1.95852631e-01j  0.0974691 +1.66598958e-02j]
 [ 0.0197571 +1.85296632e-02j -0.00850968+5.80825514e-02j
  -0.0531883 +1.00032095e-01j -0.40859607-6.63615282e-02j
   0.10183298-4.66015375e-02j -0.06010791-1.32155973e-01j
   0.33911939-1.51984559e-01j -0.32987711+2.06467452e-01j
  -0.15416559+4.65518100e-02j  0.12949846+2.71067588e-01j
   0.31502913+1.98424592e-01j -0.19984891-1.90995456e-01j
   0.12916503-2.51159929e-01j -0.00732295+1.96622245e-01j
  -0.03295676-2.32604153e-02j -0.18866769+3.92917314e-02j]
 [ 0.11326438-4.10818140e-02j -0.05707448+3.70791253e-03j
  -0.14235329-5.03740496e-02j -0.28037454+2.24768711e-01j
  -0.02443122-7.49920625e-02j  0.15785174-4.17499618e-01j
  -0.29802102-3.44644675e-02j -0.24468367-6.18610767e-02j
   0.22233161-1.30040922e-01j  0.1186219 -9.78553132e-02j
  -0.34247817+3.07109217e-01j -0.15651176+1.12966868e-01j
   0.0250672 -9.98487776e-02j  0.08915939-2.63049848e-01j
  -0.03402   +2.03407417e-01j  0.03998926+2.01712882e-02j]
 [ 0.23320445-4.91915494e-03j -0.15601105-1.15924677e-01j
  -0.21310304-3.47748754e-02j -0.05717206+5.58349049e-02j
   0.13153306-2.38674574e-01j -0.31927499+2.62491791e-01j
  -0.1210791 +3.57680124e-02j -0.09567026-2.66313552e-02j
   0.46277917+3.57928979e-02j -0.30471645+1.66873829e-01j
   0.0484838 -1.72605069e-01j -0.01381425-3.45320624e-02j
   0.20306087+3.98195415e-02j -0.0748575 -2.28125434e-02j
   0.17913741+1.25514686e-01j -0.23973941+2.44877480e-01j]
 [ 0.09792093-1.67636002e-01j -0.00799123+4.01419495e-01j
   0.11679338-3.08447074e-02j -0.09477185-8.49488682e-02j
  -0.28761173-2.15460278e-02j  0.07949307+3.08585625e-02j
  -0.20755091+1.09072262e-01j -0.33994887-1.32274026e-01j
   0.20913225+1.54292947e-01j  0.05864084+1.09264903e-01j
   0.37153481-9.46333558e-02j  0.29693152+4.27232521e-02j
  -0.21047234+1.41056362e-01j -0.0182593 +9.29300125e-03j
  -0.30883314+8.79779887e-02j  0.03293696-5.56834491e-02j]
 [ 0.22688406-9.54692518e-02j -0.04386969+2.07212383e-02j
   0.24820481+2.16746656e-01j -0.02400128-2.93149293e-01j
  -0.0346729 +2.77126078e-01j -0.11221193-1.58516968e-02j
   0.01170335-2.73847311e-01j -0.01641807+5.64882615e-02j
   0.25679188-5.62421392e-02j -0.00791066-3.27353022e-01j
   0.09932333+1.96607731e-01j -0.12990248-2.62340853e-01j
   0.05815493+2.22741401e-01j -0.01412991-6.58740628e-02j
   0.12182453-1.18626438e-01j  0.31663915+2.74355338e-01j]
 [ 0.11776419+8.39926988e-02j  0.16420502+8.82209530e-02j
  -0.37038097-2.73068505e-02j -0.26750692-1.62625308e-01j
  -0.16876149-2.01538552e-02j -0.15359194-6.89756389e-02j
   0.2445763 -5.54123895e-02j  0.09566051-1.12459809e-01j
   0.14458106-7.76012838e-02j  0.02507766-3.15922774e-02j
  -0.10838763-1.48015087e-01j -0.22899292+2.63841683e-01j
  -0.33952624+1.49680842e-01j -0.37211414+1.62758179e-01j
   0.09379147-1.05778868e-01j  0.15495747-1.88617066e-01j]
 [ 0.04674244+2.12754183e-01j -0.0262847 +8.37963830e-03j
   0.42326962-9.55038642e-02j  0.05181556+2.38874179e-01j
  -0.25282084+1.87328883e-01j  0.19936163+6.18392096e-02j
   0.24762437-2.06139287e-01j -0.04864954+2.11007943e-01j
   0.24773816+1.19464694e-02j -0.35693275+1.73119253e-01j
  -0.14201561+1.01858438e-01j -0.02607082+8.51045497e-02j
  -0.10947959-8.41988122e-02j -0.23563209-1.32783563e-01j
  -0.00726818-4.26364748e-02j -0.19821008-1.40507938e-01j]
 [ 0.24430775-2.12531580e-01j  0.1120872 +9.53536607e-02j
   0.31734214+1.89671691e-02j  0.23573378+9.86333501e-02j
   0.12416155-3.91155299e-01j -0.21354   -1.55593289e-01j
   0.2465213 +1.39286594e-01j  0.05692187+5.69080126e-03j
   0.03511512+3.35648746e-02j  0.07577274+3.17995634e-02j
  -0.26190847+2.44370000e-02j -0.19798433-5.55584526e-02j
   0.09878501+1.43548727e-01j -0.1030615 +1.78540782e-01j
  -0.42918092+7.18945678e-02j  0.0496575 +1.28842740e-02j]
 [ 0.22440801-1.31400537e-01j -0.21291393+2.36581273e-01j
  -0.09618114-2.61999581e-01j -0.03704944+2.30233934e-01j
   0.06124901+1.12827577e-01j -0.14567359+1.06978218e-01j
   0.09651456-1.92446168e-01j -0.13204436+6.49860607e-02j
  -0.22069889+3.10082891e-01j  0.06498325-3.42999271e-02j
  -0.2687269 -6.26607070e-02j  0.3167231 -1.21154250e-01j
   0.15166199-1.17600250e-01j -0.16209759+3.06275002e-02j
   0.20129622+4.83356805e-02j  0.34479605-1.20266798e-01j]
 [ 0.19604643+1.12741184e-01j  0.25559274-9.29861500e-02j
   0.01547938+1.62243954e-02j -0.27926072-3.35691536e-02j
  -0.08166471-2.54100579e-01j  0.2307108 +8.88946655e-03j
  -0.14478235+1.50902680e-01j  0.25630874+2.81608144e-01j
  -0.15333319+1.67528388e-01j -0.32477607+1.06940395e-01j
  -0.00362533+2.39797533e-01j  0.17008231-8.85110881e-02j
  -0.12201622+1.20750174e-01j  0.05514761+2.16600043e-01j
   0.10390028+2.07932218e-01j  0.24978008+1.52885398e-01j]
 [-0.0202697 +9.84011225e-02j -0.22381657-1.19492909e-02j
   0.18082276-6.70706472e-02j -0.01613328+1.53352569e-01j
   0.00304831-9.93620657e-02j -0.00326923+2.61863879e-01j
  -0.17073003-4.82614379e-03j -0.174999  -1.82880248e-01j
  -0.25338879-1.16501457e-01j  0.11762297+9.82200699e-03j
  -0.0271093 +6.06395383e-02j -0.33825649-3.45317042e-01j
  -0.35556889+3.20284682e-01j -0.0792775 +9.28514007e-02j
   0.22677447+2.33926731e-01j -0.10943781-1.23139798e-01j]
 [-0.26314186+3.94415185e-01j  0.24830947+7.47438611e-02j
   0.07807392+9.89258091e-02j  0.15139809+5.77967249e-02j
  -0.26452753-6.24119872e-03j -0.24862218-1.90210294e-01j
  -0.34872954-1.39834219e-01j -0.14666873-1.75720863e-01j
  -0.02799396+8.96848026e-02j -0.04001599+2.40491804e-01j
  -0.07464319-8.10917854e-02j -0.10818858-9.57766305e-02j
   0.26830519-7.35359366e-02j -0.13055061+2.11410635e-01j
   0.04125982-6.82694751e-02j  0.21938968+9.65653079e-02j]
 [ 0.25466342+5.54760450e-02j -0.09589864+7.18387831e-02j
   0.12726545+2.41060072e-01j -0.02029297-2.66428323e-01j
  -0.15145718-2.00161581e-01j  0.07752178-8.96535301e-02j
  -0.23287767-1.15380272e-01j  0.24857505+1.79045619e-01j
  -0.06522551-7.83974939e-02j  0.24435534-3.96761436e-02j
   0.03782979-1.39802483e-01j  0.08038213-9.58315795e-05j
   0.31329143-3.76202235e-02j -0.25556804-9.64465638e-02j
   0.16434863+1.53875441e-01j -0.24841062-3.84532635e-01j]
 [ 0.29147666+2.80321476e-01j  0.1690234 +3.90986561e-01j
  -0.22672482-1.03845920e-01j -0.02230787+1.64913189e-01j
  -0.20733891+2.34126795e-02j -0.1188089 +1.64997457e-01j
   0.09224495-5.06823505e-02j  0.21252866-1.26722121e-01j
  -0.16852059-2.76090607e-01j -0.12791898-1.07290343e-01j
   0.08542691+7.11576223e-02j -0.06309035-2.23831586e-01j
   0.13821283-1.31212614e-02j  0.27484217-2.37703759e-01j
  -0.21730947-2.91061933e-02j -0.09754453-1.06802635e-02j]
 [-0.01020296+9.61128160e-02j -0.22304966-3.27072095e-01j
  -0.239714  -8.53845299e-02j  0.03413512+2.06190479e-01j
  -0.21608275+2.82612562e-02j  0.24981974+9.60169218e-02j
  -0.02256609+5.82540056e-02j  0.02490311+2.96539395e-02j
   0.0564519 +1.45290278e-02j  0.05744755-3.41328708e-01j
   0.19891145+2.30488762e-02j -0.05692872-1.69755518e-01j
   0.19100548-6.65638342e-02j -0.38168712+2.38008028e-01j
  -0.3890714 +3.51487886e-02j  0.07804879+6.05592723e-02j]]
Final objective value: 
0.5152826725829589
Final objective value with norm: 
0.5152826725829589
Final penalty of max controllers: 
0.0
