Rounding result: 
[[-0.09929425+2.88279626e-01j  0.16023545+7.38138860e-02j
   0.14855001+1.50691288e-02j  0.06849679-4.52959347e-02j
   0.4905073 +5.56203674e-02j  0.27121774-2.76422263e-03j
   0.33974884-4.70955586e-03j -0.04917053-1.18390780e-01j
   0.03071458+9.17419820e-02j  0.15520311+4.37749363e-02j
   0.10461144+2.27500046e-03j  0.3034331 -7.52823458e-02j
   0.23501498-1.15981918e-01j  0.1083591 -5.78939626e-02j
   0.23049597-1.88428443e-01j  0.26211839+1.12078497e-01j]
 [-0.08352317-1.41160552e-01j -0.09003388+7.92322179e-02j
   0.30303284-1.95268788e-01j -0.07028931+5.08590807e-02j
   0.13495824+4.75986711e-04j -0.32938709-1.84347126e-01j
   0.14221274+9.56918300e-02j -0.17343351+2.54485460e-03j
   0.10552772-1.97908175e-02j -0.09224427+1.86330884e-01j
   0.12602207+2.24535778e-02j -0.11949691-2.85760058e-02j
   0.16004289-2.57562713e-01j -0.25591324+5.09998925e-01j
   0.10705924-1.49936245e-01j -0.25154853+8.19716016e-03j]
 [ 0.40835864+8.29042948e-02j -0.03131548+4.87077134e-02j
  -0.06399561-2.36014818e-01j -0.25640196-2.70456935e-01j
   0.22177189+7.23607026e-02j  0.2326409 +2.80380988e-02j
   0.01934922+3.44933835e-01j -0.03958546-8.00226393e-02j
   0.06460999+2.98825612e-02j -0.02900094+1.82020973e-01j
  -0.12948163-3.07265438e-02j -0.31242976+4.77353931e-02j
   0.16786286-6.09183441e-02j  0.26108392+5.38071210e-02j
  -0.19285549+2.61688612e-01j -0.05425393-1.39538887e-01j]
 [ 0.07813397+1.14400210e-01j -0.01267213-2.95043627e-02j
  -0.30331015-3.77072496e-02j  0.17508204+2.10897074e-01j
   0.15033412-1.29846647e-01j -0.12991584-8.58477421e-02j
  -0.1874349 -7.22437585e-02j  0.19001555+1.59090548e-02j
   0.44975558-1.98630258e-01j -0.14503436+5.58863777e-02j
  -0.06118319-1.36662893e-01j  0.02210144+2.22357263e-01j
   0.41498228+2.73799394e-02j -0.18413452+2.34100441e-02j
  -0.11216911+1.08854044e-01j  0.19835579+2.47739043e-01j]
 [ 0.17980532+9.73787915e-02j  0.42427082-2.49858965e-02j
   0.33765884+1.72072027e-01j -0.01412186+1.29888299e-01j
   0.022025  -1.09585443e-01j -0.04716307+3.22137435e-02j
  -0.37273149+1.75201289e-01j -0.1672732 +2.14561795e-01j
   0.0360639 +2.40916888e-02j  0.03675622-2.50506382e-02j
   0.32566959-4.96812787e-02j  0.25927239+1.14023544e-01j
   0.04248565-1.14237349e-01j  0.12326747-9.00891193e-02j
  -0.12074775+1.84802943e-01j -0.26658167+8.30129495e-02j]
 [ 0.00403478+2.20412470e-01j -0.4527561 +1.13222205e-01j
   0.25460479+1.60881816e-01j -0.09249606+1.91026527e-01j
  -0.07407297-1.77665043e-01j -0.07501393-1.83008603e-01j
   0.01286771+2.10185701e-01j -0.02014214-1.73643310e-01j
  -0.00144384-6.77790732e-02j -0.1299078 +4.73917002e-02j
   0.32597917+2.46676496e-02j -0.23819789+5.66742726e-02j
  -0.19897073-1.60890488e-02j  0.18950024-1.81707395e-01j
  -0.03783859-8.41443356e-03j  0.29579181+2.41782077e-01j]
 [ 0.15323064+2.73348999e-01j  0.17965967+1.66180213e-01j
  -0.07007071+1.88843845e-01j  0.12054543-2.82431763e-01j
  -0.10500313+1.38465034e-01j -0.20967819+6.35115150e-03j
   0.1028199 -4.63707444e-02j  0.07152973-4.44225989e-03j
   0.2737644 -4.65121235e-02j  0.33914536-1.32140826e-01j
   0.07390018+5.49424694e-03j -0.37602427-1.53962526e-01j
  -0.13971116-9.07786824e-02j -0.14495729-6.24024763e-02j
   0.31324397+1.62058462e-01j -0.13495755+1.98817356e-01j]
 [ 0.29837073+4.04406197e-01j -0.23051562-2.67324296e-03j
   0.03300529-7.46598506e-02j -0.07483139+2.45568965e-01j
  -0.22729465+1.18334405e-01j  0.21971909-8.92892454e-03j
   0.0859414 -7.04253574e-02j -0.24248636-8.23631778e-02j
   0.14687478-1.22492664e-01j -0.01321688-7.90786596e-02j
  -0.31740125+8.30083977e-02j  0.35265047+3.82715981e-02j
  -0.19050274+9.72857527e-03j -0.07897635+1.93528950e-01j
   0.05663885+1.11709708e-02j -0.23373792+1.23527152e-01j]
 [ 0.0046433 +8.02495174e-02j  0.10110254+1.24909457e-02j
   0.19360636+7.97980188e-02j  0.2179443 -9.42356357e-04j
   0.29688914+7.19036905e-02j  0.03446234-7.61992382e-02j
   0.18517922-2.33304758e-02j  0.25842151+7.48872035e-02j
  -0.22017624-1.39451249e-01j -0.04759372+1.63213245e-01j
  -0.24334997+1.48316467e-01j -0.10484429+1.80179854e-01j
  -0.28843393-1.41796685e-01j -0.28845623-1.63494256e-01j
  -0.44555678-1.47844647e-02j -0.15427504+1.64305222e-01j]
 [-0.25441173-4.53421720e-02j -0.06402123+7.31736300e-02j
   0.07574014+2.10263205e-02j -0.13423428-1.45628292e-01j
   0.25661591+4.33467083e-02j -0.3226096 +3.18136189e-02j
  -0.00593668+1.97332142e-01j -0.33439128+2.16766744e-01j
   0.28212323-1.71799567e-02j -0.02566307-3.15859765e-01j
  -0.32883232+1.45373900e-01j  0.14675959-7.50789019e-02j
  -0.17692924+3.58873599e-02j  0.00280236-8.26476996e-02j
  -0.14125645+2.06937136e-01j  0.25759478-4.94401412e-02j]
 [-0.00955416+9.19521109e-02j -0.01016886+2.30582282e-01j
  -0.37409428-1.84446591e-01j -0.11976716-1.49571646e-01j
   0.07903121-2.07618324e-01j  0.0786442 +7.38382524e-02j
  -0.31568451+3.37904003e-01j -0.17532362+8.31732060e-02j
  -0.21800731+6.31610013e-02j  0.02319789+8.97382383e-02j
   0.04553275+5.21921933e-02j  0.06238409+1.42201392e-02j
  -0.13326216-3.71778518e-02j -0.38902272-1.18675647e-01j
   0.13327536-3.06010192e-01j -0.00709546+2.23609945e-01j]
 [ 0.14787942+1.81824951e-01j  0.05682158-2.81287762e-02j
  -0.04873667-1.31686304e-02j  0.19221387+3.97267994e-01j
   0.2241381 -9.32396294e-02j -0.29450886-6.38410043e-02j
  -0.11173853+2.14163956e-01j  0.16552837-1.15186131e-01j
  -0.30452183+2.98860732e-01j  0.03090974-3.08236745e-01j
  -0.28974953+2.65009659e-02j -0.14482999+3.74393260e-02j
   0.01667712+5.78581012e-03j  0.13468509+9.97995982e-02j
   0.23260479-2.72490189e-02j -0.03581828-1.59310095e-01j]
 [-0.13257762+6.38623766e-02j  0.38897966-2.94576374e-02j
   0.24141106-1.09626085e-01j -0.10922548+2.53584788e-02j
  -0.37718307-1.13888434e-01j  0.0091223 -1.12128749e-01j
  -0.07029583-3.50327086e-02j -0.12314006-1.88446339e-02j
  -0.03988244+4.91501069e-02j -0.04426623+2.51257027e-01j
  -0.42851937+2.69207743e-01j -0.21007488-1.43550828e-02j
   0.21632684-1.91894231e-03j  0.08895194-8.82222961e-02j
   0.09550449-6.84981282e-02j  0.22264585+2.41462852e-01j]
 [ 0.06574107-1.31543769e-01j -0.23976952+3.81807756e-01j
   0.25992853-1.25328190e-01j -0.12154863-6.97709163e-02j
  -0.17059559-8.62545403e-02j  0.11893438+9.79757344e-02j
  -0.07785677-1.79506946e-02j  0.43882918+1.68903275e-01j
   0.05256481+1.27951822e-01j  0.25233181-3.42573829e-01j
  -0.06915501+1.57463131e-01j  0.11518667+6.82270141e-02j
   0.24793423-2.35062372e-01j -0.02544735-5.28965448e-03j
  -0.09772038-7.82800211e-02j  0.02057831+5.71009715e-02j]
 [ 0.09953369+2.31778302e-01j -0.00806361-3.98656001e-02j
  -0.1581272 +1.42822024e-03j -0.24321686-3.35066283e-01j
  -0.1401035 +1.13569520e-01j -0.44773688-2.24650124e-01j
   0.22138118-5.99478694e-02j  0.12978887+6.32105318e-02j
  -0.29217968+2.96404340e-02j -0.29415343-6.38034042e-02j
   0.03804903-5.96066078e-02j  0.29373479+5.27827321e-02j
   0.2099478 -5.03377376e-02j  0.12341171-1.41617320e-01j
  -0.04906706-2.95860777e-02j -0.09749718+1.25628021e-01j]
 [-0.04995695-2.99412359e-03j -0.0322754 -5.80928792e-02j
  -0.08016248-3.76894755e-02j  0.08683116+1.41419508e-01j
  -0.06744541-2.49555446e-02j  0.06926719+2.51771873e-01j
   0.20854721-4.21936494e-02j -0.39564275-1.01713392e-01j
  -0.3372307 -8.74807207e-02j  0.03684197-3.75058444e-01j
   0.11568653+3.49897349e-03j -0.21104713-1.15203526e-01j
   0.36763431-1.22585010e-01j -0.17089742-4.24828230e-02j
  -0.25172088+2.13218232e-01j -0.02361714+2.16784591e-01j]]
Final objective value: 
0.4145507337741169
Final objective value with norm: 
0.4145507337741169
Final penalty of max controllers: 
0.0
