Rounding result: 
[[ 0.65931812+0.19566969j  0.25225212+0.12084566j  0.10962054-0.37984586j
   0.16976969-0.04947488j -0.01722899+0.20405928j  0.19375797+0.10956679j
   0.15631051-0.10210564j  0.1809011 +0.31959557j]
 [-0.1070412 +0.09161125j -0.3803323 +0.00218071j -0.18264793-0.35546402j
   0.23305213-0.13376621j  0.23740731-0.34527299j  0.34223035+0.07634595j
   0.09327211+0.53073779j  0.12011451+0.01532125j]
 [ 0.0636197 -0.10501975j -0.1036514 +0.04312135j -0.26783968-0.39773344j
   0.02933867-0.0431562j  -0.17636351-0.23026454j -0.0347219 -0.06065982j
  -0.30572938-0.26800936j -0.66299753+0.21398796j]
 [-0.05682013-0.03036142j -0.23351007-0.42542426j  0.0848236 -0.24667558j
  -0.30397183-0.33871742j  0.00173688+0.16226904j -0.44086132-0.01860389j
   0.43449097+0.05684438j -0.03911278+0.26567291j]
 [-0.29573882+0.16780443j  0.32418378-0.36049752j -0.25526548-0.3361835j
   0.09691993+0.54594719j -0.28953311-0.06117114j -0.01202162-0.09791404j
   0.18957182-0.03217243j  0.16956343-0.02584017j]
 [-0.41612151-0.06907681j  0.40635253+0.13036186j -0.14487807+0.03896053j
   0.34336387-0.29337683j  0.32146433+0.01243023j -0.00690913+0.36798644j
   0.2846155 -0.23955088j -0.12628032+0.14207567j]
 [-0.12715593-0.10278584j -0.17013889+0.13624829j  0.32715212-0.08650707j
   0.39682354-0.0806197j  -0.13861618-0.38236817j -0.32377242-0.22372609j
  -0.11924767-0.29800531j  0.42906385+0.19962564j]
 [ 0.40076784+0.08389683j  0.22596349-0.11511492j -0.1812714 +0.1948152j
  -0.01494692+0.10516571j  0.16920963-0.53564007j -0.50197921+0.27541626j
  -0.00751405+0.19748224j -0.02092135-0.05538212j]]
Final objective value: 
0.8120883742147541
Final objective value with norm: 
0.8120883742147541
Final penalty of max controllers: 
0.0
Infinity norm of continuous and binary controllers
4.1280475801594525
