Rounding result: 
[[-5.54927992e-03+0.09785833j -9.56337556e-02-0.23201253j
  -8.94151621e-02-0.04359977j -3.34271806e-01-0.17180553j
   4.65664016e-02-0.14177215j -3.22311555e-02-0.09324875j
  -7.30242154e-02+0.0109747j   2.12721358e-01-0.18930702j
  -9.37548516e-02-0.11187696j -8.20691533e-02+0.06824814j
   5.66873078e-02+0.04206512j -1.94305697e-01-0.43886112j
   1.87812157e-01+0.05221405j -5.68997435e-01+0.01534466j
  -1.60020878e-01+0.039362j    2.25484610e-02+0.00548212j]
 [ 9.42209471e-02-0.38433791j  2.38595908e-01-0.02738787j
   1.40827817e-01+0.11545129j -1.43983746e-01-0.11803396j
  -2.01977874e-01-0.05372438j  8.74333115e-02+0.0941128j
   6.53997565e-02+0.08855366j  1.98734535e-01+0.05691995j
  -2.91143008e-02-0.30702562j  1.94506701e-02+0.20488498j
   2.11357984e-01-0.14626273j  1.02668519e-01+0.09381668j
  -1.08755003e-01-0.25942706j  5.32585461e-02+0.13745894j
  -4.19764432e-01-0.08842378j -2.22994613e-01-0.21302949j]
 [-1.23905898e-01+0.04662304j  1.34404920e-01+0.22520462j
   2.55148313e-01-0.18459201j -6.96349726e-03+0.0814369j
   2.25521426e-01-0.03911695j -3.10370743e-02-0.06244498j
  -3.90149282e-02+0.13879102j  2.46748158e-01+0.18166967j
  -1.77775054e-01+0.22512298j -4.46605052e-01+0.19027649j
   1.11016943e-01+0.20647837j -5.09731379e-02-0.0466608j
  -2.87473795e-01-0.14919508j -3.59517682e-02+0.04479402j
   1.06331131e-01+0.28509798j  9.32934024e-02-0.22077318j]
 [-6.08473190e-02-0.10442092j -1.33035030e-01+0.0538846j
  -7.70913260e-02-0.28939137j -7.59416476e-02-0.01033945j
  -8.89512395e-02-0.17935034j  7.36390575e-03-0.00410184j
   1.22446296e-01-0.04959361j -1.15589701e-01+0.21098683j
   6.66679583e-02-0.10522595j -2.17212727e-01-0.29247009j
   2.62433243e-01-0.3159307j  -1.17025083e-01-0.01497722j
  -4.67665155e-01+0.05019333j -1.36597611e-01+0.08452541j
   4.21876012e-02-0.24899522j  1.01165673e-01+0.31915873j]
 [-2.96839528e-02+0.0474348j   4.37193029e-01+0.2504346j
   2.38118861e-01-0.09444298j -1.35868237e-01+0.13991775j
   2.41318190e-01+0.32651026j -7.28384473e-02-0.08533921j
  -5.08407004e-02-0.17086112j -1.76659490e-01+0.27817693j
   9.62862884e-02-0.08314839j  2.01154689e-01+0.01032362j
  -4.30430792e-02-0.11191609j -2.15471236e-01-0.11528958j
   1.15130897e-01+0.18859901j -1.93318701e-01+0.16581745j
  -3.33176231e-03-0.12277271j -2.47606478e-01+0.02485982j]
 [ 1.97245466e-01+0.53525645j  4.34439634e-02-0.03377393j
   1.92305637e-01+0.1901264j   1.90748128e-01-0.14500271j
   2.87694518e-02-0.01805704j -4.13253300e-02+0.14650186j
  -4.69394927e-01-0.12793526j -9.40498672e-02-0.17293041j
  -1.96699847e-01-0.13545671j -5.77162418e-03+0.02452336j
   8.84035491e-02-0.23687435j  2.60632873e-02+0.02495707j
  -3.26299865e-01-0.02320356j -1.12529629e-02+0.02214576j
  -8.84344543e-02+0.00530502j -5.35220145e-02+0.00340551j]
 [ 2.11523356e-01+0.01467617j  7.68154727e-02+0.13889162j
  -1.84895207e-01-0.13799279j  5.82223702e-02+0.38233533j
  -5.13122896e-02-0.26036504j  3.43074511e-01-0.5968423j
  -1.93513044e-01-0.10092259j -1.28252146e-01-0.05106998j
  -1.05441280e-01-0.10075172j  7.68692757e-03-0.01236731j
   8.62350322e-02+0.0290652j   1.42036165e-01-0.16500313j
   3.63702343e-02-0.044475j    1.03855460e-01-0.07314065j
  -9.12966953e-02-0.00806738j -5.94028617e-02-0.08655535j]
 [ 1.03055408e-01+0.18965967j  3.46034910e-01-0.09526003j
  -1.29065532e-01+0.4643483j  -3.04709388e-01-0.01691937j
  -2.92498410e-01-0.04798808j  2.66676318e-01-0.03585869j
   6.37319853e-02-0.01686438j  1.88970422e-01+0.26603175j
  -2.53983850e-03+0.18945637j -9.90598867e-03-0.12527131j
  -1.28791755e-02+0.02993171j -1.90529486e-02-0.01770539j
  -7.90544977e-02-0.08348364j -5.98133309e-03+0.02403079j
   3.04597550e-01+0.11354957j -3.78698543e-02+0.23178546j]
 [-3.52393633e-03-0.00995848j -7.12187027e-02-0.07645336j
   6.92109713e-02+0.09651714j  5.76432486e-01+0.24355664j
  -1.02017559e-01+0.01400279j  2.95592199e-01+0.26728941j
   1.56642554e-01+0.12368177j  3.79765321e-02+0.16744991j
  -2.80789424e-03-0.09216117j  3.33906265e-02+0.01263067j
   5.08689117e-02+0.03955255j  1.47285245e-01-0.321521j
   3.48329327e-02+0.12664799j -2.72799840e-01+0.32134053j
   3.76228770e-02+0.09260113j -2.21461588e-02+0.01109999j]
 [ 2.85169264e-01+0.35742887j -2.26417463e-01-0.12622085j
  -1.98136907e-01+0.04725427j -6.68640750e-02+0.04219767j
   2.30242130e-01+0.23758374j -9.60573443e-02-0.15334133j
   4.05764925e-01+0.16752231j  7.77020214e-05+0.26265847j
   1.70598390e-01-0.25538234j  4.10115181e-02+0.12363887j
   2.89001157e-02+0.02978257j -6.18923605e-02-0.0695883j
  -1.98582535e-01-0.03194698j  1.64277034e-01-0.05982059j
  -2.00374605e-01+0.18879045j -4.74934545e-02-0.03648342j]
 [ 1.41393471e-01-0.21986543j  1.15589805e-01-0.33764207j
  -2.84060857e-01+0.04404634j -8.30063957e-02-0.02273879j
   1.67799769e-01+0.2640261j  -1.92620793e-02+0.18363553j
  -3.45572186e-02-0.29483193j -3.34789899e-01-0.02553396j
  -1.97090586e-01+0.13309301j -3.15529688e-01+0.03904143j
   2.92676781e-01+0.11180397j  9.18713729e-02-0.20245456j
   1.56907487e-03+0.0874192j   1.86980284e-01+0.13089648j
   6.04868772e-02-0.01955183j -3.48617470e-02-0.10594422j]
 [-8.12469652e-02-0.138778j    2.15530463e-01+0.09802817j
  -1.48920922e-01+0.25796843j  3.56967025e-02-0.01444465j
   4.18047808e-01+0.03725175j  9.84556427e-02-0.07888787j
   7.17779799e-02+0.36405906j -7.51129670e-02-0.37395186j
   7.97539993e-02-0.27387522j -2.23703732e-01-0.02609219j
  -1.16438637e-01-0.33438052j  5.90475272e-02-0.01436663j
   4.37215831e-03-0.09203936j -3.80582582e-02+0.03201727j
   2.67979748e-01+0.02856415j  5.49480264e-02+0.06972164j]
 [ 1.79614203e-03+0.07517807j  1.21578541e-01+0.11823375j
   9.64336977e-02-0.0033163j   3.18935688e-02-0.00854496j
  -1.92634898e-03+0.08401706j  3.21141703e-02-0.02840294j
   1.27472483e-01+0.10770609j -1.07280137e-01-0.03257895j
  -2.34154726e-01-0.00401327j  5.63018558e-02+0.35291817j
   4.41308422e-01+0.04804388j  6.95230036e-02+0.15489909j
   2.56634893e-01+0.02837714j -2.81532711e-02-0.12415755j
  -1.36275575e-01+0.02986659j  3.29073041e-01+0.53552048j]
 [ 3.30179073e-02+0.02201867j  2.26629131e-02+0.1271716j
   7.64918583e-03+0.24825403j  5.36392495e-02-0.03604856j
   2.76137974e-01-0.13135582j -3.62899061e-02-0.12103036j
   1.89737905e-01-0.03913067j  5.87025760e-02-0.18612851j
   1.31575616e-01+0.54603235j -2.09914676e-02-0.19504682j
   2.52922470e-02+0.01034896j  1.82100507e-01+0.0160071j
  -9.61772117e-02+0.11416965j -6.60754323e-02+0.20277037j
  -4.86624860e-01-0.08094718j -1.26431776e-01+0.12474554j]
 [ 1.69323958e-01-0.04817533j  1.27959444e-01-0.12330912j
  -3.29893042e-02-0.10706255j  2.43345600e-01+0.02521815j
  -6.04538607e-02+0.11039862j  2.98127085e-01+0.06441089j
   1.60317962e-01-0.2106936j  -1.34807885e-01-0.10042356j
   9.50564996e-02+0.15222805j -2.41593728e-01+0.10361611j
  -2.08188713e-01-0.09309019j -3.84237690e-01+0.24801639j
  -1.87900122e-02-0.20646956j -2.89451453e-01-0.34513349j
  -1.66623897e-01+0.10909574j -9.51009271e-02+0.02719757j]
 [-1.44186104e-02-0.19942647j  1.71505439e-01+0.1053264j
  -1.66663861e-01+0.07445032j  2.95142911e-02+0.02546865j
   7.78447543e-02+0.02743943j  1.02369737e-01+0.15449371j
  -1.69542764e-01+0.03406188j  8.26024884e-03-0.12591897j
   1.05374094e-01-0.03183753j  3.29202550e-01+0.08323591j
  -1.24426363e-01+0.35066255j -3.04566796e-01-0.26737966j
  -4.22139856e-01-0.02013025j  1.12677579e-01-0.05329333j
  -1.58261857e-01-0.07394138j  3.64032230e-01+0.10192385j]]
Final objective value: 
0.9657700468441553
Final objective value with norm: 
0.9657700468441553
Final penalty of max controllers: 
0.0
