Rounding result: 
[[-0.13443055+0.17817582j -0.21494944-0.09356519j -0.0518643 +0.47290826j
  -0.25218461+0.39636004j  0.05779393-0.20184709j -0.41515759-0.03273534j
  -0.31697943+0.30509365j  0.0038347 +0.19264215j]
 [-0.13118975+0.00313087j -0.13144407-0.22787755j -0.25898379-0.03332771j
  -0.12446965-0.22397485j  0.01863284+0.38944271j  0.14195313+0.14759755j
  -0.02315401+0.57111861j  0.43777559-0.25966207j]
 [-0.33151935-0.08980427j -0.31852656-0.14060676j  0.02111942+0.06273775j
   0.10886652-0.2215555j  -0.39388411-0.32076242j -0.32805952-0.06362319j
   0.11213702-0.28845017j  0.22986208-0.42090485j]
 [-0.47328578+0.29066766j  0.02458229-0.44444458j  0.18906721-0.01440279j
   0.14699183+0.39763092j -0.10923462+0.32437063j  0.27772058-0.14902263j
   0.09654037-0.2041316j  -0.00425443+0.10106432j]
 [ 0.05731219+0.0197814j  -0.11722603+0.37001j    -0.37793378-0.23436472j
  -0.12027097+0.54823166j -0.07243327-0.08731334j  0.22049419+0.05546646j
  -0.12474838-0.25333692j  0.4115431 -0.13862523j]
 [ 0.04374655+0.08457152j -0.2970877 -0.00479261j -0.47964495+0.38759189j
   0.19984596-0.20075681j -0.24403321-0.0635517j   0.32408503+0.19664049j
   0.1936394 -0.09530367j -0.09859937+0.42252919j]
 [-0.54495596+0.13948026j -0.03822652+0.47615402j  0.0340605 -0.23368534j
   0.08025499-0.16158533j -0.01682737-0.26335787j  0.18228776-0.31428685j
  -0.01516229+0.36031595j -0.07120391+0.17404495j]
 [-0.26164418+0.32995868j  0.29883253-0.00732543j  0.03873266+0.17271924j
   0.0403349 -0.20867716j  0.45082476-0.28174167j  0.12107911+0.48121867j
  -0.16074431-0.22526517j  0.20848124-0.08893468j]]
Final objective value: 
0.42297036594632786
Final objective value with norm: 
0.42297036594632786
Final penalty of max controllers: 
0.0
