Rounding result: 
[[-8.45203848e-02+0.24849627j -2.08811973e-02-0.05171767j
  -4.34011582e-01+0.03969546j -4.50105141e-01+0.07476663j
  -1.16942773e-01-0.13662608j -2.13198859e-01-0.19176416j
  -2.24045424e-01+0.08791203j -5.57632729e-01+0.21545304j]
 [-2.17691603e-01+0.15716913j  1.17140821e-01-0.27415824j
  -2.17237885e-01+0.07335612j -1.14494246e-01-0.35743665j
  -9.30047734e-02+0.29911158j  3.91116215e-04-0.17896366j
  -2.97208279e-01+0.36751868j  5.39548167e-01+0.03032279j]
 [-3.32886625e-01+0.35862241j -3.69722030e-01+0.30783234j
   1.35619069e-01+0.02588131j -1.30775976e-01-0.19333612j
  -2.27290489e-01-0.12614695j -2.30191329e-01+0.47423025j
  -1.36905434e-01-0.24290737j  1.74002986e-01-0.04579549j]
 [-3.08974376e-01+0.12217227j -1.76652689e-01-0.0478592j
   3.74357737e-01-0.07907942j  8.48096482e-02+0.28064029j
   8.30439721e-02+0.66914313j -4.66302631e-02-0.22921188j
  -2.01558807e-01-0.14165812j -2.29716580e-01+0.0306463j ]
 [-1.55237243e-01-0.14654712j -1.70833254e-01+0.38062142j
  -3.15870718e-01+0.13162164j -1.07811411e-01+0.44247221j
   2.21981145e-01-0.14679893j  1.53482005e-01-0.32772446j
  -2.18345106e-01-0.2156972j   3.80166784e-01-0.12390679j]
 [-3.84692020e-01+0.40566738j  2.51888609e-01-0.05026052j
  -1.70389229e-01+0.35895228j  1.26310385e-01-0.06699534j
   2.66657978e-01+0.01634106j  3.90516419e-01+0.06534948j
   3.88519412e-01-0.19923897j -8.78171632e-02+0.12902569j]
 [-7.55367754e-02-0.16549569j -6.10441806e-02+0.55149236j
   3.51121589e-01+0.20300129j -2.04425413e-01-0.37845331j
   4.64926234e-02-0.02022047j  1.00562965e-01-0.33438409j
   1.46848214e-01+0.29817547j -9.74220103e-02+0.2550735j ]
 [-2.36841505e-01-0.24876136j  1.52249230e-01-0.26827605j
   3.53764471e-01+0.16553599j -2.88127600e-01+0.12095759j
   3.64467898e-01-0.26402819j  1.61445538e-01+0.34267448j
  -4.03457683e-01+0.14878793j -5.71798927e-02+0.04948353j]]
Final objective value: 
0.3875216820745899
Final objective value with norm: 
0.3875216820745899
Final penalty of max controllers: 
0.0
