Rounding result: 
[[ 0.06416557-0.02659286j  0.19111516-0.02138598j -0.02025316+0.21153479j
  -0.39927837+0.26816554j  0.05444634-0.07562711j -0.26474899-0.28256442j
  -0.23622328+0.27739817j -0.56415162+0.26844613j]
 [-0.19663399-0.03595814j -0.02043769-0.05653381j -0.2363248 +0.23436235j
  -0.18352448-0.14322617j  0.17538446+0.31184264j  0.13106781-0.01036193j
   0.0490843 +0.72205652j  0.3276107 -0.12273093j]
 [-0.37248618+0.09479278j -0.46485756+0.0528774j  -0.07273705+0.14992934j
  -0.1679704 +0.14367348j -0.41708737-0.06473736j -0.50143942+0.06273409j
  -0.13474488-0.05711734j  0.09547642-0.30445036j]
 [-0.40863694+0.23522832j  0.10052285-0.52032018j  0.27169649-0.10803362j
   0.01766776+0.21430012j -0.11254477+0.46169176j  0.23080784-0.22404713j
  -0.08097286-0.14459372j -0.08578465-0.03163347j]
 [ 0.04098453+0.07826596j  0.00311213+0.36424009j -0.12018527-0.01089413j
  -0.20868906+0.62828755j  0.11313952-0.03259222j  0.29291055-0.21213966j
  -0.19342432-0.16847663j  0.44024444+0.04878j   ]
 [-0.09026755+0.26244765j -0.17157548-0.08137347j -0.41903752+0.57552276j
   0.31532467-0.03273613j -0.15718146-0.16067137j  0.34024861-0.0597978j
   0.04048679-0.1149165j  -0.15599204+0.26560936j]
 [-0.4968044 +0.10962281j -0.08680722+0.38368849j  0.25470451-0.32263525j
   0.15174292-0.13585384j -0.07695382-0.36482217j  0.21800967-0.22577649j
  -0.00675839+0.31410076j -0.12386116+0.15620151j]
 [-0.36514471+0.32889942j  0.36841688-0.02130029j  0.05656885+0.19302331j
  -0.05766855-0.1891315j   0.46338727-0.20298575j -0.24046013+0.25973777j
  -0.27065857-0.20490988j  0.19760583+0.08513195j]]
Final objective value: 
0.4347070810443183
Final objective value with norm: 
0.4347070810443183
Final penalty of max controllers: 
0.0
