Rounding result: 
[[ 6.87381248e-01+6.31730078e-01j  8.89890492e-02+3.34058155e-02j
   1.73429090e-01+2.81043466e-01j  3.42029312e-02-2.97884211e-02j
  -1.12853030e-03-8.88343287e-02j -3.47297110e-03-7.25082255e-03j
  -1.58237832e-02+6.84449837e-03j -2.13527504e-03+3.10065342e-03j]
 [-6.23978171e-02+7.26176821e-02j  3.35185544e-01-9.32612206e-01j
  -1.49942451e-02+3.37413762e-03j  3.58971739e-04-1.67544475e-04j
   8.29739430e-03-7.26053480e-04j -7.25743787e-02+2.95811406e-02j
  -2.47952799e-03-2.55654290e-03j  4.58691135e-02-1.24025047e-02j]
 [-1.71490181e-01+2.84487805e-01j -8.32239309e-03+1.72218858e-02j
   6.90238185e-01-6.36763722e-01j -7.13483785e-02-3.06516157e-02j
   1.58129468e-02+6.75170476e-03j  7.18999556e-04+8.95874639e-05j
   3.88041754e-03-3.23191539e-02j -3.05008323e-03-1.30566017e-05j]
 [ 1.30078856e-02-1.33722609e-02j  1.15906408e-03-1.51334666e-03j
   8.78468500e-02+3.15203786e-03j  3.32736482e-01+9.38101826e-01j
  -1.38315971e-03-1.06192909e-03j  2.78041765e-03+1.85659090e-02j
   2.24517524e-03-9.55500279e-04j  2.52335967e-02+1.32130452e-02j]
 [ 8.23927775e-02+3.23872714e-02j  8.49380480e-03+2.49568856e-05j
   6.67264730e-03+1.76632977e-02j  7.04629448e-05-1.63965607e-03j
   3.35183985e-01+9.32365053e-01j  6.79758690e-02+7.18610984e-02j
   4.42078740e-04+1.00327487e-03j  1.23371779e-02-1.18363473e-02j]
 [-2.94958123e-03+8.52289349e-03j -4.49668216e-03-9.07827728e-02j
  -8.11650054e-04+5.20903436e-04j  3.20498586e-03+1.12989428e-02j
  -7.95463209e-02+3.31702294e-02j  6.58716899e-01-5.70726178e-01j
   3.46059801e-02+1.19995166e-02j -3.05604631e-01+3.60163993e-01j]
 [ 2.36794078e-02-9.14728472e-03j  1.16376042e-03-1.72140941e-03j
  -2.09753181e-02+1.65139772e-02j  1.73349476e-03+8.14334582e-04j
  -1.57405640e-04-7.16638846e-04j -1.61686123e-02+2.49423640e-02j
   3.33160961e-01-9.38191542e-01j -8.09388092e-02-4.25813309e-04j]
 [-1.36824482e-03+1.41205132e-03j -3.29974336e-03+1.14696338e-02j
  -2.57464573e-03-4.04549816e-04j -9.53573733e-03-3.04747066e-02j
   4.21729375e-04-5.15523516e-02j  3.05311169e-01+3.60445302e-01j
   7.31918782e-02-2.69281766e-02j  6.60144105e-01+5.75466157e-01j]]
Final objective value: 
0.9371668604703893
Final objective value with norm: 
0.9371668604703893
Final penalty of max controllers: 
0.0
Infinity norm of continuous and binary controllers
0.6983207302608536
