Rounding result: 
[[ 0.00284233+0.22649986j  0.14905048+0.09775549j -0.48025673+0.1875504j
  -0.53014965+0.10867677j  0.13070328-0.02551062j -0.05404153-0.00946155j
  -0.36131712+0.10341785j -0.26642665+0.35391235j]
 [ 0.03074494-0.03272489j -0.01011768-0.21657457j -0.1542967 -0.13849664j
  -0.19041362-0.29209955j -0.02022318+0.20814847j  0.37482363-0.16081174j
   0.07615245+0.71548185j  0.15478907-0.18613859j]
 [-0.5981465 -0.09143934j -0.39145104+0.01446307j -0.18190304+0.09963045j
  -0.13994372+0.08873113j -0.34223464+0.10717712j -0.32370044+0.24434264j
  -0.06126028+0.10167855j  0.31051399-0.07960558j]
 [-0.24540627+0.23980181j  0.06928613-0.35910923j  0.14309578-0.24862511j
   0.00573187+0.22907229j  0.09575683+0.55302272j  0.05442451-0.33563581j
  -0.06862209-0.21987024j  0.17717083+0.31409346j]
 [-0.08129366-0.14427233j  0.05695508+0.09906958j -0.20557855-0.15747542j
  -0.06062815+0.53445995j -0.06991221-0.23713589j  0.41732825-0.25127702j
  -0.25083399-0.17233827j  0.15114814-0.43502393j]
 [-0.24467174+0.20159338j -0.0538149 -0.29498551j -0.36292388+0.36088251j
   0.26420095-0.29059195j  0.04188865-0.26774815j  0.42205873+0.01222609j
   0.15863196-0.27298294j  0.13646878+0.1528179j ]
 [-0.38272363+0.01226353j -0.25098214+0.45765925j  0.26908687-0.16144755j
   0.11215397-0.011247j    0.2300788 -0.30876807j  0.18392516-0.25883359j
  -0.01462348+0.25757114j -0.03969383+0.39053877j]
 [-0.40075055-0.16627671j  0.50652621-0.04509785j  0.23403879+0.28918083j
  -0.13178918-0.17872983j  0.4577238 -0.05065759j -0.17273279-0.06551444j
  -0.12210903+0.01134187j  0.14779637-0.28696157j]]
Final objective value: 
0.42656760858619114
Final objective value with norm: 
0.42656760858619114
Final penalty of max controllers: 
0.0
