Rounding result: 
[[-0.20387271+5.86927015e-02j -0.11864371-4.50559324e-02j
   0.17825634+4.79387945e-02j  0.13607835+7.23834259e-02j
   0.1996176 -1.21801656e-01j  0.06301391-2.50546085e-01j
   0.39661453-2.43787345e-01j  0.21557619-1.79637735e-01j
  -0.04117867-7.76966777e-02j  0.12620827+5.90847582e-03j
   0.037539  -2.02203598e-01j  0.0291393 +1.27337863e-01j
   0.22726714-1.24752794e-01j  0.14565796-6.26204323e-03j
   0.49704315-1.82708699e-01j -0.07320013-8.26584225e-02j]
 [ 0.14457784+1.18602145e-01j -0.26762575-1.49040824e-03j
   0.10462987-1.64822327e-02j -0.02911553-1.50322483e-01j
   0.36467554+3.22001680e-01j -0.31909756-1.36984706e-01j
  -0.21114919+1.64164942e-01j -0.1397718 -6.59621668e-02j
   0.27647893+1.45886988e-01j -0.26259509-4.52180123e-02j
   0.02272248+4.78535714e-03j -0.04098291-4.13383349e-02j
   0.07284488-1.72488361e-01j -0.21475093+1.93961004e-01j
   0.30949215+2.88527755e-02j -0.01999288+1.32633170e-01j]
 [ 0.09279935+1.70575607e-02j  0.09792517+6.46436018e-02j
  -0.25811037-2.60519030e-01j  0.02958669-1.06642743e-01j
   0.50029717+2.06622680e-01j  0.16552788+1.91270033e-01j
  -0.01096387-2.06719514e-01j  0.04741961-5.31894285e-03j
  -0.024828  +1.06953857e-01j  0.1492338 -1.03079760e-01j
  -0.06268164+8.05607182e-02j -0.16178292+2.35021123e-01j
   0.13120055-4.30739170e-02j  0.17150771+2.13979971e-02j
  -0.20673597+8.20860674e-02j -0.42499019-1.12562846e-01j]
 [ 0.02388823+2.45615028e-01j  0.08543923-1.58793945e-01j
  -0.16854312+3.29111499e-02j  0.33462658+7.98198887e-02j
   0.134516  -6.70727818e-02j -0.21424161+5.40165649e-02j
  -0.13569926-1.31870664e-01j  0.42090273+5.10049984e-02j
   0.44379238-1.67916475e-01j -0.04578667-8.73031219e-02j
  -0.00938095+9.55543002e-02j  0.24381788-5.19130513e-02j
   0.01113616+2.44554869e-01j  0.02255796-1.82527085e-04j
  -0.09249214+4.79307601e-04j  0.20597673-2.32653678e-01j]
 [ 0.06297733-3.17026011e-01j  0.06675524-1.28087864e-01j
   0.50088578-1.33757879e-02j -0.10922089+1.96203639e-02j
   0.07487939-3.89929270e-02j  0.08556024-4.24462401e-02j
   0.02397453-8.04389827e-02j  0.06312413+1.33354436e-01j
   0.22200074-2.66029993e-02j  0.20237284-8.66446207e-02j
   0.19727121+3.99006319e-03j  0.33823067-8.53994310e-02j
  -0.04003381-1.29326660e-01j -0.30700399+1.81903541e-01j
  -0.24536997-5.61846733e-02j -0.2910075 -1.15875515e-01j]
 [ 0.05593594+9.23069919e-02j  0.01803821+3.29163239e-01j
   0.16773799-1.50521865e-02j -0.00628358+3.49802817e-01j
   0.08400617+7.49094865e-02j -0.11592358-2.48621543e-01j
  -0.15491296+7.73502506e-02j  0.11379147-2.34091540e-01j
  -0.00165309-2.54102062e-01j  0.06793216+8.88717328e-02j
   0.23430576+2.10601296e-02j -0.19628132+2.06143202e-01j
  -0.39491987-4.90154926e-02j -0.05359399-3.16958439e-01j
  -0.0542441 +1.94107448e-01j -0.11215957-1.22139630e-01j]
 [ 0.04432721-1.21974082e-01j  0.04249936-1.78194643e-01j
  -0.23034694+2.16367638e-01j -0.23310221+2.04424805e-02j
  -0.02192921+1.71523390e-01j -0.08029097+5.07886084e-02j
   0.13831035-1.50696124e-01j  0.03618826-2.42423435e-02j
   0.3028265 -1.76857840e-01j  0.18320846+7.73570982e-02j
  -0.26298739-2.48699255e-01j -0.25417496-2.24780355e-01j
  -0.19580804+1.89405841e-01j -0.20709072-2.09432769e-01j
   0.10165354-1.53571576e-01j -0.26187524+2.00419235e-01j]
 [ 0.31299261+3.69882555e-01j -0.1930898 -2.45112873e-01j
   0.16612842+1.82647374e-01j  0.06578791+1.73229080e-01j
  -0.10269842-4.68345551e-02j  0.08659537+2.18723181e-01j
   0.21848715-1.80546088e-01j -0.24336487+2.81588977e-02j
   0.05073179+1.18520772e-02j -0.09534682-7.98480382e-02j
  -0.09211458-1.21257999e-01j  0.03216011+1.41954453e-01j
  -0.3497088 -5.08122543e-02j  0.20034452+2.29540325e-01j
  -0.00325624+2.63985105e-01j -0.11795706-1.61008691e-02j]
 [-0.02591334+1.96530111e-02j  0.24527206+2.17227007e-02j
   0.24544922-1.68855019e-02j  0.21534769-3.67835854e-01j
   0.11442637-1.06963786e-01j  0.14576541-2.30514652e-01j
   0.16063425-1.24386028e-02j  0.15819371+6.21487257e-03j
   0.03787022-6.95654504e-03j -0.32159622+2.80947365e-01j
  -0.41148109-1.17889499e-01j -0.19350025+6.11578243e-02j
  -0.10969603-7.74340939e-02j -0.168782  +1.65195393e-03j
  -0.22795087+1.76069140e-01j  0.07713583+4.99596939e-02j]
 [-0.31247935-3.24223105e-02j -0.10769294-1.23363166e-01j
   0.20400201+1.74715689e-01j -0.03439512-1.53079861e-01j
   0.19649198+1.16853276e-01j -0.27678349-3.46905988e-02j
  -0.10655623+1.85995097e-01j -0.24552235+1.17515256e-01j
  -0.0156708 -1.17873730e-01j  0.19800703+5.57230418e-02j
  -0.20416329-2.28207979e-01j  0.24188503+5.65081877e-02j
   0.06192214+6.55952275e-02j  0.41202557-2.75141841e-01j
  -0.19360809+1.49491327e-01j -0.00624965-4.71578268e-02j]
 [ 0.01743897+1.34747769e-01j  0.14811879-1.36059498e-01j
   0.11338701+3.92212145e-02j -0.2498392 +8.72755198e-02j
   0.23401108-4.83534970e-02j  0.31194542-1.03349609e-01j
  -0.3011094 +2.58406185e-01j  0.11482467-1.62932980e-01j
  -0.18363713+1.99680807e-01j  0.00405952-1.17147559e-01j
  -0.25332066-7.69495904e-02j  0.03888345-1.74653781e-01j
  -0.25716513+2.38694964e-01j  0.09716104+1.31600750e-01j
   0.15140695-2.41116328e-01j  0.01057613-2.71861087e-01j]
 [ 0.19266701-3.64615674e-02j  0.05878178+1.57416603e-01j
  -0.07120615+1.82817811e-01j  0.37967451-7.92340637e-03j
  -0.07149201-4.54410729e-02j -0.08511724-1.63085696e-01j
  -0.05585479+2.22911032e-01j  0.08427249+1.11305969e-01j
  -0.02615345+4.67937194e-02j  0.55711993-7.82761098e-02j
  -0.25496904+1.49350494e-01j -0.09970816-2.06233453e-01j
  -0.06771211-2.97910086e-01j  0.10121429+2.27659837e-01j
   0.08942871+8.00710692e-02j -0.04391735+7.98136749e-02j]
 [ 0.17459419+1.27304696e-01j  0.52768751-4.83198863e-02j
   0.28533328-1.08579418e-02j -0.17662097+1.46384602e-01j
  -0.17971572-5.65276344e-02j -0.1686853 +6.60088268e-02j
  -0.26978161-5.62357061e-02j  0.06974801+2.00989167e-01j
   0.07332065-6.57985008e-02j -0.09296873-2.04483310e-02j
  -0.00208184-1.22220956e-01j -0.23547562+6.30383984e-02j
   0.37912436-7.12042535e-02j  0.23013815+5.74351560e-03j
   0.16504324+2.83802662e-02j -0.12480145+1.01491261e-01j]
 [ 0.18818971+1.71786632e-01j -0.13035606+2.73783455e-01j
   0.10753624-6.66342219e-02j -0.2034612 -1.19087697e-01j
  -0.15589349+7.05469061e-02j  0.09145683+1.06234512e-01j
   0.09100324+1.94301032e-01j  0.32170263-3.23399395e-01j
   0.19858162+1.62155991e-01j  0.23942301-5.15554749e-02j
  -0.03781105-2.64936797e-01j  0.16308545+2.07506373e-01j
   0.15985882+1.42952338e-01j  0.05074444+4.67604883e-02j
  -0.17973536+1.74949247e-02j  0.12573453+3.19903255e-01j]
 [ 0.24148276+2.79581728e-01j  0.11381115-3.68685770e-02j
  -0.13695898+4.62981206e-02j -0.16513413-7.01977006e-02j
   0.0781994 +2.65400470e-01j -0.04808541-3.55780675e-01j
   0.24589905+7.70001977e-02j  0.12144862+2.37744123e-01j
  -0.34319076-3.42647076e-01j -0.1027151 -2.43583699e-02j
   0.106362  +9.48547695e-02j  0.26596127-6.50000737e-02j
  -0.00597873+1.69083481e-02j  0.05504724+7.30664945e-02j
  -0.14694905-1.75202645e-01j -0.07299962+2.12336274e-01j]
 [-0.00414394+2.78755491e-01j  0.16936143-1.83457198e-01j
   0.18854428-1.04485292e-01j  0.16904384-9.42175328e-02j
   0.21581271+4.06051286e-02j  0.27128484+4.63608598e-02j
  -0.00884822-5.71436339e-02j -0.26267689-1.09134738e-01j
   0.11983192+3.02487504e-03j  0.27474541+2.09383571e-01j
   0.36536459+1.19591919e-01j -0.13755648-2.94331974e-01j
  -0.01774042+6.99938106e-02j  0.06567441-1.45405329e-01j
  -0.03024459-7.20497271e-02j  0.23258853+2.99804239e-01j]]
Final objective value: 
0.5363256198688702
Final objective value with norm: 
0.5363256198688702
Final penalty of max controllers: 
0.0
