Rounding result: 
[[-0.01611934+6.96524277e-02j  0.11510421+7.15006796e-02j
   0.42547076+7.02841730e-02j -0.26405051-2.04239319e-01j
   0.34222706+3.07764257e-02j  0.20761793-6.51412210e-02j
   0.12834127+3.27959356e-01j  0.11989423-3.24026067e-02j
   0.01398719-7.06045528e-02j  0.06197346+7.45844920e-02j
   0.14921154+7.66214135e-02j -0.16462979-3.94007663e-02j
  -0.11404729-1.92939261e-01j -0.03598422-1.92092353e-01j
   0.22675623+5.88320576e-03j  0.39709836-7.29106603e-02j]
 [ 0.00537278+1.90944803e-01j -0.28344202-5.19321023e-02j
   0.18885521-1.67184143e-02j  0.00406252+2.93541098e-01j
   0.29483146+6.19350045e-02j -0.24387167-3.92153678e-01j
  -0.01581581+5.51238145e-02j -0.16153629+2.53353477e-02j
   0.15158019+4.98524138e-02j  0.06268367+1.20895711e-01j
  -0.0824778 +5.59367679e-02j  0.12488087-2.30193587e-01j
   0.31309862+7.34974539e-02j -0.31283475+1.56356250e-02j
  -0.05843684-9.51224689e-02j  0.04090161+2.93429273e-01j]
 [ 0.39964694+9.09412278e-02j -0.04712515-6.38869812e-02j
  -0.25926442-1.95164761e-02j -0.31924651-5.48185453e-02j
   0.25809119-3.90924961e-02j -0.00460917-1.37276742e-01j
  -0.19487234+3.49611953e-01j -0.22121923-6.97659694e-02j
   0.02633642-6.81468451e-02j -0.27888201-8.42477649e-02j
  -0.01767782+5.01894290e-02j -0.16414039+4.44453412e-02j
   0.0083883 +1.68062909e-01j  0.31753117+2.88140059e-01j
  -0.06987885+6.25303511e-02j -0.07758592-5.68737613e-02j]
 [ 0.13757234-6.69110736e-02j  0.25219769-3.70196352e-01j
  -0.14512593+1.77145207e-01j  0.28147717+1.45053584e-01j
   0.22471487-1.83887117e-01j  0.02993151-2.30158455e-01j
  -0.08707451-1.31146159e-01j  0.5193718 -7.95142399e-02j
   0.17557578-1.62576959e-01j  0.03484098-9.25458987e-02j
   0.00197346+1.49974585e-01j  0.03637432-1.06033012e-01j
  -0.05555491+1.37835875e-01j  0.12497039-8.84983789e-02j
  -0.09573796+3.80670113e-02j  0.16086428-8.88797528e-03j]
 [ 0.06162762-3.77221233e-02j  0.221568  -7.68224576e-02j
   0.55938464+7.76653104e-03j  0.09018258+9.97836105e-03j
  -0.00244043-1.87542060e-01j  0.06930766-8.07643338e-02j
  -0.12694262-1.12860401e-01j -0.15761889+1.40267684e-01j
   0.12080858+3.97741966e-03j  0.05634808-1.57771256e-01j
   0.31769862-1.44635580e-01j -0.07598384+6.16557809e-03j
  -0.06397568+2.56457182e-03j  0.1607916 +1.65530638e-01j
  -0.03087012+2.38405103e-01j -0.38241148+2.58810510e-01j]
 [ 0.23542431+3.24394191e-01j -0.29368205+9.45382066e-02j
   0.16572578-4.21907141e-03j  0.11122202+3.64546324e-01j
  -0.06314823+8.66346758e-02j -0.02412551+2.51136822e-01j
  -0.10207782+1.45918293e-02j  0.24698052-1.27598715e-01j
   0.00583311+2.03697846e-01j -0.22452343-2.57780537e-02j
   0.13066023+1.70474755e-01j -0.20560497+3.02191480e-01j
  -0.2700785 +5.81489746e-02j -0.02594795-1.94186903e-01j
  -0.02638444-2.80799377e-02j -0.02309021+1.38921170e-01j]
 [ 0.0264567 +4.07937370e-02j  0.0991388 +1.25861309e-01j
   0.05919586+2.42288175e-01j -0.13407211-2.88240496e-02j
  -0.39570378+1.57949540e-01j -0.11610219-2.05879498e-01j
   0.18239513-4.42798227e-02j  0.01599496+7.61931574e-02j
   0.14958036-4.63605561e-01j  0.03513503-9.04934051e-02j
  -0.05961796+1.80160261e-01j -0.18350299+2.96931214e-01j
  -0.01965959+2.85563107e-01j -0.19047909+2.16655415e-01j
   0.07972432+8.72690516e-03j  0.13189542+1.36756410e-01j]
 [ 0.19482367+8.61087246e-02j -0.17711567-2.45327018e-01j
  -0.00170868-9.50111936e-03j  0.11197389-1.31925784e-01j
   0.06847323-1.13021542e-01j  0.31358912+1.72870825e-01j
   0.28795095-2.72044887e-01j -0.2889001 +2.96947065e-02j
  -0.13168614-2.78643173e-01j -0.1129102 +6.27789234e-02j
  -0.01969146+2.63759472e-01j  0.07920834-1.71740304e-01j
  -0.16996921-5.88033172e-02j  0.06886531+3.15667776e-02j
   0.09848726-3.19783697e-01j  0.01114594+2.80202294e-01j]
 [-0.29629101+6.52965734e-02j  0.07092411+8.90367367e-02j
   0.08344468+3.68882310e-02j  0.06551311-1.25647931e-01j
   0.29954594-2.87552652e-01j -0.01025835+5.58424876e-02j
  -0.23454115+2.86453556e-02j -0.06434573+2.11788265e-01j
  -0.07861017-2.76362960e-01j -0.30664979-2.08851337e-04j
  -0.24770134+1.18862022e-02j  0.10844991+3.87441845e-01j
  -0.05525662-2.76200527e-02j -0.19665973-1.42001034e-01j
  -0.33775321-7.82999574e-02j -0.05697526-7.39278512e-03j]
 [ 0.03352736+3.36138251e-01j -0.19380048-6.24322791e-02j
   0.06404438+9.39393634e-02j  0.01709779-5.35562207e-02j
  -0.00468699-1.11433268e-02j -0.05994391+6.85171856e-02j
   0.04536311+2.50942816e-02j -0.1986873 -9.01778470e-03j
   0.09886308-7.99701933e-02j  0.55321586-5.04548676e-02j
  -0.12073747-1.76694680e-01j  0.23778608+1.71741920e-01j
  -0.13958974+1.45841303e-01j  0.37657718-1.61583273e-01j
  -0.24621525+8.87320384e-02j  0.19011196-8.80517195e-02j]
 [-0.06935515-1.04667059e-02j  0.1967254 +7.30874546e-02j
  -0.10890388+2.58656401e-01j -0.08431166+1.63628549e-01j
  -0.06407029-2.20847128e-01j -0.16381212+1.95958761e-01j
  -0.23649835+2.21317484e-01j -0.13056627-4.31916885e-03j
  -0.11136978+4.77037440e-02j  0.04223523-2.79750819e-01j
   0.25454756-1.47968938e-01j  0.23222492-1.73962014e-01j
  -0.19269752+1.94282492e-01j -0.11838054+9.95123872e-03j
   0.18076781-3.76617928e-01j  0.18987745+1.82026696e-01j]
 [ 0.16688368-4.93882464e-02j  0.09092118-2.49689557e-03j
   0.07628948+1.11695595e-01j  0.40488166+6.63239638e-02j
   0.02573249+4.40719206e-02j  0.0500346 -2.49402142e-01j
  -0.09627517+2.01006436e-01j -0.0998061 +4.47264515e-02j
  -0.50496394+1.14873160e-01j  0.2242954 +2.08594862e-02j
  -0.41792013-4.57559212e-02j -0.1967439 +9.33663034e-02j
  -0.18068985-1.09493877e-02j -0.05258111+9.20475726e-02j
   0.23109189-3.62208594e-02j -0.06144833-1.63814617e-02j]
 [ 0.03137454+2.96186542e-01j  0.36553138+1.04920647e-01j
   0.06475313-5.85405890e-02j  0.01412045+1.20500446e-02j
  -0.16955995-2.39643845e-01j  0.00873004-1.06689177e-02j
  -0.23881015-2.45027355e-01j -0.2345593 -1.14861406e-01j
   0.09480001+1.38639367e-01j -0.05168982+1.84646145e-01j
  -0.13614687+2.00357901e-01j -0.15367792+2.81277760e-02j
   0.3811449 +8.29463002e-02j  0.19719176-2.21125613e-01j
   0.23014107-1.29692025e-01j  0.13974943-9.87148028e-02j]
 [ 0.32563345-7.03444788e-03j -0.09004512+4.25149887e-02j
   0.10004805+1.44793967e-01j -0.25230058-2.31954960e-01j
   0.07890196-1.57778072e-01j  0.0010838 +2.25277415e-01j
  -0.05303308-9.56998783e-02j  0.41701468-1.39654157e-02j
  -0.01044053-8.39326357e-03j  0.21868175+1.25924447e-01j
  -0.19587117-3.01987297e-01j -0.04299447+7.54662750e-02j
   0.27918003+5.00792445e-02j -0.08386511+8.13156871e-02j
   0.05561048-3.06902115e-01j -0.24174968+1.29781930e-01j]
 [ 0.13467417+3.05476260e-01j  0.19596507+2.05660768e-01j
  -0.1625035 +8.34396424e-02j  0.09082381-2.00637134e-01j
  -0.08681916+1.95923467e-02j -0.09541191-3.53590003e-01j
   0.30463957+6.07353197e-03j  0.05819352-1.87770372e-01j
  -0.19843538+4.16287921e-02j -0.16477482-1.88878688e-01j
   0.16602945-2.25667508e-01j  0.04247611+3.02258819e-02j
   0.08846815-3.09533144e-01j  0.0708456 -1.97195391e-01j
  -0.23049944-1.01160375e-01j -0.05778268+2.30321376e-01j]
 [-0.07525463+1.04339028e-02j  0.19787709-2.07664460e-01j
  -0.22724898-1.15659412e-01j -0.05607358+6.27326472e-03j
   0.1989859 +1.40980880e-02j  0.05775831+2.78809505e-01j
   0.14211229+2.96487784e-02j -0.11740552-5.86743573e-02j
  -0.25385243+5.30125153e-02j  0.264324  -7.47733615e-02j
   0.14881099+5.51187026e-02j -0.37273637+1.05514107e-01j
   0.23463956+2.40248244e-01j -0.24017048-1.43789102e-01j
  -0.18437756+2.38004324e-01j  0.03641412+2.89000601e-01j]]
Final objective value: 
0.5565231682789926
Final objective value with norm: 
0.5565231682789926
Final penalty of max controllers: 
0.0
