Rounding result: 
[[ 5.56411515e-01-3.97197357e-02j  9.27273375e-02-7.16659186e-03j
  -6.70932619e-02-1.87030321e-01j ... -3.68760339e-03-4.90099633e-03j
   1.76991571e-02+1.72521980e-02j  1.86091794e-03+4.10001759e-04j]
 [ 9.32154236e-02-1.12817971e-02j -5.72766005e-01+6.79071868e-02j
  -1.62855813e-02-6.80062749e-03j ...  2.72507960e-02+3.26207264e-02j
   9.40602218e-04-5.37072976e-04j -1.35292431e-02+1.34779243e-02j]
 [ 1.75447031e-01+4.17548026e-02j  2.54272784e-02+9.99523523e-03j
   2.75819804e-01+1.68055104e-02j ... -3.47006433e-04-4.42194663e-03j
  -6.05449783e-03-3.20885552e-02j -2.40890011e-04-9.05625474e-04j]
 ...
 [-4.88681844e-03+3.57791362e-03j  3.04368068e-02-2.23860948e-02j
   2.23493813e-03-1.49665351e-04j ...  3.14984305e-01-2.56492015e-03j
  -1.01600240e-03+2.84385770e-04j -1.84560499e-02-1.65336479e-02j]
 [ 1.37919954e-02+8.08991553e-03j  1.64572611e-03+5.25439311e-04j
  -1.66752258e-02+4.23526785e-02j ... -3.25859065e-02+1.67013565e-02j
  -3.98064966e-01-1.70143965e-02j -1.56885664e-02+9.71010208e-04j]
 [-1.42499080e-03+3.22025262e-03j  7.81995669e-03-2.05590911e-02j
  -7.34034000e-04+1.03871383e-03j ...  8.96145998e-02+1.64023670e-01j
  -1.61002715e-02-6.11220856e-03j  3.98934157e-01+4.26083666e-03j]]
Final objective value: 
0.9985594444596793
Final objective value with norm: 
0.9985594444596793
Final penalty of max controllers: 
0.0
Infinity norm of continuous and binary controllers
8.810058007140555
