Rounding result: 
[[ 0.07802553-3.90921817e-02j -0.00914678+3.08621138e-01j
   0.22208013+2.41246359e-01j  0.13973231+1.52485363e-01j
   0.17139312+4.12770379e-01j  0.24705008+3.91959712e-01j
   0.33030691-1.07791554e-01j  0.40002896+2.27136232e-01j]
 [ 0.60156629+1.69884149e-01j -0.24212008-9.68392400e-02j
   0.42711024+2.52620039e-01j  0.18181737-3.03294066e-01j
   0.09031913-1.73969606e-02j -0.3435358 -1.55780254e-01j
   0.04649424-6.55357541e-03j  0.00888698-1.30170433e-01j]
 [ 0.12018746+4.51591363e-01j  0.25871545+2.58115863e-01j
  -0.1971421 -3.27096060e-01j  0.22399568-8.96352469e-02j
   0.05071738+2.78673010e-01j -0.20413771+4.08767987e-01j
  -0.1475676 +3.95492081e-04j -0.19732136-3.07068239e-01j]
 [ 0.29491564+1.79015946e-01j -0.22891304+8.79648556e-02j
  -0.36160687-3.23033297e-01j  0.09874976+1.13056438e-01j
   0.08607346-3.54520049e-01j -0.07121054-3.37022076e-02j
   0.03944471-4.54949742e-01j  0.22523704+4.05744977e-01j]
 [ 0.30113077+3.15483302e-02j  0.14433182-1.68045646e-02j
   0.37069417-3.84165961e-02j  0.07515658+6.07103711e-01j
  -0.27142991+9.55122304e-03j  0.21330867-1.23149863e-02j
  -0.38907483-1.21474966e-01j -0.27239405+1.19774308e-01j]
 [-0.25391822+1.43494420e-01j -0.05560676+1.30846823e-01j
   0.19896007+6.59298916e-02j  0.23177143-5.66456635e-01j
  -0.37777136-6.46101940e-02j  0.28440208+7.76105230e-02j
  -0.09767115-2.76187546e-01j -0.24658157+3.09489275e-01j]
 [ 0.07439245+7.49941496e-02j  0.67088654+1.98897756e-02j
   0.15963926-5.52045692e-02j  0.03778586-2.65207670e-02j
  -0.28833281-3.79041580e-01j -0.18552769+1.92328939e-02j
   0.37134738+2.03480418e-01j  0.20013785+1.63514081e-01j]
 [ 0.18576618+2.04528450e-01j -0.37453984+1.04313773e-01j
  -0.00805963-2.32065990e-01j -0.01874921+1.17998691e-02j
  -0.29374354-2.11461849e-01j  0.50753624+5.59965116e-02j
   0.20732015+4.15358585e-01j  0.13137445-3.05930661e-01j]]
Final objective value: 
0.3755991056559175
Final objective value with norm: 
0.3755991056559175
Final penalty of max controllers: 
0.0
