Rounding result: 
[[-0.12534521-0.03729016j  0.26093516+0.21408843j  0.13981351+0.05684561j
   0.45214326+0.12314272j  0.20754317-0.16964553j -0.01304902-0.19724523j
   0.05566571-0.02505941j  0.46845335+0.02744779j  0.02982337-0.13888736j
   0.13660915-0.07409802j  0.12143351+0.02212362j  0.13466125-0.05812097j
   0.11676117+0.22583157j  0.24247878+0.07252996j  0.11034608+0.14301757j
   0.14968883+0.16412253j]
 [-0.11396329-0.01059236j -0.11286143-0.00897061j  0.06361401+0.02368178j
  -0.08347295-0.08845865j  0.44552163-0.2979825j  -0.14625326+0.26623864j
   0.35342128+0.09605753j -0.07818823+0.12085077j -0.15686333+0.04897323j
  -0.26103805-0.10081731j  0.19221071+0.02915418j  0.22428091-0.31331143j
  -0.06146812+0.02755926j -0.25138488-0.12404468j  0.03601142+0.18109282j
  -0.10578051+0.0174089j ]
 [ 0.34647642-0.01209652j  0.23044407-0.02134922j  0.11868937+0.02248102j
  -0.14141524+0.27279534j  0.07686783-0.18005651j -0.23724345-0.26634325j
   0.18432092-0.03459376j -0.50507268-0.16442049j  0.20407691-0.0125889j
   0.151707  +0.12645645j  0.0325393 -0.19577101j  0.07814832-0.1052248j
   0.16126708+0.03809199j  0.19017825+0.05388328j -0.00381631+0.1209698j
  -0.09887539+0.07780285j]
 [ 0.25919233-0.05130182j -0.10005365-0.21330784j -0.07970312+0.26577178j
   0.00239357+0.04174322j  0.11342123-0.04215896j -0.05535726+0.27396847j
  -0.19155612+0.16044354j  0.27226023-0.10218827j  0.23448466+0.17370046j
   0.09767404-0.04390557j -0.42996196-0.22308644j  0.11337476-0.22559827j
   0.21154332+0.1662464j  -0.15098662+0.09921681j -0.19478165+0.03501445j
   0.12983967-0.01060554j]
 [-0.04204338+0.20191219j  0.11892801-0.09322048j  0.34083756+0.05162968j
   0.19629087-0.07325196j -0.31866166+0.08895091j -0.27830823+0.16361323j
  -0.05181145+0.04971461j -0.10363187+0.00141844j -0.24219462+0.0986803j
   0.09012688+0.07172441j  0.00507036+0.1296619j   0.05949162-0.06826847j
  -0.26864122+0.11254488j -0.0482107 +0.42153044j -0.21065741+0.34439684j
  -0.0200753 -0.08591756j]
 [ 0.14586189+0.15231499j -0.4269378 -0.08118996j  0.41382402-0.02498111j
  -0.02870147+0.17612613j -0.07951267-0.19250202j -0.03012689-0.14871553j
  -0.22650031+0.05151705j  0.14154082-0.07964159j  0.06354833+0.0352864j
  -0.22383323-0.08081173j -0.00178151-0.17023112j  0.00839224+0.16044862j
  -0.30723761-0.04223191j  0.135819  -0.33583471j  0.04387126+0.20436678j
   0.05147325+0.1604382j ]
 [-0.04170413+0.02791063j  0.18374438+0.04746854j  0.06345153+0.00459905j
  -0.46763196+0.02893132j -0.00157216+0.07956006j -0.46520689-0.02202391j
   0.24143323-0.07822333j  0.30593691-0.00860764j  0.16276777+0.11847298j
   0.06952793-0.11554545j -0.16111443+0.29580685j -0.28681014+0.13910753j
  -0.06944608+0.020185j   -0.10648723-0.05975511j  0.13654725+0.06577182j
   0.15237241+0.12835113j]
 [-0.23964509+0.32309488j  0.14370907-0.13570949j -0.23027231-0.32050234j
   0.09911557+0.27809185j -0.0603146 -0.19821688j  0.13399395+0.02435191j
   0.26186992+0.24835391j  0.02835436+0.01984013j  0.08300963+0.24602299j
   0.07005587-0.03355334j -0.35255076+0.03003545j  0.20173562+0.09603251j
  -0.12353124-0.22907286j  0.15934633-0.04567146j -0.01013302+0.04969645j
  -0.04507024-0.12204816j]
 [ 0.14924603-0.03938106j -0.05687888-0.00298216j  0.26746651-0.11986572j
   0.21651539+0.03798539j  0.27401626+0.16681351j -0.12143922-0.14909184j
   0.2251685 -0.16936506j  0.13564046+0.01380323j  0.03299787+0.05379437j
  -0.13821844-0.10852783j -0.17386914-0.21950022j -0.18850151-0.05443517j
  -0.21751411-0.0740894j  -0.00388105+0.22138548j  0.02074823-0.36588213j
  -0.1991545 -0.41626656j]
 [ 0.15241874+0.15120584j -0.05531693+0.13886996j  0.10270459+0.02760049j
  -0.0703462 -0.14301368j  0.23454343-0.06688837j  0.18286313+0.18180818j
   0.18325658-0.18426441j -0.15057761+0.02279784j -0.19383606-0.10505036j
   0.29608922+0.13523095j -0.17204816+0.04225844j -0.01267696+0.02661417j
  -0.23938555+0.06058063j  0.21302399-0.13988722j -0.21441931-0.13630818j
   0.54735605-0.03527796j]
 [ 0.09609701-0.20373011j  0.16951921-0.38858891j -0.15967773-0.07532791j
  -0.18001841+0.11578497j  0.08911487+0.02724101j  0.17090492-0.23748942j
  -0.04798155+0.00998641j  0.03262587-0.07665778j -0.39928247-0.22820318j
  -0.29120271+0.03334469j -0.25972476+0.05138953j  0.02816597-0.10056768j
  -0.22385864+0.18705698j  0.02281322+0.19823535j  0.216181  +0.0980684j
   0.12823585+0.11298372j]
 [ 0.25495575+0.12314454j -0.04461696+0.23125649j -0.32369317+0.21763313j
   0.10159428+0.04771405j  0.15225539-0.1601863j  -0.14865565+0.17160646j
  -0.12623129+0.11490985j  0.03970923-0.10073766j -0.32032477-0.09946208j
   0.21061225+0.0243554j  -0.04793903-0.0864642j  -0.27581142+0.19047862j
  -0.09661808-0.16096183j  0.02816271+0.00922655j  0.34584745+0.22517241j
  -0.21722499-0.15864965j]
 [ 0.03457304+0.32360587j  0.22433267+0.23397069j  0.06134976+0.22263716j
   0.08110874+0.03051085j  0.05443078+0.11334339j -0.02637191+0.06386363j
  -0.14035026-0.08972358j -0.18780433+0.23421788j -0.01413963+0.05245189j
  -0.59888555+0.01222184j -0.27879788+0.10459768j -0.03199313+0.06783125j
   0.29052069+0.04359586j  0.14424485-0.09387311j  0.04679668+0.04488031j
   0.08627498-0.07802743j]
 [-0.03944182+0.3506876j  -0.10741836+0.06687522j  0.24110641-0.13654972j
  -0.11917327+0.12286903j  0.09959082+0.05086064j  0.02666138-0.04255093j
  -0.26628856-0.15749247j -0.02524403-0.03362279j -0.21162267-0.09907164j
   0.30638809-0.12507574j -0.21485311+0.2320215j   0.19807139-0.26967234j
   0.17971738-0.03212563j -0.14962317+0.00492798j  0.20364222-0.2475669j
  -0.26002277+0.19668558j]
 [ 0.16397165-0.17361018j -0.03485062+0.22207017j -0.03710091+0.03193077j
  -0.19190003+0.21060459j -0.31340625+0.17361537j -0.07210994+0.15638704j
   0.21758387-0.094639j    0.30867267-0.10180495j -0.34336856-0.0177982j
  -0.11095797+0.04563463j  0.02540008-0.04946354j  0.23427409-0.22341394j
   0.10837895-0.18141303j  0.33752904-0.13659868j -0.21619859-0.0232734j
  -0.14967323-0.03836767j]
 [-0.01822444+0.19950695j  0.11242096-0.17988732j  0.12717053+0.03636397j
   0.03879383+0.18815551j -0.08389405+0.04642985j  0.11996822+0.09292743j
   0.22543952+0.3189194j   0.03563321+0.03368872j -0.14188117-0.26783377j
   0.0496561 +0.00770623j  0.03720772-0.07527241j -0.42208222+0.0198022j
   0.11955114+0.40533792j -0.08290558-0.29301863j -0.22692171-0.12642506j
  -0.23040669+0.03782864j]]
Final objective value: 
0.4787749412577298
Final objective value with norm: 
0.4787749412577298
Final penalty of max controllers: 
0.0
