Rounding result: 
[[-0.0060145 +0.47569983j  0.06199866+0.07931511j  0.20264762+0.12307244j
  -0.07896551-0.10184294j -0.29989308+0.02008074j -0.14399363+0.31894548j
  -0.09315607+0.13079629j -0.15702168+0.26159939j -0.07447378+0.27358635j
  -0.03229227+0.0338551j  -0.17420001+0.09713038j  0.02030991+0.03778014j
   0.13031322+0.250015j    0.1223258 +0.06044311j -0.13312523+0.01436788j
  -0.26488055+0.22054942j]
 [-0.01019451+0.12698934j  0.13600612-0.40375672j -0.29793181-0.11230378j
  -0.26324163-0.24275905j -0.05054067+0.22233145j  0.01298905-0.18094113j
  -0.12124409+0.1280218j  -0.03734833-0.06803157j  0.03131644+0.1795333j
  -0.04177222-0.08429471j  0.12232039+0.20562295j -0.40335394+0.03904086j
  -0.17211693+0.11735404j -0.19989833+0.04782411j  0.01184083+0.27453278j
  -0.08095705-0.13932611j]
 [-0.03851265+0.04799405j -0.08098953-0.07615565j  0.05159003+0.19678296j
   0.24806297-0.11744913j -0.18067894+0.33179617j  0.10776658+0.08047676j
   0.30054512-0.14671776j -0.20474278-0.07872124j -0.02556392+0.3425494j
  -0.10679585+0.00295588j  0.18327591-0.45131107j -0.23141512-0.14683965j
  -0.09418619-0.19661678j  0.06147638+0.06620609j  0.12448138-0.09222508j
   0.13804479+0.07617357j]
 [-0.16597693+0.03597149j  0.26657773-0.1080802j   0.00899051+0.02811675j
  -0.14963218+0.19685419j -0.13652636+0.09127421j  0.06660598-0.31647405j
   0.0153887 -0.0009169j  -0.05200558+0.22760835j  0.1433996 +0.10309677j
  -0.35102356-0.27379272j  0.16626853-0.10220059j  0.4244618 +0.13460402j
  -0.16002024-0.11631324j  0.13525292-0.25958357j -0.16678033-0.09070208j
  -0.09806068-0.06221125j]
 [ 0.202705  +0.38623382j  0.12447358+0.08341543j -0.08067551+0.00999478j
  -0.09775442+0.06430366j -0.14374955-0.23420309j  0.05295233-0.0154562j
   0.18988532-0.25115493j -0.04674979-0.5003736j   0.26443533-0.03191094j
  -0.30230064+0.12607982j -0.09312433+0.09602294j -0.03934272-0.01098104j
   0.19970458-0.03656177j  0.04879965-0.04598256j  0.06921659-0.08425925j
  -0.03125327-0.28348136j]
 [ 0.23046686+0.0133801j  -0.37888509-0.11435536j -0.05533188+0.29583653j
  -0.08939692-0.21127995j  0.06352065-0.21015056j  0.14678455-0.16165034j
  -0.25288168-0.14309256j  0.08083205+0.05850195j -0.1364899 +0.14934358j
  -0.27555582-0.17843875j -0.03972734+0.28017773j  0.06277459-0.28061868j
  -0.0700521 -0.16236443j  0.01383618+0.10235102j -0.03976116-0.2356521j
   0.07767218+0.20013803j]
 [-0.01699361+0.34485978j -0.21966882-0.02928738j  0.19282034-0.29892006j
  -0.02184863-0.08520911j  0.07093131-0.15835356j  0.09521854+0.03289567j
  -0.1334542 +0.05644444j -0.25096054+0.11668341j  0.09459491-0.44334078j
  -0.05238616-0.30006247j  0.34666633-0.24433912j -0.1523554 -0.1392331j
   0.10920607-0.03110018j -0.00802209+0.04599365j -0.12719737+0.05558091j
   0.06597362-0.00999314j]
 [-0.12011078+0.12493486j -0.08667118-0.38390207j  0.16086014-0.05026377j
   0.08050116+0.39718092j -0.1250597 -0.01658167j  0.19579057+0.03990024j
  -0.42258939+0.05257468j  0.12815677-0.25560556j -0.12995338+0.1012099j
   0.03171324+0.08280457j -0.19355365-0.15057376j -0.01622324+0.27059849j
   0.03381302-0.14674103j  0.07179182+0.18130553j -0.15343657+0.03509518j
   0.22193876-0.01192509j]
 [-0.2451682 +0.18739426j -0.12651977+0.18914842j -0.50255508+0.02848721j
  -0.17042461+0.02040586j -0.18054787+0.06585752j -0.03981663+0.2872449j
  -0.24788602+0.04566643j -0.02132918+0.12768343j  0.26856385-0.07032977j
   0.11752981+0.17181541j  0.00646897-0.00593657j  0.10367936-0.0418389j
  -0.13682903-0.28959093j -0.10694915-0.13933582j  0.14169273-0.10553055j
   0.26248192+0.04801329j]
 [-0.06572389-0.01515445j  0.32547415+0.03158359j -0.17150453+0.01278505j
   0.18812656-0.23239062j  0.20540619+0.13565423j -0.04607066+0.0188592j
  -0.14772037+0.23277734j  0.06077767-0.19382094j  0.12459716-0.25651201j
  -0.27709273+0.10180062j  0.01953019-0.00253577j -0.02946338+0.04100744j
  -0.05666659-0.07495626j  0.43966166+0.31018755j -0.03441798-0.09533636j
  -0.07532385+0.32172468j]
 [-0.12171976-0.16510579j -0.22398687-0.00075667j -0.18696771+0.20428786j
   0.00331986+0.06242844j -0.1187635 +0.14592674j -0.0910405 +0.0923632j
   0.26875838-0.04008596j -0.00794939-0.06982522j  0.12180538-0.19841637j
  -0.05245316-0.26618714j -0.26614336+0.09313021j -0.2000565 +0.06764407j
   0.16862075-0.1443573j   0.00884473-0.06830991j -0.58832965+0.18436892j
  -0.03621586+0.09376231j]
 [-0.04696569-0.13109144j  0.11876043+0.01957788j -0.06467758-0.02364702j
  -0.31281607+0.03000722j  0.13705832+0.08579764j  0.0639804 -0.0071424j
   0.06754648+0.0557534j  -0.37124949+0.05265431j -0.03300289+0.09775748j
  -0.06370963+0.12070336j -0.13860247-0.06826522j  0.31399725-0.30741122j
   0.22682187+0.01845963j -0.07482495+0.50002545j -0.14379188+0.16247516j
   0.23913175-0.1617183j ]
 [ 0.12690699+0.25261911j -0.00169068+0.22592285j -0.15441034-0.15464802j
  -0.17049199+0.22623455j  0.23159624-0.04859839j -0.04067413-0.17249696j
   0.07222242-0.21245458j -0.01889176-0.22431255j -0.07898425+0.20652377j
   0.34694063-0.0179022j   0.10188878-0.10783063j  0.04557399-0.07228695j
  -0.31996104-0.06187795j  0.09071687+0.06728204j -0.25322175+0.13572458j
  -0.14504633+0.36216094j]
 [-0.0159458 +0.01386987j -0.06534349-0.00559139j -0.16586831+0.2098839j
   0.13433928-0.31938868j -0.27959214-0.15919794j  0.25081954-0.23232131j
  -0.05655174-0.19664673j  0.25762025+0.11164547j  0.15596373-0.04383459j
   0.22546562+0.20902739j  0.19688175-0.19799927j  0.19698094+0.08157236j
   0.15219819+0.19861255j  0.12934674+0.1396729j  -0.14698164+0.30505018j
  -0.03859069-0.05777942j]
 [ 0.05120446-0.03645881j  0.08103046-0.17379097j  0.25274873+0.00490044j
  -0.0851666 -0.12857825j -0.23395005-0.36764188j -0.06591507-0.00719953j
   0.29123479+0.16161217j  0.02061606+0.05416295j  0.26845067-0.09784447j
   0.0746054 -0.01924162j -0.19703183-0.02768984j  0.05288937+0.09153338j
  -0.37829998-0.31438889j -0.20509873+0.28996393j  0.12006155+0.11134511j
  -0.02114854+0.17119668j]
 [-0.23995642-0.16989323j -0.08839976+0.08279062j -0.01956541-0.00603966j
  -0.10993207+0.1506762j  -0.05540735-0.08175873j  0.59879042-0.04876467j
  -0.01421474+0.1439582j  -0.16649724-0.11510009j  0.10083454-0.05006673j
  -0.11733352+0.07770194j -0.19927873-0.08070698j -0.10897576-0.17761431j
  -0.02540369+0.24187884j -0.07200772-0.16989195j  0.18855244+0.07226068j
  -0.28598984+0.3053077j ]]
Final objective value: 
0.5665814342806823
Final objective value with norm: 
0.5665814342806823
Final penalty of max controllers: 
0.0
