Rounding result: 
[[ 0.22131481-0.12763801j -0.01004856+0.13674359j -0.11944193+0.00534413j
  ...  0.03330642-0.32993071j  0.05556503+0.00246358j
   0.00527887-0.1350135j ]
 [ 0.12239372+0.04048856j -0.01298898-0.00219395j  0.03249915+0.05505098j
  ... -0.03587361-0.06983831j -0.28271761-0.32081524j
   0.23728085+0.05209818j]
 [-0.00728944-0.05574368j  0.0780465 -0.06843055j -0.15830562-0.0962817j
  ...  0.17128687-0.02291397j -0.05396628+0.02771823j
   0.03646505-0.01141527j]
 ...
 [ 0.10502515-0.00470098j -0.06438134+0.09550566j -0.13642853-0.06402267j
  ... -0.05211488+0.10235513j -0.10683351-0.0658015j
  -0.1200483 +0.23182005j]
 [ 0.14917317-0.03620867j -0.04318889-0.08422656j -0.14710443+0.04386257j
  ...  0.15244671+0.03140925j  0.06037215-0.26872252j
  -0.06960724-0.18552317j]
 [-0.01136324-0.1692752j  -0.02623422-0.13547046j  0.05828907+0.23247873j
  ...  0.08194705-0.23698656j -0.07030472-0.17611737j
   0.26468791-0.1747454j ]]
Final objective value: 
0.9802362237674853
Final objective value with norm: 
0.9802362237674853
Final penalty of max controllers: 
0.0
Infinity norm of continuous and binary controllers
8.667216176509463
