Rounding result: 
[[ 2.40150258e-01+0.03954488j -1.13956691e-02-0.14770147j
   2.09905761e-01+0.18194522j ... -2.78909278e-02+0.05123388j
   1.61205171e-01+0.0183958j  -4.16097110e-02+0.10969359j]
 [-9.03745704e-02-0.02814774j  1.72129753e-01-0.0978418j
   2.59033039e-02+0.16706769j ... -2.03393868e-01-0.18357052j
   7.09971524e-02+0.03900808j  1.07234535e-01-0.06635256j]
 [-2.02762839e-01+0.11713347j  1.46748671e-01+0.18540583j
   9.44180961e-02-0.01380399j ... -1.03147201e-02-0.19638598j
   1.63201583e-01-0.27722726j  2.68450672e-02+0.04539634j]
 ...
 [-1.09693529e-01-0.1938774j   2.50144001e-01-0.12590977j
   9.89090801e-02+0.03977526j ... -2.75652489e-01-0.14841253j
  -7.66205873e-02+0.04354814j  1.90172780e-04+0.29097268j]
 [ 1.40159590e-01-0.16117076j -3.64188106e-02-0.08178801j
   3.19964283e-01+0.08509376j ... -8.04617993e-02+0.17687929j
   6.15443588e-02-0.03199051j  6.81303166e-02-0.00531153j]
 [-1.18108484e-01-0.10367125j  2.08141258e-01+0.08003408j
  -6.58400992e-02+0.07815783j ...  2.30089608e-02+0.01999999j
   1.97414249e-02+0.09179671j  1.40017568e-01-0.08681392j]]
Final objective value: 
0.9790844484313177
Final objective value with norm: 
4.779084448431318
