Rounding result: 
[[ 1.38745744e-01-1.86248944e-01j  1.51937114e-01+1.50210759e-01j
   8.92325395e-02+2.68127222e-01j  1.57588844e-01+1.10694981e-02j
  -3.89073760e-02-8.19564991e-03j  1.09415161e-01-2.14536127e-01j
   1.79218270e-01+2.68381332e-01j  1.38927779e-01-1.35411796e-01j
   1.60441910e-01-2.35424403e-01j  5.35012712e-02+1.25588174e-02j
   3.25975135e-01+2.18572649e-01j  4.79074285e-02-2.22171637e-02j
  -4.47678372e-02+1.49568754e-01j  9.01008133e-02-2.41806361e-01j
   8.03524068e-02+1.02251824e-01j  4.19291124e-01+2.63720784e-01j]
 [ 1.16709298e-02+1.55109891e-01j -1.03790482e-01-8.71715173e-02j
   2.04804480e-01-1.18897546e-01j -5.13556370e-02+1.52473402e-01j
   9.68429785e-02-1.62711182e-02j -2.67596388e-01-1.04014792e-01j
  -1.07648874e-01+1.72097324e-01j  1.62363530e-02+9.52186844e-02j
   7.28581298e-02-1.09152068e-01j -2.74862199e-01+4.42095015e-01j
   7.90460162e-02-1.87419110e-01j -2.17591037e-01+1.99702615e-01j
   1.03144855e-01+9.02667822e-02j -3.62261958e-01-5.73322830e-02j
  -1.19514079e-01+2.35302034e-01j -2.94238077e-02+3.03669453e-01j]
 [-1.14976571e-02-6.07841971e-02j -2.61201673e-01-4.80707628e-02j
  -2.24324656e-01-1.56924754e-01j -1.29030588e-01+1.86608680e-01j
   2.23091994e-01+8.94859705e-02j  2.57962799e-01-2.26141230e-01j
   1.04127951e-01-4.46501881e-02j  2.60265772e-02+1.59906363e-02j
   3.88531106e-01+2.24007205e-02j  2.59554587e-02-5.71649866e-02j
   4.63544043e-02-6.29620505e-02j -3.12779923e-01+3.07465081e-01j
   3.00976849e-01+3.87672716e-03j  1.97697830e-01+1.04253813e-02j
  -2.41025303e-02+3.54834668e-02j  1.89084127e-01-2.97856999e-01j]
 [ 2.91601212e-01+4.56664766e-02j -1.35992154e-01-3.76396160e-01j
   2.46745368e-01+4.31275444e-02j  2.85195909e-01+1.10944781e-01j
   1.86848019e-01+2.48645651e-01j -1.18208530e-01+2.50688262e-02j
  -8.15769601e-02-1.41750068e-01j  1.32730897e-01+9.51974967e-02j
   1.89891418e-01+9.66715677e-02j  1.20517998e-01-2.30559638e-01j
  -3.71580442e-02-1.46916834e-01j  3.25924389e-01+7.17355191e-02j
  -9.24520969e-02-1.16391142e-01j -2.84049981e-02-9.23903509e-02j
  -3.18761966e-01-1.26773907e-01j  1.73499165e-01+7.01130979e-02j]
 [ 1.40891801e-01-1.98148001e-01j  2.31962721e-01+1.23573510e-01j
   2.49954723e-01+2.08001001e-02j  1.85769062e-02+2.16789745e-01j
   1.63704588e-01-3.95562656e-04j  8.48415899e-02+2.64468495e-01j
  -1.80793556e-01-5.52054271e-02j -1.56915046e-01-2.24952622e-01j
   2.59603465e-01-2.14627941e-01j  9.04934316e-02+2.54859003e-01j
   1.35339264e-01+1.78587400e-01j -3.74041697e-02-1.33285530e-01j
   2.30860628e-01-5.45799946e-02j -7.50993930e-02+2.13514210e-01j
  -1.63028113e-01-3.23758121e-01j -1.85494237e-01-1.31798534e-01j]
 [ 2.99191168e-01+1.92515420e-01j -4.67507653e-02+1.67797042e-01j
  -8.52440360e-02-1.23962144e-01j -2.02381184e-01-1.90370594e-02j
  -2.52731910e-01+3.09510642e-02j  7.33039284e-02-6.62811869e-03j
  -3.10708855e-01+3.42325470e-02j -1.07867926e-01-1.04344058e-01j
  -1.08959475e-01-1.15491067e-01j -1.83422070e-01+2.98613494e-02j
   3.65221068e-01-2.22318015e-01j  1.75245242e-01+2.06708263e-01j
  -3.05802307e-01+1.27564778e-01j  1.63379906e-01+1.94008856e-01j
  -1.57292374e-01-8.45031136e-02j  1.75552236e-01-1.89278371e-01j]
 [ 1.04152231e-01-3.06548110e-01j  1.14833052e-01-9.02918746e-02j
  -3.62131889e-02-4.68638565e-02j -1.84681428e-01+1.42625819e-01j
  -6.15338397e-02+1.34277183e-01j -3.81532606e-01-1.29582394e-01j
  -2.82215039e-02+1.09358438e-01j -7.12744444e-02+9.43232993e-03j
   1.65994742e-01-2.12579290e-01j  1.53162087e-01-3.39556773e-01j
  -1.64514269e-01+6.74923528e-02j -2.78482184e-01+1.18639961e-01j
  -4.03949157e-01+1.20553973e-01j -1.27127751e-01+2.38938579e-01j
   1.34884992e-01-1.97347702e-02j -9.49250304e-02+2.18876237e-02j]
 [ 1.39402685e-01-5.25393639e-02j -2.48726304e-01-2.01325455e-01j
   7.97843620e-02-1.11003054e-01j  1.35347774e-01+1.20491694e-02j
  -1.47802121e-01+4.43556768e-02j  2.87615432e-02+3.69917334e-02j
   1.29147090e-01+1.61514412e-01j -1.43261994e-01+3.47708384e-02j
   2.03735106e-01+1.32393112e-01j -6.09372907e-02-8.87490307e-02j
   4.57940650e-01+1.05890433e-02j  2.10885438e-01-4.20201451e-02j
   7.44436956e-02-5.30090979e-02j -4.35132660e-02+8.80517218e-02j
   4.69499773e-01+1.32352299e-01j -4.05498763e-01-2.62758665e-02j]
 [ 3.70121687e-02-2.39481428e-01j -1.31946471e-01+1.71292548e-01j
   3.65266864e-01+3.34032811e-01j -6.28139187e-02+1.44054506e-01j
  -1.23911553e-01+6.10662050e-02j  1.58126155e-01-1.31949807e-01j
   1.76906849e-01+1.54385140e-02j  2.45255327e-01+2.82496132e-02j
  -2.32754041e-01+1.42975769e-01j -2.28593898e-01-8.49336849e-02j
  -3.38794231e-02-8.14099215e-02j -8.21873475e-02+6.78355134e-02j
   3.93173631e-02-2.79663838e-01j -8.95128811e-04+4.53213623e-01j
  -1.19650938e-01+1.30161691e-01j -2.71532397e-02-2.18683023e-02j]
 [-1.64288301e-01+1.36737620e-01j -3.55725964e-01+1.83242641e-01j
   2.42525146e-01+8.82180461e-02j -1.42616187e-01+1.50029625e-01j
  -1.05780341e-03-1.91046849e-01j -3.09586875e-01+1.14601188e-01j
   1.13128844e-01+4.28397685e-01j -2.47813865e-01+1.18890121e-01j
   4.90931662e-02+1.43308265e-01j  1.72452093e-01-2.35122028e-02j
   4.26405026e-02+2.90452783e-02j -6.87718536e-02-1.39708340e-01j
  -9.57053122e-02-1.37580091e-01j  1.99280289e-01-1.52507244e-01j
  -1.29520933e-01-2.04183136e-01j  1.23191085e-01-1.50154333e-01j]
 [ 4.55699362e-02-2.19143043e-01j  5.12536118e-03+1.46642066e-01j
   1.04531592e-01+5.05582931e-03j -3.68214728e-01-6.30599862e-03j
   4.91884627e-01-1.73460560e-01j  1.62591111e-01-2.94743978e-02j
   9.03020641e-02-2.28408398e-01j -2.21579976e-01+2.64404101e-01j
  -1.22029414e-01+1.92324901e-01j  1.41879939e-01+2.96773290e-02j
   1.65558738e-01+6.88628102e-02j  2.35731910e-01+1.89783310e-01j
  -2.11095919e-01+1.12808311e-01j -1.58685226e-01-5.85689678e-02j
   4.42577236e-02+4.95659923e-02j -1.10954344e-02+1.26699033e-01j]
 [ 2.13387657e-01-3.74211228e-02j -4.37268568e-03+2.52932118e-02j
   7.43470516e-02+2.01597717e-02j  3.69300990e-01-1.21138857e-01j
   2.38694446e-01-2.26348288e-01j  2.28174578e-02-5.13158978e-02j
  -1.68016975e-01+1.52447967e-01j  3.30492550e-01+3.96208936e-02j
  -2.41568508e-01+2.00956955e-01j  8.61619867e-02+5.27584569e-02j
   9.48415849e-02-8.17670402e-02j -3.65588582e-01+1.60891812e-01j
  -1.31258054e-01+1.82102348e-01j  2.97167664e-02-7.28948537e-02j
   1.73586386e-01-3.08832273e-01j -1.61582032e-01-1.71503913e-01j]
 [ 3.06029273e-01-5.30191162e-02j  3.08707460e-01+2.18436641e-02j
   1.25622089e-01-3.02834850e-02j -4.81670412e-02-7.74401389e-02j
   6.49689157e-02-2.29868390e-01j -5.81037442e-02+2.23262790e-01j
  -1.50582414e-01+6.32747791e-02j -2.39994635e-01+1.07600443e-01j
   5.57570706e-02+4.91209176e-02j -3.30737407e-01-2.62822567e-01j
  -1.71872039e-01-1.61229413e-01j -1.04809340e-01+1.20973730e-01j
   2.34804547e-01-2.72152733e-01j  1.96696810e-01-1.16237985e-01j
   2.67537989e-01+5.69823149e-02j  2.04274618e-01+1.16248446e-01j]
 [ 3.22201764e-02+1.23402242e-01j -2.52741157e-01+4.98354556e-02j
   3.71208807e-01-1.44273525e-01j -8.63629377e-03+2.34778300e-01j
  -1.61560797e-01+1.24443985e-02j  3.87860892e-01-1.43692146e-01j
  -1.17207876e-01+1.74123920e-02j -1.73570057e-01-1.94610226e-01j
  -1.81351309e-01-1.90897441e-01j  9.99227875e-02-1.66098728e-01j
  -3.58584343e-01+1.05902145e-02j  5.43709765e-02+9.18994125e-02j
   7.35871501e-02+2.20186039e-01j -1.16934003e-01-1.86087839e-01j
   2.15808698e-01-1.29403202e-01j -2.93817078e-02+1.03941491e-01j]
 [ 2.56600100e-01+5.04764739e-02j -1.31085055e-02-1.11897398e-01j
   1.50422452e-01-2.79986401e-01j -4.40670941e-01-5.69465848e-02j
   2.36738567e-02-1.95123379e-02j -1.83010624e-01-7.54773719e-02j
   9.70441918e-02-2.64877576e-02j  4.43596030e-01+8.85083018e-02j
  -2.03233462e-01-2.61401705e-01j  8.84107696e-02-1.77710229e-02j
   6.74791884e-02+1.87854334e-01j  6.64515377e-02-1.10319669e-01j
   2.37798906e-01-4.79328213e-02j  2.98604589e-01-1.10466619e-01j
  -1.86313918e-02-3.95258084e-02j -1.68817504e-01+2.79859746e-02j]
 [ 3.61212541e-01-7.19532629e-02j -1.94117985e-01-2.01366001e-01j
  -4.74662052e-02+1.07561589e-01j  1.53186247e-01+6.18546045e-02j
  -1.95230207e-01-3.72554285e-01j -1.23661679e-01-1.39776481e-01j
   2.75673413e-01-3.99510026e-01j -3.04217516e-01-1.16862181e-02j
  -3.96437180e-02-7.62520562e-03j -7.22026163e-02+2.14412860e-01j
  -9.43027213e-02+9.90689895e-02j -1.50348910e-01-1.13273537e-01j
  -3.65384454e-02+1.82256489e-01j  2.09311072e-01+5.50470901e-02j
  -1.19959748e-01+3.86608965e-03j  1.92307122e-04+4.70650518e-02j]]
Final objective value: 
0.5297234767849474
Final objective value with norm: 
0.5297234767849474
Final penalty of max controllers: 
0.0
