Rounding result: 
[[-0.00547645+5.10752144e-01j -0.04792774-4.18681408e-01j
  -0.13286225+7.03012576e-02j ...  0.02181607+3.84340347e-03j
   0.00806494-1.26243942e-02j  0.01359256+1.98612644e-02j]
 [ 0.09159685-4.29568255e-01j  0.03947447-4.96883380e-01j
   0.09538308-6.75142251e-02j ...  0.02449886+1.08072395e-02j
  -0.00349054+9.19225410e-03j  0.01488471+2.41229068e-02j]
 [-0.05007499-1.52638783e-01j -0.01585093+1.08224010e-01j
  -0.21708924+5.42800750e-01j ... -0.01866752-7.27168993e-03j
  -0.01858642-2.93542611e-02j  0.00063869+1.72568765e-02j]
 ...
 [ 0.00450215+3.52496824e-03j  0.00598674+2.92254075e-03j
   0.00180759-2.88639176e-04j ... -0.1706064 +4.34122279e-01j
  -0.03302455+1.65681446e-01j -0.12674766+2.64735236e-01j]
 [ 0.0032522 +4.15358174e-04j -0.00031009-1.89152392e-03j
  -0.00468922-1.93885651e-03j ...  0.01207614-1.82284997e-01j
   0.04594465-5.20836409e-01j -0.0801503 +3.29089041e-01j]
 [-0.00173692-1.22699772e-04j -0.00077766-3.21728057e-03j
   0.00338261+7.45472668e-04j ...  0.0235319 -2.98356245e-01j
   0.02981817+3.58641775e-01j -0.0299349 +4.76489441e-01j]]
Final objective value: 
0.9904749112932383
Final objective value with norm: 
0.9904749112932383
Final penalty of max controllers: 
0.0
Infinity norm of continuous and binary controllers
0.6379123095754597
