Rounding result: 
[[-0.04233585+0.04128659j -0.10799796+0.23744538j -0.02426914-0.02888441j
  ... -0.1986128 +0.14399077j -0.11419669-0.05918596j
  -0.01703306+0.04943423j]
 [-0.04679898+0.15235703j  0.04711201-0.26099791j -0.22886319+0.03621506j
  ...  0.07641688-0.08420532j -0.03588907-0.11256864j
   0.04704819+0.08654012j]
 [ 0.02372416-0.02428697j  0.00917621-0.0040628j   0.28073834-0.09642031j
  ... -0.11062821+0.03081265j  0.05664502-0.04430373j
   0.15151848+0.13265984j]
 ...
 [-0.20752195-0.13776139j  0.07171406-0.03354734j -0.01155286-0.18025681j
  ... -0.05979608+0.18690697j  0.28928521-0.15676977j
  -0.02140552+0.16513848j]
 [-0.1428416 +0.01140849j -0.05462972-0.03602019j -0.07099398+0.03547846j
  ... -0.03420951-0.32377941j -0.16012053+0.0013358j
  -0.17185745+0.17298763j]
 [-0.08543514+0.09034211j  0.05259707-0.11141531j  0.09984257+0.03162125j
  ...  0.23899072+0.09760024j -0.00033644+0.31830711j
  -0.00338787-0.08294625j]]
Final objective value: 
0.5356043750023392
Final objective value with norm: 
0.5356043750023392
Final penalty of max controllers: 
0.0
Infinity norm of continuous and binary controllers
0.10810979675046162
