Rounding result: 
[[-0.13982177+9.70108343e-02j -0.03829632+6.74225538e-02j
   0.07324322+1.59753684e-01j ...  0.04516015+4.10226343e-02j
  -0.15801708+1.40478319e-04j -0.08532665+6.48499439e-02j]
 [-0.09629797+6.80591135e-02j  0.24464683-8.50547261e-02j
  -0.05725479+9.86881988e-02j ...  0.14675508+1.18224219e-01j
  -0.14616342-1.12377147e-01j  0.13813947+6.84910761e-02j]
 [-0.15096736-2.16132549e-02j -0.11267066+1.64617904e-02j
   0.22938223+2.53926469e-02j ... -0.32646582-1.05836694e-01j
   0.00203619+1.57728838e-01j  0.08594828+7.80551175e-02j]
 ...
 [ 0.06436156+1.89417196e-01j  0.0724134 -2.94613736e-01j
  -0.09592273-2.39484761e-02j ...  0.07968364+7.89889031e-02j
   0.08087176+1.97356389e-02j  0.01692615-1.06873107e-01j]
 [-0.1395348 +1.59103831e-01j -0.08469792-3.35091514e-02j
  -0.05680044-1.00764021e-01j ...  0.05287304-6.06596760e-02j
  -0.09842925+1.29227079e-01j -0.00501285+2.94417952e-03j]
 [ 0.06689945+2.38314006e-01j -0.07851537-2.27176689e-01j
   0.05455471-8.45366364e-02j ...  0.00975929+1.10807177e-01j
  -0.02505217+5.61571288e-02j  0.07865779-3.28209299e-02j]]
Final objective value: 
0.6110879554811581
Final objective value with norm: 
0.6110879554811581
Final penalty of max controllers: 
0.0
Infinity norm of continuous and binary controllers
0.07518037388151841
