Rounding result: 
[[-2.76321149e-01+2.45137013e-02j  1.87748631e-01-8.98482121e-02j
   4.26586948e-02+1.26991902e-01j -2.35993229e-01+2.39758916e-01j
   6.03385966e-02+1.28701963e-01j  3.87330416e-01-2.62241527e-02j
  -3.39605229e-01-1.47746912e-01j  1.38919735e-02-3.76918536e-01j
  -2.04146614e-01+1.01132988e-01j -3.50301453e-01-1.94399569e-01j
   2.51841144e-02+1.11515586e-01j  5.32950474e-02+3.13588240e-02j
   1.00334681e-01+6.50930049e-02j  2.36114915e-02-1.78596703e-02j
   5.75424732e-03+2.10364633e-01j  6.08317322e-02+7.61146443e-02j]
 [ 7.90321609e-02+1.64456852e-02j -4.98075836e-02+2.35851666e-01j
   3.02688841e-02-1.96771224e-01j -3.81408471e-01+1.52370682e-02j
  -8.40363391e-02+7.42601780e-02j -2.32184232e-01-2.54415085e-01j
   7.19529060e-02-3.20146860e-01j -3.58273564e-01-3.94542312e-01j
  -4.83140991e-02-1.70288951e-01j  1.82214141e-01+1.53617543e-01j
   7.08638975e-02+1.20838052e-01j  4.70492409e-02+8.23192037e-02j
  -2.65447007e-02-1.51911062e-01j  1.06416702e-01-3.68099443e-02j
   5.98788203e-02+4.02243799e-02j -2.14133893e-01-1.51210074e-01j]
 [ 2.72531653e-01-6.47280433e-02j  7.89680729e-03-4.39544380e-02j
  -6.95589403e-02-4.69114569e-01j  5.65630761e-02+9.30287935e-02j
   4.84110693e-02-3.49513269e-01j  1.71804499e-01-6.96214997e-03j
   8.10838963e-02+1.03608363e-01j  9.06990793e-02-3.45867257e-02j
  -3.22194153e-01-3.70884541e-02j -9.80581820e-02-4.90927552e-02j
   2.05192838e-01+7.56198476e-02j -4.82324874e-02+1.63140305e-01j
  -3.21437788e-01-5.15621773e-02j  1.14297544e-01-3.24063782e-01j
  -1.74306834e-01+1.30850672e-01j  1.84410520e-01-4.93313740e-02j]
 [ 2.63086290e-02+1.34897490e-01j -2.31898922e-01-1.39845373e-01j
  -2.73307519e-01-1.76892417e-01j  1.54638885e-01-2.42435361e-01j
   1.30113588e-01+2.10772632e-01j -2.19950136e-01-1.91912030e-01j
  -1.12037983e-01+1.34854545e-01j  6.51889056e-02-2.82292550e-01j
  -3.43831274e-01-2.58043797e-02j  7.29242475e-02-2.23764298e-01j
   4.00619571e-02-7.78298633e-02j -1.74279727e-02+1.51919017e-01j
   1.49764043e-01+7.99745739e-03j -1.13925509e-01+1.79178356e-01j
  -6.12196023e-02-1.76104936e-01j -4.60527562e-04+3.87560157e-01j]
 [ 7.23841364e-02+2.65695169e-02j  1.48162518e-01-9.49303798e-02j
   2.04455243e-01+9.70326696e-02j -2.52851901e-03-2.66289327e-01j
  -3.65347166e-01-2.83250483e-01j -1.96870658e-02+3.97693071e-02j
  -7.73646516e-02-1.05384232e-01j -1.38665929e-01-1.45234817e-01j
   1.58223055e-01+1.19196102e-01j -1.65449806e-01-1.73484621e-01j
   4.37676966e-01+8.13855458e-02j -1.21357939e-01-1.11725911e-01j
  -2.38240759e-01-7.92901225e-02j -1.36403300e-01+1.61155145e-01j
   1.90759094e-02-3.03031838e-01j -2.10657326e-02+2.13306322e-01j]
 [ 1.83157560e-01-1.04750727e-01j  4.53131370e-02+1.28673425e-01j
   1.04992216e-01+9.06568948e-02j  2.72022712e-01+1.03743477e-01j
   3.19554508e-02+2.38462224e-01j  2.96675793e-01+1.47357867e-01j
   2.35254138e-01+1.41697444e-01j -2.73657912e-01-3.13983206e-01j
   1.96197378e-01-1.65322700e-01j -2.37375933e-02-1.24623099e-01j
  -1.93089414e-01-5.54500215e-02j  2.44378496e-01+2.52036677e-01j
  -1.66597419e-01+3.60486651e-02j -1.66754424e-01-1.84831798e-01j
   1.73578679e-03-2.61476861e-01j -2.32575418e-02+1.04389927e-01j]
 [ 2.61563620e-01-1.09109439e-01j  2.49459683e-01-3.67173622e-01j
  -1.75475588e-01-1.54750942e-01j -4.34321643e-01+7.01501259e-02j
  -4.34052214e-02+3.03957749e-02j -8.08811490e-03-1.58793145e-01j
   1.39157344e-01+2.71288513e-01j  9.73549799e-02+3.95301084e-02j
   1.17395619e-01+9.87975847e-02j -1.35140362e-01-1.51680020e-01j
  -2.86503122e-01+5.17570150e-02j  1.41985970e-01-2.16316679e-01j
   3.70814458e-02-1.85254585e-01j -7.09372757e-02+1.26468946e-02j
  -5.75318390e-03-1.70193051e-01j -2.36268562e-01-3.09196430e-03j]
 [ 3.34718939e-01-2.02729518e-01j  6.54338424e-02+2.22170942e-01j
  -3.98889026e-01+1.83419214e-01j  1.49152467e-01-7.85429571e-02j
  -6.77246950e-02+1.60856063e-01j  2.26324453e-01-1.38985920e-01j
  -3.81287639e-01+1.65274710e-03j  9.78470673e-02-7.08532115e-06j
   3.05952686e-03-2.10698248e-01j -4.83956485e-02+2.04681586e-01j
   7.43432647e-02+1.49342294e-01j -4.41636288e-02-1.95899339e-01j
  -2.21304465e-03-1.55228087e-01j  2.47005433e-01+6.57079293e-02j
   4.67734272e-02-2.12101915e-01j  1.11820718e-01-1.00936628e-01j]
 [ 4.67820369e-02+2.26576745e-01j  2.74660981e-01+8.56678625e-02j
  -8.75053843e-02+2.17103586e-02j  2.83511237e-01+2.08516185e-02j
  -1.84036113e-02-2.29064011e-02j -8.08805048e-02-2.59180265e-01j
   1.62232748e-02-2.80017025e-01j  6.87875871e-02-8.31958174e-02j
   2.48589236e-01+2.18798592e-01j -4.68768892e-02-2.04012594e-02j
  -1.64946505e-01-2.13949557e-01j -6.60937622e-02-5.38221092e-02j
   1.90916298e-03-6.06777098e-02j  2.46862611e-01-1.84846114e-01j
  -4.96953807e-01+1.02025443e-01j -1.62670614e-01+1.86254259e-01j]
 [-1.80278531e-01+1.11455481e-01j  2.47262542e-01+1.13925062e-01j
  -7.04117226e-02-2.05480038e-01j  8.46255499e-02-7.97503502e-03j
  -1.47129143e-01+2.10462744e-01j -2.38705728e-01+3.22900909e-01j
  -7.73631181e-03+1.90939756e-01j  8.06064365e-02-9.00228320e-02j
   6.65129905e-03+4.84150602e-02j -1.53383518e-01+2.86565090e-01j
   1.46385575e-01+3.87160900e-01j  9.98373618e-02+2.79638720e-02j
   2.13143012e-01-3.70808238e-02j -2.28344279e-01-8.50728113e-02j
  -3.40981632e-01-1.01743661e-01j  1.92175637e-02-1.58016790e-01j]
 [-6.30999860e-02-3.23992639e-01j  7.48899394e-02+2.01828953e-01j
  -5.34329065e-02-2.09114676e-01j -1.69709676e-04+5.51575664e-02j
   4.44492754e-02+8.42355954e-02j  8.35064206e-02-1.76124606e-01j
   1.33510976e-01+8.15675670e-02j -9.59800666e-02+9.87634985e-02j
   3.49070806e-01+5.15015681e-02j  6.04307676e-02-3.08997619e-01j
   2.69032210e-01+4.91675022e-02j -3.00525729e-01+9.77212459e-02j
   4.41057083e-01-1.67260127e-01j -6.37746584e-02-7.31012945e-02j
   7.62418925e-02+1.41636415e-01j  1.89479761e-01+1.12152306e-01j]
 [ 1.73159500e-02+1.59656468e-01j -9.77286534e-02-2.26564790e-02j
  -3.61714527e-02+1.58710038e-01j  1.30471767e-01+1.28528837e-01j
  -2.68011297e-01-1.13251350e-01j -1.37956873e-01-5.95124989e-02j
   5.01762169e-02+2.66334536e-01j -6.82949190e-02-5.22018205e-02j
   2.91453919e-02-3.78039025e-01j -1.34336100e-02-4.36128084e-01j
   1.87069709e-01+3.60280810e-02j  2.90672979e-01-1.91196496e-01j
   1.62630983e-01+1.58680679e-01j  2.33931116e-01+3.85173910e-02j
  -1.33218997e-01+2.15197027e-01j -6.45322899e-02-2.20197440e-01j]
 [-4.23441334e-01+8.24466946e-04j -1.45965885e-01+2.97947543e-02j
  -8.82766972e-02-2.03475917e-01j  8.43397317e-02-2.71427991e-01j
  -1.92875250e-01+2.52031442e-01j  1.36271261e-01-9.98563203e-03j
  -5.08308337e-03+1.79814444e-01j -1.14200798e-01+1.09145886e-01j
   8.48350835e-02+1.79070339e-01j  5.06400987e-02-1.08998449e-01j
  -1.22320730e-01+2.39984135e-01j  1.02233295e-01-7.16478824e-02j
  -3.90976889e-01-2.04892853e-01j  3.17657341e-01-3.59438347e-02j
   1.13225082e-01+1.55043684e-01j -8.94321457e-02+8.98366616e-02j]
 [-4.32818242e-02-1.80153149e-01j -1.77921431e-01+6.85186088e-02j
   2.10287965e-02+4.03833210e-02j -1.39163797e-01-1.16453404e-01j
   9.13148002e-02-2.11416199e-01j  5.69888683e-02+2.81599023e-02j
  -9.76196722e-02+6.64226094e-02j  1.27145771e-01+1.22931043e-01j
   1.37137813e-01-9.02620624e-02j -1.72511963e-01+2.59157614e-01j
   2.35028666e-01-4.25335598e-02j  4.25136932e-01+2.19367896e-01j
   1.96106955e-01-9.81437405e-03j  1.45385359e-01-1.64257039e-01j
  -1.47285518e-02+2.77073530e-02j -3.68762772e-01+3.98238208e-01j]
 [-5.77719466e-02-9.95182530e-02j -3.37254386e-01-2.81094142e-01j
   6.96386158e-02-9.51759480e-02j  2.66649995e-02-1.01667440e-01j
   1.88148660e-01+1.15295524e-01j -2.47015137e-02+1.21521593e-01j
  -2.02221803e-01-2.61369733e-01j  2.70622097e-02-8.53625154e-02j
   1.54930788e-01+1.08513057e-01j  7.48003525e-02-1.55902865e-01j
   1.44901718e-01-1.42746441e-01j  1.86628471e-01-2.73355252e-01j
   8.74125503e-02-1.44889609e-01j -1.93138301e-02-4.21964451e-01j
  -8.86552089e-02-2.40019842e-01j  9.58708862e-02-2.99038466e-01j]
 [ 9.53604258e-02-2.57093948e-01j  1.27170666e-01+2.05441535e-01j
   2.09819815e-01-2.36599105e-01j  1.24215736e-01+6.41453351e-02j
   3.00575914e-01+1.52215526e-01j -2.73215960e-01-9.66159532e-03j
  -6.72841291e-02+5.57224994e-02j  2.88976477e-01-2.13482467e-01j
   1.69868508e-01+9.22256866e-02j -1.25628900e-01-3.71650269e-02j
   1.38812916e-01-1.22672050e-01j  1.97538167e-01-2.12551609e-01j
  -2.71349974e-01+1.45795394e-01j  2.20324893e-02+3.11250669e-01j
   1.46602253e-01+1.81045889e-01j -2.64527683e-02-4.06439940e-02j]]
Final objective value: 
0.9312169391594147
Final objective value with norm: 
0.9312169391594147
Final penalty of max controllers: 
0.0
