Rounding result: 
[[-0.01303954-0.20128888j  0.46698461+0.34228117j  0.22165951-0.13238767j
  -0.13247161-0.05556479j  0.2983303 +0.39891368j -0.32344447+0.11200559j
   0.27373789+0.14017887j  0.21171159+0.17912874j]
 [ 0.28603258-0.04698961j  0.04308913-0.03376491j  0.00335526+0.18906671j
  -0.30712929+0.1110762j   0.0175011 +0.0172992j   0.40465256+0.07225883j
  -0.25947058-0.20980915j  0.38940462+0.58138231j]
 [-0.27413542-0.38770558j  0.20614989+0.35695251j -0.11238262+0.35116045j
  -0.13615472+0.03344056j -0.12811937+0.14789573j  0.37068517+0.20436889j
  -0.10977174-0.22134304j -0.20430378-0.35885501j]
 [-0.27946895-0.0667569j  -0.1007208 -0.01696735j  0.13626149-0.25783672j
  -0.79650249-0.00170791j -0.25383696-0.22117895j -0.23007207-0.05801702j
  -0.11512274+0.04720724j -0.04370558-0.02230569j]
 [ 0.13541068+0.00502683j -0.12646693-0.15443884j -0.16423221-0.03195838j
  -0.3045996 +0.01660282j  0.06227777+0.29607344j  0.34555053-0.43681756j
   0.63182547-0.05738865j -0.06370962-0.11151134j]
 [-0.32837735-0.19219951j -0.57067044+0.0881051j   0.12383166-0.40915134j
   0.09808405-0.01867693j  0.3711771 +0.24104133j  0.25804807+0.17117934j
  -0.11492382-0.01028689j -0.0560506 +0.14447313j]
 [ 0.0897145 +0.50836845j -0.26105494+0.12330542j  0.36097889+0.40719596j
  -0.24484773+0.01276427j  0.32625246+0.04597436j -0.01132811+0.24670738j
   0.03019879+0.03221018j  0.11671155-0.32986825j]
 [-0.35500477+0.10777598j -0.05324455+0.1482073j   0.41174179+0.01464019j
   0.23497933+0.01635505j -0.40471543-0.19964982j  0.10160231+0.03127813j
   0.44743209-0.31558379j  0.26887582+0.15902316j]]
Final objective value: 
0.9374686265033433
Final objective value with norm: 
0.9374686265033433
Final penalty of max controllers: 
0.0
