Final evolution
[[ 0.28103024-0.68789204j -0.500843  -0.13045999j -0.20455141-0.30223593j
   0.02694807+0.2145903j ]
 [-0.48332361-0.13064577j -0.3131315 -0.30912608j  0.61793734-0.16670761j
  -0.20092226-0.32513377j]
 [-0.20765842-0.32966325j  0.60774719-0.17025418j -0.31119416-0.29047307j
  -0.50604391-0.11207201j]
 [ 0.00812529+0.21281591j -0.1861855 -0.3248354j  -0.50630647-0.1400412j
   0.28519332-0.67614147j]]

********* Summary *****************
Final fidelity error 0.5929367146296356
Final objective value 0.5942366475704878
Final norm value 0.001299932940852122
Final error 8.61708459293753e-07
Terminate reason Exceed the maximum number of iteration of ADMM
Number of iterations 200
Completed in 0:00:23.145054 HH:MM:SS.US
Time for each iteration [0.6712603569030762, 0.5126593112945557, 0.863745927810669, 0.7021009922027588, 0.9764447212219238, 0.8528833389282227, 1.089785099029541, 1.0387563705444336, 1.2120451927185059, 1.332970142364502, 1.3247742652893066, 1.519441843032837, 1.4374730587005615, 1.670039415359497, 1.5521659851074219, 1.9342544078826904, 1.664567232131958, 2.0449585914611816, 1.779301643371582, 2.1646859645843506, 1.8955011367797852, 2.2863619327545166, 2.055075168609619, 2.4119820594787598, 2.206670045852661, 2.5277059078216553, 2.544264316558838, 2.6443939208984375, 2.6944432258605957, 2.7626187801361084, 2.8111612796783447, 2.876314640045166, 2.9248576164245605, 2.9251840114593506, 3.0754549503326416, 3.0408802032470703, 3.120335578918457, 3.159562587738037, 3.2380213737487793, 3.2802395820617676, 3.356584310531616, 3.396958351135254, 3.4767825603485107, 3.5131752490997314, 3.594755172729492, 3.628772497177124, 3.714663505554199, 3.753781318664551, 3.838092803955078, 3.8725132942199707, 3.9547805786132812, 3.990208625793457, 4.0735182762146, 4.109895944595337, 4.1931657791137695, 4.227580785751343, 4.312845945358276, 4.347260475158691, 4.430069208145142, 4.462951183319092, 4.543561935424805, 4.579492807388306, 4.6620893478393555, 4.702722072601318, 4.779507875442505, 4.818384408950806, 4.895199537277222, 4.936944484710693, 5.012885093688965, 5.05562686920166, 5.128402948379517, 5.172314882278442, 5.24299430847168, 5.288590669631958, 5.364957332611084, 5.402486085891724, 5.480647802352905, 5.519785404205322, 5.597944498062134, 5.635191202163696, 5.713634014129639, 5.751433372497559, 5.834312915802002, 5.872109413146973, 5.9540300369262695, 6.046643972396851, 6.071714639663696, 6.164363622665405, 6.1913909912109375, 6.280054569244385, 6.344054937362671, 6.418683767318726, 6.459773778915405, 6.537338495254517, 6.576462030410767, 6.6500372886657715, 6.693180561065674, 6.768689155578613, 6.808871746063232, 6.884380102157593, 6.925467252731323, 7.002871513366699, 6.972377777099609, 7.119147300720215, 7.088140964508057, 7.16402792930603, 7.2047083377838135, 7.282139539718628, 7.251582860946655, 7.393847465515137, 7.368567705154419, 7.4427170753479, 7.490264654159546, 7.565438985824585, 7.536142110824585, 7.6831395626068115, 7.6518330574035645, 7.728019714355469, 7.766526460647583, 7.845366954803467, 7.812403917312622, 7.962072134017944, 7.930917024612427, 8.010921478271484, 8.05458688735962, 8.127416133880615, 8.102500915527344, 8.250045537948608, 8.214202642440796, 8.294925212860107, 8.330890893936157, 8.407624244689941, 8.376768112182617, 8.524312257766724, 8.492391347885132, 8.572214841842651, 8.60668659210205, 8.691543579101562, 8.652563571929932, 8.806236982345581, 8.76725721359253, 8.851729393005371, 8.881951332092285, 8.965425252914429, 8.92483639717102, 9.104054927825928, 9.064290761947632, 9.149933099746704, 9.183969736099243, 9.266646146774292, 9.235805988311768, 9.385140657424927, 9.351496934890747, 9.433012962341309, 9.467992305755615, 9.550325155258179, 9.513869524002075, 9.665207624435425, 9.632552146911621, 9.711085081100464, 9.752232551574707, 9.834760904312134, 9.801162481307983, 9.946433544158936, 9.923840522766113, 9.99530291557312, 10.044783592224121, 10.118972063064575, 10.092669010162354, 10.238459587097168, 10.216451644897461, 10.28633165359497, 10.335594892501831, 10.401934146881104, 10.387455224990845, 10.522225856781006, 10.507157564163208, 10.568203449249268, 10.627835035324097, 10.68688678741455, 10.676733493804932, 10.800582885742188, 10.790788650512695, 10.845463275909424, 10.90847396850586, 10.958162069320679, 10.95435118675232, 11.073627710342407, 11.068047285079956, 11.119505167007446, 11.183738231658936, 11.242277145385742, 11.229615211486816, 11.357022523880005, 11.347301244735718, 11.401902198791504, 11.4639892578125, 11.518590688705444, 11.508868932723999, 11.636184930801392]
Final objective value with penalty: 
0.5945231675270649
