Final evolution
[[-7.07140138e-01-7.07073413e-01j  5.47083009e-06-2.78778979e-05j
   6.05937519e-05+8.88247452e-05j -3.13838934e-06-3.72443554e-05j]
 [ 2.78683091e-05-5.46828915e-06j -7.07078539e-01-7.07135004e-01j
  -6.60471293e-05+4.77732654e-05j  9.49438222e-06+1.34905753e-04j]
 [ 3.72565976e-05+3.15063941e-06j -1.34893534e-04-9.51912612e-06j
   6.84584137e-05+1.40322612e-04j -7.07038815e-01-7.07174709e-01j]
 [-8.88281278e-05-6.05852712e-05j -4.77904117e-05+6.60518630e-05j
  -7.07169581e-01-7.07043946e-01j -1.40312456e-04-6.84658121e-05j]]

********* Summary *****************
Final fidelity error 1.838713170609907e-08
Final objective value 5.111439784805179e-08
Final norm value 3.2727266119358944e-08
Final error 2.3915094431550947e-14
Terminate reason Exceed the maximum number of iteration of ADMM
Number of iterations 200
Completed in 0:15:58.736475 HH:MM:SS.US
Time for each iteration [19.911680698394775, 14.739158153533936, 42.442535638809204, 35.319623947143555, 64.91531729698181, 68.04987001419067, 98.82324981689453, 102.42388391494751, 132.9262239933014, 139.53160333633423, 164.62252616882324, 171.55202102661133, 195.6801826953888, 205.20964217185974, 210.56715655326843, 225.04355430603027, 222.6895923614502, 236.56973004341125, 232.29930424690247, 245.1531059741974, 239.59088802337646, 253.6358494758606, 244.91967225074768, 259.051367521286, 250.51237416267395, 262.9668915271759, 254.5228750705719, 266.91683650016785, 257.07466197013855, 269.44109559059143, 259.6256592273712, 271.9984760284424, 262.1391851902008, 274.5194191932678, 264.6908378601074, 277.0949935913086, 267.2318947315216, 279.5997612476349, 269.7635633945465, 282.3593382835388, 272.6401300430298, 285.2859117984772, 275.32247972488403, 287.79774808883667, 277.83636951446533, 290.4315323829651, 280.3395757675171, 292.9506344795227, 282.88922691345215, 295.4725606441498, 285.3962254524231, 298.0581724643707, 287.95927596092224, 300.5960373878479, 290.4744486808777, 303.10804510116577, 293.03727889060974, 305.6411108970642, 295.55115580558777, 308.1433935165405, 298.05501079559326, 310.6220791339874, 300.5559720993042, 313.182981967926, 303.09042382240295, 315.69606256484985, 305.631459236145, 318.23801851272583, 308.18115401268005, 320.75529885292053, 310.7009184360504, 323.2466402053833, 313.223650932312, 325.7491571903229, 315.7364909648895, 328.30146837234497, 318.23134565353394, 330.8004062175751, 320.73969554901123, 333.3078818321228, 323.2597687244415, 335.8285174369812, 325.75738406181335, 338.3153862953186, 328.2419788837433, 340.84877252578735, 330.8616750240326, 343.36018228530884, 333.3588297367096, 345.8569860458374, 335.90762853622437, 348.3576760292053, 338.4429717063904, 350.89293241500854, 340.98331212997437, 353.400518655777, 343.4948625564575, 355.9048047065735, 346.0932674407959, 358.4488515853882, 348.62372303009033, 360.94995498657227, 351.12482047080994, 363.4724340438843, 353.6886215209961, 365.99514269828796, 356.23830556869507, 368.5355360507965, 358.77443194389343, 371.05930829048157, 361.35195755958557, 373.5921628475189, 363.90417885780334, 376.09878277778625, 366.41531586647034, 378.66343450546265, 368.95302271842957, 381.15175223350525, 371.48552417755127, 383.6868121623993, 374.0111072063446, 386.20919728279114, 376.6140151023865, 388.7340908050537, 379.14152479171753, 391.25832509994507, 381.6577568054199, 393.7917973995209, 384.2264447212219, 396.29662680625916, 386.7683424949646, 398.8313777446747, 389.2681665420532, 401.3355920314789, 392.27324891090393, 403.85961294174194, 394.77226877212524, 406.387220621109, 397.349990606308, 408.90138840675354, 399.8878724575043, 411.39671659469604, 402.41322660446167, 413.9333028793335, 404.90660977363586, 416.44811749458313, 407.4852457046509, 418.9734663963318, 409.99560618400574, 421.4713091850281, 412.6269328594208, 424.0340700149536, 415.4067795276642, 426.5531384944916, 417.90814447402954, 429.0710434913635, 420.4114918708801, 431.71798634529114, 422.9616267681122, 434.21237325668335, 425.4431674480438, 436.7327206134796, 428.00627183914185, 439.29522490501404, 430.4929139614105, 441.80102920532227, 433.03188490867615, 444.3325779438019, 435.53394055366516, 446.88043236732483, 438.07010316848755, 449.4109802246094, 440.5705769062042, 451.9232895374298, 443.1125633716583, 454.48938846588135, 445.6743700504303, 457.03497529029846, 448.18878388404846, 459.5461061000824, 450.688618183136, 462.12870025634766, 453.21002221107483, 464.63785886764526, 455.7423095703125, 467.1520450115204, 458.2704999446869, 469.7396912574768, 460.81024146080017, 472.25188159942627, 463.32989740371704, 474.75005984306335, 465.8529977798462, 477.3344888687134, 468.73420906066895, 479.95700001716614, 471.23556900024414, 482.43236780166626, 473.731938123703, 485.0045373439789]
Final objective value with penalty: 
0.0001594848526681609
Final TV norm without penalty
31.89329310729096
