Final evolution
[[ 0.67154526+0.65657389j  0.05919062-0.06250913j  0.22411208+0.1088768j
  -0.0960337 -0.1980503j ]
 [ 0.09427842-0.02077805j  0.69310902+0.6493565j  -0.15630403+0.09704582j
  -0.13180235+0.19337832j]
 [ 0.20994179+0.0893969j  -0.20107226+0.12638447j  0.03220436+0.06931383j
   0.67554791+0.65522748j]
 [-0.10849616-0.21160995j -0.10933055+0.14889206j  0.62987642+0.70815602j
  -0.10527251+0.00403069j]]

********* Summary *****************
Final fidelity error 0.05611983052024172
Final objective value 0.056612488898360736
Final norm value 0.0004926583781190708
Final error 2.1615765938565975e-06
Terminate reason Exceed the maximum number of iteration of ADMM
Number of iterations 200
Completed in 0:04:18.209430 HH:MM:SS.US
Time for each iteration [26.52545142173767, 6.611124753952026, 32.81457877159119, 11.217479705810547, 36.75314521789551, 15.077022075653076, 39.22223138809204, 17.288898229599, 42.05385088920593, 19.455235958099365, 44.20321750640869, 21.648585557937622, 46.33854556083679, 23.803868532180786, 48.150620460510254, 25.60780119895935, 49.61979842185974, 27.124109983444214, 51.81312084197998, 28.59021258354187, 53.612969398498535, 30.05795669555664, 55.08541178703308, 31.190967321395874, 56.88763999938965, 32.29923391342163, 58.37242126464844, 33.479161739349365, 59.853516578674316, 34.627097606658936, 60.9726779460907, 35.763232946395874, 62.099207639694214, 36.89569854736328, 63.21325349807739, 38.02276611328125, 64.34188580513, 39.165767192840576, 65.47237753868103, 40.29971480369568, 66.60595679283142, 41.43817710876465, 67.38490724563599, 42.55427956581116, 68.5138647556305, 43.66947269439697, 69.30102038383484, 44.85036754608154, 70.48491215705872, 45.66075658798218, 71.6707501411438, 46.8518271446228, 72.50352454185486, 48.030792236328125, 73.68892979621887, 48.84262228012085, 74.8724045753479, 49.99955749511719, 76.035489320755, 51.149787187576294, 76.8413999080658, 52.35287809371948, 78.06623768806458, 53.18964171409607, 79.23857808113098, 54.36302042007446, 80.06237530708313, 55.557433128356934, 81.26223015785217, 56.36629891395569, 82.48204565048218, 57.54123306274414, 83.29593896865845, 58.71410512924194, 84.4529812335968, 59.540027141571045, 85.66481423377991, 60.706082582473755, 86.47467064857483, 61.87603950500488, 87.63710236549377, 62.69236183166504, 88.81844329833984, 63.857797384262085, 89.65723705291748, 65.06076145172119, 90.84112882614136, 65.88169169425964, 92.02253603935242, 67.0909674167633, 92.88523173332214, 68.2538914680481, 94.03524136543274, 69.07044553756714, 95.23020076751709, 70.24600315093994, 96.05812478065491, 71.40217280387878, 97.20783185958862, 72.23597693443298, 98.412921667099, 73.41780209541321, 99.21890306472778, 74.58271384239197, 100.429682970047, 75.04353213310242, 101.59358501434326, 76.22357058525085, 102.06233501434326, 77.39982676506042, 103.21335554122925, 77.85657811164856, 104.37026405334473, 79.02312302589417, 104.84004521369934, 80.19009804725647, 106.00099515914917, 80.64585185050964, 107.1740050315857, 81.83268857002258, 107.67826199531555, 83.03046798706055, 108.85026121139526, 83.50420188903809, 110.16093564033508, 84.73514652252197, 110.62080454826355, 85.92060708999634, 111.7878577709198, 86.3799295425415, 112.97378158569336, 87.595871925354, 113.43158650398254, 88.76983547210693, 114.59965062141418, 89.2266776561737, 115.81808972358704, 90.41603446006775, 116.2919225692749, 91.58413362503052, 117.12983512878418, 92.7501232624054, 118.28615045547485, 93.22384929656982, 118.74794030189514, 94.37430453300476, 119.92189335823059, 94.8300633430481, 120.73580265045166, 95.98401021957397, 121.9176595211029, 96.44875955581665, 122.39835000038147, 97.70135736465454, 123.59215950965881, 98.16216039657593, 124.40119814872742, 99.35407257080078, 125.23320746421814, 100.5421450138092, 126.3974347114563, 101.0029685497284, 126.86323308944702, 102.17722225189209, 127.69711875915527, 103.39207553863525, 128.8820972442627, 103.85437774658203, 129.34390211105347, 104.32122135162354, 130.56006240844727, 105.50779628753662, 131.01090049743652, 105.96557235717773, 131.87966895103455, 107.3392870426178, 133.0367259979248, 107.78409838676453, 133.49354887008667, 108.2398796081543, 134.66549015045166, 109.43643641471863, 135.13327026367188, 109.88723230361938, 136.29322743415833, 111.04861664772034, 136.76210641860962, 111.51437139511108, 138.01571917533875, 112.69886493682861, 138.47449254989624, 113.15768265724182, 139.63740706443787, 114.35568237304688, 140.11737871170044, 114.82792329788208, 141.2977261543274, 116.00191903114319, 141.74903869628906, 116.46039080619812]
Final objective value with penalty: 
0.06851823886773495
