Final evolution
[[-7.08012486e-01-7.06194643e-01j  3.45824677e-04-5.23694318e-04j
   1.81375160e-03+1.03565733e-03j  7.06507690e-05-1.63853067e-03j]
 [ 5.17350667e-04-3.49838421e-04j -7.06452183e-01-7.07752574e-01j
  -1.56198422e-03+4.56158207e-04j -5.88679285e-04+2.86749083e-03j]
 [ 1.63936711e-03-6.37057214e-05j -2.86582089e-03+5.75794459e-04j
   1.20580284e-03+3.04946674e-03j -7.05336766e-01-7.08856866e-01j]
 [-1.03789911e-03-1.81302221e-03j -4.61156852e-04+1.56715536e-03j
  -7.08600249e-01-7.05597565e-01j -3.04343259e-03-1.21159248e-03j]]

********* Summary *****************
Final fidelity error 9.000908387735151e-06
Final objective value 2.007838061168888e-05
Final norm value 1.1077472223952611e-05
Final error 5.349020529568004e-08
Terminate reason Exceed the maximum number of iteration of ADMM
Number of iterations 200
Completed in 0:34:04.062783 HH:MM:SS.US
Time for each iteration [10.710983037948608, 9.718892574310303, 23.872454404830933, 23.434136152267456, 36.71204710006714, 37.7297248840332, 51.37334370613098, 51.76041531562805, 65.92667245864868, 65.43270421028137, 81.4798333644867, 82.12971305847168, 95.33684945106506, 93.25320196151733, 105.70896816253662, 103.87895488739014, 118.87644958496094, 118.19432377815247, 132.78144598007202, 133.0917944908142, 147.51288509368896, 147.00069403648376, 161.09894561767578, 161.73690843582153, 175.50399112701416, 176.72144079208374, 190.7534840106964, 191.2374620437622, 204.46529269218445, 204.9444077014923, 219.6554741859436, 218.3024718761444, 233.00125765800476, 231.76508617401123, 247.3830337524414, 244.18996381759644, 259.8029434680939, 256.35557103157043, 271.8647186756134, 270.25438475608826, 285.761750459671, 282.9100797176361, 298.9393837451935, 295.94352173805237, 311.58302092552185, 308.80275440216064, 323.50990176200867, 321.35205364227295, 333.6256375312805, 337.1414771080017, 347.1789140701294, 349.8065404891968, 358.13414883613586, 363.6137158870697, 368.44160056114197, 373.4124069213867, 378.34953808784485, 383.98728036880493, 388.5046730041504, 394.42670607566833, 402.2199282646179, 404.5917158126831, 414.8829207420349, 417.0269730091095, 423.1094515323639, 429.64855194091797, 433.73428082466125, 440.9379107952118, 445.497189283371, 451.54944491386414, 458.4896502494812, 461.11890983581543, 470.8749282360077, 471.3495771884918, 481.77743005752563, 482.3742618560791, 491.37695384025574, 491.9094054698944, 499.6370165348053, 503.62700033187866, 507.74298191070557, 514.2444274425507, 518.2493588924408, 527.0441856384277, 526.5912473201752, 539.3841903209686, 534.8176500797272, 548.134557723999, 545.6981387138367, 558.539183139801, 556.5882461071014, 566.8682827949524, 566.6596665382385, 578.4405274391174, 574.3400683403015, 590.7296223640442, 583.1095869541168, 601.6741735935211, 591.9160223007202, 613.8714549541473, 600.7831101417542, 625.1817688941956, 608.1119847297668, 633.376946926117, 620.9072270393372, 642.2749381065369, 633.2956664562225, 650.7752244472504, 644.6744704246521, 658.7362804412842, 652.4195594787598, 668.8924100399017, 660.0157425403595, 676.7771482467651, 668.4460718631744, 685.1507313251495, 676.5797581672668, 696.7101080417633, 684.4311003684998, 706.7556941509247, 692.4825232028961, 714.7836244106293, 704.9950339794159, 723.9245190620422, 717.6615672111511, 731.6991021633148, 725.1280560493469, 742.5548319816589, 735.6382358074188, 750.7997529506683, 747.2851257324219, 759.2421233654022, 755.8054223060608, 767.3965022563934, 763.9093487262726, 775.6659805774689, 771.4367401599884, 783.4124848842621, 781.3086788654327, 790.8430087566376, 789.075649023056, 801.6533041000366, 795.7830379009247, 809.7243773937225, 804.0612645149231, 817.2412493228912, 814.5508525371552, 825.1769082546234, 823.0050542354584, 833.7768745422363, 831.1858773231506, 839.969560623169, 839.3751537799835, 848.3805642127991, 847.8870623111725, 856.9566686153412, 856.5934572219849, 864.0537798404694, 863.9421327114105, 874.0705683231354, 869.8966455459595, 884.3583896160126, 875.9560377597809, 893.8013498783112, 882.4351923465729, 904.2688109874725, 888.3940305709839, 912.731175661087, 894.6271481513977, 923.5786921977997, 901.2546117305756, 932.5885813236237, 907.5468986034393, 943.2198104858398, 913.6621911525726, 953.2192144393921, 919.9395816326141, 963.2456879615784, 925.9065816402435, 973.450808763504, 932.2397975921631, 983.6309423446655, 938.1235599517822, 993.071231842041, 943.939019203186, 1002.5492486953735, 949.7848207950592, 1010.1594009399414, 955.6542563438416, 1017.8255350589752, 961.4785709381104, 1025.347312927246, 967.3065683841705, 1033.530995130539, 973.2127726078033, 1042.0492854118347, 979.0403952598572, 1050.5029230117798, 984.9582755565643, 1059.1045076847076]
Final objective value with penalty: 
0.0026535310504395425
Final TV norm without penalty
26.44530142051807
