Final evolution
[[ 0.44229244+0.74907338j  0.10042766+0.0150169j   0.11503277-0.2260951j
  -0.31898299-0.25856057j]
 [ 0.07542188+0.12816864j  0.67208504+0.42913585j -0.29058636-0.12031837j
   0.44393456+0.21455449j]
 [ 0.30262346+0.24821996j -0.26538534-0.22138211j  0.40647569+0.16447763j
   0.60369984+0.41308304j]
 [ 0.21244346-0.15107772j  0.19293822+0.44403641j  0.43984861+0.6715574j
  -0.16700179-0.15907253j]]

********* Summary *****************
Final fidelity error 0.2182898181569657
Final objective value 4.388238083948092
Final norm value 4.169948265791127
Final error 0.44923325277422776
Terminate reason Exceed the maximum number of iteration of ADMM
Number of iterations 200
Completed in 0:29:48.397249 HH:MM:SS.US
Time for each iteration [5.132417678833008, 4.499208450317383, 9.04175353050232, 10.478135585784912, 11.52433180809021, 16.277919054031372, 21.897473573684692, 24.931918144226074, 30.94191837310791, 28.252886056900024, 44.00658702850342, 34.271626234054565, 51.52105736732483, 37.452144145965576, 58.59124517440796, 62.24666976928711, 61.13993501663208, 71.27286195755005, 75.01436972618103, 76.90570163726807, 78.36660814285278, 92.69938039779663, 81.75696635246277, 105.77369165420532, 92.40955400466919, 118.60542631149292, 97.09191155433655, 122.8778326511383, 99.73512244224548, 126.54862475395203, 101.86854219436646, 129.37678408622742, 103.66445136070251, 153.55223298072815, 121.50190997123718, 162.82189965248108, 131.81664109230042, 175.07179260253906, 144.7317876815796, 201.57978892326355, 151.68011593818665, 204.23580646514893, 161.7130091190338, 220.01036882400513, 176.87854766845703, 226.9497001171112, 193.3158233165741, 235.51944184303284, 197.97995710372925, 239.3828535079956, 213.8542034626007, 247.74879717826843, 222.8555247783661, 253.0957133769989, 228.02437686920166, 264.57484674453735, 251.16991329193115, 267.56711316108704, 267.7987494468689, 277.06944131851196, 282.1734764575958, 281.5670826435089, 292.4174053668976, 289.6309494972229, 299.17004466056824, 299.7508144378662, 313.0604588985443, 308.8186559677124, 328.18717312812805, 321.0554189682007, 356.5932424068451, 336.5144808292389, 361.28354239463806, 338.94842195510864, 363.0438280105591, 340.9231173992157, 365.0963568687439, 342.8688852787018, 366.61124777793884, 344.6195204257965, 375.2876980304718, 355.32507848739624, 379.09308886528015, 358.7205865383148, 380.8842360973358, 365.4216740131378, 383.37272596359253, 367.4804222583771, 397.08956503868103, 377.0541536808014, 406.6274936199188, 379.7179856300354, 410.6507444381714, 392.6848497390747, 421.46212100982666, 402.48828506469727, 427.5414958000183, 408.82975459098816, 445.8345425128937, 422.9570093154907, 456.64461874961853, 432.21960520744324, 472.9937250614166, 440.81009554862976, 491.2720904350281, 447.6088318824768, 504.19323563575745, 454.14908027648926, 511.53732657432556, 465.96916604042053, 524.3061683177948, 473.63103008270264, 529.9267542362213, 478.65106868743896, 547.2258214950562, 486.69866704940796, 556.5604112148285, 491.4149475097656, 600.1879551410675, 499.25806975364685, 612.3560361862183, 509.43343114852905, 614.8061130046844, 512.9859192371368, 616.8158848285675, 514.9765436649323, 629.1193494796753, 525.9888894557953, 633.4384372234344, 532.7960977554321, 647.7519452571869, 548.6173930168152, 654.3561656475067, 556.4564199447632, 657.6746501922607, 565.3190085887909, 666.1926562786102, 568.845235824585, 671.0399000644684, 571.0951697826385, 694.140816450119, 578.7664275169373, 698.0422112941742, 580.5528016090393, 700.5752749443054, 582.3177027702332, 703.4670057296753, 584.0711963176727, 721.5206353664398, 592.2568352222443, 730.6812739372253, 598.1539781093597, 733.4034578800201, 608.2106325626373, 742.6407837867737, 619.5191609859467, 750.5101599693298, 628.1128396987915, 762.4850451946259, 643.3010854721069, 781.9969792366028, 653.6548743247986, 793.6458213329315, 663.9355871677399, 807.1000454425812, 672.94784116745, 814.4018080234528, 679.5816915035248, 825.3590760231018, 698.8595173358917, 835.1372535228729, 707.1669137477875, 844.2817814350128, 718.586772441864, 854.3446905612946, 729.9061620235443, 876.7601699829102, 737.9762778282166, 879.6338827610016, 740.4149630069733, 882.3546245098114, 742.8984813690186, 884.1082034111023, 744.8880803585052, 899.97780585289, 751.2020432949066, 902.6947128772736, 767.4431116580963, 913.8571054935455, 774.9304411411285, 916.5276656150818, 783.7153117656708, 927.8547236919403, 792.6615517139435, 948.3787219524384, 802.8744833469391, 956.673406124115, 813.0001122951508, 962.8668999671936, 825.5303492546082]
Final objective value with penalty: 
1.081045542107912
Final TV norm without penalty
8.627557239509462
