Final evolution
[[ 0.30038907-0.74214522j -0.50021698-0.11341016j -0.17253205-0.17127052j
   0.09705892+0.16548911j]
 [-0.36558775-0.09745799j -0.28745434-0.37931814j  0.67491142-0.21006455j
  -0.14387282-0.33166754j]
 [-0.21625204-0.38442717j  0.56966646-0.24391358j -0.25838016-0.25494835j
  -0.53818723+0.00571281j]
 [-0.04098712+0.14001882j -0.0610193 -0.35024532j -0.52800696-0.17526052j
   0.34018072-0.65352056j]]

********* Summary *****************
Final fidelity error 0.583461806062155
Final objective value 0.5834624837293135
Final norm value 6.776671585551064e-07
Final error 0.0
Terminate reason Exceed the maximum number of iteration of ADMM
Number of iterations 200
Completed in 0:00:15.821013 HH:MM:SS.US
Time for each iteration [0.37491893768310547, 0.23092198371887207, 0.6404850482940674, 0.480863094329834, 0.8904268741607666, 0.692889928817749, 1.1200003623962402, 0.9292762279510498, 1.3386943340301514, 1.069868803024292, 1.4949066638946533, 1.2417044639587402, 1.7604691982269287, 1.5660347938537598, 2.102128267288208, 1.7691128253936768, 2.259385824203491, 1.8940834999084473, 2.394183397293091, 2.0211246013641357, 2.527956247329712, 2.1460957527160645, 2.6373062133789062, 2.2575154304504395, 2.7466564178466797, 2.3409221172332764, 2.812167167663574, 2.4190292358398438, 2.8902740478515625, 2.497135877609253, 2.9683806896209717, 2.575242757797241, 3.0564184188842773, 2.6533491611480713, 3.137678623199463, 2.725573778152466, 3.2157857418060303, 2.8193018436431885, 3.2845442295074463, 2.9130301475524902, 3.362651824951172, 2.9911365509033203, 3.4415814876556396, 3.062695264816284, 3.50406813621521, 3.1429128646850586, 3.5821774005889893, 3.221019744873047, 3.644662857055664, 3.299126386642456, 3.7227694988250732, 3.3772332668304443, 3.785254955291748, 3.4650890827178955, 3.8477394580841064, 3.543195962905884, 3.927995204925537, 3.6213035583496094, 4.006101131439209, 3.6837894916534424, 4.084206819534302, 3.7618963718414307, 4.16231369972229, 3.8400092124938965, 4.224793195724487, 3.9181158542633057, 4.3028998374938965, 3.996222734451294, 4.365385055541992, 4.074333667755127, 4.443487644195557, 4.146589994430542, 4.521594524383545, 4.22469687461853, 4.586172580718994, 4.3028035163879395, 4.664279460906982, 4.380910396575928, 4.726764678955078, 4.443395614624023, 4.7736289501190186, 4.505880832672119, 4.82049298286438, 4.568366765975952, 4.867356777191162, 4.630852460861206, 4.914220571517944, 4.693337678909302, 4.961085319519043, 4.755822658538818, 5.007948875427246, 4.818308353424072, 5.054814100265503, 4.884490251541138, 5.107727527618408, 4.931354761123657, 5.171662092208862, 4.982378005981445, 5.234149932861328, 5.0292418003082275, 5.296635389328003, 5.076105833053589, 5.359120607376099, 5.138591527938843, 5.405984401702881, 5.201076984405518, 5.452848672866821, 5.263562440872192, 5.499712944030762, 5.32604718208313, 5.54658055305481, 5.388529300689697, 5.609066724777222, 5.435392141342163, 5.671553373336792, 5.482260704040527, 5.734033584594727, 5.529158592224121, 5.789767265319824, 5.591634511947632, 5.836631774902344, 5.6541197299957275, 5.883496522903442, 5.716604471206665, 5.946024656295776, 5.767514705657959, 5.992888450622559, 5.829999923706055, 6.055375576019287, 5.876863479614258, 6.117861270904541, 5.92372727394104, 6.18034815788269, 5.970590829849243, 6.242833375930786, 6.017452955245972, 6.30531907081604, 6.079939842224121, 6.3521809577941895, 6.142425775527954, 6.399044990539551, 6.204939842224121, 6.455658197402954, 6.251806259155273, 6.518143653869629, 6.314290761947632, 6.565008878707886, 6.377832412719727, 6.611872911453247, 6.440317869186401, 6.6587371826171875, 6.502805709838867, 6.705599308013916, 6.565290689468384, 6.752463102340698, 6.627776145935059, 6.8149495124816895, 6.6746392250061035, 6.885552406311035, 6.721503973007202, 6.948037385940552, 6.768367767333984, 7.0126566886901855, 6.815231800079346, 7.075141906738281, 6.862095832824707, 7.137627363204956, 6.917887210845947, 7.18449068069458, 6.9803736209869385, 7.246975660324097, 7.027237892150879, 7.309460639953613, 7.0782012939453125, 7.356324911117554, 7.140686511993408, 7.403188705444336, 7.203172206878662, 7.450052738189697, 7.265657424926758, 7.496917486190796, 7.3281426429748535, 7.559405565261841, 7.375004291534424, 7.621890544891357, 7.42186975479126, 7.684375286102295, 7.468733072280884, 7.746860504150391, 7.515597105026245, 7.8093485832214355, 7.562458515167236, 7.865934610366821, 7.624941825866699, 7.912798881530762, 7.689512491226196, 7.959665298461914, 7.751999139785767, 8.006528377532959, 7.814484357833862]
Final objective value with penalty: 
0.583661806062155
Final TV norm without penalty
1.9999999999997797
