Final evolution
[[ 0.30036467-0.74209731j -0.50024002-0.11342079j -0.17254864-0.1714148j
   0.09699352+0.16554299j]
 [-0.36572649-0.09747241j -0.28748909-0.379243j    0.67487093-0.2100192j
  -0.14391443-0.33165922j]
 [-0.21624069-0.38438945j  0.56969655-0.24384193j -0.25842509-0.25500027j
  -0.53817464+0.00557375j]
 [-0.04093329+0.1400896j  -0.06115433-0.35023922j -0.52799265-0.17521471j
   0.34013068-0.6535493j ]]

********* Summary *****************
Final fidelity error 0.5834624811170765
Final objective value 0.5834627980580551
Final norm value 3.1694097862855486e-07
Final error 0.0
Terminate reason Exceed the maximum number of iteration of ADMM
Number of iterations 200
Completed in 0:00:25.602080 HH:MM:SS.US
Time for each iteration [0.58111572265625, 0.40359067916870117, 1.0177810192108154, 0.8253681659698486, 1.4239356517791748, 1.184659719467163, 1.823782205581665, 1.5939204692840576, 2.2143161296844482, 1.821742057800293, 2.4360899925231934, 2.056061267852783, 2.7722816467285156, 2.3804819583892822, 3.1124391555786133, 2.61480450630188, 3.3311355113983154, 2.849126100540161, 3.549833297729492, 3.076627254486084, 3.7873029708862305, 3.310948133468628, 3.974759101867676, 3.5140249729156494, 4.17783784866333, 3.6389946937561035, 4.311807155609131, 3.7795896530151367, 4.439908266067505, 3.904559373855591, 4.564878940582275, 4.029541254043579, 4.705460548400879, 4.154512166976929, 4.830437421798706, 4.295097589492798, 4.955409526824951, 4.413494348526001, 5.099152326583862, 4.538468360900879, 5.224123477935791, 4.663439512252808, 5.358188152313232, 4.79155969619751, 5.483161449432373, 4.932152032852173, 5.608146667480469, 5.066189765930176, 5.733120441436768, 5.201477289199829, 5.855582237243652, 5.329518556594849, 5.984348297119141, 5.455585241317749, 6.102851867675781, 5.580556154251099, 6.227823495864868, 5.689905405044556, 6.361700057983398, 5.814876317977905, 6.489757061004639, 5.939846754074097, 6.630349397659302, 6.064817428588867, 6.755320072174072, 6.205410003662109, 6.8893351554870605, 6.317882299423218, 7.029928207397461, 6.43612003326416, 7.173645973205566, 6.561092376708984, 7.298616886138916, 6.701684951782227, 7.417095422744751, 6.842277526855469, 7.545186758041382, 6.967248439788818, 7.670157194137573, 7.06097674369812, 7.759545803070068, 7.139083623886108, 7.85435938835144, 7.232797622680664, 7.948099851608276, 7.310892820358276, 8.041827201843262, 7.404621362686157, 8.119961500167847, 7.498321533203125, 8.213689804077148, 7.592049837112427, 8.291797399520874, 7.685778617858887, 8.385523796081543, 7.77265477180481, 8.479251861572266, 7.853873252868652, 8.57298231124878, 7.931979656219482, 8.666710376739502, 8.025707960128784, 8.760438680648804, 8.103814363479614, 8.854171752929688, 8.197537660598755, 8.932278633117676, 8.291265487670898, 9.026006937026978, 8.369372367858887, 9.113094806671143, 8.4631028175354, 9.206822395324707, 8.544331789016724, 9.300549745559692, 8.638060569763184, 9.388520240783691, 8.731788873672485, 9.468701839447021, 8.824853658676147, 9.560762166976929, 8.918581485748291, 9.641997575759888, 9.012312650680542, 9.735724925994873, 9.108683347702026, 9.82090425491333, 9.202411413192749, 9.902131795883179, 9.296139478683472, 9.995859861373901, 9.37424635887146, 10.089587926864624, 9.46797513961792, 10.167693853378296, 9.561703443527222, 10.261421918869019, 9.655431985855103, 10.34861946105957, 9.733539342880249, 10.445476293563843, 9.821430444717407, 10.523583173751831, 9.91515851020813, 10.622732877731323, 9.99743366241455, 10.716460704803467, 10.091161966323853, 10.810189247131348, 10.184889793395996, 10.888295888900757, 10.278617858886719, 10.982024192810059, 10.372345924377441, 11.075752258300781, 10.450454473495483, 11.16947889328003, 10.544182062149048, 11.263207197189331, 10.63791036605835, 11.356935501098633, 10.731637954711914, 11.435042381286621, 10.825366020202637, 11.528769969940186, 10.91909670829773, 11.622496366500854, 11.010173559188843, 11.700604915618896, 11.103902578353882, 11.794332027435303, 11.197420597076416, 11.888060569763184, 11.291148662567139, 11.985967874526978, 11.384876489639282, 12.07969617843628, 11.478604316711426, 12.17342495918274, 11.57233190536499, 12.267152786254883, 11.666060209274292, 12.360881328582764, 11.759788036346436, 12.454609394073486, 11.853516340255737, 12.548337697982788, 11.94724440574646, 12.642065525054932, 12.040972709655762, 12.73582649230957, 12.13466763496399, 12.829555034637451, 12.228395700454712, 12.923283100128174, 12.319453716278076, 13.017057180404663, 12.41313624382019, 13.113309621810913, 12.488770723342896]
Final objective value with penalty: 
0.5834624811170765
Final TV norm without penalty
0.0
