Final evolution
[[-0.07434026-0.64243777j  0.1008202 +0.49670796j  0.25262092+0.24943704j
  -0.43995911-0.07255029j]
 [-0.21818699+0.28111779j -0.60959331-0.19499047j  0.55473463+0.0285827j
  -0.38486028-0.08412501j]
 [ 0.14831198+0.37938397j  0.36517682-0.06487336j -0.29948491-0.06019604j
  -0.73179761-0.26012724j]
 [-0.01815394-0.5374535j  -0.18768323-0.40087847j -0.18286877-0.66231457j
  -0.16843312-0.12005975j]]

********* Summary *****************
Final fidelity error 0.4056166885326027
Final objective value 0.8890653091040333
Final norm value 0.48344862057143057
Final error 1.294702933573028e-07
Terminate reason Exceed the maximum number of iteration of ADMM
Number of iterations 200
Completed in 0:03:13.252105 HH:MM:SS.US
Time for each iteration [11.222457647323608, 7.833165884017944, 19.819875717163086, 16.885369777679443, 25.737095832824707, 23.341906547546387, 34.02395439147949, 27.01751732826233, 38.188451051712036, 30.12369465827942, 41.848188161849976, 33.39332675933838, 45.41509556770325, 36.83506512641907, 47.97831916809082, 41.36499261856079, 49.87724566459656, 43.239951372146606, 51.32189869880676, 45.387366771698, 52.710179805755615, 46.89894461631775, 53.53400659561157, 48.397106647491455, 54.17166042327881, 49.199379205703735, 54.98482418060303, 49.83179068565369, 55.45569372177124, 51.14533591270447, 56.06497001647949, 51.78913760185242, 56.86532688140869, 52.433146476745605, 57.49743342399597, 53.589598655700684, 58.130881786346436, 54.23332762718201, 59.41970205307007, 54.86123061180115, 60.215463399887085, 55.50687789916992, 60.834065437316895, 56.13327980041504, 61.62894344329834, 56.77783727645874, 62.12014651298523, 57.23175501823425, 62.76107311248779, 57.903406858444214, 63.40879774093628, 58.55608773231506, 64.04246306419373, 59.187190771102905, 64.66731715202332, 59.79464316368103, 65.29217100143433, 60.430885553359985, 65.91702699661255, 61.04011654853821, 66.55721783638, 61.65048694610596, 67.21331524848938, 62.28796744346619, 67.83816909790039, 62.91282105445862, 68.4429063796997, 63.53767538070679, 69.06536507606506, 64.14690804481506, 69.70211601257324, 64.76935720443726, 70.32696962356567, 65.40385127067566, 70.92855739593506, 66.02896857261658, 71.54733800888062, 66.65488457679749, 72.18826270103455, 67.26242661476135, 72.82873868942261, 67.73106646537781, 73.27302551269531, 68.02946543693542, 73.72333407402039, 68.48657083511353, 74.33256649971008, 68.76775527000427, 74.96324634552002, 69.23449492454529, 75.61956071853638, 69.85934948921204, 75.91636633872986, 70.1405336856842, 76.38500690460205, 70.7490234375, 77.03366780281067, 71.0458312034607, 77.33047366142273, 71.53009486198425, 77.98544549942017, 72.007568359375, 78.62592220306396, 72.65068769454956, 78.9167857170105, 72.93187189102173, 79.19797039031982, 73.36926984786987, 79.81125855445862, 73.83791041374207, 80.41743445396423, 74.45675849914551, 80.71424007415771, 74.74699687957764, 80.99849843978882, 75.0281810760498, 81.62335252761841, 75.68076992034912, 81.91365027427673, 75.98075866699219, 82.21045541763306, 76.27756428718567, 82.83530950546265, 76.8952624797821, 83.11649417877197, 77.17644667625427, 83.41329979896545, 77.78567934036255, 84.03619027137756, 78.08248496055603, 84.32440567016602, 78.3814070224762, 84.9492597579956, 79.01827216148376, 85.25507140159607, 79.30253624916077, 85.87992548942566, 79.92739033699036, 86.1767315864563, 80.20857429504395, 86.81817173957825, 80.84920835494995, 87.11906433105469, 81.31784915924072, 87.7579824924469, 81.78508448600769, 88.41407942771912, 82.4255599975586, 88.7108850479126, 82.73533916473389, 89.00838923454285, 83.37866020202637, 89.48037147521973, 83.99944138526917, 90.12084698677063, 84.29019260406494, 90.42196893692017, 84.5869972705841, 90.90219759941101, 85.2275881767273, 91.38645958900452, 85.86806464195251, 92.05411720275879, 86.164870262146, 92.34718251228333, 86.46167588233948, 92.64398837089539, 86.92665719985962, 93.25699424743652, 87.39529752731323, 93.89128112792969, 88.0052273273468, 94.18808698654175, 88.29617261886597, 94.48899340629578, 88.57735919952393, 94.78579902648926, 89.19564819335938, 95.25247502326965, 89.82198143005371, 95.88912296295166, 90.11878705024719, 96.18071699142456, 90.43429040908813, 96.48884463310242, 90.73109602928162, 97.12276196479797, 91.34343457221985, 97.43518924713135, 91.64024019241333, 97.7253828048706, 91.9401490688324, 98.20964622497559, 92.57414817810059, 98.52413821220398, 93.21462368965149, 99.14899230003357, 93.51142954826355, 99.44386792182922, 93.80823707580566]
Final objective value with penalty: 
0.47356316172639457
Final TV norm without penalty
1.3589294638758376
