Final evolution
[[ 0.65632722+0.64871089j  0.15317147-0.11145353j  0.19221625+0.06683144j
  -0.14890684-0.22122069j]
 [ 0.19221117-0.0559199j   0.5585724 +0.71995047j -0.28663559+0.03951064j
  -0.02837901+0.21229604j]
 [ 0.2251135 +0.1100514j  -0.19838463+0.05387339j  0.21265622+0.08648408j
   0.74557451+0.53513577j]
 [-0.05029023-0.20741283j -0.07895779+0.29204738j  0.61163616+0.66937617j
  -0.16737511-0.11290316j]]

********* Summary *****************
Final fidelity error 0.09043375110331686
Final objective value 0.12999273041349102
Final norm value 0.03955897931017416
Final error 2.776082733994414e-06
Terminate reason Exceed the maximum number of iteration of ADMM
Number of iterations 200
Completed in 0:04:12.689368 HH:MM:SS.US
Time for each iteration [26.846672773361206, 7.668129205703735, 34.966551542282104, 13.346397161483765, 37.635289907455444, 15.978536128997803, 40.643470764160156, 18.993261098861694, 45.1523962020874, 21.24933695793152, 46.731319189071655, 23.53976058959961, 48.28664469718933, 25.05970573425293, 49.85296440124512, 26.647261381149292, 51.44475340843201, 28.17542266845703, 52.995805978775024, 29.715856313705444, 54.558958768844604, 31.279719352722168, 56.09989643096924, 32.45741868019104, 58.00287389755249, 33.67529249191284, 59.18389844894409, 34.8602340221405, 60.37830185890198, 36.05212450027466, 61.91144847869873, 37.24598693847656, 62.73129725456238, 38.421908378601074, 63.905232667922974, 39.617846727371216, 65.07732796669006, 40.80874562263489, 66.32275915145874, 42.002726316452026, 67.49968695640564, 43.16460728645325, 68.33454275131226, 44.33652377128601, 69.5164430141449, 45.54037046432495, 70.33882856369019, 46.713297605514526, 71.22600412368774, 47.944005489349365, 72.45189094543457, 49.18858361244202, 73.2712152004242, 50.408387660980225, 74.0913758277893, 51.5747766494751, 75.26774024963379, 52.95960068702698, 76.12672686576843, 54.12351107597351, 76.96554040908813, 55.31134295463562, 78.15538811683655, 56.14112663269043, 79.31129813194275, 56.97692084312439, 80.54800415039062, 58.18317461013794, 81.358957529068, 59.37206816673279, 82.54280018806458, 60.20030355453491, 83.97900342941284, 61.14078116416931, 85.22204804420471, 61.96311855316162, 86.46877241134644, 63.24082899093628, 87.31257367134094, 64.11949229240417, 88.52374029159546, 65.31529498100281, 89.36654210090637, 66.15307283401489, 90.57234120368958, 67.33489155769348, 91.39224791526794, 68.53388214111328, 92.24801278114319, 69.71189618110657, 93.4335069656372, 70.54071712493896, 94.62839698791504, 71.39105534553528, 95.89164853096008, 72.5639054775238, 96.7294499874115, 73.39283919334412, 97.89741015434265, 74.5906126499176, 98.73425340652466, 75.40346336364746, 99.9281222820282, 76.58231735229492, 100.74998950958252, 77.40611982345581, 101.92902302742004, 78.59851431846619, 102.7778856754303, 79.43879675865173, 103.954993724823, 80.62279891967773, 104.7818193435669, 81.44459676742554, 105.96770524978638, 82.6164927482605, 106.77659511566162, 83.43834066390991, 108.00950813293457, 84.2703046798706, 109.17639923095703, 85.45239567756653, 109.6411988735199, 85.92614984512329, 110.12294912338257, 87.20344948768616, 111.30991673469543, 87.66221833229065, 111.77564811706543, 88.84458684921265, 112.94852662086487, 89.30835914611816, 113.42327165603638, 90.52231812477112, 114.62454438209534, 91.00147891044617, 115.08638978004456, 92.19429039955139, 115.94615149497986, 93.37828850746155, 117.12016606330872, 93.84308528900146, 117.62242603302002, 94.31782269477844, 118.09864473342896, 95.50177669525146, 118.92444038391113, 96.69370341300964, 120.10731673240662, 97.15448141098022, 120.57468390464783, 97.62130689620972, 121.10191607475281, 98.47404026985168, 122.29728388786316, 99.66602730751038, 122.76211857795715, 100.12380361557007, 123.22592997550964, 100.59556150436401, 124.44156384468079, 101.78576374053955, 124.93328952789307, 102.26254510879517, 125.40013766288757, 102.71932411193848, 126.5671329498291, 103.9055769443512, 127.02892088890076, 104.37301802635193, 127.48973941802979, 104.83379054069519, 128.67161440849304, 106.01288533210754, 129.1313602924347, 106.48961138725281, 129.60513067245483, 107.3128821849823, 130.79301953315735, 108.14220976829529, 131.98303961753845, 109.34310364723206, 132.48486733436584, 109.81135892868042, 132.95165014266968, 110.26714038848877, 133.41442704200745, 110.73573637008667, 134.61027574539185, 111.90360927581787, 135.0780050754547, 112.37834811210632, 135.5491452217102, 112.84725689888, 136.0259017944336, 114.05729651451111, 137.23979473114014, 114.51504826545715, 137.70360469818115, 114.98576307296753]
Final objective value with penalty: 
0.1566287869854493
