Final evolution
[[ 0.30036652-0.74210143j -0.50023866-0.11341973j -0.17254621-0.17140199j
   0.09699968+0.16553819j]
 [-0.36571439-0.09747009j -0.28748601-0.37924951j  0.67487496-0.21002302j
  -0.14390976-0.33165987j]
 [-0.21624166-0.38439349j  0.56969292-0.24384849j -0.25842053-0.25499589j
  -0.53817637+0.0055856j ]
 [-0.04093798+0.14008301j -0.06114238-0.35024042j -0.52799412-0.17521821j
   0.34013517-0.65354644j]]

********* Summary *****************
Final fidelity error 0.5834623130337087
Final objective value 0.5834626300115611
Final norm value 3.1697785235484943e-07
Final error 0.0
Terminate reason Exceed the maximum number of iteration of ADMM
Number of iterations 200
Completed in 0:00:14.919097 HH:MM:SS.US
Time for each iteration [0.4269864559173584, 0.23432016372680664, 0.6810348033905029, 0.505892276763916, 0.9028542041778564, 0.7246105670928955, 1.1371502876281738, 0.967961311340332, 1.3822922706604004, 1.0949506759643555, 1.5093717575073242, 1.2355425357818604, 1.712449312210083, 1.4230003356933594, 1.9155256748199463, 1.5635926723480225, 2.0404961109161377, 1.704185962677002, 2.1810872554779053, 1.838010311126709, 2.309191942214966, 1.9720735549926758, 2.437260389328003, 2.081425905227661, 2.546610116958618, 2.159531831741333, 2.6090948581695557, 2.2376394271850586, 2.6715800762176514, 2.3001251220703125, 2.7496867179870605, 2.3626132011413574, 2.8277909755706787, 2.4250986576080322, 2.905898094177246, 2.487583875656128, 2.9840054512023926, 2.550069570541382, 3.0621111392974854, 2.612555503845215, 3.1402182579040527, 2.675039768218994, 3.218325138092041, 2.737525463104248, 3.29643177986145, 2.800010919570923, 3.3745405673980713, 2.878115653991699, 3.437025785446167, 2.940601110458374, 3.513237953186035, 3.018683433532715, 3.5913443565368652, 3.0811691284179688, 3.679292917251587, 3.1523220539093018, 3.7417783737182617, 3.2304303646087646, 3.8181614875793457, 3.3085408210754395, 3.880646228790283, 3.3888237476348877, 3.9587531089782715, 3.4513089656829834, 4.03685998916626, 3.513794183731079, 4.114966630935669, 3.591925859451294, 4.1930482387542725, 3.654411554336548, 4.271154880523682, 3.7267160415649414, 4.333642482757568, 3.8048229217529297, 4.396127939224243, 3.882929563522339, 4.459674596786499, 3.961038589477539, 4.522160053253174, 4.023524045944214, 4.569023370742798, 4.070388555526733, 4.631509065628052, 4.117252588272095, 4.693994045257568, 4.169323921203613, 4.756478309631348, 4.216219425201416, 4.818932294845581, 4.2630836963653564, 4.881417751312256, 4.309972524642944, 4.943878650665283, 4.356873273849487, 5.011134624481201, 4.407779216766357, 5.0580058097839355, 4.470258474349976, 5.1080322265625, 4.517125368118286, 5.170517444610596, 4.563989877700806, 5.233002424240112, 4.610885143280029, 5.295456409454346, 4.65778112411499, 5.35791015625, 4.704645156860352, 5.420395851135254, 4.751510143280029, 5.482880353927612, 4.798400402069092, 5.545339345932007, 4.845264434814453, 5.607828378677368, 4.901086330413818, 5.65469217300415, 4.9635725021362305, 5.701589584350586, 5.02320122718811, 5.748456001281738, 5.070065259933472, 5.810941457748413, 5.118994235992432, 5.857807636260986, 5.165858507156372, 5.920292615890503, 5.2127227783203125, 5.967157363891602, 5.259586572647095, 6.029662370681763, 5.306430816650391, 6.076526165008545, 5.368916273117065, 6.123390197753906, 5.415780305862427, 6.170254468917847, 5.478265762329102, 6.217120409011841, 5.525128126144409, 6.279605388641357, 5.5719921588897705, 6.326469659805298, 5.634477853775024, 6.373333692550659, 5.690372943878174, 6.420199871063232, 5.737236976623535, 6.482690334320068, 5.7871856689453125, 6.5295569896698, 5.849670648574829, 6.576451778411865, 5.896504163742065, 6.63893723487854, 5.943367958068848, 6.701422452926636, 5.990232467651367, 6.7639079093933105, 6.0370965003967285, 6.826393365859985, 6.083960771560669, 6.873256683349609, 6.146446704864502, 6.920120477676392, 6.193312168121338, 6.966983318328857, 6.255797863006592, 7.0138468742370605, 6.318284511566162, 7.060709714889526, 6.365148544311523, 7.117315292358398, 6.412011384963989, 7.164179563522339, 6.474496126174927, 7.213109493255615, 6.521367311477661, 7.275590419769287, 6.578171491622925, 7.322457551956177, 6.625035047531128, 7.384942293167114, 6.674976348876953, 7.431809663772583, 6.737461566925049, 7.478673219680786, 6.7999467849731445, 7.52553653717041, 6.846812009811401, 7.588021755218506, 6.8936779499053955, 7.634883642196655, 6.956164121627808, 7.681747198104858, 7.018649578094482, 7.72861123085022, 7.081135511398315, 7.791096210479736, 7.128000497817993]
Final objective value with penalty: 
0.5834623132337087
Final TV norm without penalty
2.000000165480742
