Final evolution
[[-7.07187607e-01-7.07025911e-01j  2.11076445e-05-4.43213896e-05j
   1.40978251e-04+1.38070454e-04j -1.58516741e-05-9.35989332e-05j]
 [ 4.42824871e-05-2.11154421e-05j -7.07031256e-01-7.07182235e-01j
  -1.22429353e-04+6.59195608e-05j  7.16128673e-07+2.61797115e-04j]
 [ 9.36263932e-05+1.59031383e-05j -2.61763421e-04-8.18375267e-07j
   1.26534737e-04+2.83158397e-04j -7.06969701e-01-7.07243712e-01j]
 [-1.38088520e-04-1.40947581e-04j -6.59815025e-05+1.22454656e-04j
  -7.07238361e-01-7.06975067e-01j -2.83125538e-04-1.26565946e-04j]]

********* Summary *****************
Final fidelity error 7.06880347589589e-08
Final objective value 2.145009014850564e-07
Final norm value 1.4381286672637827e-07
Final error 1.0438741002072787e-09
Terminate reason Exceed the maximum number of iteration of ADMM
Number of iterations 200
Completed in 0:26:54.874217 HH:MM:SS.US
Time for each iteration [74.63900923728943, 51.03562331199646, 124.75507378578186, 97.54121732711792, 176.41939783096313, 150.6248424053192, 229.5606665611267, 197.09462785720825, 274.30985736846924, 237.89598774909973, 310.57399821281433, 274.3568916320801, 344.57247972488403, 306.47901344299316, 373.15889859199524, 320.08532881736755, 387.42261600494385, 332.90951919555664, 395.66682839393616, 346.751855134964, 407.6413645744324, 359.23519229888916, 422.378915309906, 366.58499097824097, 430.6705811023712, 376.8094894886017, 438.6935861110687, 383.0854616165161, 444.0247542858124, 391.59218740463257, 452.5139515399933, 398.80369329452515, 457.83978629112244, 404.19640731811523, 463.22481632232666, 409.815452337265, 468.5573902130127, 415.2016716003418, 473.9826340675354, 420.6238567829132, 479.3008677959442, 426.0118019580841, 484.9130148887634, 431.67911767959595, 490.4011535644531, 437.4929258823395, 495.7794370651245, 442.8250615596771, 501.8097143173218, 449.31967091560364, 508.0750026702881, 455.4708969593048, 513.5752236843109, 460.8547763824463, 518.9987573623657, 466.22305965423584, 524.7896363735199, 471.6688585281372, 530.1381902694702, 477.07337069511414, 535.5517592430115, 482.4199023246765, 540.9351358413696, 487.7823486328125, 546.2363934516907, 493.1731414794922, 551.5977070331573, 497.7452321052551, 557.0037653446198, 502.3984160423279, 562.4140973091125, 508.5008935928345, 568.016622543335, 513.5956435203552, 572.7784459590912, 518.5920646190643, 577.4869830608368, 523.2622549533844, 582.1384229660034, 527.9292171001434, 587.3299577236176, 532.5541331768036, 591.2593648433685, 537.179009437561, 595.1671469211578, 542.2057590484619, 599.2886154651642, 546.9214172363281, 603.1772890090942, 551.6069269180298, 607.0989668369293, 556.2400045394897, 611.9930965900421, 560.3562543392181, 616.6382274627686, 564.2106249332428, 621.2794632911682, 568.6803109645844, 627.7735760211945, 572.7444851398468, 631.7607252597809, 576.7953498363495, 635.8050696849823, 580.9561240673065, 639.7120916843414, 585.0008773803711, 644.8063361644745, 589.834349155426, 649.1429903507233, 594.285227060318, 653.7715368270874, 598.9260857105255, 658.4376814365387, 603.672449350357, 663.3017394542694, 607.9683995246887, 667.3534190654755, 612.120245218277, 671.3022356033325, 616.0837149620056, 675.3633050918579, 620.0887265205383, 679.3189625740051, 624.0834794044495, 683.2350618839264, 628.1530747413635, 687.0881946086884, 631.9323468208313, 690.9969890117645, 635.7783744335175, 694.8357019424438, 639.6586334705353, 699.2588012218475, 644.7671499252319, 703.5622158050537, 648.9815833568573, 707.5337371826172, 652.9901220798492, 711.5540463924408, 656.9389359951019, 715.8131227493286, 660.9346723556519, 719.7178881168365, 664.8067095279694, 724.0905714035034, 668.7166159152985, 727.9515709877014, 672.6144270896912, 732.0133781433105, 676.5650744438171, 735.9540090560913, 680.790450334549, 739.8555994033813, 685.0685966014862, 744.1004576683044, 690.2043223381042, 750.9603803157806, 694.6324183940887, 754.8954029083252, 698.8987786769867, 760.5666043758392, 704.0321640968323, 764.5279657840729, 708.0307703018188, 768.500655412674, 712.439049243927, 772.346204996109, 716.9078915119171, 776.2025806903839, 720.8095009326935, 780.1060602664948, 725.059326171875, 784.3006961345673, 729.0024974346161, 788.2577698230743, 732.8719320297241, 792.2026195526123, 736.6650412082672, 796.5128836631775, 740.528890132904, 800.3522753715515, 744.3404681682587, 804.245983839035, 748.1576220989227, 808.3588011264801, 751.9976875782013, 812.2839159965515, 755.861251115799, 816.1181774139404, 759.7457127571106, 819.9546926021576, 763.5575602054596, 823.7877588272095, 767.4643197059631, 827.7874970436096, 771.4055161476135, 831.8139135837555, 775.3230881690979, 835.6545958518982, 779.2196209430695]
Final objective value with penalty: 
0.0003107186232377103
