Final evolution
[[-0.0820267 -0.64114927j -0.02474432+0.35415333j  0.30488069+0.45254861j
  -0.3814705 -0.11353477j]
 [-0.04102089+0.19622402j -0.6572191 -0.45168254j  0.49926425+0.01588411j
  -0.243028  -0.12361092j]
 [ 0.14011614+0.46897815j  0.28265933+0.06989331j -0.15889873+0.05507175j
  -0.79304512-0.13580619j]
 [-0.11269248-0.53827504j -0.04392182-0.38897118j -0.37524954-0.53257535j
  -0.33492187-0.08781401j]]

********* Summary *****************
Final fidelity error 0.3509341764049365
Final objective value 0.3553645983124021
Final norm value 0.004430421907465565
Final error 2.182856798573688e-06
Terminate reason Exceed the maximum number of iteration of ADMM
Number of iterations 200
Completed in 0:01:15.533816 HH:MM:SS.US
Time for each iteration [1.8272442817687988, 1.6982436180114746, 3.2624411582946777, 2.8606343269348145, 4.058570384979248, 3.5323503017425537, 5.040347337722778, 4.200637578964233, 5.726001501083374, 4.860361099243164, 6.389760494232178, 5.318494081497192, 6.943056344985962, 5.88181734085083, 7.6036717891693115, 6.396705865859985, 8.169013261795044, 6.861129283905029, 8.813006401062012, 7.322109699249268, 9.277449131011963, 7.789179801940918, 9.670404195785522, 8.180133581161499, 10.040076732635498, 8.541948556900024, 10.412219285964966, 8.904308795928955, 10.77788782119751, 9.267339706420898, 11.249536752700806, 9.667235612869263, 11.620237112045288, 10.1278076171875, 12.007201910018921, 10.498640537261963, 12.373869180679321, 10.85873818397522, 12.74886703491211, 11.230017185211182, 13.115500211715698, 11.587813377380371, 13.47905421257019, 11.953834533691406, 13.830115795135498, 12.221362113952637, 14.10485553741455, 12.583232879638672, 14.382650375366211, 12.855504989624023, 14.656917572021484, 13.23387360572815, 15.023590087890625, 13.511639595031738, 15.380975723266602, 13.888632535934448, 15.648495197296143, 14.24518895149231, 16.00915002822876, 14.515466928482056, 16.38222098350525, 14.88648009300232, 16.657301902770996, 15.248087882995605, 17.012407064437866, 15.514376163482666, 17.384376764297485, 15.873145341873169, 17.66018772125244, 16.3457453250885, 18.091017961502075, 16.61165976524353, 18.505938291549683, 16.993776321411133, 18.79866337776184, 17.359797716140747, 19.16926860809326, 17.759501218795776, 19.602598190307617, 18.126997470855713, 19.865967750549316, 18.48304581642151, 20.136245489120483, 18.84797191619873, 20.508837461471558, 19.110270500183105, 20.865402698516846, 19.36839723587036, 21.2321138381958, 19.73266077041626, 21.508375644683838, 20.100785732269287, 21.87340021133423, 20.367074251174927, 22.236276388168335, 20.635939836502075, 22.596540451049805, 21.024900674819946, 22.87731146812439, 21.390068292617798, 23.242842435836792, 21.66265058517456, 23.610858917236328, 22.028677940368652, 23.879332304000854, 22.291179895401, 24.24907422065735, 22.649861574172974, 24.5101318359375, 23.012377977371216, 24.786802530288696, 23.365100860595703, 25.155333757400513, 23.63258695602417, 25.43210196495056, 24.009687900543213, 25.787984609603882, 24.272253274917603, 26.153257608413696, 24.549512147903442, 26.529449701309204, 24.812812089920044, 26.890757083892822, 25.20476508140564, 27.170420169830322, 25.46606683731079, 27.533832550048828, 25.728410482406616, 27.906277656555176, 26.09243679046631, 28.18970012664795, 26.36175513267517, 28.559115171432495, 26.62315583229065, 28.92713165283203, 26.881465196609497, 29.28773260116577, 27.1483416557312, 29.666459560394287, 27.41463041305542, 30.042531967163086, 27.779654502868652, 30.319422245025635, 28.049493312835693, 30.69715142250061, 28.31977128982544, 31.065328359603882, 28.60700273513794, 31.431782722473145, 28.87927508354187, 31.802791118621826, 29.25378179550171, 32.07176065444946, 29.52077293395996, 32.44084286689758, 29.784557580947876, 32.80837297439575, 30.0541033744812, 33.17611217498779, 30.42272686958313, 33.442744970321655, 30.795729637145996, 33.621267557144165, 31.0640127658844, 33.988656759262085, 31.23754906654358, 34.36042857170105, 31.519795656204224, 34.72971987724304, 31.7892804145813, 35.12881851196289, 32.07199811935425, 35.499104261398315, 32.333319425582886, 35.857146978378296, 32.50638961791992, 36.2240674495697, 32.77874970436096, 36.594606161117554, 33.05002450942993, 36.959556579589844, 33.31466460227966, 37.32311964035034, 33.483888149261475, 37.69712591171265, 33.75117301940918, 38.073344707489014, 33.922608613967896, 38.444742918014526, 34.09484815597534, 38.80577826499939, 34.36064577102661, 39.16183638572693, 34.54580330848694, 39.52814769744873, 34.81723594665527, 39.88719606399536, 35.09848403930664, 40.263272523880005, 35.270543813705444]
Final objective value with penalty: 
0.36779311505833584
Final TV norm without penalty
3.371787730679865
