Final evolution
[[ 0.00765276-0.59107251j  0.07084293+0.49962513j  0.27997331+0.19613657j
  -0.52728455-0.03235945j]
 [-0.3332646 +0.25751225j -0.60479126-0.25699476j  0.52047177-0.00963343j
  -0.34236704-0.05103445j]
 [ 0.07505751+0.37496289j  0.31218047-0.15517017j -0.36139379-0.10540329j
  -0.74349915-0.19423816j]
 [ 0.06089026-0.56855822j -0.23925398-0.36709718j -0.21840493-0.65018897j
  -0.09758304-0.0325925j ]]

********* Summary *****************
Final fidelity error 0.4247201180709781
Final objective value 1.3861291568217275
Final norm value 0.9614090387507495
Final error 4.883783151500484e-07
Terminate reason Exceed the maximum number of iteration of ADMM
Number of iterations 200
Completed in 0:02:27.238264 HH:MM:SS.US
Time for each iteration [7.056452035903931, 4.202064752578735, 12.135010957717896, 6.47282600402832, 14.277378559112549, 8.600341320037842, 15.69957709312439, 9.85899829864502, 17.821182012557983, 11.459610939025879, 19.59050488471985, 12.882973909378052, 21.86752700805664, 14.326680421829224, 22.609226942062378, 19.189537525177002, 26.83044672012329, 22.226876735687256, 28.549914360046387, 23.732932090759277, 30.113040447235107, 26.283271551132202, 31.43881893157959, 27.07712411880493, 32.21968460083008, 27.85112428665161, 32.84376239776611, 28.639053344726562, 33.609715938568115, 31.378841400146484, 34.37966322898865, 32.15706467628479, 35.85877561569214, 33.140527963638306, 37.25895142555237, 33.91648006439209, 38.59291172027588, 34.516939878463745, 39.92905259132385, 35.285099029541016, 40.53988838195801, 36.074145793914795, 41.13683557510376, 36.68063688278198, 41.717342376708984, 37.28514218330383, 42.304797649383545, 37.89095735549927, 42.89026618003845, 38.48445129394531, 43.48874044418335, 39.07788920402527, 44.50713539123535, 39.71676564216614, 45.11453986167908, 40.300177812576294, 45.70006060600281, 40.90762519836426, 46.31256079673767, 41.49810791015625, 46.911962270736694, 42.10254979133606, 47.51043200492859, 42.339454889297485, 48.10282349586487, 42.92793011665344, 48.334184885025024, 43.16529560089111, 48.93258547782898, 43.785638093948364, 49.18490982055664, 44.02602505683899, 49.7997989654541, 44.632458448410034, 50.03457188606262, 45.226048946380615, 50.63209295272827, 45.45795965194702, 51.23056483268738, 46.05646014213562, 51.464064836502075, 46.64994144439697, 52.05648231506348, 46.899295806884766, 52.678893089294434, 47.5017294883728, 53.2754282951355, 48.086246967315674, 53.858872413635254, 48.66869306564331, 54.454280376434326, 49.266096115112305, 55.05366134643555, 49.864492893218994, 55.292049169540405, 50.46089839935303, 55.88743305206299, 50.69534206390381, 56.11781716346741, 51.28476691246033, 56.71426725387573, 51.51619052886963, 56.9486768245697, 52.11525774002075, 57.536261558532715, 52.34984755516052, 57.77465271949768, 52.92630696296692, 58.39484214782715, 53.261003494262695, 58.67008686065674, 53.89493656158447, 58.909552335739136, 54.48513746261597, 59.531970739364624, 54.73946475982666, 59.76533603668213, 54.971874952316284, 59.99972748756409, 55.21322536468506, 60.60113263130188, 55.811699628829956, 60.842488288879395, 56.055113554000854, 61.07683491706848, 56.64157009124756, 61.681538581848145, 56.88017725944519, 61.93192934989929, 57.48730540275574, 62.54237484931946, 57.73273515701294, 62.7827045917511, 58.336254596710205, 63.379114389419556, 58.56972646713257, 63.61448526382446, 59.15919351577759, 64.1989152431488, 59.39458870887756, 64.80233478546143, 59.9920814037323, 65.04671144485474, 60.589545249938965, 65.64116597175598, 60.82492136955261, 66.23669981956482, 61.4240927696228, 66.47711968421936, 61.656471490859985, 67.05854082107544, 62.30882740020752, 67.3059184551239, 62.553154945373535, 67.54977631568909, 63.16554236412048, 68.1401937007904, 63.40296125411987, 68.37357020378113, 63.63334536552429, 68.9601821899414, 64.28045606613159, 69.20450401306152, 64.52089643478394, 69.51246523857117, 65.17134952545166, 70.12623262405396, 65.41608834266663, 70.37156677246094, 65.65648484230042, 70.60298299789429, 66.2710747718811, 71.18683171272278, 66.49846696853638, 71.417227268219, 66.73087930679321, 71.65569186210632, 66.96522545814514, 72.25823473930359, 67.59302353858948, 72.51857662200928, 67.8494188785553, 72.76691341400146, 68.09785866737366, 73.36253571510315, 68.69625973701477, 73.59690880775452, 68.93065905570984, 73.84128141403198, 69.54020571708679, 74.47963237762451, 69.78750824928284, 74.71699857711792, 70.38129472732544, 74.94840025901794, 70.97982263565063, 75.53636693954468, 71.22017860412598, 75.78071451187134, 71.45754933357239]
Final objective value with penalty: 
0.5351128024954113
