Final evolution
[[ 0.62158487+0.6721817j   0.21689137-0.04153962j  0.10029238-0.03094214j
  -0.05257478-0.31505003j]
 [ 0.17563181-0.07554676j  0.6225261 +0.52319475j -0.3133196 +0.00731494j
   0.17913357+0.41456381j]
 [ 0.29165626+0.04676808j -0.32969323-0.02011682j  0.45064022+0.08419464j
   0.59742194+0.48638333j]
 [ 0.02351744-0.19351091j  0.06856922+0.41971068j  0.46243487+0.68319104j
  -0.1732392 -0.26558209j]]

********* Summary *****************
Final fidelity error 0.174573601269431
Final objective value 0.49478919921654024
Final norm value 0.3202155979471093
Final error 6.57619414186437e-06
Terminate reason Exceed the maximum number of iteration of ADMM
Number of iterations 100
Completed in 0:04:06.212977 HH:MM:SS.US
Time for each iteration [24.61493682861328, 12.608669996261597, 33.247568130493164, 22.60821032524109, 41.377479791641235, 28.580225706100464, 48.657031774520874, 34.52475452423096, 54.865230321884155, 38.649662256240845, 58.68347358703613, 42.01985430717468, 62.06237459182739, 45.3556489944458, 65.54483485221863, 48.003166913986206, 67.52880191802979, 50.114190340042114, 69.16695785522461, 51.65705871582031, 72.60133934020996, 53.24427890777588, 75.59100222587585, 56.23644232749939, 77.16390824317932, 57.843613386154175, 79.11758708953857, 59.47205591201782, 80.29864430427551, 62.871060371398926, 81.50634503364563, 64.09572243690491, 84.51748132705688, 65.66530394554138, 87.17185139656067, 66.91723132133484, 88.73412823677063, 68.11156845092773, 90.29089975357056, 69.66896295547485, 91.87579560279846, 70.8422863483429, 93.44252967834473, 72.06014347076416, 95.00050377845764, 73.281245470047, 96.62105894088745, 74.83472275733948, 98.18868136405945, 76.4060971736908, 99.75072717666626, 78.0690770149231, 101.39976000785828, 79.67122864723206, 102.95900273323059, 81.30321550369263, 104.5235767364502, 82.87664747238159, 106.08547806739807, 84.42554807662964, 107.62171339988708, 85.98099660873413, 109.1715612411499, 87.54483079910278, 110.74813032150269, 89.14644432067871, 112.30364322662354, 90.71136784553528, 113.85451936721802, 92.26670455932617, 115.40131139755249, 93.90964651107788, 116.95783162117004, 95.466805934906, 118.57880401611328, 97.03795385360718, 120.13874387741089, 98.65802931785583, 121.70180034637451, 99.86428880691528, 122.88451981544495, 101.05532026290894, 124.10733151435852, 102.28014922142029, 125.30023574829102, 103.66825985908508, 126.54290437698364, 104.85463905334473, 127.74610996246338, 106.09756755828857, 128.96190214157104, 107.32621169090271, 130.1649785041809, 108.52163791656494, 131.41927766799927, 109.92198920249939, 132.63590145111084, 111.17846155166626, 133.831951379776, 112.38102602958679]
Final objective value with penalty: 
0.2902217409541725
