Final evolution
[[-7.07107098e-01-7.07106460e-01j  1.02845142e-05-2.04733211e-05j
   3.92848331e-05+3.39294504e-05j  8.80188089e-07-4.90107026e-05j]
 [ 2.04720696e-05-1.02866440e-05j -7.07127154e-01-7.07086407e-01j
  -1.28621322e-05-3.23990724e-07j -1.74609226e-05+2.49492265e-05j]
 [ 4.90101094e-05-8.75200273e-07j -2.49482019e-05+1.74611698e-05j
  -2.37367083e-06+7.88542300e-05j -7.07083621e-01-7.07129934e-01j]
 [-3.39272869e-05-3.92876476e-05j  3.24669819e-07+1.28634780e-05j
  -7.07109242e-01-7.07104314e-01j -7.88536843e-05+2.36875148e-06j]]

********* Summary *****************
Final fidelity error 3.4740447185654943e-09
Final objective value 3.4765140726647344e-09
Final norm value 2.469358051371273e-12
Final error 1.128474576789396e-36
Terminate reason Exceed the maximum number of iteration of ADMM
Number of iterations 200
Completed in 0:13:08.054176 HH:MM:SS.US
Time for each iteration [18.932414531707764, 15.572894811630249, 39.851189613342285, 37.753427028656006, 61.412882804870605, 68.07830047607422, 88.52166271209717, 95.85941052436829, 117.58480095863342, 126.71482968330383, 149.61221480369568, 156.53374075889587, 176.91547894477844, 173.40211510658264, 203.96504592895508, 185.66480994224548, 220.8774230480194, 195.69413423538208, 230.8896906375885, 204.48584747314453, 237.5997772216797, 210.42599511146545, 243.61997032165527, 212.28989505767822, 245.48513889312744, 214.15281057357788, 247.35841846466064, 216.00759148597717, 249.26176357269287, 218.20754194259644, 251.30812335014343, 220.0719964504242, 253.15990352630615, 221.91088938713074, 255.02919006347656, 223.75782299041748, 256.92885994911194, 225.62544894218445, 258.7721266746521, 227.4727280139923, 260.6082355976105, 229.3414282798767, 262.4532642364502, 231.18507480621338, 264.3325548171997, 233.0586450099945, 266.18907356262207, 234.913836479187, 268.03120827674866, 236.7659261226654, 269.8856289386749, 238.60966420173645, 271.7736234664917, 240.4929645061493, 273.61184430122375, 242.34363389015198, 275.46628761291504, 244.20111656188965, 277.3134078979492, 246.044171333313, 279.20975160598755, 247.96687245368958, 281.11719131469727, 249.84378910064697, 282.97492837905884, 251.68826293945312, 284.8459279537201, 253.55587220191956, 286.7447097301483, 255.46850895881653, 288.6417512893677, 257.3252739906311, 290.47669982910156, 259.17767453193665, 292.33959317207336, 261.0469470024109, 294.2447032928467, 262.9274260997772, 296.10443019866943, 264.78311133384705, 297.9425473213196, 266.6534790992737, 299.78071689605713, 268.5500304698944, 301.6527826786041, 270.4633312225342, 303.53208446502686, 272.33861351013184, 305.5306062698364, 274.33565497398376, 307.48765563964844, 276.2462389469147, 309.43437457084656, 278.14798164367676, 311.34113216400146, 280.04002690315247, 313.2174506187439, 281.90025806427, 315.0748267173767, 283.775119304657, 317.0285711288452, 285.65969824790955, 318.89384055137634, 287.5458300113678, 320.77786326408386, 289.3925235271454, 322.65823435783386, 291.28279423713684, 324.5711841583252, 293.15879583358765, 326.42423486709595, 295.02207589149475, 328.2815189361572, 296.8743131160736, 330.142333984375, 298.7399559020996, 332.0641942024231, 300.6154775619507, 333.921906709671, 302.4653072357178, 335.78051018714905, 304.3261601924896, 337.62633776664734, 306.20969820022583, 339.5585558414459, 308.1020884513855, 341.41437554359436, 309.970627784729, 343.26605319976807, 311.8300840854645, 345.1628625392914, 313.6769690513611, 347.09804010391235, 315.5347168445587, 348.9645736217499, 317.3800382614136, 350.8129827976227, 319.2301833629608, 352.6872515678406, 321.10232973098755, 354.6029725074768, 323.0593328475952, 356.4753634929657, 324.9264328479767, 358.3566896915436, 326.80565190315247, 360.2159523963928, 328.6848545074463, 362.1384286880493, 330.54725909233093, 364.0105905532837, 332.39924001693726, 365.8807759284973, 334.278516292572, 367.7656970024109, 336.1452057361603, 369.67275643348694, 338.0100266933441, 371.5881509780884, 339.8764886856079, 373.44982171058655, 341.7161056995392, 375.3178777694702, 343.59714913368225, 377.2214574813843, 345.4560925960541, 379.0752999782562, 347.32042932510376, 380.9551463127136, 349.19939708709717, 382.82858967781067, 351.12204909324646, 384.9761073589325, 353.04529762268066, 386.8331844806671, 354.9192044734955, 388.8674736022949, 357.53316855430603, 390.79722833633423, 359.4175384044647, 392.68023800849915, 361.35994362831116, 394.7266774177551, 363.2449572086334, 396.58040857315063, 365.1088602542877, 398.4580717086792, 367.03912711143494, 400.365136384964, 368.91835737228394, 402.23658990859985, 370.7559988498688, 404.1031415462494, 372.6346788406372, 405.9936149120331, 374.57465744018555, 407.8744606971741, 376.46578884124756, 409.7292482852936, 378.32492756843567]
Final objective value with penalty: 
3.2628954754718804e-07
Final TV norm without penalty
32.281550282862256
