Final evolution
[[-0.07512902-0.6428218j   0.10088945+0.49615089j  0.25268847+0.25022682j
  -0.43942514-0.07233255j]
 [-0.21681664+0.28149736j -0.60969329-0.19472878j  0.5543591 +0.02822245j
  -0.38580185-0.08456356j]
 [ 0.14866686+0.37933964j  0.36664436-0.06362495j -0.29914145-0.05979646j
  -0.73121333-0.26036363j]
 [-0.01831145-0.53716835j -0.1865812 -0.40090104j -0.18277903-0.66253691j
  -0.16900952-0.12105005j]]

********* Summary *****************
Final fidelity error 0.40547305995329597
Final objective value 0.8867958950300778
Final norm value 0.48132283507678186
Final error 3.447225883142173e-08
Terminate reason Exceed the maximum number of iteration of ADMM
Number of iterations 200
Completed in 0:07:28.183556 HH:MM:SS.US
Time for each iteration [9.350659847259521, 8.131176471710205, 17.42542266845703, 16.731745958328247, 25.76457905769348, 25.683745622634888, 31.616691827774048, 32.78653693199158, 39.53305673599243, 40.75950884819031, 47.78605890274048, 50.68240523338318, 58.04337692260742, 60.87330174446106, 68.01162385940552, 70.03877758979797, 75.22326302528381, 75.89537715911865, 81.05134606361389, 82.11715197563171, 86.8407998085022, 87.8887345790863, 91.80886507034302, 92.46951150894165, 94.91936826705933, 96.83494162559509, 99.72839641571045, 101.39119482040405, 103.43390727043152, 103.42018103599548, 107.65377306938171, 106.38899564743042, 110.42270398139954, 108.95649528503418, 112.61944937705994, 111.06637907028198, 114.6645941734314, 113.09695148468018, 116.70171546936035, 115.13059878349304, 118.94089961051941, 117.22171235084534, 121.9929780960083, 121.27525472640991, 124.21726846694946, 123.9243221282959, 126.96084523200989, 126.49065351486206, 128.79641437530518, 130.0531735420227, 130.5513722896576, 132.71684098243713, 132.7754349708557, 134.42688941955566, 136.21107745170593, 135.74154448509216, 137.9186291694641, 138.01404571533203, 139.24012422561646, 139.8282585144043, 141.74684405326843, 141.2724940776825, 143.6118664741516, 143.37380647659302, 144.92632603645325, 145.0968747138977, 147.25470542907715, 146.66024589538574, 148.94054341316223, 148.84039688110352, 150.27006578445435, 150.5149209499359, 152.31557393074036, 151.9567255973816, 154.13763737678528, 154.0388844013214, 155.49611496925354, 155.73578572273254, 157.3971107006073, 157.5858826637268, 160.0477135181427, 159.39706897735596, 162.48611545562744, 160.82433819770813, 164.54683375358582, 162.13288927078247, 166.3077027797699, 163.8140196800232, 167.96724724769592, 165.5085747241974, 169.66677689552307, 167.0306966304779, 171.15192031860352, 168.53275775909424, 172.71184706687927, 170.22709798812866, 174.0714774131775, 171.56842613220215, 175.2084653377533, 172.34121537208557, 176.8905770778656, 173.13482785224915, 178.21609044075012, 174.50336718559265, 179.35910725593567, 175.28126120567322, 180.65464425086975, 176.0532202720642, 181.84252905845642, 176.83316850662231, 183.16609358787537, 178.107896566391, 183.96202516555786, 179.25985980033875, 184.75410723686218, 180.4580717086792, 185.54953789710999, 181.88179683685303, 186.44310760498047, 183.1329710483551, 187.25145602226257, 184.27793717384338, 188.0553596019745, 185.42487215995789, 188.83536577224731, 186.5463981628418, 189.61636662483215, 187.69953894615173, 190.3992702960968, 188.86348676681519, 191.17027163505554, 190.03544640541077, 191.9641740322113, 191.19341897964478, 192.7603793144226, 192.31982517242432, 193.5373032093048, 193.4528636932373, 194.35517144203186, 194.57589507102966, 195.1361231803894, 195.70707607269287, 195.92108416557312, 196.8571286201477, 196.69499158859253, 197.9945969581604, 197.45994639396667, 199.13056087493896, 198.2330675125122, 200.26954579353333, 199.03004693984985, 201.39750623703003, 199.79712319374084, 202.59333610534668, 200.59204125404358, 203.72232794761658, 201.36597347259521, 204.84434723854065, 202.1330122947693, 205.99350881576538, 202.9349226951599, 207.1444959640503, 203.70592522621155, 208.28636598587036, 204.47997212409973, 209.50238680839539, 205.2624228000641, 210.66926836967468, 206.04647827148438, 211.8671567440033, 206.84148907661438, 212.99071431159973, 207.61004900932312, 214.1581747531891, 208.4003357887268, 215.4636583328247, 209.1882517337799, 217.1602692604065, 209.98116040229797, 218.31226205825806, 210.7581422328949, 219.62275671958923, 211.51912021636963, 220.77823185920715, 212.31358098983765, 222.46009945869446, 213.44068145751953, 223.24407839775085, 214.5688533782959, 224.00016951560974, 216.05299973487854, 224.77478003501892, 216.82693123817444, 226.1019139289856, 217.60892629623413, 226.8768229484558, 218.39390063285828, 227.64588284492493, 219.75672578811646, 228.42683005332947]
Final objective value with penalty: 
0.47347419770901744
