Final evolution
[[ 0.67292575+0.65704887j  0.0524357 -0.06001709j  0.22745837+0.10912814j
  -0.09149613-0.19258338j]
 [ 0.09223703-0.01580412j  0.6976601 +0.64552576j -0.15411332+0.09630132j
  -0.13274969+0.19277473j]
 [ 0.20442516+0.0863921j  -0.20131567+0.12722766j  0.02379115+0.06646208j
   0.67260359+0.66079729j]
 [-0.10817621-0.21388067j -0.10832351+0.14753462j  0.62966415+0.70842693j
  -0.10290449+0.01084115j]]

********* Summary *****************
Final fidelity error 0.05518998445565426
Final objective value 0.05532163420655813
Final norm value 0.00013164975090385056
Final error 4.087500310366816e-06
Terminate reason Exceed the maximum number of iteration of ADMM
Number of iterations 200
Completed in 0:04:39.152260 HH:MM:SS.US
Time for each iteration [26.640991687774658, 6.98311710357666, 32.61565351486206, 11.567952156066895, 36.203211545944214, 15.13948941230774, 38.49161672592163, 18.805176496505737, 40.72482919692993, 21.078744649887085, 42.609917640686035, 22.95587420463562, 44.86454391479492, 25.17811894416809, 46.710973501205444, 27.059136629104614, 48.680386543273926, 28.597037076950073, 50.23433876037598, 30.12875533103943, 51.78821587562561, 31.651711463928223, 53.32270908355713, 33.22959923744202, 54.8873074054718, 34.76278734207153, 56.48099660873413, 36.279727935791016, 57.29989171028137, 37.819239139556885, 58.10374212265015, 38.99128746986389, 59.277852296829224, 40.53029489517212, 60.084805727005005, 41.68926119804382, 61.252707958221436, 42.91103172302246, 62.47795367240906, 44.10315203666687, 63.6909019947052, 45.27138876914978, 64.84191560745239, 46.45036554336548, 66.03479075431824, 47.65725564956665, 67.1991400718689, 48.86520338058472, 68.3651876449585, 50.0500864982605, 69.52811765670776, 51.26999235153198, 70.69207501411438, 52.43995714187622, 71.8790271282196, 53.60656023025513, 73.03792905807495, 54.789079666137695, 74.19994282722473, 55.958558797836304, 75.3628945350647, 57.11250710487366, 76.53062605857849, 58.30440092086792, 77.78545260429382, 59.470412731170654, 78.94399285316467, 60.641390323638916, 80.10598039627075, 61.81609106063843, 81.27287292480469, 62.98208928108215, 82.45631051063538, 64.15299582481384, 83.62626051902771, 65.34989476203918, 84.85599446296692, 66.52885723114014, 86.0209493637085, 67.69283413887024, 87.19883894920349, 68.84783673286438, 88.352783203125, 70.01874470710754, 89.5356273651123, 71.20870661735535, 90.70899438858032, 72.3666934967041, 91.91387414932251, 73.59596347808838, 93.11382389068604, 74.7739930152893, 94.27377676963806, 75.97892117500305, 95.45071387290955, 77.16595268249512, 96.62412929534912, 78.33897733688354, 97.79509806632996, 79.48493266105652, 98.95407485961914, 80.67761945724487, 100.1870367527008, 81.86747097969055, 101.37596487998962, 83.04836440086365, 102.55906748771667, 84.2143292427063, 103.73095917701721, 85.38028454780579, 104.9142587184906, 86.56221580505371, 106.09623336791992, 87.73075294494629, 107.30549716949463, 88.60208821296692, 108.49707174301147, 89.41449904441833, 109.68896842002869, 90.24878978729248, 110.87197804450989, 91.4176414012909, 111.6911690235138, 92.59848523139954, 112.89266538619995, 93.13509440422058, 114.14457535743713, 94.3200089931488, 114.60537195205688, 95.53932929039001, 115.7992148399353, 96.00209403038025, 116.99212503433228, 97.17024183273315, 117.47589445114136, 98.38013935089111, 118.6443681716919, 98.84387230873108, 119.83700251579285, 100.0462532043457, 120.30674719810486, 101.22617483139038, 121.46083855628967, 101.69402241706848, 122.6497893333435, 102.92290830612183, 123.10683465003967, 104.09079766273499, 124.28767776489258, 104.54815816879272, 125.4616072177887, 105.73121428489685, 125.92339873313904, 106.91713094711304, 127.09037375450134, 107.73132276535034, 128.2697217464447, 109.03497886657715, 128.74871468544006, 110.20551538467407, 129.981627702713, 110.67639207839966, 131.1316635608673, 111.87904477119446, 131.59945034980774, 113.06445026397705, 132.78430008888245, 113.52130508422852, 133.96719932556152, 114.68868398666382, 134.424964427948, 115.88480687141418, 135.6129286289215, 116.33657050132751, 136.76490020751953, 117.50361132621765, 137.63922691345215, 118.72081398963928, 138.81518054008484, 119.53267431259155, 139.98208832740784, 120.70262312889099, 140.82529759407043, 121.88926577568054, 142.00040197372437, 122.72656655311584, 143.1638844013214, 123.95250296592712, 143.99385237693787, 125.14238238334656, 145.22177958488464, 125.97023057937622, 146.38766527175903, 127.15467405319214, 146.842538356781, 128.321617603302, 148.0175130367279, 128.78838896751404, 149.19042325019836, 129.96183681488037]
Final objective value with penalty: 
0.06178165599854946
