Final evolution
[[ 0.27527359-0.67713558j -0.50207035-0.13227305j -0.20600307-0.32237566j
   0.01665299+0.22248687j]
 [-0.50207035-0.13227305j -0.31686097-0.29693035j  0.60878755-0.15771836j
  -0.20600307-0.32237566j]
 [-0.20600307-0.32237566j  0.60878755-0.15771836j -0.31686097-0.29693035j
  -0.50207035-0.13227305j]
 [ 0.01665299+0.22248687j -0.20600307-0.32237566j -0.50207035-0.13227305j
   0.27527359-0.67713558j]]

********* Summary *****************
Final fidelity error 0.5947449134470657
Final objective value 0.598572957582671
Final norm value 0.0038280441356052797
Final error 0.0
Terminate reason Exceed the maximum number of iteration of ADMM
Number of iterations 200
Completed in 0:00:15.937249 HH:MM:SS.US
Time for each iteration [0.5910470485687256, 0.49988341331481934, 1.0135149955749512, 0.8320713043212891, 1.2652201652526855, 1.0672845840454102, 1.4929707050323486, 1.2745518684387207, 1.586700677871704, 1.3526585102081299, 1.6491901874542236, 1.4661390781402588, 1.7429184913635254, 1.5754880905151367, 1.867889404296875, 1.6379735469818115, 1.9147546291351318, 1.6948480606079102, 1.9772419929504395, 1.7417120933532715, 2.0397276878356934, 1.7906594276428223, 2.1022136211395264, 1.853144645690918, 2.1490771770477295, 1.946873664855957, 2.2057228088378906, 2.024979829788208, 2.332820415496826, 2.0718438625335693, 2.426548480987549, 2.1811928749084473, 2.4890341758728027, 2.2436788082122803, 2.567152738571167, 2.368638038635254, 2.614016056060791, 2.4311234951019287, 2.6978695392608643, 2.5248517990112305, 2.7447333335876465, 2.582127094268799, 2.838451623916626, 2.6643903255462646, 2.9009389877319336, 2.7268764972686768, 2.947803258895874, 2.8247551918029785, 3.025909900665283, 2.8872411251068115, 3.07277512550354, 2.9497251510620117, 3.1352603435516357, 2.996589183807373, 3.1977458000183105, 3.059074878692627, 3.244609832763672, 3.1215603351593018, 3.291473627090454, 3.1840453147888184, 3.3383378982543945, 3.2465312480926514, 3.4008231163024902, 3.293395519256592, 3.463334321975708, 3.3558552265167236, 3.5200304985046387, 3.402719736099243, 3.5825157165527344, 3.465204954147339, 3.631507396697998, 3.5276904106140137, 3.693993330001831, 3.574554443359375, 3.7564785480499268, 3.6214187145233154, 3.8189640045166016, 3.6682827472686768, 3.912692070007324, 3.7620363235473633, 3.975151777267456, 3.8089005947113037, 4.068879842758179, 3.9026288986206055, 4.131364822387695, 3.9807355403900146, 4.225092649459839, 4.06766939163208, 4.3188557624816895, 4.1957337856292725, 4.36572003364563, 4.267008304595947, 4.458559036254883, 4.382116317749023, 4.509101390838623, 4.444599866867065, 4.591320276260376, 4.553949594497681, 4.6538050174713135, 4.600813388824463, 4.747532606124878, 4.694541931152344, 4.794396877288818, 4.7570271492004395, 4.851085901260376, 4.850759744644165, 4.946910619735718, 4.944514036178589, 5.009372711181641, 5.038243055343628, 5.118720531463623, 5.100728988647461, 5.212449312210083, 5.1944568157196045, 5.274939775466919, 5.241314888000488, 5.337425947189331, 5.288182258605957, 5.399912357330322, 5.335041046142578, 5.509263038635254, 5.413147211074829, 5.565251350402832, 5.475640296936035, 5.612104177474976, 5.538126468658447, 5.663055658340454, 5.60061240196228, 5.725543260574341, 5.647474527359009, 5.788029193878174, 5.709959983825684, 5.850513935089111, 5.772445201873779, 5.912999868392944, 5.834929943084717, 5.975485324859619, 5.88179612159729, 6.037984132766724, 5.944266319274902, 6.100469350814819, 6.006751775741577, 6.1621387004852295, 6.069241046905518, 6.255866765975952, 6.162968873977661, 6.302730083465576, 6.268765687942505, 6.396465539932251, 6.315625429153442, 6.4934422969818115, 6.409352540969849, 6.540306806564331, 6.471837759017944, 6.587171316146851, 6.534323215484619, 6.65233850479126, 6.596809387207031, 6.746067762374878, 6.690536022186279, 6.808555364608765, 6.753019571304321, 6.871044874191284, 6.824629068374634, 6.96477198600769, 6.936071872711182, 7.011638164520264, 7.014177322387695, 7.07412314414978, 7.076662540435791, 7.136609792709351, 7.123525142669678, 7.199101209640503, 7.186006307601929, 7.245964527130127, 7.248491048812866, 7.3084495067596436, 7.31097674369812, 7.3709352016448975, 7.35786509513855, 7.433395862579346, 7.420351266860962, 7.495880126953125, 7.4828410148620605, 7.5583624839782715, 7.539440155029297, 7.605225086212158, 7.601925611495972, 7.669875144958496, 7.6644110679626465, 7.732361555099487, 7.711274147033691, 7.794873952865601, 7.773733377456665, 7.8573784828186035, 7.83620023727417, 7.91986346244812, 7.898689270019531, 7.98234486579895, 7.954904317855835]
Final objective value with penalty: 
0.5947449134470657
Final TV norm without penalty
0.0
