Final evolution
[[ 0.00873602-0.58984537j  0.06980727+0.49952575j  0.28117696+0.19518525j
  -0.52862369-0.03172258j]
 [-0.33510184+0.2560951j  -0.60573329-0.25772324j  0.52152478-0.00970555j
  -0.33804119-0.04933388j]
 [ 0.07216756+0.37538014j  0.3082301 -0.15719565j -0.36089248-0.10637415j
  -0.74513603-0.19333593j]
 [ 0.06244589-0.56930684j -0.24076986-0.36685213j -0.2187011 -0.6491309j
  -0.09633188-0.03096263j]]

********* Summary *****************
Final fidelity error 0.4248682849449118
Final objective value 2.3225928181620192
Final norm value 1.8977245332171075
Final error 2.647358535755081e-06
Terminate reason Exceed the maximum number of iteration of ADMM
Number of iterations 200
Completed in 0:03:12.894996 HH:MM:SS.US
Time for each iteration [5.119879245758057, 2.8624229431152344, 8.412271738052368, 6.393000364303589, 10.357722282409668, 9.733623266220093, 11.613952398300171, 10.822364568710327, 12.741335391998291, 11.911572217941284, 15.725908994674683, 12.983729600906372, 17.6660315990448, 13.708804607391357, 18.732613563537598, 17.65392303466797, 23.9418363571167, 20.96422576904297, 29.357869863510132, 28.55603337287903, 33.849522829055786, 30.619166135787964, 42.60612607002258, 37.199543714523315, 48.83350658416748, 39.05073380470276, 53.46405339241028, 40.38038659095764, 57.13647818565369, 42.666776180267334, 60.78594160079956, 45.62772536277771, 62.84163427352905, 47.683775424957275, 63.253581285476685, 48.825438022613525, 63.8549907207489, 50.36832547187805, 64.99417543411255, 50.961713790893555, 65.59358024597168, 51.544187784194946, 66.00352382659912, 52.14337730407715, 66.60701298713684, 52.742104053497314, 67.2095365524292, 53.35901737213135, 67.80797743797302, 53.95573925971985, 68.40038776397705, 54.53715944290161, 68.99878883361816, 55.12262558937073, 69.6002848148346, 55.71302103996277, 70.18379998207092, 56.29946994781494, 70.76327276229858, 56.8999924659729, 71.34274125099182, 57.52338933944702, 72.09676551818848, 58.20260548591614, 72.7063307762146, 58.79011154174805, 73.29481220245361, 59.2090744972229, 73.87571835517883, 59.80457067489624, 74.10508060455322, 60.211483001708984, 74.68353390693665, 60.61939334869385, 75.27199459075928, 61.216904401779175, 75.50639867782593, 61.45333909988403, 76.09886360168457, 62.0477557182312, 76.32931709289551, 62.63719391822815, 76.92382526397705, 62.87358736991882, 77.50833177566528, 63.471805810928345, 77.74765396118164, 64.07550144195557, 78.3400764465332, 64.50743532180786, 78.93759417533875, 65.13821053504944, 79.36545324325562, 65.73612380027771, 79.97236323356628, 66.15306353569031, 80.56578183174133, 66.74162673950195, 80.8031485080719, 67.33620572090149, 81.41053462028503, 67.56756973266602, 82.0109658241272, 68.16608190536499, 82.24932718276978, 68.7515561580658, 82.86392068862915, 68.98744440078735, 83.27382469177246, 69.58589792251587, 83.69577622413635, 70.17731738090515, 84.09876537322998, 70.77186512947083, 84.50068998336792, 71.3672559261322, 84.91695261001587, 71.95465803146362, 85.14636254310608, 72.53908324241638, 85.38689875602722, 73.13824558258057, 85.8327043056488, 73.79569673538208, 86.07208132743835, 74.41331505775452, 86.32544803619385, 75.02991580963135, 86.7566339969635, 75.62986874580383, 87.00244355201721, 76.23229503631592, 87.42257404327393, 76.8855459690094, 87.86145734786987, 77.50891375541687, 88.28539252281189, 78.10540056228638, 88.8897795677185, 78.34402012825012, 89.14110779762268, 78.5903856754303, 89.39044260978699, 79.01454710960388, 90.00981283187866, 79.61805438995361, 90.25714468955994, 79.85876226425171, 90.4980297088623, 80.47109961509705, 91.10550856590271, 80.71042990684509, 91.3368968963623, 81.32425332069397, 92.06338715553284, 81.65493440628052, 92.3427951335907, 82.28825283050537, 92.76969528198242, 82.92679595947266, 93.37468361854553, 83.16155433654785, 93.6100549697876, 83.39895558357239, 94.02896094322205, 83.99336671829224, 94.26934242248535, 84.65370154380798, 94.69324278831482, 85.25805830955505, 95.10813403129578, 85.85656452178955, 95.58220601081848, 86.49111032485962, 95.83169555664062, 87.08553528785706, 96.24860525131226, 87.7029345035553, 96.48500037193298, 88.33228731155396, 96.73336839675903, 88.93869161605835, 96.97680711746216, 89.54809331893921, 97.21593356132507, 90.1451907157898, 97.45233273506165, 90.74165058135986, 97.68373894691467, 91.37602257728577, 97.92806243896484, 91.9634518623352, 98.15846872329712, 92.56136679649353, 98.39780473709106, 93.15880346298218, 99.01013469696045, 93.40417194366455, 99.25148391723633, 93.64351201057434]
Final objective value with penalty: 
0.5357832088618303
