Final evolution
[[ 0.67966717+0.65451175j  0.03924961-0.05429631j  0.22762662+0.11159234j
  -0.08795427-0.18214172j]
 [ 0.08717669-0.00291062j  0.69222877+0.65169069j -0.15646582+0.08882641j
  -0.13576266+0.19418327j]
 [ 0.19607656+0.08254837j -0.20668678+0.12763739j  0.00215568+0.06451961j
   0.6717689 +0.66354212j]
 [-0.11275575-0.20996321j -0.10275862+0.14852572j  0.63326358+0.70581258j
  -0.10198425+0.03142314j]]

********* Summary *****************
Final fidelity error 0.05380526019337717
Final objective value 0.053806459837064835
Final norm value 1.1996436877215189e-06
Final error 1.0198402712722099e-13
Terminate reason Exceed the maximum number of iteration of ADMM
Number of iterations 200
Completed in 0:03:09.702995 HH:MM:SS.US
Time for each iteration [8.532400846481323, 6.147928237915039, 13.028898000717163, 9.855801343917847, 16.356226444244385, 12.636147260665894, 18.921348333358765, 14.974037647247314, 21.221112489700317, 17.27289366722107, 23.34442973136902, 19.398621320724487, 25.468656539916992, 21.507978677749634, 27.57509708404541, 22.746341228485107, 29.71735453605652, 24.208905696868896, 31.263710498809814, 25.712992191314697, 32.76336622238159, 26.97903347015381, 34.84594392776489, 28.912638187408447, 36.33405876159668, 30.383754014968872, 37.796552658081055, 31.895788431167603, 39.26870799064636, 33.148690700531006, 40.98203778266907, 34.45250225067139, 42.05925393104553, 35.53248906135559, 43.08340311050415, 36.55997276306152, 44.1223931312561, 37.56697678565979, 44.91262936592102, 38.38701558113098, 45.747058391571045, 39.25923800468445, 46.56496620178223, 40.09147238731384, 47.391324281692505, 40.91090250015259, 48.19573497772217, 41.759119272232056, 49.03192210197449, 42.71054983139038, 49.89815354347229, 43.532302141189575, 50.71008586883545, 44.34764361381531, 51.511311769485474, 45.162619829177856, 52.32304525375366, 45.980631589889526, 53.1564576625824, 46.84606862068176, 53.98055362701416, 47.6742217540741, 54.7993860244751, 48.48424506187439, 55.637908935546875, 49.42798089981079, 56.48149633407593, 50.05486464500427, 57.056721448898315, 50.64987587928772, 57.67696976661682, 51.230607986450195, 58.31182813644409, 51.81757354736328, 59.15012979507446, 52.42644476890564, 59.73483633995056, 53.02341032028198, 60.31928110122681, 53.63323640823364, 60.94891381263733, 54.246384620666504, 61.55589962005615, 54.84545588493347, 62.1591534614563, 55.452109813690186, 62.73714351654053, 56.046274185180664, 63.33425426483154, 56.642348527908325, 63.973923444747925, 57.24008297920227, 64.57116341590881, 57.8458456993103, 65.18021726608276, 58.456876277923584, 65.75062823295593, 59.06869983673096, 66.34185099601746, 59.666369915008545, 66.94578838348389, 60.25998139381409, 67.54818224906921, 60.837971448898315, 68.14520835876465, 61.46835780143738, 68.77729964256287, 62.05752205848694, 69.3784601688385, 62.64393615722656, 70.00182819366455, 63.28186011314392, 70.6164710521698, 63.88746976852417, 71.2108678817749, 64.49523544311523, 71.80852341651917, 65.10392928123474, 72.44088077545166, 65.69989490509033, 73.03703427314758, 66.32474899291992, 73.63724374771118, 66.94266271591187, 74.23032402992249, 67.53136277198792, 74.81834983825684, 68.11806035041809, 75.43070864677429, 68.69586157798767, 76.10555219650269, 69.32280206680298, 76.70856308937073, 69.93695306777954, 77.29952573776245, 70.52138590812683, 77.89313745498657, 71.10711073875427, 78.49389839172363, 71.69254279136658, 79.1087236404419, 72.27992868423462, 79.69300293922424, 72.87113332748413, 80.29552626609802, 73.51103067398071, 80.9762032032013, 74.21809911727905, 81.59558033943176, 74.8250162601471, 82.1929521560669, 75.42046570777893, 82.7913327217102, 76.01188516616821, 83.38975381851196, 76.65317058563232, 84.02008080482483, 77.23462796211243, 84.60850930213928, 77.7991144657135, 85.23719811439514, 78.40347862243652, 85.84246897697449, 79.00253057479858, 86.44264221191406, 79.6403260231018, 87.08735179901123, 80.25373029708862, 87.70499157905579, 80.92644000053406, 88.42533230781555, 81.66436219215393, 89.13092684745789, 82.35582184791565, 89.84599423408508, 83.01916790008545, 90.5439383983612, 83.67487525939941, 91.33343696594238, 84.37742900848389, 92.02077627182007, 85.11164546012878, 92.76223158836365, 85.87318682670593, 93.44070720672607, 86.53221368789673, 94.1264967918396, 87.25079607963562, 94.81630158424377, 87.94168829917908, 95.50364112854004, 88.63268423080444, 96.2959954738617, 89.36787271499634, 97.03643846511841, 90.09945154190063, 97.69300651550293, 90.73781204223633, 98.31434845924377, 91.38864612579346]
Final objective value with penalty: 
0.05395199124927792
Final TV norm without penalty
14.673105590075341
