Final evolution
[[-0.08197505-0.6411346j  -0.0247113 +0.35417693j  0.30488536+0.45256319j
  -0.38147574-0.11350026j]
 [-0.04110977+0.19612868j -0.65718713-0.45180685j  0.49927113+0.01598715j
  -0.24291953-0.12362048j]
 [ 0.14007946+0.46903195j  0.28256139+0.06981381j -0.15884667+0.0550977j
  -0.79308683-0.13570971j]
 [-0.11269334-0.53829085j -0.04397291-0.3889411j  -0.37531469-0.53251769j
  -0.33496845-0.08771722j]]

********* Summary *****************
Final fidelity error 0.35093745669821563
Final objective value 0.35538582410449265
Final norm value 0.004448367406277076
Final error 4.731090503792651e-06
Terminate reason Exceed the maximum number of iteration of ADMM
Number of iterations 200
Completed in 0:02:05.196575 HH:MM:SS.US
Time for each iteration [4.765637397766113, 2.4439356327056885, 8.08052396774292, 4.37738299369812, 9.350886583328247, 5.522631883621216, 10.862514019012451, 6.630399942398071, 11.969507932662964, 7.722142457962036, 13.401534795761108, 8.549170970916748, 14.348601341247559, 9.32687497138977, 15.27700138092041, 10.130142211914062, 16.21536636352539, 10.88587498664856, 17.168408155441284, 11.867047786712646, 17.9298574924469, 12.476885080337524, 18.544405221939087, 13.249221324920654, 19.150787353515625, 13.88211441040039, 19.78680443763733, 14.648654222488403, 20.419275760650635, 15.282741785049438, 21.223241329193115, 15.905775547027588, 21.843926429748535, 16.68141746520996, 22.47949767112732, 17.323127269744873, 23.06368374824524, 17.921382427215576, 23.686928272247314, 18.549686670303345, 24.282538175582886, 19.164679765701294, 24.906166076660156, 19.796565294265747, 25.527265071868896, 20.41480588912964, 25.995905876159668, 20.886553525924683, 26.63389563560486, 21.352882623672485, 27.24976658821106, 21.97859811782837, 27.911417484283447, 22.462021827697754, 28.39310073852539, 23.135491847991943, 28.99768567085266, 23.593295097351074, 29.603490829467773, 24.228768348693848, 30.070865631103516, 24.843191385269165, 30.696362733840942, 25.279938459396362, 31.33645009994507, 25.917003393173218, 31.91591477394104, 26.392657995224, 32.543254375457764, 27.001096487045288, 33.015766859054565, 27.6280677318573, 33.657570600509644, 28.0903742313385, 34.28285527229309, 28.716147422790527, 34.7377872467041, 29.29756999015808, 35.36401581764221, 29.744086027145386, 35.99339699745178, 30.197154760360718, 36.619885206222534, 30.812509298324585, 37.068031549453735, 31.42621374130249, 37.70449781417847, 31.91314435005188, 38.159990072250366, 32.539581298828125, 38.78704261779785, 33.045817375183105, 39.39473485946655, 33.51989150047302, 40.00548720359802, 34.14182376861572, 40.46139430999756, 34.82127356529236, 41.08916211128235, 35.2713668346405, 41.736483573913574, 35.72032451629639, 42.38171124458313, 36.327524185180664, 42.835771560668945, 36.941861391067505, 43.31624674797058, 37.56590032577515, 43.91725206375122, 38.0181303024292, 44.51209115982056, 38.47439622879028, 45.14097189903259, 38.94577169418335, 45.74600291252136, 39.603341579437256, 46.21540188789368, 40.09106469154358, 46.857778787612915, 40.54835081100464, 47.49408841133118, 41.16263437271118, 47.95683670043945, 41.60416650772095, 48.56702208518982, 42.05808639526367, 49.18062734603882, 42.69863677024841, 49.63911032676697, 43.14773225784302, 50.2624671459198, 43.598499059677124, 50.883464336395264, 44.04482293128967, 51.51084017753601, 44.50117230415344, 52.13547468185425, 45.112876653671265, 52.592421531677246, 45.5680205821991, 53.22340154647827, 46.03475880622864, 53.83282732963562, 46.508540391922, 54.493531703948975, 46.981985092163086, 55.10198426246643, 47.436896085739136, 55.717530965805054, 47.87497019767761, 56.394891023635864, 48.329713106155396, 57.01446270942688, 48.949641942977905, 57.48433780670166, 49.38535976409912, 58.09764838218689, 49.837732553482056, 58.71839165687561, 50.132970571517944, 59.330849170684814, 50.44932436943054, 59.93783116340637, 50.87197232246399, 60.543110847473145, 51.50351810455322, 60.80504274368286, 51.80226421356201, 61.07971143722534, 52.09162402153015, 61.369547605514526, 52.39090061187744, 61.6469886302948, 52.67670392990112, 61.94379544258118, 53.27873992919922, 62.54574394226074, 53.54645299911499, 62.8332359790802, 53.988157510757446, 63.43144941329956, 54.589863777160645, 63.716874837875366, 54.8696494102478, 64.00234961509705, 55.15732741355896, 64.44585847854614, 55.78945207595825, 64.72349190711975, 56.419177770614624, 65.35554766654968, 56.7201247215271, 65.6380684375763, 57.001306772232056, 65.91481423377991, 57.286678314208984, 66.3890368938446, 57.883628845214844, 66.68672227859497, 58.50985240936279]
Final objective value with penalty: 
0.36783559246445824
Final TV norm without penalty
3.379627153248521
