Final evolution
[[ 0.67262219+0.65544907j  0.05855077-0.06338276j  0.22393749+0.10933513j
  -0.09574331-0.19811966j]
 [ 0.09542316-0.02038592j  0.69097426+0.65118311j -0.15679058+0.0978535j
  -0.13238746+0.1931552j ]
 [ 0.20987812+0.08863912j -0.20140866+0.12659629j  0.03283922+0.06944814j
   0.6763012 +0.65438326j]
 [-0.10947651-0.21107802j -0.11031885+0.1493561j   0.62979707+0.70795016j
  -0.10552537+0.00317621j]]

********* Summary *****************
Final fidelity error 0.05624926542253483
Final objective value 0.05654001839165459
Final norm value 0.00029075296911973414
Final error 2.3791743243253564e-06
Terminate reason Exceed the maximum number of iteration of ADMM
Number of iterations 200
Completed in 0:05:59.432581 HH:MM:SS.US
Time for each iteration [24.996715545654297, 9.858822345733643, 31.990251064300537, 17.138240337371826, 38.299134969711304, 23.113054037094116, 42.535414695739746, 27.688409090042114, 47.40700340270996, 30.843014001846313, 51.28480505943298, 35.35982155799866, 53.94831109046936, 37.949973583221436, 56.49835205078125, 40.50715732574463, 59.02959370613098, 43.35325884819031, 61.53741788864136, 45.8607439994812, 64.36570286750793, 48.39004135131836, 67.22144627571106, 49.85714364051819, 69.16237330436707, 53.24668264389038, 71.03770184516907, 55.707266330718994, 73.47157454490662, 57.49282193183899, 75.08134412765503, 59.04857921600342, 77.02844619750977, 60.99463653564453, 78.93598461151123, 62.882670640945435, 80.88892674446106, 64.44800043106079, 82.43283033370972, 67.48117423057556, 83.99166941642761, 69.02264046669006, 85.53915429115295, 70.81996059417725, 87.53391551971436, 72.37994146347046, 90.15253639221191, 73.90688991546631, 91.7164409160614, 76.2346179485321, 93.28179287910461, 77.77155828475952, 94.45268750190735, 78.97636532783508, 96.01161932945251, 80.13437509536743, 97.17557430267334, 81.30134963989258, 98.3395483493805, 82.47934579849243, 99.50151991844177, 83.63527774810791, 100.67865371704102, 84.80441808700562, 101.86311531066895, 85.99060654640198, 103.07702684402466, 87.164479970932, 104.25798082351685, 88.34312605857849, 105.42492532730103, 89.52705574035645, 106.62890648841858, 90.70396900177002, 107.79787707328796, 91.87491273880005, 108.95985245704651, 93.06302118301392, 110.1347131729126, 94.3267776966095, 111.30202460289001, 95.50017023086548, 112.46536636352539, 96.71107339859009, 113.6986951828003, 97.89397096633911, 114.87073969841003, 99.05694079399109, 116.0416464805603, 100.21594858169556, 117.23961305618286, 101.41040086746216, 118.42433738708496, 102.57632851600647, 119.69694018363953, 103.79914617538452, 120.85590720176697, 104.9561550617218, 122.04196119308472, 106.12306809425354, 123.22180509567261, 107.2859697341919, 124.39334154129028, 108.46390104293823, 125.6056764125824, 109.67171692848206, 126.79251551628113, 110.84571623802185, 127.96059584617615, 112.02169990539551, 129.12017583847046, 113.19061017036438, 130.288476228714, 114.36568427085876, 131.4745695590973, 115.57749128341675, 132.64892888069153, 116.78377294540405, 133.80793356895447, 117.9527268409729, 135.00974464416504, 119.13061714172363, 136.199688911438, 120.33591365814209, 137.45476388931274, 121.86178159713745, 139.75871443748474, 123.50186324119568, 141.3099021911621, 125.68371248245239, 143.23498368263245, 127.48849701881409, 145.21184730529785, 129.53643250465393, 147.37871432304382, 130.82159423828125, 148.650621175766, 132.03940629959106, 149.83718085289001, 133.25019884109497, 151.01332354545593, 134.43810629844666, 152.21707916259766, 135.64488053321838, 153.3918628692627, 136.84996676445007, 154.85494303703308, 138.06474542617798, 156.12917709350586, 139.27710342407227, 157.4675853252411, 140.61954355239868, 158.69342970848083, 141.8193805217743, 159.8792917728424, 143.02054524421692, 161.1075041294098, 144.34307718276978, 162.31247687339783, 145.52908158302307, 163.9386432170868, 147.18617987632751, 165.48964071273804, 147.6788628101349, 166.70283198356628, 148.87620639801025, 167.91161632537842, 150.36325407028198, 169.585529088974, 151.89254236221313, 171.72384452819824, 153.35989689826965, 172.94727993011475, 154.54875588417053, 174.12719869613647, 155.74118494987488, 175.29811930656433, 156.92518973350525, 176.47105383872986, 158.10615134239197, 177.65693998336792, 159.28601574897766, 178.86406469345093, 160.5245053768158, 180.14217400550842, 162.02618741989136, 181.41181635856628, 163.23749423027039, 182.62611961364746, 164.53843069076538, 183.8296296596527, 165.72150921821594, 185.0076584815979, 166.88742542266846, 186.1706738471985, 168.10700154304504, 187.35557961463928, 169.62575840950012, 188.62850975990295, 170.80407118797302]
Final objective value with penalty: 
0.06867815859464843
