Final evolution
[[-7.07107015e-01-7.07106544e-01j  1.01615353e-05-2.04485464e-05j
   3.88011175e-05+3.37016815e-05j  8.46473531e-07-4.86283987e-05j]
 [ 2.04473172e-05-1.01636237e-05j -7.07127132e-01-7.07086429e-01j
  -1.27854429e-05-2.04053412e-07j -1.72649131e-05+2.46381889e-05j]
 [ 4.86278269e-05-8.41571460e-07j -2.46371629e-05+1.72651723e-05j
  -2.38928623e-06+7.81744435e-05j -7.07083832e-01-7.07129723e-01j]
 [-3.36995442e-05-3.88038978e-05j  2.04722009e-07+1.27867534e-05j
  -7.07109136e-01-7.07104420e-01j -7.81739165e-05+2.38444750e-06j]]

********* Summary *****************
Final fidelity error 3.4149905125957503e-09
Final objective value 3.4171305350745556e-09
Final norm value 2.1400659022674517e-12
Final error 4.814971797761942e-35
Terminate reason Exceed the maximum number of iteration of ADMM
Number of iterations 200
Completed in 0:12:54.371873 HH:MM:SS.US
Time for each iteration [18.965596437454224, 15.480960845947266, 39.79652786254883, 36.9423508644104, 60.55102753639221, 66.23139595985413, 89.76818323135376, 92.96256947517395, 115.78921127319336, 122.2116847038269, 145.1466875076294, 153.5756380558014, 174.17716932296753, 181.5739781856537, 190.83236122131348, 194.8190095424652, 204.27640295028687, 204.79764604568481, 214.16858959197998, 212.7013144493103, 220.68101596832275, 218.76666259765625, 226.47809267044067, 220.5971040725708, 228.2901201248169, 222.48662090301514, 230.15754461288452, 224.34030628204346, 231.99591732025146, 226.1612343788147, 233.835298538208, 228.02280163764954, 235.6840832233429, 230.06442093849182, 237.7276566028595, 231.93705868721008, 239.55438351631165, 233.77270221710205, 241.37352013587952, 235.59954357147217, 243.21249294281006, 237.4611313343048, 245.03591465950012, 239.29037857055664, 246.91152954101562, 241.15184712409973, 248.73361492156982, 242.99592876434326, 250.5993673801422, 244.91399693489075, 252.45386910438538, 246.76183605194092, 254.27087235450745, 248.58342099189758, 256.09135222435, 250.4323456287384, 257.95851850509644, 252.32808327674866, 259.78787779808044, 254.1932761669159, 261.6430151462555, 256.02946281433105, 263.50428891181946, 257.8506968021393, 265.3294837474823, 259.7445185184479, 267.2119824886322, 261.59257411956787, 269.0395522117615, 263.41223669052124, 270.87002539634705, 265.2503583431244, 272.722083568573, 267.1143970489502, 274.5794038772583, 268.95455527305603, 276.4040219783783, 270.7820088863373, 278.21253395080566, 272.60519790649414, 280.0764322280884, 274.4665231704712, 281.9224646091461, 276.3273458480835, 283.7352855205536, 278.13074016571045, 285.58497858047485, 279.97508788108826, 287.4015941619873, 281.8378653526306, 289.27234864234924, 283.66484212875366, 291.082097530365, 285.49118423461914, 292.91675782203674, 287.33310174942017, 294.745801448822, 289.1932508945465, 296.6418797969818, 291.0267481803894, 298.47161054611206, 292.86670184135437, 300.32699060440063, 294.67717719078064, 302.1621825695038, 296.519410610199, 304.04164481163025, 298.35079431533813, 305.86849904060364, 300.2148425579071, 307.71479892730713, 302.0357835292816, 309.5429787635803, 303.8689658641815, 311.4312560558319, 305.71633195877075, 313.2786076068878, 307.5722436904907, 315.13212275505066, 309.4136130809784, 316.9436984062195, 311.24832034111023, 318.82948541641235, 313.11059975624084, 320.6584515571594, 314.9368586540222, 322.4662802219391, 316.7820739746094, 324.32188081741333, 318.60681891441345, 326.2184896469116, 320.4847836494446, 328.04053258895874, 322.32791924476624, 329.8679208755493, 324.1868622303009, 331.73153924942017, 326.005206823349, 333.5982894897461, 327.83814668655396, 335.4215199947357, 329.66412591934204, 337.2683436870575, 331.78140354156494, 339.29908752441406, 333.66905760765076, 341.2320981025696, 335.56690859794617, 343.1214699745178, 337.4224441051483, 344.95322370529175, 339.2321903705597, 346.7990245819092, 341.091646194458, 348.6782937049866, 342.9589726924896, 350.50326466560364, 344.81578731536865, 352.34356808662415, 346.67461228370667, 354.20972180366516, 348.4989128112793, 356.0998260974884, 350.37026143074036, 357.92141461372375, 352.2194013595581, 359.7484793663025, 354.0212607383728, 361.6026785373688, 355.8506715297699, 363.4864721298218, 357.70767283439636, 365.3305356502533, 359.5360667705536, 367.15648221969604, 361.3669011592865, 368.9847548007965, 363.213339805603, 370.87487292289734, 365.3817446231842, 372.7153820991516, 367.2331774234772, 374.5650975704193, 369.473552942276, 376.91421151161194, 371.37811756134033, 378.78744554519653, 373.21463322639465, 380.69287395477295, 375.16758608818054, 382.544721364975, 377.01931262016296, 384.4225437641144, 378.85549807548523, 386.3186283111572, 380.7168734073639, 388.14133167266846, 382.5620787143707, 389.99175691604614, 384.38011622428894]
Final objective value with penalty: 
3.447272940993466e-09
Final TV norm without penalty
32.28242839771568
