Final evolution
[[ 0.62438579+0.67096152j  0.2167626 -0.03981484j  0.10146857-0.0328559j
  -0.04971951-0.31230491j]
 [ 0.17401991-0.07733014j  0.62084789+0.52558727j -0.31308562+0.01087108j
   0.17987088+0.41418441j]
 [ 0.28988183+0.04255523j -0.33028012-0.02040941j  0.45176309+0.08411344j
   0.59669912+0.48727947j]
 [ 0.02421228-0.19303234j  0.06490754+0.4195476j   0.46228483+0.68235739j
  -0.17461255-0.26853434j]]

********* Summary *****************
Final fidelity error 0.17430887211322577
Final objective value 0.4960388760068104
Final norm value 0.32173000389358464
Final error 3.743877904480022e-06
Terminate reason Exceed the maximum number of iteration of ADMM
Number of iterations 200
Completed in 0:05:51.657926 HH:MM:SS.US
Time for each iteration [24.953518390655518, 12.850584268569946, 33.361868381500244, 22.400090217590332, 41.05774712562561, 27.684143781661987, 46.99996757507324, 33.324055910110474, 53.05200910568237, 37.46717596054077, 56.848653078079224, 40.83323097229004, 60.230361223220825, 44.180304288864136, 63.5578875541687, 46.89024639129639, 65.45778441429138, 48.8083381652832, 67.0003273487091, 50.36136174201965, 70.34958791732788, 51.92928719520569, 73.39418315887451, 54.94201350212097, 74.9570779800415, 56.51313376426697, 76.89397692680359, 58.08820033073425, 78.08702611923218, 61.52534508705139, 79.29391932487488, 62.702338218688965, 82.3545458316803, 64.30344033241272, 85.0266604423523, 65.52871203422546, 86.58315873146057, 66.75004529953003, 88.20731282234192, 68.34599447250366, 89.77726817131042, 69.53990149497986, 91.32650136947632, 70.76077723503113, 92.89423489570618, 71.93763780593872, 94.46026277542114, 73.50363540649414, 96.13323831558228, 75.111985206604, 97.73496580123901, 76.71030855178833, 99.28480982780457, 78.26712036132812, 100.82571625709534, 79.83901691436768, 102.37308931350708, 81.42485809326172, 103.93626356124878, 82.97875499725342, 105.49529886245728, 84.52281069755554, 107.13745212554932, 86.12476134300232, 108.80007672309875, 87.67365026473999, 110.36511182785034, 89.27264714241028, 111.91141104698181, 90.83194971084595, 113.44971752166748, 92.3999183177948, 114.9806604385376, 94.00086903572083, 116.51869225502014, 95.5507550239563, 118.10754776000977, 97.10481333732605, 119.65848398208618, 98.28767776489258, 120.8720109462738, 99.49586153030396, 122.04209065437317, 100.68784642219543, 123.22293424606323, 101.88982915878296, 124.39885187149048, 103.0662271976471, 125.66543006896973, 104.26402497291565, 126.8667562007904, 105.46387529373169, 128.07053232192993, 106.73017477989197, 129.26137781143188, 107.9310655593872, 130.47284245491028, 109.17724514007568, 131.69173121452332, 110.36814308166504, 132.92733311653137, 111.60159635543823, 134.10419297218323, 112.79705238342285, 135.30966711044312, 113.99301648139954, 136.50555658340454, 115.16350483894348, 137.69102478027344, 116.36826539039612, 138.90277528762817, 117.57160091400146, 140.08566308021545, 118.82913064956665, 141.29558205604553, 120.0110969543457, 142.5130422115326, 121.20095109939575, 143.72991609573364, 122.39777731895447, 144.91843008995056, 123.6105842590332, 146.1173768043518, 124.802565574646, 147.32016944885254, 126.01650857925415, 148.56901121139526, 127.21578049659729, 149.78079652786255, 128.41205596923828, 150.96165704727173, 129.61783242225647, 152.18169450759888, 130.81466364860535, 153.3694236278534, 131.9935131072998, 154.55425667762756, 133.17649722099304, 155.84391498565674, 134.39035844802856, 157.03096842765808, 135.59286642074585, 158.2218770980835, 136.81627988815308, 159.44021463394165, 138.00741600990295, 160.66911435127258, 139.20439529418945, 161.84404301643372, 140.4142725467682, 163.05380868911743, 141.63995838165283, 164.22370624542236, 142.84004402160645, 165.4525923728943, 144.0342676639557, 166.62650752067566, 145.2092306613922, 167.82528448104858, 146.42249703407288, 169.04402685165405, 147.62335729599, 170.22194504737854, 148.88974952697754, 171.42176413536072, 150.06316876411438, 172.60271859169006, 151.2499701976776, 173.79164171218872, 152.51010847091675, 175.0808928012848, 153.76786732673645, 176.27195739746094, 154.94494652748108, 177.49069166183472, 155.4087736606598, 177.99795937538147, 155.91743063926697, 179.19791555404663, 157.0983064174652, 179.662691116333, 157.56508541107178, 180.15339612960815, 158.03089690208435, 180.61815977096558, 159.21679949760437, 181.7940318584442, 159.69256114959717, 182.2478585243225, 160.16082549095154, 183.45962643623352, 161.34785318374634, 183.94274640083313, 161.8196017742157, 185.12025833129883, 162.99782156944275, 185.68292093276978, 164.33635807037354, 186.8548402786255, 164.80308604240417]
Final objective value with penalty: 
0.2890381508619979
