Final evolution
[[ 0.00913954-0.58959715j  0.0700175 +0.50090939j  0.27995017+0.19469293j
  -0.52829443-0.03326518j]
 [-0.3361623 +0.25604126j -0.60415101-0.25796383j  0.52156042-0.00782258j
  -0.33959376-0.04983586j]
 [ 0.07497945+0.37487952j  0.30824084-0.15803765j -0.36172012-0.10606236j
  -0.74470116-0.19283316j]
 [ 0.06056978-0.56912581j -0.24191415-0.36624143j -0.21828678-0.64953546j
  -0.09618545-0.03122182j]]

********* Summary *****************
Final fidelity error 0.4253683681963363
Final objective value 2.3357116561449853
Final norm value 1.910343287948649
Final error 3.5596276036370306e-07
Terminate reason Exceed the maximum number of iteration of ADMM
Number of iterations 200
Completed in 0:02:45.999538 HH:MM:SS.US
Time for each iteration [4.952901124954224, 3.3508059978485107, 8.919114828109741, 7.7255942821502686, 13.40247392654419, 10.214246988296509, 16.69065833091736, 11.492538928985596, 18.157102823257446, 12.63289999961853, 19.45399045944214, 13.590502738952637, 21.486420392990112, 14.94669222831726, 22.81820797920227, 16.573521375656128, 24.08665108680725, 17.702107667922974, 26.152752161026, 18.805031299591064, 27.790005922317505, 20.216441869735718, 29.258413314819336, 22.059598684310913, 30.743623733520508, 23.289440870285034, 32.68846583366394, 24.242343425750732, 33.93693947792053, 25.833789587020874, 40.81977391242981, 29.549561023712158, 43.54165029525757, 30.660781145095825, 44.85006546974182, 33.04833674430847, 45.99785304069519, 34.38024425506592, 48.52443552017212, 35.532267570495605, 49.69603705406189, 36.73697876930237, 50.5664849281311, 37.40503740310669, 51.216038942337036, 38.03400206565857, 51.840893507003784, 38.674477338790894, 52.59466767311096, 39.32849144935608, 53.22582030296326, 39.95541286468506, 53.866291761398315, 40.70196294784546, 54.61261558532715, 41.37368083000183, 55.25309085845947, 42.01147937774658, 55.86581063270569, 42.63058924674988, 56.491201400756836, 43.29892158508301, 57.14730215072632, 44.00187945365906, 57.83272957801819, 44.678359031677246, 58.49810457229614, 45.39694690704346, 59.20106029510498, 46.02103853225708, 59.81974935531616, 46.61282682418823, 60.27276873588562, 47.237680435180664, 60.94101548194885, 47.70632028579712, 61.5539927482605, 48.33117413520813, 62.00701284408569, 48.98727011680603, 62.47618317604065, 49.632019996643066, 62.941545724868774, 50.253313302993774, 63.41018629074097, 50.89378905296326, 63.72263813018799, 51.53226709365845, 64.19075226783752, 52.15145659446716, 64.69063997268677, 52.819655418395996, 65.32732105255127, 53.11056113243103, 65.61056804656982, 53.40737342834473, 66.21979403495789, 54.02865171432495, 66.50097846984863, 54.48167181015015, 67.12212538719177, 55.13138222694397, 67.4220085144043, 55.44010519981384, 68.04686307907104, 56.09272837638855, 68.35928606987, 56.71758270263672, 68.98413968086243, 57.01438856124878, 69.6157693862915, 57.65486407279968, 69.89695358276367, 58.30190372467041, 70.53742909431458, 58.598708629608154, 71.2716338634491, 59.2678062915802, 71.56876039505005, 59.893028020858765, 72.0217797756195, 60.514543771743774, 72.63721656799316, 60.814552545547485, 72.93402218818665, 61.11135745048523, 73.55887722969055, 61.73244762420654, 73.85568308830261, 62.01363182067871, 74.14656782150269, 62.468812704086304, 74.77142190933228, 62.75886011123657, 75.41298866271973, 63.21187925338745, 76.05346393585205, 63.66489887237549, 76.67606544494629, 64.11791801452637, 77.30092024803162, 64.39910173416138, 77.9263904094696, 64.84984588623047, 78.54315400123596, 65.33410811424255, 79.16800785064697, 65.80274939537048, 79.9268856048584, 66.40466785430908, 80.2513792514801, 66.70766091346741, 80.55227279663086, 67.00446891784668, 80.84262371063232, 67.30451917648315, 81.13287782669067, 67.60464382171631, 81.42968344688416, 67.87020707130432, 81.7264895439148, 68.14492130279541, 82.35342240333557, 68.75415325164795, 82.65022873878479, 69.02659606933594, 83.10647678375244, 69.64053511619568, 83.71793508529663, 69.921719789505, 83.99266123771667, 70.20507216453552, 84.60189414024353, 70.82326793670654, 84.88634443283081, 71.1200737953186, 85.49557733535767, 71.71368527412415, 85.7901840209961, 71.9947419166565, 86.4047863483429, 72.61959600448608, 86.70928859710693, 72.9048867225647, 87.16230773925781, 73.53946471214294, 87.78925824165344, 73.82064890861511, 88.07044291496277, 74.1174545288086, 88.36096382141113, 74.58185195922852, 88.98996424674988, 75.18249678611755, 89.2867705821991, 75.46368026733398, 89.567955493927, 75.75775837898254, 89.88536047935486, 76.11417770385742]
Final objective value with penalty: 
0.5348162568893755
Final TV norm without penalty
1.0944788869303923
Final evolution
[[ 0.00913954-0.58959715j  0.0700175 +0.50090939j  0.27995017+0.19469293j
  -0.52829443-0.03326518j]
 [-0.3361623 +0.25604126j -0.60415101-0.25796383j  0.52156042-0.00782258j
  -0.33959376-0.04983586j]
 [ 0.07497945+0.37487952j  0.30824084-0.15803765j -0.36172012-0.10606236j
  -0.74470116-0.19283316j]
 [ 0.06056978-0.56912581j -0.24191415-0.36624143j -0.21828678-0.64953546j
  -0.09618545-0.03122182j]]

********* Summary *****************
Final fidelity error 0.4253683681963363
Final objective value 2.3357116561449853
Final norm value 1.910343287948649
Final error 3.5596276036370306e-07
Terminate reason Exceed the maximum number of iteration of ADMM
Number of iterations 200
Completed in 0:05:19.079393 HH:MM:SS.US
Time for each iteration [5.602904558181763, 4.270810127258301, 10.451692581176758, 9.022837162017822, 15.418483972549438, 11.770262002944946, 18.953328371047974, 13.365864038467407, 20.687763452529907, 14.800245761871338, 24.35848045349121, 17.52025532722473, 29.98297429084778, 21.064270973205566, 32.01281499862671, 23.169569492340088, 33.65929555892944, 24.589558362960815, 35.92346262931824, 25.835346698760986, 37.77339720726013, 27.412822723388672, 39.41977334022522, 29.63868474960327, 41.003175497055054, 31.013696908950806, 43.44197177886963, 32.17235040664673, 45.04449796676636, 34.08588719367981, 53.44841694831848, 38.541404247283936, 58.393821239471436, 41.56274724006653, 61.762505292892456, 46.584360122680664, 64.64169836044312, 50.195805311203, 71.5474750995636, 53.27519178390503, 74.73647284507751, 56.49154806137085, 77.02408218383789, 58.29767894744873, 78.77798175811768, 60.10594964027405, 80.44469928741455, 61.88236737251282, 82.22935748100281, 63.6729941368103, 84.05358052253723, 65.43168950080872, 85.8089017868042, 67.2649130821228, 87.42760753631592, 69.03987073898315, 89.23186659812927, 70.83569478988647, 91.00845003128052, 72.58807420730591, 92.79475808143616, 74.37058186531067, 94.54941272735596, 76.04604959487915, 96.42224168777466, 77.90191984176636, 98.28647351264954, 79.21709561347961, 99.32936716079712, 80.34658885002136, 100.52250146865845, 81.51870274543762, 101.29382348060608, 82.80489373207092, 102.1400032043457, 83.58686637878418, 103.75852513313293, 84.53154420852661, 104.98333525657654, 85.82174348831177, 105.65810084342957, 87.00984311103821, 106.78184533119202, 88.06355881690979, 107.74395298957825, 89.01312041282654, 108.16650438308716, 90.63853597640991, 108.85211968421936, 91.66426229476929, 109.47518396377563, 92.54460191726685, 110.57881307601929, 92.90501093864441, 110.9406349658966, 93.27284836769104, 111.73368287086487, 94.88741874694824, 112.55967807769775, 96.10881161689758, 114.23942852020264, 97.81734108924866, 114.97450590133667, 98.45204639434814, 116.48890233039856, 99.72265601158142, 117.27406740188599, 101.36882829666138, 119.0309088230133, 102.1715738773346, 120.77234363555908, 103.79901123046875, 121.4461076259613, 105.54961824417114, 123.20001316070557, 106.19776654243469, 124.94473552703857, 107.98756504058838, 125.78069114685059, 109.73993396759033, 127.06991982460022, 111.54596376419067, 128.79825615882874, 112.37082552909851, 129.6380500793457, 113.1997537612915, 131.28562569618225, 114.95315885543823, 132.12070608139038, 115.79549813270569, 132.92785501480103, 117.18818736076355, 134.6563880443573, 118.04857969284058, 136.48139643669128, 118.92427349090576, 137.3346610069275, 119.62254190444946, 138.1754515171051, 120.40560150146484, 138.91666340827942, 120.80239057540894, 139.80386471748352, 121.37884569168091, 140.60731172561646, 121.96909499168396, 141.7372646331787, 122.65073132514954, 142.95470237731934, 124.43924331665039, 143.8132290840149, 125.2654447555542, 144.65327525138855, 126.10277080535889, 145.39831352233887, 126.92875146865845, 146.20585680007935, 127.72493267059326, 146.9354019165039, 128.55274415016174, 147.72271084785461, 129.39968371391296, 149.5892276763916, 131.2184453010559, 150.4211940765381, 132.0265371799469, 151.75356197357178, 133.82269096374512, 153.62872648239136, 134.6153106689453, 154.39887070655823, 135.4418649673462, 156.4271755218506, 137.52637791633606, 157.38922595977783, 138.34943771362305, 159.1900405883789, 140.1765604019165, 160.02643704414368, 141.01695132255554, 161.8803243637085, 142.72945475578308, 162.71526217460632, 143.5726399421692, 164.02011036872864, 145.4037127494812, 165.67717242240906, 145.77358675003052, 166.5034303665161, 146.16545867919922, 166.90042972564697, 146.8078498840332, 168.10207605361938, 148.1192171573639, 168.6004557609558, 148.8741011619568, 168.99337458610535, 149.25348567962646, 169.49849653244019, 149.5808961391449]
Final objective value with penalty: 
0.5348162568893755
Final TV norm without penalty
1.0944788869303923
