Final evolution
[[ 0.62512743+0.67014546j  0.21789869-0.03985403j  0.10120331-0.03457306j
  -0.05023343-0.31159553j]
 [ 0.17279527-0.07767951j  0.62078359+0.52594708j -0.3124018 +0.00843172j
   0.17913015+0.41516443j]
 [ 0.29054224+0.04155068j -0.32996885-0.01934555j  0.45211843+0.0832428j
   0.59824933+0.48514159j]
 [ 0.02625736-0.19338496j  0.06592926+0.41873484j  0.45957323+0.68436001j
  -0.17350445-0.26938319j]]

********* Summary *****************
Final fidelity error 0.17449924310562426
Final objective value 0.33659467817719857
Final norm value 0.1620954350715743
Final error 5.715507394135939e-07
Terminate reason Exceed the maximum number of iteration of ADMM
Number of iterations 200
Completed in 0:06:45.015810 HH:MM:SS.US
Time for each iteration [29.568403482437134, 10.46678876876831, 39.283284187316895, 19.151549339294434, 46.72574067115784, 29.364302396774292, 52.6897988319397, 37.223042249679565, 55.71322989463806, 41.377588510513306, 58.366724491119385, 46.58410358428955, 61.408989667892456, 50.35725975036621, 64.0678060054779, 53.71187877655029, 67.82951593399048, 56.77591300010681, 69.85256791114807, 58.69928169250488, 73.6080493927002, 60.63168549537659, 77.71447157859802, 62.983601093292236, 81.08790731430054, 64.929860830307, 85.21818923950195, 67.59698796272278, 87.21645760536194, 70.6221694946289, 89.16724467277527, 72.57220983505249, 91.16021156311035, 74.50398898124695, 93.07990574836731, 76.46295285224915, 95.01358842849731, 78.61633229255676, 96.94047546386719, 80.63036561012268, 98.49282813072205, 82.26524567604065, 100.42935299873352, 83.88483047485352, 102.3289909362793, 86.01552653312683, 104.33001160621643, 87.96572780609131, 106.2986786365509, 89.90504908561707, 107.8537073135376, 91.46928524971008, 109.86039185523987, 93.38804650306702, 111.42588496208191, 94.97529792785645, 112.9765932559967, 96.51687288284302, 114.54980158805847, 98.09117484092712, 116.11311626434326, 99.69431447982788, 117.66782903671265, 101.24767327308655, 119.22843909263611, 102.78582382202148, 120.7846827507019, 104.31938004493713, 122.36703133583069, 105.87309551239014, 123.97156691551208, 107.43490886688232, 125.5413703918457, 108.99597072601318, 127.07891917228699, 110.55377078056335, 128.6537492275238, 112.12418818473816, 130.2331087589264, 113.67519092559814, 131.8722608089447, 115.63564586639404, 133.7484838962555, 117.6047899723053, 135.69265723228455, 119.3258421421051, 137.25836849212646, 120.85014319419861, 138.88595461845398, 122.44169759750366, 140.4350140094757, 124.00515460968018, 142.02083039283752, 125.55860996246338, 143.5956325531006, 127.11455821990967, 145.16048073768616, 128.6628851890564, 146.78850197792053, 130.22261476516724, 148.37102437019348, 131.81153631210327, 149.94971799850464, 133.38250470161438, 151.49848794937134, 134.92571711540222, 153.06315326690674, 136.51135349273682, 154.63335275650024, 138.07004046440125, 156.19035458564758, 139.61137199401855, 157.74661874771118, 141.29965209960938, 159.57185673713684, 142.94507312774658, 160.7572112083435, 144.56142663955688, 161.96107244491577, 145.74925446510315, 163.18880915641785, 146.93937969207764, 164.38516569137573, 148.13098764419556, 165.59175181388855, 149.32184171676636, 166.78496766090393, 150.5269377231598, 167.96774005889893, 151.75004529953003, 169.19387674331665, 152.95353031158447, 170.40650081634521, 154.14744591712952, 171.6372833251953, 155.3584475517273, 172.86199712753296, 156.55654954910278, 174.06050443649292, 157.74631810188293, 175.2678406238556, 158.93226027488708, 176.51465892791748, 160.1124017238617, 177.7089421749115, 161.30972266197205, 178.91512179374695, 162.53803086280823, 180.14735507965088, 163.72889804840088, 181.34602737426758, 164.91474080085754, 182.5399272441864, 166.10837864875793, 183.78678822517395, 167.30992484092712, 184.97621321678162, 168.50719690322876, 186.168625831604, 169.697674036026, 187.35934472084045, 170.8811571598053, 188.53842902183533, 172.1745457649231, 189.77190852165222, 173.38125324249268, 191.01069951057434, 174.6086277961731, 192.2165093421936, 175.80007028579712, 193.42018246650696, 177.01248717308044, 194.61812901496887, 178.20217871665955, 195.8162922859192, 179.4210388660431, 197.0105104446411, 180.61732530593872, 198.2053623199463, 182.00890398025513, 199.43813252449036, 183.21314072608948, 200.64244747161865, 184.4054868221283, 201.85810446739197, 185.59474349021912, 203.04586791992188, 186.85327744483948, 204.55438351631165, 188.29535841941833, 205.76907086372375, 189.5469491481781, 206.97857761383057, 190.83285927772522, 208.1906476020813, 192.03779101371765, 209.39334678649902, 193.2439935207367, 210.57745027542114, 194.43835997581482]
Final objective value with penalty: 
0.2885389549715057
