Final evolution
[[-0.07542735-0.64423865j -0.03217295+0.33544882j  0.31197433+0.4623574j
  -0.37654752-0.11320723j]
 [-0.037038  +0.18606184j -0.65482752-0.47439703j  0.48704445+0.00146975j
  -0.22940431-0.14253686j]
 [ 0.13288005+0.47184211j  0.27904089+0.06119443j -0.14654193+0.07378277j
  -0.79801033-0.11983492j]
 [-0.1096867 -0.53940077j -0.02297663-0.38787995j -0.39208273-0.52061108j
  -0.33940617-0.07794578j]]

********* Summary *****************
Final fidelity error 0.348938148209315
Final objective value 0.34893875952464937
Final norm value 6.11315334353435e-07
Final error 6.046080153266972e-14
Terminate reason Exceed the maximum number of iteration of ADMM
Number of iterations 200
Completed in 0:01:11.969022 HH:MM:SS.US
Time for each iteration [1.498607873916626, 1.6328928470611572, 2.598129987716675, 2.621121883392334, 3.4839086532592773, 3.3084611892700195, 4.17945671081543, 3.9958016872406006, 4.971567869186401, 4.692936658859253, 5.551658630371094, 5.2865519523620605, 6.156392574310303, 5.864541530609131, 6.746353387832642, 6.5518810749053955, 7.336256265640259, 7.157492637634277, 8.033387422561646, 7.846927642822266, 8.63675594329834, 8.442628860473633, 9.22587513923645, 9.029597520828247, 9.788243532180786, 9.638830423355103, 10.394783973693848, 10.220753192901611, 10.96596074104309, 10.628970623016357, 11.366451263427734, 11.015324592590332, 11.943856239318848, 11.705296754837036, 12.54651951789856, 12.076615571975708, 12.939171314239502, 12.451525449752808, 13.329704761505127, 12.84205937385559, 13.720239639282227, 13.230207204818726, 14.118029832839966, 13.605118989944458, 14.492942571640015, 13.90192437171936, 14.782381772994995, 14.178438663482666, 15.063565254211426, 14.459623336791992, 15.360370397567749, 14.734935760498047, 15.64362645149231, 15.047362089157104, 15.924810647964478, 15.344167709350586, 16.205995082855225, 15.625351667404175, 16.48717975616455, 15.915510177612305, 16.77047038078308, 16.196693420410156, 17.051655530929565, 16.477877140045166, 17.332839727401733, 16.759061813354492, 17.60961389541626, 17.04024648666382, 17.90641975402832, 17.3370521068573, 18.18760395050049, 17.618241786956787, 18.463019371032715, 17.90149998664856, 18.755059957504272, 18.19353461265564, 19.023759126663208, 18.4867262840271, 19.304943561553955, 18.78353190422058, 19.58612823486328, 19.06471610069275, 19.867314338684082, 19.361519813537598, 20.13096022605896, 19.64209771156311, 20.416302919387817, 19.938904285430908, 20.697486400604248, 20.249433517456055, 20.965769052505493, 20.52469825744629, 21.258023023605347, 20.792945623397827, 21.536279916763306, 21.062225818634033, 21.80456280708313, 21.334498643875122, 22.06885600090027, 21.614749670028687, 22.333150386810303, 21.889021158218384, 22.61040949821472, 22.180272102355957, 22.882683277130127, 22.461519479751587, 23.170912742614746, 22.744779109954834, 23.446190357208252, 23.0195529460907, 23.723448753356934, 23.29382038116455, 23.98874568939209, 23.560498476028442, 24.2703800201416, 23.841681241989136, 24.535942554473877, 24.138487339019775, 24.817126274108887, 24.41378426551819, 25.099366664886475, 24.69496774673462, 25.38055181503296, 24.976152181625366, 25.661736249923706, 25.272958040237427, 25.958542585372925, 25.551964044570923, 26.25534963607788, 25.833146810531616, 26.529316186904907, 26.13100790977478, 26.80636239051819, 26.421677112579346, 27.090632677078247, 26.70286226272583, 27.3718159198761, 27.01079034805298, 27.662834405899048, 27.27843165397644, 27.95964217185974, 27.559614181518555, 28.256447792053223, 27.8407986164093, 28.53763198852539, 28.131905794143677, 28.820919513702393, 28.41354990005493, 29.1119327545166, 28.683477640151978, 29.39311718940735, 28.964661121368408, 29.684075832366943, 29.247924089431763, 29.991244554519653, 29.54473090171814, 30.272428035736084, 29.825916528701782, 30.569233894348145, 30.107099056243896, 30.85041880607605, 30.384841442108154, 31.125767946243286, 30.668110132217407, 31.406952381134033, 30.94345712661743, 31.69023609161377, 31.233458518981934, 31.990275621414185, 31.5146427154541, 32.2870831489563, 31.79121232032776, 32.57968759536743, 32.074503898620605, 32.860867500305176, 32.35568857192993, 33.142051458358765, 32.636873960494995, 33.42323398590088, 32.91805982589722, 33.70256209373474, 33.19701385498047, 33.9858980178833, 33.47153663635254, 34.27016067504883, 33.752721309661865, 34.54541730880737, 34.03598928451538, 34.82660388946533, 34.33279490470886, 35.10817551612854, 34.60041832923889, 35.38935995101929, 34.88160276412964, 35.670544147491455, 35.14716577529907, 35.96056628227234, 35.430466413497925, 36.257370948791504, 35.71165060997009]
Final objective value with penalty: 
0.34901044631842504
Final TV norm without penalty
7.229810911002498
