Final evolution
[[-0.07442044-0.64241636j  0.10110636+0.49692481j  0.25245467+0.24928152j
  -0.43984949-0.07255231j]
 [-0.21823245+0.28129582j -0.6094486 -0.19451335j  0.55464363+0.02864943j
  -0.38533521-0.08396813j]
 [ 0.14862558+0.37927254j  0.36547305-0.06478834j -0.29951783-0.0604649j
  -0.73148336-0.26049925j]
 [-0.01826589-0.53734459j -0.18783266-0.4006632j  -0.1825139 -0.6625683j
  -0.1683504 -0.12027093j]]

********* Summary *****************
Final fidelity error 0.4057164475093842
Final objective value 0.8889030133468139
Final norm value 0.4831865658374297
Final error 2.2936301611324065e-06
Terminate reason Exceed the maximum number of iteration of ADMM
Number of iterations 200
Completed in 0:01:46.594445 HH:MM:SS.US
Time for each iteration [1.5027010440826416, 2.2051117420196533, 4.222165822982788, 4.644580841064453, 6.73196816444397, 5.930606126785278, 8.334621906280518, 6.740866184234619, 9.411708116531372, 7.682467460632324, 10.453693866729736, 9.441812753677368, 13.238020181655884, 11.955345153808594, 15.438755989074707, 15.15142560005188, 16.916011571884155, 16.400014877319336, 17.934069633483887, 17.5267014503479, 18.949584245681763, 18.64667296409607, 19.951536178588867, 19.697725296020508, 20.846027374267578, 20.241272687911987, 21.28611922264099, 20.674150943756104, 21.828428745269775, 21.102007389068604, 22.255828857421875, 21.539506912231445, 22.805360794067383, 21.96736240386963, 23.250768661499023, 22.643555641174316, 23.7018141746521, 23.081509828567505, 24.809738874435425, 23.51957607269287, 25.245574474334717, 24.01328730583191, 25.75455403327942, 24.471070766448975, 26.312336444854736, 24.918578624725342, 26.745614528656006, 25.34893822669983, 27.18495273590088, 25.77842092514038, 27.629323959350586, 26.20744800567627, 28.10558819770813, 26.696895837783813, 28.55833077430725, 27.13892889022827, 29.02691149711609, 27.5898756980896, 29.479015111923218, 28.044588327407837, 29.928845405578613, 28.495919466018677, 30.369803428649902, 28.944721698760986, 30.8156099319458, 29.384732961654663, 31.272897243499756, 29.827549934387207, 31.725260496139526, 30.275147438049316, 32.15462946891785, 30.71357822418213, 32.580214500427246, 31.145984172821045, 33.00906848907471, 31.57259178161621, 33.43991780281067, 32.00360727310181, 33.87276077270508, 32.44510340690613, 34.312883138656616, 32.88111186027527, 34.63156723976135, 33.31694746017456, 34.95234489440918, 33.744497299194336, 35.27811598777771, 34.23618221282959, 35.731210231781006, 34.44022274017334, 36.05729103088379, 34.867135763168335, 36.37843179702759, 35.30741858482361, 36.69081211090088, 35.73824214935303, 37.12964057922363, 35.938215255737305, 37.356019258499146, 36.3998908996582, 37.80574870109558, 36.613319873809814, 38.125892877578735, 37.055026054382324, 38.58176136016846, 37.274439573287964, 38.90689182281494, 37.717971324920654, 39.338196754455566, 37.92441964149475, 39.668314695358276, 38.35429763793945, 40.1101713180542, 38.55502223968506, 40.43529963493347, 38.988166093826294, 40.88778567314148, 39.20546078681946, 41.217960357666016, 39.65420436859131, 41.65479350090027, 39.8576602935791, 41.855140209198, 40.29190111160278, 42.28568410873413, 40.49236583709717, 42.48714590072632, 40.91992402076721, 42.918992042541504, 41.12138485908508, 43.15203785896301, 41.47918081283569, 43.603830337524414, 41.92074251174927, 43.80820298194885, 42.124274015426636, 44.0086669921875, 42.444419145584106, 44.43452835083008, 42.87198567390442, 44.638853311538696, 43.07200646400452, 44.84729623794556, 43.386167764663696, 45.27316355705261, 43.815550804138184, 45.47292399406433, 44.01958727836609, 45.67837405204773, 44.50229787826538, 46.15053677558899, 44.712509632110596, 46.35821580886841, 44.93315768241882, 46.803417682647705, 45.370956897735596, 47.00487971305847, 45.57523822784424, 47.329482078552246, 46.01049852371216, 47.64860153198242, 46.4415009021759, 48.07668113708496, 46.64495801925659, 48.276978492736816, 46.84642028808594, 48.724671363830566, 47.272282123565674, 48.92372918128967, 47.482332706451416, 49.22852110862732, 47.91717076301575, 49.43496799468994, 48.34810519218445, 49.86260771751404, 48.55508637428284, 50.06305122375488, 48.756547689437866, 50.262518644332886, 48.97457981109619, 50.60913562774658, 49.411192655563354, 50.82517147064209, 49.85101652145386, 51.14081788063049, 50.287773847579956, 51.34506297111511, 50.71167540550232, 51.66018605232239, 51.143290758132935, 51.97867512702942, 51.58311486244202, 52.29936218261719, 52.018940687179565, 52.61018252372742, 52.44480276107788, 52.932321548461914, 52.875614404678345, 53.270023345947266, 53.32442116737366]
Final objective value with penalty: 
0.47394946522150894
Final TV norm without penalty
1.364660354242495
