Final evolution
[[ 0.62628823+0.66934546j  0.21732968-0.04054741j  0.1031789 -0.03274693j
  -0.04791646-0.31120603j]
 [ 0.17470103-0.07824419j  0.61931243+0.52742696j -0.31244079+0.0095606j
   0.17781313+0.41509295j]
 [ 0.28882424+0.03943006j -0.331116  -0.01920117j  0.45170171+0.08369386j
   0.59798725+0.48620108j]
 [ 0.02439351-0.19372119j  0.0647472 +0.41856654j  0.46105662+0.68334383j
  -0.17491192-0.2689995j ]]

********* Summary *****************
Final fidelity error 0.17421082932573762
Final objective value 0.7969601958890314
Final norm value 0.6227493665632938
Final error 4.2122863516522785e-06
Terminate reason Exceed the maximum number of iteration of ADMM
Number of iterations 200
Completed in 0:08:40.502298 HH:MM:SS.US
Time for each iteration [6.379824876785278, 6.850212574005127, 12.368789434432983, 13.130905866622925, 21.82065176963806, 25.869395971298218, 29.090229749679565, 35.059767961502075, 48.00010442733765, 43.32272219657898, 55.6699059009552, 49.139867544174194, 67.05998802185059, 56.78989052772522, 73.67007327079773, 61.21975255012512, 75.82015252113342, 63.63005781173706, 78.30971932411194, 68.39048480987549, 84.7199923992157, 70.46959114074707, 86.8301773071289, 74.22959899902344, 88.94343042373657, 77.74643516540527, 91.27352356910706, 79.97415781021118, 92.44593524932861, 81.11411786079407, 94.78579783439636, 86.3375232219696, 99.98236513137817, 88.19116711616516, 102.08083248138428, 90.07043933868408, 103.96944379806519, 91.9706015586853, 105.82969999313354, 93.82031512260437, 107.0196852684021, 94.97049808502197, 109.16861581802368, 95.88166069984436, 110.3183274269104, 96.77732253074646, 112.17254257202148, 97.93866682052612, 114.44532990455627, 99.75994968414307, 115.32439947128296, 101.96925330162048, 116.44883275032043, 103.56106901168823, 117.34923887252808, 105.43100142478943, 118.48904991149902, 107.03130006790161, 119.38890814781189, 108.88093948364258, 120.53914642333984, 110.01075839996338, 122.88917875289917, 111.16070938110352, 124.48939156532288, 112.31048011779785, 126.58397078514099, 114.38591885566711, 127.46409320831299, 116.46724605560303, 128.59290862083435, 117.417072057724, 129.7393879890442, 118.53535747528076, 130.87450456619263, 119.66924953460693, 132.02104353904724, 120.78883051872253, 133.14132833480835, 121.93633246421814, 134.25373029708862, 123.0561797618866, 135.39866042137146, 124.18136763572693, 136.58864736557007, 125.3617033958435, 137.75328278541565, 126.49686861038208, 138.86713981628418, 127.62319207191467, 140.0168673992157, 128.76831150054932, 141.1616837978363, 129.94954776763916, 142.27050304412842, 131.08950233459473, 143.42049479484558, 132.2395384311676, 144.61038994789124, 133.37033081054688, 145.7428891658783, 134.50312685966492, 146.9407980442047, 135.84914207458496, 148.12107920646667, 136.9788782596588, 149.26107335090637, 140.51925468444824, 150.420667886734, 143.05941152572632, 151.62086939811707, 148.52910804748535, 159.07109212875366, 157.0792875289917, 165.32116508483887, 165.87947154045105, 172.21819019317627, 175.87228298187256, 178.7277271747589, 182.26242637634277, 185.23795437812805, 190.14523196220398, 194.39479327201843, 200.19564270973206, 200.85486245155334, 206.56568264961243, 206.7344343662262, 211.6856987476349, 209.8448667526245, 214.10029578208923, 210.7698209285736, 215.30528044700623, 211.94888067245483, 216.46122670173645, 214.10895037651062, 217.38128066062927, 215.29893732070923, 218.55161547660828, 216.4589500427246, 219.7411561012268, 217.61930346488953, 221.91082000732422, 219.8197455406189, 223.5505874156952, 220.7596092224121, 224.73069143295288, 221.8998646736145, 225.8905200958252, 223.09010457992554, 228.23320126533508, 225.39980173110962, 230.3252730369568, 226.34749960899353, 231.44557237625122, 227.4602119922638, 234.28043031692505, 229.79992628097534, 235.42560458183289, 232.16482186317444, 236.575345993042, 234.52498602867126, 237.74562287330627, 236.85460448265076, 238.89555716514587, 237.97476172447205, 240.0256028175354, 239.1150119304657, 241.1656036376953, 240.265034198761, 243.4725956916809, 241.40800952911377, 244.6223156452179, 242.56836462020874, 245.7418978214264, 243.67873978614807, 246.86298489570618, 244.81232738494873, 247.97805213928223, 245.98213911056519, 249.09812784194946, 247.12239575386047, 250.22785687446594, 248.26237654685974, 251.35812878608704, 249.47218370437622, 252.53825569152832, 250.60425066947937, 253.6659586429596, 251.73454666137695, 254.78586149215698, 252.86702728271484, 255.93328285217285, 253.98700141906738, 257.05960726737976, 255.10042333602905, 258.1726016998291, 256.2158863544464, 259.30590748786926, 258.90124702453613, 261.6010510921478]
Final objective value with penalty: 
0.2892305831632928
Final TV norm without penalty
2.3003950767511037
