Final evolution
[[ 0.65682196+0.64892059j  0.15109741-0.11271902j  0.19277612+0.06616278j
  -0.14634578-0.22134532j]
 [ 0.19245084-0.05410788j  0.56058786+0.71860879j -0.28964171+0.03532977j
  -0.03106325+0.20801977j]
 [ 0.22542881+0.10675526j -0.19594475+0.05720102j  0.21090323+0.09234955j
   0.74360321+0.53866921j]
 [-0.05114161-0.2066197j  -0.07405209+0.29437499j  0.61161531+0.66801006j
  -0.17269506-0.11143687j]]

********* Summary *****************
Final fidelity error 0.09015912200909704
Final objective value 0.1283926382469729
Final norm value 0.03823351623787585
Final error 4.114416635518173e-06
Terminate reason Exceed the maximum number of iteration of ADMM
Number of iterations 200
Completed in 0:05:24.983651 HH:MM:SS.US
Time for each iteration [23.925625801086426, 8.220161437988281, 33.19538927078247, 13.70975399017334, 37.04272985458374, 16.885298490524292, 41.50044250488281, 20.858168601989746, 45.74654936790466, 23.381004333496094, 48.68683457374573, 25.991790771484375, 51.665751218795776, 28.89335870742798, 53.885271072387695, 30.836825370788574, 55.817774057388306, 32.76865744590759, 57.77856659889221, 34.715574979782104, 59.71098566055298, 36.35375142097473, 61.357840061187744, 38.99477434158325, 62.94029235839844, 40.61595892906189, 65.84863257408142, 41.820760011672974, 67.41941213607788, 43.02819585800171, 68.73467636108398, 44.59623169898987, 70.33013081550598, 46.21802067756653, 71.53951239585876, 47.52218532562256, 73.22995901107788, 49.077677488327026, 74.77898144721985, 50.32451510429382, 76.38119149208069, 51.547407388687134, 77.64652109146118, 52.77893018722534, 78.88060808181763, 54.00677299499512, 80.13031649589539, 55.238651514053345, 81.41588687896729, 56.47949409484863, 83.11830425262451, 57.77606463432312, 84.33386778831482, 59.340370893478394, 85.59021830558777, 60.552298069000244, 86.83483386039734, 61.80165982246399, 88.0966169834137, 63.02805829048157, 89.35963821411133, 64.26005625724792, 90.62054967880249, 65.50080943107605, 91.89152073860168, 66.74366497993469, 93.14679861068726, 67.99337553977966, 94.3780026435852, 68.9265468120575, 95.62771081924438, 70.17791032791138, 96.88942217826843, 71.54673075675964, 98.17871904373169, 72.96825337409973, 99.48390436172485, 74.40450930595398, 100.92785096168518, 76.0764844417572, 102.47436451911926, 77.34127855300903, 103.78622674942017, 78.59803652763367, 105.03136444091797, 79.85956144332886, 106.29342103004456, 81.06821632385254, 107.53819417953491, 82.31145238876343, 108.76327466964722, 83.54037642478943, 109.98385095596313, 84.77368831634521, 111.23417091369629, 86.02081608772278, 112.46079850196838, 87.29818940162659, 113.72612166404724, 88.5294542312622, 114.98874497413635, 89.7675838470459, 115.89281678199768, 90.70482444763184, 117.13057661056519, 91.58173608779907, 118.36140203475952, 92.81938242912292, 119.5620288848877, 93.99236297607422, 120.81920170783997, 95.22088146209717, 122.06826567649841, 96.45990657806396, 123.28412652015686, 97.6904981136322, 124.54636454582214, 98.94911432266235, 125.7900218963623, 99.83599925041199, 126.66481685638428, 101.0557701587677, 127.89127349853516, 102.31871557235718, 129.1060082912445, 103.58401799201965, 130.400723695755, 104.82784605026245, 131.67827677726746, 106.0834002494812, 132.94096994400024, 107.37557125091553, 134.2308051586151, 108.70352530479431, 135.6362693309784, 110.05701231956482, 137.0821888446808, 111.4389762878418, 138.44124698638916, 112.78048968315125, 139.67567896842957, 114.01508355140686, 140.92538738250732, 115.27712750434875, 142.17131972312927, 116.56123757362366, 143.62499451637268, 117.82960557937622, 144.8871111869812, 119.10631966590881, 145.97723054885864, 120.26671743392944, 147.012597322464, 121.21038603782654, 148.42160058021545, 122.16175270080566, 149.82550191879272, 123.54777073860168, 152.8716218471527, 126.59562826156616, 154.0625343322754, 127.62754082679749, 155.64761519432068, 128.64648509025574, 156.9870364665985, 129.6294674873352, 158.41129064559937, 130.99577951431274, 159.3484823703766, 132.21539998054504, 160.74186325073242, 133.1362271308899, 162.41063261032104, 134.13920783996582, 163.68881011009216, 135.46130061149597, 164.59809517860413, 136.39096856117249, 165.85515022277832, 137.36668491363525, 167.1249918937683, 138.29404592514038, 168.35395979881287, 139.20708680152893, 169.5660047531128, 140.42570161819458, 170.46619057655334, 141.35114574432373, 171.73323321342468, 142.31280899047852, 173.0411877632141, 143.23194932937622, 174.27257990837097, 144.18890595436096, 175.5300590991974, 145.10426902770996, 176.78308033943176, 146.36725234985352, 177.68905091285706, 147.29460048675537]
Final objective value with penalty: 
0.15637645849803422
Final TV norm without penalty
6.621733648893718
