Final evolution
[[-0.0731248 -0.63880312j -0.02517653+0.34513697j  0.30841148+0.4595539j
  -0.38631176-0.1062344j ]
 [-0.04298021+0.18867182j -0.65770517-0.46806698j  0.48777881+0.01350181j
  -0.23957631-0.12403866j]
 [ 0.13160701+0.4775012j   0.28037666+0.06883357j -0.15158973+0.0543602j
  -0.79398845-0.12235578j]
 [-0.1108408 -0.53993102j -0.03723599-0.37927322j -0.38703686-0.5290086j
  -0.33936634-0.07833883j]]

********* Summary *****************
Final fidelity error 0.3506455574696977
Final objective value 0.35081948077641784
Final norm value 0.0001739233067200585
Final error 3.606319180498009e-06
Terminate reason Exceed the maximum number of iteration of ADMM
Number of iterations 200
Completed in 0:07:06.693054 HH:MM:SS.US
Time for each iteration [4.758306980133057, 2.9023935794830322, 7.123602867126465, 4.2831971645355225, 8.294369220733643, 5.635265827178955, 9.424426317214966, 6.745175361633301, 10.572396039962769, 7.532429456710815, 11.716627359390259, 8.683746099472046, 12.526411294937134, 9.473769426345825, 13.48110818862915, 10.294564962387085, 14.506243705749512, 11.167236566543579, 15.321075201034546, 11.994649887084961, 16.115766525268555, 12.800023555755615, 16.9362895488739, 13.425601959228516, 17.58656620979309, 14.0323326587677, 18.182488441467285, 14.659972190856934, 18.788403034210205, 15.51251482963562, 19.47889733314514, 16.180801391601562, 20.123496532440186, 16.80115008354187, 20.72593379020691, 17.427868604660034, 21.38078284263611, 19.91717767715454, 24.31656265258789, 22.33036708831787, 26.736809492111206, 24.720488786697388, 29.163093328475952, 27.222241401672363, 31.548688173294067, 29.595916032791138, 33.91636061668396, 31.985609769821167, 36.30443000793457, 34.37752413749695, 38.78832030296326, 36.978214263916016, 42.34966516494751, 39.78676176071167, 45.30588722229004, 41.97566485404968, 47.35229301452637, 44.61206102371216, 49.333534955978394, 47.35674500465393, 52.09380030632019, 50.096378564834595, 54.16990613937378, 53.00420260429382, 56.95401477813721, 55.67531108856201, 59.1543173789978, 59.28950071334839, 61.995155572891235, 62.01719784736633, 64.57741212844849, 63.86864233016968, 67.18760418891907, 66.50635552406311, 69.87318563461304, 69.27730321884155, 71.76960611343384, 71.87067651748657, 74.39875411987305, 73.76329040527344, 76.94176435470581, 76.31431484222412, 78.78674006462097, 78.85757088661194, 80.6788432598114, 81.45774936676025, 83.23581838607788, 83.31136178970337, 85.77205181121826, 85.85128855705261, 87.74214196205139, 88.62333703041077, 89.79575777053833, 91.29704594612122, 92.68867468833923, 93.379230260849, 96.23604583740234, 96.42736530303955, 98.36944794654846, 99.83016681671143, 100.8175060749054, 102.54633975028992, 103.58851504325867, 104.48085403442383, 106.24127650260925, 107.19965100288391, 108.19643902778625, 109.74847745895386, 110.08335089683533, 112.35239601135254, 112.61461758613586, 114.21276926994324, 114.44594764709473, 116.76316809654236, 116.34912896156311, 119.35376143455505, 118.90726375579834, 121.24390292167664, 120.75512409210205, 123.82160067558289, 122.64725637435913, 126.34978294372559, 125.2692141532898, 128.276859998703, 127.12845993041992, 130.87029266357422, 129.00414991378784, 133.40295481681824, 131.52194571495056, 135.30970168113708, 133.37407898902893, 137.8646059036255, 135.23409986495972, 140.41979503631592, 137.81282544136047, 142.29022431373596, 139.72090363502502, 144.87750387191772, 141.56153178215027, 147.4476671218872, 144.12383699417114, 149.33211827278137, 146.10892462730408, 152.0285906791687, 148.138774394989, 154.7768635749817, 150.85232830047607, 156.647846698761, 152.71556544303894, 159.2507255077362, 154.54990434646606, 161.85488319396973, 157.1631727218628, 163.82349920272827, 159.08033061027527, 166.5305516719818, 160.96597528457642, 169.28888702392578, 163.75496459007263, 171.37137174606323, 165.6634876728058, 173.92375874519348, 167.6438410282135, 176.67679905891418, 170.33327794075012, 178.57538986206055, 172.16398763656616, 181.14890265464783, 174.0313241481781, 183.852365732193, 176.57793974876404, 185.70799708366394, 178.4407832622528, 188.2580530643463, 180.3142819404602, 190.87318539619446, 182.87618923187256, 192.80861854553223, 185.00038981437683, 195.47396302223206, 186.92582273483276, 198.25308632850647, 189.7196183204651, 200.21598625183105, 191.67912912368774, 202.79498887062073, 193.60048174858093, 205.53996324539185, 196.36395406723022, 207.46567797660828, 198.38950943946838, 210.202157497406, 200.38076663017273, 212.7660539150238, 203.04753804206848, 214.6988136768341, 204.93679237365723, 217.23081183433533, 206.85680317878723, 219.83625054359436]
Final objective value with penalty: 
0.35417222255328873
Final TV norm without penalty
3.5266650835910074
