0.017668396086284566
0.00913480674192639
0.0026938699120886375
0.0018016840304079724
0.0014460538736451747
0.0011280608107380188
0.0009050153429141831
0.0006791540216740554
0.0005315553919294046
0.0004046809698366742
0.00031441285966086026
0.00023840663300571217
0.00017959979566544842
0.00014061041772741928
0.00010659318987660965
8.072962135087801e-05
6.173668250909525e-05
4.854466072446851e-05
3.844221872647158e-05
3.0100364441366692e-05
2.306220834441899e-05
1.799413822278375e-05
1.4081295775584654e-05
1.1086147031249799e-05
8.840848762579976e-06
7.0100411252963055e-06
5.503363110205943e-06
5.440593701720288e-06
5.385922907852995e-06
5.334974573748706e-06
5.2858664892060284e-06
5.237784288827395e-06
5.190347128506938e-06
5.143384022136169e-06
5.096831323049795e-06
5.050677831782681e-06
5.0049356987361655e-06
4.959625327449745e-06
4.914767859629461e-06
4.870381729126271e-06
4.826481359000096e-06
4.783076947072193e-06
4.740174768096737e-06
4.697777686686061e-06
4.655885722814485e-06
4.614496592682238e-06
4.573606190998935e-06
4.533209004229124e-06
4.493298455620178e-06
4.453867188025637e-06
4.414907292807034e-06
4.376410493099252e-06
4.3383682891030774e-06
4.300772072218368e-06
4.263613214104232e-06
4.226883135134235e-06
4.190573356599702e-06
4.154675539768168e-06
4.119181514541459e-06
4.08408329992324e-06
4.049373117825288e-06
4.01504340188875e-06
3.981086802270647e-06
3.947496187264856e-06
3.914264642648055e-06
3.881385469068117e-06
3.848852178245052e-06
3.816658487925368e-06
3.7847983164454364e-06
3.7532657764483202e-06
3.7220551685617437e-06
3.691160974712106e-06
3.6605778515319633e-06
3.6303006236185535e-06
3.6003242769541445e-06
3.570643952480959e-06
3.5412549397202956e-06
3.512152670736982e-06
3.483332714098043e-06
3.4547907692852233e-06
3.426522661081604e-06
3.398524334367786e-06
3.370791849079634e-06
3.343321375319037e-06
3.3161091887658755e-06
3.289151666289056e-06
3.262445281702525e-06
3.2359866017651444e-06
3.2097722823998764e-06
3.183799064983866e-06
3.1580637729262e-06
3.132563308394789e-06
3.1072946491042294e-06
3.0822548453976156e-06
3.057441017324797e-06
3.032850352049539e-06
3.0084801011336586e-06
2.984327578160788e-06
2.9603901564504046e-06
2.936665266677261e-07
2.913150394903925e-07
2.889843080493688e-07
2.8667409141909785e-07
2.843841536289938e-07
2.821142634895035e-07
2.798641944254749e-07
2.776337243117703e-07
2.754226353337615e-07
2.7323071383133765e-07
2.710577501619235e-07
2.689035385750755e-07
2.6676787708203395e-07
2.6465056733323856e-07
2.625514145082134e-07
2.604702271992578e-07
2.584068173138889e-07
2.5636099996674493e-07
2.5433259338508517e-07
2.5232141882253986e-07
2.5032730046048125e-07
2.483500589656897e-07
2.4638946026931203e-07
2.4444532714870636e-07
2.425175352370236e-07
2.4060596642713115e-07
2.387104855896787e-07
2.3683093753092713e-07
2.3496715627978734e-07
2.3311897640268177e-07
2.31286239572704e-07
2.2946879545315026e-07
2.276664993721562e-07
2.258792095092681e-07
2.2410678513128804e-07
2.2234908616331197e-07
2.2060597358492365e-07
2.1887731004029131e-07
2.1716296022386372e-07
2.154627909542254e-07
2.1377667103566728e-07
2.1210447105816074e-07
2.1044606324915728e-07
2.088013213995361e-07
2.0717012084567897e-07
2.0555233847257458e-07
2.039478527133876e-07
2.0235654351715094e-07
2.0077829232972314e-07
1.9921298203711356e-07
1.976604969417471e-07
1.9612072273034808e-07
1.9459354644221266e-07
1.9307887018810657e-07
1.9157657402914766e-07
1.9008653305629442e-07
1.8860863938744203e-07
1.8714279378154445e-07
1.856889239994162e-07
1.842232379004329e-07
1.827958293849561e-07
1.8137489991813382e-07
1.7996843998390798e-07
1.7857336950370602e-07
1.7718960129772832e-07
1.7581705446418372e-07
1.744556386109099e-07
1.7310528074450927e-07
1.7176589604968587e-07
1.7043744049954365e-07
1.6911986179030842e-07
1.6781320851814256e-07
1.6651755994290627e-07
1.652332696806968e-07
1.6396091056975932e-07
1.627018715917419e-07
1.6145852338721188e-07
1.6023583505749502e-07
1.59042628935691e-07
1.5789636653260815e-07
1.566752700083004e-07
1.5557729932890175e-07
1.5435606851918002e-07
1.5327327490980472e-07
1.520696906114196e-07
1.5096606718809482e-07
1.4979411877022014e-07
1.486403571804676e-07
1.4747675172632185e-07
1.4629744168675628e-07
1.4513923198092048e-07
1.4398479599647177e-07
1.4286617894110756e-07
1.4176091262871017e-07
1.406868701935218e-07
1.3963122890086432e-07
1.3859030066593167e-07
1.3756704288336875e-07
1.3653980663507305e-07
1.3552023465482443e-07
1.3449049125323166e-07
Final evolution
[[-7.07109004e-01-7.07104549e-01j  1.54631685e-05-2.96141185e-05j
   5.51132390e-05+5.85668959e-05j  4.17689749e-06-7.35572969e-05j]
 [ 2.96106320e-05-1.54671276e-05j -7.07130373e-01-7.07083186e-01j
  -2.66610383e-05+7.47105337e-07j -2.33515475e-05+3.50452396e-05j]
 [ 7.35573429e-05-4.16524874e-06j -3.50422983e-05+2.33511655e-05j
  -4.82835185e-07+1.22150438e-04j -7.07073983e-01-7.07139562e-01j]
 [-5.85624883e-05-5.51195049e-05j -7.45772193e-07+2.66637001e-05j
  -7.07113742e-01-7.07099805e-01j -1.22149193e-04+4.72261999e-07j]]

********* Summary *****************
Final fidelity error 8.025680342527153e-09
Final objective value 8.047246267395953e-09
Final norm value 2.1565971231041203e-11
Final error 1.0431050606412884e-12
Terminate reason Exceed the maximum number of iteration of ADMM
Number of iterations 200
Completed in 0:09:00.592311 HH:MM:SS.US
Time for each iteration [7.061323642730713, 5.06966757774353, 13.44861912727356, 15.469075679779053, 19.835588216781616, 22.752454042434692, 26.902924299240112, 31.797197818756104, 33.9184889793396, 41.432246923446655, 44.90193319320679, 50.44294738769531, 53.98152995109558, 59.51314735412598, 64.99514436721802, 66.54029750823975, 73.4075448513031, 73.58450198173523, 83.03473496437073, 83.62389135360718, 92.3660798072815, 92.95096063613892, 101.70693707466125, 101.651522397995, 107.61097049713135, 104.91881322860718, 109.46987843513489, 106.76752758026123, 111.33035159111023, 108.66651964187622, 113.29297351837158, 110.53062558174133, 115.14813113212585, 112.39632725715637, 117.01381468772888, 114.24361896514893, 118.87378907203674, 116.15215873718262, 120.80297470092773, 118.24777507781982, 122.66447329521179, 120.09928393363953, 124.53853130340576, 121.97448563575745, 126.4113757610321, 123.91450071334839, 128.2794599533081, 125.78230333328247, 130.11830139160156, 127.65333557128906, 131.97219324111938, 129.49290990829468, 133.8241696357727, 131.38512086868286, 135.66840314865112, 133.2376356124878, 137.52805066108704, 135.07856607437134, 139.39785504341125, 136.96900248527527, 141.2519247531891, 138.9467899799347, 143.18651962280273, 140.82460856437683, 145.1713569164276, 142.70674014091492, 147.02388715744019, 144.58283877372742, 148.93933081626892, 146.50593423843384, 150.82176756858826, 148.39557909965515, 152.6781005859375, 150.24701142311096, 154.53774666786194, 152.12844038009644, 156.42535209655762, 154.46134972572327, 158.4011731147766, 156.33683586120605, 160.24106884002686, 158.39079928398132, 162.69900679588318, 160.28447031974792, 164.58500695228577, 162.15606951713562, 166.43167781829834, 164.1114902496338, 168.285977602005, 165.97229313850403, 170.14607071876526, 167.84690499305725, 172.00790548324585, 169.73600912094116, 173.88323187828064, 171.59736514091492, 175.71781539916992, 173.43558144569397, 177.58223223686218, 175.30671572685242, 179.49049878120422, 177.1747920513153, 181.36046886444092, 179.05047082901, 183.2360396385193, 180.8941352367401, 185.08885383605957, 182.77011680603027, 186.97961378097534, 184.6387803554535, 188.89060521125793, 186.53230118751526, 190.76270461082458, 188.41592049598694, 192.6436071395874, 190.27757334709167, 194.51636052131653, 192.15939950942993, 196.36244559288025, 194.0267415046692, 198.23481941223145, 195.88043904304504, 200.09720635414124, 197.76734972000122, 202.06218123435974, 199.7116346359253, 203.9750258922577, 201.59418725967407, 206.0138545036316, 203.45393443107605, 207.86836743354797, 205.29857754707336, 209.77322840690613, 207.15295219421387, 211.6201937198639, 209.02537298202515, 213.47047305107117, 210.90057373046875, 215.32965993881226, 212.79144382476807, 217.2201747894287, 214.6579749584198, 219.08582496643066, 216.5000433921814, 220.9536805152893, 218.34931874275208, 222.81880640983582, 220.2293667793274, 224.68119645118713, 222.0840301513672, 226.55924916267395, 223.97397208213806, 228.46702647209167, 225.87095737457275, 230.38420796394348, 227.77517700195312, 232.30537700653076, 229.64167499542236, 234.15905475616455, 231.5000159740448, 235.9998757839203, 233.3441002368927, 237.920551776886, 235.22530961036682, 239.89494633674622, 237.14111876487732, 241.80095052719116, 239.0424599647522, 243.6663475036621, 240.8966405391693, 245.5337209701538, 242.7730631828308, 247.45684814453125, 244.65675950050354, 249.3201446533203, 246.51069951057434, 251.17543506622314, 248.3617286682129, 253.01880836486816, 250.25440669059753, 254.92313265800476, 252.11547589302063, 256.77964639663696, 253.97871899604797, 258.6367998123169, 255.82970547676086, 260.4816744327545, 257.6845896244049, 262.4162652492523, 259.55879974365234, 264.27530002593994, 261.40973448753357, 266.1324665546417, 263.26835203170776, 268.00622296333313, 265.1587550640106, 269.9139702320099, 267.01337337493896, 271.7493724822998, 268.84293818473816]
Final objective value with penalty: 
3.257963431347717e-06
Final TV norm without penalty
32.4993775100519
0.0017668396086284565
0.0006189444407384381
0.0002264813494137458
0.0001598600711500714
0.00011396732062016822
8.000948475197837e-05
5.7873876067134994e-05
4.158350416677596e-05
2.9839351346325877e-05
2.1655697884546307e-05
1.586081698344247e-05
1.1842738153418532e-05
8.886150532299471e-06
6.834879263141402e-06
5.164124541907147e-06
3.882256290573717e-06
2.921955891204562e-06
2.2778082216757494e-06
1.7191355309363747e-06
1.3287264556338507e-06
1.0445352517847764e-06
8.147300232301309e-07
6.432539358083239e-07
5.135108076456501e-07
4.921901248899956e-07
4.771137212380174e-07
4.6569673122690673e-07
4.564974541929766e-07
4.4869820916181146e-07
4.418227334103458e-07
4.3558458904347837e-07
4.298055067640471e-07
4.24370687111128e-07
4.192037482747321e-07
4.142522889894029e-07
4.094793192186976e-07
4.048580223686027e-07
4.0036846366123263e-07
3.9599546825824226e-07
3.917272217826633e-07
3.8755432820928916e-07
3.8346916395574053e-07
3.7940068485852095e-07
3.754269870184817e-07
3.7154244898553076e-07
3.6773750649831413e-07
3.6400601712305943e-07
3.603427655032165e-07
3.5674320505540245e-07
3.5320343646016376e-07
3.497201535267706e-07
3.46290547131011e-07
3.429122192362509e-07
3.3958308867610525e-07
3.3630130768082427e-07
3.330652076785727e-07
3.2987326646091495e-07
3.267240836198899e-07
3.236167023231214e-07
3.205364218513764e-07
3.175159284566135e-07
3.145158303900179e-07
3.115652250816767e-07
3.0865094813966456e-07
3.057720540443174e-07
3.029276548234476e-07
3.0011691415836694e-07
2.9733904249352804e-07
2.9459329276508857e-07
2.9187895666013117e-07
2.891953613362466e-07
2.8654186652994274e-07
2.8391786198840485e-07
2.813227707782238e-07
2.787560288598838e-07
2.7621709943202935e-07
2.7370547017916156e-07
2.712206507982381e-07
2.687621710388762e-07
2.663295790981991e-07
2.6392244026277626e-07
2.6154033574453015e-07
2.5918286165155566e-07
2.568496280700558e-07
2.545402582289641e-07
2.5225438775225523e-07
2.4999166395576003e-07
2.4775174520331227e-07
2.455343003198757e-07
2.4333900803587106e-07
2.411655564676683e-07
2.390136426456995e-07
2.3688297206869794e-07
2.3477325827239594e-07
2.3268422245359028e-07
2.306155930966131e-07
2.2856710562769254e-07
2.2653850273785104e-07
2.2452953865460083e-07
2.2253997601965312e-07
2.2056957890527414e-07
2.1861811435161182e-07
2.1668535324002669e-07
2.147710707536536e-07
2.1287504656816904e-07
2.1099706489058065e-07
2.0913691440671378e-07
2.0729438816855488e-07
2.054692834606507e-07
2.0366140164847298e-07
2.018705480252417e-07
2.000965316617875e-07
1.9833916526398886e-07
1.965982650326393e-07
1.9487365053028294e-07
1.9316514456270272e-07
1.9147257305845845e-07
1.8979576496058992e-07
1.881345521233168e-07
1.8648876921718005e-07
1.848582536333586e-07
1.8324284539777397e-07
1.816423870961847e-07
1.8005672378075374e-07
1.7848570291691103e-07
1.7692917429281403e-07
1.7538698997030837e-07
1.7385900420949834e-07
1.7234507341181747e-07
1.7084505606640046e-07
1.6935881268904395e-07
1.678862057729222e-07
1.6642709973910578e-07
1.649813608863441e-07
1.635488573436603e-07
1.62129459030372e-07
1.607230376119053e-07
1.5932946645445642e-07
1.5794862059593747e-07
1.565803766982813e-07
1.5522461301658105e-07
1.5388120936238596e-07
1.5254981680507355e-07
1.5122969462604048e-07
1.4992116581423874e-07
1.4862455080826124e-07
1.4733994489956935e-07
1.460672331755829e-07
1.4480620122355915e-07
1.435566370408498e-07
1.423183808106656e-07
1.4109132451141828e-07
1.3987538654545756e-07
1.386704867879444e-07
1.374765344205077e-07
1.3629342799345805e-07
1.3512106134998292e-07
1.3395932940849825e-07
1.3280813101805062e-07
1.3166736894040011e-07
1.3053694845747699e-07
1.2941677595767787e-07
1.283067582465241e-07
1.2720680251362326e-07
1.2611681663571915e-07
1.2503670948396907e-07
1.2396639107001535e-07
1.2290577253365751e-07
1.218547660563939e-07
1.2081328476242336e-07
1.1978124267930304e-07
1.187585547106087e-07
1.1774513664354681e-07
1.1674090516010123e-07
1.1574577781973416e-07
1.1475967305847956e-07
1.1378251017206711e-07
1.1281420929315793e-07
1.1185469138198099e-07
1.1090387821400776e-07
1.0996169237423297e-07
1.0902805723980195e-07
1.0810289697070195e-07
1.071861365072482e-07
1.0627770155231513e-07
1.0537751856226803e-07
1.0448551473923003e-07
1.0360161801941853e-07
1.0272575706547604e-07
1.0185786125783004e-07
1.0099786068268509e-07
1.0014568612608651e-07
9.930126906441148e-08
9.846454165549561e-08
9.763543673138601e-08
9.681388778718215e-08
9.5999828979577e-08
9.519319510992276e-08
9.439392162296012e-08
9.360194459931546e-08
Final evolution
[[-7.07107729e-01-7.07105830e-01j  1.04257451e-05-2.07467161e-05j
   4.05987414e-05+3.54219476e-05j  7.89585426e-07-4.97171411e-05j]
 [ 2.07453105e-05-1.04279554e-05j -7.07126595e-01-7.07086966e-01j
  -1.37088251e-05+1.84507183e-07j -1.74828675e-05+2.70691005e-05j]
 [ 4.97166081e-05-7.84305545e-07j -2.70680190e-05+1.74830231e-05j
  -1.36792616e-06+8.12835068e-05j -7.07082506e-01-7.07131048e-01j]
 [-3.54197408e-05-4.06015722e-05j -1.83926477e-07+1.37103240e-05j
  -7.07110285e-01-7.07103271e-01j -8.12828894e-05+1.36278254e-06j]]

********* Summary *****************
Final fidelity error 3.686143057457514e-09
Final objective value 3.7044294185850795e-09
Final norm value 1.828637241629849e-11
Final error 2.8688977661680176e-17
Terminate reason Exceed the maximum number of iteration of ADMM
Number of iterations 200
Completed in 0:13:10.094986 HH:MM:SS.US
Time for each iteration [18.921744108200073, 16.244436740875244, 40.35044550895691, 38.62335538864136, 61.97062540054321, 68.22339200973511, 90.87189865112305, 95.22234582901001, 122.11503338813782, 124.98711967468262, 152.7952024936676, 154.034282207489, 184.21441864967346, 183.0697729587555, 197.64850640296936, 194.98677277565002, 215.0735092163086, 204.888977766037, 225.13686394691467, 212.78872156143188, 231.69636726379395, 218.67868280410767, 237.63335609436035, 220.5083773136139, 239.48515701293945, 222.34330773353577, 241.346200466156, 224.20999956130981, 243.21013832092285, 226.10055875778198, 245.07025790214539, 227.93273305892944, 246.90796089172363, 229.7868993282318, 248.74781823158264, 231.63393425941467, 250.60336661338806, 233.55760526657104, 252.4699628353119, 235.43968653678894, 254.31902146339417, 237.26716566085815, 256.14856338500977, 239.10830211639404, 257.99847960472107, 241.01551580429077, 259.8482880592346, 242.86504912376404, 261.69986844062805, 244.7385606765747, 263.56089544296265, 246.58623385429382, 265.4277982711792, 248.50870513916016, 267.3157513141632, 250.38083696365356, 269.2081923484802, 252.2713623046875, 271.0931918621063, 254.16759657859802, 272.97447204589844, 256.1215982437134, 274.8822147846222, 258.0034623146057, 276.77895188331604, 259.9504117965698, 278.7162272930145, 261.79027032852173, 280.56720542907715, 263.75438594818115, 282.44188499450684, 265.63452553749084, 284.3339321613312, 267.48281693458557, 286.20579504966736, 269.35286474227905, 288.0721740722656, 271.24363946914673, 289.92272567749023, 273.2695105075836, 291.7641088962555, 275.1417248249054, 293.60153579711914, 276.99295711517334, 295.4574143886566, 278.87134289741516, 297.33629298210144, 280.7632782459259, 299.197149515152, 282.64145493507385, 301.0841920375824, 284.49777388572693, 302.93854451179504, 286.3808243274689, 304.78259539604187, 288.21426582336426, 306.6339683532715, 290.0580222606659, 308.45480728149414, 291.91394805908203, 310.2925765514374, 293.8258330821991, 312.1434118747711, 295.671320438385, 313.99053144454956, 297.5147194862366, 315.8338007926941, 299.3801941871643, 317.6914134025574, 301.3010175228119, 319.57695484161377, 303.1485767364502, 321.42228984832764, 304.9861557483673, 323.28644156455994, 306.8467402458191, 325.15128660202026, 308.883775472641, 327.0641977787018, 310.7343394756317, 328.9083092212677, 312.60408425331116, 330.75450468063354, 314.4707155227661, 332.6271388530731, 316.42404866218567, 334.559095621109, 318.3233253955841, 336.49751687049866, 320.25886821746826, 338.4404127597809, 322.15271258354187, 340.44435811042786, 324.27093052864075, 342.5305163860321, 326.1941373348236, 344.43248748779297, 328.09278655052185, 346.3341267108917, 329.95658326148987, 348.2275335788727, 331.86724162101746, 350.10875058174133, 333.7448046207428, 351.9667446613312, 335.6288216114044, 353.8289921283722, 337.5089523792267, 355.70298194885254, 339.4174053668976, 357.59299635887146, 341.28018450737, 359.4434132575989, 343.1435191631317, 361.33278799057007, 345.0854432582855, 363.3079855442047, 347.0596046447754, 365.221116065979, 348.94368147850037, 367.1015281677246, 350.82158637046814, 368.9424901008606, 352.6973834037781, 370.88010907173157, 354.59161901474, 372.7789657115936, 356.43856287002563, 374.6545624732971, 358.4794912338257, 376.53778529167175, 360.3390655517578, 378.45174407958984, 362.2179937362671, 380.34752368927, 364.07737398147583, 382.2226481437683, 365.94172072410583, 384.09213757514954, 367.8183009624481, 386.0112979412079, 369.67787289619446, 387.8764111995697, 371.52600598335266, 389.76307916641235, 373.4566705226898, 391.69769191741943, 375.36141991615295, 393.665292263031, 377.28788352012634, 395.57717299461365, 379.2199773788452, 397.51219272613525, 381.1092336177826, 399.3950529098511, 383.02547669410706, 401.37163066864014, 384.9323127269745, 403.268009185791, 386.8269772529602]
Final objective value with penalty: 
3.231313323618768e-06
Final TV norm without penalty
32.276271805613106
