Final evolution
[[-0.07544949-0.64434979j -0.03221477+0.33531475j  0.3118813 +0.46247483j
  -0.37638234-0.11327124j]
 [-0.03688353+0.1860673j  -0.65483219-0.47438624j  0.48704529+0.00151337j
  -0.2293464 -0.14267406j]
 [ 0.13298466+0.47176673j  0.27906956+0.06122321j -0.14641751+0.07397094j
  -0.79804594-0.11973314j]
 [-0.10974149-0.53930263j -0.02289297-0.3879775j  -0.39204562-0.52059786j
  -0.33949103-0.07799229j]]

********* Summary *****************
Final fidelity error 0.348935960855116
Final objective value 0.3489365725418293
Final norm value 6.116867132810455e-07
Final error 4.638237988143908e-14
Terminate reason Exceed the maximum number of iteration of ADMM
Number of iterations 200
Completed in 0:01:58.030437 HH:MM:SS.US
Time for each iteration [4.575960636138916, 3.02911639213562, 6.288329839706421, 4.798534393310547, 7.903658866882324, 5.901018381118774, 9.021550416946411, 7.016382217407227, 10.117111921310425, 8.140951156616211, 11.06941533088684, 9.068992137908936, 12.014864683151245, 10.018801212310791, 12.978387832641602, 11.021305322647095, 13.952811002731323, 12.016178131103516, 15.065521478652954, 12.987492322921753, 16.048600435256958, 13.977530241012573, 17.006024837493896, 14.938912868499756, 17.957271814346313, 15.923327207565308, 18.888062953948975, 16.865203380584717, 19.873337984085083, 17.490857124328613, 20.840922355651855, 18.1114821434021, 21.476218223571777, 19.250200033187866, 22.434793710708618, 20.20388698577881, 23.071566581726074, 20.83065128326416, 23.675142526626587, 21.459808826446533, 24.299968004226685, 22.06912899017334, 24.898483276367188, 22.667187690734863, 25.515409231185913, 23.12908101081848, 25.96555995941162, 23.579731702804565, 26.409080505371094, 24.020729064941406, 26.86209988594055, 24.467323780059814, 27.302741050720215, 24.90472173690796, 27.717191457748413, 25.33872938156128, 28.170210599899292, 25.788419723510742, 28.61333727836609, 26.229037523269653, 29.068542957305908, 26.66530990600586, 29.505940914154053, 27.113858461380005, 29.962117195129395, 27.55125641822815, 30.39951515197754, 27.999633073806763, 30.840107917785645, 28.45265221595764, 31.275081157684326, 28.900989532470703, 31.715757846832275, 29.331854820251465, 32.15634560585022, 29.753631353378296, 32.593743085861206, 30.19102954864502, 33.04420852661133, 30.62886142730713, 33.470330476760864, 31.060391902923584, 33.9410662651062, 31.50092101097107, 34.3946852684021, 31.931790590286255, 34.85088348388672, 32.400431394577026, 35.288280725479126, 32.85345125198364, 35.738463163375854, 33.3064706325531, 36.19360899925232, 33.749818325042725, 36.631006956100464, 34.19986820220947, 37.084028005599976, 34.65288543701172, 37.537046670913696, 35.1039617061615, 37.990068197250366, 35.54584527015686, 38.439537048339844, 36.00661277770996, 38.880013942718506, 36.45963191986084, 39.32430982589722, 36.90015482902527, 39.773380279541016, 37.343183279037476, 40.228097915649414, 37.81514835357666, 40.67385387420654, 38.2888240814209, 41.12687301635742, 38.75395941734314, 41.57105827331543, 39.22259974479675, 42.02407789230347, 39.691240310668945, 42.49009132385254, 40.15987968444824, 42.95873212814331, 40.60497736930847, 43.40102767944336, 41.03906202316284, 43.85041570663452, 41.50163388252258, 44.29198455810547, 41.93903207778931, 44.75658988952637, 42.404420137405396, 45.22523045539856, 42.87306046485901, 45.69387125968933, 43.323469400405884, 46.14688992500305, 43.77032542228699, 46.593886613845825, 44.195258378982544, 47.043400287628174, 44.648276805877686, 47.47556972503662, 45.08567476272583, 47.92858910560608, 45.536407232284546, 48.38283848762512, 45.97698497772217, 48.83023238182068, 46.41857099533081, 49.268375873565674, 46.87159013748169, 49.73501634597778, 47.30898690223694, 50.203656911849976, 47.7591187953949, 50.67229747772217, 48.212138175964355, 51.12172722816467, 48.65925908088684, 51.57687020301819, 49.11227822303772, 52.02988958358765, 49.5652973651886, 52.47439098358154, 50.02519655227661, 52.93716073036194, 50.470903396606445, 53.39058446884155, 50.92600989341736, 53.894959688186646, 51.38701248168945, 54.331655979156494, 51.83728742599487, 54.79512023925781, 52.27673411369324, 55.29357886314392, 52.735475063323975, 55.727662086486816, 53.20059823989868, 56.19630432128906, 53.65031957626343, 56.66162323951721, 54.09805107116699, 57.11464262008667, 54.547646045684814, 57.58328318595886, 55.00291347503662, 58.036301136016846, 55.452226638793945, 58.45340847969055, 55.88891816139221, 58.912757396698, 56.38027811050415, 59.37119150161743, 56.83329749107361, 59.82054686546326, 57.28371500968933, 60.28918695449829, 57.74125051498413]
Final objective value with penalty: 
0.3490082189814279
Final TV norm without penalty
7.225812631189709
