Final evolution
[[-0.07248956-0.64118326j  0.10046471+0.49859124j  0.25300448+0.24644075j
  -0.44138895-0.07331021j]
 [-0.22246213+0.28040051j -0.60845575-0.19660277j  0.55612441+0.03007607j
  -0.38195425-0.08334943j]
 [ 0.14770447+0.3790198j   0.36053578-0.06857741j -0.3012714 -0.06055125j
  -0.73373639-0.25891788j]
 [-0.0173426 -0.53827693j -0.1909925 -0.40159123j -0.18288124-0.66121124j
  -0.1668897 -0.11707049j]]

********* Summary *****************
Final fidelity error 0.40615274358052555
Final objective value 0.652514363809802
Final norm value 0.24636162022927643
Final error 6.054811500086524e-06
Terminate reason Exceed the maximum number of iteration of ADMM
Number of iterations 200
Completed in 0:02:22.415804 HH:MM:SS.US
Time for each iteration [7.099263668060303, 4.138076543807983, 12.09687876701355, 6.399038791656494, 14.213383913040161, 8.483614921569824, 17.004008293151855, 11.256913661956787, 20.855831146240234, 13.22789478302002, 22.164368152618408, 14.16443657875061, 23.77416229248047, 16.24001407623291, 25.515952825546265, 17.97440242767334, 26.744728565216064, 18.703476190567017, 27.483798027038574, 19.283944606781006, 28.234811067581177, 19.84644103050232, 29.173155546188354, 20.61449956893921, 29.760569095611572, 21.522155046463013, 30.506710052490234, 22.09610342979431, 31.238775491714478, 22.658618450164795, 31.798279285430908, 23.562232971191406, 32.54039025306702, 24.12177085876465, 33.27047157287598, 24.689287185668945, 34.010953426361084, 25.23984932899475, 34.75901436805725, 25.80237054824829, 35.50401949882507, 26.36493682861328, 36.09254217147827, 26.947404146194458, 36.66624689102173, 27.511916637420654, 37.22377276420593, 28.073400735855103, 37.78826403617859, 28.63197088241577, 38.34683179855347, 29.203473329544067, 38.91631007194519, 29.781908988952637, 39.484790325164795, 30.347505807876587, 40.05335569381714, 30.907016277313232, 40.61790609359741, 31.471049070358276, 41.19572901725769, 32.04052686691284, 41.76221442222595, 32.598036766052246, 42.326213359832764, 33.16157650947571, 42.8957257270813, 33.72720170021057, 43.472184896469116, 34.300724267959595, 44.048715591430664, 34.879199504852295, 44.62516474723816, 35.45166873931885, 45.189656257629395, 36.02919340133667, 45.76019787788391, 36.585710763931274, 46.314876317977905, 37.15622329711914, 46.87438082695007, 37.72869324684143, 47.449928283691406, 38.30319261550903, 48.00943350791931, 38.8697030544281, 48.56996750831604, 39.436251163482666, 49.13755202293396, 40.002779722213745, 49.71401262283325, 40.58128356933594, 50.279480934143066, 41.14477729797363, 50.83403539657593, 41.71931290626526, 51.409496784210205, 42.28520965576172, 51.97498869895935, 42.85269856452942, 52.546507596969604, 43.43316864967346, 53.11950445175171, 44.00563859939575, 53.69498252868652, 44.56514286994934, 54.26346302032471, 45.12664270401001, 54.82499098777771, 45.698124408721924, 55.396687030792236, 46.27256512641907, 55.94823694229126, 46.853018283843994, 56.5147180557251, 47.43244504928589, 57.080315828323364, 47.99422812461853, 57.65385389328003, 48.5746955871582, 58.2383337020874, 49.144681453704834, 58.80966782569885, 49.71615481376648, 59.376182556152344, 50.28460621833801, 59.94072389602661, 50.85009527206421, 60.501261472702026, 51.41758370399475, 61.06279492378235, 51.984063386917114, 61.62932276725769, 52.546563386917114, 62.1917941570282, 53.10410237312317, 62.76040577888489, 53.67118573188782, 63.33394169807434, 54.24663519859314, 63.90042734146118, 54.815115451812744, 64.47892618179321, 55.3826265335083, 65.06734991073608, 55.951082706451416, 65.63682770729065, 56.50859236717224, 66.19239068031311, 57.08387041091919, 66.7529137134552, 57.64843797683716, 67.30550122261047, 58.20543432235718, 67.86500573158264, 58.77092266082764, 68.09247207641602, 59.00228714942932, 68.67790699005127, 59.56677842140198, 68.9033043384552, 59.78818655014038, 69.12870240211487, 60.01158952713013, 69.69773840904236, 60.56916904449463, 69.92213845252991, 60.79564690589905, 70.15657210350037, 61.364256620407104, 70.72303700447083, 61.593666076660156, 70.95641756057739, 61.82304787635803, 71.52986550331116, 62.384565353393555, 71.76127099990845, 62.6109619140625, 71.98469829559326, 63.18244504928589, 72.55021500587463, 63.407851219177246, 72.77658486366272, 63.63324856758118, 73.35416412353516, 64.20285034179688, 73.57756757736206, 64.42933368682861, 73.80097007751465, 65.00937223434448, 74.38130617141724, 65.23875880241394, 74.59474039077759, 65.46713972091675, 75.15325331687927, 66.02165699005127, 75.37668704986572, 66.24907922744751, 75.59411239624023, 66.82169127464294]
Final objective value with penalty: 
0.47441843736061196
