Final evolution
[[ 0.27527359-0.67713558j -0.50207035-0.13227305j -0.20600307-0.32237566j
   0.01665299+0.22248687j]
 [-0.50207035-0.13227305j -0.31686097-0.29693035j  0.60878755-0.15771836j
  -0.20600307-0.32237566j]
 [-0.20600307-0.32237566j  0.60878755-0.15771836j -0.31686097-0.29693035j
  -0.50207035-0.13227305j]
 [ 0.01665299+0.22248687j -0.20600307-0.32237566j -0.50207035-0.13227305j
   0.27527359-0.67713558j]]

********* Summary *****************
Final fidelity error 0.5947449134470657
Final objective value 0.5981648628851123
Final norm value 0.003419949438046521
Final error 0.0
Terminate reason Exceed the maximum number of iteration of ADMM
Number of iterations 200
Completed in 0:00:13.808633 HH:MM:SS.US
Time for each iteration [0.7617690563201904, 0.6085445880889893, 1.3556914329528809, 0.9855358600616455, 1.8695638179779053, 1.3575479984283447, 2.15579891204834, 1.552119255065918, 2.416961193084717, 1.8124256134033203, 2.5745394229888916, 2.0358266830444336, 2.7221457958221436, 2.1525139808654785, 2.8009352684020996, 2.2332990169525146, 2.875734329223633, 2.344003438949585, 2.958512783050537, 2.4227936267852783, 3.037301540374756, 2.4686710834503174, 3.0851733684539795, 2.5145483016967773, 3.132185935974121, 2.5594282150268555, 3.1780643463134766, 2.6063032150268555, 3.224937915802002, 2.6531782150268555, 3.2738070487976074, 2.7030458450317383, 3.32228422164917, 2.7568817138671875, 3.3811230659484863, 2.8127312660217285, 3.427997350692749, 2.8636178970336914, 3.490826368331909, 2.921461820602417, 3.5456809997558594, 2.9683358669281006, 3.593552827835083, 3.0157179832458496, 3.645439863204956, 3.0605978965759277, 3.691317558288574, 3.1064748764038086, 3.7361977100372314, 3.1523525714874268, 3.7850680351257324, 3.200223207473755, 3.8309452533721924, 3.2451303005218506, 3.879788637161255, 3.2910068035125732, 3.926663398742676, 3.3369088172912598, 3.9725160598754883, 3.381788969039917, 4.016398906707764, 3.427666187286377, 4.062276124954224, 3.4735445976257324, 4.108152627944946, 3.5194218158721924, 4.1530327796936035, 3.567293643951416, 4.197913885116577, 3.612172842025757, 4.244817018508911, 3.6580216884613037, 4.293686389923096, 3.7038989067077637, 4.338566541671753, 3.7507736682891846, 4.384443759918213, 3.795653820037842, 4.430321455001831, 3.8435256481170654, 4.476707696914673, 3.889401912689209, 4.523582935333252, 3.93527889251709, 4.570457458496094, 3.9811811447143555, 4.621830940246582, 4.027057647705078, 4.666710376739502, 4.071937322616577, 4.711590766906738, 4.11681866645813, 4.7564697265625, 4.162695646286011, 4.802347183227539, 4.208573341369629, 4.8472278118133545, 4.253452301025391, 4.893105745315552, 4.29833197593689, 4.93798565864563, 4.3452067375183105, 4.982866048812866, 4.39208197593689, 5.027745723724365, 4.4379589557647705, 5.0726258754730225, 4.485832691192627, 5.11953067779541, 4.53367280960083, 5.164411783218384, 4.579549074172974, 5.209291934967041, 4.625426292419434, 5.253174543380737, 4.671303749084473, 5.2990522384643555, 4.716183662414551, 5.3449296951293945, 4.762060642242432, 5.389809846878052, 4.807939291000366, 5.434688568115234, 4.8528196811676025, 5.480565786361694, 4.898697376251221, 5.525445461273193, 4.944574594497681, 5.57032585144043, 4.9905126094818115, 5.61713981628418, 5.035422086715698, 5.663017511367798, 5.08229660987854, 5.708896636962891, 5.127182483673096, 5.753777742385864, 5.1740562915802, 5.799654960632324, 5.219933748245239, 5.844534873962402, 5.265811443328857, 5.891409397125244, 5.311694622039795, 5.937336444854736, 5.358536720275879, 5.985208988189697, 5.40441370010376, 6.0311150550842285, 5.452570676803589, 6.077024459838867, 5.500435829162598, 6.124871253967285, 5.546313047409058, 6.17074990272522, 5.59218955039978, 6.2176244258880615, 5.6380674839019775, 6.26749062538147, 5.687933921813965, 6.315362930297852, 5.734809637069702, 6.362259149551392, 5.780686855316162, 6.4091339111328125, 5.828559875488281, 6.456024408340454, 5.8784098625183105, 6.502898931503296, 5.924323558807373, 6.553762912750244, 5.973193168640137, 6.599640607833862, 6.020067453384399, 6.64452052116394, 6.066942453384399, 6.690431833267212, 6.112785816192627, 6.73531174659729, 6.157666206359863, 6.779223442077637, 6.2045416831970215, 6.825106859207153, 6.2504189014434814, 6.870984315872192, 6.2962963581085205, 6.9158642292022705, 6.3431947231292725, 6.960777282714844, 6.3900697231292725, 7.006654500961304, 6.435956954956055, 7.052531719207764, 6.480837106704712, 7.101400375366211, 6.526715040206909, 7.145282983779907, 6.572592735290527, 7.190162420272827, 6.6184704303741455]
Final objective value with penalty: 
0.5947449134470657
