Final evolution
[[-0.09382601-0.64408391j -0.02026717+0.36426348j  0.29970581+0.44445497j
  -0.37602874-0.12038502j]
 [-0.0392495 +0.20306761j -0.6566939 -0.43182303j  0.51215349+0.02169152j
  -0.24690466-0.1255842j ]
 [ 0.15071423+0.46014412j  0.28647128+0.06924629j -0.16565801+0.05689893j
  -0.79090144-0.1499554j ]
 [-0.11366257-0.5349851j  -0.05069147-0.39969099j -0.35976068-0.53829051j
  -0.33063945-0.10021165j]]

********* Summary *****************
Final fidelity error 0.3516015696618592
Final objective value 0.3710008242684698
Final norm value 0.019399254606610628
Final error 1.50558367781743e-06
Terminate reason Exceed the maximum number of iteration of ADMM
Number of iterations 200
Completed in 0:01:45.528401 HH:MM:SS.US
Time for each iteration [5.012012004852295, 2.635403871536255, 6.978665590286255, 4.79681134223938, 8.950420618057251, 5.899900197982788, 10.040326118469238, 6.644970178604126, 10.79534363746643, 7.554454326629639, 11.549430131912231, 8.295116662979126, 12.120906829833984, 9.033766508102417, 12.672574520111084, 9.601409912109375, 13.238587141036987, 10.176527738571167, 13.811117172241211, 10.751152992248535, 14.384093046188354, 11.331385374069214, 14.948558568954468, 11.90307903289795, 15.541214942932129, 12.498392820358276, 16.146599769592285, 13.078777074813843, 16.718071699142456, 13.646793842315674, 17.29220199584961, 14.229237794876099, 17.859706163406372, 14.793514490127563, 18.43913221359253, 15.20536470413208, 19.02906346321106, 15.613613605499268, 19.59860396385193, 16.01323938369751, 20.16056489944458, 16.577142238616943, 20.57319474220276, 16.972867727279663, 21.137685298919678, 17.541056156158447, 21.535162210464478, 18.10606598854065, 21.938480377197266, 18.680342197418213, 22.49955701828003, 19.080324411392212, 23.080947875976562, 19.4800386428833, 23.66835355758667, 19.890949249267578, 24.26326608657837, 20.48137068748474, 24.664029836654663, 20.880295038223267, 25.233601093292236, 21.462668657302856, 25.63451886177063, 22.03687572479248, 26.029463529586792, 22.614959478378296, 26.599833488464355, 23.0079448223114, 27.173992395401, 23.397550344467163, 27.748909950256348, 23.7956645488739, 28.30616283416748, 24.36400079727173, 28.703156232833862, 24.938987493515015, 29.096317291259766, 25.51551914215088, 29.680967092514038, 25.912803888320923, 30.259676456451416, 26.320003271102905, 30.857311964035034, 26.732272386550903, 31.434523344039917, 27.31458067893982, 31.829750299453735, 27.890100479125977, 32.22430658340454, 28.45522975921631, 32.62821674346924, 29.03286337852478, 33.02718687057495, 29.599841594696045, 33.4229838848114, 30.1783287525177, 34.00084209442139, 30.586310386657715, 34.40179657936096, 31.156421184539795, 34.789528608322144, 31.723482847213745, 35.362658739089966, 32.114737033843994, 35.75999903678894, 32.68627095222473, 36.16144371032715, 33.265908002853394, 36.73677730560303, 33.661213397979736, 37.13277626037598, 34.238417863845825, 37.7052276134491, 34.64233446121216, 38.110153675079346, 35.222090005874634, 38.73141884803772, 35.62947177886963, 39.15287494659424, 36.20059394836426, 39.54979228973389, 36.77674412727356, 39.95267367362976, 37.35070252418518, 40.349589347839355, 37.916157484054565, 40.5788459777832, 38.50919008255005, 40.97571897506714, 39.086204290390015, 41.547927379608154, 39.30863308906555, 41.776344299316406, 39.53537392616272, 42.00208878517151, 39.7637882232666, 42.398005962371826, 40.33876156806946, 42.80916714668274, 40.91390323638916, 43.21907901763916, 41.488633155822754, 43.625914096832275, 42.07008075714111, 44.031195640563965, 42.62814736366272, 44.43714642524719, 43.1988787651062, 44.84448456764221, 43.78337597846985, 45.25049376487732, 44.35500478744507, 45.82904076576233, 44.59075164794922, 46.061925649642944, 44.82222032546997, 46.2944610118866, 45.04846811294556, 46.51632332801819, 45.27485752105713, 46.74756693840027, 45.85629868507385, 47.32860994338989, 46.08341860771179, 47.557024240493774, 46.31535053253174, 47.78738355636597, 46.729586601257324, 48.36353516578674, 47.312227725982666, 48.59192395210266, 47.54014730453491, 48.81582283973694, 47.76460576057434, 49.03825354576111, 47.98672795295715, 49.596760511398315, 48.56431794166565, 49.82574462890625, 48.78972768783569, 50.0521764755249, 49.02312994003296, 50.28212928771973, 49.41426610946655, 50.870182275772095, 49.822190284729004, 51.4455189704895, 50.39460730552673, 51.681861877441406, 50.632970571517944, 51.90939164161682, 50.860273361206055, 52.13694214820862, 51.091716289520264, 52.54585886001587, 51.66883850097656, 53.14305520057678, 51.910637855529785, 53.37141990661621, 52.156981468200684]
Final objective value with penalty: 
0.3844806420850514
