Final evolution
[[ 0.67813836+0.65558126j  0.04144887-0.05368264j  0.22834988+0.11010082j
  -0.08723554-0.18402673j]
 [ 0.08651457-0.0054831j   0.69604891+0.64786869j -0.15499196+0.0917257j
  -0.13526987+0.19373485j]
 [ 0.19720634+0.08205081j -0.2049928 +0.12853502j  0.00716052+0.0641433j
   0.67077408+0.66462811j]
 [-0.11043795-0.21214975j -0.10458813+0.1473101j   0.63161588+0.70724379j
  -0.10176459+0.02585686j]]

********* Summary *****************
Final fidelity error 0.053908941063768645
Final objective value 0.05391019206464668
Final norm value 1.251000877999786e-06
Final error 0.0
Terminate reason Exceed the maximum number of iteration of ADMM
Number of iterations 200
Completed in 0:13:18.721298 HH:MM:SS.US
Time for each iteration [69.31505465507507, 21.687620162963867, 86.58363127708435, 37.810205936431885, 100.73055386543274, 51.152570486068726, 111.34355139732361, 60.44048261642456, 120.70747637748718, 70.86004400253296, 130.0445592403412, 80.19946599006653, 135.48399424552917, 85.6756980419159, 145.05152487754822, 95.10712122917175, 154.30570602416992, 104.48546028137207, 163.87467741966248, 113.67821049690247, 173.22163796424866, 124.75838088989258, 179.8508677482605, 131.29433274269104, 186.22553658485413, 137.80591487884521, 192.7473542690277, 145.39318656921387, 199.85885381698608, 151.85665202140808, 206.31748747825623, 157.3001983165741, 211.86524844169617, 162.80471801757812, 222.0535125732422, 168.41278076171875, 227.45834040641785, 173.91704964637756, 232.85931587219238, 179.5040283203125, 238.36608839035034, 184.96737265586853, 243.95055556297302, 189.9826877117157, 247.60094380378723, 193.5587248802185, 251.2192189693451, 197.21191906929016, 254.73260021209717, 200.80587124824524, 258.3608536720276, 204.3920018672943, 261.8615012168884, 207.9924337863922, 265.4212558269501, 211.60555863380432, 269.03929591178894, 215.66911149024963, 272.12955689430237, 218.21494507789612, 274.010272026062, 220.84804892539978, 276.11585235595703, 223.08641052246094, 278.2012255191803, 225.23430943489075, 280.5579969882965, 227.7633318901062, 283.17481446266174, 229.66147541999817, 285.31286430358887, 231.76907086372375, 287.53108859062195, 234.4103651046753, 289.6666133403778, 236.40840864181519, 291.72384691238403, 238.72428464889526, 293.8733696937561, 241.38881635665894, 296.2009506225586, 243.64414620399475, 297.7244460582733, 245.54220366477966, 300.018967628479, 247.91799879074097, 302.0917146205902, 250.17580890655518, 304.2419776916504, 252.06088781356812, 306.5319564342499, 254.2670738697052, 308.2143168449402, 256.75872349739075, 310.9049277305603, 259.0750639438629, 312.9027428627014, 261.14704990386963, 314.9564018249512, 263.3662450313568, 317.45454478263855, 265.49685978889465, 319.7192666530609, 267.4061613082886, 321.69798612594604, 269.66778683662415, 323.6913697719574, 271.9099736213684, 326.097704410553, 274.034925699234, 328.08742809295654, 276.1254823207855, 330.4261038303375, 278.5130453109741, 332.6912086009979, 280.7384977340698, 335.1095643043518, 282.5877902507782, 337.279846906662, 284.48677372932434, 339.88646245002747, 286.35071778297424, 342.2880551815033, 288.6035680770874, 344.410361289978, 291.068895816803, 346.6985824108124, 293.2818193435669, 349.27714586257935, 294.9649226665497, 351.5975239276886, 297.2267110347748, 353.51623249053955, 299.1902461051941, 355.3805959224701, 301.6087906360626, 357.36842155456543, 303.70081877708435, 359.06978368759155, 306.0616433620453, 361.1954643726349, 307.94641041755676, 363.4306216239929, 310.3246397972107, 365.69235348701477, 312.28282499313354, 367.7617244720459, 314.3509714603424, 370.0807147026062, 316.74926471710205, 372.32720279693604, 318.83356261253357, 374.22720313072205, 320.91054821014404, 376.65564942359924, 323.08396911621094, 378.9967873096466, 325.6456530094147, 380.91679644584656, 328.0697615146637, 382.96212792396545, 330.2102599143982, 385.5927965641022, 332.45429372787476, 387.8792943954468, 334.6549415588379, 390.1674470901489, 336.74392318725586, 392.544659614563, 338.82898449897766, 395.08695793151855, 340.97372674942017, 397.13739013671875, 342.56886887550354, 398.9472780227661, 344.7244770526886, 401.3313694000244, 346.87458753585815, 403.7078785896301, 349.07221150398254, 406.32285475730896, 351.45904088020325, 408.6389706134796, 353.6474244594574, 411.1419620513916, 355.85168290138245, 413.6941349506378, 358.2608380317688, 416.3044583797455, 360.67673444747925, 418.3212420940399, 362.9575810432434, 420.25543117523193, 364.8949239253998, 422.52969098091125, 366.88052558898926, 425.2602381706238, 368.84142208099365, 427.5320875644684, 371.1892104148865]
Final objective value with penalty: 
0.053908941063768645
Final TV norm without penalty
0.0
