Final evolution
[[-7.07110106e-01-7.07103451e-01j  1.12148808e-05-2.40670970e-05j
   4.79743708e-05+4.49897449e-05j  4.32718986e-07-5.58803981e-05j]
 [ 2.40646333e-05-1.12176580e-05j -7.07126025e-01-7.07087535e-01j
  -1.92493926e-05+3.88157717e-06j -1.79041591e-05+3.85262663e-05j]
 [ 5.58803449e-05-4.25252772e-07j -3.85244885e-05+1.79037974e-05j
   3.53340031e-06+9.74014122e-05j -7.07075865e-01-7.07137686e-01j]
 [-4.49870214e-05-4.79776398e-05j -3.88159945e-06+1.92518206e-05j
  -7.07115114e-01-7.07098438e-01j -9.74003283e-05-3.54030783e-06j]]

********* Summary *****************
Final fidelity error 5.312433160042929e-09
Final objective value 5.682194902863185e-09
Final norm value 3.697617767528527e-10
Final error 2.8742378662525043e-11
Terminate reason Exceed the maximum number of iteration of ADMM
Number of iterations 200
Completed in 0:13:06.241354 HH:MM:SS.US
Time for each iteration [18.758248567581177, 15.49891209602356, 39.473119258880615, 34.87746286392212, 60.1456093788147, 64.05853748321533, 86.65733075141907, 91.11998128890991, 116.48526072502136, 120.50503373146057, 144.57436060905457, 151.57300925254822, 173.20480966567993, 177.09563422203064, 196.3275170326233, 194.5042712688446, 208.4489734172821, 205.0551416873932, 219.62796998023987, 212.96615266799927, 226.18200063705444, 216.12362599372864, 229.3483955860138, 217.93917727470398, 231.17157173156738, 219.76598596572876, 233.04662895202637, 221.65763759613037, 234.9562349319458, 223.56071710586548, 236.82976484298706, 225.43914794921875, 238.71232724189758, 227.28716039657593, 240.5890657901764, 229.11949253082275, 242.42672777175903, 230.97937774658203, 244.27488684654236, 232.80539345741272, 246.11016607284546, 234.63953709602356, 248.01458191871643, 236.54981136322021, 250.3722472190857, 238.489031791687, 252.24681615829468, 240.34356498718262, 254.09379196166992, 242.5680868625641, 256.10455894470215, 244.44791054725647, 257.9339687824249, 246.26586818695068, 260.07137393951416, 248.27694725990295, 261.97136664390564, 250.12435841560364, 263.85758566856384, 252.22907137870789, 265.89765071868896, 254.1446521282196, 267.7480819225311, 255.99492955207825, 269.8659942150116, 258.1260759830475, 271.7859003543854, 259.97288060188293, 273.64231419563293, 262.04228949546814, 275.74041724205017, 263.9519593715668, 277.5895290374756, 265.8657457828522, 279.6256310939789, 268.02496695518494, 281.5226745605469, 269.8721442222595, 283.35687017440796, 271.8352961540222, 285.556560754776, 273.74535274505615, 287.402277469635, 275.568528175354, 289.2613184452057, 277.5469448566437, 291.1043612957001, 279.3900008201599, 292.96176409721375, 281.25746393203735, 295.1536557674408, 283.2296266555786, 297.0481436252594, 285.07124400138855, 298.88927841186523, 287.20441007614136, 300.97303557395935, 289.1024491786957, 302.8107280731201, 290.94640946388245, 304.8870949745178, 292.9977810382843, 306.7974946498871, 294.8464546203613, 308.7424268722534, 296.92723512649536, 310.8452081680298, 298.8256721496582, 312.69066405296326, 300.65672063827515, 314.6769413948059, 302.8590877056122, 316.5790560245514, 304.71232771873474, 318.4084813594818, 306.5800347328186, 320.281533241272, 308.40715765953064, 322.1335072517395, 310.2942419052124, 324.0455689430237, 312.14252638816833, 325.8749017715454, 314.0739667415619, 328.03900027275085, 315.9807379245758, 329.927836894989, 317.8590533733368, 331.85218954086304, 320.03012800216675, 333.8267147541046, 321.9264760017395, 335.6703734397888, 323.8046922683716, 337.87247824668884, 325.8758065700531, 339.79050970077515, 327.7212748527527, 341.62744665145874, 329.92622089385986, 343.59016728401184, 331.83316683769226, 345.446754693985, 333.7073335647583, 347.5756285190582, 335.76768255233765, 349.4790654182434, 337.6088967323303, 351.3382706642151, 339.77571988105774, 353.5565893650055, 341.6965637207031, 355.43518590927124, 343.5486843585968, 357.5597176551819, 345.5495717525482, 359.4398727416992, 347.40882182121277, 361.37063789367676, 349.2924339771271, 363.2050850391388, 351.1343946456909, 365.075323343277, 352.9706869125366, 366.89987778663635, 354.85301208496094, 368.8389070034027, 356.71302103996277, 370.69603180885315, 358.563866853714, 372.53569197654724, 360.381498336792, 374.3717129230499, 362.2468194961548, 376.2739677429199, 364.40066957473755, 378.3521399497986, 366.45960521698, 380.37532472610474, 368.37163853645325, 382.2574062347412, 370.23194003105164, 384.12114906311035, 372.0530562400818, 385.96324157714844, 373.87654972076416, 387.7740526199341, 375.73279452323914, 389.6120984554291, 377.5864808559418, 391.4864149093628, 379.4137804508209, 393.3055739402771, 381.2519564628601, 395.16415214538574, 383.0777657032013, 397.1105613708496, 385.3105311393738, 399.06934785842896, 387.17200660705566]
Final objective value with penalty: 
1.612617254701224e-05
Final TV norm without penalty
32.24172022770439
