Final evolution
[[ 0.30036467-0.74209731j -0.50024002-0.11342079j -0.17254864-0.1714148j
   0.09699352+0.16554299j]
 [-0.36572649-0.09747241j -0.28748909-0.379243j    0.67487093-0.2100192j
  -0.14391443-0.33165922j]
 [-0.21624069-0.38438945j  0.56969655-0.24384193j -0.25842509-0.25500027j
  -0.53817464+0.00557375j]
 [-0.04093329+0.1400896j  -0.06115433-0.35023922j -0.52799265-0.17521471j
   0.34013068-0.6535493j ]]

********* Summary *****************
Final fidelity error 0.5834624811188444
Final objective value 0.5834627980598258
Final norm value 3.1694098145962357e-07
Final error 0.0
Terminate reason Exceed the maximum number of iteration of ADMM
Number of iterations 200
Completed in 0:00:25.495084 HH:MM:SS.US
Time for each iteration [0.6092305183410645, 0.41214823722839355, 1.0471076965332031, 0.8339240550994873, 1.4376416206359863, 1.190579891204834, 1.8216910362243652, 1.5784354209899902, 2.2408297061920166, 1.8103089332580566, 2.4792394638061523, 2.0446293354034424, 2.822908878326416, 2.3980610370635986, 3.1540424823760986, 2.632380962371826, 3.397211790084839, 2.870788335800171, 3.624800205230713, 3.0935795307159424, 3.843499183654785, 3.327899694442749, 4.046576976776123, 3.530977725982666, 4.249654054641724, 3.6648552417755127, 4.374624967575073, 3.7939064502716064, 4.515217304229736, 3.918877601623535, 4.6558122634887695, 4.0438454151153564, 4.780783176422119, 4.18443751335144, 4.91466212272644, 4.303361415863037, 5.039633274078369, 4.416839361190796, 5.16460394859314, 4.54183554649353, 5.289549350738525, 4.682427644729614, 5.414520025253296, 4.807398557662964, 5.539490699768066, 4.932370662689209, 5.673361301422119, 5.0573413372039795, 5.802510976791382, 5.1823132038116455, 5.927480936050415, 5.3062660694122314, 6.055598497390747, 5.431263446807861, 6.18054461479187, 5.556234121322632, 6.30551552772522, 5.675405025482178, 6.433593034744263, 5.80037784576416, 6.558563947677612, 5.925348520278931, 6.683534622192383, 6.0503199100494385, 6.808505058288574, 6.175290584564209, 6.933476209640503, 6.315882921218872, 7.052637338638306, 6.444052696228027, 7.177608251571655, 6.569023132324219, 7.318200349807739, 6.6939942836761475, 7.457839250564575, 6.825195074081421, 7.571315765380859, 6.9501659870147705, 7.689641237258911, 7.028272867202759, 7.783369064331055, 7.110571622848511, 7.861475706100464, 7.18867826461792, 7.955204248428345, 7.266785144805908, 8.048932313919067, 7.344891548156738, 8.142660856246948, 7.422999143600464, 8.220767259597778, 7.516726493835449, 8.298874139785767, 7.610454559326172, 8.386935710906982, 7.7041850090026855, 8.480663776397705, 7.7854225635528564, 8.574391841888428, 7.863529443740845, 8.66812014579773, 7.957257509231567, 8.76184868812561, 8.035363674163818, 8.855576753616333, 8.113471269607544, 8.949304342269897, 8.191578388214111, 9.043037414550781, 8.285300493240356, 9.13036036491394, 8.363407135009766, 9.227289915084839, 8.441513776779175, 9.321043729782104, 8.535216331481934, 9.399150609970093, 8.623135089874268, 9.492878437042236, 8.702299356460571, 9.586626052856445, 8.780388832092285, 9.682201147079468, 8.863754272460938, 9.775928735733032, 8.951594114303589, 9.869658946990967, 9.029700756072998, 9.966497659683228, 9.117595911026001, 10.044596195220947, 9.214414834976196, 10.122704982757568, 9.311782836914062, 10.201926708221436, 9.421131134033203, 10.295655250549316, 9.514859676361084, 10.38938307762146, 9.608587980270386, 10.492004156112671, 9.702316284179688, 10.57011103630066, 9.796045064926147, 10.667931318283081, 9.874151945114136, 10.761659622192383, 9.967880010604858, 10.855387926101685, 10.045987129211426, 10.94911527633667, 10.139753341674805, 11.042805671691895, 10.233481168746948, 11.136533737182617, 10.321376323699951, 11.214640378952026, 10.415104389190674, 11.311434745788574, 10.508832693099976, 11.389541387557983, 10.60256052017212, 11.483269691467285, 10.696288824081421, 11.576997518539429, 10.790017127990723, 11.670725584030151, 10.883745431900024, 11.74883222579956, 10.971780776977539, 11.842533588409424, 11.065508604049683, 11.920640468597412, 11.16330599784851, 12.014368534088135, 11.257034540176392, 12.092475414276123, 11.358889818191528, 12.186203241348267, 11.436996459960938, 12.279931545257568, 11.530748844146729, 12.373635530471802, 11.624476671218872, 12.476227045059204, 11.7182035446167, 12.56995439529419, 11.811933755874634, 12.667762517929077, 11.905661821365356, 12.761490106582642, 11.999390602111816, 12.85521936416626, 12.07749629020691, 12.948947191238403, 12.17122769355774, 13.042672395706177, 12.264955759048462, 13.13640022277832, 12.358683824539185]
Final objective value with penalty: 
0.5834624813188444
Final TV norm without penalty
2.000000165480742
Final evolution
[[ 0.30036467-0.74209731j -0.50024002-0.11342079j -0.17254864-0.1714148j
   0.09699352+0.16554299j]
 [-0.36572649-0.09747241j -0.28748909-0.379243j    0.67487093-0.2100192j
  -0.14391443-0.33165922j]
 [-0.21624069-0.38438945j  0.56969655-0.24384193j -0.25842509-0.25500027j
  -0.53817464+0.00557375j]
 [-0.04093329+0.1400896j  -0.06115433-0.35023922j -0.52799265-0.17521471j
   0.34013068-0.6535493j ]]

********* Summary *****************
Final fidelity error 0.5834624811188444
Final objective value 0.5834627980598258
Final norm value 3.1694098145962357e-07
Final error 0.0
Terminate reason Exceed the maximum number of iteration of ADMM
Number of iterations 200
Completed in 0:00:25.215825 HH:MM:SS.US
Time for each iteration [0.5903806686401367, 0.39559245109558105, 1.027756929397583, 0.8293752670288086, 1.411534070968628, 1.1845111846923828, 1.7984988689422607, 1.5770978927612305, 2.185488700866699, 1.8114185333251953, 2.4130258560180664, 2.0301194190979004, 2.7295379638671875, 2.3541736602783203, 3.0450215339660645, 2.581779718399048, 3.282410144805908, 2.8004977703094482, 3.5167112350463867, 3.034818172454834, 3.7510313987731934, 3.262359619140625, 3.9384875297546387, 3.4382686614990234, 4.13923978805542, 3.5517091751098633, 4.26421046257019, 3.676679849624634, 4.3891823291778564, 3.801649808883667, 4.516864061355591, 3.9266200065612793, 4.641834497451782, 4.040127277374268, 4.766805171966553, 4.165099382400513, 4.876153230667114, 4.290070295333862, 5.001124620437622, 4.415040731430054, 5.1260950565338135, 4.540011882781982, 5.245325326919556, 4.665886640548706, 5.373598337173462, 4.790857315063477, 5.482947587966919, 4.915828466415405, 5.607918739318848, 5.025177478790283, 5.743179559707642, 5.150149345397949, 5.852528095245361, 5.284947872161865, 5.977498769760132, 5.3953635692596436, 6.1024696826934814, 5.520334243774414, 6.227440118789673, 5.645305633544922, 6.352410793304443, 5.770276308059692, 6.477381706237793, 5.895272254943848, 6.611265420913696, 6.007738828659058, 6.736236572265625, 6.132709264755249, 6.861207723617554, 6.257680177688599, 6.986177921295166, 6.382651090621948, 7.1045081615448, 6.507620811462402, 7.23260235786438, 6.626693248748779, 7.345093011856079, 6.751666307449341, 7.470063209533691, 6.845394611358643, 7.563791275024414, 6.939124584197998, 7.657517433166504, 7.0328528881073, 7.751245737075806, 7.142202138900757, 7.844973802566528, 7.235930442810059, 7.9328453540802, 7.32965874671936, 8.0286545753479, 7.423387050628662, 8.122382640838623, 7.532736778259277, 8.216110467910767, 7.6263158321380615, 8.304369926452637, 7.720046520233154, 8.382474422454834, 7.802329063415527, 8.476205825805664, 7.880432605743408, 8.569934129714966, 7.968281269073486, 8.648041486740112, 8.065149307250977, 8.726136207580566, 8.158877849578857, 8.804242849349976, 8.252618312835693, 8.89222264289856, 8.33072543144226, 8.989104986190796, 8.408830881118774, 9.082833051681519, 8.502558946609497, 9.160945415496826, 8.5962815284729, 9.258373498916626, 8.68043851852417, 9.341044902801514, 8.778342962265015, 9.434772968292236, 8.856449842453003, 9.528500080108643, 8.959988594055176, 9.60660696029663, 9.055848360061646, 9.700337171554565, 9.149609327316284, 9.79403281211853, 9.243361473083496, 9.887762784957886, 9.321442127227783, 9.981517791748047, 9.415143489837646, 10.07524585723877, 9.493250370025635, 10.168998003005981, 9.586954593658447, 10.262726068496704, 9.68068242073059, 10.35300588607788, 9.774409055709839, 10.446734189987183, 9.868137121200562, 10.524841070175171, 9.961865425109863, 10.628287076950073, 10.039971828460693, 10.722015380859375, 10.136820077896118, 10.815743684768677, 10.23054814338684, 10.893850326538086, 10.324276208877563, 10.987597465515137, 10.417985439300537, 11.08132529258728, 10.496092319488525, 11.175054788589478, 10.589819431304932, 11.2687828540802, 10.683547496795654, 11.34688949584961, 10.777275562286377, 11.44061803817749, 10.87100338935852, 11.534346103668213, 10.964731693267822, 11.628073930740356, 11.04283881187439, 11.721801996231079, 11.13378643989563, 11.816154479980469, 11.227516651153564, 11.909882545471191, 11.309934377670288, 12.003610849380493, 11.40366268157959, 12.106183767318726, 11.481769561767578, 12.203161001205444, 11.575499773025513, 12.281267881393433, 11.669227838516235, 12.374996185302734, 11.76295518875122, 12.468724966049194, 11.841065168380737, 12.562450408935547, 11.919171333312988, 12.65617847442627, 12.012899398803711, 12.749906539916992, 12.106627941131592, 12.843634605407715, 12.200356721878052, 12.937361717224121, 12.278463363647461]
Final objective value with penalty: 
0.5834624813188444
Final TV norm without penalty
2.000000165480742
Final evolution
[[ 0.30036467-0.74209731j -0.50024002-0.11342079j -0.17254864-0.1714148j
   0.09699352+0.16554299j]
 [-0.36572649-0.09747241j -0.28748909-0.379243j    0.67487093-0.2100192j
  -0.14391443-0.33165922j]
 [-0.21624069-0.38438945j  0.56969655-0.24384193j -0.25842509-0.25500027j
  -0.53817464+0.00557375j]
 [-0.04093329+0.1400896j  -0.06115433-0.35023922j -0.52799265-0.17521471j
   0.34013068-0.6535493j ]]

********* Summary *****************
Final fidelity error 0.5834624811188444
Final objective value 0.5834627980598258
Final norm value 3.1694098145962357e-07
Final error 0.0
Terminate reason Exceed the maximum number of iteration of ADMM
Number of iterations 200
Completed in 0:00:25.798109 HH:MM:SS.US
Time for each iteration [0.5966789722442627, 0.39055371284484863, 1.027280569076538, 0.7997844219207764, 1.4088771343231201, 1.162222146987915, 1.822056531906128, 1.5773110389709473, 2.2252256870269775, 1.827260971069336, 2.4751667976379395, 2.0501303672790527, 2.8130342960357666, 2.382333278656006, 3.150927782058716, 2.6197144985198975, 3.385248899459839, 2.8630142211914062, 3.6195690631866455, 3.0817129611968994, 3.8480939865112305, 3.3025641441345215, 4.031069040298462, 3.4884767532348633, 4.221678733825684, 3.629068374633789, 4.331029176712036, 3.763026714324951, 4.440380811691284, 3.886317014694214, 4.5809736251831055, 4.005814790725708, 4.72156834602356, 4.13392186164856, 4.846538782119751, 4.258915424346924, 4.971508979797363, 4.399485349655151, 5.089745998382568, 4.524455785751343, 5.218877792358398, 4.6494300365448, 5.343869686126709, 4.774377107620239, 5.468839645385742, 4.899348258972168, 5.59381103515625, 5.024318218231201, 5.7187819480896, 5.158200263977051, 5.859374284744263, 5.283169984817505, 5.988442420959473, 5.408140659332275, 6.113413333892822, 5.537116527557373, 6.236410617828369, 5.662087678909302, 6.345759630203247, 5.787060260772705, 6.464849233627319, 5.912031173706055, 6.577374458312988, 6.052623510360718, 6.70234489440918, 6.1775946617126465, 6.811694383621216, 6.318186521530151, 6.936665296554565, 6.436980247497559, 7.064776182174683, 6.5709145069122314, 7.193861961364746, 6.703716516494751, 7.305225372314453, 6.831822872161865, 7.430196046829224, 6.981446266174316, 7.555166006088257, 7.075175523757935, 7.643517732620239, 7.168904781341553, 7.737272262573242, 7.278226375579834, 7.834162712097168, 7.371959209442139, 7.9278905391693115, 7.465686559677124, 8.02162218093872, 7.559412479400635, 8.115348100662231, 7.653140306472778, 8.209077596664429, 7.746869325637817, 8.308899641036987, 7.840595960617065, 8.402628421783447, 7.934347867965698, 8.496356725692749, 8.032397270202637, 8.590086936950684, 8.126123189926147, 8.693133354187012, 8.219852685928345, 8.786861181259155, 8.313580751419067, 8.881664514541626, 8.40731406211853, 8.975391864776611, 8.510020971298218, 9.05288290977478, 8.603749513626099, 9.146610736846924, 8.70161485671997, 9.240341186523438, 8.77972149848938, 9.334069967269897, 8.873449087142944, 9.4277982711792, 8.967177152633667, 9.515083312988281, 9.054476976394653, 9.608839988708496, 9.1522958278656, 9.702568054199219, 9.239528894424438, 9.79629635810852, 9.31763505935669, 9.894181251525879, 9.411365032196045, 9.98790955543518, 9.505093336105347, 10.06601619720459, 9.598823308944702, 10.15974473953247, 9.692550897598267, 10.253471374511719, 9.78627872467041, 10.34719967842102, 9.880006551742554, 10.440927743911743, 9.982643604278564, 10.534655332565308, 10.07949948310852, 10.644005298614502, 10.173227310180664, 10.737733602523804, 10.266955137252808, 10.831461906433105, 10.36068344116211, 10.909568548202515, 10.453378200531006, 11.003296852111816, 10.550328969955444, 11.09702467918396, 10.637246131896973, 11.19075632095337, 10.730974197387695, 11.273024797439575, 10.828428983688354, 11.360784530639648, 10.922157526016235, 11.456610202789307, 11.009507894515991, 11.55033826828003, 11.103235960006714, 11.644066572189331, 11.196964263916016, 11.722172975540161, 11.290692567825317, 11.80925965309143, 11.384423017501831, 11.902986764907837, 11.481235027313232, 11.996715068817139, 11.55934190750122, 12.090443134307861, 11.653070211410522, 12.184170961380005, 11.74019193649292, 12.277900695800781, 11.833920240402222, 12.370317459106445, 11.943269968032837, 12.45150351524353, 12.045860767364502, 12.545231819152832, 12.143742084503174, 12.638960123062134, 12.237470388412476, 12.732688188552856, 12.331198453903198, 12.826416492462158, 12.409305572509766, 12.920144081115723, 12.503065347671509, 13.013840436935425, 12.59679365158081, 13.107568502426147, 12.690540552139282]
Final objective value with penalty: 
0.5834624813188444
Final TV norm without penalty
2.000000165480742
