Final evolution
[[ 0.61532892+6.58119196e-01j  0.20451886-1.08084980e-02j
   0.1059057 +3.16795449e-03j -0.15635002-3.32615802e-01j]
 [ 0.16277159+2.23843076e-05j  0.63687738+4.42116092e-01j
  -0.30280482-4.81467684e-02j  0.25822233+4.60150341e-01j]
 [ 0.26774444+1.36023790e-01j -0.32960534-8.37890972e-02j
   0.51239305-1.86753635e-03j  0.56338254+4.62817609e-01j]
 [ 0.05584778-2.61622474e-01j  0.07564887+4.85378958e-01j
   0.41204035+6.80027721e-01j -0.02834582-2.32595748e-01j]]

********* Summary *****************
Final fidelity error 0.20967797427847312
Final objective value 0.2764749960573512
Final norm value 0.06679702177887803
Final error 2.4772132749341847e-09
Terminate reason Exceed the maximum number of iteration of ADMM
Number of iterations 200
Completed in 0:22:52.898337 HH:MM:SS.US
Time for each iteration [27.901071548461914, 22.78430414199829, 51.5302472114563, 44.72789669036865, 68.0301775932312, 60.7357223033905, 82.85821723937988, 70.66166591644287, 90.37357878684998, 78.30415987968445, 100.85032749176025, 86.32661581039429, 111.19092679023743, 99.32714080810547, 123.58498406410217, 111.93181324005127, 137.34481620788574, 117.87778878211975, 144.76371574401855, 123.84682035446167, 151.06805729866028, 131.741206407547, 160.38157558441162, 138.4473671913147, 166.30019521713257, 149.7082076072693, 172.5302438735962, 155.9922013282776, 180.29195141792297, 162.38141441345215, 189.11869716644287, 166.98231410980225, 195.4072618484497, 175.0161395072937, 205.34288334846497, 181.37832641601562, 212.13612461090088, 185.96010661125183, 222.57342958450317, 190.55173707008362, 228.95006227493286, 196.82435035705566, 235.3307433128357, 203.44648599624634, 239.91955399513245, 214.16645979881287, 246.1987762451172, 222.27560448646545, 250.97754049301147, 230.33260369300842, 259.26123690605164, 239.90952944755554, 266.8887288570404, 247.63571977615356, 272.2678985595703, 256.6511936187744, 277.0403206348419, 265.454820394516, 281.8979778289795, 272.1570599079132, 288.6379027366638, 279.7456798553467, 294.3557782173157, 287.004118680954, 299.1653468608856, 296.7413721084595, 305.9218602180481, 303.5819730758667, 314.6300916671753, 308.2465317249298, 320.788289308548, 314.23517298698425, 324.9796414375305, 323.4866497516632, 329.44406962394714, 329.54558658599854, 337.0316288471222, 334.08751606941223, 344.10088658332825, 342.2595148086548, 348.35743594169617, 347.1264169216156, 355.90907096862793, 353.10504484176636, 364.4478394985199, 357.58719182014465, 368.9426679611206, 363.23593306541443, 373.1643419265747, 370.85035157203674, 377.37049293518066, 375.15969157218933, 382.1357502937317, 379.8929524421692, 388.1553771495819, 384.39831948280334, 393.860609292984, 388.55912733078003, 398.33260917663574, 393.1963987350464, 404.26733136177063, 399.1428031921387, 409.90320682525635, 403.3049485683441, 418.7945439815521, 407.82293915748596, 424.81930470466614, 414.03950119018555, 430.60319805145264, 418.8711266517639, 436.6995494365692, 423.19163823127747, 441.4259991645813, 429.31557536125183, 445.55152344703674, 433.96213126182556, 451.1629681587219, 438.0591690540314, 456.0764377117157, 442.560791015625, 461.6427037715912, 446.7116434574127, 466.81414771080017, 451.29392886161804, 474.1949803829193, 459.4126489162445, 478.6742482185364, 465.1733601093292, 486.04856991767883, 473.32241773605347, 490.9277741909027, 479.49236392974854, 497.10945892333984, 485.7063798904419, 504.5189018249512, 489.9783480167389, 510.1428527832031, 497.54781222343445, 519.2920963764191, 503.16908049583435, 524.1060194969177, 507.891642332077, 529.6836733818054, 512.0951538085938, 537.1300809383392, 516.2701528072357, 541.6370804309845, 522.2610583305359, 549.1468191146851, 526.4716055393219, 553.6929204463959, 530.9945063591003, 559.9491944313049, 535.3681292533875, 566.5566747188568, 540.739767074585, 573.6044337749481, 545.1564693450928, 581.1223170757294, 550.3907868862152, 590.0092880725861, 558.8052830696106, 599.5077588558197, 562.6169984340668, 606.9483506679535, 568.5924742221832, 612.2510783672333, 572.7911155223846, 616.3887784481049, 577.3577198982239, 620.6362118721008, 581.8939247131348, 624.8671550750732, 586.7942259311676, 631.6411201953888, 594.8923761844635, 641.7584245204926, 600.2793102264404, 648.1244571208954, 604.3286945819855, 658.4468774795532, 611.1240665912628, 664.0479788780212, 619.329567193985, 668.9830060005188, 623.9222822189331, 678.2059316635132, 628.9725239276886, 684.8861091136932, 633.4114785194397, 696.0627639293671, 638.5220439434052, 701.1176109313965, 642.0502245426178, 709.0485033988953, 645.9445459842682, 713.7043480873108, 649.5106675624847, 719.4913423061371, 653.4069950580597]
Final objective value with penalty: 
0.39303306170225405
Final TV norm without penalty
1.8335508742378093
