Final evolution
[[ 0.27527359-0.67713558j -0.50207035-0.13227305j -0.20600307-0.32237566j
   0.01665299+0.22248687j]
 [-0.50207035-0.13227305j -0.31686097-0.29693035j  0.60878755-0.15771836j
  -0.20600307-0.32237566j]
 [-0.20600307-0.32237566j  0.60878755-0.15771836j -0.31686097-0.29693035j
  -0.50207035-0.13227305j]
 [ 0.01665299+0.22248687j -0.20600307-0.32237566j -0.50207035-0.13227305j
   0.27527359-0.67713558j]]

********* Summary *****************
Final fidelity error 0.5947449134470657
Final objective value 0.5985903095313649
Final norm value 0.0038453960842991797
Final error 0.0
Terminate reason Exceed the maximum number of iteration of ADMM
Number of iterations 200
Completed in 0:00:09.762849 HH:MM:SS.US
Time for each iteration [0.2743842601776123, 0.2831532955169678, 0.5518105030059814, 0.3456380367279053, 0.7277426719665527, 0.42374563217163086, 0.7746059894561768, 0.501878023147583, 0.8058223724365234, 0.5799856185913086, 0.8839297294616699, 0.6112277507781982, 0.930793285369873, 0.6461119651794434, 0.9534893035888672, 0.7085962295532227, 1.0316004753112793, 0.739835262298584, 1.0893654823303223, 0.8179423809051514, 1.1362297534942627, 0.8805303573608398, 1.1861257553100586, 0.9430160522460938, 1.2329916954040527, 1.0292644500732422, 1.2642345428466797, 1.0605080127716064, 1.326719045639038, 1.1314477920532227, 1.3579623699188232, 1.1783108711242676, 1.4048271179199219, 1.2605328559875488, 1.4360685348510742, 1.3073968887329102, 1.4829323291778564, 1.379589557647705, 1.5297956466674805, 1.4108326435089111, 1.5766916275024414, 1.4753682613372803, 1.6235558986663818, 1.553480863571167, 1.659933090209961, 1.5847556591033936, 1.7067649364471436, 1.647242784500122, 1.7848711013793945, 1.6784842014312744, 1.8317360877990723, 1.734192132949829, 1.9098453521728516, 1.765434741973877, 1.9411187171936035, 1.8122692108154297, 1.9879822731018066, 1.8934521675109863, 2.0192272663116455, 1.9246950149536133, 2.066091299057007, 1.9559712409973145, 2.0973007678985596, 2.002835273742676, 2.159785747528076, 2.0653207302093506, 2.22227144241333, 2.121058702468872, 2.2535159587860107, 2.152299404144287, 2.3160014152526855, 2.2168848514556885, 2.363872766494751, 2.279370069503784, 2.410736560821533, 2.341855525970459, 2.47322154045105, 2.4043426513671875, 2.529989719390869, 2.4355852603912354, 2.561232089996338, 2.4824559688568115, 2.623711585998535, 2.5449411869049072, 2.658245801925659, 2.5918076038360596, 2.6894888877868652, 2.638671636581421, 2.751974105834961, 2.669914484024048, 2.7832369804382324, 2.7167582511901855, 2.8145110607147217, 2.7635915279388428, 2.8457534313201904, 2.7948379516601562, 2.892613410949707, 2.826080799102783, 2.923858404159546, 2.872943162918091, 2.9551005363464355, 2.9042110443115234, 2.9863500595092773, 2.9510421752929688, 3.0175933837890625, 2.9823105335235596, 3.06443190574646, 3.0291755199432373, 3.126939296722412, 3.0604217052459717, 3.1737771034240723, 3.0916640758514404, 3.2296950817108154, 3.138528347015381, 3.2765591144561768, 3.1697707176208496, 3.307802438735962, 3.203089714050293, 3.339045286178589, 3.2499537467956543, 3.370288610458374, 3.2811975479125977, 3.401529550552368, 3.328061819076538, 3.432814121246338, 3.374884605407715, 3.4796786308288574, 3.4217472076416016, 3.510922431945801, 3.48423171043396, 3.5577869415283203, 3.531095504760742, 3.6202733516693115, 3.5774269104003906, 3.6515166759490967, 3.6399123668670654, 3.7140026092529297, 3.6711714267730713, 3.7764720916748047, 3.7180657386779785, 3.8233048915863037, 3.7493085861206055, 3.8545475006103516, 3.8054914474487305, 3.9170284271240234, 3.8367083072662354, 3.9638917446136475, 3.8679513931274414, 3.9973344802856445, 3.9147913455963135, 4.028577566146851, 3.9460337162017822, 4.059842586517334, 3.992875814437866, 4.091084241867065, 4.024150609970093, 4.1379170417785645, 4.071015119552612, 4.200401544570923, 4.10225772857666, 4.231645345687866, 4.133499383926392, 4.278509140014648, 4.1647419929504395, 4.309751987457275, 4.1960272789001465, 4.356574058532715, 4.227294206619263, 4.387792587280273, 4.258536338806152, 4.43468713760376, 4.2897748947143555, 4.48152494430542, 4.321018218994141, 4.528388977050781, 4.35226035118103, 4.559631824493408, 4.399124383926392, 4.590902090072632, 4.439214468002319, 4.622145414352417, 4.486078500747681, 4.653388261795044, 4.51732063293457, 4.702363729476929, 4.548596143722534, 4.733580827713013, 4.599331617355347, 4.755265474319458, 4.646196126937866, 4.786508083343506, 4.677438735961914, 4.833372354507446, 4.710774183273315, 4.864617347717285, 4.757641315460205, 4.895857572555542, 4.788885116577148, 4.942728757858276, 4.820120334625244]
Final objective value with penalty: 
0.5947449134470657
Final TV norm without penalty
0.0
