Final evolution
[[-0.09437431-0.64408518j -0.01750615+0.36612952j  0.29994813+0.4420187j
  -0.37750814-0.11844271j]
 [-0.0421161 +0.202881j   -0.65616909-0.43056948j  0.51381452+0.02450285j
  -0.24640861-0.12567668j]
 [ 0.1488897 +0.4606096j   0.28594265+0.06698588j -0.16704303+0.05638426j
  -0.79121171-0.14940484j]
 [-0.11129298-0.53534832j -0.05286746-0.40081103j -0.35783464-0.5393669j
  -0.32979205-0.09922962j]]

********* Summary *****************
Final fidelity error 0.35201688271346565
Final objective value 0.357526116781806
Final norm value 0.005509234068340363
Final error 6.399340981714466e-07
Terminate reason Exceed the maximum number of iteration of ADMM
Number of iterations 200
Completed in 0:02:53.472293 HH:MM:SS.US
Time for each iteration [7.728287696838379, 4.199453830718994, 12.49400281906128, 8.037252426147461, 16.50794816017151, 11.11317753791809, 18.459818601608276, 13.2256600856781, 20.3818781375885, 14.675798177719116, 21.632766008377075, 15.921544790267944, 23.580742120742798, 17.185391187667847, 24.849489450454712, 18.48105025291443, 26.1420636177063, 19.77858543395996, 27.39281702041626, 21.191795587539673, 28.297497034072876, 22.505352020263672, 29.220242261886597, 23.426021814346313, 30.12186026573181, 24.32085609436035, 31.0195095539093, 25.245434522628784, 31.943111896514893, 26.179930448532104, 32.86812472343445, 27.09745168685913, 33.776859283447266, 28.006015062332153, 34.70440888404846, 28.91865587234497, 35.57955861091614, 29.845324993133545, 36.49516296386719, 30.7738618850708, 37.403773069381714, 31.687517404556274, 38.301374197006226, 32.57514476776123, 39.060455560684204, 33.319143533706665, 39.99616885185242, 34.06552290916443, 40.73716425895691, 34.79758954048157, 41.62433648109436, 35.53669810295105, 42.34343075752258, 36.301186084747314, 43.084465742111206, 37.04417157173157, 43.82730793952942, 37.77522873878479, 44.757604360580444, 38.50139784812927, 45.485774993896484, 39.2284939289093, 46.21054410934448, 39.98165416717529, 46.96452522277832, 40.74073314666748, 47.71449327468872, 41.47896647453308, 48.44753360748291, 42.216001749038696, 49.19698667526245, 42.97305965423584, 49.96104645729065, 43.75215482711792, 50.71430683135986, 44.50618577003479, 51.45032262802124, 45.24523138999939, 52.19984412193298, 45.992302894592285, 52.95294189453125, 46.74673295021057, 53.69631242752075, 47.49872326850891, 54.42334342002869, 48.23884582519531, 55.14242172241211, 48.99100065231323, 55.88447165489197, 49.73817563056946, 56.63745856285095, 50.4811897277832, 57.38882756233215, 51.20827293395996, 58.1179141998291, 51.94144582748413, 58.871065855026245, 52.69161653518677, 59.60517764091492, 53.419671058654785, 60.327253103256226, 54.122857332229614, 61.164716720581055, 54.68138933181763, 61.89174842834473, 55.24389147758484, 62.455249071121216, 55.995893716812134, 63.19961500167847, 56.73900246620178, 63.94365334510803, 57.30948352813721, 64.51916027069092, 57.88101053237915, 65.08369588851929, 58.452537059783936, 65.66922903060913, 59.01822900772095, 66.25395274162292, 59.60477328300476, 66.83064079284668, 60.199437379837036, 67.45911574363708, 60.808910608291626, 68.04854083061218, 61.39293694496155, 68.62998819351196, 61.97738790512085, 69.21447801589966, 62.58377385139465, 69.85979723930359, 63.24112010002136, 70.469229221344, 63.837523460388184, 71.05866599082947, 64.42547941207886, 71.64015293121338, 65.01792240142822, 72.22864079475403, 65.6004524230957, 72.81736516952515, 66.18298101425171, 73.40379524230957, 66.76447558403015, 73.98521566390991, 67.34893584251404, 74.5806291103363, 67.98227429389954, 75.17607116699219, 68.57369303703308, 75.7615385055542, 69.15065789222717, 76.3510193824768, 69.72619295120239, 76.94654536247253, 70.30668377876282, 77.53898739814758, 71.10028958320618, 78.132408618927, 71.69974446296692, 78.71286725997925, 72.27822279930115, 79.29339027404785, 72.85970878601074, 79.88083267211914, 73.45417547225952, 80.47624063491821, 74.059161901474, 81.0811493396759, 74.64476752281189, 81.67354679107666, 75.23020887374878, 82.30893015861511, 75.83066606521606, 82.91132712364197, 76.4181547164917, 83.49327874183655, 76.99962759017944, 84.09465527534485, 77.60403680801392, 84.68806958198547, 78.17747902870178, 85.28405976295471, 78.77332639694214, 85.87252020835876, 79.34878778457642, 86.4570665359497, 79.93222856521606, 87.04006052017212, 80.51170754432678, 87.61549997329712, 81.11111187934875, 88.21691632270813, 81.69261980056763, 88.80547022819519, 82.28863048553467, 89.38532972335815, 82.90606594085693, 89.98276352882385, 83.48952984809875]
Final objective value with penalty: 
0.38492265330596914
