Final evolution
[[ 0.30037282-0.74211192j -0.50023122-0.11341797j -0.17254647-0.17137198j
   0.09701192+0.16552704j]
 [-0.36568468-0.09747113j -0.28747874-0.37926578j  0.67488167-0.21003328j
  -0.14390493-0.33166195j]
 [-0.21624417-0.38439861j  0.56969041-0.24386262j -0.25841342-0.2549842j
  -0.5381766 +0.00561647j]
 [-0.04094951+0.14006948j -0.06111414-0.35023914j -0.52799634-0.17522996j
   0.34014538-0.65354169j]]

********* Summary *****************
Final fidelity error 0.5834625919739204
Final objective value 0.5834629128056682
Final norm value 3.208317478353706e-07
Final error 1.5407439555097887e-33
Terminate reason Exceed the maximum number of iteration of ADMM
Number of iterations 200
Completed in 0:00:25.222910 HH:MM:SS.US
Time for each iteration [0.6059815883636475, 0.3759620189666748, 1.0325987339019775, 0.8075454235076904, 1.4116976261138916, 1.1668369770050049, 1.8022315502166748, 1.5505445003509521, 2.1812355518341064, 1.7692434787750244, 2.415555477142334, 1.9879422187805176, 2.754397392272949, 2.312551975250244, 3.081547498703003, 2.528806447982788, 3.3158490657806396, 2.7475054264068604, 3.538633346557617, 2.9662039279937744, 3.7648541927337646, 3.190840721130371, 3.9597244262695312, 3.387369394302368, 4.151286602020264, 3.5123403072357178, 4.2762322425842285, 3.6373109817504883, 4.4012041091918945, 3.7622809410095215, 4.526174783706665, 3.887251853942871, 4.651146173477173, 4.005432367324829, 4.776116847991943, 4.134534120559692, 4.901088237762451, 4.259504795074463, 5.026058912277222, 4.3844757080078125, 5.1510303020477295, 4.509445667266846, 5.276001691818237, 4.634416103363037, 5.3942835330963135, 4.759386301040649, 5.5233306884765625, 4.893563508987427, 5.649361610412598, 5.00596022605896, 5.774325370788574, 5.130938529968262, 5.8992931842803955, 5.255884647369385, 6.039885997772217, 5.375003814697266, 6.162569046020508, 5.504127025604248, 6.2719175815582275, 5.629097938537598, 6.397751331329346, 5.757128477096558, 6.522724390029907, 5.866479873657227, 6.647693634033203, 5.986233472824097, 6.772641897201538, 6.111204147338867, 6.886126756668091, 6.236156225204468, 7.011097192764282, 6.3611297607421875, 7.136065483093262, 6.4704790115356445, 7.261037111282349, 6.595473527908325, 7.39584755897522, 6.720444440841675, 7.520848751068115, 6.818220138549805, 7.614576816558838, 6.911948204040527, 7.708305597305298, 6.999310255050659, 7.802062034606934, 7.093011856079102, 7.8998730182647705, 7.17111873626709, 7.993601322174072, 7.2648468017578125, 8.087329149246216, 7.352748155593872, 8.181058883666992, 7.4308555126190186, 8.277917385101318, 7.524583578109741, 8.356024265289307, 7.618311643600464, 8.449752569198608, 7.7120397090911865, 8.527858972549438, 7.805771827697754, 8.621583223342896, 7.899500370025635, 8.699690103530884, 7.993229627609253, 8.796173810958862, 8.077681541442871, 8.87428069114685, 8.171409368515015, 8.968009233474731, 8.253703117370605, 9.061737775802612, 8.331809282302856, 9.155493974685669, 8.425509452819824, 9.249223709106445, 8.519236087799072, 9.327330350875854, 8.612964391708374, 9.421058416366577, 8.706692457199097, 9.508078813552856, 8.80042052268982, 9.590261220932007, 8.894148826599121, 9.684004306793213, 8.972240447998047, 9.777732133865356, 9.065968990325928, 9.855839014053345, 9.169816255569458, 9.933945655822754, 9.266661167144775, 10.027674198150635, 9.360388994216919, 10.121402263641357, 9.447381973266602, 10.215130090713501, 9.545196533203125, 10.308857917785645, 9.623303413391113, 10.402610778808594, 9.717006921768188, 10.496338844299316, 9.810734987258911, 10.584279298782349, 9.904463052749634, 10.681071996688843, 9.998191356658936, 10.759178638458252, 10.107540845870972, 10.847055196762085, 10.201268672943115, 10.930544137954712, 10.294995784759521, 11.024271726608276, 10.388724088668823, 11.118000507354736, 10.482451438903809, 11.211728811264038, 10.576179504394531, 11.305456638336182, 10.66367793083191, 11.399186849594116, 10.741785287857056, 11.480412006378174, 10.835517168045044, 11.558515310287476, 10.913623571395874, 11.652244329452515, 11.00735092163086, 11.730350732803345, 11.10107946395874, 11.824078559875488, 11.194807529449463, 11.917807340621948, 11.272913455963135, 12.011535882949829, 11.366641521453857, 12.10526442527771, 11.460369348526001, 12.198992013931274, 11.554098844528198, 12.29271936416626, 11.647826910018921, 12.370826005935669, 11.741554975509644, 12.461901903152466, 11.835284948348999, 12.555629968643188, 11.9290132522583, 12.649359703063965, 12.02273964881897, 12.743087768554688, 12.11646842956543, 12.85228180885315, 12.194623708724976, 12.946009874343872, 12.27690052986145]
Final objective value with penalty: 
0.5834825919739204
Final TV norm without penalty
2.000000000002
