Final evolution
[[ 0.2833378 -0.69224208j -0.50021983-0.12968253j -0.20391428-0.29374809j
   0.03122948+0.2112792j ]
 [-0.47539659-0.12995846j -0.31151749-0.3141832j   0.62162386-0.17037695j
  -0.19875732-0.3261988j ]
 [-0.20833683-0.33262731j  0.6071754 -0.1754057j  -0.30877057-0.28773418j
  -0.50760656-0.10359094j]
 [ 0.0045791 +0.20871832j -0.17787198-0.32579253j -0.507967  -0.14326831j
   0.28924034-0.6755888j ]]

********* Summary *****************
Final fidelity error 0.5922513830398737
Final objective value 0.5947084834803105
Final norm value 0.0024571004404367325
Final error 8.29252743779415e-07
Terminate reason Exceed the maximum number of iteration of ADMM
Number of iterations 200
Completed in 0:00:14.721105 HH:MM:SS.US
Time for each iteration [0.4194047451019287, 0.28431057929992676, 0.6537251472473145, 0.4249119758605957, 0.7630653381347656, 0.5811252593994141, 0.8724157810211182, 0.7529594898223877, 0.9915955066680908, 0.8256807327270508, 1.1967267990112305, 0.9506518840789795, 1.2748334407806396, 1.0131371021270752, 1.352940559387207, 1.0912742614746094, 1.4310474395751953, 1.1693506240844727, 1.5091538429260254, 1.2474572658538818, 1.5872819423675537, 1.325542688369751, 1.6744742393493652, 1.4036502838134766, 1.7525808811187744, 1.4817562103271484, 1.8193342685699463, 1.564868688583374, 1.866201400756836, 1.6409687995910645, 1.9443037509918213, 1.7034921646118164, 2.0067503452301025, 1.7503557205200195, 2.084869146347046, 1.8284523487091064, 2.162999153137207, 1.890916109085083, 2.241102933883667, 1.9534022808074951, 2.3192098140716553, 2.031510591506958, 2.3660714626312256, 2.103783130645752, 2.459805965423584, 2.166274309158325, 2.539984941482544, 2.2131378650665283, 2.618098258972168, 2.291239023208618, 2.6805830001831055, 2.3693454265594482, 2.7586896419525146, 2.4162120819091797, 2.83679461479187, 2.494318723678589, 2.914900302886963, 2.541184663772583, 2.9773850440979004, 2.619326591491699, 3.055480480194092, 2.6817874908447266, 3.1113650798797607, 2.759896755218506, 3.173851490020752, 2.8223819732666016, 3.220715045928955, 2.91927433013916, 3.2980196475982666, 2.958770513534546, 3.3718039989471436, 3.0315754413604736, 3.4057140350341797, 3.107372760772705, 3.482508897781372, 3.1422793865203857, 3.5593085289001465, 3.215085029602051, 3.5932178497314453, 3.2888877391815186, 3.667020559310913, 3.3227970600128174, 3.7488019466400146, 3.3946051597595215, 3.7827115058898926, 3.4724020957946777, 3.857506513595581, 3.5083062648773193, 3.931309223175049, 3.583143949508667, 3.964221239089966, 3.6579461097717285, 4.045003175735474, 3.698836326599121, 4.122796297073364, 3.7526915073394775, 4.195602178573608, 3.8085434436798096, 4.279385089874268, 3.881803512573242, 4.313294410705566, 3.916710138320923, 4.371139049530029, 3.9994895458221436, 4.433971166610718, 4.076937675476074, 4.489168643951416, 4.151737928390503, 4.544023752212524, 4.228532075881958, 4.601867914199829, 4.3043296337127686, 4.63677453994751, 4.380126953125, 4.69461989402771, 4.456921815872192, 4.749473333358765, 4.53072452545166, 4.813302516937256, 4.635456323623657, 4.867157936096191, 4.707264184951782, 4.91925573348999, 4.788048505783081, 4.984082221984863, 4.872822046279907, 5.0419275760650635, 4.9496169090271, 5.095783710479736, 5.024416923522949, 5.149639844894409, 5.103205919265747, 5.207485675811768, 5.178005695343018, 5.258946180343628, 5.256113052368164, 5.30580997467041, 5.349841117858887, 5.3526740074157715, 5.427947521209717, 5.415162563323975, 5.490429878234863, 5.477647542953491, 5.56853723526001, 5.5245115756988525, 5.646644115447998, 5.5869972705841064, 5.733933448791504, 5.618239641189575, 5.812047004699707, 5.652563095092773, 5.894019842147827, 5.715048551559448, 5.9877495765686035, 5.777533054351807, 6.065857410430908, 5.850607633590698, 6.159584045410156, 5.881850719451904, 6.25642991065979, 5.928715705871582, 6.350159645080566, 5.991199731826782, 6.443887233734131, 6.053687572479248, 6.521992444992065, 6.093792676925659, 6.615724086761475, 6.140656471252441, 6.696978569030762, 6.187521696090698, 6.784082889556885, 6.234386920928955, 6.862189769744873, 6.281249523162842, 6.92775559425354, 6.328113555908203, 7.005865573883057, 6.390598773956299, 7.0995917320251465, 6.4530930519104, 7.177688360214233, 6.484335899353027, 7.255795240402222, 6.5311994552612305, 7.333902597427368, 6.5780627727508545, 7.42237401008606, 6.609305381774902, 7.500479698181152, 6.6405487060546875, 7.580643177032471, 6.703034162521362, 7.658768892288208, 6.734258413314819, 7.7368762493133545, 6.781121492385864, 7.814987421035767, 6.828006982803345, 7.8930983543396]
Final objective value with penalty: 
0.5944893622998605
Final TV norm without penalty
0.2237979259986811
