Final evolution
[[-0.75779438-0.64395126j -0.0226758 +0.00199826j  0.05904795+0.04218405j
  -0.03445942-0.06405209j]
 [-0.0136701 +0.01318098j -0.63508854-0.7348505j  -0.10165679+0.07806855j
  -0.01855382+0.19880549j]
 [ 0.07324623+0.04691597j -0.18486666-0.0410104j   0.14869146+0.09220307j
  -0.59538652-0.75596341j]
 [-0.03977744-0.03956625j -0.10740771+0.09351549j -0.76263551-0.60504674j
  -0.06695638-0.15618278j]]

********* Summary *****************
Final fidelity error 0.029367235937034275
Final objective value 0.10491414504328818
Final norm value 0.07554690910625395
Final error 3.113105953144354e-06
Terminate reason Exceed the maximum number of iteration of ADMM
Number of iterations 200
Completed in 0:10:53.587674 HH:MM:SS.US
Time for each iteration [10.534157037734985, 12.99166750907898, 21.120360136032104, 24.00825810432434, 28.312989950180054, 33.74782156944275, 35.91120505332947, 41.327775955200195, 41.752413749694824, 48.951200008392334, 48.96082949638367, 55.65659165382385, 54.75583744049072, 62.41233015060425, 59.82786154747009, 68.64499568939209, 63.591519355773926, 74.98491621017456, 68.96175479888916, 80.38571095466614, 72.63881492614746, 84.96733045578003, 77.58212375640869, 88.70113158226013, 81.35032892227173, 94.29949975013733, 84.6724739074707, 97.5897810459137, 88.37491011619568, 102.6510636806488, 91.67981386184692, 106.38232922554016, 97.17810487747192, 109.64151525497437, 100.8616271018982, 113.42187166213989, 104.60095167160034, 117.19498205184937, 109.71080040931702, 120.45693111419678, 113.4513168334961, 124.73818969726562, 116.66706824302673, 128.80605506896973, 121.50739121437073, 131.86099553108215, 125.40844678878784, 136.7280068397522, 128.5267951488495, 140.60468459129333, 131.6277356147766, 144.5774257183075, 134.62587428092957, 147.56226468086243, 137.68262124061584, 151.49529361724854, 140.83109998703003, 155.4345247745514, 143.83150553703308, 159.34395051002502, 146.9186315536499, 163.2454218864441, 149.96679091453552, 167.14775109291077, 152.54561567306519, 171.1171851158142, 155.14284896850586, 174.29208731651306, 158.25520205497742, 177.48961734771729, 162.19703269004822, 180.07802486419678, 164.75215792655945, 182.6444969177246, 167.81113743782043, 185.27426481246948, 170.52727675437927, 187.90461254119873, 173.15046668052673, 190.46149444580078, 175.8012194633484, 194.85455703735352, 178.34482169151306, 197.43635249137878, 180.89527106285095, 200.1219081878662, 183.4423861503601, 204.542498588562, 186.09278845787048, 207.15541315078735, 188.83855199813843, 209.75204157829285, 193.18259978294373, 212.32254838943481, 195.90876412391663, 214.94524955749512, 198.46785640716553, 219.36436676979065, 201.04278874397278, 222.03064680099487, 203.75349354743958, 224.670147895813, 208.3522503376007, 227.3010745048523, 210.49752354621887, 229.91296005249023, 213.05163717269897, 232.48079299926758, 215.64551877975464, 235.090980052948, 218.21563863754272, 237.76936149597168, 220.893696308136, 240.40782856941223, 223.4412591457367, 242.9984815120697, 226.03954410552979, 245.1872489452362, 228.18929862976074, 247.47645783424377, 230.34423542022705, 249.60243248939514, 232.43229508399963, 251.71477437019348, 234.65755081176758, 253.84880757331848, 236.78514051437378, 255.9656708240509, 238.91814398765564, 258.09057998657227, 241.04024004936218, 260.28264689445496, 243.15968942642212, 262.419882774353, 245.2847011089325, 264.5804889202118, 247.43154764175415, 266.70296025276184, 249.62749600410461, 268.82903695106506, 251.768319606781, 270.9910957813263, 253.98041486740112, 273.12712574005127, 256.11768913269043, 275.29280734062195, 258.27697801589966, 277.4554810523987, 260.42631816864014, 279.57030510902405, 262.5602774620056, 281.7482063770294, 264.7601704597473, 283.86114144325256, 266.87926959991455, 285.98071551322937, 268.98666501045227, 288.1444253921509, 271.1181356906891, 290.31249809265137, 273.24047327041626, 292.41318821907043, 275.3517198562622, 294.55219745635986, 277.4757721424103, 296.64876651763916, 279.68786573410034, 298.9052755832672, 281.8415904045105, 301.0436191558838, 284.0099437236786, 303.19560265541077, 286.21570658683777, 305.3492295742035, 288.388067483902, 307.5817873477936, 290.54873538017273, 309.76387643814087, 292.6605806350708, 311.8851692676544, 294.84679532051086, 314.02642035484314, 296.96356678009033, 316.14689683914185, 299.2259440422058, 318.8435606956482, 301.5624635219574, 320.988650560379, 303.75907135009766, 323.22286319732666, 307.08985686302185, 325.51696252822876, 309.76089572906494, 327.9928765296936, 312.44426703453064, 330.2317135334015, 316.7122790813446, 332.46801018714905, 318.9623215198517, 334.6253526210785]
Final objective value with penalty: 
0.19346668326448904
Final TV norm without penalty
16.409944732745476
