Final evolution
[[ 0.6756743 +0.65393339j  0.05218201-0.06166739j  0.22238445+0.11021036j
  -0.09475069-0.19680108j]
 [ 0.09255255-0.01447053j  0.69336626+0.65055716j -0.15526575+0.09382442j
  -0.1335325 +0.19105453j]
 [ 0.20856339+0.0883836j  -0.20035214+0.126777j    0.02487313+0.06765073j
   0.67335161+0.6586946j ]
 [-0.11109551-0.20834447j -0.10618204+0.14834004j  0.63057243+0.70899328j
  -0.10277642+0.01072003j]]

********* Summary *****************
Final fidelity error 0.05510326678401334
Final objective value 0.05560895666859865
Final norm value 0.0005056898845853253
Final error 6.06400650331708e-06
Terminate reason Exceed the maximum number of iteration of ADMM
Number of iterations 200
Completed in 0:05:30.749306 HH:MM:SS.US
Time for each iteration [23.93183398246765, 7.205390691757202, 30.470152854919434, 13.47267770767212, 35.679497480392456, 17.772435903549194, 39.926305055618286, 21.632153272628784, 44.13509702682495, 25.45206356048584, 46.730966091156006, 27.6707444190979, 49.275147914886475, 31.263137102127075, 51.49055361747742, 33.459410429000854, 53.713825941085815, 35.72620248794556, 56.943233251571655, 37.987650632858276, 60.22499966621399, 40.229488372802734, 62.44593667984009, 43.38148856163025, 64.64539742469788, 45.534839391708374, 66.84936904907227, 47.745842933654785, 68.72059798240662, 49.661728382110596, 70.61488676071167, 51.563061475753784, 72.49269604682922, 53.386717796325684, 74.31795454025269, 55.23000407218933, 76.1656858921051, 56.74757122993469, 77.38239288330078, 58.591235876083374, 78.59158611297607, 60.12162780761719, 79.8189263343811, 61.66767454147339, 81.34659457206726, 63.20408821105957, 82.8446102142334, 64.74714064598083, 84.40481233596802, 66.32532715797424, 85.97901177406311, 67.87184119224548, 87.54325079917908, 69.41152667999268, 89.11869716644287, 70.95804071426392, 90.66278314590454, 72.49107646942139, 92.20651149749756, 74.02615809440613, 93.71998190879822, 75.55364966392517, 95.26300978660583, 76.78191661834717, 96.46761870384216, 78.01573777198792, 97.6671040058136, 79.56482100486755, 98.86994814872742, 80.80063366889954, 100.10087299346924, 82.03104662895203, 101.3036835193634, 83.55948328971863, 102.52644085884094, 84.80170845985413, 103.78800296783447, 86.04779195785522, 105.03577494621277, 87.29406881332397, 105.93817734718323, 88.18448543548584, 106.86194229125977, 89.1492874622345, 108.12128710746765, 90.37662601470947, 109.39603400230408, 91.66198468208313, 110.62346291542053, 92.61128401756287, 111.91671872138977, 93.90105104446411, 112.81625199317932, 95.15968322753906, 114.08480477333069, 96.45058059692383, 115.36228942871094, 97.40048933029175, 116.6588613986969, 98.68330979347229, 117.90856981277466, 99.62628412246704, 119.20441198348999, 100.91079616546631, 120.45412039756775, 101.83787441253662, 121.69104099273682, 103.11612057685852, 122.9723916053772, 104.39412379264832, 123.90967273712158, 105.65748763084412, 125.17975282669067, 106.9286949634552, 126.10112142562866, 108.1784029006958, 127.34831309318542, 109.44036793708801, 128.26645302772522, 110.65883326530457, 129.5191285610199, 111.88955974578857, 130.4233853816986, 113.15488910675049, 131.68589091300964, 114.40898156166077, 132.61684036254883, 115.67429304122925, 133.83527517318726, 116.59819650650024, 135.10078358650208, 117.84779906272888, 135.99060344696045, 119.10531544685364, 137.22416067123413, 120.03603219985962, 138.49829244613647, 121.29877972602844, 139.4386854171753, 122.57010579109192, 140.7217502593994, 123.46052408218384, 141.97332501411438, 124.68787455558777, 142.89453125, 125.94889712333679, 144.12499403953552, 126.87055683135986, 145.3878631591797, 128.12786769866943, 146.29808855056763, 129.3546178340912, 147.5790708065033, 130.25409841537476, 148.82188153266907, 131.51942777633667, 149.77245020866394, 132.72590112686157, 151.01953792572021, 133.64752960205078, 152.26697659492493, 134.8727993965149, 153.19069576263428, 136.1381287574768, 154.4573106765747, 137.08536434173584, 155.73100972175598, 138.36276149749756, 156.68391251564026, 139.64031434059143, 157.95725345611572, 140.55819177627563, 159.20386219024658, 141.77280187606812, 160.1255223751068, 143.06580448150635, 161.4069652557373, 143.96850538253784, 162.70353770256042, 145.21211767196655, 163.61933732032776, 146.46391820907593, 164.88112425804138, 147.39910006523132, 166.13389205932617, 148.65025997161865, 167.36908292770386, 149.56886172294617, 168.6310465335846, 150.84649658203125, 169.54889249801636, 152.11183094978333, 170.81611824035645, 153.04236841201782, 172.1386640071869, 154.28056859970093, 173.05034399032593, 155.5299036502838, 174.2977077960968, 156.4515986442566]
Final objective value with penalty: 
0.06780405828386288
Final TV norm without penalty
12.70079149984954
