Final evolution
[[-0.0732232 -0.63874642j -0.02512314+0.34516095j  0.30855345+0.45957002j
  -0.38624196-0.10621412j]
 [-0.0428383 +0.1886202j  -0.65762297-0.46820072j  0.48788729+0.01359291j
  -0.23941972-0.12396305j]
 [ 0.13163253+0.47757556j  0.28018435+0.06896665j -0.15148626+0.05436552j
  -0.79400961-0.12239213j]
 [-0.11087632-0.53993479j -0.03723927-0.37935001j -0.38702387-0.528848j
  -0.33951623-0.0783882j ]]

********* Summary *****************
Final fidelity error 0.3506490606499556
Final objective value 0.35081911505401453
Final norm value 0.00017005440405892802
Final error 3.5803334577978525e-06
Terminate reason Exceed the maximum number of iteration of ADMM
Number of iterations 200
Completed in 0:01:22.509830 HH:MM:SS.US
Time for each iteration [1.5658047199249268, 2.3890154361724854, 3.2149503231048584, 3.4774110317230225, 3.8791892528533936, 4.300796985626221, 4.633397579193115, 4.989357233047485, 5.355672597885132, 5.4614245891571045, 6.046104192733765, 6.1270318031311035, 6.603206634521484, 6.5985448360443115, 7.183838605880737, 7.061705589294434, 7.746848821640015, 7.625555515289307, 8.337366104125977, 8.095930814743042, 8.813095808029175, 8.544103384017944, 9.300724029541016, 8.909103155136108, 9.67723822593689, 9.267037153244019, 10.04937195777893, 9.62507963180542, 10.44858717918396, 10.00271487236023, 10.843028783798218, 10.37272596359253, 11.209050178527832, 10.744431018829346, 11.907771348953247, 11.203205108642578, 12.305280923843384, 11.685017824172974, 12.711197137832642, 12.123844146728516, 13.149064302444458, 12.591594219207764, 13.570936918258667, 13.02344012260437, 13.99784803390503, 13.45442533493042, 14.653774976730347, 14.015586853027344, 15.090928554534912, 14.405831813812256, 15.492854356765747, 14.774006366729736, 15.862865447998047, 15.186903238296509, 16.38252282142639, 15.581747055053711, 16.761365175247192, 15.923832654953003, 17.027880668640137, 16.29869318008423, 17.294856548309326, 16.687450647354126, 17.69778037071228, 17.054468870162964, 17.968742847442627, 17.47573232650757, 18.379316329956055, 17.845743417739868, 18.65358328819275, 18.221730709075928, 19.02122139930725, 18.593814849853516, 19.294491291046143, 18.977137327194214, 19.80247139930725, 19.251405000686646, 20.176260948181152, 19.745580434799194, 20.464537858963013, 20.1127872467041, 20.84512758255005, 20.399823665618896, 21.23708176612854, 20.78638792037964, 21.580740928649902, 21.20518469810486, 21.852728605270386, 21.57120704650879, 22.215693473815918, 21.84352207183838, 22.596434593200684, 22.33332395553589, 22.894147872924805, 22.77335834503174, 23.2227463722229, 23.18893337249756, 23.640629529953003, 23.496113777160645, 24.11804175376892, 23.904152154922485, 24.408772468566895, 24.274162530899048, 24.683039665222168, 24.647653102874756, 25.048030853271484, 24.911946535110474, 25.41704225540161, 25.278965950012207, 25.68571424484253, 25.648471355438232, 25.95798659324646, 26.02673864364624, 26.33002471923828, 26.3030002117157, 26.614558458328247, 26.677350521087646, 26.9805805683136, 26.951617002487183, 27.24615168571472, 27.328274488449097, 27.629842042922974, 27.65839147567749, 27.960957288742065, 28.09921360015869, 28.284770011901855, 28.555991649627686, 28.726135969161987, 28.868174076080322, 29.073570489883423, 29.281012535095215, 29.39770221710205, 29.685930490493774, 29.67270827293396, 30.070484161376953, 30.06868863105774, 30.346799612045288, 30.336629629135132, 30.70702624320984, 30.614174842834473, 31.092004537582397, 30.995880126953125, 31.401180267333984, 31.29009246826172, 31.786378383636475, 31.57780170440674, 32.17086696624756, 31.974742650985718, 32.47257733345032, 32.26822018623352, 32.909411668777466, 32.55545258522034, 33.39864730834961, 32.9586296081543, 33.68587946891785, 33.238882064819336, 34.06708741188049, 33.51555776596069, 34.51685857772827, 33.9626989364624, 34.84594249725342, 34.2878303527832, 35.31369471549988, 34.62277674674988, 35.798399209976196, 35.0421576499939, 36.06741690635681, 35.331398010253906, 36.44041991233826, 35.65752863883972, 36.903610944747925, 36.13323259353638, 37.186853885650635, 36.41348338127136, 37.57880616188049, 36.683491945266724, 37.95280647277832, 37.05700159072876, 38.22411036491394, 37.32797408103943, 38.60235047340393, 37.59444785118103, 38.97237801551819, 37.97941994667053, 39.2528190612793, 38.27258038520813, 39.63060784339905, 38.55582332611084, 40.01362133026123, 38.940775871276855, 40.292497396469116, 39.2241952419281, 40.66796398162842, 39.497974157333374, 41.042500495910645, 39.87912607192993, 41.31946897506714, 40.16321539878845, 41.69571232795715, 40.44101428985596, 42.06881594657898]
Final objective value with penalty: 
0.35417660359630593
Final TV norm without penalty
3.527542946350326
