Final evolution
[[ 0.67966124+0.65430437j  0.03963087-0.0553427j   0.22675744+0.1116982j
  -0.08899552-0.1830228j ]
 [ 0.08775806-0.00321224j  0.69196463+0.65213025j -0.15624281+0.08863941j
  -0.13581494+0.19360999j]
 [ 0.19689881+0.08361592j -0.20613068+0.12740146j  0.00269092+0.065046j
   0.67175177+0.66334726j]
 [-0.11309742-0.20900433j -0.10258623+0.1484343j   0.63356989+0.70582348j
  -0.10201639+0.03105725j]]

********* Summary *****************
Final fidelity error 0.053793359299684096
Final objective value 0.053800681976477395
Final norm value 7.322676793264371e-06
Final error 1.5007375863729419e-06
Terminate reason Exceed the maximum number of iteration of ADMM
Number of iterations 200
Completed in 0:03:12.865481 HH:MM:SS.US
Time for each iteration [7.920702934265137, 4.636845827102661, 11.665783166885376, 8.4585440158844, 15.394567012786865, 11.18778657913208, 17.756488800048828, 13.801954746246338, 20.124712467193604, 16.146374702453613, 22.46843934059143, 18.312175750732422, 24.572542905807495, 20.444501876831055, 26.661170482635498, 22.5916006565094, 28.7473783493042, 24.063204288482666, 30.229869842529297, 26.17921018600464, 31.476022481918335, 27.432287454605103, 32.798073291778564, 29.65420365333557, 34.072123289108276, 31.13946533203125, 35.6047580242157, 32.67304754257202, 37.151854515075684, 35.26495885848999, 38.460453033447266, 37.01745676994324, 39.75105905532837, 38.313472032547, 41.039177894592285, 39.61234784126282, 42.37982177734375, 40.91660404205322, 43.67608451843262, 42.26928162574768, 44.96001052856445, 43.11139225959778, 45.80275225639343, 43.958091497421265, 46.72578024864197, 44.823779582977295, 47.535351037979126, 45.653589963912964, 48.35350298881531, 46.45850896835327, 49.19357347488403, 47.30095601081848, 50.07850909233093, 48.15845966339111, 50.92129611968994, 49.00816226005554, 51.753310680389404, 49.84812355041504, 52.58124232292175, 50.68899655342102, 53.409173011779785, 51.52826452255249, 54.2969114780426, 52.38848853111267, 55.146336793899536, 53.227084159851074, 56.006051778793335, 54.04604887962341, 56.838064670562744, 54.66483449935913, 57.431676149368286, 55.25574564933777, 58.07215189933777, 55.86269927024841, 58.89553737640381, 56.687877893447876, 59.707847356796265, 57.29711079597473, 60.32987952232361, 57.89072346687317, 60.938621044158936, 58.482698917388916, 61.5978102684021, 59.10477256774902, 62.20437407493591, 59.72614288330078, 62.81358027458191, 60.34420657157898, 63.411277294158936, 60.92950701713562, 64.00797367095947, 61.538740396499634, 64.63282799720764, 62.14602541923523, 65.23028707504272, 62.73963665962219, 65.8328583240509, 63.368576526641846, 66.42290115356445, 63.97210192680359, 67.01731276512146, 64.55556917190552, 67.63966679573059, 65.1650230884552, 68.22906064987183, 65.76541829109192, 68.80166053771973, 66.41767525672913, 69.3950743675232, 67.00710010528564, 69.9854965209961, 67.59656071662903, 70.57931518554688, 68.20221018791199, 71.20243048667908, 68.84376168251038, 71.81166362762451, 69.46895790100098, 72.4157042503357, 70.08775115013123, 73.02493405342102, 70.69698405265808, 73.65047883987427, 71.29520964622498, 74.27940917015076, 71.91420221328735, 74.91648149490356, 72.55101799964905, 75.52571702003479, 73.16024804115295, 76.11595678329468, 73.78155612945557, 76.77205348014832, 74.4064109325409, 77.39490222930908, 75.0197274684906, 77.99830961227417, 75.63103199005127, 78.60754346847534, 76.2318480014801, 79.23547196388245, 76.84108281135559, 79.84470343589783, 77.44895529747009, 80.4851815700531, 78.05351948738098, 81.09289240837097, 78.66275215148926, 81.69280791282654, 79.27405071258545, 82.29823446273804, 79.88328385353088, 82.91943383216858, 80.47689461708069, 83.55413603782654, 81.07256364822388, 84.1946120262146, 81.69368362426758, 84.78822326660156, 82.29913330078125, 85.38292956352234, 82.90836668014526, 86.00115489959717, 83.51841688156128, 86.59476852416992, 84.10954904556274, 87.43766403198242, 84.72861814498901, 88.05056738853455, 85.31873941421509, 88.70052027702332, 85.94359254837036, 89.53866267204285, 86.54027724266052, 90.13902258872986, 87.16237258911133, 90.74456191062927, 87.76696944236755, 91.5721504688263, 88.41767430305481, 92.24130845069885, 89.02690768241882, 92.862557888031, 89.632493019104, 93.6876916885376, 90.24050903320312, 94.31254529953003, 90.83412098884583, 94.90253925323486, 91.42773175239563, 95.72379541397095, 92.02441334724426, 96.31740760803223, 92.63928031921387, 96.92971301078796, 93.23787879943848, 97.7270917892456, 93.85374236106873, 98.37835025787354, 94.48713111877441]
Final objective value with penalty: 
0.05523653460872121
Final TV norm without penalty
14.431753090371132
