Final evolution
[[ 0.21829735+0.17070142j -0.7126564 +0.00638605j -0.35719485+0.13298673j
  -0.4980986 -0.14802538j]
 [-0.66515961-0.20398254j -0.44486082-0.20206222j  0.42282883-0.00714447j
  -0.11890811+0.290257j  ]
 [-0.36210671+0.03459133j  0.40585299-0.02220351j -0.51083376-0.24814494j
  -0.52413134+0.32439455j]
 [-0.3803746 -0.40268902j -0.16762943+0.24503166j -0.57535372+0.14943946j
   0.45411099-0.21315658j]]

********* Summary *****************
Final fidelity error 0.6505193801472012
Final objective value 0.6769806719834325
Final norm value 0.02646129183623125
Final error 0.0021038408211334534
Terminate reason Exceed the maximum number of iteration of ADMM
Number of iterations 200
Completed in 1:54:02.200880 HH:MM:SS.US
Time for each iteration [14.530715942382812, 16.697752714157104, 35.5911819934845, 21.820698261260986, 48.72286605834961, 28.429271459579468, 69.6289165019989, 40.863327980041504, 100.5196921825409, 55.5584020614624, 116.13007545471191, 70.86031007766724, 136.48638772964478, 87.0270447731018, 169.1683361530304, 105.73038697242737, 189.76628470420837, 133.64228868484497, 205.00843834877014, 149.25264620780945, 218.33175110816956, 169.81923866271973, 268.97297191619873, 187.01603245735168, 291.42228293418884, 215.16302633285522, 306.42670226097107, 229.9444580078125, 320.1538972854614, 246.58925485610962, 361.4945545196533, 264.5214059352875, 381.6897323131561, 307.528516292572, 400.55435943603516, 325.47762513160706, 415.3321735858917, 343.6609787940979, 464.9511559009552, 363.49982213974, 488.89595580101013, 404.09161043167114, 511.11313247680664, 424.3499791622162, 525.1113119125366, 444.1493122577667, 546.6961343288422, 475.6234998703003, 564.4213256835938, 499.5334360599518, 572.4196467399597, 509.63394355773926, 585.7365899085999, 524.0454342365265, 632.7443504333496, 547.3926613330841, 680.2520596981049, 563.7094533443451, 699.2509508132935, 579.9429860115051, 722.1495544910431, 613.2630050182343, 753.9006772041321, 636.6272344589233, 776.8629631996155, 668.3509330749512, 798.355388879776, 685.9256157875061, 813.4958024024963, 704.2865240573883, 862.3924634456635, 724.0049612522125, 883.4583389759064, 755.8093268871307, 901.3615343570709, 773.8893401622772, 914.9121742248535, 793.1607782840729, 974.5601739883423, 814.0367593765259, 996.1375238895416, 848.1561813354492, 1019.0907318592072, 875.7845344543457, 1040.760002374649, 897.6993906497955, 1065.5535712242126, 933.1273062229156, 1087.145446062088, 957.2169466018677, 1119.1694359779358, 978.5621263980865, 1137.9820680618286, 999.752016544342, 1162.1647021770477, 1075.1477723121643, 1183.733336687088, 1096.2859301567078, 1215.4589219093323, 1115.3971688747406, 1232.3559730052948, 1129.990364074707, 1251.89324259758, 1151.7361159324646, 1282.4527411460876, 1171.2333102226257, 1305.1495780944824, 1196.9532070159912, 1321.8632054328918, 1213.2753162384033, 1336.4919152259827, 1231.0421266555786, 1379.1483855247498, 1251.0334115028381, 1400.8140578269958, 1283.7527327537537, 1417.7039954662323, 1302.1215281486511, 1435.4068274497986, 1321.2375838756561, 1497.7049984931946, 1345.3089785575867, 1524.2825758457184, 1382.0690846443176, 1548.1097042560577, 1400.465675354004, 1561.98593044281, 1417.2411653995514, 1587.7625143527985, 1433.053781747818, 1605.8942966461182, 1459.8595423698425, 1622.8248772621155, 1477.668622970581, 1637.3169121742249, 1499.294054031372, 1661.2328498363495, 1527.1204242706299, 1679.3115937709808, 1547.1077649593353, 1708.731787443161, 1565.7173721790314, 1725.1700508594513, 1579.3905837535858, 1746.2275779247284, 1604.9841752052307, 1780.439198255539, 1623.3747391700745, 1801.2527101039886, 1653.089229106903, 1819.9618446826935, 1672.5518290996552, 1836.6831579208374, 1691.8534281253815, 1888.3866243362427, 1712.028817653656, 1913.8330137729645, 1747.8974673748016, 1931.5992329120636, 1764.8796107769012, 1947.5039937496185, 1783.8346354961395, 1996.664918422699, 1800.7426898479462, 2018.7197680473328, 1827.582153558731, 2036.4556767940521, 1879.3500609397888, 2136.028924226761, 1951.4164397716522, 2309.4202365875244, 2031.8975019454956, 2400.170970916748, 2058.1510314941406, 2449.6522583961487, 2107.8316328525543, 2502.7490227222443, 2287.4538486003876, 2585.1225061416626, 2456.0209906101227, 2652.139318704605, 2517.328242301941, 2725.230134010315, 2613.993038415909, 2803.1016602516174, 2743.624838113785, 2887.835072040558, 2836.097217798233, 3043.8399538993835, 2901.869146347046, 3101.0469932556152, 2961.8391664028168, 3179.613459587097, 3015.223785877228, 3341.2350442409515, 3093.736639022827, 3444.6581902503967, 3231.911543369293, 3519.139002561569, 3323.06187748909]
Final objective value with penalty: 
0.915118868004303
Final TV norm without penalty
0.5291989757142035
