Final evolution
[[ 0.66191586+0.66336098j  0.08889465-0.08184723j  0.19938617+0.09857226j
  -0.11211703-0.21254838j]
 [ 0.11810521-0.03685848j  0.65929169+0.66814176j -0.18459608+0.10319725j
  -0.12155297+0.21003134j]
 [ 0.21848403+0.10276484j -0.21704702+0.12180004j  0.091369  +0.08458016j
   0.68757565+0.62569728j]
 [-0.10323028-0.19380362j -0.10770052+0.17543025j  0.64028466+0.6930633j
  -0.1293927 -0.04862962j]]

********* Summary *****************
Final fidelity error 0.06320172400364521
Final objective value 0.0734942642826563
Final norm value 0.010292540279011053
Final error 3.022704399721712e-06
Terminate reason Exceed the maximum number of iteration of ADMM
Number of iterations 200
Completed in 0:05:25.766727 HH:MM:SS.US
Time for each iteration [24.424845695495605, 5.1875598430633545, 30.59205651283264, 10.3420889377594, 36.131938457489014, 15.21080493927002, 38.99834132194519, 20.777190923690796, 43.26188063621521, 23.009902000427246, 47.456815004348755, 25.251393795013428, 51.650704860687256, 27.449331998825073, 55.52814960479736, 29.672017335891724, 57.41534638404846, 32.922019958496094, 58.963433265686035, 34.80045008659363, 60.508076667785645, 37.99863839149475, 62.051013231277466, 40.51856327056885, 63.609546422958374, 42.09509873390198, 66.46079707145691, 43.67476177215576, 68.0273928642273, 45.24675512313843, 69.56339430809021, 47.79772424697876, 71.14150214195251, 49.37504172325134, 72.74083280563354, 51.970879793167114, 74.30411982536316, 53.478553771972656, 75.90946578979492, 56.048871755599976, 77.45220017433167, 57.280131816864014, 78.67439675331116, 58.51421880722046, 79.93080377578735, 59.74830460548401, 81.17188763618469, 60.991650342941284, 82.43830037117004, 62.25512170791626, 83.70807385444641, 63.47355651855469, 84.95516395568848, 64.73448085784912, 86.20290756225586, 65.96592330932617, 87.41865706443787, 67.18438935279846, 88.63868546485901, 68.41473889350891, 89.87790250778198, 69.63624572753906, 91.10826277732849, 70.83713698387146, 92.31561064720154, 72.08684539794922, 93.55060839653015, 73.32952857017517, 94.76565027236938, 74.55782628059387, 95.9835615158081, 76.11864829063416, 97.19742846488953, 77.34245777130127, 98.40899014472961, 78.52968072891235, 99.96571731567383, 79.74466300010681, 101.181147813797, 80.95986413955688, 102.39505100250244, 82.17484164237976, 103.60992312431335, 83.67150592803955, 104.8214213848114, 84.89910459518433, 106.02300333976746, 86.1106026172638, 107.22266864776611, 87.3099000453949, 108.45675444602966, 88.52425456047058, 109.63880205154419, 89.73580360412598, 110.85896515846252, 90.96736526489258, 112.09169483184814, 92.22974967956543, 113.35409712791443, 93.47945809364319, 114.60190081596375, 94.72743082046509, 115.8335132598877, 95.62333655357361, 116.74855256080627, 96.83426523208618, 118.0259792804718, 97.75220251083374, 119.24444460868835, 99.00792145729065, 120.48175740242004, 100.27030444145203, 121.72794508934021, 101.50238299369812, 122.96207356452942, 102.73452806472778, 124.28356766700745, 104.04682350158691, 125.62377524375916, 105.37132239341736, 126.9260904788971, 106.85155725479126, 128.2741982936859, 108.22719359397888, 129.62573146820068, 109.1734127998352, 130.5817687511444, 110.48186087608337, 131.5467140674591, 111.77811026573181, 132.85530543327332, 113.08674263954163, 134.163911819458, 114.39161419868469, 135.47233033180237, 115.6845874786377, 136.79348230361938, 116.96961617469788, 138.08745217323303, 118.27212238311768, 139.39068269729614, 119.55715870857239, 140.69096779823303, 120.80717992782593, 141.9387652873993, 122.0502815246582, 143.19835591316223, 123.3342719078064, 144.12904810905457, 124.25560760498047, 145.0468361377716, 125.50159287452698, 146.29293155670166, 126.40187335014343, 147.56638860702515, 127.69524121284485, 148.48460960388184, 128.9918134212494, 149.76725053787231, 129.89441204071045, 151.03570652008057, 131.1825201511383, 151.93177127838135, 132.42225074768066, 153.21683049201965, 133.31068396568298, 154.45118832588196, 134.59578394889832, 155.386492729187, 135.90227723121643, 156.66094613075256, 136.84335470199585, 157.93841099739075, 138.06760907173157, 158.8787715435028, 139.32953357696533, 160.1284806728363, 140.2532057762146, 161.37497758865356, 141.50818800926208, 162.2997498512268, 142.75508189201355, 163.53880524635315, 143.65764212608337, 164.79728627204895, 144.95421433448792, 165.7473738193512, 146.23967576026917, 167.00750374794006, 147.14571404457092, 168.25441551208496, 148.39545440673828, 169.16044759750366, 149.66869187355042, 170.4220404624939, 150.6330063343048, 171.68733882904053, 151.9165940284729, 172.59062337875366, 153.17610359191895]
Final objective value with penalty: 
0.1143555864715905
Final TV norm without penalty
10.230772493589058
