Final evolution
[[-0.07563413-0.6445058j  -0.03215381+0.33511815j  0.31204026+0.4623956j
  -0.37624887-0.11318868j]
 [-0.03673186+0.18595899j -0.65496441-0.47413385j  0.48725799+0.00118188j
  -0.22887824-0.14311447j]
 [ 0.13276091+0.47173152j  0.27895267+0.06085779j -0.14615753+0.07434859j
  -0.79815999-0.11990221j]
 [-0.10950114-0.53927283j -0.02255177-0.38839906j -0.39183224-0.52055471j
  -0.33942768-0.07817315j]]

********* Summary *****************
Final fidelity error 0.3488908672024884
Final objective value 0.34889139933012625
Final norm value 5.321276378422723e-07
Final error 0.0
Terminate reason Exceed the maximum number of iteration of ADMM
Number of iterations 200
Completed in 0:02:37.654007 HH:MM:SS.US
Time for each iteration [13.891656398773193, 6.897568702697754, 16.13833737373352, 9.064489126205444, 18.03089165687561, 10.495811462402344, 19.28957748413086, 11.767241716384888, 20.73163938522339, 13.212887287139893, 21.91845989227295, 14.400967121124268, 23.120407581329346, 15.587580442428589, 24.33354926109314, 16.98155117034912, 25.526811838150024, 18.147602319717407, 26.88958430290222, 19.35626530647278, 28.056524753570557, 20.526689529418945, 29.251417875289917, 21.712647676467896, 30.412414073944092, 22.859372854232788, 31.609010219573975, 24.013765573501587, 32.77936792373657, 25.209838390350342, 33.9699821472168, 26.337430000305176, 35.13245391845703, 27.70452618598938, 36.29293155670166, 28.471116065979004, 37.05917954444885, 29.233872890472412, 37.82547044754028, 29.996483087539673, 38.59760808944702, 30.757585525512695, 39.332942962646484, 31.512016773223877, 40.09069633483887, 32.08357310295105, 40.6613073348999, 32.63592576980591, 41.222317695617676, 33.18719792366028, 41.76661705970764, 33.73570895195007, 42.29356408119202, 34.28392791748047, 42.82499384880066, 34.8235399723053, 43.363375186920166, 35.36492109298706, 43.90243911743164, 35.9107391834259, 44.43859148025513, 36.450292110443115, 44.980119466781616, 37.04922103881836, 45.49797296524048, 37.58447813987732, 46.05039620399475, 38.14534378051758, 46.58861303329468, 38.70318269729614, 47.131646394729614, 39.296271562576294, 47.69002962112427, 39.8369882106781, 48.25228238105774, 40.389657735824585, 48.80020046234131, 40.93591380119324, 49.31619668006897, 41.48059630393982, 49.884530782699585, 42.044214487075806, 50.43835806846619, 42.568336486816406, 50.99108171463013, 43.134743452072144, 51.55956244468689, 43.6957368850708, 52.13915657997131, 44.265599489212036, 52.70742392539978, 44.84278464317322, 53.267465353012085, 45.41108822822571, 53.82054305076599, 45.93658208847046, 54.35643434524536, 46.484009742736816, 54.92399334907532, 47.04778552055359, 55.4919056892395, 47.6442711353302, 56.07024788856506, 48.24094009399414, 56.62946820259094, 48.75745248794556, 57.185646772384644, 49.30827283859253, 57.74007248878479, 49.86574196815491, 58.29404163360596, 50.430397510528564, 58.99169421195984, 50.98492765426636, 59.46912407875061, 51.487555265426636, 59.99710512161255, 51.9871940612793, 60.5089054107666, 52.49222540855408, 61.0594756603241, 53.04871892929077, 61.61942982673645, 53.59400177001953, 62.18772625923157, 54.182971477508545, 62.754719734191895, 54.76320147514343, 63.325334310531616, 55.32841682434082, 63.87569284439087, 55.916324853897095, 64.39885210990906, 56.45871901512146, 64.95580673217773, 57.01395130157471, 65.51511883735657, 57.57909083366394, 66.07202076911926, 58.137837409973145, 66.60854983329773, 58.65750288963318, 67.17463755607605, 59.196677923202515, 67.73500037193298, 59.7552695274353, 68.28263592720032, 60.304521322250366, 68.84324359893799, 60.86790752410889, 69.40673661231995, 61.4368953704834, 69.96548843383789, 61.99395966529846, 70.52271342277527, 62.546040534973145, 71.0761821269989, 63.11098027229309, 71.63251042366028, 63.66803956031799, 72.18718814849854, 64.23675847053528, 72.74073457717896, 64.78999447822571, 73.30474734306335, 65.3378598690033, 73.86472916603088, 65.89020538330078, 74.43484926223755, 66.45519232749939, 74.99475359916687, 67.02379655838013, 75.55316805839539, 67.58259749412537, 76.10404229164124, 68.13896679878235, 76.65086460113525, 68.68683958053589, 77.25289988517761, 69.2375967502594, 77.79964995384216, 69.79888677597046, 78.36508846282959, 70.35339593887329, 79.00359106063843, 70.88401484489441, 79.51596641540527, 71.42200636863708, 80.06894969940186, 71.97716927528381, 80.63033318519592, 72.53014087677002, 81.18998098373413, 73.10139751434326, 81.79363679885864, 73.65478038787842, 82.3473527431488, 74.21852827072144, 82.88415670394897, 74.76985001564026]
Final objective value with penalty: 
0.3488908672024884
Final TV norm without penalty
0.0
