Final evolution
[[ 0.45247735+0.5945414j   0.35304966+0.06057264j  0.35354549+0.35809734j
   0.24366248+0.02953207j]
 [ 0.33640305-0.20820325j  0.37587579+0.5325287j  -0.36631761-0.29299938j
   0.11630629+0.43017507j]
 [ 0.10930939-0.33064841j -0.52614542+0.05149232j  0.20630321+0.38510183j
   0.43084597+0.47196392j]
 [-0.21081626-0.34575823j  0.37284247+0.16830179j  0.50224295+0.2891751j
  -0.52863562+0.23096517j]]

********* Summary *****************
Final fidelity error 0.3544376579889492
Final objective value 1.6226784664837481
Final norm value 1.268240808494799
Final error 0.18012403022993576
Terminate reason Exceed the maximum number of iteration of ADMM
Number of iterations 200
Completed in 0:44:36.728339 HH:MM:SS.US
Time for each iteration [39.03455853462219, 7.118505239486694, 45.337884187698364, 13.867221593856812, 54.476545572280884, 28.24502992630005, 65.22542881965637, 38.74271535873413, 80.64871907234192, 57.677734375, 124.93369650840759, 64.49770402908325, 128.33366799354553, 69.90785574913025, 157.36353158950806, 101.78526735305786, 161.8762001991272, 111.87007546424866, 169.46173763275146, 149.68977332115173, 174.97168970108032, 157.48868036270142, 199.96802496910095, 164.5535068511963, 244.96823811531067, 171.85346794128418, 260.04820942878723, 181.74369859695435, 275.8942332267761, 202.22741603851318, 289.52470421791077, 215.34699630737305, 317.78497314453125, 250.65718507766724, 333.97465658187866, 267.06722497940063, 339.6447584629059, 281.1875190734863, 348.9144582748413, 303.27766275405884, 358.1544568538666, 309.3677055835724, 379.4765169620514, 313.91651153564453, 399.70556712150574, 334.8463976383209, 412.1691908836365, 344.52952909469604, 422.21246457099915, 358.52976083755493, 432.72248935699463, 369.3900144100189, 443.98801946640015, 395.6950478553772, 448.74715757369995, 399.9851584434509, 451.98705410957336, 419.7281231880188, 459.1392261981964, 423.4329798221588, 462.62432765960693, 427.2580952644348, 465.59413862228394, 429.98830246925354, 469.2843050956726, 452.35833406448364, 473.7642970085144, 460.07389974594116, 483.04854130744934, 480.5237727165222, 497.38850355148315, 492.1541557312012, 511.5380971431732, 499.37415885925293, 521.4886248111725, 505.6536605358124, 527.0387001037598, 514.8336639404297, 537.4588763713837, 527.58393907547, 565.6988546848297, 534.1540088653564, 578.2925961017609, 575.4701669216156, 592.5008013248444, 592.3218126296997, 625.7607486248016, 597.2719526290894, 644.4807510375977, 602.3422763347626, 661.3254642486572, 610.0872585773468, 665.2405507564545, 629.0421805381775, 686.7708156108856, 640.5621044635773, 707.8704776763916, 655.9122738838196, 736.7706074714661, 672.4811871051788, 746.1317780017853, 685.4709937572479, 755.1118674278259, 697.6309514045715, 765.1223831176758, 711.4562783241272, 776.7667593955994, 724.4562194347382, 789.1671283245087, 733.875955581665, 800.5113682746887, 748.7817242145538, 827.1113903522491, 760.9536054134369, 838.82945561409, 766.0937612056732, 867.4194059371948, 778.7840623855591, 878.381293296814, 796.6819460391998, 892.6614151000977, 808.4821391105652, 910.3311338424683, 819.9222383499146, 932.981249332428, 825.8822181224823, 950.2888746261597, 835.0044379234314, 958.5067806243896, 840.3664915561676, 962.1869509220123, 842.9663388729095, 965.1771912574768, 844.7765333652496, 985.0626735687256, 861.4811081886292, 994.8826344013214, 877.6508738994598, 1011.9760100841522, 883.6379311084747, 1016.3158917427063, 886.417825460434, 1043.915699005127, 891.0680332183838, 1055.9136798381805, 916.779892206192, 1085.5041255950928, 923.3101410865784, 1094.9090666770935, 932.8045601844788, 1105.1794576644897, 942.4592394828796, 1115.94482254982, 952.8120403289795, 1128.0216658115387, 963.1821503639221, 1140.4715054035187, 992.5380599498749, 1153.3161079883575, 1000.2880742549896, 1169.5361058712006, 1016.0777566432953, 1179.9148876667023, 1026.3091750144958, 1196.9746754169464, 1062.5693533420563, 1204.4294743537903, 1075.2244613170624, 1242.3187165260315, 1089.5354590415955, 1258.8986999988556, 1099.7253987789154, 1265.6886668205261, 1103.3699126243591, 1281.584328174591, 1118.1199126243591, 1292.1243829727173, 1130.630001783371, 1305.6979775428772, 1156.1317451000214, 1311.552368402481, 1172.1217424869537, 1320.766678094864, 1180.897466659546, 1326.606837272644, 1184.427333831787, 1336.377100944519, 1195.417509317398, 1348.1168229579926, 1205.2785544395447, 1357.186064004898, 1227.4984097480774, 1377.3525667190552, 1237.292460680008, 1395.3022818565369, 1253.3622500896454, 1400.8825347423553, 1265.071814775467, 1407.9543809890747, 1268.7739582061768]
Final objective value with penalty: 
3.3997295941602266
Final TV norm without penalty
6.090583872342554
