Final evolution
[[ 0.67667914+0.65368286j  0.05020478-0.06122029j  0.22130928+0.11166122j
  -0.09521747-0.19499545j]
 [ 0.09216139-0.01244363j  0.68999783+0.65400644j -0.15659404+0.09235498j
  -0.13407486+0.19105704j]
 [ 0.20764758+0.08886533j -0.20125573+0.12600107j  0.0191317 +0.06701443j
   0.67456645+0.65780578j]
 [-0.11295746-0.20586778j -0.10581189+0.14944505j  0.63262304+0.70741358j
  -0.10201523+0.01661637j]]

********* Summary *****************
Final fidelity error 0.054814748477631015
Final objective value 0.0553252038007098
Final norm value 0.0005104553230788067
Final error 5.856280609270534e-06
Terminate reason Exceed the maximum number of iteration of ADMM
Number of iterations 200
Completed in 0:03:27.020460 HH:MM:SS.US
Time for each iteration [7.601567029953003, 4.377835035324097, 11.897378921508789, 8.452945232391357, 15.151823043823242, 11.501237392425537, 17.8198823928833, 13.944157600402832, 20.57199239730835, 15.671295404434204, 23.490291595458984, 18.16542625427246, 25.06964635848999, 19.74424433708191, 26.882169485092163, 21.34619927406311, 28.43926167488098, 22.81194233894348, 29.903790950775146, 24.311029195785522, 31.470027923583984, 25.908204555511475, 32.78865718841553, 27.438133239746094, 34.29019355773926, 28.752647399902344, 35.91471290588379, 30.259012699127197, 37.44231939315796, 31.543259620666504, 38.74427819252014, 32.78823971748352, 40.013343811035156, 34.05441379547119, 41.346757888793945, 35.33308553695679, 42.61615467071533, 36.663957834243774, 43.665629386901855, 37.91733193397522, 44.50933790206909, 38.951980113983154, 45.325655460357666, 39.998546838760376, 46.161306381225586, 41.043667793273926, 46.99274301528931, 41.8819944858551, 47.79161715507507, 42.9153265953064, 48.61239743232727, 43.72020435333252, 49.41026520729065, 44.57003331184387, 50.23904371261597, 45.3728883266449, 51.052897453308105, 46.39531755447388, 51.867268085479736, 47.22184467315674, 52.683212995529175, 48.271955251693726, 53.506505727767944, 49.073476791381836, 54.329164028167725, 49.87958073616028, 55.146236419677734, 50.70944356918335, 56.01750731468201, 51.52825117111206, 56.86679768562317, 52.38831043243408, 57.68242597579956, 53.22798538208008, 58.48593282699585, 54.04991817474365, 59.298800230026245, 54.86987066268921, 60.116676330566406, 55.68356776237488, 60.914488315582275, 56.49846816062927, 61.73484253883362, 57.3231475353241, 62.53202772140503, 58.160386085510254, 63.37359118461609, 58.97167491912842, 64.18897247314453, 59.82734990119934, 65.00722908973694, 60.62897276878357, 65.81020450592041, 61.45547652244568, 66.64573001861572, 62.26295351982117, 67.44213438034058, 63.12616181373596, 68.26115393638611, 63.955475091934204, 69.09953713417053, 64.59595060348511, 69.6966598033905, 65.4215178489685, 70.53302049636841, 66.03109693527222, 71.15639233589172, 66.8555896282196, 71.77150321006775, 67.72736024856567, 72.3792793750763, 68.55423331260681, 73.19818043708801, 69.13245940208435, 74.00999641418457, 69.9539704322815, 74.61299109458923, 70.77980828285217, 75.20250511169434, 71.58744931221008, 76.03101372718811, 72.17985391616821, 76.86402630805969, 73.0764708518982, 77.55999898910522, 73.91021251678467, 78.3719596862793, 74.50560140609741, 79.19176912307739, 75.14739513397217, 80.00462794303894, 75.95477819442749, 80.59701871871948, 76.76795649528503, 81.4279396533966, 77.35872673988342, 82.23077416419983, 78.18896245956421, 82.86021900177002, 79.02609896659851, 83.70418810844421, 79.63778448104858, 84.53560948371887, 80.50133109092712, 85.16453838348389, 81.31146788597107, 85.96506261825562, 81.9183144569397, 86.80935978889465, 82.76430869102478, 87.40648126602173, 83.59495639801025, 88.24952244758606, 84.22601675987244, 89.05676651000977, 85.03236532211304, 89.65942645072937, 85.83354163169861, 90.48993515968323, 86.43041658401489, 91.30585956573486, 87.28638005256653, 91.92165946960449, 88.10840940475464, 92.73510932922363, 88.70730471611023, 93.55522394180298, 89.50277400016785, 94.16445755958557, 90.34983706474304, 95.0116765499115, 90.9739682674408, 95.87281250953674, 91.78388714790344, 96.46092224121094, 92.61033320426941, 97.2757842540741, 93.21506714820862, 98.12334179878235, 94.034903049469, 98.73549318313599, 94.84330940246582, 99.57083916664124, 95.43697500228882, 100.39709377288818, 96.25385284423828, 101.02343106269836, 97.09322381019592, 101.8928472995758, 97.71440362930298, 102.75951743125916, 98.31182980537415, 103.58279228210449, 99.13119101524353, 104.1889967918396, 99.94743657112122, 105.0040192604065, 100.55666923522949, 105.85476422309875, 101.16569542884827]
Final objective value with penalty: 
0.06761842156213221
Final TV norm without penalty
12.803673084501199
