Final evolution
[[-7.07107040e-01-7.07106519e-01j  1.00241521e-05-2.00515362e-05j
   3.82304901e-05+3.30325855e-05j  8.42378206e-07-4.78189499e-05j]
 [ 2.00503510e-05-1.00261759e-05j -7.07126746e-01-7.07086815e-01j
  -1.25471670e-05-2.83139868e-07j -1.70274167e-05+2.42052074e-05j]
 [ 4.78183831e-05-8.37642374e-07j -2.42042252e-05+1.70276623e-05j
  -2.38946414e-06+7.68323973e-05j -7.07084212e-01-7.07129344e-01j]
 [-3.30305248e-05-3.82331744e-05j  2.83794271e-07+1.25484368e-05j
  -7.07109118e-01-7.07104438e-01j -7.68318830e-05+2.38478797e-06j]]

********* Summary *****************
Final fidelity error 3.2995588483686333e-09
Final objective value 3.3016273989535693e-09
Final norm value 2.0685675394815917e-12
Final error 0.0
Terminate reason Exceed the maximum number of iteration of ADMM
Number of iterations 200
Completed in 0:13:30.878575 HH:MM:SS.US
Time for each iteration [18.822696924209595, 15.504065990447998, 39.626391649246216, 37.09690713882446, 60.44013524055481, 66.38966584205627, 89.87011742591858, 93.85730981826782, 116.42444014549255, 124.10542893409729, 158.11388683319092, 163.18497014045715, 189.7832100391388, 190.64535450935364, 216.04830193519592, 208.10971689224243, 226.691002368927, 219.34355854988098, 235.97082996368408, 227.28942012786865, 242.51810312271118, 233.23602032661438, 248.40045189857483, 235.12659883499146, 250.270587682724, 236.98305892944336, 252.10879826545715, 238.83807110786438, 253.93952202796936, 240.6723883152008, 255.7884819507599, 242.51109766960144, 257.67328786849976, 244.3854203224182, 259.5251295566559, 246.24880027770996, 261.36618423461914, 248.084805727005, 263.2209475040436, 249.91968607902527, 265.073105096817, 251.8263611793518, 266.92548871040344, 253.67331433296204, 268.74384593963623, 255.50722432136536, 270.5755271911621, 257.32944679260254, 272.45641326904297, 259.2059853076935, 274.2905640602112, 261.04865169525146, 276.1452488899231, 262.9174838066101, 277.9930636882782, 264.7865846157074, 279.8700110912323, 266.6780972480774, 281.7232708930969, 268.51956057548523, 283.58807587623596, 270.41422271728516, 285.43741750717163, 272.2497911453247, 287.30563712120056, 274.1221787929535, 289.1523597240448, 275.9637053012848, 291.00011444091797, 277.8250095844269, 292.8382976055145, 279.6743817329407, 294.67853474617004, 281.6022026538849, 296.5283145904541, 283.44374656677246, 298.3736879825592, 285.26965403556824, 300.22694063186646, 287.1089267730713, 302.07767629623413, 288.98337149620056, 303.91552686691284, 290.8179681301117, 305.7555339336395, 292.65683364868164, 307.5859751701355, 294.52582931518555, 309.4347686767578, 296.4299201965332, 311.56587624549866, 298.32803869247437, 313.3987274169922, 300.1711013317108, 315.2375247478485, 302.0184986591339, 317.10301876068115, 303.897034406662, 318.95226430892944, 305.7418923377991, 320.80068707466125, 307.5680205821991, 322.6646180152893, 309.39822030067444, 324.5132701396942, 311.3298530578613, 326.3736455440521, 313.1792802810669, 328.21838212013245, 315.0381510257721, 330.0468406677246, 316.9052703380585, 331.89865040779114, 318.8091297149658, 333.72372484207153, 320.6577227115631, 335.5610065460205, 322.4824001789093, 337.4118905067444, 324.33503675460815, 339.252197265625, 326.3611583709717, 341.1673483848572, 328.2152316570282, 343.0087254047394, 330.0433461666107, 344.8567895889282, 331.89285039901733, 346.72776103019714, 333.80792784690857, 348.60783100128174, 335.65435910224915, 350.4621250629425, 337.52319502830505, 352.33040261268616, 339.36430168151855, 354.1922821998596, 341.25890350341797, 356.0743839740753, 343.1188201904297, 357.96944427490234, 344.9590106010437, 359.8241093158722, 346.79163908958435, 361.70784974098206, 348.66187953948975, 363.5694875717163, 350.51121282577515, 365.42747950553894, 352.39022874832153, 367.28708243370056, 354.2448983192444, 369.1582741737366, 356.14981341362, 371.0244379043579, 358.0079073905945, 372.8629903793335, 359.86412048339844, 374.706782579422, 361.73518228530884, 376.55168437957764, 363.61881494522095, 378.44834995269775, 365.4860563278198, 380.2862501144409, 367.34866642951965, 382.12584233283997, 369.1828079223633, 383.96736097335815, 371.0549759864807, 385.86964201927185, 372.8917193412781, 387.7567265033722, 374.7351243495941, 389.6094207763672, 376.58814764022827, 391.4705159664154, 378.4704577922821, 393.3683123588562, 380.3146617412567, 395.2215859889984, 382.1686682701111, 397.07080340385437, 384.01974725723267, 398.93481731414795, 385.89863085746765, 400.8335781097412, 387.75102138519287, 402.68121361732483, 389.580593585968, 404.53121280670166, 391.4258625507355, 406.3805990219116, 393.3110773563385, 408.26740765571594, 395.16758131980896, 410.15357065200806, 397.0127022266388, 412.0118873119354, 398.86668729782104]
Final objective value with penalty: 
3.2995588486914877e-09
Final TV norm without penalty
32.28543833437346
