Final evolution
[[ 0.67831329+0.65298486j  0.04336494-0.05992978j  0.22066707+0.11417735j
  -0.09478329-0.19317212j]
 [ 0.09159502-0.00600066j  0.68878216+0.65611484j -0.15780068+0.08958418j
  -0.13258567+0.19016168j]
 [ 0.206327  +0.08877941j -0.20249415+0.12278262j  0.00866663+0.06609065j
   0.67407735+0.65927579j]
 [-0.11627133-0.20274261j -0.10367384+0.15097233j  0.63435614+0.70603994j
  -0.10083414+0.0277104j ]]

********* Summary *****************
Final fidelity error 0.05425449492950085
Final objective value 0.054754991519410004
Final norm value 0.0005004965899091385
Final error 1.1078344503754908e-09
Terminate reason Exceed the maximum number of iteration of ADMM
Number of iterations 200
Completed in 0:18:57.038770 HH:MM:SS.US
Time for each iteration [38.619969844818115, 19.133723258972168, 53.580201864242554, 34.05807638168335, 67.93936157226562, 46.00130581855774, 80.18655395507812, 58.192460775375366, 91.22430276870728, 68.78969168663025, 101.94081568717957, 78.99988031387329, 112.49437522888184, 88.84411287307739, 123.0797336101532, 98.70112872123718, 133.025208234787, 107.97226238250732, 142.46726083755493, 116.03530788421631, 150.87442636489868, 125.71384382247925, 160.09617257118225, 134.07527589797974, 168.56340265274048, 142.79245805740356, 177.44717931747437, 151.97808265686035, 186.65093421936035, 160.07442092895508, 193.98594427108765, 167.43701100349426, 201.76830005645752, 174.56412720680237, 208.79313206672668, 181.99718141555786, 215.4308841228485, 188.34185552597046, 221.7160828113556, 194.66900420188904, 228.03053855895996, 200.90706181526184, 234.33564066886902, 206.79477381706238, 242.02878260612488, 214.30160093307495, 247.90417981147766, 221.02224826812744, 254.1654634475708, 227.71841835975647, 260.4231221675873, 234.06249618530273, 266.0330102443695, 240.08831572532654, 271.57726073265076, 246.01963567733765, 277.2092080116272, 251.91782140731812, 282.8014669418335, 257.82119727134705, 288.6563148498535, 263.66179513931274, 294.61195182800293, 269.56410098075867, 300.60392355918884, 275.4366788864136, 306.18522477149963, 281.32109117507935, 312.1144468784332, 287.2893633842468, 317.9473886489868, 293.1891498565674, 323.86292934417725, 299.1610929965973, 329.72030806541443, 305.07171750068665, 335.5853924751282, 310.6439824104309, 340.3833577632904, 315.7916181087494, 345.5608034133911, 321.0073792934418, 350.7278473377228, 325.58029222488403, 355.18159532546997, 330.00274085998535, 359.67384457588196, 334.90054535865784, 365.55723762512207, 340.13002276420593, 369.98345732688904, 344.56948924064636, 374.42320823669434, 349.070209980011, 378.8451852798462, 353.48368406295776, 383.00781869888306, 357.9536919593811, 386.68866062164307, 361.6479527950287, 390.46240401268005, 365.39470767974854, 394.1558711528778, 369.08465099334717, 397.9020402431488, 372.80388832092285, 401.6700117588043, 376.53039479255676, 405.43847131729126, 380.24366092681885, 409.11918807029724, 383.94930481910706, 413.6158995628357, 388.40134716033936, 418.0684480667114, 393.04127383232117, 422.20626878738403, 397.09367084503174, 426.29725074768066, 401.2343716621399, 430.48450779914856, 405.33761739730835, 434.6057884693146, 409.3905327320099, 438.6952440738678, 413.49560356140137, 442.8602819442749, 417.63504934310913, 446.93051171302795, 421.7072570323944, 451.0413467884064, 425.8309986591339, 455.12446331977844, 429.9592306613922, 459.22707891464233, 434.092520236969, 463.28964614868164, 438.24674558639526, 467.392689704895, 441.9311318397522, 471.0817060470581, 445.74945545196533, 474.7943432331085, 449.42982363700867, 478.4746515750885, 453.21506571769714, 482.20061564445496, 456.9339656829834, 485.9314239025116, 460.7276496887207, 489.66802430152893, 464.83283615112305, 494.49928188323975, 468.9054057598114, 498.31615924835205, 472.6416599750519, 502.0892882347107, 476.4077134132385, 505.8136177062988, 480.1118869781494, 509.71840500831604, 484.0770375728607, 513.5323619842529, 487.8601644039154, 517.3281450271606, 491.5733251571655, 521.0902605056763, 495.2947518825531, 525.0726389884949, 499.68954610824585, 528.8819692134857, 503.71692156791687, 533.0986685752869, 507.49876070022583, 537.2110097408295, 511.64098596572876, 541.6989839076996, 515.8972327709198, 545.432107925415, 519.6650083065033, 549.1822967529297, 523.3794701099396, 552.8761839866638, 527.1497738361359, 556.6749165058136, 530.873613357544, 560.3865132331848, 534.6456761360168, 563.7646055221558, 538.4031620025635, 567.1423051357269, 542.2316737174988, 570.5403392314911, 545.6214962005615, 574.3917698860168, 549.033873796463, 577.8287837505341, 552.3950393199921, 581.3021972179413, 555.7365729808807]
Final objective value with penalty: 
0.0673763550061317
