Final evolution
[[ 0.54037021+0.74683126j  0.13236812-0.12508194j  0.31971325+0.0235495j
   0.08113154-0.08787959j]
 [ 0.25802138+0.10046742j  0.3667043 +0.67404868j -0.56036703-0.07579801j
   0.10097132+0.06757098j]
 [ 0.18389977-0.10051214j -0.38416578+0.08033208j  0.0236241 +0.43062718j
   0.67206626+0.40542652j]
 [ 0.0977769 -0.14174705j  0.05081702+0.47053221j  0.51762268+0.35148429j
  -0.50712803+0.31258798j]]

********* Summary *****************
Final fidelity error 0.24422268545759362
Final objective value 1.9428114682775797
Final norm value 1.6985887828199862
Final error 0.670118582179466
Terminate reason Exceed the maximum number of iteration of ADMM
Number of iterations 200
Completed in 0:42:18.679861 HH:MM:SS.US
Time for each iteration [6.596876859664917, 8.172927141189575, 15.206646919250488, 15.563122272491455, 26.46914505958557, 30.802972078323364, 36.57794713973999, 41.75293779373169, 83.0151355266571, 60.1816828250885, 100.0853807926178, 67.4018063545227, 105.23819279670715, 74.9188027381897, 113.74841022491455, 99.5336229801178, 118.13371539115906, 102.30557227134705, 124.00152897834778, 121.02575397491455, 134.17155861854553, 129.6254904270172, 154.80181622505188, 141.66900897026062, 159.99792385101318, 149.03904604911804, 164.6774959564209, 151.89945483207703, 168.49783086776733, 154.61932849884033, 171.43773674964905, 175.81939721107483, 181.82772254943848, 181.54956245422363, 201.62789845466614, 185.4334328174591, 205.23921179771423, 205.29434323310852, 235.9627549648285, 212.78607630729675, 242.17487025260925, 221.32695484161377, 266.2606728076935, 231.19662046432495, 274.5908713340759, 240.8963258266449, 304.3513879776001, 245.3658742904663, 307.1267168521881, 250.30593276023865, 310.6052589416504, 276.31222891807556, 318.53524804115295, 279.05209279060364, 322.23023772239685, 281.55750846862793, 350.9201512336731, 289.4677526950836, 358.3396255970001, 297.76781821250916, 369.1396722793579, 314.6179895401001, 379.0339832305908, 325.4639494419098, 389.11353039741516, 354.564181804657, 394.5041513442993, 358.8272314071655, 399.99041724205017, 362.9285852909088, 421.8794403076172, 376.97861099243164, 426.65929079055786, 391.90852975845337, 439.6993622779846, 403.0685634613037, 457.01954340934753, 431.80862283706665, 465.9640996456146, 435.44362473487854, 473.7045135498047, 453.4832785129547, 488.534471988678, 464.5333366394043, 505.6145644187927, 483.37330532073975, 519.1145327091217, 508.7738370895386, 539.6944415569305, 523.2839415073395, 577.4540631771088, 529.8339321613312, 601.5102887153625, 540.367781162262, 607.5903134346008, 547.0677587985992, 614.1507315635681, 559.2850141525269, 623.5385689735413, 568.5495142936707, 631.1485986709595, 596.8507132530212, 647.2378656864166, 603.7207472324371, 653.7674605846405, 609.7511820793152, 671.7569971084595, 631.4812440872192, 675.4070436954498, 636.0912969112396, 678.14200091362, 658.799861907959, 701.9785857200623, 667.1701354980469, 714.0086047649384, 673.0200912952423, 734.1886479854584, 691.0301828384399, 738.2086613178253, 705.7601828575134, 750.3486764431, 712.3302447795868, 767.9682629108429, 726.5819840431213, 792.136518239975, 737.5760974884033, 802.9825050830841, 746.8963899612427, 813.1226215362549, 756.5859384536743, 822.4928162097931, 767.0852251052856, 833.1837985515594, 784.1650094985962, 844.6386435031891, 797.0000483989716, 874.268670797348, 802.3504209518433, 876.9982764720917, 808.2655606269836, 898.4342529773712, 824.4146525859833, 907.049479007721, 835.4993770122528, 920.8796043395996, 844.6044874191284, 924.1757533550262, 856.6035151481628, 948.3753519058228, 862.2853877544403, 952.9936099052429, 867.9353873729706, 971.3437340259552, 878.4755556583405, 977.3838264942169, 899.8152763843536, 992.534107208252, 910.5753848552704, 1011.5536706447601, 933.5355923175812, 1017.6641554832458, 943.2051072120667, 1027.3219168186188, 954.4072341918945, 1062.6622157096863, 960.6270437240601, 1075.502142906189, 970.6572093963623, 1113.791971206665, 987.8676462173462, 1131.3415591716766, 992.7280850410461, 1156.9715912342072, 1001.9781649112701, 1160.6211812496185, 1016.4585695266724, 1177.5311870574951, 1021.1241822242737, 1184.2752556800842, 1051.0745170116425, 1196.6012871265411, 1068.7481791973114, 1209.6812839508057, 1090.0281233787537, 1227.451364994049, 1116.0283167362213, 1246.3212027549744, 1132.0684959888458, 1252.7315530776978, 1141.1982915401459, 1260.9413380622864, 1155.8882465362549, 1272.1284124851227, 1164.5375983715057, 1287.8121902942657, 1175.9975531101227, 1295.4821696281433, 1191.8501782417297, 1333.9847738742828, 1204.6950874328613]
Final objective value with penalty: 
1.2854478448639477
Final TV norm without penalty
10.412251594063541
