Final evolution
[[-7.07107040e-01-7.07106519e-01j  1.00241623e-05-2.00515585e-05j
   3.82305304e-05+3.30326218e-05j  8.42380070e-07-4.78190018e-05j]
 [ 2.00503734e-05-1.00261862e-05j -7.07126746e-01-7.07086815e-01j
  -1.25471815e-05-2.83139111e-07j -1.70274345e-05+2.42052333e-05j]
 [ 4.78184349e-05-8.37644230e-07j -2.42042511e-05+1.70276800e-05j
  -2.38946648e-06+7.68324809e-05j -7.07084212e-01-7.07129344e-01j]
 [-3.30305611e-05-3.82332148e-05j  2.83793515e-07+1.25484512e-05j
  -7.07109118e-01-7.07104438e-01j -7.68319666e-05+2.38479030e-06j]]

********* Summary *****************
Final fidelity error 3.2995672860636205e-09
Final objective value 3.301635841069959e-09
Final norm value 2.0685675394815917e-12
Final error 4.032415821060775e-34
Terminate reason Exceed the maximum number of iteration of ADMM
Number of iterations 200
Completed in 0:13:02.210714 HH:MM:SS.US
Time for each iteration [18.74737000465393, 15.501563310623169, 39.433204650878906, 36.85782766342163, 60.21040987968445, 65.91225218772888, 89.5419590473175, 92.52738857269287, 115.5084297657013, 121.71099281311035, 143.89497590065002, 153.29207849502563, 172.7019190788269, 180.32283735275269, 198.1008493900299, 197.6620078086853, 208.7516405582428, 208.8746898174286, 217.9904260635376, 216.7519187927246, 224.59308409690857, 222.6192226409912, 230.47856307029724, 224.45543718338013, 232.31335163116455, 226.28669047355652, 234.14005327224731, 228.1222803592682, 235.99909114837646, 230.03268003463745, 237.8628511428833, 231.87124252319336, 239.6931116580963, 233.71166443824768, 241.5146381855011, 235.51883912086487, 243.36495280265808, 237.3718864917755, 245.21154808998108, 239.20424365997314, 247.0286898612976, 241.03281593322754, 248.86247944831848, 242.86768293380737, 250.71758699417114, 244.74035692214966, 252.61127853393555, 246.574857711792, 254.43655705451965, 248.41578698158264, 256.2684028148651, 250.23772263526917, 258.1014304161072, 252.1007616519928, 259.98767924308777, 253.9296658039093, 261.84150218963623, 255.76514315605164, 263.71462774276733, 257.62190556526184, 265.5285665988922, 259.4525079727173, 267.46537160873413, 261.29155802726746, 269.2955298423767, 263.14453077316284, 271.1309862136841, 264.9607307910919, 272.9797282218933, 266.8065803050995, 274.8627140522003, 268.64657497406006, 276.68819785118103, 270.5022563934326, 278.5246088504791, 272.34381437301636, 280.37800550460815, 274.18033170700073, 282.2469758987427, 276.0730142593384, 284.08640360832214, 277.91088461875916, 285.9128186702728, 279.7604675292969, 287.74597549438477, 281.6015615463257, 289.6190721988678, 283.4786591529846, 291.4567549228668, 285.31988620758057, 293.29327154159546, 287.14822030067444, 295.1211938858032, 288.9792194366455, 297.01753997802734, 290.85762763023376, 298.83751249313354, 292.71544456481934, 300.6952111721039, 294.5520610809326, 302.52817845344543, 296.4186427593231, 304.4403681755066, 298.26941323280334, 306.2806179523468, 300.1120607852936, 308.13546204566956, 301.9506902694702, 309.9768352508545, 303.7956893444061, 311.9319486618042, 305.89610028266907, 313.778306722641, 307.7460501194, 315.6080093383789, 310.108115196228, 317.816251039505, 311.968106508255, 319.70550990104675, 313.8166265487671, 321.6121783256531, 315.7989101409912, 323.477902173996, 317.66965103149414, 325.3284156322479, 319.5325472354889, 327.3440592288971, 321.43730568885803, 329.2017478942871, 323.27358746528625, 331.0628786087036, 325.117383480072, 332.90340852737427, 326.96141839027405, 334.7875339984894, 328.804735660553, 336.61418867111206, 330.64844584465027, 338.4374747276306, 332.4863679409027, 340.2776298522949, 334.3150312900543, 342.1617441177368, 336.1792097091675, 344.0119435787201, 337.995436668396, 345.83884358406067, 339.860232591629, 347.68833208084106, 341.69033193588257, 349.57074761390686, 343.5377128124237, 351.42957377433777, 345.3808515071869, 353.2560625076294, 347.2141547203064, 355.08315658569336, 349.0719974040985, 356.96942925453186, 350.9421057701111, 358.8423721790314, 352.805792093277, 360.7118537425995, 354.67018842697144, 362.5986008644104, 356.5557782649994, 364.4780435562134, 358.3682312965393, 366.3116571903229, 360.2004120349884, 368.18370366096497, 362.05249667167664, 370.0301582813263, 363.88649582862854, 371.93704557418823, 365.7698001861572, 373.79000782966614, 367.60149335861206, 375.6333055496216, 369.4441604614258, 377.4953119754791, 371.2888615131378, 379.33795714378357, 373.13406348228455, 381.1674659252167, 374.99036383628845, 383.0149869918823, 376.81626081466675, 384.8840608596802, 378.66375851631165, 386.7514567375183, 380.5884311199188, 388.60322284698486, 382.42022037506104, 390.4826762676239, 384.29074025154114, 392.3298463821411, 386.1260712146759, 394.21121191978455, 387.9995017051697]
Final objective value with penalty: 
3.299570514608594e-09
Final TV norm without penalty
32.2854497370582
