Final evolution
[[ 0.67812653+0.65539493j  0.04150368-0.05515078j  0.22732145+0.11074801j
  -0.08841325-0.18460951j]
 [ 0.08756492-0.00540843j  0.69502004+0.64909108j -0.15497271+0.09095005j
  -0.13521629+0.19328516j]
 [ 0.19788189+0.08339268j -0.20482603+0.12776808j  0.0064993 +0.06475265j
   0.67093734+0.6642424j ]
 [-0.11145791-0.21064327j -0.10406171+0.14750094j  0.63258596+0.70666204j
  -0.1017848 +0.02692205j]]

********* Summary *****************
Final fidelity error 0.05388043604410131
Final objective value 0.05388757988698831
Final norm value 7.143842887025187e-06
Final error 2.0697342175034723e-06
Terminate reason Exceed the maximum number of iteration of ADMM
Number of iterations 200
Completed in 0:12:17.188920 HH:MM:SS.US
Time for each iteration [29.394323110580444, 18.660619735717773, 46.20729351043701, 33.51035213470459, 57.555179834365845, 44.183926820755005, 68.76005387306213, 54.366262912750244, 77.82701015472412, 64.59601759910583, 90.2847330570221, 75.33204531669617, 96.18012619018555, 81.17000532150269, 105.39070868492126, 89.83984041213989, 114.78747510910034, 99.16567897796631, 124.54377031326294, 108.405921459198, 133.78581857681274, 117.73130583763123, 139.17601227760315, 124.17442083358765, 145.5932023525238, 130.65906620025635, 152.04114198684692, 137.11075568199158, 158.4916455745697, 143.44954204559326, 168.0414297580719, 150.7368462085724, 175.4257891178131, 158.00253009796143, 179.99028515815735, 165.2644021511078, 184.45567631721497, 170.72621369361877, 189.84507608413696, 178.0872027873993, 195.26512455940247, 185.73360133171082, 199.521586894989, 191.20859217643738, 202.87403178215027, 193.7658531665802, 205.71915435791016, 196.4666121006012, 208.07998657226562, 198.59797596931458, 210.01640343666077, 200.33888411521912, 211.5256474018097, 201.8305971622467, 213.01863598823547, 203.33923625946045, 214.4550814628601, 204.8585023880005, 215.979638338089, 206.3686487674713, 217.51929688453674, 207.87360668182373, 219.07765436172485, 209.36019611358643, 220.6020312309265, 211.8790397644043, 223.25446224212646, 214.51392436027527, 225.83369326591492, 217.0820722579956, 228.46620893478394, 218.484277009964, 229.52702498435974, 219.57341694831848, 230.87739086151123, 220.7297878265381, 231.96636962890625, 221.86041164398193, 233.06504344940186, 222.9511878490448, 234.17231845855713, 224.05081820487976, 235.26954579353333, 225.19877409934998, 236.4851508140564, 226.33715224266052, 237.60199451446533, 227.43894743919373, 238.72186493873596, 228.52125477790833, 239.84065294265747, 229.60549187660217, 240.94281768798828, 230.68982338905334, 242.06169080734253, 231.79143261909485, 243.23849320411682, 232.95197057724, 244.91579055786133, 235.55576825141907, 247.45042610168457, 236.84638023376465, 248.55695390701294, 238.85052680969238, 251.17439889907837, 241.33597803115845, 253.77139616012573, 243.94232416152954, 256.33436393737793, 246.52088594436646, 258.9516797065735, 249.03023147583008, 261.48938846588135, 251.63249945640564, 264.0942804813385, 254.24544620513916, 266.72060775756836, 256.7165048122406, 269.31486654281616, 259.3011074066162, 271.91043734550476, 261.88179063796997, 274.5126042366028, 265.551082611084, 277.08769941329956, 268.1368930339813, 279.699072599411, 270.7685480117798, 282.1554615497589, 273.35539174079895, 284.7600882053375, 275.9368088245392, 287.39688992500305, 278.5520324707031, 289.963091135025, 281.12842774391174, 292.5784797668457, 283.7364363670349, 295.1928141117096, 286.36208963394165, 297.7299883365631, 288.973153591156, 300.3376853466034, 291.5729284286499, 302.9364187717438, 294.18427896499634, 305.48558950424194, 296.77666115760803, 308.0633490085602, 299.380069732666, 310.9779508113861, 301.9141170978546, 313.57922744750977, 304.5552990436554, 316.16267347335815, 307.1894507408142, 318.7748441696167, 309.70687317848206, 321.39973044395447, 312.3057384490967, 323.9824676513672, 314.90352749824524, 326.58711791038513, 317.4122533798218, 329.1756341457367, 320.0025534629822, 331.76106691360474, 322.6329770088196, 334.3779332637787, 325.1670093536377, 336.9745457172394, 327.78558826446533, 339.5480318069458, 330.4087436199188, 342.05549669265747, 333.007285118103, 344.62861466407776, 335.6087906360626, 347.2471356391907, 338.22814106941223, 349.79331707954407, 340.84752106666565, 352.37747073173523, 343.4471266269684, 354.949759721756, 346.0749900341034, 357.47342014312744, 348.78544425964355, 360.0599522590637, 351.37160563468933, 362.63679003715515, 353.959899187088, 365.1223084926605, 356.58727860450745, 367.7033317089081, 359.1669864654541, 370.36842250823975, 361.7407956123352, 372.87528252601624, 364.3136374950409]
Final objective value with penalty: 
0.055321343579898576
Final TV norm without penalty
14.409075357972657
