Final evolution
[[ 0.30038713-0.74214126j -0.50021869-0.11341108j -0.17253374-0.17128258j
   0.09705334+0.16549363j]
 [-0.36559928-0.09745953j -0.28745724-0.37931191j  0.67490789-0.21006083j
  -0.14387662-0.33166687j]
 [-0.21625111-0.38442379j  0.56966929-0.24390752j -0.2583841 -0.25495262j
  -0.53818597+0.00570134j]
 [-0.04098265+0.14002484j -0.06103058-0.3502446j  -0.5280057 -0.17525687j
   0.34017652-0.65352307j]]

********* Summary *****************
Final fidelity error 0.5834618970743034
Final objective value 0.5834625746885679
Final norm value 6.776142644770999e-07
Final error 0.0
Terminate reason Exceed the maximum number of iteration of ADMM
Number of iterations 200
Completed in 0:00:25.936794 HH:MM:SS.US
Time for each iteration [0.6153531074523926, 0.4072225093841553, 1.0527524948120117, 0.813378095626831, 1.5022861957550049, 1.1882879734039307, 1.9084484577178955, 1.5944368839263916, 2.314603567123413, 1.8335034847259521, 2.541625738143921, 2.0779919624328613, 2.8719096183776855, 2.4472239017486572, 3.239532470703125, 2.684630870819092, 3.468129873275757, 2.936629056930542, 3.7024483680725098, 3.170949697494507, 3.9367685317993164, 3.4052700996398926, 4.132981061935425, 3.6114583015441895, 4.336058616638184, 3.7520508766174316, 4.461029291152954, 3.877021551132202, 4.586000442504883, 4.0019919872283936, 4.710971355438232, 4.121125221252441, 4.837991237640381, 4.246097087860107, 4.962960958480835, 4.370150804519653, 5.087931871414185, 4.4956135749816895, 5.2285237312316895, 4.620586156845093, 5.3534934520721436, 4.75448203086853, 5.4784910678863525, 4.879427909851074, 5.607555627822876, 5.020019769668579, 5.7325263023376465, 5.144991159439087, 5.857543230056763, 5.270458459854126, 5.982514142990112, 5.3954291343688965, 6.100796461105347, 5.520400047302246, 6.228859901428223, 5.660968065261841, 6.3538312911987305, 5.785938262939453, 6.47880220413208, 5.910933494567871, 6.603748321533203, 6.051526069641113, 6.728719472885132, 6.169901371002197, 6.8693506717681885, 6.297907590866089, 6.994321584701538, 6.422878265380859, 7.134913682937622, 6.547849178314209, 7.259908199310303, 6.6727964878082275, 7.400500059127808, 6.791190147399902, 7.525495529174805, 6.920233249664307, 7.650466442108154, 7.045204162597656, 7.791058540344238, 7.138932466506958, 7.884786605834961, 7.232660531997681, 7.978514909744263, 7.319759130477905, 8.072224140167236, 7.416558265686035, 8.160135507583618, 7.510286331176758, 8.25386381149292, 7.5904552936553955, 8.34759259223938, 7.684182643890381, 8.432491779327393, 7.777910947799683, 8.526219606399536, 7.871638774871826, 8.619947910308838, 7.96536660194397, 8.698054790496826, 8.059096097946167, 8.776161670684814, 8.146340608596802, 8.885514259338379, 8.24312973022461, 8.979244470596313, 8.336857795715332, 9.072972297668457, 8.430586099624634, 9.16670036315918, 8.539936780929565, 9.260427236557007, 8.633664846420288, 9.354155778884888, 8.72739291191101, 9.432262420654297, 8.821141242980957, 9.534900665283203, 8.91486930847168, 9.631701707839966, 9.00862431526184, 9.7410249710083, 9.102351903915405, 9.834753036499023, 9.196079969406128, 9.928480386734009, 9.289808750152588, 10.02220869064331, 9.385338068008423, 10.115936517715454, 9.466516733169556, 10.219420433044434, 9.560245275497437, 10.315210580825806, 9.653973817825317, 10.408939361572266, 9.732079267501831, 10.502667427062988, 9.82581090927124, 10.596395254135132, 9.903914451599121, 10.690123319625854, 9.997642993927002, 10.783851146697998, 10.08560061454773, 10.877582788467407, 10.163703918457031, 10.971343994140625, 10.257398843765259, 11.068167686462402, 10.351126909255981, 11.14627456665039, 10.444854736328125, 11.240002870559692, 10.522961378097534, 11.333730936050415, 10.616689443588257, 11.4274582862854, 10.694797039031982, 11.521186590194702, 10.772906303405762, 11.623870372772217, 10.866634845733643, 11.701976776123047, 10.963435173034668, 11.79570484161377, 11.041542053222656, 11.889432907104492, 11.135270118713379, 11.983161687850952, 11.228997707366943, 12.070411443710327, 11.31831693649292, 12.164139032363892, 11.396424055099487, 12.257866859436035, 11.49015212059021, 12.351595163345337, 11.56825876235962, 12.44532322883606, 11.661986589431763, 12.53905177116394, 11.74009394645691, 12.632779359817505, 11.833822011947632, 12.726507186889648, 11.925623655319214, 12.804613828659058, 12.019351720809937, 12.89834213256836, 12.097458362579346, 13.001978397369385, 12.181274175643921, 13.095706701278687, 12.25938081741333, 13.18943476676941, 12.36268925666809, 13.283163070678711, 12.456417083740234, 13.376891374588013, 12.559902906417847]
Final objective value with penalty: 
0.5836618970743034
Final TV norm without penalty
1.9999999999997797
