Final evolution
[[-7.07108981e-01-7.07104578e-01j  1.06170843e-05-1.84412446e-05j
   3.85744047e-05+3.04781257e-05j -4.17665545e-07-4.71836579e-05j]
 [ 1.84402068e-05-1.06191875e-05j -7.07124536e-01-7.07089025e-01j
  -1.16874458e-05-2.03049702e-06j -1.83315687e-05+2.40777087e-05j]
 [ 4.71828021e-05+4.22082387e-07j -2.40770430e-05+1.83316649e-05j
  -3.51277094e-06+7.48675964e-05j -7.07083932e-01-7.07129623e-01j]
 [-3.04762508e-05-3.85768021e-05j  2.03126340e-06+1.16888062e-05j
  -7.07109666e-01-7.07103890e-01j -7.48671035e-05+3.50824323e-06j]]

********* Summary *****************
Final fidelity error 3.1551186108202955e-09
Final objective value 3.1551202068202955e-09
Final norm value 1.5543122344752192e-15
Final error 5.5372836889834675e-34
Terminate reason Exceed the maximum number of iteration of ADMM
Number of iterations 200
Completed in 0:17:30.184878 HH:MM:SS.US
Time for each iteration [71.66513299942017, 47.401795864105225, 121.70079922676086, 95.8358428478241, 173.79845571517944, 147.32557845115662, 221.92217373847961, 197.1164813041687, 265.88680386543274, 237.03494429588318, 303.06136441230774, 272.0984401702881, 333.5778810977936, 300.9313187599182, 357.76854848861694, 320.7543785572052, 373.7530460357666, 331.9638783931732, 384.4478805065155, 340.1502299308777, 390.7101562023163, 346.17462396621704, 395.2321743965149, 347.88934898376465, 396.9692506790161, 349.5429799556732, 398.653564453125, 351.1971917152405, 400.29576349258423, 352.8583068847656, 401.9309141635895, 354.55484414100647, 403.5901243686676, 356.205429315567, 405.2647831439972, 357.84515380859375, 406.91138100624084, 359.4909212589264, 408.57208013534546, 361.1335961818695, 410.2546730041504, 362.815687417984, 411.9065091609955, 364.45830965042114, 413.57722210884094, 366.113028049469, 415.231871843338, 367.78556394577026, 416.873574256897, 369.4860372543335, 418.5122890472412, 371.1573529243469, 420.1564419269562, 372.81899762153625, 421.809121131897, 374.46768403053284, 423.4472496509552, 376.12976574897766, 425.1408920288086, 377.8473131656647, 426.8004560470581, 379.4859924316406, 428.4691467285156, 381.1387360095978, 430.1201798915863, 382.79783153533936, 431.7598786354065, 384.4809744358063, 433.450528383255, 386.1235954761505, 435.117657661438, 387.7853105068207, 436.77630615234375, 389.43508982658386, 438.44143772125244, 391.04796528816223, 440.1086130142212, 392.7230587005615, 441.7473590373993, 394.3666775226593, 443.4428446292877, 396.00980591773987, 445.10642766952515, 397.6704726219177, 446.74330019950867, 399.3340063095093, 448.44607400894165, 400.9946973323822, 450.102952003479, 402.6393542289734, 451.7485990524292, 404.30496525764465, 453.40777230262756, 405.9759497642517, 455.063294172287, 407.71787548065186, 456.75630164146423, 409.35762119293213, 458.4267430305481, 411.0122368335724, 460.06044125556946, 412.6439747810364, 461.6991927623749, 414.30863213539124, 463.3908631801605, 415.9602508544922, 465.04770517349243, 417.60631346702576, 466.68892192840576, 419.23997259140015, 468.32639598846436, 420.8856327533722, 469.9570369720459, 422.5745782852173, 471.5927691459656, 424.21951937675476, 473.25071692466736, 425.8643100261688, 474.8974304199219, 427.50815629959106, 476.5500156879425, 429.16431069374084, 478.30818796157837, 430.9855623245239, 480.0987856388092, 432.76020908355713, 482.7054226398468, 434.5755250453949, 484.8227319717407, 436.97511076927185, 487.35703349113464, 438.7233603000641, 488.9802646636963, 440.43792629241943, 490.6333520412445, 442.1025598049164, 492.30892395973206, 443.7730944156647, 494.00962567329407, 445.5342128276825, 495.8538327217102, 448.25593757629395, 498.5374381542206, 450.54421210289, 500.61899161338806, 452.60513734817505, 502.7189664840698, 455.0934889316559, 504.99388313293457, 457.21685886383057, 506.90379786491394, 459.0290732383728, 508.6842646598816, 460.8522038459778, 510.4594774246216, 462.5354096889496, 512.1349854469299, 464.2275502681732, 513.8454203605652, 466.0089569091797, 515.6719546318054, 467.74490332603455, 517.3543548583984, 469.44243144989014, 519.1111752986908, 471.1631441116333, 520.7739770412445, 472.8457148075104, 522.5044276714325, 474.6444733142853, 524.2659497261047, 476.3573417663574, 526.0051779747009, 478.17990279197693, 527.7288846969604, 479.92926716804504, 529.4570417404175, 481.71270871162415, 531.2047257423401, 483.4692187309265, 532.9563739299774, 485.1781578063965, 534.6943740844727, 486.81480979919434, 536.355073928833, 488.4621071815491, 538.0547213554382, 490.1188735961914, 539.7114586830139, 491.7934002876282, 541.3762176036835, 493.4765999317169, 543.0866508483887, 495.40519094467163, 544.8086235523224, 497.30687165260315, 546.7008798122406, 499.41685962677, 548.9537496566772, 501.2311284542084]
Final objective value with penalty: 
3.5394802978516016e-08
