Final evolution
[[-0.04543051-0.23773656j  0.22775864+0.4581585j   0.34382317-0.06997271j
  -0.63592429+0.39003068j]
 [-0.4304812 +0.07814548j -0.60677577-0.48652903j  0.25294977-0.07636006j
  -0.26905993+0.24796008j]
 [ 0.07734994+0.50250496j  0.18010725-0.16546932j -0.47956766-0.37987851j
  -0.5407246 -0.1225199j ]
 [ 0.45790649-0.530871j   -0.2341837 -0.13663357j -0.01596237-0.65766814j
   0.02160262-0.04168976j]]

********* Summary *****************
Final fidelity error 0.5175062443217504
Final objective value 5.543225207026947
Final norm value 5.025718962705197
Final error 0.3231081389092068
Terminate reason Exceed the maximum number of iteration of ADMM
Number of iterations 200
Completed in 0:09:00.085140 HH:MM:SS.US
Time for each iteration [4.874727249145508, 3.5645694732666016, 8.970521211624146, 7.743859767913818, 13.392699718475342, 10.164538383483887, 16.50611710548401, 11.518343210220337, 18.018372297286987, 12.664411306381226, 19.342113971710205, 13.660454750061035, 21.418336629867554, 14.955833435058594, 22.710941314697266, 16.612452268600464, 24.050976991653442, 17.784053564071655, 25.84786295890808, 18.775362730026245, 27.32793617248535, 20.096659421920776, 28.701019048690796, 21.900829792022705, 29.986350536346436, 23.02338719367981, 31.940178394317627, 23.95860767364502, 33.222692251205444, 25.439272165298462, 34.70657753944397, 26.937376499176025, 36.062386989593506, 28.282262325286865, 37.23061752319336, 30.491033792495728, 38.368908166885376, 31.834470748901367, 39.727816581726074, 32.969629764556885, 41.064305543899536, 34.13112545013428, 42.202861070632935, 35.91640281677246, 43.35534644126892, 37.052764654159546, 44.47667932510376, 38.31256461143494, 45.54752492904663, 39.79605984687805, 46.79357671737671, 41.397542238235474, 48.08058977127075, 43.417537450790405, 49.42993497848511, 44.92052221298218, 49.72674059867859, 46.42017197608948, 51.02426075935364, 47.72513556480408, 52.700005531311035, 48.88366961479187, 53.85151982307434, 50.03539967536926, 55.18986749649048, 51.32560896873474, 56.151979207992554, 52.4785840511322, 57.925183057785034, 60.44955658912659, 66.3286759853363, 65.57445883750916, 80.07483553886414, 71.9497423171997, 83.53432941436768, 76.56170749664307, 97.21224641799927, 86.01587295532227, 113.82915830612183, 92.69610357284546, 118.23914837837219, 97.77604079246521, 123.64915466308594, 111.81372308731079, 134.04764914512634, 131.58930468559265, 140.75626134872437, 133.19753742218018, 142.68670678138733, 134.67439079284668, 144.52635264396667, 136.71704816818237, 146.88790941238403, 137.88620591163635, 148.40574097633362, 138.69851636886597, 149.72031259536743, 142.51973366737366, 153.42619276046753, 147.14130234718323, 160.25386381149292, 149.33596634864807, 165.060471534729, 151.0181975364685, 167.0675733089447, 152.38715410232544, 168.96649169921875, 153.57437658309937, 170.8322069644928, 154.9455065727234, 172.88749408721924, 155.4297685623169, 174.40312552452087, 156.79395055770874, 175.5861954689026, 158.64665579795837, 176.7713222503662, 159.82151675224304, 177.9702513217926, 161.66289615631104, 178.43889212608337, 162.98629665374756, 179.7289309501648, 165.2456817626953, 180.9257152080536, 166.5511074066162, 182.27026915550232, 167.73052549362183, 183.2834668159485, 168.8888442516327, 184.9982624053955, 169.52571988105774, 186.01150560379028, 170.00637578964233, 187.34937405586243, 171.16059684753418, 188.49618101119995, 172.28533506393433, 189.47923851013184, 173.24064469337463, 190.44227004051208, 174.42091464996338, 191.62305116653442, 175.40505933761597, 192.61970233917236, 176.41519713401794, 193.60899901390076, 177.40706324577332, 194.5757234096527, 178.05992364883423, 195.24744200706482, 178.73164176940918, 196.79824566841125, 179.37926483154297, 197.46780228614807, 180.0290982723236, 198.11082339286804, 180.6644206047058, 208.05745697021484, 184.09052777290344, 211.36576437950134, 187.8322184085846, 215.23167657852173, 191.57837796211243, 218.7076060771942, 194.310152053833, 221.97363448143005, 196.1689429283142, 223.4759545326233, 198.9722363948822, 224.82537531852722, 200.31875157356262, 226.6507773399353, 201.98893785476685, 228.32472324371338, 203.48236799240112, 229.6662175655365, 205.54346108436584, 230.83426570892334, 207.0731749534607, 232.20501947402954, 208.94840478897095, 233.56098985671997, 210.4772081375122, 235.46559286117554, 212.16213631629944, 237.1684215068817, 213.34954285621643, 238.5090103149414, 214.88531279563904, 250.62382411956787, 220.4174313545227, 263.57667994499207, 226.84827613830566, 267.8883695602417, 231.93760752677917, 272.7621109485626, 245.73918914794922, 280.813720703125, 259.27141976356506]
Final objective value with penalty: 
3.535825830095731
Final TV norm without penalty
6.036639171547961
