Final evolution
[[-7.07109393e-01-7.07104165e-01j  1.18685829e-05-2.21073409e-05j
   4.36692733e-05+3.61929460e-05j -1.89995076e-06-5.45382149e-05j]
 [ 2.21059789e-05-1.18713942e-05j -7.07128188e-01-7.07085372e-01j
  -1.29519342e-05-1.56347338e-06j -2.06323301e-05+2.84521173e-05j]
 [ 5.45372161e-05+1.90587484e-06j -2.84511859e-05+2.06325752e-05j
  -3.25443434e-06+8.71378954e-05j -7.07080132e-01-7.07133421e-01j]
 [-3.61902352e-05-4.36724344e-05j  1.56433186e-06+1.29537377e-05j
  -7.07109399e-01-7.07104155e-01j -8.71373839e-05+3.24825826e-06j]]

********* Summary *****************
Final fidelity error 4.253864482883785e-09
Final objective value 4.256943915494474e-09
Final norm value 3.0794256034027967e-12
Final error 1.541872430086578e-33
Terminate reason Exceed the maximum number of iteration of ADMM
Number of iterations 200
Completed in 0:09:12.177542 HH:MM:SS.US
Time for each iteration [10.434211254119873, 11.521029710769653, 25.959115028381348, 26.128150701522827, 41.14425325393677, 45.628007650375366, 62.40029239654541, 67.74126982688904, 83.18168067932129, 87.93530440330505, 104.23716163635254, 109.10205459594727, 124.54492807388306, 127.41497087478638, 139.96706414222717, 141.60329580307007, 150.35945081710815, 150.200177192688, 157.09169912338257, 155.93340921401978, 162.49963760375977, 160.02381682395935, 166.53438878059387, 161.27472734451294, 167.83043599128723, 162.53338384628296, 169.09441876411438, 163.81107115745544, 170.43143248558044, 165.0813148021698, 171.7435691356659, 166.34045124053955, 172.99963784217834, 167.5752465724945, 174.21704173088074, 168.85832834243774, 175.45581698417664, 170.10739493370056, 176.70421504974365, 171.40955090522766, 177.94686007499695, 172.64298629760742, 179.23277592658997, 173.94230008125305, 180.50922560691833, 175.19761514663696, 181.78015804290771, 176.4793701171875, 183.0379500389099, 177.71483325958252, 184.25641775131226, 178.9931013584137, 185.49431705474854, 180.26215767860413, 186.76102209091187, 181.50917506217957, 188.03664088249207, 182.80716490745544, 189.28950190544128, 184.08560156822205, 190.54554104804993, 185.34149050712585, 191.78997492790222, 186.6351935863495, 193.07046031951904, 187.94580698013306, 194.32365655899048, 189.21410512924194, 195.5770308971405, 190.48227643966675, 196.8615686893463, 191.8588001728058, 198.83360958099365, 193.29876518249512, 200.23590087890625, 194.61525774002075, 201.63182926177979, 195.89425539970398, 202.9918806552887, 197.3541715145111, 204.2880401611328, 198.60276889801025, 205.55708122253418, 199.9485740661621, 206.91662764549255, 201.3938844203949, 208.3351058959961, 202.73707556724548, 209.60009932518005, 204.0001540184021, 211.06844687461853, 205.34901571273804, 212.35039830207825, 206.64919114112854, 213.57811880111694, 207.9076738357544, 214.81220722198486, 209.135817527771, 216.04187059402466, 210.40962648391724, 217.31805086135864, 211.69024395942688, 218.55550003051758, 212.91172885894775, 219.8017499446869, 214.1443419456482, 221.02246141433716, 215.38820934295654, 222.2516655921936, 216.60721349716187, 223.4830801486969, 217.90411829948425, 224.73005533218384, 219.15478014945984, 225.98125219345093, 220.40183520317078, 227.203928232193, 221.64906454086304, 228.46231150627136, 222.90320014953613, 229.7347731590271, 224.205650806427, 230.9729664325714, 225.468355178833, 232.2043650150299, 226.72000980377197, 233.4599163532257, 227.96722221374512, 234.6756627559662, 229.19161891937256, 235.91981983184814, 230.43471884727478, 237.17918157577515, 231.67022895812988, 238.40877103805542, 232.93104720115662, 239.65685105323792, 234.14699053764343, 240.89466500282288, 235.38771891593933, 242.1417896747589, 236.64623618125916, 243.407808303833, 237.91159415245056, 244.72114276885986, 239.13420867919922, 245.96381211280823, 240.40912318229675, 247.22641515731812, 241.65914487838745, 248.65522623062134, 242.9516477584839, 249.989075422287, 244.27144479751587, 251.35790872573853, 245.63007712364197, 252.61408472061157, 246.8772315979004, 253.9159059524536, 248.16336750984192, 255.16936540603638, 249.41160011291504, 256.4411826133728, 250.65672039985657, 257.68398332595825, 251.85477447509766, 258.9094624519348, 253.119291305542, 260.17474126815796, 254.3573763370514, 261.41920375823975, 255.64048957824707, 262.6863603591919, 256.8606390953064, 263.950875043869, 258.13614988327026, 265.19818449020386, 259.4147758483887, 266.4324986934662, 260.66193199157715, 267.72976326942444, 261.8845303058624, 269.0058500766754, 263.1627025604248, 270.25326919555664, 264.4114224910736, 271.5004127025604, 265.6578402519226, 272.75451493263245, 266.87871861457825, 273.9912374019623, 268.14142370224, 275.24909496307373, 269.3684024810791, 276.5195634365082, 270.662326335907, 277.7667317390442, 271.91345167160034, 279.02125692367554, 273.1562852859497]
Final objective value with penalty: 
3.259032506058182e-07
Final TV norm without penalty
32.16493861229344
