Final evolution
[[-0.02813843-0.61136901j  0.08500854+0.47026709j  0.299366  +0.2072971j
  -0.51421275+0.00719203j]
 [-0.28093864+0.31277454j -0.57606938-0.25607651j  0.46908096-0.06513898j
  -0.44031617-0.08749907j]
 [ 0.09668163+0.35258996j  0.43665451-0.08855219j -0.38399097-0.07482969j
  -0.68977806-0.19743863j]
 [ 0.09541837-0.55309135j -0.1656137 -0.38503862j -0.20438249-0.66955741j
  -0.11708792-0.07425461j]]

********* Summary *****************
Final fidelity error 0.4269928403872646
Final objective value 2.155560876503775
Final norm value 1.7285680361165103
Final error 0.014918710021858952
Terminate reason Exceed the maximum number of iteration of ADMM
Number of iterations 200
Completed in 0:06:12.018241 HH:MM:SS.US
Time for each iteration [2.596062183380127, 2.1224284172058105, 5.68689751625061, 5.365290403366089, 8.946820974349976, 6.9572789669036865, 10.81297254562378, 8.841478824615479, 12.036017417907715, 9.79190444946289, 13.389037847518921, 10.600478172302246, 14.425563335418701, 11.654370784759521, 15.357565641403198, 12.775627851486206, 17.036290645599365, 13.99021029472351, 18.00739598274231, 14.359421730041504, 19.793381690979004, 15.30653691291809, 20.142966747283936, 16.38740062713623, 21.086893320083618, 17.155348777770996, 22.441930294036865, 17.364367485046387, 23.36929726600647, 18.295542240142822, 24.194974660873413, 19.063475608825684, 25.12761092185974, 20.002498626708984, 25.978464603424072, 20.962679386138916, 26.941558361053467, 21.883161783218384, 27.876893043518066, 22.60450839996338, 28.983497858047485, 24.003053903579712, 29.830690145492554, 24.952747106552124, 30.558023691177368, 25.754242658615112, 31.698445081710815, 26.743793487548828, 32.02659606933594, 28.086314916610718, 32.81473779678345, 29.007078647613525, 33.615023374557495, 29.838021278381348, 34.41029500961304, 31.442490100860596, 35.42487549781799, 32.816192626953125, 36.355875730514526, 34.094645738601685, 38.6440908908844, 34.87568783760071, 39.86393594741821, 36.37574243545532, 40.89375948905945, 37.4076247215271, 41.26540970802307, 38.7098274230957, 42.186203956604004, 39.62189555168152, 43.20338487625122, 40.45872759819031, 59.77555298805237, 51.05429935455322, 69.9522397518158, 55.86332368850708, 73.50479364395142, 60.07652235031128, 84.61916875839233, 65.67071199417114, 92.49647760391235, 70.06597685813904, 95.2015495300293, 73.53408098220825, 107.17256140708923, 79.77428698539734, 112.63209700584412, 84.24867510795593, 115.32920122146606, 88.30437159538269, 119.8574047088623, 100.46180367469788, 122.87687754631042, 114.36987614631653, 126.84972047805786, 115.57978653907776, 128.45891642570496, 116.96395421028137, 129.7172794342041, 121.78517651557922, 132.35704517364502, 125.51220321655273, 136.3191945552826, 127.55113315582275, 137.60594534873962, 132.29537677764893, 142.21507334709167, 135.430269241333, 144.77811551094055, 136.51029634475708, 145.75866293907166, 137.98420453071594, 147.3674259185791, 139.00771594047546, 148.1568284034729, 140.24277210235596, 148.71701431274414, 141.40468525886536, 149.6298258304596, 142.17369604110718, 150.4271969795227, 143.63562417030334, 150.86872220039368, 144.3227505683899, 151.31054067611694, 144.77263140678406, 151.74692392349243, 146.07040786743164, 152.09450793266296, 147.55068373680115, 153.10432481765747, 148.35992813110352, 153.86529159545898, 149.1245243549347, 154.31059288978577, 149.43971252441406, 154.96478128433228, 150.4638271331787, 155.4219045639038, 150.89493823051453, 155.85854196548462, 151.32877945899963, 157.10184860229492, 152.34666895866394, 157.77177834510803, 153.14047288894653, 158.44725489616394, 153.92437839508057, 159.16005396842957, 154.371262550354, 159.61855840682983, 154.8079845905304, 160.04821395874023, 155.25379347801208, 160.4913969039917, 155.68555331230164, 161.05788397789001, 156.24057865142822, 162.89017868041992, 157.0440080165863, 164.50066661834717, 157.95081329345703, 165.75126934051514, 158.61028575897217, 166.53570437431335, 158.9229862689972, 167.08475279808044, 159.47066497802734, 167.97147798538208, 159.93342852592468, 168.42429494857788, 160.5578100681305, 168.7888662815094, 161.00828576087952, 170.34147119522095, 162.4447581768036, 171.12338185310364, 163.00285601615906, 171.55805587768555, 163.44306063652039, 171.99395632743835, 163.88155364990234, 172.4261338710785, 164.43108487129211, 179.94264125823975, 166.72407698631287, 181.87461256980896, 168.82193851470947, 184.0327446460724, 170.98507618904114, 186.71072387695312, 173.33325052261353, 188.54848289489746, 175.3831684589386, 189.93988347053528, 176.92264437675476, 191.97591972351074, 177.98158979415894, 192.9021577835083, 179.1160831451416]
Final objective value with penalty: 
1.0516505070688313
Final TV norm without penalty
1.2493153333631335
