Final evolution
[[ 0.67968242+0.65452132j  0.03921936-0.05419566j  0.22774299+0.11153806j
  -0.08783445-0.18203247j]
 [ 0.08712196-0.00289779j  0.69225892+0.65163757j -0.15649081+0.08887731j
  -0.13579228+0.19421467j]
 [ 0.19595458+0.08243037j -0.20670779+0.12770768j  0.00219959+0.06443446j
   0.67175552+0.66359442j]
 [-0.11267981-0.21010785j -0.10279279+0.14854971j  0.63323469+0.70580524j
  -0.10195592+0.03134263j]]

********* Summary *****************
Final fidelity error 0.053804456416059465
Final objective value 0.053805591188120484
Final norm value 1.1347720609844458e-06
Final error 1.2711231672503822e-32
Terminate reason Exceed the maximum number of iteration of ADMM
Number of iterations 200
Completed in 0:03:03.855269 HH:MM:SS.US
Time for each iteration [7.298164367675781, 4.758962392807007, 11.170799016952515, 8.556601285934448, 14.30065369606018, 11.243610382080078, 16.72841215133667, 13.470453977584839, 18.948999881744385, 15.490532398223877, 21.01309585571289, 17.528237342834473, 23.021372079849243, 19.58925771713257, 25.11640238761902, 20.81430411338806, 27.14315700531006, 22.00276494026184, 28.55192518234253, 23.42380404472351, 29.960513591766357, 24.632859706878662, 31.959534168243408, 26.440162420272827, 33.3153862953186, 27.79952907562256, 34.6962149143219, 29.178898811340332, 36.08456993103027, 30.36254858970642, 37.291433572769165, 31.583341598510742, 38.28911209106445, 32.58510780334473, 39.27449440956116, 33.60694169998169, 40.297664165496826, 34.586323738098145, 41.05482459068298, 35.39048528671265, 41.82894420623779, 36.23406505584717, 42.62628197669983, 37.035945892333984, 43.42734670639038, 37.835121870040894, 44.19757699966431, 38.599876165390015, 44.96001935005188, 39.36882042884827, 45.72546410560608, 40.13390326499939, 46.51239085197449, 40.90415859222412, 47.29752564430237, 41.701457262039185, 48.079411029815674, 42.502028703689575, 48.87101936340332, 43.310426235198975, 49.672325134277344, 44.09443759918213, 50.47760057449341, 44.91254425048828, 51.27128887176514, 45.70154523849487, 51.84317636489868, 46.28163194656372, 52.43236684799194, 46.86818194389343, 53.00903272628784, 47.43017292022705, 53.58083701133728, 48.207085609436035, 54.36771059036255, 48.78840446472168, 54.931522607803345, 49.39294981956482, 55.5083749294281, 49.94638133049011, 56.10198426246643, 50.5534143447876, 56.71289801597595, 51.150107622146606, 57.29729676246643, 51.74371933937073, 57.86011981964111, 52.335200548172, 58.430909633636475, 52.92551302909851, 59.00343728065491, 53.4971764087677, 59.593384742736816, 54.06693243980408, 60.19916296005249, 54.643319606781006, 60.75735783576965, 55.687886238098145, 61.521981954574585, 56.32183766365051, 62.25234937667847, 56.92821431159973, 62.86670780181885, 57.55653429031372, 63.51796770095825, 58.24269986152649, 64.15528297424316, 58.83013129234314, 64.74771046638489, 59.44400954246521, 65.3810179233551, 60.07831406593323, 66.03997778892517, 60.827690839767456, 66.70754909515381, 61.49014401435852, 67.37573289871216, 62.29891896247864, 68.0350489616394, 62.953168869018555, 68.94154834747314, 63.670594692230225, 69.69009256362915, 64.43603992462158, 70.39564085006714, 65.17383909225464, 71.17946791648865, 66.46414184570312, 72.22355508804321, 67.25801920890808, 73.03339004516602, 68.35309267044067, 73.774973154068, 69.2735047340393, 74.76275181770325, 70.10590481758118, 75.4431824684143, 70.94865298271179, 76.19716715812683, 71.63980603218079, 76.85065174102783, 72.28610014915466, 77.53405570983887, 72.96924328804016, 78.16645693778992, 73.62649917602539, 78.92642593383789, 74.28474044799805, 79.55078840255737, 74.92100954055786, 80.25009322166443, 75.70737433433533, 80.86217188835144, 76.29924988746643, 81.49786448478699, 76.87271738052368, 82.07964944839478, 77.44773864746094, 82.67009854316711, 78.03632521629333, 83.25051403045654, 78.61677384376526, 83.81301093101501, 79.20320749282837, 84.3817548751831, 79.78120970726013, 84.97284841537476, 80.34780931472778, 85.54786252975464, 80.91647005081177, 86.1229076385498, 81.49084520339966, 86.72175335884094, 82.0708909034729, 87.30619192123413, 82.64934468269348, 87.87348294258118, 83.22084975242615, 88.44590377807617, 83.78835892677307, 89.01486587524414, 84.36236214637756, 89.58730697631836, 84.91506576538086, 90.16476392745972, 85.48255157470703, 90.72876405715942, 86.059011220932, 91.31958222389221, 86.62352967262268, 91.9573004245758, 87.2131781578064, 92.54598069190979, 87.82357692718506, 93.13103699684143, 88.39504909515381, 93.69810152053833, 88.9555504322052, 94.31428384780884, 89.54098558425903]
Final objective value with penalty: 
0.053804457890440645
Final TV norm without penalty
14.743811796447126
