Final evolution
[[-0.09385245-0.64431248j -0.01900723+0.36556j     0.29952941+0.44279313j
  -0.37679714-0.11957448j]
 [-0.04145002+0.20313834j -0.65625512-0.4308717j   0.51324313+0.02321097j
  -0.24668809-0.12602872j]
 [ 0.14968208+0.45991698j  0.28635791+0.06728977j -0.16691047+0.05689662j
  -0.79125448-0.1495423j ]
 [-0.1122838 -0.53528857j -0.0522325 -0.40053266j -0.35870606-0.5389738j
  -0.3296598 -0.09932508j]]

********* Summary *****************
Final fidelity error 0.35188265436797883
Final objective value 0.3623365693096539
Final norm value 0.010453914941675024
Final error 2.0969858048421546e-06
Terminate reason Exceed the maximum number of iteration of ADMM
Number of iterations 200
Completed in 0:02:19.807940 HH:MM:SS.US
Time for each iteration [7.0789055824279785, 3.688455581665039, 11.109341859817505, 6.269670724868774, 13.410033702850342, 7.691877126693726, 14.65775179862976, 9.131783962249756, 15.758808612823486, 10.54927396774292, 16.51277208328247, 11.808906078338623, 17.263124227523804, 12.54198956489563, 18.34425973892212, 13.29849910736084, 19.48119592666626, 14.064477682113647, 20.22119164466858, 15.147640466690063, 20.962241411209106, 16.058274507522583, 21.692320585250854, 16.7843337059021, 22.254924297332764, 17.350846767425537, 22.984044075012207, 17.915414810180664, 23.759170532226562, 18.654483556747437, 24.495471000671387, 19.397469997406006, 25.069941759109497, 19.966947317123413, 25.647494554519653, 20.549458265304565, 26.219964265823364, 21.131909608840942, 26.794428825378418, 21.70363712310791, 27.354966402053833, 22.262153148651123, 27.925557613372803, 22.843620538711548, 28.49759030342102, 23.40013313293457, 29.061084508895874, 23.969610929489136, 29.802103519439697, 24.533132553100586, 30.365646839141846, 25.104650735855103, 30.929166316986084, 25.674235343933105, 31.493732452392578, 26.238754749298096, 32.07822275161743, 26.81222128868103, 32.66764712333679, 27.401661157608032, 33.23519682884216, 27.956844329833984, 33.79773807525635, 28.51047396659851, 34.35528254508972, 29.09158730506897, 34.92777228355408, 29.690048456192017, 35.520185232162476, 30.26850986480713, 36.10770344734192, 30.840004205703735, 36.66820502281189, 31.411505222320557, 37.24180793762207, 31.97304916381836, 37.801353454589844, 32.53851056098938, 38.36988854408264, 33.11494040489197, 38.943416595458984, 33.67946529388428, 39.49197292327881, 34.23797249794006, 40.04950404167175, 34.79847455024719, 40.61200022697449, 35.38596868515015, 41.194960832595825, 35.970423460006714, 41.780447006225586, 36.54200458526611, 42.37292456626892, 37.12188720703125, 42.932457447052, 37.685380697250366, 43.496973752975464, 38.25682830810547, 44.067484617233276, 38.81236147880554, 44.63198494911194, 39.36489486694336, 45.19848132133484, 39.93243598937988, 45.7749125957489, 40.499919414520264, 46.34351420402527, 41.06438851356506, 46.92099618911743, 41.63992357254028, 47.48844337463379, 42.22200322151184, 48.055952310562134, 42.79349660873413, 48.62694954872131, 43.35309386253357, 49.196433544158936, 43.91565704345703, 49.767906188964844, 44.488165616989136, 50.344480752944946, 45.04732632637024, 50.915934562683105, 45.61780142784119, 51.47047758102417, 46.18628716468811, 52.02995777130127, 46.7608060836792, 52.593538761138916, 47.32232451438904, 53.15308713912964, 47.873833894729614, 53.71664237976074, 48.4313440322876, 54.272156715393066, 48.99483799934387, 54.83465361595154, 49.557334423065186, 55.40463638305664, 50.11887574195862, 55.97310996055603, 50.7084002494812, 56.55781102180481, 51.28984832763672, 57.12646532058716, 51.850342988967896, 57.706965923309326, 52.419843673706055, 58.29141044616699, 52.98340153694153, 58.85096979141235, 53.5579309463501, 59.44737529754639, 54.12448334693909, 60.01387310028076, 54.69963884353638, 60.567381381988525, 55.2551589012146, 61.130913496017456, 55.833585023880005, 61.69346618652344, 56.40312480926514, 62.27094769477844, 56.963167905807495, 62.82745003700256, 57.538710832595825, 63.3889684677124, 58.1273627281189, 63.96540379524231, 58.70082879066467, 64.52091908454895, 59.26737642288208, 65.08438777923584, 59.83887505531311, 65.65534400939941, 60.40473031997681, 66.22388052940369, 60.97376322746277, 66.81025767326355, 61.54025459289551, 67.38088893890381, 62.116721630096436, 67.95536065101624, 62.69034433364868, 68.52291178703308, 63.27179026603699, 69.0993709564209, 63.85922026634216, 69.66489005088806, 64.42371463775635, 70.25684237480164, 64.97923016548157, 70.83330154418945, 65.54786229133606, 71.40132236480713, 66.11545538902283, 71.97682976722717, 66.7011125087738, 72.54034209251404, 67.26759815216064]
Final objective value with penalty: 
0.3847530207834965
