Final evolution
[[ 0.2968607 -0.7229022j  -0.49738215-0.12264081j -0.19264065-0.22561836j
   0.06626941+0.18560888j]
 [-0.41297061-0.11833842j -0.29815052-0.35260306j  0.65060782-0.19526761j
  -0.17483976-0.33202368j]
 [-0.21371133-0.35851103j  0.59399261-0.21441957j -0.28535806-0.2673006j
  -0.52209661-0.03912332j]
 [-0.02196671+0.17335567j -0.11234325-0.33604108j -0.52010704-0.16485083j
   0.3187837 -0.66679119j]]

********* Summary *****************
Final fidelity error 0.5872390082151144
Final objective value 0.587968892284
Final norm value 0.0007298840688855779
Final error 8.985797225238923e-08
Terminate reason Exceed the maximum number of iteration of ADMM
Number of iterations 200
Completed in 0:00:23.826419 HH:MM:SS.US
Time for each iteration [0.6123855113983154, 0.44931888580322266, 0.9962942600250244, 0.9054732322692871, 1.3940370082855225, 1.3049287796020508, 1.7296221256256104, 1.55487060546875, 2.0108067989349365, 1.8211116790771484, 2.2561984062194824, 1.9492971897125244, 2.584223747253418, 2.058645248413086, 2.7404372692108154, 2.199237823486328, 3.0330605506896973, 2.353724241256714, 3.2517588138580322, 2.467182159423828, 3.3553292751312256, 2.6192750930786133, 3.4803004264831543, 2.7286243438720703, 3.605271577835083, 2.85359525680542, 3.73024320602417, 2.9629433155059814, 3.8643643856048584, 3.09104585647583, 3.989335298538208, 3.209465265274048, 4.098676681518555, 3.3375391960144043, 4.208028316497803, 3.462507963180542, 4.332999229431152, 3.571857213973999, 4.45797061920166, 3.675410270690918, 4.58294153213501, 3.8024942874908447, 4.692291259765625, 3.9274775981903076, 4.817249536514282, 4.052448987960815, 4.926598310470581, 4.146208047866821, 5.0515382289886475, 4.27117919921875, 5.169862508773804, 4.3961522579193115, 5.297954082489014, 4.47426176071167, 5.391678810119629, 4.59923243522644, 5.485408306121826, 4.677338600158691, 5.579136371612549, 4.771069288253784, 5.704114675521851, 4.86478853225708, 5.782220125198364, 4.958517074584961, 5.86940860748291, 5.0522449016571045, 5.965227365493774, 5.170638561248779, 6.058955669403076, 5.251885890960693, 6.15268349647522, 5.34561562538147, 6.230789661407471, 5.439342737197876, 6.35576057434082, 5.517449378967285, 6.449488878250122, 5.595556020736694, 6.542275905609131, 5.689281463623047, 6.636003255844116, 5.76948356628418, 6.760975360870361, 5.863210916519165, 6.839081764221191, 5.956939458847046, 6.932809829711914, 6.035046339035034, 7.076706647872925, 6.117805004119873, 7.176377058029175, 6.211533069610596, 7.270104646682739, 6.299369812011719, 7.395075798034668, 6.39515495300293, 7.48880410194397, 6.488882780075073, 7.582245826721191, 6.596100568771362, 7.711308479309082, 6.689831018447876, 7.802938461303711, 6.767938137054443, 7.896666526794434, 6.861665725708008, 8.006016254425049, 6.949480056762695, 8.09974479675293, 7.046370267868042, 8.209093570709229, 7.14827561378479, 8.30282187461853, 7.242003917694092, 8.4277925491333, 7.3357322216033936, 8.51487684249878, 7.429460287094116, 8.596094131469727, 7.52318811416626, 8.729964017868042, 7.616918563842773, 8.808070182800293, 7.713778495788574, 8.901797771453857, 7.807507038116455, 9.042389869689941, 7.901234865188599, 9.136117935180664, 7.9949631690979, 9.261088609695435, 8.087093114852905, 9.37043809890747, 8.180821895599365, 9.457399129867554, 8.274549961090088, 9.601184606552124, 8.368277549743652, 9.694912672042847, 8.46673035621643, 9.792758226394653, 8.552878856658936, 9.90625548362732, 8.646607398986816, 9.999983072280884, 8.740335464477539, 10.10933256149292, 8.83406376838684, 10.197177171707153, 8.927799224853516, 10.277348279953003, 9.021529912948608, 10.402316331863403, 9.115260124206543, 10.480428457260132, 9.208981037139893, 10.574156999588013, 9.287087202072144, 10.683506727218628, 9.380815505981445, 10.761613368988037, 9.469305753707886, 10.855336904525757, 9.547411918640137, 10.98030710220337, 9.62964653968811, 11.074035406112671, 9.707753419876099, 11.161126375198364, 9.785854816436768, 11.273630857467651, 9.87958312034607, 11.361509323120117, 9.957690000534058, 11.441707372665405, 10.05141830444336, 11.566678285598755, 10.136395692825317, 11.6468026638031, 10.230123519897461, 11.728036165237427, 10.323851108551025, 11.853007793426514, 10.417579174041748, 11.943018436431885, 10.511306524276733, 12.036746740341187, 10.605034351348877, 12.161717653274536, 10.6987624168396, 12.255445718765259, 10.792490482330322, 12.342392683029175, 10.88621973991394, 12.436119556427002, 10.979948282241821, 12.565286636352539, 11.073670864105225, 12.658994913101196, 11.167424440383911]
Final objective value with penalty: 
0.5916734126957903
Final TV norm without penalty
0.8868808961351782
