Final evolution
[[ 0.79034051+0.56468031j  0.04260262-0.05425574j  0.17078586-0.11317135j
   0.07099043-0.0687325j ]
 [ 0.09568663+0.03230174j  0.29896191+0.85809514j -0.31057096-0.05903379j
   0.04801546+0.24869738j]
 [ 0.0838123 -0.1080842j  -0.2805851 -0.04348142j  0.14812247+0.260564j
   0.68580925+0.58352933j]
 [ 0.07099538-0.15017209j  0.05056685+0.29387107j  0.72085655+0.49861518j
  -0.33946598+0.00153791j]]

********* Summary *****************
Final fidelity error 0.11595809805091206
Final objective value 6.616053048708034
Final norm value 6.500094950657122
Final error 1.9466001190429016
Terminate reason Exceed the maximum number of iteration of ADMM
Number of iterations 200
Completed in 0:18:39.150712 HH:MM:SS.US
Time for each iteration [4.854457139968872, 2.7973790168762207, 6.135100841522217, 9.357038974761963, 8.124556064605713, 10.650436878204346, 18.384060859680176, 12.627399444580078, 20.700953722000122, 14.271071434020996, 28.509936094284058, 18.352751970291138, 30.461527585983276, 20.00748562812805, 31.731621265411377, 28.075743913650513, 33.71212983131409, 34.67140293121338, 39.05190873146057, 39.419002532958984, 41.01730036735535, 41.697594165802, 42.61687183380127, 43.33374857902527, 43.87102246284485, 44.62835693359375, 45.16441988945007, 45.888540267944336, 46.413381576538086, 56.3343985080719, 49.767292976379395, 71.5189118385315, 51.75812911987305, 72.8199052810669, 59.74776840209961, 75.08601379394531, 66.94643783569336, 78.13967752456665, 75.33199906349182, 81.75416111946106, 77.04768633842468, 84.13428544998169, 78.77806735038757, 85.62860918045044, 80.17894339561462, 86.98180890083313, 81.50358271598816, 88.30924534797668, 82.83321523666382, 95.32458734512329, 85.25091242790222, 96.66697549819946, 96.07955026626587, 99.5056962966919, 115.91364407539368, 101.58234333992004, 117.61494708061218, 103.69317674636841, 118.95895552635193, 106.1274094581604, 120.66242623329163, 116.55184864997864, 123.02643036842346, 119.60166215896606, 126.12814044952393, 122.48852634429932, 127.7888355255127, 123.7967381477356, 129.07781529426575, 125.12886071205139, 140.29883790016174, 127.24267792701721, 142.27308177947998, 128.57921957969666, 143.89757752418518, 129.8898527622223, 145.22503685951233, 140.5860242843628, 149.7078082561493, 142.67776942253113, 156.7829360961914, 149.10157752037048, 160.37927269935608, 157.5750322341919, 163.31666231155396, 165.73560905456543, 166.0884735584259, 181.86930227279663, 168.11367082595825, 183.974618434906, 169.4973225593567, 186.37647008895874, 170.8239004611969, 187.70900011062622, 172.18048882484436, 203.04180717468262, 174.16237711906433, 205.38686180114746, 178.3187108039856, 209.2017102241516, 183.88646030426025, 211.87049746513367, 185.9316327571869, 218.0604784488678, 208.50546669960022, 220.4574956893921, 216.19843101501465, 224.17534375190735, 218.23275136947632, 235.75022649765015, 220.24095606803894, 243.78772950172424, 222.98566317558289, 257.7525637149811, 224.9990894794464, 266.7324643135071, 227.74480271339417, 279.2630145549774, 229.78211879730225, 281.3001296520233, 231.45231866836548, 292.7388422489166, 234.49824452400208, 298.9821798801422, 238.58852243423462, 300.6503987312317, 240.29898166656494, 318.37213945388794, 246.6345944404602, 321.11257553100586, 252.13427996635437, 328.0445592403412, 254.8811686038971, 331.8707859516144, 257.638466835022, 333.9338278770447, 268.44038939476013, 348.5926377773285, 271.5234868526459, 357.7993664741516, 274.25922560691833, 366.1663098335266, 277.67351269721985, 374.1969270706177, 280.7426197528839, 391.170019865036, 289.7653133869171, 404.15208435058594, 302.1034309864044, 415.49211072921753, 310.02348709106445, 418.5783829689026, 323.09118270874023, 420.77886033058167, 330.82759070396423, 430.22477555274963, 333.6043996810913, 440.57071113586426, 335.9848573207855, 453.20945477485657, 349.6233446598053, 463.39059591293335, 364.7604994773865, 471.07113456726074, 376.4632103443146, 474.1895179748535, 404.168336391449, 477.1231966018677, 406.9960517883301, 492.05893087387085, 414.6440443992615, 495.2310309410095, 417.06171560287476, 517.180180311203, 419.1513855457306, 518.9391982555389, 426.4670145511627, 520.932412147522, 440.5259687900543, 522.7144570350647, 443.5582468509674, 532.6410095691681, 445.5283682346344, 538.2094802856445, 447.920618057251, 548.9236660003662, 450.03357458114624, 550.9175913333893, 463.3658330440521, 558.5796782970428, 474.57625818252563, 562.3829555511475, 478.4403507709503, 573.5878670215607, 480.8285481929779, 594.4143242835999, 499.1603262424469, 603.8489751815796, 512.0948967933655, 607.055814743042]
Final objective value with penalty: 
2.009949354111823
Final TV norm without penalty
18.93991256060911
