Final evolution
[[-7.07115766e-01-7.07097790e-01j  1.13275780e-05-2.15331159e-05j
   4.89872766e-05+4.48881094e-05j -1.86810649e-06-5.17983390e-05j]
 [ 2.15302131e-05-1.13302384e-05j -7.07117328e-01-7.07096232e-01j
  -2.27709243e-05+5.90955034e-06j -1.64435853e-05+4.77302944e-05j]
 [ 5.17985987e-05+1.87525291e-06j -4.77286637e-05+1.64418182e-05j
   9.75620786e-06+9.74504430e-05j -7.07072163e-01-7.07141387e-01j]
 [-4.48862203e-05-4.89891205e-05j -5.91050940e-06+2.27739481e-05j
  -7.07121852e-01-7.07091699e-01j -9.74489833e-05-9.76257961e-06j]]

********* Summary *****************
Final fidelity error 5.501069266777847e-09
Final objective value 7.09842232001999e-09
Final norm value 1.5973530276269798e-09
Final error 1.3073325627067587e-10
Terminate reason Exceed the maximum number of iteration of ADMM
Number of iterations 200
Completed in 0:17:37.742188 HH:MM:SS.US
Time for each iteration [70.71654844284058, 48.5039336681366, 119.61489915847778, 96.29795241355896, 169.3300862312317, 146.17840814590454, 219.47210907936096, 200.2933738231659, 272.0022945404053, 244.4046585559845, 313.4158399105072, 280.0545914173126, 344.74069833755493, 307.0078146457672, 368.82734775543213, 328.4616084098816, 386.3592429161072, 339.47501516342163, 396.693311214447, 348.3240375518799, 404.9209909439087, 353.70063829421997, 409.48384261131287, 355.34337162971497, 411.145658493042, 356.9801616668701, 412.7893478870392, 358.6417329311371, 414.46601724624634, 360.2944655418396, 416.1098303794861, 362.00986099243164, 417.74155926704407, 363.6558430194855, 419.3937985897064, 365.29157304763794, 421.0344612598419, 366.93035101890564, 422.69608521461487, 368.5874762535095, 424.43527913093567, 370.240669965744, 426.0869605541229, 371.91228127479553, 427.7615489959717, 373.56890630722046, 429.4164159297943, 375.21665692329407, 431.0655162334442, 376.9382092952728, 432.7181658744812, 378.5968372821808, 434.3548707962036, 380.2500035762787, 436.0024631023407, 381.8887963294983, 437.6251928806305, 383.5354497432709, 439.3200786113739, 385.1891896724701, 440.9945526123047, 386.8207628726959, 442.6352643966675, 388.45103001594543, 444.2919325828552, 390.1002221107483, 445.94074726104736, 391.80880308151245, 447.5946102142334, 393.4386110305786, 449.32667207717896, 395.2619421482086, 451.0890383720398, 397.17288994789124, 452.85531306266785, 398.82903361320496, 454.5705988407135, 400.47925901412964, 456.23075580596924, 402.1341564655304, 457.87976455688477, 403.79079818725586, 459.57968068122864, 405.4256467819214, 461.233838558197, 407.1266634464264, 462.88653588294983, 408.7754399776459, 464.57312750816345, 410.46281266212463, 466.20931696891785, 412.117493391037, 467.905809879303, 413.77407336235046, 469.6263236999512, 415.4288799762726, 471.28122305870056, 417.08754086494446, 472.96472334861755, 418.7432527542114, 474.61589550971985, 420.38785552978516, 476.2873845100403, 422.11956667900085, 477.9332015514374, 423.78113865852356, 479.60581159591675, 425.407874584198, 481.24880051612854, 427.067533493042, 482.8975393772125, 428.71219277381897, 484.74434423446655, 430.35982155799866, 486.383953332901, 432.0159797668457, 488.0296115875244, 433.6725585460663, 489.6987564563751, 435.2983465194702, 491.3526039123535, 436.99199962615967, 493.0089020729065, 438.6407277584076, 494.684529542923, 440.2904760837555, 496.33314752578735, 441.92221093177795, 497.97385239601135, 443.5629346370697, 499.67340660095215, 445.2617771625519, 501.31313133239746, 446.92138504981995, 502.94610810279846, 448.5602288246155, 504.5702872276306, 450.2108097076416, 506.1779901981354, 451.90507435798645, 507.84315395355225, 453.5818645954132, 509.506875038147, 455.2355155944824, 511.14080715179443, 456.87724113464355, 512.7859518527985, 458.52350211143494, 514.5126934051514, 460.1711962223053, 516.1712777614594, 461.8255121707916, 517.8069622516632, 463.46933603286743, 519.4609491825104, 465.14899158477783, 521.0757355690002, 466.84987115859985, 522.7314765453339, 468.5057895183563, 524.3824954032898, 470.1714017391205, 526.0202217102051, 471.81053376197815, 527.6469082832336, 473.4413149356842, 529.3390452861786, 475.09405994415283, 530.9848430156708, 476.7284219264984, 532.6474416255951, 478.3552017211914, 534.2910959720612, 480.00087237358093, 535.9289031028748, 481.7208499908447, 537.5766744613647, 483.369886636734, 539.2475290298462, 485.0864465236664, 541.0737900733948, 486.7254230976105, 542.7252106666565, 488.3541829586029, 544.4154336452484, 489.9949975013733, 546.0431613922119, 491.64168405532837, 547.7163231372833, 493.2933568954468, 549.3821396827698, 495.0242757797241, 551.0168087482452, 496.7148540019989, 552.6654875278473, 498.3616659641266, 554.3002462387085, 500.00731015205383, 556.0645051002502, 501.67768239974976]
Final objective value with penalty: 
3.217254975063742e-05
