Final evolution
[[ 0.6561549 +0.64832617j  0.15313838-0.11030528j  0.19317683+0.0669763j
  -0.14966953-0.22206133j]
 [ 0.19378666-0.05532132j  0.55679111+0.7200622j  -0.28716334+0.04170241j
  -0.02192862+0.21493634j]
 [ 0.2244874 +0.11015842j -0.20059756+0.04847519j  0.21597435+0.08326125j
   0.7472941 +0.53184159j]
 [-0.04921952-0.20872994j -0.08232064+0.29412507j  0.60933089+0.67017425j
  -0.16509464-0.11423271j]]

********* Summary *****************
Final fidelity error 0.09137215762350326
Final objective value 0.11120298946622556
Final norm value 0.019830831842722274
Final error 2.652162704475174e-06
Terminate reason Exceed the maximum number of iteration of ADMM
Number of iterations 200
Completed in 0:05:45.421534 HH:MM:SS.US
Time for each iteration [25.244728326797485, 9.94652533531189, 34.62413048744202, 19.05716633796692, 40.6287477016449, 26.631948709487915, 45.6004581451416, 31.136576890945435, 49.85296082496643, 33.61096262931824, 53.0146164894104, 38.5584819316864, 55.55427813529968, 40.507091760635376, 58.148256063461304, 42.34722542762756, 61.32534337043762, 44.15386176109314, 63.82289981842041, 46.18924260139465, 66.83885502815247, 48.059277057647705, 68.74472212791443, 49.62204909324646, 72.0712730884552, 51.47914242744446, 73.59733700752258, 52.6690890789032, 75.4685046672821, 53.8215434551239, 77.00405311584473, 55.737772941589355, 78.54307579994202, 57.252174615859985, 80.05912470817566, 58.76531505584717, 81.5774507522583, 60.28142189979553, 83.43361139297485, 62.17077827453613, 85.04194617271423, 63.678786277770996, 86.93015813827515, 65.56774854660034, 89.27804732322693, 67.06977558135986, 90.44989156723022, 68.94513750076294, 91.99457597732544, 70.17002940177917, 93.51885771751404, 71.66204142570496, 95.37302350997925, 73.17304134368896, 96.51498103141785, 75.05699157714844, 97.66498684883118, 76.21746873855591, 99.2009813785553, 77.78944444656372, 100.40747356414795, 79.33417534828186, 101.60332703590393, 80.86640048027039, 102.78122353553772, 82.39192724227905, 103.95634341239929, 83.92494916915894, 105.12838768959045, 85.44490694999695, 106.34343099594116, 86.61080956459045, 107.50740694999695, 87.76675486564636, 108.67053961753845, 88.9237732887268, 109.82151484489441, 90.10776805877686, 110.98542332649231, 91.26277256011963, 112.12740302085876, 92.42072629928589, 113.31652331352234, 93.60755348205566, 114.46562123298645, 94.7765245437622, 115.63453006744385, 95.96084380149841, 116.80448412895203, 97.12773180007935, 117.96599221229553, 98.28523397445679, 119.14201259613037, 99.45611047744751, 120.32298707962036, 100.63599967956543, 121.5208899974823, 101.81162667274475, 122.66482615470886, 102.96853470802307, 123.82980036735535, 104.13151335716248, 124.99050974845886, 105.29141306877136, 126.15911960601807, 106.45872664451599, 127.33837962150574, 107.63059425354004, 128.55142664909363, 108.8189628124237, 129.73136234283447, 109.98198962211609, 130.91443943977356, 111.16091990470886, 132.13069796562195, 112.31603026390076, 133.29563641548157, 113.48302984237671, 134.6214656829834, 114.66108822822571, 135.82033395767212, 115.86795783042908, 137.00142455101013, 117.08180952072144, 138.15733528137207, 118.24669575691223, 139.32821011543274, 119.4156002998352, 140.5115933418274, 120.57601475715637, 141.67756962776184, 121.96033525466919, 143.54032397270203, 123.23712015151978, 144.7012631893158, 124.3965253829956, 145.84028553962708, 125.56092143058777, 146.99420475959778, 126.7129909992218, 148.1482744216919, 127.86099219322205, 149.30524230003357, 129.03693628311157, 150.47753429412842, 130.23083209991455, 151.65676188468933, 131.4121699333191, 152.83419585227966, 132.61376404762268, 153.97130012512207, 133.7856092453003, 155.13627290725708, 134.96221446990967, 156.33923721313477, 136.1662893295288, 157.5436234474182, 137.34923219680786, 158.76344180107117, 138.551123380661, 159.92933106422424, 139.7171516418457, 161.09129810333252, 140.8717498779297, 162.2721803188324, 142.13243770599365, 163.49660181999207, 143.53731226921082, 164.71884322166443, 144.71242499351501, 165.89540672302246, 145.93029808998108, 167.06533694267273, 147.08617663383484, 168.24318885803223, 148.38881945610046, 169.6588966846466, 149.64453601837158, 170.83877682685852, 150.8023738861084, 171.9997079372406, 151.98126983642578, 173.1496617794037, 153.1884617805481, 174.32849168777466, 154.34948301315308, 175.66894054412842, 155.6939730644226, 176.8458342552185, 156.86193656921387, 178.01328682899475, 158.02644872665405, 179.17126893997192, 159.20436215400696, 180.3341498374939, 160.3768277168274, 181.54696583747864, 161.53272604942322, 182.71485328674316, 162.70668077468872]
Final objective value with penalty: 
0.15708312820306886
