Final evolution
[[-0.7127462 -0.70114534j  0.00229789-0.00390092j  0.0134756 +0.00903319j
   0.00159673-0.01009094j]
 [ 0.00345492-0.00243123j -0.70174067-0.71181179j -0.01546933+0.00567203j
  -0.00364913+0.02411174j]
 [ 0.01024195-0.00120902j -0.02392577+0.00274226j  0.01213388+0.02239335j
  -0.69361491-0.71941876j]
 [-0.00919748-0.01338896j -0.00602933+0.01572255j -0.71873062-0.69443714j
  -0.02194022-0.01243274j]]

********* Summary *****************
Final fidelity error 0.000567246139194344
Final objective value 0.001480662757481288
Final norm value 0.0009134166182869219
Final error 8.939759287947283e-08
Terminate reason Exceed the maximum number of iteration of ADMM
Number of iterations 200
Completed in 0:29:10.840896 HH:MM:SS.US
Time for each iteration [22.195839166641235, 20.566548824310303, 41.41365909576416, 36.20213437080383, 60.532305002212524, 54.43790102005005, 76.8553535938263, 67.51343321800232, 90.38613677024841, 87.62238645553589, 103.6885666847229, 103.57995796203613, 123.21884369850159, 115.96403169631958, 139.04863953590393, 125.53317260742188, 155.8429343700409, 134.64685678482056, 173.70807003974915, 145.14258337020874, 190.1670298576355, 157.39109778404236, 202.1993646621704, 169.925443649292, 215.31071877479553, 184.30429410934448, 232.03133726119995, 197.6157865524292, 241.80057907104492, 207.95925307273865, 251.1977653503418, 221.5916793346405, 261.0146746635437, 233.15052914619446, 269.8266270160675, 245.53407192230225, 278.66763734817505, 255.45787811279297, 291.4016239643097, 264.66928720474243, 303.5828514099121, 276.5850422382355, 312.57921504974365, 288.88753938674927, 321.1837787628174, 298.98408603668213, 330.6263253688812, 308.0088837146759, 339.0162236690521, 316.95420384407043, 349.8095645904541, 328.2328016757965, 360.97486686706543, 337.81365966796875, 371.58082270622253, 346.6596119403839, 380.4699273109436, 354.8294949531555, 389.9430227279663, 363.9504406452179, 399.59673261642456, 373.4976942539215, 408.82898783683777, 382.9975380897522, 418.3564410209656, 393.55466771125793, 428.65089559555054, 402.4918587207794, 437.61783480644226, 411.62178564071655, 446.2647793292999, 419.7381408214569, 455.257764339447, 427.6650846004486, 464.9030532836914, 435.22203493118286, 474.60818433761597, 440.8723123073578, 484.0301790237427, 448.90723419189453, 493.4708390235901, 459.6059226989746, 499.8186957836151, 468.6112198829651, 506.02484941482544, 477.624386548996, 511.92011404037476, 489.3045024871826, 517.6249301433563, 495.14092087745667, 524.7695889472961, 501.29795813560486, 536.6206715106964, 507.51526713371277, 544.0874400138855, 514.7715771198273, 551.2737805843353, 522.469874382019, 558.3579504489899, 529.8376734256744, 569.8766255378723, 536.176744222641, 576.9366171360016, 543.1645724773407, 583.8674976825714, 555.1786313056946, 590.6303782463074, 562.7712805271149, 595.6414318084717, 570.2095880508423, 605.3117682933807, 576.0006632804871, 612.7700021266937, 583.0769174098969, 617.5292954444885, 590.3540303707123, 627.0391612052917, 595.9225473403931, 634.037210226059, 600.7200458049774, 641.2321560382843, 605.7564661502838, 651.1230032444, 610.7007644176483, 658.2295165061951, 615.4793789386749, 668.374808549881, 620.7178580760956, 675.3455836772919, 629.8389179706573, 680.146543264389, 637.9979867935181, 685.6562507152557, 648.474933385849, 690.6191055774689, 655.6924896240234, 695.9181034564972, 663.1530542373657, 700.9477412700653, 669.5644991397858, 708.698757648468, 676.6696119308472, 715.4929256439209, 683.0286295413971, 722.4122951030731, 687.7623107433319, 730.9730186462402, 693.447027683258, 739.2743880748749, 698.1646809577942, 746.0212824344635, 703.001006603241, 752.8107163906097, 707.7213366031647, 759.8249914646149, 712.4028632640839, 766.7314794063568, 717.1033494472504, 773.9272153377533, 721.8958959579468, 782.184406042099, 726.6760785579681, 788.994936466217, 734.263769865036, 793.716475725174, 741.0095527172089, 801.4112277030945, 745.7083010673523, 807.6444437503815, 752.9815099239349, 812.3086493015289, 759.8891417980194, 817.012439250946, 766.7312862873077, 821.725049495697, 776.4018759727478, 826.739727973938, 786.6061136722565, 831.6748311519623, 793.8263273239136, 836.9721224308014, 800.4118177890778, 846.6327593326569, 805.5806975364685, 851.7469618320465, 811.9401698112488, 856.6392152309418, 821.3959572315216, 861.9259798526764, 826.3388268947601, 868.9334659576416, 831.2385218143463, 874.7691683769226, 841.4353318214417, 879.628148317337, 847.4829578399658, 887.0080304145813, 852.6373560428619, 892.7306361198425, 858.110259771347]
Final objective value with penalty: 
0.023413553594645017
Final TV norm without penalty
22.846307455450674
