Final evolution
[[-7.07108975e-01-7.07104584e-01j  1.06204472e-05-1.84522287e-05j
   3.85804706e-05+3.04831578e-05j -4.12018709e-07-4.72057496e-05j]
 [ 1.84511904e-05-1.06225518e-05j -7.07124555e-01-7.07089006e-01j
  -1.16926175e-05-2.03079731e-06j -1.83402990e-05+2.40712071e-05j]
 [ 4.72048927e-05+4.16438107e-07j -2.40705400e-05+1.83403963e-05j
  -3.52599035e-06+7.48865818e-05j -7.07083928e-01-7.07129627e-01j]
 [-3.04812813e-05-3.85828712e-05j  2.03156548e-06+1.16939779e-05j
  -7.07109658e-01-7.07103899e-01j -7.48860887e-05+3.52145944e-06j]]

********* Summary *****************
Final fidelity error 3.1569237224360336e-09
Final objective value 3.1569237225956335e-09
Final norm value 0.0
Final error 1.927105438738058e-34
Terminate reason Exceed the maximum number of iteration of ADMM
Number of iterations 200
Completed in 0:17:35.742495 HH:MM:SS.US
Time for each iteration [72.20994663238525, 47.40603542327881, 123.12957811355591, 95.93579173088074, 175.36203575134277, 147.43587946891785, 227.87629580497742, 195.32923245429993, 272.0592427253723, 238.40239024162292, 312.68212938308716, 275.9002459049225, 345.8263018131256, 304.90684390068054, 370.1000146865845, 324.92006063461304, 385.5878269672394, 336.1248345375061, 396.0389280319214, 344.3540699481964, 402.0621991157532, 350.3893332481384, 406.81128787994385, 352.05791878700256, 408.4850585460663, 353.7484004497528, 410.1975407600403, 355.52138018608093, 411.9813566207886, 357.19217133522034, 413.6392204761505, 358.88381004333496, 415.31781363487244, 360.57638001441956, 416.960590839386, 362.25599551200867, 418.6131966114044, 364.02606296539307, 420.30075216293335, 365.68682765960693, 421.9787588119507, 367.3514754772186, 423.63964557647705, 369.08880519866943, 425.3451955318451, 370.78057527542114, 427.0497350692749, 372.45115756988525, 428.7175989151001, 374.1226952075958, 430.4949538707733, 375.7922329902649, 432.138610124588, 377.458039522171, 433.82754850387573, 379.12990260124207, 435.5090079307556, 380.7796540260315, 437.1667494773865, 382.4393982887268, 439.08190727233887, 384.10608100891113, 440.74367475509644, 385.81998801231384, 442.3885278701782, 387.50264048576355, 444.0545356273651, 389.18975377082825, 445.71017241477966, 390.8494727611542, 447.37698125839233, 392.50824451446533, 449.13041639328003, 394.19139671325684, 450.7849977016449, 395.8611476421356, 452.4506995677948, 397.508740901947, 454.12253427505493, 399.178503036499, 455.766233921051, 400.88300824165344, 457.44602632522583, 402.57488894462585, 459.1222050189972, 404.25350642204285, 460.7804272174835, 405.9072606563568, 462.42508029937744, 407.5658800601959, 464.11157178878784, 409.21399688720703, 465.77621579170227, 411.2986693382263, 467.8270535469055, 412.9952652454376, 469.54902029037476, 414.6799621582031, 471.26052832603455, 416.4077134132385, 472.9072644710541, 418.14714336395264, 474.6188020706177, 419.8417139053345, 476.2974283695221, 421.5762822628021, 478.2972981929779, 423.5795977115631, 479.9828028678894, 425.2951612472534, 481.65271759033203, 426.97381234169006, 483.3063132762909, 428.64342284202576, 484.94103956222534, 430.3294861316681, 486.6818525791168, 431.9961357116699, 488.37748169898987, 433.6658630371094, 490.06149554252625, 435.3081202507019, 491.7252531051636, 436.9737184047699, 493.3809235095978, 438.6633267402649, 495.0406963825226, 440.3459975719452, 496.70072507858276, 442.025838136673, 498.35571789741516, 443.70199251174927, 500.0303692817688, 445.35377979278564, 501.76144194602966, 447.00700879096985, 503.4051480293274, 448.66861391067505, 505.06972575187683, 450.34621834754944, 506.7340235710144, 451.9988589286804, 508.3946952819824, 453.78397512435913, 510.05740451812744, 455.45361614227295, 511.72619104385376, 457.11830043792725, 513.383873462677, 458.79432439804077, 515.036495923996, 460.5053462982178, 516.7805759906769, 462.17517828941345, 518.4862546920776, 463.82579946517944, 520.1410167217255, 465.47892022132874, 521.790700674057, 467.1506173610687, 523.4600672721863, 468.87292432785034, 525.1291193962097, 470.5266559123993, 526.7887501716614, 472.17638993263245, 528.4443666934967, 473.8315131664276, 530.0730760097504, 475.49913716316223, 531.7663607597351, 477.17477202415466, 533.4208538532257, 478.826917886734, 535.0816359519958, 480.4785282611847, 536.7352256774902, 482.12132382392883, 538.3929281234741, 483.8812870979309, 540.0673372745514, 485.5615658760071, 541.7271640300751, 487.2314999103546, 543.4119026660919, 488.90772318840027, 545.068642616272, 490.54933977127075, 546.7763109207153, 492.22902488708496, 548.437980890274, 493.92848920822144, 550.1245152950287, 495.59330201148987, 551.7803070545197, 497.2804934978485, 553.4445095062256, 498.99018120765686, 555.100691318512, 500.64180397987366]
Final objective value with penalty: 
3.4793136305500113e-09
