Final evolution
[[ 0.67807436+0.65560855j  0.0415566 -0.05371897j  0.22840681+0.10999646j
  -0.08717151-0.18415253j]
 [ 0.08655706-0.00562249j  0.69627545+0.6476334j  -0.15493016+0.09190198j
  -0.13525655+0.19365968j]
 [ 0.19725072+0.08201179j -0.20485321+0.12860453j  0.00757741+0.06409353j
   0.6706901 +0.66473427j]
 [-0.11029339-0.21229803j -0.10467995+0.1472988j   0.63151036+0.70732669j
  -0.10172709+0.02540286j]]

********* Summary *****************
Final fidelity error 0.05391705517452783
Final objective value 0.05391830976132957
Final norm value 1.2545868017799222e-06
Final error 1.940976272077761e-34
Terminate reason Exceed the maximum number of iteration of ADMM
Number of iterations 200
Completed in 0:13:37.268271 HH:MM:SS.US
Time for each iteration [68.26422929763794, 21.98140025138855, 85.660799741745, 38.194384813308716, 99.8611958026886, 58.25922751426697, 113.38314771652222, 70.98580503463745, 125.18625950813293, 80.29991126060486, 134.7484576702118, 86.86627411842346, 141.2648618221283, 91.37314677238464, 149.30969548225403, 99.4256682395935, 157.07578086853027, 108.48634672164917, 165.86773300170898, 117.07854890823364, 173.9657711982727, 126.16871953010559, 180.12556290626526, 132.59586119651794, 185.84208965301514, 138.60357069969177, 192.31946301460266, 144.49593305587769, 198.9660234451294, 150.31686425209045, 208.32904601097107, 155.06950974464417, 213.94726657867432, 160.56248879432678, 219.11082696914673, 165.6709988117218, 224.34696316719055, 170.62095046043396, 229.5749170780182, 175.97740769386292, 234.12551140785217, 181.15336966514587, 238.6109311580658, 185.73215866088867, 243.07942485809326, 188.94760990142822, 245.58081102371216, 191.88070583343506, 248.55823349952698, 194.93076181411743, 251.52423763275146, 197.743168592453, 254.9591028690338, 200.33041644096375, 258.0689151287079, 203.27900624275208, 261.7314393520355, 205.98452711105347, 264.0516893863678, 209.58012318611145, 266.4994511604309, 211.94824981689453, 268.7778866291046, 214.10850644111633, 271.32524490356445, 216.27245092391968, 273.732843875885, 218.9981665611267, 275.92229747772217, 221.49561047554016, 278.1600818634033, 223.74870467185974, 280.6253685951233, 225.92971897125244, 283.0365891456604, 228.05388021469116, 285.4722797870636, 230.12822771072388, 287.3661322593689, 232.55389714241028, 289.8933982849121, 234.83050775527954, 292.44571137428284, 237.2145700454712, 294.97983479499817, 239.65859603881836, 297.34855937957764, 241.91082620620728, 299.81409454345703, 244.2300889492035, 301.4131634235382, 246.66504645347595, 303.7549180984497, 249.0662441253662, 306.1763997077942, 250.97355222702026, 308.3929982185364, 253.68973112106323, 310.68808817863464, 256.56384348869324, 313.1420350074768, 259.0175082683563, 314.9173562526703, 261.4240746498108, 317.1966516971588, 263.5684962272644, 319.7983798980713, 265.9671757221222, 321.84804916381836, 268.1920807361603, 324.3809189796448, 270.71314907073975, 327.08420848846436, 273.42186284065247, 329.5120496749878, 276.0426650047302, 331.77745747566223, 278.2871346473694, 334.494868516922, 281.2341387271881, 337.4631872177124, 284.0451672077179, 340.4313087463379, 286.7260570526123, 343.0926101207733, 289.46955370903015, 345.7587478160858, 292.09301018714905, 348.3987879753113, 294.78321385383606, 351.0349769592285, 297.46308970451355, 353.7895224094391, 300.39346075057983, 356.4663414955139, 303.01617527008057, 359.1082773208618, 305.64828181266785, 361.74954986572266, 308.283234834671, 364.4658281803131, 311.0885512828827, 367.2283704280853, 313.9283173084259, 369.96644377708435, 316.5830523967743, 372.6653001308441, 319.4513123035431, 375.24964213371277, 321.8344495296478, 377.80215096473694, 324.2491023540497, 380.50181770324707, 326.9869587421417, 382.75708746910095, 329.33574962615967, 385.0911350250244, 331.99123644828796, 387.7565653324127, 334.5000467300415, 390.14484310150146, 337.13589787483215, 392.69132447242737, 339.76194167137146, 395.4289481639862, 342.13259172439575, 397.6666820049286, 344.7232503890991, 399.6241772174835, 346.84479212760925, 401.905380487442, 349.24941420555115, 403.91343212127686, 351.0855255126953, 406.5230586528778, 353.82015442848206, 409.03767371177673, 356.27474999427795, 411.5339102745056, 358.349974155426, 414.3699109554291, 360.82513427734375, 416.0746569633484, 363.5770580768585, 418.85389709472656, 365.8661651611328, 421.12007665634155, 368.45088720321655, 423.590056180954, 370.4685757160187, 426.06808948516846, 372.25615525245667, 428.8275992870331, 374.352614402771, 430.93514943122864, 376.6811492443085, 433.05307269096375, 379.49653792381287, 434.96133852005005, 382.3069326877594]
Final objective value with penalty: 
0.05393191631117862
Final TV norm without penalty
14.861136650792806
