Final evolution
[[ 0.6568132 +0.64891904j  0.15107789-0.11270828j  0.19284031+0.06615182j
  -0.14636052-0.22133225j]
 [ 0.19244298-0.05409785j  0.56063976+0.71858006j -0.28965888+0.03532937j
  -0.03106026+0.20796565j]
 [ 0.22541976+0.10675926j -0.19590189+0.05719991j  0.21086797+0.0923714j
   0.74358791+0.53871909j]
 [-0.05112742-0.20667367j -0.07406158+0.29438678j  0.6116041 +0.66800357j
  -0.17269803-0.11140168j]]

********* Summary *****************
Final fidelity error 0.09015386676574566
Final objective value 0.12806998886135132
Final norm value 0.03791612209560569
Final error 8.753586409710238e-07
Terminate reason Exceed the maximum number of iteration of ADMM
Number of iterations 200
Completed in 0:03:31.111387 HH:MM:SS.US
Time for each iteration [5.571670293807983, 6.890577077865601, 10.868535280227661, 11.212057113647461, 13.248900890350342, 13.631550312042236, 16.942359447479248, 15.464701890945435, 19.58545160293579, 17.32060408592224, 21.783674240112305, 18.84154438972473, 23.781860828399658, 21.136150121688843, 25.182361602783203, 22.213193655014038, 26.66329264640808, 23.225271701812744, 28.065495014190674, 24.249899864196777, 29.49354314804077, 25.237095832824707, 30.94966435432434, 26.41151237487793, 32.61857604980469, 27.443666219711304, 34.09672784805298, 28.365403175354004, 35.6459481716156, 29.216623783111572, 36.538203954696655, 30.256023645401, 37.36151146888733, 31.84591269493103, 38.326326847076416, 32.6651394367218, 39.73611521720886, 33.46751308441162, 40.72621440887451, 34.70078730583191, 41.76405382156372, 35.97926616668701, 42.74964690208435, 36.774598598480225, 43.775519132614136, 37.59078550338745, 44.693546295166016, 38.50579285621643, 45.475138664245605, 39.510451316833496, 46.27365064620972, 40.318312644958496, 47.31523776054382, 41.10112285614014, 48.104376554489136, 41.891783237457275, 48.9142107963562, 42.67841577529907, 49.777939796447754, 43.51709342002869, 50.566911697387695, 44.2984778881073, 51.36839032173157, 45.10254263877869, 52.17549967765808, 45.88680052757263, 52.96190857887268, 46.6968150138855, 53.81463074684143, 47.510151863098145, 54.621137857437134, 48.30934405326843, 55.41377091407776, 49.141361713409424, 56.20137071609497, 49.91059899330139, 57.008078813552856, 50.685351848602295, 57.84589123725891, 51.45720863342285, 58.66484570503235, 52.34735321998596, 59.48125696182251, 53.159035205841064, 60.26533842086792, 53.94279956817627, 61.10689353942871, 54.77190160751343, 61.95263862609863, 55.61890363693237, 62.72512912750244, 56.424567222595215, 63.57634139060974, 57.20277762413025, 64.36520457267761, 58.01709222793579, 65.14887928962708, 58.8121702671051, 65.97031354904175, 59.58830189704895, 66.57919502258301, 60.15807271003723, 67.33588886260986, 60.90013790130615, 68.20706295967102, 61.71296525001526, 69.0462167263031, 62.604575872421265, 69.8095715045929, 63.37567710876465, 70.62339687347412, 64.17753434181213, 71.42082381248474, 64.97955393791199, 72.26786279678345, 65.81810903549194, 73.09158086776733, 66.42839312553406, 73.77376866340637, 67.32236981391907, 74.72700333595276, 68.16204333305359, 75.6316499710083, 69.50158548355103, 77.04486227035522, 70.56838703155518, 77.93423962593079, 71.49808096885681, 78.97974896430969, 72.67002487182617, 80.31094145774841, 73.81754660606384, 81.22564816474915, 74.74213218688965, 82.07557964324951, 75.60120248794556, 83.07933735847473, 76.54024195671082, 84.02084708213806, 77.44881844520569, 84.91733741760254, 78.35739302635193, 85.80239844322205, 79.23460865020752, 86.6713342666626, 80.11236572265625, 87.57450771331787, 80.99065828323364, 88.44938349723816, 81.82160973548889, 89.31943368911743, 82.68116855621338, 89.99220657348633, 83.31352996826172, 90.8385534286499, 83.96960759162903, 91.87941360473633, 84.63194513320923, 92.75064539909363, 85.44531488418579, 93.42044043540955, 86.33170509338379, 94.11831092834473, 87.29971146583557, 94.77756261825562, 88.21672034263611, 95.65983080863953, 88.84500789642334, 96.407785654068, 89.75004458427429, 97.31560325622559, 90.8681263923645, 98.17433309555054, 91.76581454277039, 99.15369272232056, 92.49986004829407, 99.90328001976013, 94.13357782363892, 100.84312319755554, 94.80906939506531, 101.5147054195404, 95.68718457221985, 102.45495080947876, 96.34522485733032, 103.1016218662262, 97.23532700538635, 103.98142313957214, 97.87915825843811, 104.61760544776917, 98.75952959060669, 105.25115418434143, 99.62834143638611, 106.07871317863464, 100.27806568145752, 106.73911452293396, 101.16852259635925, 107.39863014221191, 102.04813122749329, 108.40614461898804, 102.70524287223816]
Final objective value with penalty: 
0.1562666893127464
Final TV norm without penalty
6.611282254700074
