Final evolution
[[ 0.67813836+0.65558126j  0.04144887-0.05368264j  0.22834988+0.11010082j
  -0.08723554-0.18402673j]
 [ 0.08651457-0.0054831j   0.69604891+0.64786869j -0.15499196+0.0917257j
  -0.13526987+0.19373485j]
 [ 0.19720634+0.08205081j -0.2049928 +0.12853502j  0.00716052+0.0641433j
   0.67077408+0.66462811j]
 [-0.11043795-0.21214975j -0.10458813+0.1473101j   0.63161588+0.70724378j
  -0.10176459+0.02585686j]]

********* Summary *****************
Final fidelity error 0.05390894104930033
Final objective value 0.05391019205018767
Final norm value 1.2510008873256595e-06
Final error 1.235002576838315e-32
Terminate reason Exceed the maximum number of iteration of ADMM
Number of iterations 200
Completed in 0:13:57.786392 HH:MM:SS.US
Time for each iteration [69.40784215927124, 21.70408272743225, 86.2673397064209, 37.48327612876892, 100.43362379074097, 49.249900579452515, 108.80278301239014, 57.0203218460083, 116.90161466598511, 65.85154223442078, 124.53712153434753, 72.61619234085083, 128.6442666053772, 77.57191824913025, 137.61862778663635, 86.88673329353333, 147.07067131996155, 96.80720281600952, 156.60805368423462, 106.40825629234314, 166.12776041030884, 115.5944504737854, 172.6231291294098, 122.14265632629395, 179.05931901931763, 128.49642610549927, 185.56613898277283, 134.94060063362122, 192.0283544063568, 141.40137553215027, 198.40140581130981, 146.94900345802307, 203.86750435829163, 152.43219017982483, 214.03617978096008, 157.9509711265564, 219.49630212783813, 163.41479754447937, 225.01282572746277, 168.90142345428467, 230.52526259422302, 174.3843023777008, 235.9774341583252, 178.95804047584534, 239.56502604484558, 182.54113388061523, 243.04395389556885, 186.1344931125641, 246.65758728981018, 189.7240436077118, 250.16176462173462, 193.3306484222412, 253.7181203365326, 196.9717152118683, 257.27745604515076, 200.55661869049072, 260.85065054893494, 204.13059306144714, 264.46582651138306, 207.62884545326233, 267.1030662059784, 210.24275636672974, 269.77602529525757, 212.90196585655212, 272.35049271583557, 215.51491832733154, 274.97812056541443, 218.16957306861877, 277.58077692985535, 220.80897426605225, 280.15088629722595, 223.47183179855347, 282.76705145835876, 226.10495567321777, 285.4013760089874, 228.6392285823822, 288.0375270843506, 231.2702293395996, 290.66303157806396, 233.881817817688, 293.303022146225, 236.3884892463684, 295.8947169780731, 239.04242587089539, 298.51912927627563, 241.66804575920105, 301.1364583969116, 244.20120525360107, 303.747971534729, 246.83906888961792, 306.36288833618164, 249.5656599998474, 309.1692736148834, 252.2907555103302, 311.9737732410431, 254.92460012435913, 314.5967390537262, 257.54293417930603, 317.17995858192444, 260.14517641067505, 319.7846438884735, 262.7446117401123, 322.38279008865356, 265.35445380210876, 324.90343499183655, 267.96971678733826, 327.5259578227997, 270.5842652320862, 330.15746569633484, 273.1996569633484, 332.6649730205536, 275.8255670070648, 335.27034735679626, 278.4357764720917, 337.90701270103455, 280.9653973579407, 340.4935097694397, 283.55910325050354, 343.1242427825928, 286.18597078323364, 345.75397515296936, 288.7116026878357, 348.38604402542114, 291.3229341506958, 350.9830975532532, 293.93080592155457, 353.6184992790222, 296.42603516578674, 356.21066212654114, 299.03511142730713, 358.854651927948, 301.66947770118713, 361.45310258865356, 304.18505573272705, 364.0521273612976, 306.77972984313965, 366.6779365539551, 309.36185693740845, 369.32733249664307, 311.9119517803192, 371.9222331047058, 314.60344648361206, 374.5415925979614, 317.22059655189514, 377.06828141212463, 319.89542055130005, 379.68433380126953, 322.516685962677, 382.2756314277649, 325.12321853637695, 384.8365828990936, 327.73361253738403, 387.4513158798218, 330.395037651062, 390.06195187568665, 333.0084638595581, 392.5958752632141, 335.6267280578613, 395.2517957687378, 338.2614254951477, 397.8698389530182, 340.8341417312622, 400.42143154144287, 343.4380900859833, 403.0442895889282, 346.0607078075409, 405.69986605644226, 348.61906456947327, 408.3135232925415, 351.2586681842804, 410.92819118499756, 353.85559248924255, 413.52824234962463, 356.3819181919098, 416.1234772205353, 358.9982793331146, 418.742244720459, 361.6637053489685, 421.445515871048, 364.1881425380707, 424.04974007606506, 366.8070161342621, 426.68672943115234, 369.41272592544556, 429.28342366218567, 371.98113989830017, 431.89337158203125, 374.5979070663452, 434.511191368103, 377.2262394428253, 437.01945757865906, 379.87487149238586, 439.6331305503845, 382.4930307865143, 442.2622926235199, 385.1020390987396, 444.8227024078369, 387.7160003185272, 447.42927074432373, 390.3571217060089]
Final objective value with penalty: 
0.05390894253580663
Final TV norm without penalty
14.865062999969147
