Final evolution
[[-7.07107040e-01-7.07106519e-01j  1.00242464e-05-2.00517455e-05j
   3.82308644e-05+3.30329298e-05j  8.42393728e-07-4.78194340e-05j]
 [ 2.00505603e-05-1.00262703e-05j -7.07126746e-01-7.07086814e-01j
  -1.25472990e-05-2.83132605e-07j -1.70275809e-05+2.42054515e-05j]
 [ 4.78188671e-05-8.37657803e-07j -2.42044693e-05+1.70278265e-05j
  -2.38948572e-06+7.68331786e-05j -7.07084211e-01-7.07129344e-01j]
 [-3.30308690e-05-3.82335488e-05j  2.83787023e-07+1.25485687e-05j
  -7.07109118e-01-7.07104438e-01j -7.68326643e-05+2.38480945e-06j]]

********* Summary *****************
Final fidelity error 3.299625017660901e-09
Final objective value 3.3016936094312213e-09
Final norm value 2.0685675394815917e-12
Final error 0.0
Terminate reason Exceed the maximum number of iteration of ADMM
Number of iterations 200
Completed in 0:13:30.793663 HH:MM:SS.US
Time for each iteration [18.662352085113525, 15.413475513458252, 39.266727447509766, 37.435839891433716, 60.500245809555054, 67.43230676651001, 90.49889898300171, 94.7927839756012, 117.21922945976257, 125.13708424568176, 146.38577508926392, 156.32709121704102, 175.21015119552612, 183.27095293998718, 201.95883226394653, 200.61773037910461, 212.5387635231018, 212.11943340301514, 221.80916786193848, 220.0248339176178, 228.30644416809082, 225.92754793167114, 234.12856078147888, 227.7428572177887, 235.9798150062561, 229.5976459980011, 237.85587072372437, 231.43865442276, 239.69450044631958, 233.24450135231018, 241.5295979976654, 235.07911157608032, 243.34840869903564, 236.9136996269226, 245.27637577056885, 238.75212693214417, 247.097012758255, 240.58494472503662, 248.92173647880554, 242.42993426322937, 250.76864290237427, 244.25881123542786, 252.6304304599762, 246.07428979873657, 254.45179080963135, 247.90919303894043, 256.26382303237915, 249.73114037513733, 258.09896636009216, 251.57389307022095, 259.97928953170776, 253.44447588920593, 261.79835200309753, 255.25582337379456, 263.60940384864807, 257.081666469574, 265.4560604095459, 258.8994207382202, 267.33429861068726, 260.74523401260376, 269.2013261318207, 262.6160683631897, 271.0181975364685, 264.49666023254395, 272.8292045593262, 266.3223190307617, 274.73623728752136, 268.2105543613434, 276.5823857784271, 270.04830503463745, 278.4624502658844, 271.8743999004364, 280.3303828239441, 273.7137989997864, 282.19667053222656, 275.5319333076477, 284.03825283050537, 277.339396238327, 285.85950803756714, 279.1743505001068, 287.6930675506592, 281.01128458976746, 289.54547357559204, 282.88725757598877, 291.4545810222626, 284.7112600803375, 293.27760434150696, 286.590044260025, 295.1138162612915, 288.4463782310486, 296.95716857910156, 290.3334102630615, 298.778329372406, 292.1618001461029, 300.60058522224426, 293.9827079772949, 302.4072003364563, 295.8050241470337, 304.24534821510315, 297.7409908771515, 306.0951638221741, 299.57095193862915, 307.92007303237915, 301.3813817501068, 309.7482097148895, 303.1979625225067, 311.577623128891, 305.06879806518555, 313.42422914505005, 306.90833282470703, 315.23847365379333, 308.74107599258423, 317.05904507637024, 310.5618987083435, 318.89114475250244, 312.5557384490967, 320.80425357818604, 314.3985297679901, 322.6340000629425, 316.25623083114624, 324.46536564826965, 318.0944502353668, 326.3069107532501, 319.9815616607666, 328.1567533016205, 321.8497040271759, 329.9933216571808, 323.6852812767029, 331.80423617362976, 325.54448103904724, 333.65679454803467, 327.4363250732422, 335.54007840156555, 329.2745292186737, 337.3629927635193, 331.1224763393402, 339.1762204170227, 332.9474220275879, 341.00583267211914, 334.79482221603394, 342.87222170829773, 336.6112096309662, 344.6990473270416, 338.44080924987793, 346.5280635356903, 340.27308225631714, 348.3799111843109, 342.171315908432, 350.2787446975708, 344.02938652038574, 352.0830714702606, 345.8466362953186, 353.91216588020325, 347.67618346214294, 355.7698516845703, 349.538245677948, 357.643310546875, 351.3707549571991, 359.4757936000824, 353.196656703949, 361.29832577705383, 355.02696442604065, 363.1176931858063, 356.87506079673767, 365.0458891391754, 360.4271240234375, 368.4777126312256, 363.7801570892334, 371.610337972641, 367.20498728752136, 374.4746754169464, 369.9905388355255, 376.8683009147644, 372.42403054237366, 379.26698207855225, 374.78172540664673, 381.6356496810913, 377.1332154273987, 383.97394490242004, 379.4938762187958, 386.37060379981995, 381.87156867980957, 388.7183241844177, 384.2143032550812, 391.0879874229431, 386.5500566959381, 393.43171977996826, 388.9776134490967, 395.8067264556885, 391.32703924179077, 398.15344977378845, 393.67176842689514, 400.52342772483826, 396.0619361400604, 402.89269042015076, 398.39832639694214, 405.2859857082367, 400.7403688430786, 407.6517186164856, 403.14194440841675]
Final objective value with penalty: 
3.299625017660901e-09
Final TV norm without penalty
nan
