Final evolution
[[ 0.4564249 +0.64828976j  0.31171707+0.0559831j   0.3555696 +0.3194827j
   0.20333341+0.03537863j]
 [ 0.31877424-0.15914952j  0.35419279+0.58432542j -0.39895235-0.25388356j
   0.1128496 +0.41208107j]
 [ 0.12207107-0.31148615j -0.52945083+0.08649688j  0.18060784+0.42403482j
   0.44995007+0.43057562j]
 [-0.1569725 -0.32845971j  0.34535506+0.16043571j  0.50457796+0.28435468j
  -0.5528103 +0.28532154j]]

********* Summary *****************
Final fidelity error 0.34289114176776103
Final objective value 2.658574199073242
Final norm value 2.315683057305481
Final error 0.1572667109126308
Terminate reason Exceed the maximum number of iteration of ADMM
Number of iterations 200
Completed in 1:02:35.374808 HH:MM:SS.US
Time for each iteration [37.80020546913147, 14.459829807281494, 48.75108480453491, 26.343592882156372, 59.344327211380005, 35.21386742591858, 67.06765627861023, 41.057854890823364, 71.84605002403259, 45.98499274253845, 80.21363592147827, 51.65133023262024, 97.10924577713013, 85.16252517700195, 123.96012377738953, 99.88006925582886, 162.92546153068542, 111.12739133834839, 172.23515462875366, 118.0344591140747, 176.17698407173157, 121.99988436698914, 181.84395146369934, 125.84904146194458, 193.63769578933716, 149.92402935028076, 211.96457266807556, 165.44579887390137, 223.93922805786133, 189.92401719093323, 233.8086347579956, 198.0176122188568, 245.29161381721497, 209.8744399547577, 260.7212119102478, 224.51100397109985, 286.965030670166, 237.85573816299438, 297.9474277496338, 246.1287500858307, 335.598760843277, 262.8529658317566, 349.7932753562927, 309.80544543266296, 376.5667767524719, 325.61903953552246, 396.69295716285706, 332.8238809108734, 409.5460557937622, 375.08823251724243, 417.1484658718109, 395.6857600212097, 462.8280704021454, 408.83325958251953, 495.5270652770996, 429.4690828323364, 503.75882863998413, 445.06692481040955, 518.7400603294373, 463.35371565818787, 535.3274042606354, 482.0852692127228, 578.2284486293793, 499.97531843185425, 589.1967496871948, 508.27659845352173, 620.1049790382385, 553.6195566654205, 630.0317184925079, 572.3046541213989, 656.5603861808777, 592.3052890300751, 665.5237889289856, 627.1034114360809, 673.0507588386536, 646.8406834602356, 693.7783472537994, 661.0380265712738, 739.2666609287262, 670.4453492164612, 773.302962064743, 686.8291349411011, 786.893538236618, 696.0233490467072, 797.1168580055237, 718.4803042411804, 813.5734753608704, 732.3118510246277, 830.0824456214905, 773.8237564563751, 855.2603402137756, 781.970653295517, 878.8037662506104, 799.4332551956177, 897.3775370121002, 826.041101694107, 945.4307253360748, 835.385954618454, 963.1614854335785, 850.2579114437103, 979.6795115470886, 908.9601573944092, 986.017599105835, 912.787759065628, 991.3818893432617, 948.1780390739441, 999.2186155319214, 976.8999948501587, 1021.5811936855316, 995.1127965450287, 1043.8167383670807, 1002.2080011367798, 1079.0136394500732, 1011.8559789657593, 1120.9497511386871, 1028.5149204730988, 1140.5648398399353, 1043.0057721138, 1163.5487751960754, 1059.836520433426, 1175.223880290985, 1089.030333518982, 1202.1501021385193, 1104.0140171051025, 1217.2998397350311, 1118.0017912387848, 1269.3466935157776, 1135.5208530426025, 1286.1056189537048, 1172.6204409599304, 1317.504812002182, 1179.266365289688, 1325.5956630706787, 1187.0825562477112, 1368.751466035843, 1193.3729462623596, 1374.4254043102264, 1223.1198387145996, 1382.5984864234924, 1239.192251443863, 1403.8560371398926, 1257.7853677272797, 1416.8606355190277, 1275.4178156852722, 1439.1495275497437, 1290.5670886039734, 1458.0635442733765, 1305.5727393627167, 1504.1191556453705, 1326.0839836597443, 1511.8366067409515, 1352.7105486392975, 1530.2631833553314, 1360.4457795619965, 1534.283030986786, 1367.2234971523285, 1549.530305147171, 1402.5724248886108, 1556.3146357536316, 1413.1116833686829, 1567.2767553329468, 1427.468796491623, 1602.9657900333405, 1435.4220378398895, 1607.2315487861633, 1459.597707748413, 1624.3119597434998, 1468.9600899219513, 1654.7911076545715, 1499.9303579330444, 1662.5408236980438, 1516.1305611133575, 1669.609938621521, 1523.2848179340363, 1675.6716349124908, 1565.3118426799774, 1683.1194396018982, 1573.3850128650665, 1720.2757105827332, 1588.6473326683044, 1736.3267517089844, 1618.1753482818604, 1757.583577156067, 1635.058673620224, 1786.1350598335266, 1671.3756153583527, 1799.6210644245148, 1680.4737076759338, 1814.435522556305, 1701.5649981498718, 1836.8675997257233, 1719.4833364486694, 1854.8598341941833, 1754.0761864185333, 1919.9060518741608, 1764.9068727493286, 1958.0067656040192, 1780.6504797935486, 1968.8730998039246, 1786.501707792282]
Final objective value with penalty: 
0.9604344192478652
Final TV norm without penalty
6.175432774801042
