Final evolution
[[-0.71240772-0.70147954j  0.0017968 -0.00371907j  0.01377664+0.00950348j
   0.00227277-0.00996776j]
 [ 0.00324625-0.00191711j -0.7014864 -0.7120423j  -0.01602155+0.00557286j
  -0.00392748+0.02439696j]
 [ 0.01014258-0.00185108j -0.02419827+0.00298922j  0.01243336+0.02334376j
  -0.69407706-0.71892749j]
 [-0.00966367-0.01370385j -0.00596045+0.01629474j -0.71880162-0.69430314j
  -0.0228746 -0.01272414j]]

********* Summary *****************
Final fidelity error 0.0005884872792203399
Final objective value 0.0015151187531916065
Final norm value 0.0009266314739713177
Final error 1.215466404823393e-07
Terminate reason Exceed the maximum number of iteration of ADMM
Number of iterations 200
Completed in 0:17:17.741431 HH:MM:SS.US
Time for each iteration [9.296334743499756, 10.080343246459961, 20.49154782295227, 19.275565147399902, 30.081833362579346, 27.6079261302948, 37.56267285346985, 34.637813568115234, 46.33097863197327, 43.41744065284729, 53.00016760826111, 54.301653146743774, 58.79074740409851, 63.49104189872742, 67.95575451850891, 70.56837892532349, 78.52135825157166, 75.58037042617798, 87.75199723243713, 81.47536516189575, 96.89258933067322, 89.3763599395752, 105.63083243370056, 94.3804669380188, 113.11151647567749, 100.21969723701477, 119.73597002029419, 107.56231808662415, 125.49374270439148, 114.2881920337677, 132.93094301223755, 121.05118298530579, 138.57577180862427, 126.88451194763184, 143.92038416862488, 132.56537008285522, 149.20915746688843, 140.19311833381653, 154.4243392944336, 146.45980715751648, 160.58108377456665, 153.131520986557, 165.8265860080719, 158.97915816307068, 174.25635933876038, 164.21022129058838, 180.45764684677124, 171.7321105003357, 185.74281334877014, 176.9834520816803, 191.0942304134369, 182.29614353179932, 196.33406448364258, 189.31135368347168, 200.71336388587952, 194.60226321220398, 205.9839699268341, 201.67508506774902, 211.26019430160522, 207.41759943962097, 218.39849972724915, 212.64526772499084, 223.27072095870972, 219.82644987106323, 228.98686146736145, 225.08965682983398, 234.20640659332275, 230.38665986061096, 239.46481037139893, 235.63936591148376, 244.80203914642334, 241.10657739639282, 250.06288504600525, 246.40324068069458, 255.28848600387573, 251.65764832496643, 260.5585000514984, 255.0981674194336, 265.8343758583069, 258.64912366867065, 271.0414774417877, 262.126740694046, 276.87730622291565, 265.6887912750244, 281.76262378692627, 269.2083160877228, 286.3541827201843, 274.13566637039185, 289.8322331905365, 278.97431683540344, 293.3220429420471, 285.56354808807373, 296.841552734375, 289.9568417072296, 300.2682161331177, 296.54852390289307, 303.80813002586365, 300.94837474823, 307.30153131484985, 305.49865460395813, 310.8053274154663, 313.4515199661255, 314.2868175506592, 317.7673180103302, 317.74496722221375, 323.87863302230835, 321.2550051212311, 330.5403981208801, 324.70344400405884, 334.9664885997772, 328.1619002819061, 341.1421911716461, 331.7142639160156, 345.5009915828705, 335.19875264167786, 351.65451550483704, 338.69702792167664, 356.0148961544037, 342.15973949432373, 362.73342752456665, 345.6235599517822, 367.2045407295227, 349.06718277931213, 373.93247175216675, 352.52822637557983, 378.3369565010071, 356.0733790397644, 384.6479449272156, 359.61806440353394, 389.0587396621704, 363.076318025589, 394.8105421066284, 366.0831220149994, 399.30042147636414, 369.53447246551514, 405.62179923057556, 373.051988363266, 409.9754912853241, 376.559424161911, 415.77737188339233, 380.04674792289734, 420.1502478122711, 383.5822010040283, 426.0040638446808, 387.0410192012787, 430.3648507595062, 390.48160314559937, 436.5677444934845, 393.9441874027252, 441.0329747200012, 397.0136957168579, 445.0549488067627, 402.6958911418915, 448.1006419658661, 406.7443606853485, 451.41415309906006, 410.61438250541687, 454.43768548965454, 416.41228675842285, 457.5298824310303, 420.3423776626587, 460.67525601387024, 426.113041639328, 463.69119215011597, 430.0721209049225, 466.73232436180115, 435.99621534347534, 469.79263377189636, 439.88880729675293, 472.97341775894165, 445.666805267334, 475.99263644218445, 449.5662441253662, 479.0683648586273, 455.2487473487854, 482.1209738254547, 459.1800124645233, 485.21872115135193, 464.8929316997528, 488.2257914543152, 468.8405792713165, 491.2642204761505, 474.6788330078125, 494.29343008995056, 478.6559057235718, 497.31523275375366, 484.34367871284485, 500.3578522205353, 490.1176300048828, 503.3954105377197, 495.8977918624878, 506.48930644989014, 501.6141428947449, 509.5429046154022, 507.4114336967468, 512.6242105960846, 513.2080571651459, 515.6641397476196, 519.0390527248383, 518.7023785114288]
Final objective value with penalty: 
0.02337753640483063
Final TV norm without penalty
22.78904912561029
