Final evolution
[[ 0.30045073-0.74225134j -0.50014694-0.11339103j -0.17252599-0.17096305j
   0.0971875 +0.16537479j]
 [-0.36528533-0.09745923j -0.28737989-0.37948333j  0.67498411-0.21016774j
  -0.14381443-0.33168797j]
 [-0.21627739-0.38448595j  0.56963189-0.2440601j  -0.25830203-0.25483061j
  -0.53819508+0.00602458j]
 [-0.04110445+0.13987743j -0.06073031-0.35023809j -0.52803141-0.17537573j
   0.34028571-0.65346895j]]

********* Summary *****************
Final fidelity error 0.5834637295223372
Final objective value 0.5835000496344882
Final norm value 3.63201121510448e-05
Final error 0.0
Terminate reason Exceed the maximum number of iteration of ADMM
Number of iterations 200
Completed in 0:00:26.223234 HH:MM:SS.US
Time for each iteration [0.6243910789489746, 0.42176032066345215, 1.1086530685424805, 0.9060218334197998, 1.5304417610168457, 1.3407597541809082, 1.940777063369751, 1.7326383590698242, 2.159475326538086, 1.9513375759124756, 2.3781747817993164, 2.306952476501465, 2.7374658584594727, 2.6933836936950684, 2.9134557247161865, 2.8808419704437256, 3.100911855697632, 3.0682990550994873, 3.3030827045440674, 3.2432687282562256, 3.490539073944092, 3.4396445751190186, 3.6811413764953613, 3.611478805541992, 3.8685977458953857, 3.7989351749420166, 4.165403604507446, 4.090003728866577, 4.448704481124878, 4.386809349060059, 4.636160373687744, 4.5742669105529785, 4.823630332946777, 4.771562337875366, 5.011086940765381, 4.975691080093384, 5.136057138442993, 5.089433431625366, 5.26994252204895, 5.198782682418823, 5.382404327392578, 5.323753595352173, 5.507375717163086, 5.443039655685425, 5.618855953216553, 5.5680389404296875, 5.743800640106201, 5.693036317825317, 5.868744611740112, 5.818007469177246, 5.993715286254883, 5.942978382110596, 6.118685483932495, 6.067949533462524, 6.2369959354400635, 6.177298545837402, 6.365082025527954, 6.302269458770752, 6.474431276321411, 6.427240371704102, 6.583780765533447, 6.552211284637451, 6.708751201629639, 6.661561012268066, 6.833722352981567, 6.7642457485198975, 6.958693265914917, 6.892350673675537, 7.0836639404296875, 7.0017006397247314, 7.208634376525879, 7.126671314239502, 7.3336052894592285, 7.251642227172852, 7.4429545402526855, 7.376613140106201, 7.57166314125061, 7.492020130157471, 7.6987104415893555, 7.601369142532349, 7.786614418029785, 7.695096731185913, 7.86681866645813, 7.788825035095215, 7.960546493530273, 7.866931915283203, 8.054275035858154, 7.960659503936768, 8.148003578186035, 8.038766145706177, 8.241731405258179, 8.125730514526367, 8.335460186004639, 8.222564458847046, 8.41357421875, 8.316285133361816, 8.491681098937988, 8.410013198852539, 8.569787502288818, 8.50374150276184, 8.654028415679932, 8.60852575302124, 8.742694854736328, 8.702255249023438, 8.836395263671875, 8.795984029769897, 8.93895173072815, 8.874091386795044, 9.035795211791992, 8.967818260192871, 9.129541158676147, 9.061528444290161, 9.216614484786987, 9.13963532447815, 9.31034255027771, 9.220910787582397, 9.404054403305054, 9.299017429351807, 9.497782230377197, 9.392746925354004, 9.57588791847229, 9.48060154914856, 9.669616222381592, 9.576404571533203, 9.747725486755371, 9.670132637023926, 9.834774255752563, 9.752938985824585, 9.93266224861145, 9.846669435501099, 10.010779857635498, 9.940386295318604, 10.1045081615448, 10.034122467041016, 10.198229312896729, 10.127849340438843, 10.285422086715698, 10.221577405929565, 10.38229513168335, 10.299684286117554, 10.476023435592651, 10.393412113189697, 10.569751501083374, 10.487140417098999, 10.647858142852783, 10.580869197845459, 10.74158525466919, 10.67459750175476, 10.835313558578491, 10.768325805664062, 10.913419246673584, 10.862054824829102, 11.007147312164307, 10.955783367156982, 11.10087513923645, 11.049511432647705, 11.182702779769897, 11.147085905075073, 11.27013349533081, 11.240813493728638, 11.351326704025269, 11.33454179763794, 11.445054769515991, 11.4282968044281, 11.538755893707275, 11.522025108337402, 11.626727819442749, 11.615753650665283, 11.704834222793579, 11.711550951004028, 11.798562288284302, 11.80527925491333, 11.892290353775024, 11.899007320404053, 11.98604702949524, 11.992707014083862, 12.079775333404541, 12.086434602737427, 12.173503637313843, 12.195784330368042, 12.251610279083252, 12.29930305480957, 12.345336675643921, 12.3973388671875, 12.439094543457031, 12.491039514541626, 12.532822847366333, 12.58476710319519, 12.626551151275635, 12.67851996421814, 12.729253053665161, 12.772248268127441, 12.81048583984375, 12.865976572036743, 12.904213428497314, 12.959705829620361, 12.982319116592407, 13.0534348487854, 13.076069116592407, 13.147164821624756]
Final objective value with penalty: 
0.5854637295223372
Final TV norm without penalty
2.0000000000000018
