Final evolution
[[-0.07424336-0.64235168j  0.10062527+0.49653045j  0.25307102+0.24910647j
  -0.44030645-0.07235722j]
 [-0.21861629+0.28096783j -0.60989083-0.1953456j   0.55491365+0.02845507j
  -0.38388275-0.08385976j]
 [ 0.1474806 +0.37958426j  0.36423905-0.06516726j -0.29953817-0.06014037j
  -0.73235132-0.25994223j]
 [-0.01754837-0.53758121j -0.18789485-0.40122813j -0.18300691-0.66206545j
  -0.16831015-0.11941319j]]

********* Summary *****************
Final fidelity error 0.4054971844790358
Final objective value 0.8901583743938237
Final norm value 0.4846611899147879
Final error 2.0530022929176232e-05
Terminate reason Exceed the maximum number of iteration of ADMM
Number of iterations 200
Completed in 0:02:05.870470 HH:MM:SS.US
Time for each iteration [4.857388257980347, 2.799434185028076, 8.20937442779541, 6.372736930847168, 10.20642876625061, 9.696263313293457, 11.496770858764648, 10.778994798660278, 12.567849159240723, 11.868800401687622, 15.544726371765137, 13.441313028335571, 17.359824180603027, 15.366410970687866, 18.638235092163086, 18.012794256210327, 21.108951091766357, 19.19263005256653, 21.88453507423401, 19.974826335906982, 22.659476280212402, 20.59278655052185, 23.61377763748169, 21.184548139572144, 24.02705407142639, 21.780774116516113, 24.62898540496826, 23.27415418624878, 25.781339168548584, 24.04863142967224, 26.38894748687744, 24.453886032104492, 26.983194589614868, 25.05722451210022, 27.397082567214966, 25.661194562911987, 28.008970737457275, 26.11797285079956, 28.614351749420166, 26.717796802520752, 29.205828428268433, 27.30924081802368, 29.801149368286133, 27.89664649963379, 30.41023898124695, 28.4858717918396, 31.00448203086853, 29.07772421836853, 31.6136212348938, 29.68268918991089, 32.21955728530884, 30.266340732574463, 32.80865955352783, 30.867334604263306, 33.41373252868652, 31.470743894577026, 34.01739764213562, 32.05937647819519, 34.61038422584534, 32.662617206573486, 35.02128219604492, 33.2606999874115, 35.6373245716095, 33.68907356262207, 36.226813077926636, 34.11657691001892, 36.82027864456177, 34.70546555519104, 37.230820655822754, 35.11142683029175, 37.816256046295166, 35.561543703079224, 38.425689697265625, 35.97904300689697, 39.018494844436646, 36.592483043670654, 39.4340443611145, 37.019397258758545, 40.03963661193848, 37.427329301834106, 40.637922048568726, 37.85027241706848, 41.22734880447388, 38.44308114051819, 41.46634244918823, 38.679022550582886, 41.697771072387695, 39.26218509674072, 42.29038906097412, 39.494643688201904, 42.704259157180786, 40.094651222229004, 43.305612564086914, 40.34833097457886, 43.56998062133789, 41.122706174850464, 44.19239091873169, 41.36467671394348, 44.80279088020325, 41.9588189125061, 45.03846740722656, 42.550273418426514, 45.639403104782104, 42.79240083694458, 46.234110832214355, 43.387858629226685, 46.48207640647888, 43.83924198150635, 47.13259291648865, 44.49698185920715, 47.37632346153259, 44.73733711242676, 47.614686727523804, 45.15424823760986, 48.233442544937134, 45.77923130989075, 48.486154317855835, 46.034523725509644, 48.74355506896973, 46.27097487449646, 48.983888149261475, 46.50299882888794, 49.6112802028656, 47.12731671333313, 49.858506202697754, 47.36955142021179, 50.09434938430786, 47.617894887924194, 50.33769869804382, 47.85630536079407, 50.75757718086243, 48.49375557899475, 51.35002374649048, 48.7210111618042, 51.59167957305908, 49.150198221206665, 52.20017647743225, 49.406513929367065, 52.88416862487793, 49.649991273880005, 53.478439807891846, 49.89417099952698, 54.07295036315918, 50.1248836517334, 54.674864530563354, 50.75647306442261, 54.95017766952515, 51.02173590660095, 55.23226976394653, 51.29001975059509, 55.53279900550842, 52.03425168991089, 56.18858289718628, 52.271928787231445, 56.425708055496216, 52.50693488121033, 57.027007818222046, 53.131675243377686, 57.2761332988739, 53.376843214035034, 57.716479778289795, 54.0171537399292, 58.34255504608154, 54.26205897331238, 58.59394669532776, 54.50640559196472, 58.83183550834656, 55.14601230621338, 59.45613884925842, 55.38731241226196, 59.69306421279907, 55.61875891685486, 60.111915588378906, 56.221195697784424, 60.712228298187256, 56.45457124710083, 60.94862127304077, 56.688963651657104, 61.18365478515625, 56.923436403274536, 61.42179775238037, 57.343801498413086, 62.09599733352661, 57.968419790267944, 62.339823961257935, 58.20220422744751, 62.57289385795593, 58.443565130233765, 62.80726861953735, 58.68093013763428, 63.2329204082489, 59.28434944152832, 63.464388608932495, 59.88271951675415, 63.70805811882019, 60.475709676742554, 63.955418825149536, 61.08628749847412, 64.18976974487305, 61.680700063705444]
Final objective value with penalty: 
0.4749310957760877
