Final evolution
[[ 0.10358548-0.53359393j -0.01925415+0.49169493j  0.25680451+0.22260173j
  -0.58780517-0.03738896j]
 [-0.33969293+0.28194332j -0.56963345-0.29824969j  0.45461165-0.14867773j
  -0.40208478-0.03510758j]
 [ 0.07594365+0.32879335j  0.403526  -0.18404154j -0.42461166-0.14367039j
  -0.68262672-0.15002497j]
 [ 0.06378108-0.62587835j -0.2167831 -0.31738116j -0.27454114-0.61596591j
  -0.03043604-0.02773729j]]

********* Summary *****************
Final fidelity error 0.46505734030782375
Final objective value 2.2060857069260726
Final norm value 1.741028366618249
Final error 0.00884992290256121
Terminate reason Exceed the maximum number of iteration of ADMM
Number of iterations 200
Completed in 0:15:02.086016 HH:MM:SS.US
Time for each iteration [7.976409196853638, 6.5918614864349365, 12.669800996780396, 9.030500411987305, 15.803522825241089, 11.616286039352417, 18.93131399154663, 14.410534858703613, 22.06213140487671, 17.506398916244507, 24.52086901664734, 19.93089199066162, 27.10116171836853, 22.538966417312622, 29.353227615356445, 24.6158709526062, 32.98847818374634, 27.612897396087646, 35.313392162323, 29.927220582962036, 38.10121703147888, 31.56952691078186, 41.74519753456116, 35.21354794502258, 43.29602551460266, 49.47849798202515, 53.011191606521606, 52.73916411399841, 57.165505170822144, 63.61082482337952, 60.669493675231934, 69.67130708694458, 65.88689661026001, 74.19648933410645, 70.64859580993652, 78.5671215057373, 74.4735836982727, 82.35628151893616, 78.51965832710266, 85.12509417533875, 81.76410627365112, 88.04757046699524, 84.365403175354, 91.86330389976501, 86.56576371192932, 97.11772847175598, 88.79312181472778, 99.39120769500732, 92.06143760681152, 101.41608357429504, 93.90764808654785, 103.77892303466797, 107.63601303100586, 109.99405241012573, 113.813649892807, 115.40973424911499, 117.90205430984497, 118.84630823135376, 121.16789054870605, 121.946706533432, 124.30280327796936, 124.75147294998169, 127.02524733543396, 127.15130233764648, 129.94473838806152, 132.62185502052307, 132.49311637878418, 135.53266406059265, 135.40048599243164, 138.65538382530212, 141.91800212860107, 141.05302548408508, 145.56368708610535, 142.87522506713867, 152.4553825855255, 153.10925364494324, 162.42736196517944, 157.62950682640076, 165.94869327545166, 161.05246829986572, 175.32503461837769, 167.20828461647034, 179.11768341064453, 171.01742506027222, 183.64284372329712, 175.18507838249207, 187.85992217063904, 179.30977034568787, 191.22640824317932, 183.11724066734314, 193.45054531097412, 186.7955687046051, 196.08429861068726, 190.0480694770813, 198.11500310897827, 205.46314454078674, 204.21150732040405, 211.4416937828064, 208.9253375530243, 215.7884681224823, 212.93476939201355, 219.24731040000916, 215.85052943229675, 222.33204054832458, 218.76064443588257, 224.77946257591248, 222.37969708442688, 230.75253868103027, 224.97203731536865, 236.9758267402649, 232.8218114376068, 256.90127062797546, 262.9344654083252, 261.45172905921936, 278.9480323791504, 273.381388425827, 285.9617919921875, 279.7498025894165, 291.6013834476471, 284.4384095668793, 295.44303488731384, 288.4750461578369, 299.4381432533264, 292.2961859703064, 303.27449798583984, 296.46226167678833, 305.4487190246582, 300.115843296051, 308.24004912376404, 303.0361542701721, 312.39825320243835, 305.26604413986206, 314.7651379108429, 307.49216961860657, 318.7846510410309, 319.1740312576294, 325.08250284194946, 325.36360359191895, 330.2173979282379, 329.15589237213135, 334.7499921321869, 332.98055124282837, 337.796249628067, 336.08452582359314, 341.0461914539337, 338.63287830352783, 343.8233733177185, 341.7226688861847, 346.5662980079651, 345.60008549690247, 348.59790563583374, 347.6038763523102, 352.3470413684845, 351.0698347091675, 353.84821581840515, 354.91322779655457, 354.62216663360596, 362.4587371349335, 365.3439853191376, 368.395220041275, 376.08683252334595, 372.67947363853455, 388.98948097229004, 377.50587224960327, 393.7164537906647, 381.8958237171173, 398.2416455745697, 386.253621339798, 402.6181926727295, 390.6044874191284, 406.4372684955597, 393.87815117836, 409.8521387577057, 396.0733561515808, 414.35237526893616, 398.09421396255493, 418.56196641921997, 400.3513705730438, 421.9975881576538, 401.86137104034424, 426.70370221138, 404.0485773086548, 429.65738105773926, 406.78440594673157, 431.8920383453369, 409.5304522514343, 433.9492154121399, 422.9971945285797, 439.9722054004669, 428.8065981864929, 445.56788301467896, 433.046617269516, 449.19769287109375, 436.1576361656189, 452.2989995479584, 439.4102919101715, 454.891263961792, 441.9896128177643, 457.08557200431824, 445.0004439353943]
Final objective value with penalty: 
1.0667175531518351
