0.0017668396086284565
0.0006188343163358725
0.00022637890759761648
0.00015987328194775
0.00011473112704983002
7.999059790087284e-05
5.7740451144088964e-05
4.184097768677671e-05
2.9830342641770206e-05
2.1443809584442536e-05
1.578852018982684e-05
1.1786489685938644e-05
8.732085193829691e-06
6.557681123602199e-06
5.019713891783416e-06
3.796271517267182e-06
2.881485753786859e-06
2.1851907560291026e-06
1.6586353580367534e-06
1.289606538632831e-06
1.022185566585553e-06
8.159065137543077e-07
6.29410894761217e-07
5.133282545176246e-07
5.058365857897651e-07
4.997027018082417e-07
4.941900210974125e-07
4.890435981402984e-07
4.841370499873186e-07
4.794403541494233e-07
4.7400719590756715e-07
4.6984235440556053e-07
4.6527722518569756e-07
4.6106114298057064e-07
4.569447743435639e-07
4.5292553451696445e-07
4.481658117172998e-07
4.444703414110033e-07
4.405110377940408e-07
4.3676921814150096e-07
4.3311016579655064e-07
4.294914604743154e-07
4.2595054752655856e-07
4.2245435037931806e-07
4.190330986635929e-07
4.152739351728811e-07
4.121438101417984e-07
4.082610932482272e-07
4.050580565697766e-07
4.0189721654542323e-07
Final evolution
[[-7.07118489e-01-7.07095009e-01j  3.19928025e-05-9.71571952e-05j
   1.43702671e-04+1.61984326e-04j -1.36951337e-05-1.82716239e-04j]
 [ 9.71318242e-05-3.20223923e-05j -7.07171651e-01-7.07041881e-01j
  -6.34820073e-05+2.03519289e-05j -5.14930395e-05+1.30516487e-04j]
 [ 1.82723952e-04+1.37750676e-05j -1.30493343e-04+5.14921049e-05j
   1.83564715e-05+3.26894930e-04j -7.07002863e-01-7.07210571e-01j]
 [-1.61949499e-04-1.43735034e-04j -2.03586234e-05+6.35042885e-05j
  -7.07133954e-01-7.07079496e-01j -3.26888955e-04-1.84321408e-05j]]

********* Summary *****************
Final fidelity error 5.95314031404115e-08
Final objective value 6.107819068976868e-08
Final norm value 1.5467875869035197e-09
Final error 1.7901046222871863e-14
Terminate reason Exceed the maximum number of iteration of ADMM
Number of iterations 50
Completed in 0:08:28.434394 HH:MM:SS.US
Time for each iteration [18.995048999786377, 15.589070796966553, 39.19152617454529, 35.18680810928345, 60.59170985221863, 65.52702140808105, 91.57223463058472, 92.09903621673584, 119.52617239952087, 121.92531418800354, 150.92913556098938, 151.23159074783325, 182.377676486969, 177.7402844429016, 201.73534560203552, 196.03941464424133, 214.6149070262909, 206.8873164653778, 224.83465671539307, 215.58262133598328, 232.17953968048096, 220.84214234352112, 236.78600335121155, 222.7530484199524, 238.6678454875946, 224.67263507843018, 240.54520964622498, 226.53892254829407, 242.41852641105652, 228.39597272872925, 244.2967586517334, 230.3448624610901, 246.17368721961975, 232.1912853717804, 248.04872345924377, 234.0857388973236, 249.93358302116394, 235.9329833984375, 251.80320358276367, 237.8903205394745, 253.66965579986572, 239.75585079193115, 255.56198382377625, 241.6121644973755, 257.4242043495178, 243.46641421318054, 259.3224446773529, 245.38105821609497, 261.1892123222351, 247.24518132209778]
Final objective value with penalty: 
3.230573599470917e-05
Final TV norm without penalty
32.24620459156876
