Final evolution
[[-7.07109068e-01-7.07104490e-01j  1.09850152e-05-2.03687903e-05j
   4.04123521e-05+3.33369137e-05j -1.88120474e-06-5.05424034e-05j]
 [ 2.03676368e-05-1.09874266e-05j -7.07126856e-01-7.07086705e-01j
  -1.18750721e-05-1.51594443e-06j -1.90908019e-05+2.62164182e-05j]
 [ 5.05415268e-05+1.88626123e-06j -2.62156253e-05+1.90910327e-05j
  -3.18078532e-06+8.03910333e-05j -7.07082271e-01-7.07131283e-01j]
 [-3.33345695e-05-4.04150722e-05j  1.51668921e-06+1.18766088e-05j
  -7.07108919e-01-7.07104636e-01j -8.03906063e-05+3.17548916e-06j]]

********* Summary *****************
Final fidelity error 3.6298485328600805e-09
Final objective value 3.6322061239891235e-09
Final norm value 2.35755859279152e-12
Final error 7.704718947747142e-34
Terminate reason Exceed the maximum number of iteration of ADMM
Number of iterations 200
Completed in 0:09:15.320522 HH:MM:SS.US
Time for each iteration [9.587838411331177, 10.029870510101318, 24.82721781730652, 25.659565925598145, 38.362836599349976, 43.86414909362793, 56.144214391708374, 64.29935431480408, 75.13142323493958, 86.23247146606445, 96.25927019119263, 108.58459877967834, 118.94558715820312, 126.80836462974548, 131.8287374973297, 143.92897653579712, 141.73539972305298, 152.3382716178894, 148.490385055542, 158.98256516456604, 154.00401186943054, 163.00065565109253, 157.90299034118652, 166.04398488998413, 159.14188528060913, 167.26487565040588, 160.36614203453064, 168.5266718864441, 161.6348102092743, 169.7432246208191, 162.873517036438, 171.00904488563538, 164.1626033782959, 172.23928952217102, 165.38942956924438, 173.52031755447388, 166.66782116889954, 174.77550053596497, 167.94148993492126, 176.07448720932007, 169.20539927482605, 177.33106017112732, 170.42103672027588, 178.57219648361206, 171.69131445884705, 179.7685525417328, 172.92992973327637, 180.98229217529297, 174.17337346076965, 182.1904468536377, 175.40121459960938, 183.41758847236633, 176.7174916267395, 184.80010676383972, 178.62056875228882, 186.33294653892517, 180.14496445655823, 188.44607496261597, 182.56350111961365, 190.68509244918823, 184.8302505016327, 192.2881784439087, 186.1709954738617, 193.60534143447876, 187.453364610672, 194.91286849975586, 188.72543501853943, 196.31753253936768, 190.23486804962158, 197.62773084640503, 191.56411838531494, 198.8875937461853, 192.81124114990234, 200.11419463157654, 194.09898495674133, 201.40667819976807, 195.34227514266968, 202.6749451160431, 196.57971692085266, 203.9497356414795, 197.87527537345886, 205.1896448135376, 199.14264392852783, 206.42061161994934, 200.38748407363892, 207.63342022895813, 201.6334924697876, 208.88752245903015, 202.8724012374878, 210.134263753891, 204.097097158432, 211.37238335609436, 205.34184050559998, 212.6224603652954, 206.64173936843872, 213.89882278442383, 207.87398314476013, 215.1156041622162, 209.10588383674622, 216.36219143867493, 210.30268955230713, 217.58793258666992, 211.58231925964355, 218.86883282661438, 212.89686751365662, 220.16693902015686, 214.18977808952332, 221.39406037330627, 215.42228960990906, 222.6360354423523, 216.6532347202301, 223.9096920490265, 217.90062856674194, 225.12001037597656, 219.150315284729, 226.3594834804535, 220.38313579559326, 227.58915209770203, 221.6544587612152, 228.811829328537, 222.8617696762085, 230.04752230644226, 224.0914478302002, 231.2724289894104, 225.3520336151123, 232.4758279323578, 226.58176279067993, 233.84673476219177, 227.82444787025452, 235.0637562274933, 229.11115860939026, 236.3017008304596, 230.35575222969055, 237.55189847946167, 231.56575393676758, 238.79815983772278, 232.8067491054535, 240.0325412750244, 234.05316972732544, 241.24681401252747, 235.30388069152832, 242.4696969985962, 236.60212802886963, 243.73558378219604, 237.8809096813202, 245.02661752700806, 239.0936415195465, 246.2364866733551, 240.312424659729, 247.4574544429779, 241.64582133293152, 248.7895336151123, 242.89689588546753, 250.1791124343872, 244.22468662261963, 251.4009256362915, 245.48049688339233, 252.64607501029968, 246.72876858711243, 253.8657112121582, 247.9654676914215, 255.07851433753967, 249.20467138290405, 256.32593536376953, 250.43801951408386, 257.6153540611267, 251.7331395149231, 258.8784353733063, 252.97121810913086, 260.1445801258087, 254.26660299301147, 261.4445610046387, 255.55922436714172, 262.68225383758545, 257.02903056144714, 264.4345712661743, 259.2279498577118, 266.04364013671875, 260.5802698135376, 267.4771502017975, 261.8695180416107, 268.9987413883209, 263.22292947769165, 270.326904296875, 264.5900342464447, 271.70070815086365, 265.970374584198, 273.14462065696716, 267.38536167144775, 274.51314091682434, 268.7068884372711, 275.8485448360443, 270.1323070526123, 277.1870665550232, 271.43541145324707, 278.50733947753906, 272.7374413013458, 279.8521363735199, 274.1157715320587, 281.20475006103516]
Final objective value with penalty: 
6.844707202855583e-09
Final TV norm without penalty
32.148586699955025
