Final evolution
[[ 0.275274  -0.67713599j -0.50207001-0.13227289j -0.20600342-0.32237505j
   0.01665324+0.22248652j]
 [-0.50206965-0.13227342j -0.31686084-0.29693071j  0.60878767-0.1577189j
  -0.20600334-0.32237573j]
 [-0.20600299-0.3223756j   0.60878797-0.15771881j -0.31686095-0.29693008j
  -0.50207016-0.13227223j]
 [ 0.0166526 +0.22248666j -0.20600239-0.32237547j -0.50207032-0.13227357j
   0.27527402-0.6771357j ]]

********* Summary *****************
Final fidelity error 0.5947449446284921
Final objective value 0.5986026313738383
Final norm value 0.003857686745346145
Final error 9.262366701670908e-10
Terminate reason Exceed the maximum number of iteration of ADMM
Number of iterations 200
Completed in 0:00:09.383528 HH:MM:SS.US
Time for each iteration [0.33010435104370117, 0.29680728912353516, 0.5800442695617676, 0.49988460540771484, 0.6893942356109619, 0.5779919624328613, 0.8612287044525146, 0.6248569488525391, 0.9080915451049805, 0.6873674392700195, 0.9861738681793213, 0.7186098098754883, 1.0174174308776855, 0.7654726505279541, 1.0799033641815186, 0.8279573917388916, 1.126767635345459, 0.8592000007629395, 1.189253330230713, 0.9346086978912354, 1.2409710884094238, 0.9711575508117676, 1.2928853034973145, 1.018021583557129, 1.3397512435913086, 1.0648839473724365, 1.4312644004821777, 1.0987932682037354, 1.4661710262298584, 1.1327025890350342, 1.522021770477295, 1.2075026035308838, 1.5619151592254639, 1.2434070110321045, 1.5958242416381836, 1.2783136367797852, 1.6496806144714355, 1.3321685791015625, 1.6845881938934326, 1.3840298652648926, 1.7364497184753418, 1.4219286441802979, 1.7693617343902588, 1.4777793884277344, 1.8232178688049316, 1.5303823947906494, 1.8760766983032227, 1.5842382907867432, 1.9279382228851318, 1.6171503067016602, 1.979799747467041, 1.670008659362793, 2.0157041549682617, 1.7218689918518066, 2.0675666332244873, 1.7557783126831055, 2.1194279193878174, 1.8076398372650146, 2.153337240219116, 1.8405518531799316, 2.2061960697174072, 1.8924131393432617, 2.2391083240509033, 1.929314374923706, 2.273017644882202, 1.982173204421997, 2.3298654556274414, 2.0210700035095215, 2.3677637577056885, 2.0559768676757812, 2.401672840118408, 2.090883493423462, 2.43757700920105, 2.125790596008301, 2.4714858531951904, 2.1606974601745605, 2.5093846321105957, 2.196690082550049, 2.5462849140167236, 2.229602336883545, 2.582188844680786, 2.262514591217041, 2.616097927093506, 2.314375877380371, 2.6699540615081787, 2.34828519821167, 2.7038633823394775, 2.381197452545166, 2.755725860595703, 2.438044548034668, 2.788637638092041, 2.4739484786987305, 2.821549892425537, 2.5078577995300293, 2.854461908340454, 2.540769100189209, 2.8883719444274902, 2.573681354522705, 2.9212839603424072, 2.606593370437622, 2.954195976257324, 2.659451961517334, 3.0080525875091553, 2.6943583488464355, 3.042959213256836, 2.7282676696777344, 3.0788633823394775, 2.763174295425415, 3.1127729415893555, 2.800076484680176, 3.1506710052490234, 2.837975263595581, 3.186574697494507, 2.8731799125671387, 3.2224786281585693, 2.929029941558838, 3.2793266773223877, 2.9649341106414795, 3.315230131149292, 3.002833366394043, 3.3511340618133545, 3.03873872756958, 3.4079809188842773, 3.0955867767333984, 3.442887544631958, 3.131491184234619, 3.4787914752960205, 3.1663975715637207, 3.502896547317505, 3.2132620811462402, 3.5341436862945557, 3.2445003986358643, 3.581007480621338, 3.275743246078491, 3.6165828704833984, 3.3069851398468018, 3.6790685653686523, 3.3694703578948975, 3.7134416103363037, 3.400714874267578, 3.7759273052215576, 3.4475793838500977, 3.82279109954834, 3.4788224697113037, 3.8540334701538086, 3.5100653171539307, 3.8852756023406982, 3.5667052268981934, 3.947760581970215, 3.5979483127593994, 3.979003429412842, 3.629190683364868, 4.012318849563599, 3.6923036575317383, 4.068687438964844, 3.7240781784057617, 4.099929094314575, 3.755321741104126, 4.163465976715088, 3.8021881580352783, 4.194736957550049, 3.8334031105041504, 4.241600751876831, 3.8646457195281982, 4.272843360900879, 3.9115099906921387, 4.335329532623291, 3.9427521228790283, 4.366572141647339, 3.9739952087402344, 4.413437366485596, 4.005235195159912, 4.444706439971924, 4.036452293395996, 4.475975513458252, 4.083291530609131, 4.507216930389404, 4.1145339012146, 4.538459777832031, 4.1457765102386475, 4.585324048995972, 4.177020072937012, 4.625431299209595, 4.20826268196106, 4.65667462348938, 4.239504814147949, 4.687917232513428, 4.286369562149048, 4.722246170043945, 4.317615032196045, 4.753486156463623, 4.348857879638672, 4.78472900390625, 4.395722150802612, 4.815971374511719, 4.426965236663818, 4.8472137451171875, 4.458209276199341, 4.894077777862549, 4.489450693130493]
Final objective value with penalty: 
0.5947479880421515
Final TV norm without penalty
6.0868273186187594e-05
