Final evolution
[[-0.09444843-0.64420016j -0.01745072+0.3662892j   0.29976016+0.44167395j
  -0.37770333-0.11841243j]
 [-0.04227628+0.20325685j -0.65636176-0.42971061j  0.5138953 +0.02422802j
  -0.24692081-0.12566677j]
 [ 0.14880457+0.46035617j  0.28644696+0.06685064j -0.16745775+0.05615173j
  -0.79105535-0.14981603j]
 [-0.11108196-0.5353272j  -0.05296719-0.4009231j  -0.35740519-0.53986943j
  -0.32931575-0.09947057j]]

********* Summary *****************
Final fidelity error 0.35204644366345583
Final objective value 0.36257497565131647
Final norm value 0.010528531987860634
Final error 2.6705580146097645e-06
Terminate reason Exceed the maximum number of iteration of ADMM
Number of iterations 100
Completed in 0:01:23.694489 HH:MM:SS.US
Time for each iteration [7.181903600692749, 3.749569892883301, 11.306070804595947, 6.412517786026001, 13.646860361099243, 7.875592947006226, 14.930783987045288, 9.387527704238892, 16.02237558364868, 10.82677173614502, 16.757411003112793, 12.10579776763916, 17.494441032409668, 12.844861268997192, 18.590561866760254, 13.597898483276367, 19.6838800907135, 14.348628282546997, 20.430858612060547, 15.44472885131836, 21.170925617218018, 16.37243676185608, 21.912946462631226, 17.118461847305298, 22.47350311279297, 17.701270818710327, 23.22559928894043, 18.266825914382935, 23.974597930908203, 19.012008905410767, 24.717642068862915, 19.756454944610596, 25.297074556350708, 20.32902240753174, 25.881571769714355, 20.92146134376526, 26.436089754104614, 21.49295926094055, 27.000627517700195, 22.072492361068726, 27.59134030342102, 22.66691017150879, 28.200751066207886, 23.245369911193848, 28.77226686477661, 23.8068687915802, 29.338768482208252, 24.376455783843994, 30.06783652305603, 24.943943977355957, 30.647287845611572, 25.513460636138916, 31.217489004135132, 26.082037210464478, 31.783999919891357, 26.65698742866516, 32.358463764190674, 27.230454444885254, 32.93494963645935, 27.80692958831787, 33.508541107177734, 28.391385793685913, 34.09604501724243, 28.963732719421387, 34.643073320388794, 29.52323269844055, 35.21059250831604, 30.118778228759766, 35.78509473800659, 30.684313774108887, 36.3455970287323, 31.247135400772095, 36.92604207992554, 31.808141231536865, 37.49555563926697, 32.41252517700195, 38.06407165527344, 32.99297332763672, 38.61561560630798, 33.56973576545715, 39.17611646652222, 34.15215182304382, 39.75260639190674, 34.732640504837036, 40.32510328292847, 35.31016516685486, 40.902605295181274, 35.88375377655029, 41.48003029823303, 36.446274280548096, 42.03867745399475, 37.02376890182495, 42.61116909980774, 37.609232902526855, 43.194916009902954, 38.18768668174744, 43.778420209884644, 38.77118253707886, 44.35629940032959, 39.33818984031677]
Final objective value with penalty: 
0.38498891257879675
