Final evolution
[[-0.07563413-0.6445058j  -0.03215381+0.33511815j  0.31204026+0.4623956j
  -0.37624887-0.11318868j]
 [-0.03673186+0.18595899j -0.6549644 -0.47413385j  0.48725799+0.00118188j
  -0.22887825-0.14311447j]
 [ 0.13276091+0.47173152j  0.27895267+0.0608578j  -0.14615753+0.07434859j
  -0.79815999-0.11990221j]
 [-0.10950114-0.53927283j -0.02255177-0.38839906j -0.39183224-0.52055471j
  -0.33942768-0.07817315j]]

********* Summary *****************
Final fidelity error 0.34889086744236286
Final objective value 0.3488913995705719
Final norm value 5.321282090520185e-07
Final error 0.0
Terminate reason Exceed the maximum number of iteration of ADMM
Number of iterations 200
Completed in 0:02:03.381819 HH:MM:SS.US
Time for each iteration [4.627249002456665, 3.018904685974121, 6.586559295654297, 5.159903287887573, 8.382912158966064, 6.362285614013672, 9.580588817596436, 7.522107362747192, 10.692561388015747, 8.76516079902649, 11.691420316696167, 9.758858919143677, 12.697534322738647, 10.70587944984436, 13.666876554489136, 11.821378707885742, 14.606794118881226, 12.80552363395691, 15.696910619735718, 13.759794473648071, 16.721863508224487, 14.759559154510498, 17.70246958732605, 15.743704795837402, 18.70879888534546, 16.720032930374146, 19.69294810295105, 17.690035343170166, 20.661471843719482, 18.655083894729614, 21.61174702644348, 19.617709159851074, 22.552192449569702, 20.72682523727417, 23.535653829574585, 21.36404824256897, 24.15381932258606, 22.01101326942444, 24.825796365737915, 22.66777801513672, 25.478336095809937, 23.308252811431885, 26.128528356552124, 23.965015649795532, 26.79010844230652, 24.45242738723755, 27.25874900817871, 24.952311515808105, 27.74093532562256, 25.43657374382019, 28.22276258468628, 25.918358325958252, 28.68924307823181, 26.367074489593506, 29.161816358566284, 26.820093631744385, 29.611832857131958, 27.27311372756958, 30.06485152244568, 27.726133108139038, 30.53349208831787, 28.17653775215149, 30.990718126296997, 28.647462844848633, 31.455936431884766, 29.084861040115356, 31.9245765209198, 29.53788113594055, 32.390395164489746, 29.99090051651001, 32.85903525352478, 30.45954132080078, 33.312116861343384, 30.930843591690063, 33.763585805892944, 31.381460666656494, 34.23234820365906, 31.853270053863525, 34.71661067008972, 32.3466899394989, 35.18833374977112, 32.815330266952515, 35.656975507736206, 33.29346466064453, 36.11317682266235, 33.740561962127686, 36.56930661201477, 34.20920181274414, 37.04728817939758, 34.68101954460144, 37.515928983688354, 35.13130068778992, 38.01621341705322, 35.631184101104736, 38.497376918792725, 36.084203243255615, 38.9627320766449, 36.542221546173096, 39.43137216567993, 37.01086235046387, 39.900012731552124, 37.45958757400513, 40.36865210533142, 37.91740369796753, 40.82167148590088, 38.39617705345154, 41.28675842285156, 38.8561589717865, 41.74782752990723, 39.299968242645264, 42.24771070480347, 39.78423023223877, 42.7283399105072, 40.23724961280823, 43.19048595428467, 40.70260715484619, 43.64657974243164, 41.1727933883667, 44.11630082130432, 41.64421606063843, 44.584941387176514, 42.09723520278931, 45.067282915115356, 42.55025506019592, 45.52030158042908, 42.98765277862549, 45.98894238471985, 43.45276999473572, 46.439838886260986, 43.92097353935242, 46.90848207473755, 44.38961386680603, 47.37712264060974, 44.858254194259644, 47.84295296669006, 45.32689452171326, 48.311593532562256, 45.800477504730225, 48.76100397109985, 46.266517639160156, 49.21214938163757, 46.70523715019226, 49.66516852378845, 47.18950033187866, 50.14581537246704, 47.64251971244812, 50.62130570411682, 48.11530685424805, 51.0743248462677, 48.568326234817505, 51.539342164993286, 49.036967039108276, 51.99236273765564, 49.48724412918091, 52.44538235664368, 49.94026303291321, 52.9140260219574, 50.40589714050293, 53.37689018249512, 50.85632109642029, 53.84878182411194, 51.32471537590027, 54.30914759635925, 51.79335641860962, 54.75898218154907, 52.277618408203125, 55.243243932724, 52.740477085113525, 55.73255944252014, 53.2091178894043, 56.22363066673279, 53.68987441062927, 56.69239926338196, 54.18636631965637, 57.176661014556885, 54.67062854766846, 57.676543951034546, 55.15203332901001, 58.16952991485596, 55.63194918632507, 58.66077971458435, 56.10294842720032, 59.137874364852905, 56.56617784500122, 59.599883794784546, 57.03800106048584, 60.06852436065674, 57.53216314315796, 60.529189586639404, 58.00080394744873, 60.97952580451965, 58.45908045768738, 61.45707678794861, 58.92817401885986, 61.92571759223938, 59.39024305343628, 62.443238973617554, 59.93811798095703, 62.95300102233887, 60.42881751060486]
Final objective value with penalty: 
0.34889086818624915
Final TV norm without penalty
7.438862859032724
