0.0017668396086284565
0.0006142250800799073
0.0008131678162728973
0.0005141546226127312
0.0005530480676865048
0.0004435423241976539
0.00040313410635920896
0.00031309643269188933
0.00030683263026518465
0.00025946863542150686
0.0002473852340804044
0.00023273880579428107
0.00022028547243834753
0.00020786846136662654
0.00020415751650598385
0.00019854444659544592
0.00018626253138814188
0.00018451277578895666
0.00017164075213966783
0.00016546002799001748
0.0001625844396975101
0.00015398181092725447
0.00015718674206653723
0.00015165047545768207
0.00014921735642947203
0.00014875497283501805
0.00014734342389033145
0.00014751182688553337
0.000146716562696742
0.00014626389966837272
0.00014493817872957053
0.00014287647743185312
0.00014258608593026227
0.00014272418848615938
0.00014204053020331985
0.00013872603458513541
0.0001399344311859552
0.0001394501637698244
0.00013656416170866424
0.0001363060341174801
0.00013757325494894444
0.00013620048117829144
0.0001357748273381478
0.0001349359130802369
0.00013206470253096782
0.00013100997952298618
0.00012975246817536722
0.0001303836483294785
0.00012946939071891117
0.00012940761743043298
0.00012778311174227894
0.00012786970978888266
0.00012709175490368255
0.0001265598937374476
0.00012594253406532618
0.0001259426958476342
0.00012510519571214628
0.00012373176026388743
0.00012312528906985052
0.00012348236856128501
0.00012312936571851535
0.00012303374225965347
0.00012284762635830332
0.00012275622826633922
0.00012255069892894128
0.00012229796898708022
0.00012068677622911643
0.00012031185767912518
0.0001199691230330511
0.00011938903951075288
0.00011952263082186825
0.00011981594468842783
0.00011991011159777072
0.00011966845865991606
0.00011984033710295916
0.0001193347721817732
0.00011939612090737724
0.00011933343623433216
0.00011928456049189266
0.0001192472461808162
0.00011921761743294
0.00011902304078856747
0.00011896126572328738
0.00011946295003284466
0.00011948433919843298
0.00011899042897738652
0.00011861667088323811
0.00011842047641810601
0.00011829965804022642
0.0001185635494228209
0.00011880828151210926
0.00011833485459602712
0.00011756915289698274
0.00011754270080360602
0.00011824169524872547
0.00011838282226618597
0.0001178102077529666
0.00011758198657327996
0.00011823543969294917
0.00011825141647606002
0.00011774947236578323
0.00011759721499199
0.00011815389059913549
0.00011799466560182222
0.00011746174519478792
0.00011786713410565041
0.00011768334815680863
0.00011752159697837818
0.00011745572820504197
0.0001184760136157387
0.0001179351594792386
0.00011786950840003662
0.00011691719800560672
0.00011687380398855498
0.000116583439942309
0.0001165348216391679
0.00011642748468951197
0.00011601804650838979
0.00011626305036963807
0.00011582003662673491
0.00011559922731162795
0.00011599389787559813
0.00011531355647141242
0.00011503304214689693
0.00011481789637962672
0.00011455201051534723
0.00011448073539828674
0.00011439564064710254
0.00011431366144302608
0.00011424253854887216
0.0001141780446271255
0.00011411219164439142
0.00011403945600158583
0.00011395792628482801
0.00011386688966103165
0.00011376636772154607
0.0001136679103715206
0.00011357759656132871
0.0001134991888226282
0.00011343410551260111
0.00011338190852365582
0.00011334066756534667
0.00011330756720973836
0.00011327964775450235
0.000113248434892001
0.00011321659235781031
0.00011318654820484058
0.00011315793872219632
0.00011313222851999039
0.0001131087310260158
0.00011308784056180634
0.00011306886020315505
0.00011305117080860448
0.00011303290092261128
0.00011301283048161694
0.00011299046299557715
0.00011296560985706391
0.00011293861844671621
0.00011290990466404868
0.00011288007523422096
0.00011284985152894817
0.00011281990209223409
0.0001127908082263247
0.00011276291231743652
0.00011273624712043204
0.0001127491463396647
0.00011279971618159877
0.00011282510090134902
0.00011284446357888679
0.00011285739743910934
0.0001128654319773439
0.00011286901666629499
0.00011286864434145173
0.00011286485260484478
0.00011285824675462567
0.00011284942279425973
0.00011283889238869806
0.00011282703554478448
0.00011281409359443946
0.0001128001938532229
0.00011278539051278151
0.00011272037696420817
0.00011263796407010177
0.00011261773929996383
0.00011258800988889973
0.0001125627283420467
0.00011227455849570571
0.00011215654427487215
0.0001128336655075418
0.00011230795494903861
0.00011249612990184014
0.00011281453921663859
0.00011229618135837332
0.00011231141157616402
0.00011216977464214382
0.00011188215436960728
0.00011224014842967615
0.0001118288884946537
0.00011220840985782134
0.0001117367200000826
Final evolution
[[-0.75783184-0.64388186j -0.02251044+0.00186412j  0.0592347 +0.04251672j
  -0.03406477-0.06418742j]
 [-0.0136654 +0.01312191j -0.635128  -0.73481564j -0.10181473+0.07822663j
  -0.01832247+0.198691j  ]
 [ 0.0734289 +0.04652939j -0.18470658-0.04126421j  0.14840526+0.09221782j
  -0.59519298-0.75620171j]
 [-0.0401296 -0.03976115j -0.10746571+0.09370204j -0.76273594-0.60489964j
  -0.06693012-0.15598201j]]

********* Summary *****************
Final fidelity error 0.02937240948268882
Final objective value 0.1048411502334148
Final norm value 0.07546874075072596
Final error 7.431239045725023e-07
Terminate reason Exceed the maximum number of iteration of ADMM
Number of iterations 200
Completed in 0:17:26.651934 HH:MM:SS.US
Time for each iteration [21.920703411102295, 18.81580376625061, 41.37324571609497, 36.275657415390015, 51.48773717880249, 52.77974319458008, 61.93232178688049, 65.62104630470276, 73.17097520828247, 82.2783875465393, 82.32759428024292, 94.3028883934021, 94.42028856277466, 104.73570585250854, 100.68057155609131, 114.98139953613281, 110.38440251350403, 123.77942776679993, 120.62192177772522, 133.00143694877625, 128.23724365234375, 140.38373708724976, 139.51489996910095, 146.31328439712524, 144.74867868423462, 152.23742866516113, 152.74949669837952, 157.43937826156616, 158.02884006500244, 167.3613829612732, 163.2772011756897, 173.23007440567017, 171.9322726726532, 178.44782066345215, 177.88243436813354, 186.51553797721863, 183.08835220336914, 192.42952585220337, 189.72586131095886, 197.69518995285034, 195.6022548675537, 203.55610394477844, 201.49127340316772, 209.48452234268188, 207.39944911003113, 218.11083698272705, 212.69684028625488, 224.26062607765198, 217.29369473457336, 230.25120902061462, 222.32743859291077, 236.20374655723572, 226.97185516357422, 242.1743767261505, 231.79358100891113, 248.19952511787415, 236.44809818267822, 254.23169922828674, 241.28813219070435, 260.3413197994232, 246.13483786582947, 266.39768743515015, 250.72606587409973, 272.4701383113861, 255.3828501701355, 278.44757175445557, 259.3626821041107, 284.4885370731354, 263.3093988895416, 289.25159454345703, 270.06773495674133, 293.2064788341522, 274.0416045188904, 297.85310411453247, 277.98410415649414, 301.7495234012604, 282.0292854309082, 305.6588411331177, 285.987850189209, 309.59906911849976, 289.96268701553345, 313.5420174598694, 296.64021849632263, 317.521399974823, 300.6091773509979, 321.4846382141113, 304.5607931613922, 325.4760172367096, 311.20816826820374, 329.40346479415894, 315.2214298248291, 333.36144828796387, 319.1434655189514, 340.0994539260864, 323.10699701309204, 344.0741717815399, 327.1225531101227, 350.8224353790283, 331.19200110435486, 355.0153589248657, 335.2289237976074, 363.43289828300476, 338.64094495773315, 366.7999002933502, 342.646621465683, 370.7619812488556, 346.6588888168335, 374.9139235019684, 352.7681679725647, 378.216490983963, 356.94392704963684, 381.53694438934326, 360.93429732322693, 385.72089099884033, 367.05602765083313, 389.00707387924194, 370.3343539237976, 393.15481424331665, 374.3263418674469, 397.11244797706604, 381.11692333221436, 400.4057397842407, 384.42981600761414, 403.6805100440979, 387.721173286438, 406.9766104221344, 390.9757344722748, 410.25926303863525, 394.2799274921417, 413.57080602645874, 397.5617823600769, 416.8193688392639, 400.83526611328125, 420.07034707069397, 404.1695921421051, 423.3271687030792, 407.4647717475891, 426.5840549468994, 410.7798550128937, 429.88819313049316, 414.0602238178253, 433.192307472229, 417.36192655563354, 436.5136330127716, 420.6526474952698, 439.78361535072327, 423.90378522872925, 443.0759959220886, 427.192773103714, 446.36694145202637, 430.42419505119324, 449.66492438316345, 433.73209023475647, 452.93848276138306, 437.0067639350891, 456.18834590911865, 440.2702639102936, 459.4739501476288, 443.53838872909546, 462.77921438217163, 446.8479747772217, 466.12049531936646, 450.1195161342621, 469.3969166278839, 453.42985796928406, 472.6551043987274, 456.7057282924652, 475.95068359375, 459.97821068763733, 479.20567512512207, 463.27864170074463, 482.46333360671997, 466.55135011672974, 485.7342264652252, 469.8736243247986, 489.0483100414276, 473.08973479270935, 492.31434631347656, 476.36389565467834, 495.66272735595703, 479.6396915912628, 499.15736985206604, 483.0669686794281, 502.4989914894104, 486.42754006385803, 505.800475358963, 489.72281527519226, 510.46356773376465, 493.05589413642883, 514.4651870727539, 499.1387917995453, 517.8068435192108, 503.08880066871643, 521.744567155838, 506.3865702152252, 525.7726502418518, 509.64706921577454, 529.7665266990662, 512.9236731529236, 533.7282609939575]
Final objective value with penalty: 
0.1934038928019828
Final TV norm without penalty
16.403148331929398
