Final evolution
[[ 0.28018258-0.68606208j -0.50086897-0.13075829j -0.20510018-0.30582023j
   0.02506157+0.21593728j]
 [-0.48657658-0.13123638j -0.3137881 -0.30698049j  0.61621881-0.16529019j
  -0.20213713-0.32467578j]
 [-0.20731067-0.32818206j  0.60827373-0.16806961j -0.31234242-0.29155337j
  -0.50514295-0.11551599j]
 [ 0.00956079+0.21462573j -0.1896646 -0.3242153j  -0.50548895-0.13885676j
   0.28351239-0.67644409j]]

********* Summary *****************
Final fidelity error 0.5933001125837467
Final objective value 0.5939304094780771
Final norm value 0.0006302968943303622
Final error 1.4485833910273527e-07
Terminate reason Exceed the maximum number of iteration of ADMM
Number of iterations 100
Completed in 0:00:14.844496 HH:MM:SS.US
Time for each iteration [0.7248165607452393, 0.4923720359802246, 1.0090670585632324, 0.644310712814331, 1.330775499343872, 0.7975630760192871, 1.4815688133239746, 1.1566510200500488, 1.632551908493042, 1.4461538791656494, 1.7851812839508057, 1.7403674125671387, 1.9729864597320557, 2.044275999069214, 2.120591640472412, 2.2357728481292725, 2.272186279296875, 2.3873894214630127, 2.3868963718414307, 2.5399818420410156, 2.502265214920044, 2.6881487369537354, 2.6249375343322754, 2.844973564147949, 2.7434680461883545, 2.9666481018066406, 2.8667855262756348, 3.0853054523468018, 2.9864659309387207, 3.2029917240142822, 3.106145143508911, 3.3216745853424072, 3.223830461502075, 3.441354990005493, 3.3402087688446045, 3.5552663803100586, 3.4568967819213867, 3.6716034412384033, 3.574378252029419, 3.789072036743164, 3.6870710849761963, 3.9047629833221436, 3.801764488220215, 4.019456386566162, 3.9154610633850098, 4.137141942977905, 4.034416437149048, 4.250874757766724, 4.157057285308838, 4.3673012256622314, 4.275793790817261, 4.485959529876709, 4.396474123001099, 4.60164999961853, 4.513162612915039, 4.71435809135437, 4.626857757568359, 4.829051733016968, 4.739898920059204, 4.944743633270264, 4.892746210098267, 5.060434103012085, 5.141027927398682, 5.248090744018555, 5.257240056991577, 5.371499300003052, 5.371933460235596, 5.487189769744873, 5.660409688949585, 5.6727375984191895, 5.779049634933472, 5.789547681808472, 5.8977320194244385, 5.834244012832642, 6.011618375778198, 5.945945501327515, 6.162514686584473, 6.063631534576416, 6.282628536224365, 6.1868486404418945, 6.39995551109314, 6.304734468460083, 6.522627115249634, 6.423417568206787, 6.641310453414917, 6.542117118835449, 6.763983488082886, 6.6578075885772705, 6.88166880607605, 6.7735276222229, 6.998362302780151, 6.890784502029419, 7.117045164108276, 7.010173797607422, 7.236087083816528, 7.133843421936035, 7.35856556892395, 7.254580497741699, 7.47522234916687, 7.369274139404297]
Final objective value with penalty: 
0.5945482883310538
