Final evolution
[[ 0.62611648+0.66953962j  0.2169827 -0.04074405j  0.1028132 -0.03250167j
  -0.04850914-0.31140525j]
 [ 0.17487023-0.07780046j  0.61929808+0.52734232j -0.31305237+0.01003891j
   0.17789805+0.41472542j]
 [ 0.28889969+0.04028027j -0.33090823-0.01918846j  0.45147841+0.08378673j
   0.59784442+0.48659541j]
 [ 0.02420843-0.1933669j   0.06443911+0.41906747j  0.46147139+0.68298002j
  -0.17510094-0.26865472j]]

********* Summary *****************
Final fidelity error 0.17417077402582337
Final objective value 0.7981484150263639
Final norm value 0.6239776410005405
Final error 3.2537511331959355e-07
Terminate reason Exceed the maximum number of iteration of ADMM
Number of iterations 200
Completed in 0:09:56.196303 HH:MM:SS.US
Time for each iteration [24.223766326904297, 10.580277919769287, 33.20452690124512, 19.094497442245483, 42.26393151283264, 27.00433850288391, 49.1573588848114, 37.67985129356384, 63.71818447113037, 56.128570795059204, 76.45490860939026, 66.67057776451111, 87.73660588264465, 74.91623401641846, 91.91211891174316, 81.11125874519348, 95.19436740875244, 84.0383677482605, 102.48845481872559, 91.0188136100769, 107.65013813972473, 93.60392761230469, 110.2763319015503, 96.57975578308105, 114.86264967918396, 99.16672396659851, 117.73224377632141, 100.69431185722351, 120.95749831199646, 102.2692699432373, 122.47363305091858, 105.12588214874268, 124.04770183563232, 106.69976568222046, 125.6216447353363, 109.90017318725586, 126.87967038154602, 112.86769962310791, 128.1108615398407, 115.49327492713928, 131.07552552223206, 117.13011956214905, 133.3299126625061, 118.36178255081177, 134.88868308067322, 121.22907972335815, 136.08126425743103, 123.41368794441223, 137.3341908454895, 126.31006622314453, 138.55075788497925, 128.83481335639954, 141.4503026008606, 131.0486602783203, 142.6986312866211, 133.31980180740356, 143.902272939682, 135.57203102111816, 145.13136553764343, 137.8489532470703, 146.3966953754425, 141.06298446655273, 148.0218346118927, 143.00836396217346, 150.27870965003967, 144.2580726146698, 153.60160207748413, 145.87838792800903, 156.45760893821716, 147.45218992233276, 158.0491008758545, 149.06200766563416, 159.64487195014954, 150.62796139717102, 161.27694535255432, 152.203204870224, 162.8881492614746, 153.8541078567505, 164.57923197746277, 155.52201056480408, 166.2940456867218, 157.23381900787354, 167.94739985466003, 158.9340944290161, 169.61968636512756, 160.5707814693451, 171.28851294517517, 162.23106455802917, 172.59711027145386, 163.55887961387634, 174.2594096660614, 164.8429548740387, 175.86075401306152, 166.0734932422638, 177.4498851299286, 167.33141803741455, 179.05888438224792, 168.9351041316986, 180.64583802223206, 170.52745652198792, 182.212886095047, 172.12297177314758, 183.93836379051208, 173.72470259666443, 185.53255438804626, 175.3613166809082, 187.09868454933167, 180.35391759872437, 188.70343255996704, 183.67520308494568, 191.97412610054016, 184.93572640419006, 194.95932173728943, 186.54472708702087, 196.53983855247498, 188.119145154953, 198.1280641555786, 191.39755201339722, 201.43342113494873, 192.67325925827026, 204.66559267044067, 193.93520522117615, 207.89463472366333, 196.83428263664246, 209.15633916854858, 198.4208800792694, 210.76094460487366, 200.05748581886292, 212.35583591461182, 201.65875816345215, 213.9179699420929, 203.24981832504272, 215.49227142333984, 204.8558373451233, 217.12100887298584, 206.48262119293213, 218.72806882858276, 208.08012700080872, 220.31364703178406, 209.66213011741638, 221.97163152694702, 211.235280752182, 223.53040266036987, 212.8286588191986, 225.1166980266571, 214.42011308670044, 226.68128538131714, 216.00991201400757, 228.2716224193573, 217.58439803123474, 229.8676929473877, 221.55391573905945, 232.7911114692688, 223.1137900352478, 235.6933515071869, 225.3658962249756, 237.1684913635254, 227.11147928237915, 238.77277374267578, 228.7140052318573, 243.7343487739563, 232.3625090122223, 245.29255628585815, 241.25227689743042, 256.6669747829437, 253.87681794166565, 266.0858242511749, 263.0458753108978, 274.8077566623688, 268.9864685535431, 279.15900135040283, 271.9683265686035, 280.7497100830078, 273.5617046356201, 282.3777174949646, 275.1763024330139, 283.9743549823761, 276.803759098053, 285.58594608306885, 278.4284117221832, 287.1483120918274, 280.02175760269165, 288.7535650730133, 281.651615858078, 290.3668601512909, 283.2786674499512, 291.9878706932068, 284.8814101219177, 293.648964881897, 286.4859344959259, 295.2542390823364, 288.1071081161499, 296.81830859184265, 289.72815322875977, 298.42023849487305, 291.3494131565094, 300.04147958755493, 292.95481538772583, 301.6324484348297, 294.5638544559479]
Final objective value with penalty: 
0.2882261642539941
Final TV norm without penalty
2.2811078045634146
