Final evolution
[[ 0.6769759 +0.65522118j  0.0443687 -0.05898187j  0.22486843+0.11115574j
  -0.09126951-0.1889176j ]
 [ 0.09003913-0.00813098j  0.69603106+0.64847587j -0.15399011+0.09130025j
  -0.13511525+0.19115919j]
 [ 0.20160338+0.08679896j -0.20193478+0.12724568j  0.01094243+0.06545757j
   0.67060038+0.66388523j]
 [-0.11183733-0.20863869j -0.1041673 +0.14748704j  0.63261529+0.70740609j
  -0.10098977+0.02312246j]]

********* Summary *****************
Final fidelity error 0.054030579784501875
Final objective value 0.054163984324101036
Final norm value 0.0001334045395992023
Final error 3.808064177292198e-06
Terminate reason Exceed the maximum number of iteration of ADMM
Number of iterations 200
Completed in 0:08:01.988054 HH:MM:SS.US
Time for each iteration [26.312000036239624, 8.988337516784668, 33.0537223815918, 16.099899291992188, 38.38993215560913, 20.039809465408325, 42.30114245414734, 23.69377636909485, 46.011980056762695, 27.43538522720337, 50.03504157066345, 29.730897665023804, 53.83525109291077, 31.788097858428955, 56.20232915878296, 34.09051203727722, 59.452330589294434, 37.30772137641907, 62.0554404258728, 39.68963885307312, 64.42260766029358, 43.006397008895874, 66.7610182762146, 47.17370080947876, 69.32998442649841, 49.60163927078247, 71.66197896003723, 53.57011938095093, 74.00486063957214, 56.15286064147949, 76.13078022003174, 58.33033514022827, 78.0875654220581, 60.465859174728394, 80.3283441066742, 62.516340494155884, 82.30654287338257, 64.47670388221741, 84.23735404014587, 66.45817685127258, 86.46755361557007, 68.54382586479187, 88.66339230537415, 70.7313175201416, 90.63276982307434, 72.6979501247406, 92.52825474739075, 74.66517186164856, 94.63055849075317, 76.27660799026489, 96.40902185440063, 77.91791009902954, 97.99536776542664, 79.5815076828003, 99.56273055076599, 81.33350539207458, 101.15282082557678, 82.9217483997345, 102.73227286338806, 84.6923885345459, 104.31896328926086, 86.00442862510681, 105.67326188087463, 87.65763759613037, 107.03348064422607, 89.28327941894531, 108.28983902931213, 90.2383496761322, 109.2233293056488, 91.49094915390015, 110.47303771972656, 92.7225341796875, 111.7255482673645, 94.00212717056274, 112.69823813438416, 95.27389359474182, 113.9731879234314, 96.54817032814026, 115.57635927200317, 97.84315991401672, 116.85986709594727, 99.35765528678894, 120.0827305316925, 101.2047848701477, 121.89770221710205, 102.7480821609497, 123.60604953765869, 104.27615523338318, 125.12834358215332, 105.9080274105072, 126.8344943523407, 109.1685528755188, 130.0565745830536, 111.9042022228241, 131.56307792663574, 115.27575421333313, 133.41163516044617, 117.37326097488403, 136.59755301475525, 120.85077381134033, 139.96448469161987, 124.48361825942993, 143.10874605178833, 127.84351468086243, 145.1229863166809, 130.94555974006653, 148.2415120601654, 133.80330109596252, 151.75005841255188, 137.00308179855347, 154.04778623580933, 139.17682719230652, 157.40727353096008, 142.56398105621338, 160.86806082725525, 146.28327798843384, 164.68114113807678, 149.52701711654663, 168.2888560295105, 151.42400932312012, 171.14929103851318, 154.62004041671753, 173.99429202079773, 157.44257068634033, 176.20252346992493, 160.21055340766907, 179.6984405517578, 163.0832326412201, 182.09886169433594, 164.56721425056458, 183.51582646369934, 166.66597270965576, 186.9622504711151, 170.179931640625, 190.46184730529785, 172.9527518749237, 191.9024965763092, 174.42559719085693, 193.40682435035706, 175.90607357025146, 194.8751301765442, 177.35545802116394, 196.34382486343384, 178.82620406150818, 197.8098590373993, 180.3174090385437, 199.31098985671997, 181.40769791603088, 200.79805946350098, 182.910315990448, 202.28489112854004, 184.39739799499512, 203.79842829704285, 187.84407830238342, 205.65259218215942, 190.12356686592102, 207.90355706214905, 193.50354266166687, 211.23890161514282, 196.93280911445618, 214.43305587768555, 200.05751371383667, 216.26314568519592, 203.4001190662384, 219.66827487945557, 206.9112663269043, 222.98025560379028, 209.6197865009308, 224.9344835281372, 213.1768307685852, 227.2423758506775, 214.6491162776947, 228.67404007911682, 216.14524102210999, 229.80975079536438, 217.62323784828186, 231.3157422542572, 219.1310842037201, 232.82577419281006, 220.65062999725342, 233.93479347229004, 222.17745327949524, 235.4469633102417, 223.69255018234253, 236.55870580673218, 225.14862298965454, 238.04791259765625, 226.9137818813324, 239.55422449111938, 228.09447836875916, 241.04173302650452, 229.67901873588562, 242.58462619781494, 230.79963779449463, 244.08405423164368, 232.31170129776, 245.55881333351135, 233.8179714679718, 246.67415761947632, 235.31389665603638]
Final objective value with penalty: 
0.060905422649299504
Final TV norm without penalty
13.749685729595257
