Final evolution
[[-0.0709248 -0.63924666j  0.10005351+0.50145242j  0.25448625+0.24120144j
  -0.44319575-0.0741909j ]
 [-0.22848449+0.2805784j  -0.60561793-0.19939365j  0.55788494+0.0322598j
  -0.37870559-0.08273738j]
 [ 0.14753595+0.37768938j  0.35455727-0.07315125j -0.30505368-0.06026658j
  -0.73601932-0.25711411j]
 [-0.01542999-0.53921217j -0.1954606 -0.40340681j -0.18206409-0.65950373j
  -0.16488779-0.11309181j]]

********* Summary *****************
Final fidelity error 0.4071381011648082
Final objective value 0.5338948955107108
Final norm value 0.1267567943459026
Final error 1.2443081982554094e-06
Terminate reason Exceed the maximum number of iteration of ADMM
Number of iterations 100
Completed in 0:01:42.722108 HH:MM:SS.US
Time for each iteration [7.618541955947876, 6.804991960525513, 12.35573124885559, 10.118943929672241, 17.53911781311035, 14.649733543395996, 19.684488534927368, 16.139795303344727, 22.174956560134888, 18.9303617477417, 23.778804063796997, 20.191590547561646, 24.708460807800293, 21.80807399749756, 25.618020057678223, 23.424100160598755, 26.357074737548828, 24.671916007995605, 27.0941264629364, 25.59052085876465, 28.015178680419922, 26.497180461883545, 28.945685386657715, 27.411768198013306, 29.89256501197815, 28.327327728271484, 30.640657424926758, 29.24100947380066, 31.389678716659546, 29.980087995529175, 32.137736320495605, 30.720151662826538, 32.87583374977112, 31.2756667137146, 33.60891103744507, 31.845665216445923, 34.347973346710205, 32.416141986846924, 34.91348910331726, 32.98658847808838, 35.493491411209106, 33.550081968307495, 36.239497423172, 34.1145396232605, 36.80398750305176, 34.69001388549805, 37.541576862335205, 35.24558115005493, 38.10008382797241, 35.81207275390625, 38.66861367225647, 36.38060402870178, 39.23823571205139, 36.95314168930054, 39.81271290779114, 37.52571177482605, 40.38723015785217, 38.09728407859802, 40.956801414489746, 38.67828297615051, 41.52119040489197, 39.25374937057495, 42.09369945526123, 39.83132719993591, 42.673163652420044, 40.39295744895935, 43.25561165809631, 40.97358250617981, 43.82912254333496, 41.542166233062744, 44.39965629577637, 42.10322618484497, 44.96421957015991, 42.670743227005005, 45.535752058029175, 43.23822617530823, 46.279099464416504, 43.79576539993286, 46.845146894454956, 44.37022161483765, 47.423600912094116, 44.928733825683594, 47.99119544029236, 45.50616455078125, 48.556708097457886, 46.097583532333374, 49.132222175598145, 46.66805696487427, 49.71067571640015, 47.237510442733765, 50.295166015625, 47.8090398311615, 50.87760066986084, 48.381190061569214, 51.45007038116455, 48.94368839263916, 52.023537158966064, 49.53665113449097, 52.6099271774292, 50.11218047142029]
Final objective value with penalty: 
0.474149729350447
