Final evolution
[[-7.07116257e-01-7.07097299e-01j  1.21636133e-05-2.31847141e-05j
   5.07832387e-05+4.66400844e-05j -4.12347582e-06-5.49185567e-05j]
 [ 2.31817288e-05-1.21667162e-05j -7.07119499e-01-7.07094060e-01j
  -2.21244027e-05+5.77382969e-06j -1.74439941e-05+4.98563333e-05j]
 [ 5.49187241e-05+4.13122896e-06j -4.98546895e-05+1.74423678e-05j
   9.72750081e-06+1.02000929e-04j -7.07070514e-01-7.07143035e-01j]
 [-4.66376750e-05-5.07852598e-05j -5.77488650e-06+2.21276909e-05j
  -7.07120837e-01-7.07092714e-01j -1.01999562e-04-9.73473066e-06j]]

********* Summary *****************
Final fidelity error 6.0121084777264855e-09
Final objective value 7.470301356633027e-09
Final norm value 1.4581928997614568e-09
Final error 1.7132428717991414e-10
Terminate reason Exceed the maximum number of iteration of ADMM
Number of iterations 200
Completed in 0:08:48.450689 HH:MM:SS.US
Time for each iteration [9.400200605392456, 9.197962522506714, 22.65263605117798, 22.772010564804077, 35.71914529800415, 39.88378667831421, 53.517714738845825, 58.49395561218262, 70.64933729171753, 76.88202476501465, 88.95459318161011, 95.04688906669617, 107.22795939445496, 113.11583280563354, 125.35440325737, 129.85659384727478, 135.56594824790955, 137.85692167282104, 142.92801308631897, 144.62341356277466, 149.27604055404663, 149.68489336967468, 153.09052848815918, 152.68833756446838, 154.33248782157898, 153.96796345710754, 155.58990168571472, 155.20423412322998, 156.80884099006653, 156.41054677963257, 158.03066515922546, 157.65975737571716, 159.25174403190613, 158.9136335849762, 160.48229551315308, 160.13773679733276, 161.67876625061035, 161.43434739112854, 162.87149786949158, 162.69512295722961, 164.1057608127594, 163.92383933067322, 165.31502604484558, 165.24714422225952, 166.6104016304016, 166.4927339553833, 167.89873480796814, 167.88561868667603, 169.3333282470703, 169.19196152687073, 170.58736562728882, 170.4446632862091, 171.8362958431244, 171.7217059135437, 173.1193528175354, 172.99203181266785, 174.35441398620605, 174.21136260032654, 175.64136147499084, 175.45581936836243, 176.87643384933472, 176.74652433395386, 178.09179973602295, 178.00237703323364, 179.31319499015808, 179.20285630226135, 180.5577735900879, 180.48566389083862, 181.89557313919067, 181.75025629997253, 183.15693068504333, 182.99091458320618, 184.41125917434692, 184.2548213005066, 185.63281440734863, 185.5802731513977, 186.92039966583252, 187.0662648677826, 188.24019598960876, 188.31955122947693, 189.51878118515015, 189.50809979438782, 190.7972173690796, 190.74583649635315, 192.10057163238525, 191.9306800365448, 193.33920669555664, 193.1816427707672, 194.56151914596558, 194.43688821792603, 195.76727557182312, 195.69493508338928, 196.97390222549438, 196.95700216293335, 198.2233636379242, 198.29803109169006, 199.5711271762848, 199.58493947982788, 201.06675958633423, 200.8703842163086, 202.30789756774902, 202.11997437477112, 203.54219508171082, 203.37640810012817, 204.80075645446777, 204.66537308692932, 206.0833659172058, 205.9061517715454, 207.39603972434998, 207.1288251876831, 208.7296290397644, 208.55356979370117, 210.02980208396912, 209.80796360969543, 211.27910113334656, 211.0107605457306, 212.49426317214966, 212.26006603240967, 213.71741461753845, 213.5514919757843, 215.09147477149963, 214.9507541656494, 216.42152523994446, 216.19606709480286, 217.64288187026978, 217.43412256240845, 218.85532355308533, 218.6945219039917, 220.06053113937378, 219.9300093650818, 221.30678009986877, 221.27929496765137, 222.56481528282166, 222.55480408668518, 223.77573895454407, 223.78929352760315, 225.00031518936157, 224.98311495780945, 226.22696232795715, 226.2145528793335, 227.4636266231537, 227.43588519096375, 228.705486536026, 228.6879026889801, 229.95703721046448, 229.91944408416748, 231.1548135280609, 231.1685938835144, 232.38161182403564, 232.37915349006653, 233.60927939414978, 233.5931477546692, 234.85720944404602, 234.821594953537, 236.10979104042053, 236.04881072044373, 237.39074110984802, 237.31584215164185, 238.68956327438354, 238.5636043548584, 239.9197895526886, 239.82301497459412, 241.15721440315247, 241.0094678401947, 242.3965766429901, 242.34961485862732, 243.6856632232666, 243.95054626464844, 245.06365585327148, 245.2428879737854, 246.34781193733215, 246.501797914505, 247.5706717967987, 247.78187322616577, 248.9038429260254, 249.03956532478333, 250.12266612052917, 250.27236533164978, 251.32765579223633, 251.5582981109619, 252.5583896636963, 252.85973238945007, 254.02932834625244, 254.25500392913818, 255.26908993721008, 255.51496076583862, 256.4748935699463, 256.78153944015503, 257.77348828315735, 258.094685792923, 259.08540773391724, 259.3649392127991, 260.2966539859772, 260.59247851371765, 261.5493745803833, 261.8270103931427, 262.7743172645569, 263.07190203666687, 264.0880608558655, 264.36262798309326]
Final objective value with penalty: 
3.2096358068326656e-05
Final TV norm without penalty
32.09034595984893
