Final evolution
[[-7.07193489e-01-7.07020027e-01j  2.49638165e-05-3.99588014e-05j
   1.44933938e-04+1.29069138e-04j -2.26439977e-05-9.63334770e-05j]
 [ 3.99219329e-05-2.49763545e-05j -7.07028582e-01-7.07184909e-01j
  -1.15947245e-04+6.03214468e-05j -4.11763182e-06+2.64243600e-04j]
 [ 9.63553442e-05+2.26946760e-05j -2.64214950e-04+4.01404741e-06j
   1.24436996e-04+2.79326517e-04j -7.06966103e-01-7.07247309e-01j]
 [-1.29088668e-04-1.44902079e-04j -6.03823205e-05+1.15974478e-04j
  -7.07238751e-01-7.06974682e-01j -2.79295220e-04-1.24469183e-04j]]

********* Summary *****************
Final fidelity error 7.023440695697047e-08
Final objective value 1.9357521682727262e-07
Final norm value 1.23340809898842e-07
Final error 6.03521943866068e-12
Terminate reason Exceed the maximum number of iteration of ADMM
Number of iterations 200
Completed in 0:14:02.168288 HH:MM:SS.US
Time for each iteration [8.922789096832275, 9.797591924667358, 24.507510662078857, 23.08907151222229, 38.56110739707947, 40.9717800617218, 60.4923460483551, 63.35363149642944, 80.71981048583984, 86.29141974449158, 100.50128269195557, 105.16530346870422, 120.71760702133179, 123.22814702987671, 133.76690864562988, 139.39848566055298, 143.68982362747192, 147.50724816322327, 152.02280449867249, 153.35179257392883, 159.24619698524475, 160.0825629234314, 164.06432485580444, 165.4620213508606, 168.83377766609192, 170.26444625854492, 172.42454266548157, 175.13560843467712, 176.0618600845337, 178.79489421844482, 179.54211950302124, 182.48695588111877, 183.28929924964905, 186.03161454200745, 186.8968141078949, 189.64982557296753, 190.71026420593262, 193.13407158851624, 194.24006533622742, 197.2355227470398, 197.87771821022034, 200.94973063468933, 201.7503263950348, 204.4011471271515, 205.28510451316833, 208.9234938621521, 209.28698635101318, 212.69398164749146, 213.85991168022156, 216.2599334716797, 217.69623374938965, 219.69776034355164, 220.87135434150696, 222.79160284996033, 223.90921235084534, 225.91912245750427, 227.47616577148438, 228.9924533367157, 230.61493229866028, 232.0507514476776, 233.86842560768127, 235.01940751075745, 236.4498107433319, 237.641371011734, 239.09560179710388, 240.36738276481628, 242.06189608573914, 243.06105732917786, 244.69347262382507, 245.62230801582336, 247.29360461235046, 248.23104882240295, 250.47570419311523, 250.8622224330902, 253.1000964641571, 253.45067596435547, 255.8223533630371, 256.1046733856201, 258.6774580478668, 258.84138321876526, 261.30950260162354, 261.4863657951355, 264.04963517189026, 264.52238869667053, 266.6858596801758, 267.0697009563446, 269.4378366470337, 269.98608231544495, 272.0784983634949, 272.8433759212494, 274.97539043426514, 275.4839425086975, 277.62536239624023, 278.16171646118164, 280.29355120658875, 281.08840584754944, 282.9308943748474, 283.68008065223694, 285.55966782569885, 286.34095430374146, 288.3771810531616, 289.20130681991577, 291.32802176475525, 291.8113262653351, 293.8511688709259, 294.5086181163788, 296.45625042915344, 297.3201928138733, 299.5003504753113, 300.09655141830444, 302.1122624874115, 302.77173495292664, 304.8521921634674, 305.47207903862, 307.7407786846161, 308.06720423698425, 310.40726256370544, 310.71810150146484, 313.1688907146454, 313.6473858356476, 315.8203012943268, 316.63751459121704, 319.09085869789124, 320.1861641407013, 321.8047876358032, 322.8828248977661, 324.8176100254059, 325.5759663581848, 327.86676955223083, 328.1905207633972, 330.5373969078064, 331.1259150505066, 333.2468476295471, 333.78205394744873, 335.942574262619, 336.7665705680847, 338.54564356803894, 339.4134600162506, 341.1693847179413, 341.9765033721924, 343.76408290863037, 344.5658724308014, 346.4262447357178, 347.24703311920166, 348.98575139045715, 349.7714924812317, 351.59140729904175, 352.4088180065155, 354.2025818824768, 355.0611321926117, 356.7485909461975, 357.6366069316864, 359.32699251174927, 360.38113498687744, 361.92985558509827, 363.0650517940521, 364.53778171539307, 365.71290826797485, 367.11442399024963, 368.28160858154297, 369.73513007164, 370.9281885623932, 372.29904961586, 373.5139756202698, 374.9172160625458, 376.1536660194397, 377.57467436790466, 378.7416272163391, 380.13412165641785, 381.3701591491699, 382.74271273612976, 384.02100372314453, 385.7881643772125, 386.810195684433, 388.4411017894745, 389.39860248565674, 391.08569407463074, 392.11109733581543, 393.7231647968292, 394.8203225135803, 396.3887343406677, 397.4946768283844, 398.9685685634613, 400.15996408462524, 402.11471223831177, 402.7631769180298, 404.8191890716553, 405.47728657722473, 407.5713646411896, 408.26568269729614, 410.18888092041016, 410.8800935745239, 412.8447244167328, 413.5490605831146, 415.5180354118347, 416.21337819099426, 418.07998037338257, 418.863347530365, 420.7186596393585, 421.44962882995605]
Final objective value with penalty: 
0.00031022626688087095
Final TV norm without penalty
31.015603247391397
Final evolution
[[-7.07193489e-01-7.07020027e-01j  2.49638165e-05-3.99588014e-05j
   1.44933938e-04+1.29069138e-04j -2.26439977e-05-9.63334770e-05j]
 [ 3.99219329e-05-2.49763545e-05j -7.07028582e-01-7.07184909e-01j
  -1.15947245e-04+6.03214468e-05j -4.11763182e-06+2.64243600e-04j]
 [ 9.63553442e-05+2.26946760e-05j -2.64214950e-04+4.01404741e-06j
   1.24436996e-04+2.79326517e-04j -7.06966103e-01-7.07247309e-01j]
 [-1.29088668e-04-1.44902079e-04j -6.03823205e-05+1.15974478e-04j
  -7.07238751e-01-7.06974682e-01j -2.79295220e-04-1.24469183e-04j]]

********* Summary *****************
Final fidelity error 7.023440695697047e-08
Final objective value 1.9357521682727262e-07
Final norm value 1.23340809898842e-07
Final error 6.03521943866068e-12
Terminate reason Exceed the maximum number of iteration of ADMM
Number of iterations 200
Completed in 0:13:18.440273 HH:MM:SS.US
Time for each iteration [8.946329116821289, 9.476533889770508, 22.971188068389893, 21.868971824645996, 36.42416501045227, 38.51708793640137, 54.22806239128113, 56.1026246547699, 71.83567833900452, 73.73655843734741, 90.0241539478302, 91.87697625160217, 109.49170804023743, 109.31312942504883, 122.64065289497375, 125.71435689926147, 132.06444549560547, 133.3105959892273, 140.1836576461792, 139.11755800247192, 147.32318377494812, 145.28115510940552, 152.2865116596222, 150.71119117736816, 156.77866435050964, 155.12560653686523, 160.32957887649536, 159.52082681655884, 163.80590558052063, 163.0202169418335, 167.50517320632935, 166.5503203868866, 170.99298644065857, 170.08771300315857, 174.5270857810974, 173.56813836097717, 178.00796008110046, 177.0687291622162, 181.4805886745453, 180.66456985473633, 185.01822996139526, 184.22724413871765, 188.52524042129517, 187.7691376209259, 192.01546812057495, 191.26176810264587, 195.54694318771362, 194.85458493232727, 199.0551278591156, 198.40460014343262, 202.5658974647522, 201.4941623210907, 205.65865349769592, 204.54382824897766, 208.68504095077515, 207.82610940933228, 211.8361439704895, 210.88518142700195, 214.86907839775085, 213.95330095291138, 217.91782999038696, 216.6227514743805, 220.5234830379486, 219.21149063110352, 223.10086297988892, 221.824378490448, 225.7054693698883, 224.49007153511047, 228.3120596408844, 227.04801988601685, 230.9183533191681, 229.67717242240906, 233.9465572834015, 232.3170142173767, 236.53677010536194, 234.88097500801086, 239.15952467918396, 237.50615000724792, 241.77800703048706, 240.4142870903015, 244.40336561203003, 243.01430106163025, 247.1090886592865, 245.6009521484375, 249.77821135520935, 248.15928840637207, 252.40773272514343, 250.7497057914734, 255.01333594322205, 253.43057870864868, 257.73744344711304, 256.0238904953003, 260.39421129226685, 258.7652804851532, 263.1575963497162, 261.376953125, 265.9189283847809, 264.09080719947815, 268.56678652763367, 266.9585494995117, 271.14406061172485, 269.6538679599762, 273.7943584918976, 272.27982878685, 276.3759207725525, 274.91439938545227, 279.0106749534607, 277.5944046974182, 281.65987181663513, 280.2397301197052, 284.2794756889343, 282.8777918815613, 286.9282178878784, 285.4874846935272, 289.56513810157776, 288.1268265247345, 292.190420627594, 290.72865200042725, 294.8488235473633, 293.30485224723816, 297.4649670124054, 295.89574122428894, 300.08131074905396, 298.48686504364014, 302.7259192466736, 301.07946515083313, 305.29820132255554, 303.6954061985016, 308.3439803123474, 306.36594319343567, 311.00009751319885, 308.96744441986084, 313.5779550075531, 311.56956124305725, 316.19767332077026, 314.27994680404663, 318.7731821537018, 316.9111921787262, 321.3397195339203, 319.5064764022827, 323.9253444671631, 322.1572048664093, 326.52402663230896, 324.7412850856781, 329.118047952652, 327.32386541366577, 331.7135229110718, 329.9677767753601, 334.41439867019653, 332.5734715461731, 337.02287435531616, 335.2944905757904, 339.69204354286194, 337.88279247283936, 342.32059478759766, 340.47326946258545, 344.9435148239136, 343.0685279369354, 347.6903040409088, 345.6316204071045, 350.3059461116791, 348.2104527950287, 352.903804063797, 350.8212194442749, 355.5402600765228, 353.41933727264404, 358.16461992263794, 355.9817478656769, 361.0053367614746, 358.6722798347473, 363.5903661251068, 361.2801864147186, 366.16460943222046, 363.88977551460266, 368.761048078537, 366.57370162010193, 371.38832664489746, 369.18071365356445, 373.9565861225128, 371.79148983955383, 376.55055141448975, 374.4568476676941, 379.12708139419556, 377.07478880882263, 382.144287109375, 379.69165539741516, 384.773921251297, 382.2984690666199, 387.3919458389282, 384.8742039203644, 390.0056781768799, 387.4613480567932, 392.6434156894684, 390.08232712745667, 395.2197165489197, 392.6811933517456, 397.81351113319397, 395.3023657798767, 400.5220453739166, 397.91822719573975]
Final objective value with penalty: 
0.00031022626688087095
Final TV norm without penalty
31.015603247391397
