0.0017668396086284565
0.0006188343163358725
0.00022637890759761648
0.00015987328194775
0.00011473112704983002
7.999059790087284e-05
5.7740451144088964e-05
4.184097768677671e-05
2.9830342641770206e-05
2.1443809584442536e-05
1.578852018982684e-05
1.1786489685938644e-05
8.732085193829691e-06
6.557681123602199e-06
5.019713891783416e-06
3.796271517267182e-06
2.881485753786859e-06
2.1851907560291026e-06
1.6586353580367534e-06
1.289606538632831e-06
1.022185566585553e-06
8.159065137543077e-07
6.29410894761217e-07
5.133282545176246e-07
5.058365857897651e-07
4.997027018082417e-07
4.941900210974125e-07
4.890435981402984e-07
4.841370499873186e-07
4.794403541494233e-07
4.7400719590756715e-07
4.6984235440556053e-07
4.6527722518569756e-07
4.6106114298057064e-07
4.569447743435639e-07
4.5292553451696445e-07
4.481658117172998e-07
4.444703414110033e-07
4.405110377940408e-07
4.3676921814150096e-07
4.3311016579655064e-07
4.294914604743154e-07
4.2595054752655856e-07
4.2245435037931806e-07
4.190330986635929e-07
4.152739351728811e-07
4.121438101417984e-07
4.082610932482272e-07
4.050580565697766e-07
4.0189721654542323e-07
3.987933365016937e-07
3.9572876002832225e-07
3.927158748942624e-07
3.8974016629645106e-07
3.868124087700652e-07
3.8392098714832907e-07
3.8107503492921315e-07
3.782651674409989e-07
3.7549870656008535e-07
3.727679027562259e-07
3.7007838918996696e-07
3.674237100000585e-07
3.6480814657175544e-07
3.622263535833493e-07
3.5968160782020636e-07
3.5716955561610465e-07
3.5469272677301984e-07
3.5224765054932045e-07
3.498362585419685e-07
3.4745583145434697e-07
3.451077743874863e-07
3.4278997455230945e-07
3.4050336327736627e-07
3.377014341528941e-07
3.357232335303817e-07
3.3264746478568655e-07
3.304719021297361e-07
3.2832424192176687e-07
3.2620438044917517e-07
3.241116971602813e-07
3.220460383215739e-07
3.200070116708059e-07
3.1799425763680555e-07
3.1600750826758247e-07
3.1404632787566277e-07
3.121111249230489e-07
3.1020127292472913e-07
3.083151231436448e-07
3.064402799569165e-07
3.045839384495569e-07
3.0275249734164517e-07
3.009484588127239e-07
2.991711186671616e-07
2.9741845162905343e-07
2.9568874324443154e-07
2.939811880727441e-07
2.9229596623934946e-07
2.9063379612057753e-07
2.889960301003728e-07
2.873847044493029e-07
Final evolution
[[-7.07113622e-01-7.07099912e-01j  2.27629323e-05-5.83780450e-05j
   1.00284309e-04+1.06764382e-04j -2.83115735e-06-1.22030230e-04j]
 [ 5.83660710e-05-2.27757844e-05j -7.07150793e-01-7.07062757e-01j
  -4.28328167e-05+1.26926963e-05j -3.61286353e-05+8.67734630e-05j]
 [ 1.22032672e-04+2.86761993e-06j -8.67634974e-05+3.61276753e-05j
   1.08086575e-05+2.17185135e-04j -7.07038458e-01-7.07175047e-01j]
 [-1.06749873e-04-1.00299797e-04j -1.26946252e-05+4.28437553e-05j
  -7.07124177e-01-7.07089335e-01j -2.17181154e-04-1.08425669e-05j]]

********* Summary *****************
Final fidelity error 2.633732631984742e-08
Final objective value 2.7820675793749844e-08
Final norm value 1.4833494432764383e-09
Final error 2.5786741616819146e-13
Terminate reason Exceed the maximum number of iteration of ADMM
Number of iterations 100
Completed in 0:09:58.201733 HH:MM:SS.US
Time for each iteration [18.83051347732544, 15.400280952453613, 38.833760023117065, 34.810256004333496, 59.43777537345886, 63.514034032821655, 89.72268605232239, 89.79988265037537, 117.35409784317017, 120.15711760520935, 148.6863992214203, 148.61182308197021, 178.96953654289246, 174.90444254875183, 199.30229473114014, 193.81951093673706, 212.52398562431335, 204.4886531829834, 222.5146939754486, 213.1350700855255, 229.9401137828827, 218.42509722709656, 234.7298457622528, 220.35171508789062, 236.6003851890564, 222.20571303367615, 238.43859720230103, 224.06088829040527, 240.2885823249817, 225.9159872531891, 242.112886428833, 227.78146314620972, 243.96935105323792, 229.6164996623993, 245.81181573867798, 231.46275925636292, 247.65429997444153, 233.33658266067505, 249.48974871635437, 235.2702178955078, 251.67291831970215, 237.1515612602234, 253.52026081085205, 239.00183367729187, 255.93781065940857, 241.14883661270142, 257.79442739486694, 243.05339193344116, 259.66164803504944, 244.9763298034668, 261.6171534061432, 246.8183057308197, 263.49305510520935, 248.68768072128296, 265.3659212589264, 250.63567805290222, 267.2164945602417, 252.4820737838745, 269.0834765434265, 254.35509943962097, 270.91404843330383, 256.2209646701813, 272.80907249450684, 258.1487400531769, 274.6923966407776, 260.006098985672, 276.55476450920105, 261.8419620990753, 278.4011356830597, 263.7323920726776, 280.2574498653412, 265.6373522281647, 282.098331451416, 267.46984934806824, 283.94507575035095, 269.312273979187, 285.8098187446594, 271.2139959335327, 287.6715281009674, 273.11618518829346, 289.5451922416687, 274.975243806839, 291.39680337905884, 276.83597326278687, 293.2678167819977, 278.7010099887848, 295.1204357147217, 280.62286591529846, 296.9789936542511, 282.46969842910767, 298.84903502464294, 284.3576455116272, 300.7081460952759, 286.2252459526062, 302.57538890838623, 288.1548693180084, 304.43234753608704, 290.01852011680603, 306.31455969810486, 291.88717341423035]
Final objective value with penalty: 
3.2260452700572795e-05
Final TV norm without penalty
32.23411537425295
