Final evolution
[[ 0.66294179+0.66231133j  0.08877505-0.08195116j  0.19934225+0.09922221j
  -0.11183231-0.21252305j]
 [ 0.11815811-0.03700081j  0.65880575+0.66851981j -0.18444081+0.10326305j
  -0.1220517 +0.21011321j]
 [ 0.21856676+0.1021986j  -0.21714669+0.12216892j  0.09126678+0.08423323j
   0.68778871+0.62548214j]
 [-0.10386816-0.19369284j -0.10809904+0.1752025j   0.6394465 +0.69384383j
  -0.12893005-0.04877626j]]

********* Summary *****************
Final fidelity error 0.06323554457538727
Final objective value 0.07356614224718802
Final norm value 0.010330597671800779
Final error 4.751537299047133e-06
Terminate reason Exceed the maximum number of iteration of ADMM
Number of iterations 200
Completed in 0:03:29.045648 HH:MM:SS.US
Time for each iteration [8.082576751708984, 5.003834247589111, 12.702858924865723, 10.11217975616455, 16.50393533706665, 14.005850076675415, 19.23807644844055, 16.19779109954834, 22.88799500465393, 17.694060802459717, 26.356464624404907, 19.41897416114807, 29.342392683029175, 21.37225842475891, 32.225887060165405, 22.787651777267456, 34.255300998687744, 23.802462339401245, 35.23344922065735, 24.80521535873413, 37.0587203502655, 25.82571053504944, 38.07236695289612, 26.78854751586914, 40.141294717788696, 27.83906626701355, 41.114678382873535, 29.264309644699097, 42.1529438495636, 30.25223445892334, 43.58636689186096, 31.232794046401978, 44.61360168457031, 32.84131836891174, 45.621089458465576, 33.86505722999573, 47.25307655334473, 34.64995503425598, 48.06881141662598, 35.43098425865173, 49.06297492980957, 36.19337511062622, 50.068596601486206, 37.0091450214386, 50.90530061721802, 37.80583357810974, 51.686962366104126, 38.59253478050232, 52.49154829978943, 39.38271427154541, 53.27510738372803, 40.34192442893982, 54.19574856758118, 41.121177196502686, 54.9926552772522, 41.911418437957764, 55.75854730606079, 42.72663593292236, 56.57408332824707, 43.72092056274414, 57.44897770881653, 44.72740888595581, 58.33435273170471, 45.49464440345764, 59.13222026824951, 46.4884307384491, 60.07698941230774, 47.4608211517334, 60.996620178222656, 48.23880124092102, 61.83439302444458, 49.04963421821594, 62.643852949142456, 50.05608367919922, 63.51488494873047, 51.019527196884155, 64.6367244720459, 51.821197271347046, 65.43472456932068, 52.641300201416016, 66.25131416320801, 53.484121799468994, 67.08241844177246, 54.336230993270874, 67.92711544036865, 55.297425746917725, 68.85358834266663, 56.07834601402283, 69.63857793807983, 57.61638903617859, 70.57326364517212, 58.43144869804382, 71.38992595672607, 59.354002714157104, 72.24053907394409, 60.148449182510376, 73.1502628326416, 61.2295184135437, 73.98750710487366, 62.05235433578491, 74.78453755378723, 62.87518930435181, 75.57649350166321, 63.67197871208191, 76.37602519989014, 64.24598217010498, 77.1581757068634, 65.04258346557617, 77.93365120887756, 65.84788918495178, 78.73714590072632, 66.63207387924194, 79.5066385269165, 67.45904636383057, 80.29306268692017, 68.05301880836487, 80.86060953140259, 68.84415650367737, 81.64510989189148, 69.63767147064209, 82.46696329116821, 70.22966837882996, 83.04952836036682, 71.01449513435364, 83.84767127037048, 71.76990294456482, 84.64534640312195, 72.57984232902527, 85.47426795959473, 73.40555143356323, 86.25947117805481, 74.20143175125122, 87.02874565124512, 75.00132179260254, 87.80410718917847, 75.7232596874237, 88.57202410697937, 76.49869441986084, 89.35294675827026, 77.2677571773529, 90.13286232948303, 78.04368352890015, 90.69786095619202, 78.60518217086792, 91.4378833770752, 79.37412667274475, 92.21096062660217, 80.13904905319214, 92.77775812149048, 80.95223450660706, 93.54190492630005, 81.52715015411377, 94.34018349647522, 82.31554818153381, 94.92246890068054, 83.11367750167847, 95.50045943260193, 83.9407286643982, 96.3025598526001, 84.5176157951355, 97.07892346382141, 85.09439158439636, 97.86450600624084, 85.88431692123413, 98.48126792907715, 86.67574667930603, 99.07912588119507, 87.44522905349731, 99.86265206336975, 88.03706908226013, 100.6480758190155, 88.60320210456848, 101.45969414710999, 89.38567090034485, 102.02166175842285, 90.20152115821838, 102.79056572914124, 90.77578115463257, 103.57909393310547, 91.34552788734436, 104.35523390769958, 92.12576675415039, 104.94128489494324, 92.93558025360107, 105.51927423477173, 93.7025363445282, 106.28856062889099, 94.2701358795166, 107.06323504447937, 94.85516428947449, 107.84287714958191, 95.62706851959229, 108.43323707580566, 96.41258573532104, 109.02242231369019, 97.2168321609497, 109.82617282867432, 97.81044435501099, 110.63432145118713, 98.41132640838623]
Final objective value with penalty: 
0.11439758427745106
Final TV norm without penalty
10.232407940412758
