Final evolution
[[-0.07484123-0.64438159j -0.03237345+0.33578216j  0.31108141+0.46258648j
  -0.37646241-0.11354126j]
 [-0.03759859+0.18614937j -0.65460627-0.47459819j  0.48681727+0.00236695j
  -0.23007611-0.14230347j]
 [ 0.13340109+0.47154342j  0.27940209+0.06125831j -0.14692556+0.07364652j
  -0.79801056-0.1191682j ]
 [-0.11021333-0.53926793j -0.02378054-0.38738336j -0.39243873-0.52079397j
  -0.33938953-0.07740783j]]

********* Summary *****************
Final fidelity error 0.3490449111594739
Final objective value 0.34904837519819343
Final norm value 3.4640387195361555e-06
Final error 1.265861287059742e-06
Terminate reason Exceed the maximum number of iteration of ADMM
Number of iterations 200
Completed in 0:01:16.705274 HH:MM:SS.US
Time for each iteration [1.4965846538543701, 1.6181738376617432, 2.572319984436035, 2.814840316772461, 3.4875824451446533, 3.5141942501068115, 4.190207004547119, 4.231088161468506, 4.8836565017700195, 5.091670513153076, 5.75382924079895, 5.713163375854492, 6.492855548858643, 6.514273166656494, 7.208014249801636, 7.1625096797943115, 7.939027547836304, 7.727508783340454, 8.555378198623657, 8.324955940246582, 9.230574607849121, 8.905938863754272, 9.804522275924683, 9.467438220977783, 10.407051086425781, 10.032895803451538, 10.997313261032104, 10.642308950424194, 11.581750869750977, 11.309525728225708, 12.154526710510254, 11.881996154785156, 12.64421796798706, 12.490902423858643, 13.118950128555298, 12.953664541244507, 13.54384994506836, 13.334645986557007, 14.07044243812561, 13.750534772872925, 14.460400581359863, 14.140002727508545, 14.855344772338867, 14.540930271148682, 15.24481201171875, 14.828107118606567, 15.575565814971924, 15.128305435180664, 15.884253978729248, 15.529652833938599, 16.218452215194702, 15.875126123428345, 16.50069761276245, 16.15537667274475, 16.781946897506714, 16.420174837112427, 17.059206008911133, 16.701423168182373, 17.332475423812866, 16.978682279586792, 17.596769332885742, 17.244970560073853, 17.871036052703857, 17.52468490600586, 18.152318239212036, 17.793965339660645, 18.430575132369995, 18.06324529647827, 18.702847003936768, 18.336515426635742, 18.96913504600525, 18.60180640220642, 19.244399309158325, 18.86809468269348, 19.511685132980347, 19.15034055709839, 19.79093885421753, 19.421615600585938, 20.065206050872803, 19.69092297554016, 20.336987495422363, 19.964192628860474, 20.603275775909424, 20.23447012901306, 20.8785400390625, 20.503750562667847, 21.154802083969116, 20.7760226726532, 21.425079584121704, 21.053281784057617, 21.703336000442505, 21.325554370880127, 21.9776029586792, 21.59882402420044, 22.253864526748657, 21.87009906768799, 22.524142265319824, 22.149352312088013, 22.804393529891968, 22.418633699417114, 23.077661991119385, 22.68891143798828, 23.36289954185486, 22.971418142318726, 23.632179737091064, 23.244687795639038, 23.899465560913086, 23.510976552963257, 24.168745517730713, 23.97573447227478, 24.643476963043213, 24.250077486038208, 24.91973876953125, 24.526339292526245, 25.194005727767944, 24.802600860595703, 25.47026777267456, 25.08384895324707, 25.750518798828125, 25.363102674484253, 26.03775143623352, 25.646345376968384, 26.313015937805176, 25.923110961914062, 26.590275526046753, 26.20037031173706, 26.857560873031616, 26.469650745391846, 27.13082981109619, 26.745912551879883, 27.493860006332397, 27.204686403274536, 27.75916314125061, 27.469977140426636, 28.026448965072632, 27.73227620124817, 28.293910026550293, 28.0045485496521, 28.566182374954224, 28.283802270889282, 28.846433639526367, 28.55407977104187, 29.117708683013916, 28.840395212173462, 29.389980792999268, 29.11167049407959, 29.671228885650635, 29.392924308776855, 29.95048761367798, 29.88062620162964, 30.232733249664307, 30.159879684448242, 30.503010988235474, 30.42517066001892, 30.780269861221313, 30.695448637008667, 31.057528495788574, 30.954756021499634, 31.329800605773926, 31.2250337600708, 31.611048936843872, 31.507280349731445, 31.894335508346558, 31.881280660629272, 32.16261887550354, 32.15662908554077, 32.44486427307129, 32.43899726867676, 32.721126079559326, 32.7192485332489, 32.99938249588013, 32.99949908256531, 33.39434337615967, 33.373530626297, 33.77033829689026, 33.6539261341095, 34.04959177970886, 33.92719602584839, 34.3268506526947, 34.20146894454956, 34.7995867729187, 34.47174668312073, 35.07285666465759, 34.7559871673584, 35.73508644104004, 35.02925705909729, 36.391481161117554, 35.31250548362732, 36.679710388183594, 35.59774398803711, 37.07431697845459, 36.034610986709595, 37.546056270599365, 36.33366537094116, 37.86462473869324, 36.83588671684265, 38.32918667793274, 37.36794471740723, 38.95734524726868, 37.747928857803345]
Final objective value with penalty: 
0.3496841981298466
Final TV norm without penalty
6.392869703726878
