Final evolution
[[-7.07108978e-01-7.07104580e-01j  1.05896109e-05-1.84094348e-05j
   3.84747814e-05+3.04067039e-05j -4.30130386e-07-4.70829725e-05j]
 [ 1.84084019e-05-1.05917044e-05j -7.07124503e-01-7.07089058e-01j
  -1.16627804e-05-2.01591877e-06j -1.82851098e-05+2.40174555e-05j]
 [ 4.70821205e-05+4.34526256e-07j -2.40167918e-05+1.82852068e-05j
  -3.51163751e-06+7.46915045e-05j -7.07083981e-01-7.07129575e-01j]
 [-3.04048365e-05-3.84771681e-05j  2.01668165e-06+1.16641338e-05j
  -7.07109654e-01-7.07103903e-01j -7.46910150e-05+3.50712992e-06j]]

********* Summary *****************
Final fidelity error 3.1405438249976214e-09
Final objective value 3.1405438409576213e-09
Final norm value 0.0
Final error 4.861844635000981e-35
Terminate reason Exceed the maximum number of iteration of ADMM
Number of iterations 200
Completed in 0:17:08.403555 HH:MM:SS.US
Time for each iteration [70.69863295555115, 45.58390522003174, 120.64766001701355, 93.41456389427185, 172.25775527954102, 140.0087447166443, 222.43367671966553, 187.11650562286377, 263.8717076778412, 229.41475558280945, 301.68039178848267, 265.91351413726807, 333.62848711013794, 293.62160301208496, 358.0994429588318, 313.6620886325836, 373.77684235572815, 325.3091847896576, 384.29569244384766, 333.6017496585846, 390.3135395050049, 339.5800521373749, 394.82358288764954, 341.24630308151245, 396.47270798683167, 342.9241805076599, 398.13177514076233, 344.6319622993469, 399.7845606803894, 346.2686698436737, 401.455472946167, 347.932275056839, 403.07721614837646, 349.568222284317, 404.7080726623535, 351.19992780685425, 406.50352358818054, 352.98024821281433, 408.1420900821686, 354.61497378349304, 409.79367303848267, 356.24969577789307, 411.43192744255066, 357.9072525501251, 413.09090304374695, 359.59034538269043, 414.69615960121155, 361.27305603027344, 416.3627474308014, 362.9771990776062, 417.99934816360474, 364.642861366272, 419.6070771217346, 366.2913224697113, 421.2908046245575, 367.9282593727112, 423.06532049179077, 369.5979034900665, 424.7086441516876, 371.2695062160492, 426.3554458618164, 372.9032256603241, 427.9960718154907, 374.5797874927521, 429.63886165618896, 376.2157156467438, 431.29558205604553, 377.85749316215515, 432.92128586769104, 379.5312964916229, 434.5982418060303, 381.2158353328705, 436.2885980606079, 382.88899970054626, 437.9154031276703, 384.5366806983948, 439.5764265060425, 386.2145073413849, 441.23516035079956, 387.8502519130707, 442.88391637802124, 389.5379946231842, 444.5329327583313, 391.18381333351135, 446.201598405838, 392.81959795951843, 447.8808550834656, 394.4795217514038, 449.7758114337921, 396.14214301109314, 451.4276134967804, 397.78360867500305, 453.06224608421326, 399.4273681640625, 454.7281699180603, 401.0780153274536, 456.3531370162964, 402.7407922744751, 457.9783706665039, 404.42971539497375, 459.64102363586426, 406.094975233078, 461.32166934013367, 407.73851919174194, 462.9843239784241, 409.39025020599365, 464.6300401687622, 411.0518596172333, 466.3385088443756, 412.75766611099243, 468.0061252117157, 414.4572021961212, 469.6660976409912, 416.10558795928955, 471.3096652030945, 417.755788564682, 472.95729875564575, 419.4633722305298, 474.62009048461914, 421.1132037639618, 476.25472712516785, 422.7399363517761, 477.89626288414, 424.38059735298157, 479.5663733482361, 426.0126678943634, 481.2872157096863, 427.6645727157593, 482.9485065937042, 429.29823207855225, 484.572957277298, 430.9560127258301, 486.20261120796204, 432.6057937145233, 487.8312602043152, 434.2735676765442, 489.49976682662964, 435.9152307510376, 491.1403901576996, 437.5563864707947, 492.78114128112793, 439.2002942562103, 494.40824127197266, 440.82398557662964, 496.0708794593811, 442.57473707199097, 497.71359038352966, 444.2351689338684, 499.37737107276917, 445.889949798584, 501.01717591285706, 447.5379750728607, 502.6630895137787, 449.2076680660248, 504.3962826728821, 450.84932684898376, 506.0448019504547, 452.4790542125702, 507.7891733646393, 454.1417672634125, 509.46177673339844, 455.78155159950256, 511.11290192604065, 457.50822734832764, 512.7977595329285, 459.1608045101166, 514.4674818515778, 460.81162881851196, 516.1111357212067, 462.4574725627899, 517.7748863697052, 464.0860357284546, 519.5059516429901, 465.7707328796387, 521.1625652313232, 467.42710304260254, 522.8052389621735, 469.0828638076782, 524.4812831878662, 470.71377301216125, 526.1099653244019, 472.4560000896454, 527.7607591152191, 474.11571884155273, 529.3964607715607, 475.77503752708435, 531.0470731258392, 477.4259252548218, 532.7077510356903, 479.0995600223541, 534.4092328548431, 480.7402584552765, 536.0689809322357, 482.37788128852844, 537.7255897521973, 484.0055663585663, 539.3763501644135, 485.65076756477356, 541.0409314632416, 487.36262369155884]
Final objective value with penalty: 
6.364394548365225e-09
