Final evolution
[[-7.07107117e-01-7.07106441e-01j  1.01773725e-05-2.01741217e-05j
   3.87258622e-05+3.32609564e-05j  8.36565421e-07-4.83446914e-05j]
 [ 2.01729185e-05-1.01794478e-05j -7.07126889e-01-7.07086672e-01j
  -1.25907350e-05-4.21629993e-07j -1.72759103e-05+2.44410346e-05j]
 [ 4.83440932e-05-8.31735285e-07j -2.44400505e-05+1.72761559e-05j
  -2.49067494e-06+7.75971410e-05j -7.07083966e-01-7.07129589e-01j]
 [-3.32588573e-05-3.87285970e-05j  4.22306567e-07+1.25920356e-05j
  -7.07109143e-01-7.07104413e-01j -7.75966143e-05+2.48589732e-06j]]

********* Summary *****************
Final fidelity error 3.3667221233102396e-09
Final objective value 3.3688324034379407e-09
Final norm value 2.1103119252074976e-12
Final error 2.407412430484045e-35
Terminate reason Exceed the maximum number of iteration of ADMM
Number of iterations 200
Completed in 0:13:06.744162 HH:MM:SS.US
Time for each iteration [18.95479393005371, 15.539868354797363, 39.80811548233032, 38.08913612365723, 61.375877380371094, 68.5464084148407, 92.0032160282135, 96.22740697860718, 119.61869215965271, 126.91568398475647, 148.11633706092834, 155.43721652030945, 177.20650911331177, 181.32373070716858, 203.10919976234436, 192.43568754196167, 217.18289947509766, 202.5285201072693, 227.28558802604675, 210.51653695106506, 233.93371629714966, 216.40119981765747, 239.8891797065735, 218.2664179801941, 241.8785650730133, 220.13807559013367, 243.73197841644287, 221.9887821674347, 245.58930730819702, 223.8657112121582, 247.4630846977234, 225.75138640403748, 249.372576713562, 227.59042382240295, 251.21132922172546, 229.43143677711487, 253.0789601802826, 231.2958471775055, 254.9214255809784, 233.12360668182373, 256.92013907432556, 235.03080558776855, 258.7726900577545, 236.9113266468048, 260.6654677391052, 238.74494457244873, 262.53804755210876, 240.6019036769867, 264.45698046684265, 242.4644763469696, 266.32423090934753, 244.31529641151428, 268.15526843070984, 246.16313290596008, 270.0031740665436, 248.0018754005432, 271.9045202732086, 249.8564224243164, 273.75170135498047, 251.7059679031372, 275.5715675354004, 253.55406260490417, 277.42964005470276, 255.41405177116394, 279.3453223705292, 257.25964856147766, 281.1932945251465, 259.1282801628113, 283.03083300590515, 260.9702875614166, 284.91676664352417, 262.80256056785583, 286.8075017929077, 264.690238237381, 288.6793990135193, 266.5420937538147, 290.529824256897, 268.4024295806885, 292.36388516426086, 270.24548077583313, 294.2649030685425, 272.1228861808777, 296.1231234073639, 273.9828953742981, 297.96502566337585, 275.8268482685089, 299.84942841529846, 277.6911463737488, 301.7763020992279, 279.5534188747406, 303.65748500823975, 281.41017174720764, 305.5213875770569, 283.27044773101807, 307.3658118247986, 285.11279129981995, 309.25894594192505, 286.97299218177795, 311.1017236709595, 288.82595682144165, 312.96368050575256, 290.680148601532, 314.8296859264374, 292.51514434814453, 316.732625246048, 294.39708280563354, 318.59562373161316, 296.28550720214844, 320.4448866844177, 298.13426971435547, 322.2866761684418, 299.967342376709, 324.1802661418915, 301.855348110199, 326.0155749320984, 303.6962990760803, 327.85161900520325, 305.5190386772156, 329.73378348350525, 307.37961530685425, 331.6183326244354, 309.2387526035309, 333.4812731742859, 311.0865478515625, 335.33772015571594, 312.9250395298004, 337.20214653015137, 314.7713146209717, 339.08460521698, 316.66273021698, 340.93651938438416, 318.4896776676178, 342.7875883579254, 320.38608717918396, 344.6760399341583, 322.24363565444946, 346.60212874412537, 324.1796932220459, 348.48459935188293, 326.06800508499146, 350.36822748184204, 327.9061987400055, 352.24688816070557, 329.7667763233185, 354.13462924957275, 331.6356165409088, 356.01638007164, 333.4852521419525, 357.8902723789215, 335.37053060531616, 359.75398564338684, 337.2242078781128, 361.6338953971863, 339.1464502811432, 363.5611913204193, 340.9979336261749, 365.40582370758057, 342.8658678531647, 367.2570090293884, 344.71901202201843, 369.11350560188293, 346.5893249511719, 370.97988533973694, 348.4231550693512, 372.8205897808075, 350.2846534252167, 374.6959447860718, 352.1362473964691, 376.5558648109436, 354.0733253955841, 378.42775893211365, 355.9591507911682, 380.3143985271454, 357.79484510421753, 382.1829869747162, 359.6912422180176, 384.0650041103363, 361.5597302913666, 385.8938453197479, 363.4071044921875, 387.7480607032776, 365.234334230423, 389.58337211608887, 367.10126757621765, 391.44151973724365, 369.20486855506897, 393.2904393672943, 371.0838894844055, 395.16440510749817, 372.94376707077026, 397.0379638671875, 374.79099917411804, 398.8993046283722, 376.6837899684906, 400.7412405014038, 378.53407549858093, 402.6174840927124, 380.4043188095093, 404.489449262619, 382.2547125816345]
Final objective value with penalty: 
6.595190788076493e-09
Final TV norm without penalty
32.28468664766253
