Final evolution
[[-0.07559985-0.64452231j -0.03216767+0.33517694j  0.31203103+0.46223491j
  -0.37638479-0.1131695j ]
 [-0.03695189+0.18597614j -0.65506314-0.47392014j  0.48726783+0.00095543j
  -0.22889994-0.14322495j]
 [ 0.13261124+0.47168102j  0.27905009+0.06056585j -0.14629319+0.07433254j
  -0.7981597 -0.12003403j]
 [-0.10935628-0.53934735j -0.0225297 -0.38841844j -0.39179236-0.52068839j
  -0.33917956-0.07815843j]]

********* Summary *****************
Final fidelity error 0.34887485773284743
Final objective value 0.34887539269044376
Final norm value 5.349575963320419e-07
Final error 6.162975822039155e-33
Terminate reason Exceed the maximum number of iteration of ADMM
Number of iterations 200
Completed in 0:01:13.039905 HH:MM:SS.US
Time for each iteration [1.5919289588928223, 1.6251258850097656, 2.5867085456848145, 2.6211183071136475, 3.491849899291992, 3.3068583011627197, 4.173305034637451, 4.000376224517822, 4.95566987991333, 4.738744497299194, 5.543455123901367, 5.340338468551636, 6.133291959762573, 5.92454981803894, 6.744613409042358, 6.608166933059692, 7.331496715545654, 7.217979431152344, 8.034456491470337, 7.8103883266448975, 8.612448930740356, 8.413769483566284, 9.192574977874756, 9.007381439208984, 9.775551795959473, 9.588490009307861, 10.381094694137573, 10.16647982597351, 10.953189611434937, 10.762215375900269, 11.526472330093384, 11.371447324752808, 12.120083332061768, 12.070711612701416, 12.744935274124146, 12.470082759857178, 13.121946811676025, 12.857009172439575, 13.512479305267334, 13.243833303451538, 13.903013229370117, 13.649988889694214, 14.30335545539856, 14.041577100753784, 14.890107870101929, 14.326699018478394, 15.168364763259888, 14.609941959381104, 15.455596923828125, 14.893185377120972, 15.740834474563599, 15.168481349945068, 16.02609086036682, 15.439756155014038, 16.305344581604004, 15.724507570266724, 16.58216166496277, 16.002744674682617, 16.851441621780396, 16.280003547668457, 17.126708269119263, 16.56246829032898, 17.407995462417603, 16.832746028900146, 17.67228865623474, 17.104169607162476, 17.94256567955017, 17.36746621131897, 18.21384048461914, 17.646567344665527, 18.49972438812256, 17.943373441696167, 18.79653024673462, 18.22176504135132, 19.077714681625366, 18.502949714660645, 19.374520301818848, 18.784133672714233, 19.655704975128174, 19.065318822860718, 19.95230007171631, 19.349571228027344, 20.24910545349121, 19.646377086639404, 20.545911073684692, 19.928577184677124, 20.82709574699402, 20.220611810684204, 21.109376907348633, 20.498262643814087, 21.391611099243164, 20.78944683074951, 21.67386484146118, 21.055009365081787, 21.95504903793335, 21.336193561553955, 22.236233472824097, 21.618062496185303, 22.496481895446777, 21.906555652618408, 22.766119241714478, 22.203362226486206, 23.06292414665222, 22.50334405899048, 23.355077981948853, 22.80014967918396, 23.6362624168396, 23.081334114074707, 23.93306803703308, 23.378140449523926, 24.214252471923828, 23.67301344871521, 24.495437145233154, 23.953973531723022, 24.796324253082275, 24.228663444519043, 25.079582452774048, 24.525469064712524, 25.354934453964233, 24.80773401260376, 25.63611912727356, 25.1045401096344, 25.901681423187256, 25.396637678146362, 26.182865858078003, 25.67782211303711, 26.473240613937378, 25.96110248565674, 26.754425048828125, 26.242286920547485, 27.03560996055603, 26.523470878601074, 27.33241581916809, 26.799992561340332, 27.61359977722168, 27.096798419952393, 27.894783973693848, 27.37798285484314, 28.175968408584595, 27.659167051315308, 28.470826148986816, 27.940353393554688, 28.751378297805786, 28.22560977935791, 29.032562494277954, 28.506793975830078, 29.32936716079712, 28.79900026321411, 29.610551357269287, 29.08018469810486, 29.900757551193237, 29.363460302352905, 30.213184595108032, 29.655516624450684, 30.509990215301514, 29.93670105934143, 30.79117465019226, 30.233506679534912, 31.056737661361694, 30.51469087600708, 31.33792233467102, 30.802188634872437, 31.614784717559814, 31.06775140762329, 31.89596939086914, 31.348935842514038, 32.18813991546631, 31.630119562149048, 32.478273153305054, 31.913381099700928, 32.76929807662964, 32.195619344711304, 33.05048608779907, 32.49242186546326, 33.347291231155396, 32.756712675094604, 33.64516758918762, 33.05351781845093, 33.92635226249695, 33.35032320022583, 34.207536697387695, 33.631507396698, 34.51996397972107, 33.91000175476074, 34.82084631919861, 34.18457818031311, 35.12235498428345, 34.47397589683533, 35.403538942337036, 34.76399374008179, 35.67677903175354, 35.04823589324951, 35.968117475509644, 35.33147883415222, 36.26354360580444, 35.61377429962158, 36.55372905731201, 35.898101806640625, 36.85053491592407, 36.18937039375305]
Final objective value with penalty: 
0.34887485848042626
Final TV norm without penalty
7.475788321720245
