Final evolution
[[ 0.62491653+0.67049689j  0.21621346-0.04077346j  0.10298255-0.03216489j
  -0.04909123-0.31217396j]
 [ 0.17538513-0.07684551j  0.62013126+0.52610383j -0.31332326+0.01016975j
   0.17921957+0.41423697j]
 [ 0.28898786+0.04133892j -0.33087732-0.01999962j  0.45147159+0.0843138j
   0.59727345+0.48705887j]
 [ 0.02394959-0.19352418j  0.06498171+0.41968898j  0.46194021+0.68246682j
  -0.1751892 -0.26790368j]]

********* Summary *****************
Final fidelity error 0.17431184246135378
Final objective value 0.8035197938413103
Final norm value 0.6292079513799566
Final error 2.5120774169808046e-05
Terminate reason Exceed the maximum number of iteration of ADMM
Number of iterations 200
Completed in 0:08:52.131990 HH:MM:SS.US
Time for each iteration [27.234591484069824, 9.543476104736328, 36.54257035255432, 17.933905124664307, 44.5859215259552, 29.73348379135132, 58.889973640441895, 42.72436714172363, 70.43465566635132, 56.65948677062988, 78.0721607208252, 65.30048751831055, 82.42534756660461, 68.32104969024658, 84.3224470615387, 74.61010694503784, 89.13422274589539, 77.28111290931702, 90.6811192035675, 83.56561851501465, 94.98094058036804, 86.96365284919739, 97.7517352104187, 90.04196238517761, 100.34912300109863, 92.26109099388123, 103.0210976600647, 94.52536487579346, 105.2544801235199, 95.7032516002655, 106.4193787574768, 96.8763656616211, 107.60299897193909, 98.06278681755066, 108.76987481117249, 98.88119888305664, 109.58472299575806, 100.11050581932068, 110.74559378623962, 101.30034327507019, 111.91549253463745, 102.48080515861511, 117.75730466842651, 105.137521982193, 123.18772387504578, 114.05995845794678, 125.98520827293396, 115.64962911605835, 127.18692398071289, 116.92580556869507, 131.61563634872437, 119.15916681289673, 133.87583708763123, 121.52007246017456, 135.47409987449646, 127.69898462295532, 138.123628616333, 130.29524946212769, 143.6623980998993, 133.6107394695282, 146.2535526752472, 139.64895176887512, 148.50910639762878, 144.76326060295105, 150.7811141014099, 146.2954933643341, 152.30163383483887, 147.51445770263672, 153.46752285957336, 148.3293116092682, 154.65029740333557, 149.50620102882385, 158.28730583190918, 153.16663265228271, 163.46120071411133, 155.40601778030396, 165.72134375572205, 160.4972939491272, 167.97689986228943, 162.78861618041992, 169.13678312301636, 163.95157313346863, 174.19716596603394, 169.0804409980774, 176.5540006160736, 170.31227207183838, 182.39370918273926, 172.94864678382874, 184.63289260864258, 175.21378779411316, 188.31477642059326, 177.44287943840027, 190.56097102165222, 181.48873805999756, 192.8572657108307, 183.751362323761, 196.65577244758606, 185.9714286327362, 198.89211869239807, 187.8778519630432, 200.1022572517395, 189.07618975639343, 201.30616569519043, 190.25013375282288, 202.4915578365326, 195.73694896697998, 207.92964625358582, 197.03242182731628, 210.3113238811493, 198.21195912361145, 213.67180728912354, 200.46908140182495, 215.70673990249634, 201.64158606529236, 216.8836145401001, 203.13104820251465, 218.28780126571655, 208.89987182617188, 222.018700838089, 210.18950843811035, 226.55802512168884, 213.42112398147583, 228.87473273277283, 214.7469882965088, 230.07363653182983, 215.92689490318298, 235.41631150245667, 218.64969515800476, 241.8071596622467, 221.36306834220886, 243.18215322494507, 223.73438119888306, 244.00649070739746, 226.11154556274414, 245.97773623466492, 227.32427716255188, 247.15590810775757, 228.50823998451233, 247.6236870288849, 229.6772198677063, 248.804594039917, 230.1460304260254, 250.04309821128845, 231.3091335296631, 250.4990005493164, 232.4881136417389, 251.33986282348633, 233.69267392158508, 252.16267228126526, 234.91561937332153, 253.35302782058716, 235.38293552398682, 253.815815448761, 235.84071159362793, 254.28257489204407, 237.03472709655762, 255.46869230270386, 237.49130201339722, 256.6718509197235, 238.69511675834656, 257.1275601387024, 239.85611748695374, 258.2994661331177, 240.31488871574402, 259.47934675216675, 241.4937744140625, 259.9472396373749, 241.95459961891174, 261.129163980484, 243.16549801826477, 261.9655876159668, 243.99468445777893, 263.14992928504944, 245.17000102996826, 264.0021483898163, 246.00886368751526, 265.17613649368286, 246.8397560119629, 266.3761911392212, 247.65058875083923, 267.5911009311676, 248.94288611412048, 268.5388150215149, 249.78229093551636, 269.77344846725464, 250.62341237068176, 270.97130060195923, 251.08520531654358, 272.1815276145935, 251.54202222824097, 273.4287106990814, 252.40186285972595, 274.6296639442444, 253.60580253601074, 275.1073896884918, 254.07255172729492, 275.5591938495636, 254.53035974502563, 276.41595816612244, 255.71603155136108]
Final objective value with penalty: 
0.2902171962733415
