Final evolution
[[ 0.28060304-0.68697749j -0.50086372-0.13061015j -0.20481819-0.30402983j
   0.02600653+0.21526592j]
 [-0.48495474-0.13093275j -0.31346132-0.30805324j  0.61708329-0.16599513j
  -0.20152174-0.32490542j]
 [-0.20748631-0.32892942j  0.60800351-0.16916189j -0.31176552-0.2910163j
  -0.50560095-0.1137994j ]
 [ 0.00884529+0.21371947j -0.18792738-0.32453198j -0.5059016 -0.13944367j
   0.28435216-0.67629204j]]

********* Summary *****************
Final fidelity error 0.5931157238917544
Final objective value 0.5944128382838505
Final norm value 0.001297114392096066
Final error 4.4875226813610444e-07
Terminate reason Exceed the maximum number of iteration of ADMM
Number of iterations 100
Completed in 0:00:13.552738 HH:MM:SS.US
Time for each iteration [0.672393798828125, 0.5111062526702881, 0.8576645851135254, 0.6989419460296631, 0.9756035804748535, 0.8535284996032715, 1.0932939052581787, 1.037818193435669, 1.203000545501709, 1.3262691497802734, 1.3216876983642578, 1.5134351253509521, 1.4395513534545898, 1.6677703857421875, 1.5542447566986084, 1.8509140014648438, 1.6653392314910889, 1.9725890159606934, 1.7860167026519775, 2.0903007984161377, 1.907668113708496, 2.2061619758605957, 2.0612757205963135, 2.327875852584839, 2.215763807296753, 2.4475553035736084, 2.544584274291992, 2.5716359615325928, 2.7071468830108643, 2.698298692703247, 2.831813335418701, 2.818976640701294, 2.955482006072998, 2.868885040283203, 3.113352060317993, 2.988501787185669, 3.15887451171875, 3.1027815341949463, 3.2745656967163086, 3.2164764404296875, 3.390218496322632, 3.329176187515259, 3.5069055557250977, 3.44486665725708, 3.6260955333709717, 3.563549518585205, 3.7437808513641357, 3.678243398666382, 3.8564791679382324, 3.7959299087524414, 3.973215341567993, 3.9182164669036865, 4.091904401779175, 4.0384063720703125, 4.21271538734436, 4.155002593994141, 4.326233386993408, 4.265890836715698, 4.442196846008301, 4.378589391708374, 4.557899713516235, 4.4932708740234375, 4.678577899932861, 4.6099584102630615, 4.795774221420288, 4.735647201538086, 4.918423652648926, 4.864944934844971, 5.0387489795684814, 4.98710036277771, 5.151447296142578, 5.102382659912109, 5.266420602798462, 5.21807336807251, 5.381113290786743, 5.3337695598602295, 5.495806694030762, 5.44646954536438, 5.61050009727478, 5.561161756515503, 5.72519850730896, 5.679938077926636, 5.836899995803833, 5.800518274307251, 5.952590703964233, 5.914933443069458, 6.083243131637573, 6.034693956375122, 6.23345160484314, 6.155214548110962, 6.34913969039917, 6.2759199142456055, 6.464831113815308, 6.390612363815308, 6.581676483154297, 6.511290550231934, 6.696369171142578, 6.626981496810913, 6.810065269470215, 6.742672443389893]
Final objective value with penalty: 
0.5945362398230275
