Final evolution
[[ 0.28330255-0.69217585j -0.50023014-0.12969416j -0.20392391-0.29387907j
   0.03116388+0.21133015j]
 [-0.47551917-0.1299687j  -0.3115427 -0.31410541j  0.62156793-0.17032094j
  -0.19879046-0.32618251j]
 [-0.2083262 -0.33258229j  0.60718455-0.17532686j -0.30880772-0.28777686j
  -0.50758317-0.10372188j]
 [ 0.0046336 +0.20878136j -0.17800001-0.32577843j -0.50794183-0.14321865j
   0.28917867-0.67559788j]]

********* Summary *****************
Final fidelity error 0.5922615344457622
Final objective value 0.5947370486102012
Final norm value 0.0024755141644389744
Final error 8.89337495492262e-07
Terminate reason Exceed the maximum number of iteration of ADMM
Number of iterations 200
Completed in 0:00:24.468073 HH:MM:SS.US
Time for each iteration [0.5966689586639404, 0.503542423248291, 0.9671306610107422, 0.7254147529602051, 1.159097671508789, 1.0378448963165283, 1.365778923034668, 1.2920196056365967, 1.5568134784698486, 1.4126970767974854, 1.7146828174591064, 1.5355768203735352, 1.8326950073242188, 1.6557300090789795, 1.9576656818389893, 1.7807011604309082, 2.082639694213867, 1.9056684970855713, 2.21659255027771, 2.030637502670288, 2.3446803092956543, 2.182987928390503, 2.583157777786255, 2.329026460647583, 2.7081267833709717, 2.4227559566497803, 2.796143054962158, 2.547726631164551, 2.9054932594299316, 2.6726973056793213, 3.0304672718048096, 2.802037000656128, 3.1556684970855713, 2.9270071983337402, 3.29203724861145, 3.020735263824463, 3.4044675827026367, 3.156984806060791, 3.534987211227417, 3.277991533279419, 3.654648542404175, 3.4040563106536865, 3.7795963287353516, 3.497784376144409, 3.920189380645752, 3.638375759124756, 4.0451600551605225, 3.727670431137085, 4.192780494689941, 3.8428752422332764, 4.279733896255493, 3.9834682941436768, 4.405771255493164, 4.0771989822387695, 4.530764102935791, 4.202145576477051, 4.640113353729248, 4.327117681503296, 4.774432897567749, 4.420843839645386, 4.899405241012573, 4.503089666366577, 5.01858115196228, 4.628061056137085, 5.146690607070923, 4.784274578094482, 5.271660327911377, 4.924868583679199, 5.396629571914673, 5.049839735031128, 5.521600723266602, 5.174810409545898, 5.655467510223389, 5.28416633605957, 5.783522605895996, 5.409145832061768, 5.908484220504761, 5.534116744995117, 5.98659086227417, 5.659087419509888, 6.12718391418457, 5.721573114395142, 6.2521538734436035, 5.8465447425842285, 6.314638614654541, 6.000309705734253, 6.443709135055542, 6.07843279838562, 6.568664073944092, 6.219025135040283, 6.64677095413208, 6.343995571136475, 6.771741628646851, 6.406481027603149, 6.921568870544434, 6.534525156021118, 6.9840474128723145, 6.652773857116699, 7.112093687057495, 6.715261697769165, 7.2370641231536865, 6.808990240097046, 7.373318433761597, 6.933964252471924, 7.439912796020508, 6.996452569961548, 7.564883232116699, 7.137044668197632, 7.62737774848938, 7.237610816955566, 7.754368305206299, 7.30009388923645, 7.883420944213867, 7.393819332122803, 8.02401328086853, 7.487547159194946, 8.148983716964722, 7.581276893615723, 8.28957462310791, 7.675004720687866, 8.43016791343689, 7.76873254776001, 8.564833879470825, 7.862460374832153, 8.691894054412842, 7.956189155578613, 8.816864252090454, 8.049917936325073, 8.941834688186646, 8.143646240234375, 9.074699401855469, 8.237374782562256, 9.19967007637024, 8.331103563308716, 9.333600282669067, 8.409199953079224, 9.46166706085205, 8.502902507781982, 9.586637496948242, 8.596630573272705, 9.711608171463013, 8.690358877182007, 9.836578607559204, 8.784087419509888, 9.961549043655396, 8.87781548500061, 10.086520195007324, 8.97337555885315, 10.227113723754883, 9.067103385925293, 10.371885776519775, 9.160831689834595, 10.496856927871704, 9.254559516906738, 10.621828556060791, 9.348286867141724, 10.74679970741272, 9.41077184677124, 10.871771574020386, 9.473257064819336, 11.005722045898438, 9.570126295089722, 11.130695104598999, 9.663854598999023, 11.271286964416504, 9.757582426071167, 11.396258115768433, 9.820072412490845, 11.521224021911621, 9.88255786895752, 11.646194696426392, 9.976286172866821, 11.780026912689209, 10.070003747940063, 11.908107280731201, 10.132489204406738, 12.017456769943237, 10.194974184036255, 12.142432451248169, 10.288702249526978, 12.283020257949829, 10.382431268692017, 12.423611640930176, 10.444940567016602, 12.56417989730835, 10.491804361343384, 12.698148965835571, 10.58553171157837, 12.823120355606079, 10.65218448638916, 12.948089838027954, 10.69904899597168, 13.088682889938354, 10.791367292404175, 13.213652610778809, 10.858012914657593, 13.332428216934204, 10.920501470565796, 13.457401990890503, 11.01067066192627]
Final objective value with penalty: 
0.5944930868374428
Final TV norm without penalty
0.22315523916806024
