Final evolution
[[-0.09314902-0.64408683j -0.02150105+0.3641856j   0.29981407+0.44477157j
  -0.37546919-0.12122145j]
 [-0.03940061+0.20296559j -0.65619235-0.43308047j  0.51198497+0.02116134j
  -0.24638009-0.12580102j]
 [ 0.15092672+0.45972646j  0.2858715 +0.06907663j -0.16575597+0.05754074j
  -0.79134049-0.14957561j]
 [-0.11428445-0.53529408j -0.05071746-0.39961619j -0.36094909-0.53725519j
  -0.33065924-0.09935307j]]

********* Summary *****************
Final fidelity error 0.35154560970061766
Final objective value 0.37112627121612984
Final norm value 0.019580661515512188
Final error 2.3382105234506826e-06
Terminate reason Exceed the maximum number of iteration of ADMM
Number of iterations 200
Completed in 0:02:15.901159 HH:MM:SS.US
Time for each iteration [4.921688556671143, 3.6831655502319336, 7.701271295547485, 5.967940330505371, 10.386353492736816, 7.27861213684082, 11.733904361724854, 8.430901765823364, 12.890581846237183, 9.660375833511353, 14.20727252960205, 10.625498294830322, 15.030777215957642, 11.822075605392456, 15.836402654647827, 12.652097463607788, 16.827160358428955, 13.498721837997437, 17.82449960708618, 14.299113273620605, 18.82146668434143, 15.081684112548828, 19.64285898208618, 15.874218463897705, 20.49364948272705, 16.671317100524902, 21.12856650352478, 17.311792850494385, 21.74058508872986, 18.12200665473938, 22.37475609779358, 18.599902391433716, 22.845550060272217, 19.244299173355103, 23.4860258102417, 19.878456592559814, 24.079636573791504, 20.34522557258606, 24.693408012390137, 21.123502016067505, 25.353059768676758, 21.78307318687439, 26.00727605819702, 22.27179479598999, 26.50014352798462, 22.771677017211914, 27.185547828674316, 23.415334463119507, 27.663263082504272, 23.888126373291016, 28.37671732902527, 24.580358028411865, 28.887930631637573, 25.042398929595947, 29.541687726974487, 25.63668394088745, 30.156851291656494, 26.273791074752808, 30.792983055114746, 26.892078638076782, 31.40185523033142, 27.528040170669556, 31.863840103149414, 27.999755382537842, 32.48869442939758, 28.621087551116943, 32.94383716583252, 29.094399213790894, 33.597225189208984, 29.75049591064453, 34.239954471588135, 30.40863060951233, 34.90020704269409, 30.877270936965942, 35.393428802490234, 31.53537344932556, 35.87178349494934, 32.001954555511475, 36.54350137710571, 32.64243030548096, 37.0277636051178, 33.12486386299133, 37.67391586303711, 33.78166723251343, 38.334773778915405, 34.40652132034302, 38.98636269569397, 34.90640449523926, 39.46768093109131, 35.37503504753113, 40.110294342041016, 36.03643345832825, 40.58209681510925, 36.680869340896606, 41.060163259506226, 37.33314919471741, 41.702704191207886, 37.8017897605896, 42.34102153778076, 38.28320002555847, 42.99778366088867, 38.929415464401245, 43.45080280303955, 39.382434606552124, 44.09127879142761, 40.00335144996643, 44.54430031776428, 40.47199201583862, 45.15353322029114, 41.10576820373535, 45.62436294555664, 41.574408769607544, 46.26034188270569, 42.04305171966553, 46.88519597053528, 42.68352723121643, 47.351898431777954, 43.13654661178589, 47.99024486541748, 43.60168409347534, 48.613571882247925, 44.19926118850708, 49.066591024398804, 44.67415714263916, 49.68791747093201, 45.331717014312744, 50.17217946052551, 45.81876015663147, 50.8266396522522, 46.484538078308105, 51.32652306556702, 46.956380128860474, 51.951377630233765, 47.62809777259827, 52.43312120437622, 48.11236000061035, 53.07370710372925, 48.57576608657837, 53.722753047943115, 49.04440665245056, 54.34139060974121, 49.515193700790405, 54.9662446975708, 50.12442660331726, 55.43488526344299, 50.60640096664429, 55.90845775604248, 51.24054193496704, 56.36147713661194, 51.86217260360718, 56.8257942199707, 52.48702669143677, 57.444103717803955, 52.95778679847717, 57.90282154083252, 53.42036771774292, 58.5564239025116, 53.88900876045227, 59.1926155090332, 54.35764932632446, 59.81746959686279, 54.826289892196655, 60.45605230331421, 55.2992262840271, 61.10572671890259, 55.76320242881775, 61.76296424865723, 56.415223598480225, 62.231605052948, 56.883864641189575, 62.69223380088806, 57.55494666099548, 63.173377990722656, 58.18625807762146, 63.66521501541138, 58.85509133338928, 64.13862800598145, 59.52201247215271, 64.77591943740845, 59.99954128265381, 65.2466869354248, 60.463040351867676, 65.8810977935791, 60.935877323150635, 66.54671096801758, 61.43263125419617, 67.20280838012695, 61.9012713432312, 67.85875916481018, 62.35194730758667, 68.49923491477966, 62.829384326934814, 69.15665698051453, 63.47693657875061, 69.65247988700867, 63.96120095252991, 70.13674139976501, 64.61310267448425, 70.62100338935852, 65.28015518188477]
Final objective value with penalty: 
0.3844233960560146
Final TV norm without penalty
3.2877786355396954
