Final evolution
[[ 0.27527401-0.67713659j -0.50207046-0.13227282j -0.20600267-0.32237381j
   0.01665404+0.22248616j]
 [-0.50206872-0.13227261j -0.31686067-0.29693146j  0.60878856-0.15771912j
  -0.20600231-0.32237587j]
 [-0.20600322-0.32237656j  0.6087872 -0.15771955j -0.31686028-0.29692988j
  -0.50207094-0.13227133j]
 [ 0.01665224+0.22248586j -0.20600125-0.32237611j -0.50207081-0.13227362j
   0.27527453-0.67713544j]]

********* Summary *****************
Final fidelity error 0.5947446756834099
Final objective value 0.598614356235301
Final norm value 0.003869680551891075
Final error 1.9174924114128236e-09
Terminate reason Exceed the maximum number of iteration of ADMM
Number of iterations 200
Completed in 0:00:09.417970 HH:MM:SS.US
Time for each iteration [0.2832307815551758, 0.2655632495880127, 0.564415693283081, 0.4530189037322998, 0.6112794876098633, 0.5878446102142334, 0.7518713474273682, 0.6659512519836426, 0.9403879642486572, 0.7440581321716309, 0.9872515201568604, 0.8221650123596191, 1.0341155529022217, 0.8690290451049805, 1.0966014862060547, 0.9002723693847656, 1.159118413925171, 0.9471302032470703, 1.2059564590454102, 1.009615421295166, 1.268460988998413, 1.0564603805541992, 1.308417558670044, 1.0877037048339844, 1.3396596908569336, 1.1345677375793457, 1.3865244388580322, 1.2001831531524658, 1.417766809463501, 1.2412233352661133, 1.4646329879760742, 1.303708791732788, 1.4958758354187012, 1.3505728244781494, 1.5292165279388428, 1.3974103927612305, 1.6016080379486084, 1.4286537170410156, 1.6328506469726562, 1.4599225521087646, 1.6796879768371582, 1.4911653995513916, 1.7130999565124512, 1.5224080085754395, 1.7599642276763916, 1.553675651550293, 1.791182041168213, 1.600539207458496, 1.822425127029419, 1.6317822933197021, 1.8536672592163086, 1.678675889968872, 1.884880781173706, 1.7099182605743408, 1.916123628616333, 1.7567825317382812, 1.9473659992218018, 1.7880260944366455, 1.9786083698272705, 1.8192691802978516, 2.0254716873168945, 1.8505117893218994, 2.0567142963409424, 1.8817546367645264, 2.0879571437835693, 1.922778844833374, 2.1192030906677246, 1.9696416854858398, 2.150479793548584, 2.0008506774902344, 2.1973438262939453, 2.034165620803833, 2.2393980026245117, 2.0810322761535645, 2.270641803741455, 2.1122748851776123, 2.3175058364868164, 2.143516778945923, 2.3643696308135986, 2.174787998199463, 2.411206007003784, 2.210136890411377, 2.442448377609253, 2.241382122039795, 2.4893102645874023, 2.2726247310638428, 2.52055287361145, 2.3194894790649414, 2.5517947673797607, 2.3507323265075684, 2.5830371379852295, 2.397596836090088, 2.6142797470092773, 2.428839921951294, 2.661144495010376, 2.4600813388824463, 2.692387342453003, 2.5069456100463867, 2.723629951477051, 2.5381886959075928, 2.770493745803833, 2.5694310665130615, 2.811471700668335, 2.6006758213043213, 2.8583357334136963, 2.6319186687469482, 2.889578342437744, 2.678783416748047, 2.9229228496551514, 2.710026979446411, 2.9697859287261963, 2.741269588470459, 3.0010550022125244, 2.7725188732147217, 3.047887086868286, 2.8037607669830322, 3.0947508811950684, 2.835003614425659, 3.126025438308716, 2.881835699081421, 3.1572935581207275, 2.913071632385254, 3.204164743423462, 2.94431471824646, 3.251002550125122, 2.9755570888519287, 3.2822463512420654, 3.022420644760132, 3.313502073287964, 3.053650140762329, 3.3759875297546387, 3.1161346435546875, 3.407231330871582, 3.1473939418792725, 3.4540817737579346, 3.178668975830078, 3.485290050506592, 3.225532293319702, 3.509713649749756, 3.2723987102508545, 3.5566043853759766, 3.334857225418091, 3.6035211086273193, 3.369133710861206, 3.6347639560699463, 3.400407314300537, 3.6815977096557617, 3.431650161743164, 3.7128405570983887, 3.478524684906006, 3.744072198867798, 3.5410099029541016, 3.7909371852874756, 3.587873697280884, 3.8221793174743652, 3.6503589153289795, 3.8690741062164307, 3.7128143310546875, 3.92576003074646, 3.7752981185913086, 3.9570038318634033, 3.837782382965088, 4.021652698516846, 3.869025945663452, 4.052894592285156, 3.9404330253601074, 4.099761009216309, 3.9716758728027344, 4.146626234054565, 4.002944707870483, 4.177857875823975, 4.04979395866394, 4.209099292755127, 4.081036806106567, 4.27468204498291, 4.127900838851929, 4.337167263031006, 4.1591737270355225, 4.384001016616821, 4.221658706665039, 4.415243864059448, 4.284144401550293, 4.4621076583862305, 4.331008672714233, 4.493350267410278, 4.3622519969940186, 4.555835008621216, 4.424737215042114, 4.587078094482422, 4.455979347229004, 4.633942365646362, 4.487222194671631, 4.66518497467041, 4.5340869426727295, 4.696428060531616, 4.565328359603882, 4.743292331695557, 4.596570730209351, 4.774535417556763, 4.643434524536133]
Final objective value with penalty: 
0.5947553868594665
Final TV norm without penalty
0.00010711176056554805
