Final evolution
[[-0.0932064 -0.64408145j -0.02147963+0.36421081j  0.29985169+0.44474774j
  -0.37543741-0.12122673j]
 [-0.03936489+0.20296899j -0.65616773-0.4330753j   0.51204628+0.02119415j
  -0.24633456-0.12578709j]
 [ 0.15094206+0.45972354j  0.28581819+0.06910693j -0.16574798+0.05755735j
  -0.79134911-0.14961382j]
 [-0.11428001-0.53529104j -0.0507322 -0.39967143j -0.3609093 -0.53722161j
  -0.33068559-0.09938331j]]

********* Summary *****************
Final fidelity error 0.3515463254555109
Final objective value 0.37114506875883485
Final norm value 0.019598743303324007
Final error 7.05868946454758e-08
Terminate reason Exceed the maximum number of iteration of ADMM
Number of iterations 200
Completed in 0:01:22.998616 HH:MM:SS.US
Time for each iteration [1.3701975345611572, 2.157299041748047, 3.044477701187134, 3.3873543739318848, 4.6956000328063965, 4.209584474563599, 5.5070717334747314, 4.919390916824341, 6.3463640213012695, 5.740614652633667, 7.0681211948394775, 6.238823652267456, 7.832095384597778, 6.768860101699829, 8.331087350845337, 7.273473739624023, 8.951485872268677, 7.777742862701416, 9.550128698348999, 8.262492656707764, 10.150161504745483, 8.77542233467102, 10.658223152160645, 9.269737005233765, 11.151323795318604, 9.765439748764038, 11.537342071533203, 10.15428113937378, 11.91909384727478, 10.642974853515625, 12.315035820007324, 10.929179668426514, 12.594014406204224, 11.319005250930786, 12.976990938186646, 11.59925651550293, 13.363292455673218, 12.088810682296753, 13.76724648475647, 12.47740364074707, 14.148235559463501, 12.755720376968384, 14.529038429260254, 13.136702537536621, 14.806301593780518, 13.422616720199585, 15.188281297683716, 13.814371109008789, 15.47451663017273, 14.097615718841553, 15.754190683364868, 14.48386549949646, 16.14116930961609, 14.878810405731201, 16.539856433868408, 15.271011114120483, 16.931885719299316, 15.65797734260559, 17.32257866859436, 16.04539155960083, 17.71260118484497, 16.44831943511963, 18.10427451133728, 16.83944010734558, 18.49024248123169, 17.228400230407715, 18.87891983985901, 17.622544288635254, 19.269151210784912, 17.921923398971558, 19.650051593780518, 18.320904970169067, 19.940629720687866, 18.60614275932312, 20.33657145500183, 18.994892120361328, 20.622466325759888, 19.278384685516357, 21.015416145324707, 19.571600675582886, 21.413455486297607, 19.961541891098022, 21.80241560935974, 20.246779918670654, 22.092640161514282, 20.534214973449707, 22.49457049369812, 20.923175811767578, 22.893617391586304, 21.321179628372192, 23.17778205871582, 21.61107349395752, 23.459002017974854, 22.01100492477417, 23.75149893760681, 22.409111738204956, 24.154297828674316, 22.70145034790039, 24.453498363494873, 23.093950748443604, 24.738951683044434, 23.49603819847107, 25.039149284362793, 23.889312505722046, 25.443791389465332, 24.174862146377563, 25.730968952178955, 24.56880831718445, 26.01720428466797, 24.963576078414917, 26.30424952507019, 25.347434282302856, 26.693320989608765, 25.653616189956665, 27.003165006637573, 26.055184364318848, 27.301544904708862, 26.444148063659668, 27.57880449295044, 26.835102796554565, 27.964705228805542, 27.12245011329651, 28.252793788909912, 27.52086067199707, 28.547311067581177, 27.912229299545288, 28.834119081497192, 28.294488668441772, 29.220082759857178, 28.571778297424316, 29.507283210754395, 28.96326494216919, 29.79416561126709, 29.359757900238037, 30.0839524269104, 29.739755392074585, 30.468923330307007, 30.02794337272644, 30.753390312194824, 30.316050052642822, 31.14352297782898, 30.704683780670166, 31.437742233276367, 30.99291229248047, 31.718124389648438, 31.380513668060303, 32.00460958480835, 31.778549194335938, 32.41248655319214, 32.06632137298584, 32.69554424285889, 32.3535532951355, 33.10516047477722, 32.63220238685608, 33.49294304847717, 32.916441679000854, 33.875028133392334, 33.19669270515442, 34.27096891403198, 33.48592019081116, 34.659356117248535, 33.878870248794556, 34.94559121131897, 34.16610312461853, 35.23657464981079, 34.567700147628784, 35.62304878234863, 34.8523805141449, 35.91127872467041, 35.152090549468994, 36.332234144210815, 35.600401401519775, 36.66534352302551, 35.92989897727966, 37.14085555076599, 36.28447937965393, 37.48703932762146, 36.739810943603516, 37.93993902206421, 37.08588647842407, 38.270812034606934, 37.41999411582947, 38.73964834213257, 37.75963258743286, 39.19456624984741, 38.225894927978516, 39.53565502166748, 38.55716872215271, 39.86777114868164, 39.018935680389404, 40.24583673477173, 39.50405669212341, 40.70844078063965, 39.84347200393677, 41.05486083030701, 40.20226693153381, 41.53640151023865, 40.54384636878967, 42.00016236305237, 40.998454093933105]
Final objective value with penalty: 
0.38434461635367145
Final TV norm without penalty
3.2798290898160554
