Final evolution
[[ 0.27527359-0.67713558j -0.50207035-0.13227305j -0.20600307-0.32237566j
   0.01665299+0.22248687j]
 [-0.50207035-0.13227305j -0.31686097-0.29693035j  0.60878755-0.15771836j
  -0.20600307-0.32237566j]
 [-0.20600307-0.32237566j  0.60878755-0.15771836j -0.31686097-0.29693035j
  -0.50207035-0.13227305j]
 [ 0.01665299+0.22248687j -0.20600307-0.32237566j -0.50207035-0.13227305j
   0.27527359-0.67713558j]]

********* Summary *****************
Final fidelity error 0.5947449134470657
Final objective value 0.598572957582671
Final norm value 0.0038280441356052797
Final error 0.0
Terminate reason Exceed the maximum number of iteration of ADMM
Number of iterations 200
Completed in 0:00:16.370037 HH:MM:SS.US
Time for each iteration [0.6088666915893555, 0.4686408042907715, 1.0306432247161865, 0.779130220413208, 1.2992753982543945, 1.0066509246826172, 1.536710262298584, 1.225365161895752, 1.630413293838501, 1.3191180229187012, 1.7026872634887695, 1.4440889358520508, 1.7838513851165771, 1.5690596103668213, 1.9088220596313477, 1.6315455436706543, 1.9713075160980225, 1.694030523300171, 2.0182039737701416, 1.756483793258667, 2.080690860748291, 1.818967580795288, 2.143176555633545, 1.881453037261963, 2.2056617736816406, 1.9751977920532227, 2.268130302429199, 2.053304672241211, 2.401979684829712, 2.119542360305786, 2.5001614093780518, 2.26013445854187, 2.547025203704834, 2.322620391845703, 2.6407527923583984, 2.463212728500366, 2.703238010406494, 2.52569842338562, 2.7969658374786377, 2.619454860687256, 2.8594231605529785, 2.6819398403167725, 2.9531514644622803, 2.769792318344116, 3.015639066696167, 2.832277536392212, 3.0781240463256836, 2.9365124702453613, 3.173901319503784, 2.998997926712036, 3.239474296569824, 3.0624892711639404, 3.301959753036499, 3.1249749660491943, 3.3488235473632812, 3.187460422515869, 3.407817840576172, 3.249946355819702, 3.4703030586242676, 3.316498041152954, 3.5327908992767334, 3.379006862640381, 3.5952773094177246, 3.441467046737671, 3.651981830596924, 3.503952741622925, 3.6988468170166016, 3.5664379596710205, 3.7457101345062256, 3.628922939300537, 3.812291383743286, 3.6757888793945312, 3.874777317047119, 3.7382736206054688, 3.937263011932373, 3.8007588386535645, 3.999748468399048, 3.8632442951202393, 4.092443943023682, 3.956974744796753, 4.154929161071777, 4.003845691680908, 4.2642717361450195, 4.097574710845947, 4.326756715774536, 4.184791088104248, 4.420483589172363, 4.281586647033691, 4.514237642288208, 4.422152280807495, 4.576724529266357, 4.469014883041382, 4.6860737800598145, 4.562743425369263, 4.74855899810791, 4.625229358673096, 4.842286586761475, 4.718957424163818, 4.9047722816467285, 4.7814435958862305, 4.998499393463135, 4.86939549446106, 5.060979843139648, 4.931881666183472, 5.125524997711182, 5.025609493255615, 5.219253063201904, 5.119337558746338, 5.281741619110107, 5.228684663772583, 5.37546968460083, 5.2911694049835205, 5.469197750091553, 5.384897470474243, 5.531683683395386, 5.447382211685181, 5.594169855117798, 5.509867191314697, 5.657409191131592, 5.564985275268555, 5.75113844871521, 5.661795616149902, 5.797999620437622, 5.724280595779419, 5.860485076904297, 5.786765813827515, 5.922970294952393, 5.8492512702941895, 5.969834327697754, 5.911736965179443, 6.0323193073272705, 5.974222660064697, 6.094804763793945, 6.045673847198486, 6.157292127609253, 6.108159780502319, 6.219778060913086, 6.158221244812012, 6.28226375579834, 6.22070574760437, 6.338892459869385, 6.283191680908203, 6.401377439498901, 6.332156419754028, 6.4951088428497314, 6.425884485244751, 6.5576276779174805, 6.5195794105529785, 6.651355743408203, 6.582064390182495, 6.745084285736084, 6.675793647766113, 6.807568073272705, 6.748393774032593, 6.859324932098389, 6.810879230499268, 6.90618896484375, 6.873364686965942, 6.999940633773804, 6.97606635093689, 7.062428712844849, 7.03962516784668, 7.111309766769409, 7.102109909057617, 7.20503830909729, 7.195838212966919, 7.267524480819702, 7.24645471572876, 7.335634708404541, 7.297848224639893, 7.398116588592529, 7.344712257385254, 7.446065187454224, 7.407200336456299, 7.508550405502319, 7.454063892364502, 7.571036338806152, 7.516549348831177, 7.6179282665252686, 7.5790064334869385, 7.674572229385376, 7.641494274139404, 7.737058162689209, 7.688357353210449, 7.801628828048706, 7.7477569580078125, 7.858265161514282, 7.810245513916016, 7.905128240585327, 7.872731447219849, 7.972850322723389, 7.915627956390381, 8.035312414169312, 7.978112697601318, 8.092022895812988, 8.040601968765259, 8.15450406074524, 8.105157136917114, 8.202374458312988, 8.167662858963013]
Final objective value with penalty: 
0.5947449134470657
Final TV norm without penalty
0.0
