Final evolution
[[-7.07107048e-01-7.07106511e-01j  1.00475398e-05-2.00861834e-05j
   3.83156757e-05+3.30947742e-05j  8.41095360e-07-4.79182481e-05j]
 [ 2.00849941e-05-1.00495728e-05j -7.07126781e-01-7.07086780e-01j
  -1.25623511e-05-2.95667086e-07j -1.70680416e-05+2.42554033e-05j]
 [ 4.79176776e-05-8.36340475e-07j -2.42544188e-05+1.70682878e-05j
  -2.40080426e-06+7.69876197e-05j -7.07084164e-01-7.07129391e-01j]
 [-3.30927053e-05-3.83183704e-05j  2.96324517e-07+1.25636264e-05j
  -7.07109122e-01-7.07104434e-01j -7.69871036e-05+2.39610841e-06j]]

********* Summary *****************
Final fidelity error 3.3129773369111604e-09
Final objective value 3.3150541501736133e-09
Final norm value 2.076783189863818e-12
Final error 6.259366358806582e-33
Terminate reason Exceed the maximum number of iteration of ADMM
Number of iterations 200
Completed in 0:13:00.316354 HH:MM:SS.US
Time for each iteration [18.64126992225647, 15.392445802688599, 39.31153678894043, 36.6836199760437, 59.99967098236084, 65.64658045768738, 89.01214671134949, 92.61251735687256, 115.65980935096741, 122.61127471923828, 144.40839767456055, 153.99965167045593, 175.18841290473938, 179.48350596427917, 199.72993731498718, 198.404643535614, 210.15495657920837, 209.65199613571167, 219.29837727546692, 217.47342443466187, 225.86350274085999, 223.22970628738403, 231.74008131027222, 225.082359790802, 233.55837154388428, 226.87707805633545, 235.38091826438904, 228.7221176624298, 237.19697165489197, 230.56150031089783, 239.0617094039917, 232.4030511379242, 240.87963700294495, 234.2332694530487, 242.71244406700134, 236.05426263809204, 244.57115983963013, 237.89219093322754, 246.4118368625641, 239.74136996269226, 248.26597261428833, 241.57231378555298, 250.09960532188416, 243.40137338638306, 251.91300916671753, 245.23053669929504, 253.73774695396423, 247.08478260040283, 255.54409193992615, 248.9035587310791, 257.3745255470276, 250.71667098999023, 259.2044835090637, 252.54248309135437, 261.02856373786926, 254.40668177604675, 262.8428838253021, 256.2103748321533, 264.6448333263397, 258.0269033908844, 266.46375465393066, 259.8397614955902, 268.30593633651733, 261.7679994106293, 270.1680037975311, 263.6109998226166, 271.9936101436615, 265.4341447353363, 273.8167850971222, 267.2674398422241, 275.6328294277191, 269.1403203010559, 277.46413254737854, 270.95738554000854, 279.2887749671936, 272.7726640701294, 281.14941239356995, 274.61034536361694, 282.9683930873871, 276.4740424156189, 284.8333647251129, 278.3179557323456, 286.6827356815338, 280.1354196071625, 288.51548767089844, 281.9422597885132, 290.3530671596527, 283.8084750175476, 292.2360506057739, 285.62953305244446, 294.09347772598267, 287.4421055316925, 295.9252676963806, 289.2599039077759, 297.7685492038727, 291.0711762905121, 299.6675992012024, 292.89491868019104, 301.5014352798462, 294.74592113494873, 303.3442716598511, 296.55644965171814, 305.175993680954, 298.37985849380493, 307.03166484832764, 300.2017538547516, 308.8584792613983, 302.0548405647278, 310.68876123428345, 303.8816957473755, 312.5163297653198, 305.70865750312805, 314.4002311229706, 307.5567240715027, 316.2024631500244, 309.393354177475, 318.0100588798523, 311.22439432144165, 319.83602380752563, 313.0531256198883, 321.7001395225525, 314.9066734313965, 323.53705859184265, 316.7354242801666, 325.35107493400574, 318.5873146057129, 327.23027300834656, 320.4141616821289, 329.0994625091553, 322.2713432312012, 330.9193444252014, 324.12148571014404, 332.78614807128906, 325.97809743881226, 334.60746455192566, 327.8136043548584, 336.4706585407257, 329.66616201400757, 338.30537486076355, 331.5062391757965, 340.1266601085663, 333.34396624565125, 341.95200872421265, 335.1513571739197, 343.7614712715149, 337.1274712085724, 345.6115198135376, 338.9563264846802, 347.4367091655731, 340.7556869983673, 349.25890254974365, 342.59891414642334, 351.109578371048, 344.49700713157654, 352.96164631843567, 346.3333013057709, 354.7995846271515, 348.1652855873108, 356.642231464386, 350.0178918838501, 358.460928440094, 351.9211301803589, 360.31130957603455, 353.761771440506, 362.16019463539124, 355.5775966644287, 364.01298999786377, 357.4068841934204, 365.843843460083, 359.2923605442047, 367.6883399486542, 361.10123324394226, 369.5134971141815, 362.94839096069336, 371.3481013774872, 364.76313877105713, 373.17642402648926, 366.6326344013214, 375.03893184661865, 368.47555327415466, 376.86910676956177, 370.29246258735657, 378.6820731163025, 372.1009638309479, 380.52513122558594, 373.9451627731323, 382.37279987335205, 375.75557708740234, 384.1965787410736, 377.5927460193634, 386.00368094444275, 379.444949388504, 387.8503441810608, 381.30194330215454, 389.78564953804016, 383.1416642665863, 391.64147782325745, 384.9860601425171, 393.490935087204, 386.8254187107086]
Final objective value with penalty: 
3.313300190170996e-09
Final TV norm without penalty
32.285325983559375
