Final evolution
[[-7.07182173e-01-7.07031345e-01j  2.08830139e-05-4.92343962e-05j
   1.35998362e-04+1.52248834e-04j -9.81371769e-06-8.77647959e-05j]
 [ 4.91949489e-05-2.08855010e-05j -7.07037039e-01-7.07176451e-01j
  -1.23265212e-04+7.11581039e-05j  5.13405687e-06+2.65183382e-04j]
 [ 8.77987119e-05+9.86443686e-06j -2.65146314e-04-5.23436129e-06j
   1.27158708e-04+2.83468363e-04j -7.06971278e-01-7.07242135e-01j]
 [-1.52266392e-04-1.35967033e-04j -7.12215159e-05+1.23288780e-04j
  -7.07236433e-01-7.06976993e-01j -2.83434081e-04-1.27189253e-04j]]

********* Summary *****************
Final fidelity error 7.129274381956208e-08
Final objective value 1.9490223178919256e-07
Final norm value 1.2360948797862648e-07
Final error 2.769815573263179e-09
Terminate reason Exceed the maximum number of iteration of ADMM
Number of iterations 200
Completed in 0:20:28.317057 HH:MM:SS.US
Time for each iteration [18.811218738555908, 15.477660417556763, 39.47295117378235, 35.72182035446167, 60.924487352371216, 61.97432589530945, 89.13298749923706, 88.28028893470764, 117.75676345825195, 116.73871636390686, 148.27620697021484, 146.30395889282227, 175.21077823638916, 173.90624928474426, 200.4420404434204, 192.2063729763031, 213.92369484901428, 204.33604502677917, 225.691908121109, 215.02164816856384, 233.6059753894806, 222.90734910964966, 241.5687026977539, 229.48239469528198, 248.1545820236206, 234.69840955734253, 253.44421577453613, 239.96737480163574, 258.6139016151428, 245.21436142921448, 263.8329133987427, 250.403559923172, 269.11180090904236, 255.687908411026, 274.2784614562988, 260.928347826004, 279.51280546188354, 266.15902304649353, 284.80936312675476, 271.3218905925751, 290.0388300418854, 276.63090324401855, 295.2535264492035, 281.8775029182434, 300.46458315849304, 287.061735868454, 305.708788394928, 292.2836322784424, 310.91220927238464, 297.60539078712463, 316.1323812007904, 302.79832339286804, 321.3954119682312, 308.0166187286377, 326.57050037384033, 313.3549852371216, 331.73640155792236, 318.60766434669495, 336.9975070953369, 323.79179286956787, 342.20382475852966, 329.06222224235535, 347.4556260108948, 332.9115800857544, 352.7179853916168, 336.76002955436707, 357.9291594028473, 342.3302571773529, 363.4050443172455, 348.32574939727783, 367.30381870269775, 353.6724576950073, 372.52161979675293, 358.3466069698334, 377.0204529762268, 363.5475490093231, 380.93665862083435, 367.4144697189331, 386.1100630760193, 371.3686578273773, 390.006548166275, 376.5674159526825, 393.87131667137146, 380.4898180961609, 397.71915078163147, 384.36817049980164, 401.5796036720276, 388.2780237197876, 405.43722701072693, 392.1274917125702, 409.2868468761444, 396.7092785835266, 413.16581773757935, 400.5749945640564, 417.08967900276184, 404.4239785671234, 420.92855501174927, 408.3029131889343, 424.83202171325684, 412.17621183395386, 428.70418334007263, 416.024781703949, 432.6282012462616, 420.5431799888611, 437.24508118629456, 424.4328601360321, 441.18427896499634, 428.2884750366211, 445.0647933483124, 432.18224716186523, 449.6153099536896, 436.02621507644653, 453.49709272384644, 439.95230412483215, 457.3284080028534, 443.8047091960907, 461.1753523349762, 447.7641317844391, 465.06035900115967, 451.6058781147003, 468.93510389328003, 455.50774216651917, 472.79042959213257, 459.3667480945587, 476.64404821395874, 463.2530822753906, 480.4626021385193, 467.0752422809601, 484.3209261894226, 471.0018811225891, 488.17001271247864, 474.8582103252411, 492.0567479133606, 478.79593873023987, 495.9172840118408, 482.654492855072, 499.83977460861206, 486.5393018722534, 503.68958568573, 490.45516896247864, 507.7052569389343, 494.3622226715088, 511.59297919273376, 498.22368717193604, 515.4636740684509, 502.0710082054138, 519.3415946960449, 505.9731855392456, 523.2955474853516, 509.8479268550873, 527.1583280563354, 513.7084906101227, 531.1225502490997, 517.5761303901672, 534.9836096763611, 521.4592707157135, 538.9055449962616, 525.3141412734985, 542.7567019462585, 529.2338070869446, 546.6398162841797, 533.1015410423279, 550.5221648216248, 536.9986019134521, 554.4173605442047, 540.8927531242371, 558.2587101459503, 544.8202877044678, 562.1154615879059, 548.647887468338, 565.9752521514893, 552.6074814796448, 569.862203836441, 556.4541962146759, 573.7566559314728, 560.3772165775299, 577.6631560325623, 564.2762336730957, 581.5785038471222, 568.2287690639496, 585.4998733997345, 572.109983921051, 589.398651599884, 576.0788199901581, 593.2569723129272, 579.9299149513245, 597.2241156101227, 583.835310459137, 601.0958325862885, 587.7317230701447, 605.003937959671, 591.6731765270233, 608.8895878791809, 595.5444955825806, 612.8369479179382, 599.4225330352783, 616.6935005187988, 603.4020929336548, 620.6508765220642, 607.6661803722382]
Final objective value with penalty: 
0.00031113899556641205
Final TV norm without penalty
31.106770282259248
