Final evolution
[[ 0.30037506-0.7421168j  -0.5002295 -0.11341674j -0.17254376-0.17135688j
   0.09701912+0.16552139j]
 [-0.36567038-0.09746857j -0.28747512-0.37927348j  0.67488636-0.21003781j
  -0.14389958-0.33166273j]
 [-0.21624532-0.38440328j  0.56968628-0.24387032j -0.25840813-0.254979j
  -0.53817854+0.00563052j]
 [-0.04095506+0.14006176j -0.06110005-0.35024044j -0.52799803-0.17523418j
   0.34015067-0.65353836j]]

********* Summary *****************
Final fidelity error 0.5834624113015126
Final objective value 0.5834627321816562
Final norm value 3.2088014367825934e-07
Final error 1.5407439555097887e-33
Terminate reason Exceed the maximum number of iteration of ADMM
Number of iterations 200
Completed in 0:00:15.810959 HH:MM:SS.US
Time for each iteration [0.4052891731262207, 0.21278905868530273, 0.6540102958679199, 0.44918370246887207, 0.8727090358734131, 0.6613163948059082, 1.1101868152618408, 0.874180793762207, 1.3461835384368896, 0.9991505146026611, 1.5336391925811768, 1.1650738716125488, 1.8091967105865479, 1.4680132865905762, 2.1372435092926025, 1.6867132186889648, 2.3559412956237793, 1.8585493564605713, 2.522373914718628, 1.9835190773010254, 2.6634957790374756, 2.112175226211548, 2.780183792114258, 2.2258715629577637, 2.8928823471069336, 2.301669120788574, 2.967681407928467, 2.3754730224609375, 3.0414841175079346, 2.4471805095672607, 3.1173057556152344, 2.520984172821045, 3.19307804107666, 2.593789577484131, 3.2629075050354004, 2.6636030673980713, 3.331723690032959, 2.7334165573120117, 3.4015371799468994, 2.806730031967163, 3.47633695602417, 2.8755462169647217, 3.5461502075195312, 2.9443624019622803, 3.6159636974334717, 3.0141758918762207, 3.685777187347412, 3.083989143371582, 3.758582592010498, 3.1547999382019043, 3.832409620285034, 3.227581024169922, 3.904217481613159, 3.300386905670166, 3.976025342941284, 3.370706796646118, 4.050825595855713, 3.4415173530578613, 4.121636390686035, 3.515320301055908, 4.195439338684082, 3.591118335723877, 4.270238876342773, 3.663923501968384, 4.34405779838562, 3.736729145050049, 4.415865659713745, 3.8093831539154053, 4.478349924087524, 3.8874900341033936, 4.540835380554199, 3.965596914291382, 4.618941783905029, 4.028083324432373, 4.706799745559692, 4.090568780899048, 4.784907817840576, 4.170764923095703, 4.847392797470093, 4.233250141143799, 4.894257068634033, 4.289886236190796, 4.941123723983765, 4.336750030517578, 5.003612756729126, 4.383612632751465, 5.066097021102905, 4.46073317527771, 5.125456094741821, 4.530908584594727, 5.2035627365112305, 4.577776670455933, 5.250422716140747, 4.640263080596924, 5.3129072189331055, 4.687141418457031, 5.375380277633667, 4.749626874923706, 5.453485012054443, 4.812112092971802, 5.515971660614014, 4.911029100418091, 5.566887140274048, 4.9735167026519775, 5.613749265670776, 5.036001682281494, 5.661716938018799, 5.098492383956909, 5.722550868988037, 5.15153956413269, 5.7850377559661865, 5.229644536972046, 5.850722312927246, 5.276507139205933, 5.913225889205933, 5.323354721069336, 5.975708961486816, 5.385840177536011, 6.022572994232178, 5.448325872421265, 6.06943678855896, 5.5108113288879395, 6.120412111282349, 5.557677984237671, 6.1828978061676025, 5.6201629638671875, 6.229761838912964, 5.682648420333862, 6.276625871658325, 5.745133876800537, 6.323490381240845, 5.791997194290161, 6.3859758377075195, 5.854482650756836, 6.448461294174194, 5.901346683502197, 6.505542516708374, 5.963834762573242, 6.56802773475647, 6.010699033737183, 6.630512714385986, 6.057563543319702, 6.692997932434082, 6.1044275760650635, 6.755482912063599, 6.151318073272705, 6.817942142486572, 6.198215484619141, 6.880394458770752, 6.245079755783081, 6.9428794384002686, 6.296035289764404, 6.989743709564209, 6.3585205078125, 7.03660774230957, 6.421005487442017, 7.08347225189209, 6.4834911823272705, 7.130367040634155, 6.545945644378662, 7.186060428619385, 6.592808961868286, 7.232924699783325, 6.655294418334961, 7.282878875732422, 6.696300268173218, 7.345367431640625, 6.743164777755737, 7.39223051071167, 6.805649995803833, 7.439094305038452, 6.8525145053863525, 7.490069150924683, 6.9150025844573975, 7.536933183670044, 6.96186637878418, 7.604243993759155, 7.013865232467651, 7.651107549667358, 7.076350927352905, 7.697970867156982, 7.123215913772583, 7.745891809463501, 7.175992727279663, 7.808391094207764, 7.2228429317474365, 7.855255365371704, 7.277266979217529, 7.9021217823028564, 7.339753150939941, 7.964611053466797, 7.388744831085205, 8.031681060791016, 7.435608148574829, 8.094166278839111, 7.498094320297241, 8.14103078842163, 7.560579299926758, 8.203516006469727, 7.607443332672119]
Final objective value with penalty: 
0.5834824113015126
Final TV norm without penalty
2.000000000002
