Final evolution
[[-0.07520085-0.64382822j -0.03156251+0.33620821j  0.31163935+0.46256642j
  -0.37680824-0.11281258j]
 [-0.03724544+0.18609879j -0.65436227-0.47516917j  0.48698879+0.00370745j
  -0.23023023-0.14080663j]
 [ 0.13332385+0.47233452j  0.27873342+0.06263871j -0.14680633+0.07255342j
  -0.79782239-0.11904735j]
 [-0.1101872 -0.53925292j -0.02449541-0.38700927j -0.39217178-0.52069817j
  -0.34024086-0.07745796j]]

********* Summary *****************
Final fidelity error 0.34914110430750145
Final objective value 0.3491445201824211
Final norm value 3.4158749195878357e-06
Final error 1.9955152027395996e-06
Terminate reason Exceed the maximum number of iteration of ADMM
Number of iterations 200
Completed in 0:02:01.075523 HH:MM:SS.US
Time for each iteration [4.562841415405273, 2.8475804328918457, 6.829148292541504, 4.120173215866089, 8.424152851104736, 5.2424211502075195, 9.529447555541992, 6.379148960113525, 10.676194429397583, 7.481064081192017, 11.759242057800293, 8.445909976959229, 12.712019920349121, 9.395581245422363, 13.649022579193115, 10.363948583602905, 14.738715648651123, 11.466512441635132, 15.835359334945679, 12.385862350463867, 16.755494594573975, 13.332439422607422, 17.703899145126343, 14.284348726272583, 18.62311100959778, 15.206008672714233, 19.578493356704712, 16.120383262634277, 20.509546041488647, 17.056921005249023, 21.116559743881226, 17.978956699371338, 22.084986686706543, 18.926273584365845, 23.00536012649536, 19.523525714874268, 23.931833267211914, 20.148379802703857, 24.54106569290161, 20.73886752128601, 25.1459698677063, 21.362462043762207, 25.776504516601562, 21.96590495109558, 26.39450478553772, 22.564407110214233, 26.845327615737915, 23.01410174369812, 27.28272533416748, 23.476049184799194, 27.73372983932495, 23.925904750823975, 28.18016290664673, 24.36650037765503, 28.610813856124878, 24.82217025756836, 29.04219150543213, 25.275189638137817, 29.495211839675903, 25.712586402893066, 29.960899591445923, 26.1509907245636, 30.41818928718567, 26.604010343551636, 30.87120771408081, 27.053650379180908, 31.34150004386902, 27.50529193878174, 31.80230689048767, 27.949318647384644, 32.26029562950134, 28.400649070739746, 32.72155475616455, 28.86357545852661, 33.166459798812866, 29.320999145507812, 33.60974335670471, 29.87173366546631, 34.05914354324341, 30.322615385055542, 34.531978607177734, 30.795756816864014, 34.97582459449768, 31.252257585525513, 35.44126272201538, 31.699158668518066, 35.91994547843933, 32.157777070999146, 36.395251512527466, 32.627469301223755, 36.859195709228516, 33.090763330459595, 37.31873178482056, 33.5484836101532, 37.78217434883118, 33.99904727935791, 38.24614238739014, 34.445180892944336, 38.69965887069702, 34.89433240890503, 39.16038155555725, 35.362582206726074, 39.62884497642517, 35.832971811294556, 40.09401559829712, 36.280404567718506, 40.87583875656128, 37.03470730781555, 41.31668949127197, 37.48238182067871, 41.7569625377655, 37.916131258010864, 42.21114802360535, 38.400002002716064, 42.67381048202515, 38.8598370552063, 43.12596011161804, 39.3092622756958, 43.55162024497986, 39.75924849510193, 44.005293130874634, 40.21467351913452, 44.469056367874146, 40.6520631313324, 44.93343377113342, 41.08150839805603, 45.57279372215271, 41.536091327667236, 46.17246723175049, 41.978787422180176, 46.61534261703491, 42.43074655532837, 47.06655526161194, 42.89297151565552, 47.498088359832764, 43.33972144126892, 47.934473514556885, 43.78887104988098, 48.54667663574219, 44.42095136642456, 49.144625663757324, 44.87582564353943, 49.595726013183594, 45.32108664512634, 50.03797173500061, 45.7799506187439, 50.484888553619385, 46.22651982307434, 50.9367470741272, 46.67185640335083, 51.535218954086304, 47.28111720085144, 51.97801947593689, 47.73585367202759, 52.42319369316101, 48.18379259109497, 52.876628160476685, 48.640466928482056, 53.32678771018982, 49.1112334728241, 53.95919156074524, 49.556331634521484, 54.53887939453125, 50.008628845214844, 54.99977087974548, 50.46757888793945, 55.43509793281555, 50.940088987350464, 55.88110566139221, 51.39077544212341, 56.3389573097229, 51.83277916908264, 56.78722548484802, 52.431246280670166, 57.26940107345581, 52.880443811416626, 57.732247829437256, 53.33356332778931, 58.18346667289734, 53.75436568260193, 58.628039836883545, 54.20261526107788, 59.0910861492157, 54.65154027938843, 59.677536964416504, 55.09423804283142, 60.13682699203491, 55.5468008518219, 60.601970195770264, 56.00533413887024, 61.065245389938354, 56.44135904312134, 61.516345739364624, 56.8827006816864, 61.976547956466675, 57.300573110580444, 62.40682673454285, 57.7658908367157, 62.85661292076111, 58.218910217285156]
Final evolution
[[-0.07520085-0.64382822j -0.03156251+0.33620821j  0.31163935+0.46256642j
  -0.37680824-0.11281258j]
 [-0.03724544+0.18609879j -0.65436227-0.47516917j  0.48698879+0.00370745j
  -0.23023023-0.14080663j]
 [ 0.13332385+0.47233452j  0.27873342+0.06263871j -0.14680633+0.07255342j
  -0.79782239-0.11904735j]
 [-0.1101872 -0.53925292j -0.02449541-0.38700927j -0.39217178-0.52069817j
  -0.34024086-0.07745796j]]

********* Summary *****************
Final fidelity error 0.34914110430750145
Final objective value 0.3491445201824211
Final norm value 3.4158749195878357e-06
Final error 1.9955152027395996e-06
Terminate reason Exceed the maximum number of iteration of ADMM
Number of iterations 200
Completed in 0:02:05.805559 HH:MM:SS.US
Time for each iteration [4.59816575050354, 2.7274906635284424, 6.819383859634399, 3.972492218017578, 8.393646478652954, 5.08926796913147, 9.500564098358154, 6.196627616882324, 10.610270023345947, 7.318085670471191, 11.76247763633728, 8.298671245574951, 12.765528917312622, 9.253976106643677, 13.726555824279785, 10.18986988067627, 14.84369158744812, 11.296941995620728, 15.940757989883423, 12.233785152435303, 16.88735342025757, 13.1550612449646, 17.816229581832886, 14.126297950744629, 18.78605318069458, 15.119091510772705, 19.74248242378235, 16.10440707206726, 20.707985877990723, 17.047756671905518, 21.34281039237976, 18.036985874176025, 22.320181608200073, 19.085015535354614, 23.372121572494507, 19.780985355377197, 24.379533290863037, 20.47671127319336, 25.091203212738037, 21.177697896957397, 25.771416425704956, 21.860430240631104, 26.44779109954834, 22.575074672698975, 27.11908459663391, 23.22928214073181, 27.583987712860107, 23.698060035705566, 28.164478540420532, 24.31875228881836, 28.68486189842224, 24.824681043624878, 29.17921209335327, 25.3197340965271, 29.686942100524902, 25.81593918800354, 30.167986154556274, 26.28722643852234, 30.640333652496338, 26.752113580703735, 31.129382371902466, 27.212080717086792, 31.622483491897583, 27.675944805145264, 32.1065092086792, 28.125184059143066, 32.589112997055054, 28.620503425598145, 33.07639408111572, 29.109306573867798, 33.54043936729431, 29.564733266830444, 34.02592468261719, 30.06777262687683, 34.513744831085205, 30.533735752105713, 35.000332832336426, 30.998482942581177, 35.457151651382446, 31.49115824699402, 35.95214295387268, 31.952449560165405, 36.43107008934021, 32.40942645072937, 36.904449224472046, 32.8983199596405, 37.375916481018066, 33.382221937179565, 37.85242962837219, 33.8506863117218, 38.31601357460022, 34.33718538284302, 38.77597951889038, 34.780028104782104, 39.249804973602295, 35.26608061790466, 39.740845680236816, 35.73770356178284, 40.20347213745117, 36.223644971847534, 40.69091081619263, 36.69752621650696, 41.16633939743042, 37.16055750846863, 41.63923907279968, 37.63729763031006, 42.42506241798401, 38.420101165771484, 42.89741802215576, 38.8779399394989, 43.38089966773987, 39.35653877258301, 43.83571195602417, 39.81483006477356, 44.294114112854004, 40.29109835624695, 44.75135254859924, 40.783865213394165, 45.22399830818176, 41.235522508621216, 45.69711756706238, 41.69309043884277, 46.155606269836426, 42.167211055755615, 46.61205077171326, 42.65475845336914, 47.26655960083008, 43.11322736740112, 47.90854263305664, 43.58225226402283, 48.38640213012695, 44.0277054309845, 48.85721158981323, 44.49193859100342, 49.32611870765686, 44.95934772491455, 49.79843521118164, 45.43049478530884, 50.43040895462036, 46.10216951370239, 51.0981080532074, 46.57768440246582, 51.55631351470947, 47.036409854888916, 52.0113000869751, 47.5104615688324, 52.47323727607727, 47.96824789047241, 52.943602323532104, 48.42599534988403, 53.57277011871338, 49.05594301223755, 54.02743339538574, 49.51966404914856, 54.50043249130249, 49.99488377571106, 54.98989272117615, 50.459522008895874, 55.4772515296936, 50.94378471374512, 56.09689378738403, 51.412428855895996, 56.744041442871094, 51.88638710975647, 57.19706058502197, 52.34682035446167, 57.654080867767334, 52.80674123764038, 58.11377263069153, 53.26132917404175, 58.587641954422, 53.72996997833252, 59.062288999557495, 54.392820835113525, 59.54478406906128, 54.848443031311035, 60.024338245391846, 55.324042558670044, 60.49179410934448, 55.80171465873718, 60.962833642959595, 56.27589559555054, 61.40023136138916, 56.74604940414429, 62.05064535140991, 57.2244598865509, 62.50585699081421, 57.69778561592102, 62.962970495224, 58.16505718231201, 63.43639326095581, 58.62298369407654, 63.90170383453369, 59.10365843772888, 64.34570026397705, 59.592530488967896, 64.79808020591736, 60.06688189506531, 65.27128601074219, 60.53427290916443]
Final evolution
[[-0.07520085-0.64382822j -0.03156251+0.33620821j  0.31163935+0.46256642j
  -0.37680824-0.11281258j]
 [-0.03724544+0.18609879j -0.65436227-0.47516917j  0.48698879+0.00370745j
  -0.23023023-0.14080663j]
 [ 0.13332385+0.47233452j  0.27873342+0.06263871j -0.14680633+0.07255342j
  -0.79782239-0.11904735j]
 [-0.1101872 -0.53925292j -0.02449541-0.38700927j -0.39217178-0.52069817j
  -0.34024086-0.07745796j]]

********* Summary *****************
Final fidelity error 0.34914110430750145
Final objective value 0.3491445201824211
Final norm value 3.4158749195878357e-06
Final error 1.9955152027395996e-06
Terminate reason Exceed the maximum number of iteration of ADMM
Number of iterations 200
Completed in 0:02:05.468831 HH:MM:SS.US
Time for each iteration [4.479891061782837, 2.743046283721924, 6.750507354736328, 3.9718716144561768, 8.341355323791504, 5.083964586257935, 9.437350749969482, 6.200798273086548, 10.510239601135254, 7.281928062438965, 11.585553169250488, 8.219209671020508, 12.513344526290894, 9.144052505493164, 13.41593313217163, 10.072223424911499, 14.490197896957397, 11.173102140426636, 15.602425813674927, 12.118132829666138, 16.555328369140625, 13.083015441894531, 17.52939248085022, 14.039061546325684, 18.466673851013184, 14.988407373428345, 19.424615621566772, 15.946114540100098, 20.389602661132812, 16.982527256011963, 21.04891347885132, 17.957707166671753, 22.018115520477295, 18.93741536140442, 22.9962260723114, 19.57462763786316, 23.994662523269653, 20.19597625732422, 24.619516611099243, 20.853869676589966, 25.253714084625244, 21.50649929046631, 25.89946436882019, 22.14044976234436, 26.511932849884033, 22.758500337600708, 26.968175172805786, 23.224692583084106, 27.421194314956665, 23.6933331489563, 27.874213695526123, 24.170954704284668, 28.345932960510254, 24.648432731628418, 28.816669464111328, 25.13269543647766, 29.308136701583862, 25.597833395004272, 29.779314279556274, 26.066473960876465, 30.22886896133423, 26.519493103027344, 30.694494247436523, 27.00375485420227, 31.1599338054657, 27.488016366958618, 31.609742641448975, 27.95511555671692, 32.07838296890259, 28.439377546310425, 32.571282386779785, 28.881900787353516, 33.024301528930664, 29.34027409553528, 33.49973130226135, 29.80849266052246, 33.96946954727173, 30.27136731147766, 34.42567682266235, 30.750988721847534, 34.87869596481323, 31.222156524658203, 35.33742022514343, 31.715526580810547, 35.824827909469604, 32.16282033920288, 36.30954384803772, 32.6627037525177, 36.79380559921265, 33.137993574142456, 37.27253198623657, 33.671072483062744, 37.79850721359253, 34.159327030181885, 38.35866689682007, 34.64885139465332, 38.84413695335388, 35.11060857772827, 39.31686472892761, 35.601797342300415, 39.786447048187256, 36.08605766296387, 40.27070879936218, 36.561105251312256, 40.72372794151306, 37.04161882400513, 41.533745527267456, 37.84722399711609, 42.00549840927124, 38.3134560585022, 42.47413897514343, 38.766475200653076, 42.93680167198181, 39.248448848724365, 43.38982105255127, 39.710692167282104, 43.843366622924805, 40.16371154785156, 44.30370211601257, 40.628824949264526, 44.77391600608826, 41.081844091415405, 45.22693705558777, 41.550482988357544, 45.693647146224976, 42.00831127166748, 46.31489396095276, 42.470359563827515, 46.91689443588257, 42.970242500305176, 47.38553500175476, 43.43888330459595, 47.851999282836914, 43.90752363204956, 48.302284717559814, 44.36469125747681, 48.832616329193115, 44.86457657814026, 49.48677110671997, 45.58304953575134, 50.28767442703247, 46.08186173439026, 50.787556171417236, 46.56239986419678, 51.25619673728943, 47.01279950141907, 51.73766732215881, 47.49706244468689, 52.20630764961243, 47.96570301055908, 52.84637188911438, 48.62653708457947, 53.31255769729614, 49.094372510910034, 53.78119778633118, 49.55767846107483, 54.243526458740234, 50.028454303741455, 54.71216702461243, 50.52233076095581, 55.36934304237366, 51.00202465057373, 56.03749418258667, 51.470664978027344, 56.53158640861511, 51.95805597305298, 57.016011476516724, 52.47002983093262, 57.47865056991577, 52.94182991981506, 57.947291135787964, 53.426090478897095, 58.431554555892944, 54.078686237335205, 58.909154653549194, 54.55740308761597, 59.396567821502686, 55.034850120544434, 59.87750720977783, 55.50415754318237, 60.37739062309265, 55.98463559150696, 60.849181175231934, 56.44315528869629, 61.48198962211609, 56.88903069496155, 61.951690673828125, 57.3678822517395, 62.4203314781189, 57.85214447975159, 62.876410484313965, 58.334511280059814, 63.36174011230469, 58.79997205734253, 63.83025574684143, 59.354846477508545, 64.56036067008972, 59.899792194366455, 65.064279794693, 60.40455079078674]
Final objective value with penalty: 
0.3497569556073853
Final TV norm without penalty
6.158512998838406
