Final evolution
[[-7.08035439e-01-7.06171196e-01j  3.48286931e-04-4.83837465e-04j
   1.89843005e-03+1.13905002e-03j  1.69227526e-04-1.66529269e-03j]
 [ 4.76933366e-04-3.51941159e-04j -7.06452728e-01-7.07752270e-01j
  -1.59160579e-03+4.82254515e-04j -5.26939593e-04+2.80574269e-03j]
 [ 1.66619822e-03-1.61532198e-04j -2.80356731e-03+5.14067704e-04j
   1.12900829e-03+3.14231701e-03j -7.05299029e-01-7.08894353e-01j]
 [-1.14171509e-03-1.89777798e-03j -4.87025539e-04+1.59690706e-03j
  -7.08613835e-01-7.05583175e-01j -3.13608586e-03-1.13518755e-03j]]

********* Summary *****************
Final fidelity error 9.231907732720757e-06
Final objective value 2.020770472814317e-05
Final norm value 1.0975796995382758e-05
Final error 3.6438027697993844e-08
Terminate reason Exceed the maximum number of iteration of ADMM
Number of iterations 200
Completed in 0:48:38.427050 HH:MM:SS.US
Time for each iteration [18.88124966621399, 14.202881097793579, 39.08802509307861, 33.861835956573486, 58.43157649040222, 57.436498403549194, 80.79700899124146, 81.53540277481079, 105.03778195381165, 103.81225895881653, 127.2636890411377, 118.68623948097229, 142.03329420089722, 134.11440896987915, 157.66083455085754, 149.00352001190186, 172.66848230361938, 170.55953431129456, 193.14545369148254, 188.43407320976257, 213.32983255386353, 209.32555961608887, 230.8149857521057, 229.49313259124756, 251.77726817131042, 250.39084553718567, 271.99369192123413, 270.7131314277649, 292.28071093559265, 291.1995074748993, 312.7376387119293, 311.5810823440552, 330.2727241516113, 329.13758087158203, 351.3100290298462, 346.7106263637543, 369.6694927215576, 367.0185639858246, 387.29204845428467, 387.2663927078247, 404.9023413658142, 405.57368779182434, 423.1268012523651, 423.91451048851013, 440.75254106521606, 445.78335309028625, 458.4250237941742, 465.60843205451965, 476.60318064689636, 483.3088207244873, 491.1044714450836, 502.3079788684845, 508.7874722480774, 520.0080988407135, 527.360021352768, 534.874439239502, 545.7153646945953, 554.4612503051758, 560.5774552822113, 570.5439977645874, 574.7100269794464, 583.2183690071106, 589.5689396858215, 597.5072593688965, 605.0637106895447, 612.8727717399597, 619.8663296699524, 627.685869216919, 634.0731334686279, 643.4477713108063, 648.8655393123627, 659.9554567337036, 663.6725234985352, 674.8366963863373, 678.5286731719971, 687.5441365242004, 691.421059846878, 701.5586361885071, 707.6110107898712, 714.4583339691162, 722.7169046401978, 726.7625997066498, 737.6782817840576, 741.6901543140411, 750.8031311035156, 755.9941155910492, 765.9203100204468, 770.3330297470093, 778.1941511631012, 782.6243467330933, 792.6875228881836, 795.7029271125793, 804.8773920536041, 808.6720967292786, 817.6047868728638, 821.7893514633179, 834.8536148071289, 833.3975262641907, 849.9450795650482, 846.1456186771393, 863.4505603313446, 858.6835498809814, 879.2547969818115, 870.8134932518005, 891.702742099762, 883.67817735672, 905.6300837993622, 897.7421495914459, 919.5183641910553, 911.4698004722595, 933.2119247913361, 925.0878412723541, 946.7498445510864, 938.0541558265686, 959.058363199234, 951.7038969993591, 967.8175888061523, 963.2005279064178, 984.2908453941345, 972.6635353565216, 996.4923846721649, 982.2136130332947, 1009.2823393344879, 993.7701406478882, 1021.8053233623505, 1007.2252926826477, 1037.844816684723, 1020.5828456878662, 1050.2100481987, 1033.3459570407867, 1063.4290339946747, 1049.090574502945, 1078.3060894012451, 1060.7349307537079, 1090.9264168739319, 1073.624810218811, 1104.043426990509, 1086.7122118473053, 1116.8620672225952, 1099.088142633438, 1131.1633467674255, 1111.3931229114532, 1145.5117421150208, 1122.2852392196655, 1159.8998939990997, 1131.8013854026794, 1173.992668390274, 1143.5558650493622, 1188.3464856147766, 1154.3952481746674, 1199.18918800354, 1165.1695744991302, 1214.121019601822, 1174.2024130821228, 1230.2174818515778, 1183.220609664917, 1242.5767776966095, 1195.3813633918762, 1254.0740151405334, 1206.2070617675781, 1266.2066059112549, 1217.6385350227356, 1278.3531839847565, 1229.102699995041, 1287.68732380867, 1238.4882726669312, 1303.9621617794037, 1248.5540924072266, 1318.785816669464, 1257.2448768615723, 1332.9971618652344, 1266.064481496811, 1345.1647346019745, 1277.7345144748688, 1356.6005699634552, 1289.3994898796082, 1368.0662062168121, 1300.8175029754639, 1379.4469587802887, 1312.6977319717407, 1391.1691250801086, 1322.504585981369, 1403.247316122055, 1337.3582201004028, 1410.6149322986603, 1348.7394680976868, 1425.4541432857513, 1357.4039063453674, 1437.5851049423218, 1371.613408088684, 1448.4294018745422, 1381.0276229381561, 1457.8868660926819, 1390.6318843364716, 1472.8580904006958, 1399.5468075275421, 1485.667956352234, 1409.679961681366, 1495.541272163391, 1422.8857774734497]
Final objective value with penalty: 
0.0026565353667803424
Final TV norm without penalty
26.473034590476214
