Final evolution
[[ 0.29683516-0.7228652j  -0.4974062 -0.12264721j -0.19263135-0.2257041j
   0.06623447+0.18564304j]
 [-0.41305708-0.11832721j -0.29817018-0.35255414j  0.65058694-0.19522994j
  -0.17484456-0.33201494j]
 [-0.21370595-0.35849884j  0.593987  -0.21437477j -0.2853742 -0.26733498j
  -0.52209856-0.03921636j]
 [-0.02193037+0.17339182j -0.11242654-0.33604765j -0.52009982-0.16481042j
   0.31874857-0.66679805j]]

********* Summary *****************
Final fidelity error 0.587239147815074
Final objective value 0.5879614325432951
Final norm value 0.0007222847282211675
Final error 1.3596696753697752e-07
Terminate reason Exceed the maximum number of iteration of ADMM
Number of iterations 200
Completed in 0:00:14.796614 HH:MM:SS.US
Time for each iteration [0.36142826080322266, 0.29680371284484863, 0.5801026821136475, 0.5667858123779297, 0.7988052368164062, 0.8167259693145752, 0.9862616062164307, 1.0198032855987549, 1.1424763202667236, 1.1702075004577637, 1.298692226409912, 1.3449890613555908, 1.5119423866271973, 1.4084815979003906, 1.60567045211792, 1.5022094249725342, 1.6837773323059082, 1.5959374904632568, 1.8399910926818848, 1.6740446090698242, 1.918097972869873, 1.7463221549987793, 2.0118281841278076, 1.8244290351867676, 2.0764267444610596, 1.9025352001190186, 2.1389122009277344, 1.980642557144165, 2.2170188426971436, 2.058748960494995, 2.295125722885132, 2.1368556022644043, 2.373260498046875, 2.2149658203125, 2.460376262664795, 2.2930755615234375, 2.538482189178467, 2.371182918548584, 2.6207218170166016, 2.4434688091278076, 2.6832082271575928, 2.5215752124786377, 2.732163190841675, 2.599681854248047, 2.7946486473083496, 2.677788496017456, 2.8727545738220215, 2.724653482437134, 2.950861692428589, 2.802760362625122, 3.0076606273651123, 2.880869150161743, 3.070146322250366, 2.9434051513671875, 3.134686231613159, 3.0214788913726807, 3.197171211242676, 3.0683422088623047, 3.2752785682678223, 3.1250972747802734, 3.322164297103882, 3.187562942504883, 3.3846497535705566, 3.234426259994507, 3.4513087272644043, 3.281292676925659, 3.5138187408447266, 3.3437533378601074, 3.560682535171509, 3.406238555908203, 3.6075797080993652, 3.4530699253082275, 3.670064687728882, 3.499934196472168, 3.732550859451294, 3.546816110610962, 3.795017957687378, 3.6093015670776367, 3.841881513595581, 3.687408447265625, 3.904366970062256, 3.7499358654022217, 3.9824328422546387, 3.806523561477661, 4.029296398162842, 3.869009017944336, 4.092849493026733, 3.9168953895568848, 4.155319452285767, 3.963759422302246, 4.217805624008179, 4.026244878768921, 4.280289888381958, 4.073109149932861, 4.342775106430054, 4.135594606399536, 4.389639139175415, 4.198086738586426, 4.4364964962005615, 4.26057243347168, 4.4989824295043945, 4.323057413101196, 4.545846223831177, 4.385543584823608, 4.608330726623535, 4.448029041290283, 4.67081618309021, 4.504817008972168, 4.748922824859619, 4.567302703857422, 4.811407804489136, 4.618321180343628, 4.889514446258545, 4.680806398391724, 4.9519994258880615, 4.737551212310791, 5.030108213424683, 4.800037860870361, 5.092592716217041, 4.862525701522827, 5.141540765762329, 4.925013065338135, 5.235269069671631, 4.971877574920654, 5.297754287719727, 5.034363508224487, 5.37585973739624, 5.106631278991699, 5.438347101211548, 5.153494596481323, 5.500833511352539, 5.202440977096558, 5.57893967628479, 5.264926910400391, 5.6414244174957275, 5.311790943145752, 5.719531297683716, 5.3742759227752686, 5.766395568847656, 5.436761379241943, 5.82888126373291, 5.4836249351501465, 5.9069883823394775, 5.546110153198242, 5.969473838806152, 5.610682010650635, 6.030915260314941, 5.657545566558838, 6.113105058670044, 5.721734523773193, 6.168054103851318, 5.7686052322387695, 6.246155023574829, 5.817545652389526, 6.308640241622925, 5.864410161972046, 6.3711254596710205, 5.911274433135986, 6.417989492416382, 5.973760604858398, 6.496095418930054, 6.02062463760376, 6.542959451675415, 6.083110332489014, 6.598843336105347, 6.129976511001587, 6.676974534988403, 6.194626092910767, 6.739464282989502, 6.241516828536987, 6.817576169967651, 6.303969621658325, 6.86444091796875, 6.360558748245239, 6.926926136016846, 6.423044204711914, 6.99151873588562, 6.4810285568237305, 7.069600582122803, 6.543514013290405, 7.118621587753296, 6.605998992919922, 7.181106805801392, 6.652863025665283, 7.259214162826538, 6.715347766876221, 7.3060784339904785, 6.777832984924316, 7.368564128875732, 6.824696779251099, 7.446670770645142, 6.887182950973511, 7.493534326553345, 6.949669122695923, 7.556018829345703, 6.996533155441284, 7.64386773109436, 7.043396472930908, 7.706352472305298, 7.090261220932007]
Final objective value with penalty: 
0.5916738043207028
Final TV norm without penalty
0.8869313011257596
