Final evolution
[[ 0.30046763-0.74228523j -0.50013147-0.11338328j -0.17251281-0.17086029j
   0.09723457+0.16533639j]
 [-0.36518682-0.09744749j -0.28735514-0.37953658j  0.67501353-0.21019971j
  -0.14378338-0.33169374j]
 [-0.21628542-0.38451378j  0.56960906-0.24411139j -0.2582692 -0.25479395j
  -0.53820489+0.0061229j ]
 [-0.04114267+0.13982658j -0.0606342 -0.35024334j -0.52804184-0.17540753j
   0.34032139-0.65344799j]]

********* Summary *****************
Final fidelity error 0.5834631207511939
Final objective value 0.5834994413893867
Final norm value 3.6320638192810506e-05
Final error 6.162975822039155e-33
Terminate reason Exceed the maximum number of iteration of ADMM
Number of iterations 200
Completed in 0:00:16.190546 HH:MM:SS.US
Time for each iteration [0.379077672958374, 0.2655632495880127, 0.6554603576660156, 0.5332591533660889, 0.8986492156982422, 0.796288251876831, 1.1329693794250488, 0.9311182498931885, 1.2756569385528564, 1.0717127323150635, 1.4162492752075195, 1.3002324104309082, 1.6349482536315918, 1.5366530418395996, 1.8635132312774658, 1.6480810642242432, 1.9884870052337646, 1.7730517387390137, 2.1097068786621094, 1.898024559020996, 2.2231545448303223, 2.021888494491577, 2.3388516902923584, 2.1445605754852295, 2.4515509605407715, 2.2632434368133545, 2.632068395614624, 2.436779499053955, 2.802612543106079, 2.6133079528808594, 2.918302536010742, 2.7399702072143555, 3.0300040245056152, 2.855661153793335, 3.1456947326660156, 2.931473970413208, 3.2194974422454834, 3.0062742233276367, 3.2923054695129395, 3.081071615219116, 3.3661081790924072, 3.155871868133545, 3.440908193588257, 3.230673313140869, 3.5127148628234863, 3.3064708709716797, 3.588512420654297, 3.384262800216675, 3.6653075218200684, 3.461057186126709, 3.7381129264831543, 3.533862590789795, 3.8169026374816895, 3.6086626052856445, 3.89270281791687, 3.684457302093506, 3.9671244621276855, 3.757262706756592, 4.039930105209351, 3.8312811851501465, 4.110740900039673, 3.9050838947296143, 4.18724799156189, 3.9831926822662354, 4.265355110168457, 4.048786163330078, 4.343463897705078, 4.126891136169434, 4.421570539474487, 4.204997777938843, 4.499677658081055, 4.283104658126831, 4.577784061431885, 4.361211538314819, 4.6558921337127686, 4.439317464828491, 4.7339982986450195, 4.520423650741577, 4.798158168792725, 4.598531246185303, 4.854743719100952, 4.6610188484191895, 4.917229175567627, 4.723504066467285, 4.966158628463745, 4.785989999771118, 5.013022184371948, 4.848475217819214, 5.0755088329315186, 4.895338773727417, 5.1379945278167725, 4.942201852798462, 5.200479984283447, 5.004687309265137, 5.247344017028809, 5.067172527313232, 5.309829950332642, 5.114037275314331, 5.372314691543579, 5.176523923873901, 5.419176816940308, 5.239009857177734, 5.466040849685669, 5.301495313644409, 5.528526067733765, 5.348359823226929, 5.59101128578186, 5.3952250480651855, 5.653496026992798, 5.457710266113281, 5.70035982131958, 5.520195484161377, 5.7472240924835205, 5.582680702209473, 5.809709310531616, 5.629544973373413, 5.872195720672607, 5.692031383514404, 5.919057846069336, 5.763317584991455, 5.969960689544678, 5.8101818561553955, 6.032445907592773, 5.872667074203491, 6.079309940338135, 5.943090915679932, 6.133885145187378, 5.989954948425293, 6.196370363235474, 6.052440404891968, 6.243235349655151, 6.114924907684326, 6.294246435165405, 6.177410125732422, 6.341111421585083, 6.239894866943359, 6.403600454330444, 6.296491861343384, 6.450464487075806, 6.3589770793914795, 6.497330188751221, 6.423537492752075, 6.544193983078003, 6.486023664474487, 6.60667872428894, 6.548508882522583, 6.653542995452881, 6.610995292663574, 6.716027498245239, 6.6578590869903564, 6.778513431549072, 6.704723834991455, 6.841028928756714, 6.751557111740112, 6.903514385223389, 6.798420667648315, 6.966000318527222, 6.845284461975098, 7.028485536575317, 6.892148733139038, 7.090970754623413, 6.939012765884399, 7.153457164764404, 7.001497030258179, 7.200321435928345, 7.05836296081543, 7.262806415557861, 7.120847940444946, 7.325291872024536, 7.1698102951049805, 7.387775421142578, 7.216675519943237, 7.450260639190674, 7.26353907585144, 7.51274561882019, 7.326024770736694, 7.559610605239868, 7.388509035110474, 7.606475114822388, 7.451012372970581, 7.66894268989563, 7.49787712097168, 7.731457948684692, 7.5603320598602295, 7.778348445892334, 7.622816324234009, 7.840808868408203, 7.681933641433716, 7.883756875991821, 7.74442195892334, 7.946240663528442, 7.806906223297119, 7.993104696273804, 7.869391918182373, 8.039992809295654, 7.931853294372559, 8.102479457855225, 7.978715658187866, 8.164965391159058, 8.025580406188965]
Final objective value with penalty: 
0.5854631207511939
Final TV norm without penalty
2.0000000000000018
