Final evolution
[[ 0.27527359-0.67713558j -0.50207035-0.13227305j -0.20600307-0.32237566j
   0.01665299+0.22248687j]
 [-0.50207035-0.13227305j -0.31686097-0.29693035j  0.60878755-0.15771836j
  -0.20600307-0.32237566j]
 [-0.20600307-0.32237566j  0.60878755-0.15771836j -0.31686097-0.29693035j
  -0.50207035-0.13227305j]
 [ 0.01665299+0.22248687j -0.20600307-0.32237566j -0.50207035-0.13227305j
   0.27527359-0.67713558j]]

********* Summary *****************
Final fidelity error 0.5947449134470657
Final objective value 0.598572957582671
Final norm value 0.0038280441356052797
Final error 0.0
Terminate reason Exceed the maximum number of iteration of ADMM
Number of iterations 200
Completed in 0:00:15.711767 HH:MM:SS.US
Time for each iteration [0.5810425281524658, 0.48426222801208496, 1.0126752853393555, 0.7851462364196777, 1.2564518451690674, 0.997380256652832, 1.4751498699188232, 1.2250025272369385, 1.5688776969909668, 1.3062372207641602, 1.6313655376434326, 1.4312078952789307, 1.7250938415527344, 1.5561785697937012, 1.850064754486084, 1.6030423641204834, 1.9125502109527588, 1.6606872081756592, 1.9696249961853027, 1.7111597061157227, 2.0264933109283447, 1.7621078491210938, 2.088979482650757, 1.8245999813079834, 2.1514580249786377, 1.8959376811981201, 2.21394419670105, 1.9896736145019531, 2.3264081478118896, 2.0521535873413086, 2.4045209884643555, 2.1704251766204834, 2.451385021209717, 2.2329108715057373, 2.5326313972473145, 2.342258930206299, 2.5951178073883057, 2.38912296295166, 2.673224449157715, 2.482851505279541, 2.720088005065918, 2.545337677001953, 2.798194646835327, 2.6479716300964355, 2.8450539112091064, 2.694835901260376, 2.910621404647827, 2.772944450378418, 3.004350185394287, 2.8354294300079346, 3.0512144565582275, 2.882293224334717, 3.113701105117798, 2.9291560649871826, 3.1761865615844727, 2.9916417598724365, 3.223050117492676, 3.038506269454956, 3.2855353355407715, 3.0853700637817383, 3.3557722568511963, 3.133240222930908, 3.4026365280151367, 3.195725202560425, 3.4526731967926025, 3.24259090423584, 3.520961046218872, 3.2925009727478027, 3.5678253173828125, 3.3549861907958984, 3.617814779281616, 3.417473554611206, 3.680300235748291, 3.4643373489379883, 3.742785692214966, 3.5112013816833496, 3.805271863937378, 3.5736870765686035, 3.88337779045105, 3.6761863231658936, 3.930267095565796, 3.7386462688446045, 4.011449575424194, 3.832374095916748, 4.073935031890869, 3.910480499267578, 4.16766357421875, 3.9975264072418213, 4.24574089050293, 4.124584913253784, 4.308225393295288, 4.1802568435668945, 4.386334419250488, 4.282862901687622, 4.433199167251587, 4.345347881317139, 4.515410661697388, 4.43907618522644, 4.577895879745483, 4.485940456390381, 4.6716485023498535, 4.579643964767456, 4.718512773513794, 4.642129421234131, 4.765376567840576, 4.744731187820435, 4.843483209609985, 4.838459491729736, 4.9080610275268555, 4.916563987731934, 5.001788854598999, 4.9790496826171875, 5.095517158508301, 5.057155609130859, 5.158003568649292, 5.119640827178955, 5.2204883098602295, 5.18212628364563, 5.282974481582642, 5.244611024856567, 5.376702308654785, 5.338339328765869, 5.439188480377197, 5.409820795059204, 5.501675844192505, 5.472306251525879, 5.56416130065918, 5.534832715988159, 5.615066051483154, 5.597318410873413, 5.677552938461304, 5.659802436828613, 5.740040063858032, 5.722285985946655, 5.802525281906128, 5.784771680831909, 5.865010976791382, 5.831635236740112, 5.927518129348755, 5.894099235534668, 5.990003347396851, 5.956584692001343, 6.036867380142212, 6.019093990325928, 6.130572080612183, 6.106063365936279, 6.193081617355347, 6.2055394649505615, 6.277202129364014, 6.268024682998657, 6.370929956436157, 6.361753225326538, 6.433415412902832, 6.40861701965332, 6.495900630950928, 6.471102476119995, 6.558387279510498, 6.517965316772461, 6.6521155834198, 6.611694574356079, 6.714599847793579, 6.674179792404175, 6.777085065841675, 6.73666524887085, 6.864165306091309, 6.830393552780151, 6.926650524139404, 6.892878770828247, 6.993214130401611, 6.939742565155029, 7.055699825286865, 7.002228260040283, 7.118185043334961, 7.049092054367065, 7.180670738220215, 7.111596345901489, 7.2431371212005615, 7.174081802368164, 7.305622577667236, 7.230027437210083, 7.368109703063965, 7.292512893676758, 7.430595397949219, 7.342525959014893, 7.4930808544158936, 7.405011892318726, 7.549759387969971, 7.451877117156982, 7.612250804901123, 7.514356851577759, 7.661257028579712, 7.576813697814941, 7.723741769790649, 7.628734111785889, 7.786227226257324, 7.691219329833984, 7.848712682723999, 7.738083124160767, 7.911218643188477, 7.800548315048218]
Final objective value with penalty: 
0.5947449134470657
Final TV norm without penalty
0.0
