Final evolution
[[ 0.67798509+0.65564044j  0.04187747-0.05379649j  0.22837837+0.10980595j
  -0.08723188-0.18439258j]
 [ 0.08658517-0.00594585j  0.69640514+0.64750619j -0.15482208+0.09214555j
  -0.13524876+0.19357264j]
 [ 0.19741609+0.0820727j  -0.20467426+0.12866408j  0.00821172+0.06413161j
   0.6706225 +0.66477825j]
 [-0.11009999-0.21238749j -0.10483641+0.14721128j  0.63149988+0.70735628j
  -0.10173805+0.02474034j]]

********* Summary *****************
Final fidelity error 0.05392755989967202
Final objective value 0.05392887749078622
Final norm value 1.317591114213812e-06
Final error 1.6403571753792254e-14
Terminate reason Exceed the maximum number of iteration of ADMM
Number of iterations 200
Completed in 0:09:36.684602 HH:MM:SS.US
Time for each iteration [69.57011198997498, 21.64477276802063, 85.35315775871277, 37.36626648902893, 99.23176193237305, 48.42408108711243, 109.32937383651733, 58.571890354156494, 118.5975661277771, 68.77109122276306, 127.70833444595337, 75.08151531219482, 133.1634087562561, 80.50069165229797, 142.25010442733765, 89.71236896514893, 151.37879157066345, 98.7887020111084, 160.62859082221985, 107.88026547431946, 169.84355664253235, 116.9937264919281, 175.26478028297424, 123.22421765327454, 181.6423876285553, 129.47540712356567, 188.0324420928955, 135.8118155002594, 194.58166575431824, 141.48310446739197, 200.12824082374573, 146.14640164375305, 204.07532858848572, 150.50564098358154, 208.47653102874756, 155.4688742160797, 212.52331590652466, 159.7683629989624, 217.18727684020996, 164.8579077720642, 220.86042594909668, 167.52631068229675, 223.87465977668762, 170.30422568321228, 226.6119430065155, 173.27099084854126, 228.19030356407166, 174.83764672279358, 229.7839856147766, 176.39285135269165, 231.29844975471497, 177.94111227989197, 232.80937695503235, 179.45036339759827, 234.2642605304718, 180.94623684883118, 235.75735902786255, 182.44447135925293, 237.25965285301208, 183.56704473495483, 238.35261154174805, 184.64829754829407, 239.48413062095642, 185.76015257835388, 240.572096824646, 186.88812446594238, 241.6405827999115, 187.97575187683105, 242.76930356025696, 189.13784456253052, 243.8649959564209, 190.21830010414124, 244.97107481956482, 191.3416953086853, 246.05090761184692, 192.4432578086853, 247.14397025108337, 193.54218673706055, 248.28079295158386, 194.6163845062256, 249.36199831962585, 195.71999096870422, 250.48554158210754, 196.8179543018341, 251.57038068771362, 197.92406940460205, 252.6533808708191, 199.03962779045105, 253.76192235946655, 200.13066387176514, 254.85679411888123, 201.25327014923096, 255.99006986618042, 202.33770155906677, 257.06895422935486, 203.4177589416504, 258.17985820770264, 204.5105106830597, 259.3126838207245, 205.6132378578186, 260.4371860027313, 206.71940922737122, 261.590744972229, 207.81271123886108, 262.7060914039612, 208.8876690864563, 263.87132835388184, 209.97422218322754, 264.99829030036926, 211.0832278728485, 266.11132645606995, 212.18731260299683, 267.2225546836853, 213.28646683692932, 268.4182734489441, 214.44794487953186, 269.56043696403503, 215.5524971485138, 270.66908168792725, 216.68782663345337, 271.7491192817688, 217.78822374343872, 272.8875422477722, 218.8962173461914, 273.98930644989014, 220.01492762565613, 275.1174485683441, 221.1492884159088, 276.230446100235, 222.2555706501007, 277.3604345321655, 223.35770988464355, 278.4345667362213, 224.43015718460083, 279.53366708755493, 225.53390741348267, 280.63840913772583, 226.61264872550964, 281.69784808158875, 227.7030725479126, 282.80693888664246, 228.81456804275513, 283.90853548049927, 229.90341186523438, 285.1379702091217, 230.99872589111328, 286.2263367176056, 232.03475713729858, 287.31958961486816, 233.18162631988525, 288.50384402275085, 234.28080320358276, 289.63525390625, 235.36411118507385, 290.7348930835724, 236.50399684906006, 291.81566429138184, 237.68121600151062, 292.95525574684143, 238.79860925674438, 294.05592608451843, 239.86921453475952, 295.14975357055664, 240.9581000804901, 296.21847558021545, 242.08937001228333, 297.28914189338684, 243.2115514278412, 298.4055850505829, 244.2983193397522, 299.4862771034241, 245.38522911071777, 300.5777723789215, 246.5162079334259, 301.6306688785553, 247.62605690956116, 302.7088677883148, 248.70470881462097, 303.7784342765808, 249.89332938194275, 304.8916893005371, 250.99379014968872, 306.0981135368347, 252.13524794578552, 307.3042607307434, 253.24412965774536, 308.51929473876953, 254.3528082370758, 309.7122838497162, 255.4794795513153, 310.876811504364, 256.73381876945496, 311.9820969104767, 257.8138053417206, 313.071982383728, 258.9300603866577, 314.18811774253845, 260.07374835014343, 315.49596309661865, 261.1886394023895]
Final objective value with penalty: 
0.0540755374397399
Final TV norm without penalty
14.797754006787981
