0.00017668396086284566
6.229787041323872e-05
2.2676052173757374e-05
1.613637710103088e-05
1.1721480566778285e-05
8.264513103464135e-06
5.96729473089068e-06
4.326769532262451e-06
3.1295454248957474e-06
2.2375589041564508e-06
1.6639038178189346e-06
1.2420483174054037e-06
9.273067494967459e-07
6.902414833979243e-07
5.129720586460381e-07
3.831960017973179e-07
2.8631182645917003e-07
2.1847129787501165e-07
1.662152362866634e-07
1.2826918601400374e-07
1.0098362552983837e-07
8.049893291465019e-08
6.249704137633879e-08
5.133461219892365e-08
5.069169344341239e-08
5.010475623836279e-08
4.955814548228425e-08
4.904194155586888e-08
4.8546986626608e-08
4.807199104497745e-08
4.7612374691835014e-08
4.7164109211990406e-08
4.672586526232181e-08
4.6299220532820524e-08
4.5882529550843975e-08
4.54750676153729e-08
4.5076099620988866e-08
4.468498595560478e-08
4.430121772115769e-08
4.3924406854403246e-08
4.355424772779191e-08
4.319047887668467e-08
4.2832859838615096e-08
4.245764410277027e-08
4.2122676037468643e-08
4.171348962253512e-08
4.1377639994507116e-08
4.1046937921260476e-08
4.0721247488992664e-08
4.040043739125717e-08
4.0084380956794255e-08
3.9772960191506396e-08
3.946606618193334e-08
3.9163597683809433e-08
3.8865459272572326e-08
3.8571559989585804e-08
3.828181271114251e-08
3.799613400948754e-08
3.771444415888626e-08
3.743666706846098e-08
3.716273008025977e-08
3.689256368506287e-08
3.662610123231534e-08
3.636327868446794e-08
3.610403442423435e-08
3.584830910181111e-08
3.55960455031591e-08
3.5347188423016273e-08
3.510168454082597e-08
3.485948230219657e-08
3.462053180615272e-08
3.438478470317784e-08
3.415219410238706e-08
3.392271448728879e-08
3.369630163704461e-08
3.3421207170380295e-08
3.3224347841505265e-08
3.291696863377227e-08
3.270128978234177e-08
3.2488496725819335e-08
3.227636246152544e-08
3.20634243594437e-08
3.185198926594648e-08
3.1643885404473315e-08
3.143965769469851e-08
3.123903532640368e-08
3.104141733945087e-08
3.0846352988377074e-08
3.06536666646693e-08
3.046339468389069e-08
3.027569526211572e-08
3.00906271622354e-08
2.990722733453655e-08
2.9725551882343746e-08
2.954623050877084e-08
2.936962260388892e-08
2.919575751141452e-08
2.902447730027133e-08
2.8855595570329717e-08
2.8688990002516217e-08
2.8524615235124086e-08
2.836247457825031e-08
2.8202579639092823e-08
2.8044933779753576e-08
2.7889526123570485e-08
2.7736352598135546e-08
2.7585425395122978e-08
2.743681307084705e-08
2.7290660693756476e-08
2.7147286979055886e-08
2.7007282600594742e-08
2.6871812501639626e-08
2.6743027435300332e-08
2.6625043770723186e-08
2.6525506036048333e-08
2.645879176331368e-08
2.6451438436231878e-08
2.6552826812900713e-08
2.6852491885146745e-08
2.750992424916398e-08
2.7552417441847565e-08
2.8507823831009542e-08
2.7790702925746036e-08
2.8276199182513572e-08
2.7566377869299145e-08
2.7044761394395003e-08
2.687226359652305e-08
2.6636539503417076e-08
2.6414584461463763e-08
2.6424952805336997e-08
2.625973196634446e-08
2.6127649006282455e-08
2.6039003743392104e-08
2.596017096897085e-08
2.5861957633515208e-08
2.576078436946508e-08
2.567180732161611e-08
2.558627855860566e-08
2.5496971184422423e-08
2.540783650647072e-08
2.5322883873377333e-08
2.523969712882777e-08
2.515661144838406e-08
2.5074441573336076e-08
2.499436327721512e-08
2.49155823406242e-08
2.4837829379681346e-08
2.4761134839952902e-08
2.4685942809244705e-08
2.4611883057831146e-08
2.4539028415207297e-08
2.446722396366434e-08
2.439671744477338e-08
2.4327258566731338e-08
2.4258995570751513e-08
2.419173860206538e-08
2.4125674794528944e-08
2.4060596008937746e-08
2.3996659036179735e-08
2.393367669449648e-08
2.3871810546471706e-08
2.380046272596544e-08
2.3745752044787416e-08
2.35209889766545e-08
2.346277843822532e-08
2.3405414335981422e-08
2.3349048320466133e-08
2.32935187463831e-08
2.3238971400585036e-08
2.3185242445808392e-08
2.3132465717800916e-08
2.3080488041155434e-08
2.302943891425676e-08
2.2979170357453206e-08
2.2929803109505962e-08
2.288119590531493e-08
2.2833463335511665e-08
2.278647012042299e-08
2.2740324593102377e-08
2.269489788300962e-08
2.265029284990212e-08
2.2606386421579797e-08
2.2563276000606764e-08
2.2520844180108113e-08
2.2479183320727964e-08
2.2438181409566473e-08
2.2397925978152323e-08
2.2358310225475466e-08
2.231941710960189e-08
2.2281144810048536e-08
2.224141470099559e-08
2.2202993051423e-08
2.2163366789166742e-08
2.2125013520571423e-08
2.2086039737351034e-08
2.204865136238049e-08
2.20112164552578e-08
2.1975509315336642e-08
2.194000883624314e-08
2.1906085875398448e-08
Final evolution
[[-7.07115810e-01-7.07097747e-01j  1.13358561e-05-2.14163796e-05j
   4.91460188e-05+4.46546597e-05j -1.92394808e-06-5.16375344e-05j]
 [ 2.14134985e-05-1.13385209e-05j -7.07117192e-01-7.07096368e-01j
  -2.26402891e-05+5.77051404e-06j -1.65371974e-05+4.76718966e-05j]
 [ 5.16377596e-05+1.93108169e-06j -4.76702977e-05+1.65354209e-05j
   9.75965967e-06+9.73988403e-05j -7.07072214e-01-7.07141336e-01j]
 [-4.46527892e-05-4.91478426e-05j -5.77146410e-06+2.26433202e-05j
  -7.07121893e-01-7.07091658e-01j -9.73973806e-05-9.76600537e-06j]]

********* Summary *****************
Final fidelity error 5.488316356938583e-09
Final objective value 6.9319901999208635e-09
Final norm value 1.4436738471346189e-09
Final error 1.1271346671991707e-10
Terminate reason Exceed the maximum number of iteration of ADMM
Number of iterations 200
Completed in 0:16:57.722754 HH:MM:SS.US
Time for each iteration [42.831318855285645, 33.840585470199585, 80.8477234840393, 72.76697444915771, 126.25705003738403, 120.80365371704102, 176.0323338508606, 164.63526344299316, 215.33727169036865, 205.41609621047974, 259.67584919929504, 242.38221144676208, 289.9134075641632, 270.3642854690552, 316.7661774158478, 292.83714985847473, 331.3038561344147, 303.8500955104828, 341.64913988113403, 312.8499433994293, 349.8402786254883, 318.3015761375427, 354.57901406288147, 320.2753019332886, 356.45973801612854, 322.1919798851013, 358.4197721481323, 324.09327030181885, 360.5883367061615, 326.258154630661, 362.67382311820984, 328.1612231731415, 364.59161257743835, 330.02901124954224, 366.4513473510742, 331.9614703655243, 368.39126563072205, 333.8458240032196, 370.27283906936646, 335.7467496395111, 372.19417095184326, 337.6454813480377, 374.1193082332611, 339.65124130249023, 376.03198194503784, 341.5765075683594, 377.9755582809448, 343.5152814388275, 379.91534662246704, 345.41230964660645, 381.9003083705902, 347.43654894828796, 383.8349461555481, 349.34374952316284, 385.7781763076782, 351.2912631034851, 387.7457194328308, 353.23526787757874, 389.70104336738586, 355.21624302864075, 391.5923295021057, 357.17497181892395, 393.5050938129425, 359.0763428211212, 395.45839500427246, 360.97026443481445, 397.41372561454773, 362.93091893196106, 399.37473583221436, 364.9025399684906, 401.32483410835266, 366.8308598995209, 403.2973313331604, 368.78839683532715, 405.30377078056335, 370.70466661453247, 407.20944476127625, 372.60265016555786, 409.12012004852295, 374.5334618091583, 411.0699906349182, 376.4509289264679, 413.07332372665405, 378.4097270965576, 415.058886051178, 380.3702425956726, 416.9743902683258, 382.28804206848145, 418.88200664520264, 384.24466586112976, 420.8175148963928, 386.18135380744934, 422.81327056884766, 388.1044690608978, 424.74169731140137, 390.0202271938324, 426.6711161136627, 392.012003660202, 428.62624406814575, 393.89515805244446, 430.5282633304596, 395.79579186439514, 432.4395933151245, 397.71727204322815, 434.3568501472473, 399.6625053882599, 436.3135452270508, 401.5892131328583, 438.2513871192932, 403.49352645874023, 440.1690499782562, 405.42701864242554, 442.1335241794586, 407.43198466300964, 444.54646730422974, 409.38348603248596, 446.4725778102875, 411.3355383872986, 448.41910195350647, 413.2678744792938, 450.4532632827759, 415.23820662498474, 452.431955575943, 417.1710078716278, 454.3509838581085, 419.0915219783783, 456.26715064048767, 421.0389494895935, 458.2695860862732, 422.9582185745239, 460.1701533794403, 424.85871863365173, 462.07676815986633, 426.75786662101746, 463.96179842948914, 428.72153759002686, 465.9748389720917, 430.6122603416443, 467.87850999832153, 432.53745341300964, 469.82046818733215, 434.4896755218506, 471.7423448562622, 436.4805235862732, 473.71143078804016, 438.451534986496, 475.6490013599396, 440.36396884918213, 477.56863737106323, 442.30592799186707, 479.6011543273926, 444.342689037323, 481.88154554367065, 446.32663917541504, 483.8183443546295, 448.3275260925293, 485.76691699028015, 450.24978399276733, 487.70023918151855, 452.2196946144104, 489.6490054130554, 454.1427700519562, 491.594366312027, 456.0763363838196, 493.5426731109619, 458.02653336524963, 495.52748346328735, 459.9351453781128, 497.44393372535706, 461.85907077789307, 499.3587017059326, 463.8157501220703, 501.30048751831055, 465.7424726486206, 503.25291991233826, 467.6885597705841, 505.2143909931183, 469.6441080570221, 507.20049023628235, 471.61287546157837, 509.1003158092499, 473.5415253639221, 511.12068486213684, 475.500013589859, 513.0589678287506, 477.43547344207764, 514.9838645458221, 479.41051292419434, 516.9076354503632, 481.37192034721375, 518.8664293289185, 483.32666993141174, 520.7951698303223, 485.2918047904968, 522.7410740852356, 487.2454056739807, 524.6832571029663, 489.2060389518738, 526.6129643917084, 491.1097893714905]
Final objective value with penalty: 
3.21825220126567e-05
Final TV norm without penalty
32.17703369629976
0.0017668396086284565
0.0006188343163358725
0.00022637890759761648
0.00015987328194775
0.00011473112704983002
7.999059790087284e-05
5.7740451144088964e-05
4.184097768677671e-05
2.9830342641770206e-05
2.1443809584442536e-05
1.578852018982684e-05
1.1786489685938644e-05
8.732085193829691e-06
6.557681123602199e-06
5.019713891783416e-06
3.796271517267182e-06
2.881485753786859e-06
2.1851907560291026e-06
1.6586353580367534e-06
1.289606538632831e-06
1.022185566585553e-06
8.159065137543077e-07
6.29410894761217e-07
5.133282545176246e-07
5.058365857897651e-07
4.997027018082417e-07
4.941900210974125e-07
4.890435981402984e-07
4.841370499873186e-07
4.794403541494233e-07
4.7400719590756715e-07
4.6984235440556053e-07
4.6527722518569756e-07
4.6106114298057064e-07
4.569447743435639e-07
4.5292553451696445e-07
4.481658117172998e-07
4.444703414110033e-07
4.405110377940408e-07
4.3676921814150096e-07
4.3311016579655064e-07
4.294914604743154e-07
4.2595054752655856e-07
4.2245435037931806e-07
4.190330986635929e-07
4.152739351728811e-07
4.121438101417984e-07
4.082610932482272e-07
4.050580565697766e-07
4.0189721654542323e-07
3.987933365016937e-07
3.9572876002832225e-07
3.927158748942624e-07
3.8974016629645106e-07
3.868124087700652e-07
3.8392098714832907e-07
3.8107503492921315e-07
3.782651674409989e-07
3.7549870656008535e-07
3.727679027562259e-07
3.7007838918996696e-07
3.674237100000585e-07
3.6480814657175544e-07
3.622263535833493e-07
3.5968160782020636e-07
3.5716955561610465e-07
3.5469272677301984e-07
3.5224765054932045e-07
3.498362585419685e-07
3.4745583145434697e-07
3.451077743874863e-07
3.4278997455230945e-07
3.4050336327736627e-07
3.377014341528941e-07
3.357232335303817e-07
3.3264746478568655e-07
3.304719021297361e-07
3.2832424192176687e-07
3.2620438044917517e-07
3.241116971602813e-07
3.220460383215739e-07
3.200070116708059e-07
3.1799425763680555e-07
3.1600750826758247e-07
3.1404632787566277e-07
3.121111249230489e-07
3.1020127292472913e-07
3.083151231436448e-07
3.064402799569165e-07
3.045839384495569e-07
3.0275249734164517e-07
3.009484588127239e-07
2.991711186671616e-07
2.9741845162905343e-07
2.9568874324443154e-07
2.939811880727441e-07
2.9229596623934946e-07
2.9063379612057753e-07
2.889960301003728e-07
2.873847044493029e-07
2.858038665944926e-07
2.842608720043121e-07
2.827703936314703e-07
2.8135952073984075e-07
2.800803077704586e-07
2.7897721724290463e-07
2.782793487330175e-07
2.783415896012675e-07
2.7976818272892685e-07
2.815693773273121e-07
2.8726435368360324e-07
2.830823301142473e-07
2.9207158774978783e-07
2.8718033077672004e-07
2.9608278775170917e-07
2.8675549366475306e-07
2.86035050541191e-07
2.808223161203156e-07
2.725227125524345e-07
2.729610179421646e-07
2.7533745533820285e-07
2.732470794227391e-07
2.702908039730554e-07
2.6885014485586567e-07
2.689731036336727e-07
2.6657138547768866e-07
2.650124302667464e-07
2.640476829666602e-07
2.63213697905808e-07
2.6210727779422503e-07
2.6095523895040714e-07
2.599663202102452e-07
2.590201613048163e-07
2.5801694155878403e-07
2.570113199765742e-07
2.560588697983233e-07
2.5512616612943796e-07
2.54190434182013e-07
2.532627684494752e-07
2.523597882084017e-07
2.5147026595220344e-07
2.505908931039063e-07
2.497217838370414e-07
2.4886957824396914e-07
2.480287785526352e-07
2.4720093130067804e-07
2.4638346568490304e-07
2.4558040581091747e-07
2.4478780743313665e-07
2.440083590206103e-07
2.432389079251921e-07
2.424827252676043e-07
2.4173636050710324e-07
2.4100270161359655e-07
2.4027854847329724e-07
2.3956689150617505e-07
2.388645047913317e-07
2.3817423683316533e-07
2.374929744330775e-07
2.3682354731592635e-07
2.361628847130847e-07
2.3551373606302528e-07
2.348731076467881e-07
2.3424370011581827e-07
2.336225785330662e-07
2.3301237964024737e-07
2.3241023551377245e-07
2.3181872740903116e-07
2.312350492461643e-07
2.3066172348041856e-07
2.300960073747758e-07
2.2954036724274128e-07
2.289921217793142e-07
2.2845368087788066e-07
2.2792242442560848e-07
2.274007071350589e-07
2.2688596897088404e-07
2.2638050999022957e-07
2.258818295253285e-07
2.2539217389356095e-07
2.2490910085355588e-07
2.2443480373255844e-07
2.2396689787148208e-07
2.2350752445623128e-07
2.2305435550591843e-07
2.226094808756267e-07
2.2217062837494224e-07
2.2173983738202744e-07
2.213148905865669e-07
2.2089777771774254e-07
2.204863354479062e-07
2.200825047064913e-07
2.1968417524125436e-07
2.1929324002054592e-07
2.1890761581909687e-07
2.1852908962560622e-07
2.1815567658622666e-07
2.1778919427576696e-07
2.174276981640168e-07
2.1707294786203943e-07
Final evolution
[[-7.07113441e-01-7.07100116e-01j  1.07618718e-05-2.44306872e-05j
   4.99782705e-05+5.06560488e-05j  2.10345937e-07-5.43286132e-05j]
 [ 2.44273389e-05-1.07644476e-05j -7.07121116e-01-7.07092444e-01j
  -2.40510790e-05+8.58989298e-06j -1.51810025e-05+4.93273929e-05j]
 [ 5.43295283e-05-2.02192968e-07j -4.93250480e-05+1.51795214e-05j
   1.06568567e-05+1.03109941e-04j -7.07071543e-01-7.07142006e-01j]
 [-5.06536842e-05-4.99807880e-05j -8.59114276e-06+2.40541284e-05j
  -7.07121008e-01-7.07092542e-01j -1.03108331e-04-1.06639737e-05j]]

********* Summary *****************
Final fidelity error 6.120727924496805e-09
Final objective value 7.571774426362811e-09
Final norm value 1.4510465051742472e-09
Final error 1.1269063957088904e-10
Terminate reason Exceed the maximum number of iteration of ADMM
Number of iterations 200
Completed in 0:13:01.439451 HH:MM:SS.US
Time for each iteration [20.566092252731323, 16.206148624420166, 41.31404376029968, 36.347792625427246, 62.75727653503418, 65.95743107795715, 92.78280282020569, 92.19267678260803, 120.18742203712463, 121.83758735656738, 151.63289165496826, 149.79400253295898, 181.70317602157593, 175.87608242034912, 200.38096618652344, 193.86887645721436, 212.97616863250732, 204.50088834762573, 222.85830068588257, 213.1481909751892, 230.1949965953827, 218.38302946090698, 234.74181365966797, 220.22928142547607, 236.64132380485535, 222.07721590995789, 238.4720480442047, 223.91297721862793, 240.32217860221863, 225.76418113708496, 242.15307188034058, 227.6090657711029, 244.04547905921936, 229.448832988739, 245.88111424446106, 231.26836943626404, 247.7054088115692, 233.1233913898468, 249.5706012248993, 234.97169423103333, 251.44816732406616, 236.84595894813538, 253.31374549865723, 238.8863024711609, 255.14055156707764, 240.76185655593872, 256.97099566459656, 242.60715246200562, 258.8531506061554, 244.4840087890625, 260.6789629459381, 246.31783938407898, 262.50824642181396, 248.14140129089355, 264.33213663101196, 249.96987318992615, 266.17368507385254, 251.8207106590271, 268.01983094215393, 253.65501999855042, 269.84577775001526, 255.50708508491516, 271.66933608055115, 257.3322021961212, 273.5214514732361, 259.36673402786255, 275.3581302165985, 261.2079951763153, 277.18417263031006, 263.0499379634857, 279.05911207199097, 264.9001564979553, 280.90453815460205, 266.8202931880951, 282.7358260154724, 268.6514825820923, 284.60549664497375, 270.55092430114746, 286.47628569602966, 272.38852882385254, 288.3331527709961, 274.2995707988739, 290.17084789276123, 276.1441979408264, 292.03394842147827, 277.9798517227173, 293.90168476104736, 279.84571743011475, 295.73165822029114, 281.73198342323303, 297.59945917129517, 283.5867586135864, 299.4464039802551, 285.41821789741516, 301.3042676448822, 287.2857520580292, 303.17868399620056, 289.1927614212036, 305.0232217311859, 291.03655552864075, 306.8828899860382, 292.86875772476196, 308.69894456863403, 294.7243449687958, 310.5243365764618, 296.6323528289795, 312.3958270549774, 298.4797251224518, 314.2659330368042, 300.3497998714447, 316.09072256088257, 302.18368887901306, 317.91934180259705, 304.1037735939026, 319.77293586730957, 305.93963289260864, 321.61943793296814, 307.7744972705841, 323.4379131793976, 309.6400237083435, 325.29798007011414, 311.5427930355072, 327.1352434158325, 313.38394379615784, 328.98803901672363, 315.21276211738586, 330.822646856308, 317.0547399520874, 332.65203619003296, 318.94717359542847, 334.5031144618988, 320.759379863739, 336.3802103996277, 322.57894134521484, 338.2099759578705, 324.4302189350128, 340.0486361980438, 326.2952857017517, 341.9104971885681, 328.13215684890747, 343.7485053539276, 329.9862148761749, 345.61636090278625, 331.8262507915497, 347.4283335208893, 333.67024421691895, 349.35653829574585, 335.518981218338, 351.1885006427765, 337.34756326675415, 353.0306890010834, 339.19781970977783, 354.88897347450256, 341.0633268356323, 356.76304602622986, 342.9115629196167, 358.5970265865326, 344.74662709236145, 360.43729853630066, 346.5851707458496, 362.2576675415039, 348.49829149246216, 364.294056892395, 350.341450214386, 366.12435126304626, 352.19142150878906, 367.94869208335876, 354.0486726760864, 369.8075397014618, 355.9095492362976, 371.73160338401794, 357.75246834754944, 373.56908679008484, 359.6080963611603, 375.4059045314789, 361.4652535915375, 377.2467670440674, 363.3072612285614, 379.18236470222473, 365.15021085739136, 381.01495838165283, 367.0072977542877, 382.84185433387756, 368.88988280296326, 384.725962638855, 370.75325655937195, 386.6532201766968, 372.60421204566956, 388.5079963207245, 374.4721939563751, 390.33245301246643, 376.30931997299194, 392.16720628738403, 378.1788911819458, 394.08773374557495, 380.00691962242126, 395.93577766418457, 381.8449332714081, 397.7660617828369, 383.67338967323303]
Final objective value with penalty: 
3.221464458888575e-05
Final TV norm without penalty
32.20852386096125
0.0017668396086284565
Final evolution
[[-0.78103543-0.61328169j -0.00804483+0.0444051j   0.07486925+0.0710151j
   0.0233293 -0.02529587j]
 [-0.06283246+0.02167026j -0.61856266-0.71566155j -0.11913439+0.09953052j
  -0.00541622+0.27688012j]
 [ 0.03089246-0.00359452j -0.25609982-0.08333218j  0.13157421+0.10023478j
  -0.5527383 -0.77046931j]
 [-0.07835349-0.04842693j -0.13516508+0.11122626j -0.76387579-0.59530422j
  -0.04717445-0.14406914j]]

********* Summary *****************
Final fidelity error 0.04346631289468317
Final objective value 0.14645393857438527
Final norm value 0.1029876256797021
Final error 1.2671999999995433e-08
Terminate reason Achieve the error target of ADMM
Number of iterations 1
Completed in 0:00:18.773130 HH:MM:SS.US
Time for each iteration []
Final objective value with penalty: 
0.04348755881283034
Final TV norm without penalty
21.24591814717247
0.0017668396086284565
0.0006188343163358725
0.00022637890759761648
0.00015987328194775
0.00011473112704983002
7.999059790087284e-05
5.7740451144088964e-05
4.184097768677671e-05
2.9830342641770206e-05
Final evolution
[[-7.09021594e-01-7.05075302e-01j -6.75105629e-04-4.67566151e-03j
   4.98517298e-03+8.98198168e-03j -2.64835674e-03-4.72624649e-03j]
 [ 4.64489524e-03+6.74750230e-04j -7.06526532e-01-7.07621110e-01j
  -3.57483149e-03+3.51582617e-03j -5.65472221e-04+6.71813843e-03j]
 [ 4.81257972e-03+2.77786627e-03j -6.64204525e-03+5.12986334e-04j
   3.69331260e-03+1.39381704e-02j -7.01498281e-01-7.12472450e-01j]
 [-8.94183411e-03-4.93280048e-03j -3.59737323e-03+3.60351826e-03j
  -7.11037004e-01-7.02913791e-01j -1.39370992e-02-3.75811932e-03j]]

********* Summary *****************
Final fidelity error 0.00012165510977468763
Final objective value 0.00016698224938567
Final norm value 4.5327139611028855e-05
Final error 6.598614395795879e-33
Terminate reason Achieve the error target of ADMM
Number of iterations 9
Completed in 0:03:34.869132 HH:MM:SS.US
Time for each iteration [18.925789833068848, 15.68050742149353, 39.93006443977356, 36.244616746902466, 61.69853210449219, 65.99668836593628, 94.21274089813232, 92.87896537780762]
Final objective value with penalty: 
0.0001532814745491679
Final TV norm without penalty
31.626364774480276
0.0017668396086284565
0.0006188343163358725
0.00022637890759761648
0.00015987328194775
0.00011473112704983002
7.999059790087284e-05
5.7740451144088964e-05
4.184097768677671e-05
2.9830342641770206e-05
2.1443809584442536e-05
1.578852018982684e-05
1.1786489685938644e-05
8.732085193829691e-06
6.557681123602199e-06
5.019713891783416e-06
3.796271517267182e-06
2.881485753786859e-06
2.1851907560291026e-06
1.6586353580367534e-06
1.289606538632831e-06
1.022185566585553e-06
8.159065137543077e-07
6.29410894761217e-07
5.133282545176246e-07
5.058365857897651e-07
4.997027018082417e-07
4.941900210974125e-07
4.890435981402984e-07
4.841370499873186e-07
4.794403541494233e-07
4.7400719590756715e-07
4.6984235440556053e-07
4.6527722518569756e-07
4.6106114298057064e-07
4.569447743435639e-07
4.5292553451696445e-07
4.481658117172998e-07
4.444703414110033e-07
4.405110377940408e-07
4.3676921814150096e-07
4.3311016579655064e-07
4.294914604743154e-07
4.2595054752655856e-07
4.2245435037931806e-07
4.190330986635929e-07
4.152739351728811e-07
4.121438101417984e-07
4.082610932482272e-07
4.050580565697766e-07
4.0189721654542323e-07
3.987933365016937e-07
3.9572876002832225e-07
3.927158748942624e-07
3.8974016629645106e-07
3.868124087700652e-07
3.8392098714832907e-07
3.8107503492921315e-07
3.782651674409989e-07
3.7549870656008535e-07
3.727679027562259e-07
3.7007838918996696e-07
3.674237100000585e-07
3.6480814657175544e-07
3.622263535833493e-07
3.5968160782020636e-07
3.5716955561610465e-07
3.5469272677301984e-07
3.5224765054932045e-07
3.498362585419685e-07
3.4745583145434697e-07
3.451077743874863e-07
3.4278997455230945e-07
3.4050336327736627e-07
3.377014341528941e-07
3.357232335303817e-07
3.3264746478568655e-07
3.304719021297361e-07
3.2832424192176687e-07
3.2620438044917517e-07
3.241116971602813e-07
3.220460383215739e-07
3.200070116708059e-07
3.1799425763680555e-07
3.1600750826758247e-07
3.1404632787566277e-07
3.121111249230489e-07
3.1020127292472913e-07
3.083151231436448e-07
3.064402799569165e-07
3.045839384495569e-07
3.0275249734164517e-07
3.009484588127239e-07
2.991711186671616e-07
2.9741845162905343e-07
2.9568874324443154e-07
2.939811880727441e-07
2.9229596623934946e-07
2.9063379612057753e-07
2.889960301003728e-07
2.873847044493029e-07
2.858038665944926e-07
2.842608720043121e-07
2.827703936314703e-07
2.8135952073984075e-07
2.800803077704586e-07
2.7897721724290463e-07
2.782793487330175e-07
2.783415896012675e-07
2.7976818272892685e-07
2.815693773273121e-07
2.8726435368360324e-07
2.830823301142473e-07
2.9207158774978783e-07
2.8718033077672004e-07
2.9608278775170917e-07
2.8675549366475306e-07
2.86035050541191e-07
2.808223161203156e-07
2.725227125524345e-07
2.729610179421646e-07
2.7533745533820285e-07
2.732470794227391e-07
2.702908039730554e-07
2.6885014485586567e-07
2.689731036336727e-07
2.6657138547768866e-07
2.650124302667464e-07
2.640476829666602e-07
2.63213697905808e-07
2.6210727779422503e-07
2.6095523895040714e-07
2.599663202102452e-07
2.590201613048163e-07
2.5801694155878403e-07
2.570113199765742e-07
2.560588697983233e-07
2.5512616612943796e-07
2.54190434182013e-07
2.532627684494752e-07
2.523597882084017e-07
2.5147026595220344e-07
2.505908931039063e-07
2.497217838370414e-07
2.4886957824396914e-07
2.480287785526352e-07
2.4720093130067804e-07
2.4638346568490304e-07
2.4558040581091747e-07
2.4478780743313665e-07
2.440083590206103e-07
2.432389079251921e-07
2.424827252676043e-07
2.4173636050710324e-07
2.4100270161359655e-07
2.4027854847329724e-07
2.3956689150617505e-07
2.388645047913317e-07
2.3817423683316533e-07
2.374929744330775e-07
2.3682354731592635e-07
2.361628847130847e-07
2.3551373606302528e-07
2.348731076467881e-07
2.3424370011581827e-07
2.336225785330662e-07
2.3301237964024737e-07
2.3241023551377245e-07
2.3181872740903116e-07
2.312350492461643e-07
2.3066172348041856e-07
2.300960073747758e-07
2.2954036724274128e-07
2.289921217793142e-07
2.2845368087788066e-07
2.2792242442560848e-07
2.274007071350589e-07
2.2688596897088404e-07
2.2638050999022957e-07
2.258818295253285e-07
2.2539217389356095e-07
2.2490910085355588e-07
2.2443480373255844e-07
2.2396689787148208e-07
2.2350752445623128e-07
2.2305435550591843e-07
2.226094808756267e-07
2.2217062837494224e-07
2.2173983738202744e-07
2.213148905865669e-07
2.2089777771774254e-07
2.204863354479062e-07
2.200825047064913e-07
2.1968417524125436e-07
2.1929324002054592e-07
2.1890761581909687e-07
2.1852908962560622e-07
2.1815567658622666e-07
2.1778919427576696e-07
2.174276981640168e-07
2.1707294786203943e-07
Final evolution
[[-7.07113441e-01-7.07100116e-01j  1.07618718e-05-2.44306872e-05j
   4.99782705e-05+5.06560488e-05j  2.10345937e-07-5.43286132e-05j]
 [ 2.44273389e-05-1.07644476e-05j -7.07121116e-01-7.07092444e-01j
  -2.40510790e-05+8.58989298e-06j -1.51810025e-05+4.93273929e-05j]
 [ 5.43295283e-05-2.02192968e-07j -4.93250480e-05+1.51795214e-05j
   1.06568567e-05+1.03109941e-04j -7.07071543e-01-7.07142006e-01j]
 [-5.06536842e-05-4.99807880e-05j -8.59114276e-06+2.40541284e-05j
  -7.07121008e-01-7.07092542e-01j -1.03108331e-04-1.06639737e-05j]]

********* Summary *****************
Final fidelity error 6.120727924496805e-09
Final objective value 7.571774426362811e-09
Final norm value 1.4510465051742472e-09
Final error 1.1269063957088904e-10
Terminate reason Exceed the maximum number of iteration of ADMM
Number of iterations 200
Completed in 0:13:11.236643 HH:MM:SS.US
Time for each iteration [18.72394824028015, 15.429044008255005, 39.843114137649536, 35.92658710479736, 61.48635816574097, 65.55416440963745, 91.7222990989685, 91.88580870628357, 119.26500391960144, 121.70049905776978, 150.1824595928192, 150.313809633255, 180.50860571861267, 176.65610456466675, 200.30165028572083, 195.74509835243225, 213.0233118534088, 206.41522526741028, 222.9690225124359, 215.2369999885559, 230.22902631759644, 220.5108425617218, 234.72670364379883, 222.34799933433533, 236.57498049736023, 224.20116710662842, 238.44332242012024, 226.0907747745514, 240.30673599243164, 227.93505334854126, 242.1410195827484, 229.7946813106537, 243.99259185791016, 231.65967321395874, 245.8605306148529, 233.59877634048462, 247.7705774307251, 235.47583651542664, 249.6263599395752, 237.3769497871399, 251.46474719047546, 239.2396547794342, 253.32078552246094, 241.13734197616577, 255.19788932800293, 242.9850516319275, 257.0387315750122, 244.83015966415405, 258.89284896850586, 246.67849612236023, 260.7245054244995, 248.56785440444946, 262.58456349372864, 250.39467525482178, 264.4441044330597, 252.25641441345215, 266.2908778190613, 254.1039023399353, 268.1515095233917, 256.00679564476013, 270.0081431865692, 257.8891644477844, 271.86607098579407, 259.82087898254395, 273.7242817878723, 261.9953804016113, 276.25159883499146, 264.42596197128296, 278.5652770996094, 266.73011660575867, 280.80778074264526, 269.0220048427582, 283.0866529941559, 271.39403080940247, 285.41297674179077, 273.5478208065033, 287.31104803085327, 275.4306290149689, 289.17124366760254, 277.3034625053406, 291.0425109863281, 279.19143176078796, 292.90163016319275, 281.0228011608124, 294.7801880836487, 282.8880910873413, 296.64156436920166, 284.78817653656006, 298.4808084964752, 286.6753308773041, 300.3312213420868, 288.5498046875, 302.18073058128357, 290.3900816440582, 304.0312509536743, 292.2498128414154, 305.8737823963165, 294.1601755619049, 307.7148172855377, 295.9935710430145, 309.5592875480652, 297.85612773895264, 311.42520546913147, 299.71330285072327, 313.28420758247375, 301.63933849334717, 315.167804479599, 303.5442922115326, 317.05501103401184, 305.3979411125183, 318.90212225914, 307.2630650997162, 320.74805665016174, 309.16025400161743, 322.5983693599701, 311.003947019577, 324.4624881744385, 312.8503336906433, 326.3136885166168, 314.70910143852234, 328.2032539844513, 316.75804901123047, 330.0731465816498, 318.60743021965027, 331.91004967689514, 320.44095826148987, 333.76634335517883, 322.2908544540405, 335.61423659324646, 324.1993782520294, 337.47529649734497, 326.07205152511597, 339.3435809612274, 327.9459021091461, 341.1942369937897, 329.82217812538147, 343.0913043022156, 331.7492423057556, 344.94141006469727, 333.6393692493439, 346.8131945133209, 335.50132060050964, 348.6826295852661, 337.38306951522827, 350.51577496528625, 339.29781699180603, 352.39920020103455, 341.13748240470886, 354.26608967781067, 343.00605750083923, 356.09721994400024, 344.8557856082916, 357.95453691482544, 346.7765917778015, 359.8475787639618, 348.64562940597534, 361.7057595252991, 350.5346643924713, 363.5596730709076, 352.39091444015503, 365.4297149181366, 354.36813712120056, 367.2839353084564, 356.21615982055664, 369.12814021110535, 358.1552789211273, 371.02014780044556, 360.0889205932617, 372.91586112976074, 362.0595152378082, 374.7997007369995, 363.9338116645813, 376.67829942703247, 365.8086242675781, 378.53121185302734, 367.65611720085144, 380.41914224624634, 369.572625875473, 382.3257701396942, 371.4349174499512, 384.18372225761414, 373.28288555145264, 386.0427680015564, 375.1611113548279, 387.92446398735046, 377.07918906211853, 389.79925990104675, 378.94031286239624, 391.703675031662, 380.82527136802673, 393.54180812835693, 382.67850971221924, 395.3948566913605, 384.61453008651733, 397.2821319103241, 386.5064392089844, 399.13570523262024, 388.3553297519684, 401.00102400779724, 390.2356185913086]
Final objective value with penalty: 
3.221464458888575e-05
Final TV norm without penalty
32.20852386096125
0.017668396086284566
0.009134034197071468
0.0026938446325294445
0.0018014058180179787
0.001445822078466887
0.0011277367910510433
0.0009051747717527367
0.0006789908919322595
0.000531464825506029
0.0004046128345426667
0.0003144512620834098
0.0002385649422532517
0.00018098064843699373
0.0001359338700189069
0.00010505951314915626
8.074531574415458e-05
6.006562071544042e-05
4.7790669531133634e-05
3.682503041698548e-05
2.951446810810416e-05
2.3495239459943524e-05
1.8778729613760097e-05
1.4684237827837993e-05
1.2272829577118634e-05
1.0059077088472997e-05
8.510795601642178e-06
7.087329062885916e-06
5.6071352233928704e-06
5.4867041706601445e-06
5.400946898458677e-06
5.327570004649261e-06
5.259799531542316e-06
5.198219323332856e-06
5.145631270017383e-06
5.095603745611746e-06
5.0482418053663385e-06
5.001966587492162e-06
4.957207761716426e-06
4.913584635933469e-06
4.8655378322413056e-06
4.826442443444701e-06
4.783333057410041e-06
4.74387159088246e-06
4.705336920584328e-06
4.667382297545844e-06
4.630239728171099e-06
4.593451972635281e-06
4.557748270753323e-06
4.51442905048293e-06
4.479810896652013e-06
4.44586685956934e-06
4.412652219284403e-06
4.380424085261717e-06
4.349051668125749e-06
4.319213759179465e-06
4.292204792847504e-06
4.26844877152337e-06
4.251224280039049e-06
4.242475558450791e-06
4.249060693999933e-06
4.278273123112363e-06
4.33149661967871e-06
4.41466316593267e-06
4.434977968877467e-06
4.430120325596015e-06
4.336531872504433e-06
4.292910680016198e-06
4.188938570027877e-06
4.146238703326914e-06
4.109095544626333e-06
4.077104266124444e-06
4.044445134881738e-06
4.008277267433058e-06
3.9786472455975035e-06
3.951018450351662e-06
3.928247095534696e-06
3.909769879405762e-06
3.890158173734477e-06
3.872798301937249e-06
3.852413825984648e-06
3.8314159141178996e-06
3.8096265555174874e-06
3.7867959999257175e-06
3.7653385588298162e-06
3.7439950743726003e-06
3.723990714027881e-06
3.704838643600247e-06
3.6859206412954162e-06
3.6676231304306867e-06
3.6490191504150016e-06
3.6305150594291424e-06
3.6119913197271827e-06
3.5934159147640594e-06
3.5752377914015585e-06
3.5571899337291037e-06
3.5395981452421433e-06
3.52229717876891e-06
3.505263959435992e-06
3.4885035146217645e-06
3.4718799770530398e-06
3.4554324276562947e-06
3.4391458646476238e-06
3.4229909679312272e-06
3.407070324687957e-06
3.391303896401933e-06
3.3757910777987348e-06
3.3556648475660636e-06
3.3357791887437506e-06
3.3205761348655627e-06
3.305774303742752e-06
3.2911369865775272e-06
3.276683760587989e-06
3.2623797078556876e-06
3.248269520584264e-06
3.2343078581329037e-06
3.2205433440599056e-06
3.206930965407467e-06
3.193507643921089e-06
3.1802353458281287e-06
3.167141973956668e-06
3.154194063750725e-06
3.141419789337024e-06
3.1287856822110382e-06
3.1163235675458087e-06
3.1039988534777336e-06
3.0914283747285872e-06
3.078969539836255e-06
3.0667901588105344e-06
3.0547357518476555e-06
3.0427508424125754e-06
3.0308600186849524e-06
3.019137491883267e-06
3.0075760926558118e-06
2.996196007627333e-06
2.9849570730250093e-06
2.973872195733045e-06
2.9629101838471043e-06
2.9520950179054872e-06
2.9414039818564742e-06
2.930861711455826e-06
2.9204444075739667e-06
2.91017309744745e-06
2.900022787330665e-06
2.890013917257541e-06
2.8801222941841085e-06
2.870368956975313e-06
2.8607305107845472e-06
2.851227654664099e-06
2.8418374697504474e-06
2.832579776226895e-06
2.8234322607382287e-06
2.8144140313864523e-06
2.805503477159196e-06
2.7967191961755438e-06
2.7880402149697276e-06
2.779484628950697e-06
2.7710320625557572e-06
2.762700036197369e-06
2.754468800245312e-06
2.746355259179802e-06
2.7383403122536866e-06
2.7304402591758607e-06
2.7226366368528808e-06
2.714945171453094e-06
2.7073480152065538e-06
2.6998603391237363e-06
2.6924648976511524e-06
2.6851763077338734e-06
2.6779779210271807e-06
2.6708837999309776e-06
2.663877887321233e-06
2.6569736995763095e-06
2.6501557600334926e-06
2.6434370533221643e-06
2.6368026702983018e-06
2.6302650767330215e-06
2.6238099189813927e-06
2.6174491535015727e-06
2.6111689716757606e-06
2.6049808293522317e-06
2.5988714525943893e-06
2.5928518066388764e-06
2.58690914125705e-06
2.5810539423972167e-06
2.5752739721024043e-06
2.5695792481047145e-06
2.5639580334295576e-06
2.5584198880964987e-06
2.5529535652319815e-06
2.5475681771965566e-06
2.5422529564996218e-06
2.5370165781026246e-06
2.531848743208068e-06
2.5267576997226335e-06
2.5217336068361084e-06
2.5167842956458597e-06
2.511900372804626e-06
2.5070892625975435e-06
2.5023420087990054e-06
2.497665638670435e-06
Final evolution
[[-7.07114407e-01-7.07099145e-01j  1.47338067e-05-3.13059898e-05j
   5.95817549e-05+7.17923075e-05j  2.81992144e-06-7.03337358e-05j]
 [ 3.13002121e-05-1.47371982e-05j -7.07122586e-01-7.07090972e-01j
  -3.68658637e-05+1.04308277e-05j -1.91772496e-05+5.54902632e-05j]
 [ 7.03362178e-05-2.80628181e-06j -5.54857083e-05+1.91746699e-05j
   1.24804859e-05+1.35316677e-04j -7.07066887e-01-7.07146654e-01j]
 [-7.17883078e-05-5.95864848e-05j -1.04321810e-05+3.68701279e-05j
  -7.07123217e-01-7.07090325e-01j -1.35314395e-04-1.24919251e-05j]]

********* Summary *****************
Final fidelity error 1.010156003289353e-08
Final objective value 1.157565574109929e-08
Final norm value 1.4740957343661876e-09
Final error 1.7913278929668115e-10
Terminate reason Exceed the maximum number of iteration of ADMM
Number of iterations 200
Completed in 0:08:44.926945 HH:MM:SS.US
Time for each iteration [6.998633861541748, 4.987958192825317, 13.31685996055603, 15.206033706665039, 19.711241722106934, 22.31150484085083, 26.778549909591675, 31.195605993270874, 33.702120304107666, 40.73815083503723, 43.7994441986084, 51.55213451385498, 54.61260437965393, 57.83537268638611, 66.05807566642761, 66.74015927314758, 74.31319546699524, 75.55076479911804, 82.50404572486877, 82.53354215621948, 89.44192457199097, 86.86396956443787, 97.61439490318298, 91.20523285865784, 105.91700673103333, 98.18524551391602, 110.92039728164673, 99.96311783790588, 112.7174551486969, 101.73351979255676, 114.48001599311829, 103.49397563934326, 116.23762917518616, 105.270756483078, 118.01937747001648, 107.04695463180542, 119.78090620040894, 108.8246066570282, 121.53130578994751, 110.60963535308838, 123.30943250656128, 112.38064622879028, 125.09282541275024, 114.16799545288086, 126.91845154762268, 116.01031970977783, 128.7390158176422, 117.81225490570068, 130.5663022994995, 119.6700336933136, 132.4041154384613, 121.49462938308716, 134.22767782211304, 123.34143257141113, 136.04819011688232, 125.15572476387024, 137.8434760570526, 126.97846031188965, 139.64282250404358, 128.79991674423218, 141.46934008598328, 130.68821358680725, 143.4112491607666, 132.5259187221527, 145.23913168907166, 134.344087600708, 147.04693412780762, 136.18893003463745, 148.8693916797638, 138.04621529579163, 150.67766976356506, 139.88651990890503, 152.63594675064087, 141.6875946521759, 154.46446585655212, 143.50765085220337, 156.2688820362091, 145.441002368927, 158.10917115211487, 147.2443070411682, 159.95578360557556, 149.0719645023346, 161.75456476211548, 150.8969602584839, 163.55207681655884, 152.7483880519867, 165.38535952568054, 154.60789251327515, 167.19560432434082, 156.43988871574402, 169.03368496894836, 158.25347185134888, 170.84918928146362, 160.06838297843933, 172.74752712249756, 161.90942478179932, 174.54616045951843, 163.70953702926636, 176.36619520187378, 165.5135850906372, 178.21650624275208, 167.35331797599792, 180.1109344959259, 169.1819145679474, 181.97895503044128, 170.97268104553223, 183.82563519477844, 172.82178044319153, 185.64450073242188, 174.64780855178833, 187.50914311408997, 176.46500158309937, 189.31912088394165, 178.2724130153656, 191.12652444839478, 180.0849289894104, 192.93171739578247, 181.88905572891235, 194.80756306648254, 183.70790219306946, 196.65286469459534, 185.51722240447998, 198.45692372322083, 187.3217658996582, 200.28206586837769, 189.13245129585266, 202.11607766151428, 191.00489687919617, 203.95634579658508, 192.82107043266296, 205.76268601417542, 194.64489912986755, 207.57797074317932, 196.46490263938904, 209.3878047466278, 198.3206856250763, 211.2032449245453, 200.16867113113403, 213.0152072906494, 202.00965452194214, 214.83746099472046, 203.83243417739868, 216.67971277236938, 205.74806928634644, 218.53853631019592, 207.57001900672913, 220.35367155075073, 209.379319190979, 222.16841745376587, 211.22271060943604, 224.0025498867035, 213.07321906089783, 225.80893230438232, 214.9299840927124, 227.62288331985474, 216.76194667816162, 229.44661664962769, 218.58237504959106, 231.27663779258728, 220.470445394516, 233.11304140090942, 222.2938096523285, 234.91604948043823, 224.09882187843323, 236.73934650421143, 225.94125294685364, 238.56970953941345, 227.77586364746094, 240.4135377407074, 229.58779287338257, 242.22812724113464, 231.3990581035614, 244.06442666053772, 233.2588050365448, 245.87628293037415, 235.09142661094666, 247.77006721496582, 236.91537475585938, 249.57926774024963, 238.72752594947815, 251.4045069217682, 240.54052138328552, 253.2129247188568, 242.35787153244019, 255.08523988723755, 244.16366314888, 256.9103798866272, 245.96911334991455, 258.7315855026245, 247.78457951545715, 260.58829617500305, 249.59979677200317, 262.45884132385254, 251.477374792099, 264.2745614051819, 253.28824162483215, 266.1453912258148, 255.12844157218933, 267.98992824554443, 256.9370164871216]
Final objective value with penalty: 
3.243579916208248e-05
Final TV norm without penalty
32.42569760204959
0.017668396086284566
0.009134034197071468
0.0026938446325294445
0.0018014058180179787
0.001445822078466887
0.0011277367910510433
0.0009051747717527367
0.0006789908919322595
0.000531464825506029
0.0004046128345426667
0.0003144512620834098
0.0002385649422532517
0.00018098064843699373
0.0001359338700189069
0.00010505951314915626
8.074531574415458e-05
6.006562071544042e-05
4.7790669531133634e-05
3.682503041698548e-05
2.951446810810416e-05
2.3495239459943524e-05
1.8778729613760097e-05
1.4684237827837993e-05
1.2272829577118634e-05
1.0059077088472997e-05
8.510795601642178e-06
7.087329062885916e-06
5.6071352233928704e-06
5.4867041706601445e-06
5.400946898458677e-06
5.327570004649261e-06
5.259799531542316e-06
5.198219323332856e-06
5.145631270017383e-06
5.095603745611746e-06
5.0482418053663385e-06
5.001966587492162e-06
4.957207761716426e-06
4.913584635933469e-06
4.8655378322413056e-06
4.826442443444701e-06
4.783333057410041e-06
4.74387159088246e-06
4.705336920584328e-06
4.667382297545844e-06
4.630239728171099e-06
4.593451972635281e-06
4.557748270753323e-06
4.51442905048293e-06
4.479810896652013e-06
4.44586685956934e-06
4.412652219284403e-06
4.380424085261717e-06
4.349051668125749e-06
4.319213759179465e-06
4.292204792847504e-06
4.26844877152337e-06
4.251224280039049e-06
4.242475558450791e-06
4.249060693999933e-06
4.278273123112363e-06
4.33149661967871e-06
4.41466316593267e-06
4.434977968877467e-06
4.430120325596015e-06
4.336531872504433e-06
4.292910680016198e-06
4.188938570027877e-06
4.146238703326914e-06
4.109095544626333e-06
4.077104266124444e-06
4.044445134881738e-06
4.008277267433058e-06
3.9786472455975035e-06
3.951018450351662e-06
3.928247095534696e-06
3.909769879405762e-06
3.890158173734477e-06
3.872798301937249e-06
3.852413825984648e-06
3.8314159141178996e-06
3.8096265555174874e-06
3.7867959999257175e-06
3.7653385588298162e-06
3.7439950743726003e-06
3.723990714027881e-06
3.704838643600247e-06
3.6859206412954162e-06
3.6676231304306867e-06
3.6490191504150016e-06
3.6305150594291424e-06
3.6119913197271827e-06
3.5934159147640594e-06
3.5752377914015585e-06
3.5571899337291037e-06
3.5395981452421433e-06
3.52229717876891e-06
3.505263959435992e-06
3.4885035146217645e-06
3.4718799770530397e-07
3.455432427656295e-07
3.4391458646476235e-07
3.4229909679312273e-07
3.407070324687957e-07
3.3913038964019325e-07
3.375791077798735e-07
3.355664847566064e-07
3.335779188743751e-07
3.3205761348655626e-07
3.305774303742752e-07
3.291136986577527e-07
3.276683760587989e-07
3.262379707855687e-07
3.248269520584264e-07
3.234307858132904e-07
3.220543344059905e-07
3.206930965407467e-07
3.193507643921089e-07
3.1802353458281287e-07
3.1671419739566684e-07
3.1541940637507245e-07
3.1414197893370237e-07
3.128785682211038e-07
3.1163235675458085e-07
3.103998853477734e-07
3.091428374728587e-07
3.078969539836255e-07
3.0667901588105346e-07
3.054735751847655e-07
3.042750842412575e-07
3.030860018684952e-07
3.019137491883267e-07
3.007576092655812e-07
2.9961960076273333e-07
2.9849570730250095e-07
2.9738721957330447e-07
2.962910183847104e-07
2.952095017905487e-07
2.941403981856474e-07
2.930861711455826e-07
2.9204444075739666e-07
2.9101730974474504e-07
2.900022787330665e-07
2.890013917257541e-07
2.880122294184108e-07
2.870368956975313e-07
2.860730510784547e-07
2.851227654664099e-07
2.841837469750447e-07
2.8325797762268947e-07
2.8234322607382287e-07
2.8144140313864523e-07
2.805503477159196e-07
2.7967191961755435e-07
2.7880402149697277e-07
2.7794846289506967e-07
2.771032062555757e-07
2.762700036197369e-07
2.754468800245312e-07
2.746355259179802e-07
2.7383403122536865e-07
2.7304402591758603e-07
2.7226366368528807e-07
2.7149451714530943e-07
2.7073480152065536e-07
2.699860339123736e-07
2.6924648976511525e-07
2.6851763077338735e-07
2.677977921027181e-07
2.6708837999309773e-07
2.6638778873212325e-07
2.6569736995763093e-07
2.6501557600334924e-07
2.643437053322164e-07
2.636802670298302e-07
2.630265076733021e-07
2.6238099189813926e-07
2.6174491535015723e-07
2.6111689716757606e-07
2.6049808293522317e-07
2.5988714525943894e-07
2.592851806638876e-07
2.58690914125705e-07
2.5810539423972165e-07
2.5752739721024044e-07
2.5695792481047144e-07
2.5639580334295577e-07
2.5584198880964984e-07
2.552953565231982e-07
2.547568177196557e-07
2.5422529564996216e-07
2.537016578102625e-07
2.531848743208068e-07
2.5267576997226334e-07
2.5217336068361083e-07
2.5167842956458595e-07
2.511900372804626e-07
2.507089262597543e-07
2.5023420087990055e-07
2.497665638670435e-07
Final evolution
[[-7.07114407e-01-7.07099145e-01j  1.47338067e-05-3.13059898e-05j
   5.95817549e-05+7.17923075e-05j  2.81992144e-06-7.03337358e-05j]
 [ 3.13002121e-05-1.47371982e-05j -7.07122586e-01-7.07090972e-01j
  -3.68658637e-05+1.04308277e-05j -1.91772496e-05+5.54902632e-05j]
 [ 7.03362178e-05-2.80628181e-06j -5.54857083e-05+1.91746699e-05j
   1.24804859e-05+1.35316677e-04j -7.07066887e-01-7.07146654e-01j]
 [-7.17883078e-05-5.95864848e-05j -1.04321810e-05+3.68701279e-05j
  -7.07123217e-01-7.07090325e-01j -1.35314395e-04-1.24919251e-05j]]

********* Summary *****************
Final fidelity error 1.010156003289353e-08
Final objective value 1.157565574109929e-08
Final norm value 1.4740957343661876e-09
Final error 1.7913278929668115e-10
Terminate reason Exceed the maximum number of iteration of ADMM
Number of iterations 200
Completed in 0:09:17.889361 HH:MM:SS.US
Time for each iteration [7.262641906738281, 5.23676609992981, 13.85299301147461, 15.979619264602661, 20.461867809295654, 23.23883628845215, 27.728219032287598, 32.60450053215027, 35.057161808013916, 42.57812809944153, 45.767775774002075, 54.0395131111145, 57.128384828567505, 60.67801785469055, 69.55874228477478, 70.28462743759155, 78.42446708679199, 79.90475583076477, 87.23370170593262, 87.55933856964111, 94.77479910850525, 92.33479142189026, 103.69151711463928, 97.1292884349823, 112.77236676216125, 104.6346914768219, 118.19548535346985, 106.5433247089386, 120.08465671539307, 108.44758152961731, 121.99938535690308, 110.40436172485352, 123.91781616210938, 112.32233142852783, 126.05058312416077, 114.27379488945007, 127.97109699249268, 116.177814245224, 129.90330696105957, 118.10575127601624, 131.80792379379272, 120.0018150806427, 133.72565984725952, 121.92347550392151, 135.66585993766785, 123.83767747879028, 137.6180260181427, 125.78597140312195, 139.51086521148682, 127.69394493103027, 141.45783352851868, 129.60916352272034, 143.39345240592957, 131.52069211006165, 145.3375883102417, 133.43759298324585, 147.2531762123108, 135.34236216545105, 149.1611762046814, 137.23006129264832, 151.04540944099426, 139.11894845962524, 153.0530927181244, 141.04287433624268, 154.95444560050964, 143.1271562576294, 156.91572880744934, 145.07343006134033, 158.8496561050415, 147.0763761997223, 160.82303166389465, 149.00454878807068, 162.7590742111206, 150.95712089538574, 164.72573709487915, 152.93481516838074, 166.7029447555542, 154.9727749824524, 168.68138146400452, 156.91853523254395, 170.63064122200012, 158.90354466438293, 172.58779454231262, 160.84890031814575, 174.51161122322083, 162.80900025367737, 176.40761375427246, 164.7158751487732, 178.3384494781494, 166.63847398757935, 180.24011898040771, 168.5297429561615, 182.14626812934875, 170.49243140220642, 184.06182599067688, 172.40770292282104, 186.27148365974426, 174.42122268676758, 188.1966052055359, 176.3600628376007, 190.1670274734497, 178.27521085739136, 192.0638976097107, 180.15835666656494, 193.9762852191925, 182.1056773662567, 195.8831443786621, 184.01744079589844, 197.85024642944336, 185.94702792167664, 199.77656722068787, 187.89091563224792, 201.6914939880371, 189.83112454414368, 203.6240689754486, 191.80399131774902, 205.61207818984985, 193.76068115234375, 207.63335824012756, 195.69830584526062, 209.57797646522522, 197.64718437194824, 211.52655959129333, 199.62163972854614, 213.4928605556488, 201.55448985099792, 215.41032528877258, 203.48928475379944, 217.33958292007446, 205.39156532287598, 219.24803614616394, 207.3380081653595, 221.14823937416077, 209.2289535999298, 223.10112929344177, 211.17490243911743, 225.01206946372986, 213.10074043273926, 226.92655205726624, 215.05767726898193, 228.83325362205505, 216.96019434928894, 230.7454297542572, 218.85513162612915, 232.79473900794983, 220.7696852684021, 234.70577311515808, 222.70254707336426, 236.61174321174622, 224.61975193023682, 238.50897026062012, 226.54279732704163, 240.41427397727966, 228.4940586090088, 242.36193418502808, 230.4928376674652, 244.34325122833252, 232.47804045677185, 246.25118565559387, 234.39057040214539, 248.13450288772583, 236.2973816394806, 250.10098600387573, 238.19855904579163, 251.99735975265503, 240.14214777946472, 253.90101099014282, 242.05903959274292, 255.81979203224182, 243.9884374141693, 257.89424085617065, 245.91861367225647, 259.7897598743439, 247.82108807563782, 261.6953852176666, 249.75098991394043, 263.61998748779297, 251.64831709861755, 265.5745587348938, 253.57262897491455, 267.5057394504547, 255.5366497039795, 269.42079305648804, 257.415988445282, 271.34618186950684, 259.3834271430969, 273.3262836933136, 261.3017909526825, 275.2416560649872, 263.27826976776123, 277.195015668869, 265.2130391597748, 279.1640839576721, 267.22693943977356, 281.073668718338, 269.1782069206238, 282.9669666290283, 271.07485795021057, 284.86415815353394, 273.0252032279968]
Final objective value with penalty: 
3.243579916208248e-05
Final TV norm without penalty
32.42569760204959
Final evolution
[[-7.07113441e-01-7.07100116e-01j  1.07618718e-05-2.44306872e-05j
   4.99782705e-05+5.06560488e-05j  2.10345937e-07-5.43286132e-05j]
 [ 2.44273389e-05-1.07644476e-05j -7.07121116e-01-7.07092444e-01j
  -2.40510790e-05+8.58989298e-06j -1.51810025e-05+4.93273929e-05j]
 [ 5.43295283e-05-2.02192968e-07j -4.93250480e-05+1.51795214e-05j
   1.06568567e-05+1.03109941e-04j -7.07071543e-01-7.07142006e-01j]
 [-5.06536842e-05-4.99807880e-05j -8.59114276e-06+2.40541284e-05j
  -7.07121008e-01-7.07092542e-01j -1.03108331e-04-1.06639737e-05j]]

********* Summary *****************
Final fidelity error 6.120727924496805e-09
Final objective value 7.571774426362811e-09
Final norm value 1.4510465051742472e-09
Final error 1.1269063957088904e-10
Terminate reason Exceed the maximum number of iteration of ADMM
Number of iterations 200
Completed in 0:14:09.270842 HH:MM:SS.US
Time for each iteration [18.944865942001343, 15.616989850997925, 39.644471645355225, 36.449482917785645, 61.34338355064392, 66.11444592475891, 91.59840083122253, 92.39958143234253, 119.25960993766785, 122.3464732170105, 150.29725766181946, 150.58096361160278, 180.55977606773376, 176.93106055259705, 199.4063618183136, 195.23224544525146, 212.6560673713684, 207.4059715270996, 224.34337306022644, 218.3489544391632, 232.12098169326782, 223.72504234313965, 236.99725675582886, 225.94350123405457, 238.89992213249207, 227.7565939426422, 240.75462675094604, 229.631573677063, 242.62806510925293, 231.51730012893677, 244.54325127601624, 233.46693778038025, 246.5420606136322, 235.84916043281555, 248.44928622245789, 237.73848390579224, 250.3168342113495, 239.64454245567322, 252.31567811965942, 241.52586388587952, 254.39326214790344, 243.80280900001526, 256.79219794273376, 246.17777705192566, 259.0455627441406, 248.26466965675354, 261.038015127182, 250.20076656341553, 263.0549581050873, 252.23559284210205, 265.05856800079346, 254.20398092269897, 266.96550822257996, 256.09788823127747, 269.01012086868286, 258.1916365623474, 270.9825351238251, 261.2128686904907, 273.0414204597473, 263.6121699810028, 275.4978699684143, 266.3235659599304, 277.5253121852875, 268.6157855987549, 279.62374925613403, 270.5116283893585, 281.5151572227478, 272.3858268260956, 283.3547716140747, 274.24113416671753, 285.4038472175598, 276.26993346214294, 287.94169068336487, 278.36396765708923, 289.91278648376465, 281.26197052001953, 292.0182077884674, 283.1645793914795, 294.171669960022, 286.05657839775085, 296.3298316001892, 287.9369740486145, 298.18567085266113, 289.8106007575989, 300.2418065071106, 291.75982689857483, 302.6477129459381, 293.98718309402466, 304.5643401145935, 295.9136333465576, 306.4672224521637, 297.77971935272217, 308.3952841758728, 299.73721408843994, 310.30220580101013, 301.72457575798035, 312.28597831726074, 304.50334763526917, 315.1417329311371, 306.46240758895874, 317.04216146469116, 308.81937980651855, 319.9916458129883, 311.5575306415558, 322.58928894996643, 313.50864243507385, 324.53459906578064, 316.0387418270111, 327.0896370410919, 318.7116529941559, 329.16730213165283, 321.1206212043762, 331.2117209434509, 323.5094437599182, 333.75279211997986, 325.460734128952, 335.6673927307129, 327.3861081600189, 337.693434715271, 329.7358407974243, 339.55075693130493, 331.6186718940735, 341.4960880279541, 333.51871037483215, 343.4052150249481, 335.4173755645752, 345.3255181312561, 337.60842990875244, 347.57036447525024, 339.69125294685364, 349.49776887893677, 341.57534861564636, 351.3979182243347, 343.5248546600342, 353.6233775615692, 346.1545534133911, 355.80615496635437, 348.52166533470154, 358.4568645954132, 350.50130558013916, 360.4045584201813, 353.0924196243286, 362.30321621894836, 355.3517644405365, 364.93596935272217, 358.00926542282104, 367.4881935119629, 360.1958067417145, 369.7490932941437, 362.78094124794006, 372.3316192626953, 365.34695315361023, 374.5675151348114, 367.2869064807892, 376.97593545913696, 370.08820271492004, 379.6178095340729, 372.8381371498108, 382.1133005619049, 375.23624420166016, 384.58839678764343, 377.7720685005188, 386.66394424438477, 379.98586440086365, 389.27859234809875, 381.9346194267273, 391.3116261959076, 383.88248324394226, 393.4167308807373, 386.87876892089844, 396.30160689353943, 389.00615096092224, 398.19158005714417, 390.94856667518616, 400.61080026626587, 393.48721194267273, 402.900128364563, 395.84520721435547, 404.9134078025818, 397.7649302482605, 406.89853978157043, 400.30483198165894, 408.85528445243835, 402.69494223594666, 411.56150221824646, 405.2418773174286, 413.8026783466339, 407.8492600917816, 415.83260703086853, 410.12222361564636, 418.3263039588928, 412.2446858882904, 420.2505691051483, 414.0875017642975, 422.8630871772766, 417.0518789291382, 424.94001030921936, 419.58574056625366, 427.60187101364136, 421.6689713001251]
Final objective value with penalty: 
3.221464458888575e-05
Final TV norm without penalty
32.20852386096125
