Final evolution
[[-0.07482947-0.64242061j  0.10052784+0.49694778j  0.25291733+0.24922174j
  -0.43960982-0.0727868j ]
 [-0.21781052+0.28193164j -0.60909991-0.19497267j  0.55456594+0.02841718j
  -0.38550711-0.0841988j ]
 [ 0.14879128+0.37889226j  0.36563133-0.0641407j  -0.30007921-0.059978j
  -0.73142148-0.26053642j]
 [-0.01825853-0.53734334j -0.18764927-0.40113273j -0.18266885-0.66223684j
  -0.16863895-0.12018491j]]

********* Summary *****************
Final fidelity error 0.4056593320120827
Final objective value 0.649775459025356
Final norm value 0.24411612701327334
Final error 5.88048630566366e-08
Terminate reason Exceed the maximum number of iteration of ADMM
Number of iterations 100
Completed in 0:03:31.051859 HH:MM:SS.US
Time for each iteration [9.543922662734985, 7.4536402225494385, 17.912882328033447, 15.485447883605957, 22.05976104736328, 19.167736768722534, 28.50436758995056, 28.168859481811523, 36.553948402404785, 33.50620102882385, 40.65310859680176, 37.879215717315674, 44.61128497123718, 42.27675175666809, 48.487210750579834, 44.50789785385132, 51.95208430290222, 46.78281116485596, 55.399221897125244, 48.893160820007324, 57.692219972610474, 51.1663658618927, 59.95320701599121, 52.723509550094604, 62.21529006958008, 54.32522511482239, 64.31670188903809, 56.599297761917114, 66.068035364151, 58.35216784477234, 68.16112279891968, 60.48147702217102, 70.26371765136719, 62.59190559387207, 71.68237161636353, 64.50286984443665, 73.61435317993164, 66.4169852733612, 74.86104822158813, 68.00282073020935, 76.46274638175964, 69.60185480117798, 78.04862070083618, 71.1857590675354, 79.63826537132263, 72.46038246154785, 81.05369067192078, 73.3701548576355, 82.2865002155304, 74.79948782920837, 83.20073199272156, 75.70646739006042, 84.46172881126404, 76.61110639572144, 85.7104651927948, 77.5157573223114, 86.94919633865356, 78.41742253303528, 88.17458534240723, 79.29510068893433, 89.43775033950806, 80.18972325325012, 90.6731207370758, 81.08433771133423, 91.93997144699097, 82.71936535835266, 92.8466248512268, 83.64194536209106, 94.44295477867126, 84.5556366443634, 96.05015802383423, 85.44331216812134, 97.60799407958984, 86.33595085144043, 98.84081721305847, 87.08406853675842, 99.73956418037415, 88.5427315235138, 100.62834310531616, 89.44637989997864, 101.53290033340454, 91.75677824020386, 102.43934321403503, 92.66737151145935, 103.33704113960266, 93.56900453567505, 104.72674894332886, 94.30702924728394, 105.67526435852051, 95.77417969703674, 106.44762682914734, 96.71476984024048, 107.9283709526062, 97.4826922416687, 108.87129473686218, 98.43419337272644, 109.81087255477905, 99.37393546104431, 110.74142003059387, 100.31043887138367]
Final objective value with penalty: 
0.4735806071508811
