Final evolution
[[-0.08192846-0.6412177j  -0.02472851+0.35388389j  0.30469711+0.45270179j
  -0.38159984-0.11351034j]
 [-0.04100944+0.19621066j -0.65734425-0.45163575j  0.49892016+0.0156351j
  -0.24333943-0.12394926j]
 [ 0.14015123+0.46898545j  0.28313112+0.06975924j -0.15888296+0.05514041j
  -0.79290861-0.13561849j]
 [-0.11265317-0.53820696j -0.04355172-0.38878276j -0.37535253-0.53280502j
  -0.33480996-0.08789377j]]

********* Summary *****************
Final fidelity error 0.3509246004253108
Final objective value 0.35534626193629987
Final norm value 0.0044216615109891055
Final error 5.87407586193936e-10
Terminate reason Exceed the maximum number of iteration of ADMM
Number of iterations 200
Completed in 0:09:28.380914 HH:MM:SS.US
Time for each iteration [8.472318887710571, 5.736498117446899, 14.350951433181763, 10.294008493423462, 19.426729440689087, 14.438346862792969, 23.153165102005005, 18.038914918899536, 26.63142490386963, 21.720311403274536, 29.801624298095703, 25.051589727401733, 33.36978769302368, 28.744436264038086, 37.00841760635376, 32.199405670166016, 40.15848994255066, 35.36369299888611, 43.309558629989624, 38.494384765625, 46.00531482696533, 41.44263553619385, 48.51481771469116, 43.70810914039612, 50.98662352561951, 46.683218002319336, 53.47561001777649, 49.353774547576904, 56.123011112213135, 51.8625807762146, 58.62584352493286, 54.30419707298279, 61.17694687843323, 56.7759325504303, 63.6390745639801, 59.615400075912476, 66.00605273246765, 61.87938618659973, 68.3812358379364, 64.12706589698792, 70.82494497299194, 66.69439959526062, 73.0856237411499, 69.08658909797668, 75.3399965763092, 71.37403273582458, 77.70372247695923, 73.80796790122986, 79.95076823234558, 76.08505034446716, 82.19308853149414, 78.39909386634827, 84.42833042144775, 80.06028056144714, 86.67489266395569, 81.5429196357727, 88.92504119873047, 83.0529408454895, 91.1082878112793, 84.5559492111206, 93.29714322090149, 86.0191535949707, 95.00465631484985, 88.23424482345581, 96.47275471687317, 89.91026282310486, 98.70139455795288, 91.39888429641724, 100.3743953704834, 93.59604477882385, 101.8993809223175, 95.27474761009216, 103.59700417518616, 96.95978927612305, 105.34215378761292, 99.25683331489563, 107.20686149597168, 100.78633046150208, 109.12781262397766, 102.68955492973328, 110.99312210083008, 104.5897068977356, 112.9052381515503, 106.49765729904175, 114.80275368690491, 108.3637866973877, 116.65840196609497, 110.32083058357239, 118.85475397109985, 112.34155249595642, 120.95340752601624, 114.47247195243835, 123.0135977268219, 116.4742362499237, 124.95614075660706, 118.33060359954834, 127.29890894889832, 120.46947956085205, 129.43523454666138, 122.40141129493713, 131.4888801574707, 124.5402102470398, 133.54997396469116, 126.69600200653076, 135.7932231426239, 128.70115876197815, 137.99647307395935, 130.69892382621765, 140.0539629459381, 132.19393920898438, 141.70158433914185, 134.04406642913818, 143.1876564025879, 135.53366231918335, 144.67028713226318, 137.01171207427979, 146.13337588310242, 138.6307725906372, 147.74977111816406, 140.11278700828552, 149.2728955745697, 141.59892106056213, 150.75298285484314, 143.0802550315857, 152.2436830997467, 144.5636956691742, 153.72731113433838, 146.08187127113342, 155.28851914405823, 147.60695266723633, 156.7666621208191, 149.1077263355255, 158.26181173324585, 150.5895073413849, 159.73399138450623, 152.25682425498962, 161.21508693695068, 153.97595620155334, 162.8989007472992, 155.12306189537048, 164.2024166584015, 156.288161277771, 165.3888328075409, 157.553781747818, 166.67177772521973, 158.8074860572815, 168.4751000404358, 160.06691455841064, 169.70880270004272, 161.2608892917633, 181.18394374847412, 165.65653467178345, 185.53567457199097, 170.01171588897705, 190.06738090515137, 174.68585395812988, 194.66055560112, 179.52848267555237, 199.2846164703369, 184.08779668807983, 203.82950568199158, 188.76611733436584, 208.3620285987854, 193.30652451515198, 213.0015959739685, 197.8758659362793, 217.6823959350586, 202.46870756149292, 222.24705481529236, 207.02823853492737, 226.84370756149292, 211.63458800315857, 231.4900839328766, 216.32641077041626, 236.12633442878723, 220.95087909698486, 240.7677879333496, 225.60313200950623, 245.37372255325317, 230.1716890335083, 250.0866539478302, 234.838214635849, 254.73149585723877, 239.53857588768005, 259.40318608283997, 244.24600410461426, 264.1795084476471, 248.900737285614, 268.79951310157776, 253.43737721443176, 273.4005992412567, 258.15009331703186, 278.02954745292664, 262.79665207862854, 282.5904104709625, 267.448988199234, 287.18587493896484, 272.07429456710815, 291.75346064567566, 276.6274538040161]
Final objective value with penalty: 
0.3677419950108098
