Final evolution
[[ 0.00916146-0.58958453j  0.0699345 +0.50104653j  0.27992149+0.19466186j
  -0.52820383-0.03345334j]
 [-0.33617672+0.256033j   -0.60413243-0.257867j    0.52177035-0.00769628j
  -0.33938719-0.04973662j]
 [ 0.07500879+0.37486666j  0.30795736-0.15809064j -0.36161464-0.10608198j
  -0.74482851-0.19295137j]
 [ 0.06035631-0.56916101j -0.2420776 -0.36627613j -0.21824922-0.64945818j
  -0.09618061-0.03120475j]]

********* Summary *****************
Final fidelity error 0.425372607930392
Final objective value 2.3373431254378727
Final norm value 1.9119705175074806
Final error 4.671479886038089e-06
Terminate reason Exceed the maximum number of iteration of ADMM
Number of iterations 200
Completed in 0:01:49.634504 HH:MM:SS.US
Time for each iteration [2.6214687824249268, 2.290355682373047, 5.239401578903198, 4.962326765060425, 7.812911033630371, 6.54009747505188, 9.592314958572388, 7.344436407089233, 10.511234045028687, 8.045705556869507, 11.318194150924683, 8.663790225982666, 12.162873983383179, 9.932486057281494, 12.595584630966187, 11.246530055999756, 13.031795263290405, 12.267404079437256, 13.919480800628662, 12.881810426712036, 14.730942487716675, 13.756367444992065, 15.544826030731201, 15.57706332206726, 15.862781047821045, 16.39424180984497, 16.68023920059204, 17.852704763412476, 17.512596368789673, 19.010722398757935, 21.857116222381592, 21.065124034881592, 23.504566192626953, 21.779098987579346, 24.31432271003723, 23.210129499435425, 25.021161794662476, 23.914997339248657, 26.577576875686646, 24.53824496269226, 27.299426794052124, 25.270469665527344, 28.021666765213013, 25.780107975006104, 28.413618803024292, 26.178698778152466, 28.807106256484985, 26.577204942703247, 29.305773973464966, 26.975364446640015, 29.696138620376587, 27.372713088989258, 30.099061965942383, 27.79439115524292, 30.506540775299072, 28.196892261505127, 30.905473232269287, 28.595826625823975, 31.3066668510437, 28.999642610549927, 31.699077606201172, 29.39685368537903, 32.1041796207428, 29.784570455551147, 32.50313639640808, 30.177520036697388, 32.90445566177368, 30.57957148551941, 33.296923875808716, 30.988333225250244, 33.58714532852173, 31.386382341384888, 33.97963213920593, 31.69475746154785, 34.388540267944336, 32.10964775085449, 34.68298602104187, 32.51095628738403, 34.983845949172974, 32.90365815162659, 35.28105187416077, 33.29464769363403, 35.467679023742676, 33.701886892318726, 35.76088619232178, 34.097827672958374, 35.940406799316406, 34.495176553726196, 36.23636555671692, 34.8871750831604, 36.522600173950195, 35.286142349243164, 36.987865686416626, 35.51011085510254, 37.17436766624451, 35.79806971549988, 37.59872508049011, 36.08729672431946, 38.00159239768982, 36.49243974685669, 38.18675708770752, 36.88240098953247, 38.593666315078735, 37.070939779281616, 38.99502372741699, 37.47361898422241, 39.176538705825806, 37.93440914154053, 39.58168172836304, 38.12888956069946, 39.97239017486572, 38.528820514678955, 40.159889936447144, 38.92439603805542, 40.571043491363525, 39.10714793205261, 40.96000409126282, 39.5040864944458, 41.145097732543945, 39.91044282913208, 41.44928288459778, 40.342386960983276, 41.744495153427124, 40.76643991470337, 42.056464433670044, 41.19529366493225, 42.3456916809082, 41.59327435493469, 42.6417932510376, 42.05738306045532, 42.85223054885864, 42.4757924079895, 43.04671049118042, 43.02385902404785, 43.434672594070435, 43.61385798454285, 43.77324342727661, 44.04777407646179, 44.075435400009155, 44.4787483215332, 44.37512516975403, 44.89683651924133, 44.680012226104736, 45.31172728538513, 44.994346380233765, 45.748799085617065, 45.311633348464966, 46.19261360168457, 45.77759623527527, 46.430941581726074, 46.00477480888367, 46.64582824707031, 46.22419095039368, 46.86424160003662, 46.71573090553284, 47.32546401023865, 46.92660164833069, 47.58177328109741, 47.44721293449402, 48.068540811538696, 47.666176557540894, 48.42440891265869, 48.15177917480469, 48.883182525634766, 48.37009310722351, 49.09240460395813, 48.839247941970825, 49.57434821128845, 49.046693563461304, 49.77948570251465, 49.48833250999451, 50.252081871032715, 49.72170877456665, 50.48346281051636, 50.05868172645569, 50.945258378982544, 50.538217067718506, 51.25793504714966, 50.869330167770386, 51.663620948791504, 51.15265679359436, 52.12040066719055, 51.647786140441895, 52.45115637779236, 52.11219310760498, 52.77728486061096, 52.55644869804382, 52.986576318740845, 52.99842619895935, 53.19302415847778, 53.42628264427185, 53.39249134063721, 53.87361240386963, 53.596954345703125, 54.35004496574402, 53.823349952697754, 54.798134565353394, 54.02901792526245, 55.344183921813965, 54.29032039642334]
Final objective value with penalty: 
0.536083797261345
Final TV norm without penalty
1.1071118933095303
