Final evolution
[[-0.89554742-0.20332663j]
 [ 0.37531584-0.1256627j ]]

********* Summary *****************
Final fidelity error 0.6242261927892575
Final objective value 0.6242269436488077
Final norm value 7.508595502025983e-07
Final error 0.0
Terminate reason Exceed the maximum number of iteration of ADMM
Number of iterations 200
Completed in 0:00:15.039446 HH:MM:SS.US
Time for each iteration [0.13363289833068848, 0.10181403160095215, 0.2337939739227295, 0.20575904846191406, 0.34691500663757324, 0.3058629035949707, 0.44832515716552734, 0.4143638610839844, 0.5528092384338379, 0.5172648429870605, 0.6609961986541748, 0.6196317672729492, 0.7600831985473633, 0.7266619205474854, 0.8616189956665039, 0.8279330730438232, 0.9674379825592041, 0.9278998374938965, 1.07893705368042, 1.0356810092926025, 1.1839327812194824, 1.1405131816864014, 1.27616286277771, 1.2508931159973145, 1.3832879066467285, 1.3513202667236328, 1.4973957538604736, 1.457578182220459, 1.6114017963409424, 1.5810282230377197, 1.7234065532684326, 1.6929564476013184, 1.824582576751709, 1.7926511764526367, 1.9242627620697021, 1.8698031902313232, 1.9909636974334717, 1.9358162879943848, 2.0576655864715576, 2.0025224685668945, 2.1237456798553467, 2.0682923793792725, 2.190307378768921, 2.1350605487823486, 2.2567954063415527, 2.201286554336548, 2.323481321334839, 2.2678847312927246, 2.3914401531219482, 2.3343889713287354, 2.457874059677124, 2.401322841644287, 2.5245001316070557, 2.4678938388824463, 2.590994119644165, 2.5340707302093506, 2.657820224761963, 2.6004185676574707, 2.724640369415283, 2.6664745807647705, 2.7915842533111572, 2.7333545684814453, 2.8581442832946777, 2.7996068000793457, 2.924837350845337, 2.8657896518707275, 2.991321325302124, 2.9326298236846924, 3.0573132038116455, 2.9987497329711914, 3.123380184173584, 3.0654799938201904, 3.1897919178009033, 3.131561040878296, 3.2558717727661133, 3.1980433464050293, 3.321864604949951, 3.2641854286193848, 3.388587713241577, 3.3305532932281494, 3.4550557136535645, 3.3968443870544434, 3.5216476917266846, 3.463803291320801, 3.5879406929016113, 3.529815435409546, 3.6542274951934814, 3.595886468887329, 3.7211084365844727, 3.6622047424316406, 3.7875514030456543, 3.7285566329956055, 3.853574275970459, 3.7951626777648926, 3.929657220840454, 3.86733078956604, 4.023270130157471, 3.937480926513672, 4.097949266433716, 4.012561798095703, 4.16978120803833, 4.080956697463989, 4.244468450546265, 4.151610612869263, 4.315483331680298, 4.223953723907471, 4.3911943435668945, 4.295564413070679, 4.4625537395477295, 4.363768100738525, 4.535801649093628, 4.435859441757202, 4.610399484634399, 4.507824659347534, 4.683725118637085, 4.579234838485718, 4.753854036331177, 4.650712966918945, 4.825774192810059, 4.7252068519592285, 4.89652419090271, 4.796330690383911, 4.9710612297058105, 4.869006872177124, 5.043223857879639, 4.9419801235198975, 5.118736982345581, 5.013432025909424, 5.188356161117554, 5.087886810302734, 5.258202075958252, 5.159043788909912, 5.328994274139404, 5.2343597412109375, 5.39980936050415, 5.306182622909546, 5.470238447189331, 5.381865501403809, 5.54102349281311, 5.453549385070801, 5.614854574203491, 5.528810501098633, 5.6850433349609375, 5.5991175174713135, 5.754165410995483, 5.6758294105529785, 5.824763774871826, 5.751511096954346, 5.897389888763428, 5.82387900352478, 5.967321872711182, 5.903098106384277, 6.045057058334351, 5.992141962051392, 6.111961841583252, 6.058573961257935, 6.178869009017944, 6.124636173248291, 6.245957851409912, 6.190570116043091, 6.312087774276733, 6.257121324539185, 6.37882661819458, 6.325212240219116, 6.446672677993774, 6.39327335357666, 6.513697624206543, 6.460905313491821, 6.580378770828247, 6.526910305023193, 6.647202730178833, 6.5934062004089355, 6.713278770446777, 6.659950256347656, 6.772735834121704, 6.711288213729858, 6.8238067626953125, 6.900191068649292, 6.871042966842651, 6.958705902099609, 6.928688049316406, 7.026380777359009, 6.993452310562134, 7.08083176612854, 7.061951160430908, 7.125502824783325, 7.1065192222595215, 7.213664770126343, 7.1506383419036865, 7.297444581985474, 7.216500520706177, 7.366955518722534, 7.293746471405029, 7.4117395877838135, 7.371385335922241, 7.457348585128784, 7.422354459762573, 7.519907474517822, 7.482419490814209, 7.557026386260986]
Final objective value with penalty: 
0.7491632318167116
Final objective value with penalty: 
0.7492432318167116
Final TV norm without penalty
8.0
Final evolution
[[-0.89554742-0.20332663j]
 [ 0.37531584-0.1256627j ]]

********* Summary *****************
Final fidelity error 0.6242261927892575
Final objective value 0.6242269436488077
Final norm value 7.508595502025983e-07
Final error 0.0
Terminate reason Exceed the maximum number of iteration of ADMM
Number of iterations 200
Completed in 0:00:14.610152 HH:MM:SS.US
Time for each iteration [0.12876415252685547, 0.09957575798034668, 0.22931742668151855, 0.2101457118988037, 0.33171916007995605, 0.31056785583496094, 0.4308640956878662, 0.41005802154541016, 0.5314919948577881, 0.5094549655914307, 0.631209135055542, 0.6087157726287842, 0.730790376663208, 0.7087006568908691, 0.8299074172973633, 0.8079385757446289, 0.9300034046173096, 0.9073245525360107, 1.0288653373718262, 1.006638765335083, 1.1306102275848389, 1.106435775756836, 1.2191619873046875, 1.206312894821167, 1.3185951709747314, 1.3053059577941895, 1.4181499481201172, 1.4049439430236816, 1.527975082397461, 1.5209589004516602, 1.644909143447876, 1.6316478252410889, 1.7593343257904053, 1.7316336631774902, 1.8599622249603271, 1.8106937408447266, 1.9283583164215088, 1.8776848316192627, 1.9974892139434814, 1.9447276592254639, 2.064887285232544, 2.0115747451782227, 2.131336212158203, 2.077603816986084, 2.1976683139801025, 2.145383596420288, 2.265413284301758, 2.2117247581481934, 2.3316152095794678, 2.2784578800201416, 2.398961067199707, 2.3448047637939453, 2.4671132564544678, 2.4109976291656494, 2.533757209777832, 2.478928804397583, 2.600468158721924, 2.5454537868499756, 2.6672441959381104, 2.6135787963867188, 2.7347121238708496, 2.682130813598633, 2.8049070835113525, 2.750865936279297, 2.8739330768585205, 2.8188629150390625, 2.9433512687683105, 2.8853976726531982, 3.0105764865875244, 2.9522886276245117, 3.078402280807495, 3.019275665283203, 3.1454923152923584, 3.0859715938568115, 3.2117373943328857, 3.152780771255493, 3.2785532474517822, 3.2208406925201416, 3.348562479019165, 3.288931369781494, 3.415656566619873, 3.3565425872802734, 3.48480224609375, 3.424234628677368, 3.5508744716644287, 3.490832567214966, 3.6182804107666016, 3.559800624847412, 3.6855814456939697, 3.626539468765259, 3.7529516220092773, 3.7076613903045654, 3.8234996795654297, 3.7736973762512207, 3.889580726623535, 3.8405473232269287, 3.9555187225341797, 3.9100632667541504, 4.022238731384277, 3.9762303829193115, 4.087992429733276, 4.042361736297607, 4.154246091842651, 4.10838508605957, 4.220599889755249, 4.174911022186279, 4.286715030670166, 4.2414329051971436, 4.353646278381348, 4.307620525360107, 4.4203855991363525, 4.373792409896851, 4.48724365234375, 4.439685344696045, 4.552652835845947, 4.506498098373413, 4.619163751602173, 4.572368144989014, 4.686288833618164, 4.638638019561768, 4.752891778945923, 4.705540180206299, 4.819010972976685, 4.771687984466553, 4.885703086853027, 4.837918043136597, 4.952218055725098, 4.904408931732178, 5.018332004547119, 4.970753192901611, 5.084840774536133, 5.036925315856934, 5.151688814163208, 5.103031158447266, 5.217655897140503, 5.169463157653809, 5.283719778060913, 5.235957384109497, 5.3496787548065186, 5.302475214004517, 5.4222259521484375, 5.369362115859985, 5.502725839614868, 5.452419996261597, 5.574189186096191, 5.519109725952148, 5.642228364944458, 5.586588621139526, 5.708471298217773, 5.653573751449585, 5.776109218597412, 5.719811916351318, 5.84265398979187, 5.7873969078063965, 5.909592151641846, 5.854128837585449, 5.97644305229187, 5.920593023300171, 6.045068025588989, 5.9876110553741455, 6.111289978027344, 6.055332899093628, 6.178331136703491, 6.121258020401001, 6.245053768157959, 6.187978267669678, 6.3111958503723145, 6.253895044326782, 6.377580881118774, 6.319973945617676, 6.4439051151275635, 6.386356830596924, 6.509348154067993, 6.452111721038818, 6.564306259155273, 6.496274709701538, 6.608367204666138, 6.672706842422485, 6.670616149902344, 6.728599786758423, 6.7259602546691895, 6.794429779052734, 6.781253337860107, 6.8389036655426025, 6.847536087036133, 6.882929801940918, 6.8921802043914795, 6.970593690872192, 6.93654727935791, 7.05071759223938, 7.0031304359436035, 7.117360591888428, 7.079939365386963, 7.161543607711792, 7.159132480621338, 7.206170558929443, 7.203312397003174, 7.261101484298706, 7.258513450622559, 7.351638317108154]
Final evolution
[[-0.89554742-0.20332663j]
 [ 0.37531584-0.1256627j ]]

********* Summary *****************
Final fidelity error 0.6242261927892575
Final objective value 0.6242269436488077
Final norm value 7.508595502025983e-07
Final error 0.0
Terminate reason Exceed the maximum number of iteration of ADMM
Number of iterations 200
Completed in 0:00:14.572692 HH:MM:SS.US
Time for each iteration [0.13810992240905762, 0.09942007064819336, 0.23571491241455078, 0.20167899131774902, 0.3349931240081787, 0.3003249168395996, 0.4315309524536133, 0.39677906036376953, 0.528627872467041, 0.493685245513916, 0.6276288032531738, 0.5911102294921875, 0.724970817565918, 0.6887593269348145, 0.822434663772583, 0.7855613231658936, 0.9191195964813232, 0.8841044902801514, 1.0171306133270264, 0.9814584255218506, 1.1185386180877686, 1.0866413116455078, 1.2161705493927002, 1.2055842876434326, 1.3156108856201172, 1.3101732730865479, 1.414670705795288, 1.408689260482788, 1.52557373046875, 1.6183362007141113, 1.64687180519104, 1.7280781269073486, 1.7453038692474365, 1.825409173965454, 1.8423328399658203, 1.901238203048706, 1.914153814315796, 1.978288173675537, 1.9885127544403076, 2.0517382621765137, 2.0546858310699463, 2.1178722381591797, 2.120133876800537, 2.1825671195983887, 2.1852309703826904, 2.2474520206451416, 2.250204086303711, 2.3122708797454834, 2.314913034439087, 2.381359815597534, 2.38069224357605, 2.4463069438934326, 2.44636607170105, 2.511528968811035, 2.5112760066986084, 2.576835870742798, 2.5763020515441895, 2.6416869163513184, 2.641263961791992, 2.7061259746551514, 2.705789089202881, 2.7706680297851562, 2.77040696144104, 2.8355062007904053, 2.8348798751831055, 2.9001853466033936, 2.8994626998901367, 2.964585304260254, 2.964094638824463, 3.0295183658599854, 3.0289735794067383, 3.0952954292297363, 3.0936636924743652, 3.159639358520508, 3.158313751220703, 3.2240443229675293, 3.222773790359497, 3.288668155670166, 3.287339925765991, 3.3535430431365967, 3.352019786834717, 3.418344259262085, 3.416879892349243, 3.483588218688965, 3.481661796569824, 3.5491092205047607, 3.5466458797454834, 3.613997220993042, 3.611503839492798, 3.678701162338257, 3.6761648654937744, 3.7430992126464844, 3.7407376766204834, 3.8075084686279297, 3.8057146072387695, 3.8741512298583984, 3.8706116676330566, 3.9436535835266113, 3.941180467605591, 4.016393423080444, 4.007129669189453, 4.081940412521362, 4.072410821914673, 4.148823261260986, 4.138888835906982, 4.21350622177124, 4.204193830490112, 4.2806713581085205, 4.276186466217041, 4.3508524894714355, 4.341940641403198, 4.415998458862305, 4.407366514205933, 4.483778476715088, 4.474968433380127, 4.548739433288574, 4.5418336391448975, 4.614590406417847, 4.607662677764893, 4.679782390594482, 4.676556587219238, 4.746448278427124, 4.741995573043823, 4.812069416046143, 4.807030439376831, 4.877086639404297, 4.872090578079224, 4.941883563995361, 4.937408447265625, 5.00726056098938, 5.0024025440216064, 5.07208251953125, 5.068469524383545, 5.137512445449829, 5.133790493011475, 5.202600479125977, 5.198994398117065, 5.267554759979248, 5.26421332359314, 5.334195613861084, 5.330153465270996, 5.399046421051025, 5.394960641860962, 5.4641273021698, 5.461581707000732, 5.530938386917114, 5.527613639831543, 5.597471237182617, 5.593030691146851, 5.662440538406372, 5.658434629440308, 5.7279133796691895, 5.7235517501831055, 5.793083190917969, 5.788343906402588, 5.858217239379883, 5.853806972503662, 5.925918102264404, 5.921808958053589, 5.993442058563232, 5.987123966217041, 6.059553146362305, 6.052736043930054, 6.126219987869263, 6.119949102401733, 6.1935648918151855, 6.1884260177612305, 6.261309862136841, 6.255638122558594, 6.327016830444336, 6.321168422698975, 6.392117500305176, 6.385944604873657, 6.485985279083252, 6.472027778625488, 6.541818380355835, 6.534011602401733, 6.7810304164886475, 6.579538822174072, 6.838160276412964, 6.636332750320435, 6.90601921081543, 6.693710803985596, 6.95079231262207, 6.7611517906188965, 6.994280099868774, 6.804829835891724, 7.080830097198486, 6.848989963531494, 7.159126043319702, 6.913578987121582, 7.224494218826294, 6.990934610366821, 7.269447326660156, 7.068126678466797, 7.313803434371948, 7.111460447311401, 7.372559547424316, 7.167418479919434, 7.4052734375]
Final evolution
[[-0.89554742-0.20332663j]
 [ 0.37531584-0.1256627j ]]

********* Summary *****************
Final fidelity error 0.6242261927892575
Final objective value 0.6242269436488077
Final norm value 7.508595502025983e-07
Final error 0.0
Terminate reason Exceed the maximum number of iteration of ADMM
Number of iterations 200
Completed in 0:00:13.962715 HH:MM:SS.US
Time for each iteration [0.12357687950134277, 0.09792494773864746, 0.22038006782531738, 0.19459795951843262, 0.3166239261627197, 0.2928340435028076, 0.4189717769622803, 0.38933420181274414, 0.5199267864227295, 0.48986029624938965, 0.6162536144256592, 0.5869853496551514, 0.7134366035461426, 0.6848363876342773, 0.8094985485076904, 0.7827353477478027, 0.9070014953613281, 0.8804962635040283, 1.0034825801849365, 0.9770383834838867, 1.1003446578979492, 1.07399320602417, 1.1866307258605957, 1.171485185623169, 1.283768653869629, 1.2685375213623047, 1.3804123401641846, 1.365121603012085, 1.4873082637786865, 1.471569538116455, 1.5939743518829346, 1.578608751296997, 1.6910531520843506, 1.6751949787139893, 1.7874019145965576, 1.7503440380096436, 1.8523669242858887, 1.8147861957550049, 1.917123794555664, 1.8791871070861816, 1.9811418056488037, 1.943244218826294, 2.045560836791992, 2.0076749324798584, 2.109758138656616, 2.072035789489746, 2.1742920875549316, 2.136575698852539, 2.238633155822754, 2.2007596492767334, 2.302558183670044, 2.265509843826294, 2.3672091960906982, 2.3294637203216553, 2.431368112564087, 2.3934578895568848, 2.495659112930298, 2.4580917358398438, 2.5602211952209473, 2.522326707839966, 2.6244003772735596, 2.5868265628814697, 2.688918352127075, 2.65079665184021, 2.753340244293213, 2.715155839920044, 2.817708969116211, 2.779405117034912, 2.8816909790039062, 2.8436529636383057, 2.94641375541687, 2.9082231521606445, 3.0105040073394775, 2.973707914352417, 3.075377941131592, 3.0386810302734375, 3.1402900218963623, 3.103307008743286, 3.2047908306121826, 3.1673831939697266, 3.268937826156616, 3.231873035430908, 3.333198070526123, 3.2963247299194336, 3.3975393772125244, 3.360933542251587, 3.4618492126464844, 3.425020694732666, 3.5319674015045166, 3.490973711013794, 3.597940444946289, 3.5561184883117676, 3.662614345550537, 3.6210575103759766, 3.726959466934204, 3.6856634616851807, 3.791306495666504, 3.7496984004974365, 3.855665445327759, 3.8142874240875244, 3.9203295707702637, 3.878462314605713, 3.9844706058502197, 3.944655418395996, 4.049651622772217, 4.009371280670166, 4.113841772079468, 4.073627233505249, 4.178261756896973, 4.1380040645599365, 4.242775917053223, 4.202399015426636, 4.307016134262085, 4.2665228843688965, 4.371150970458984, 4.330573081970215, 4.435381889343262, 4.394867897033691, 4.499601125717163, 4.459176778793335, 4.564012050628662, 4.52344274520874, 4.628172159194946, 4.587719678878784, 4.692439079284668, 4.65213680267334, 4.756702184677124, 4.716031551361084, 4.821014404296875, 4.780256509780884, 4.885259389877319, 4.844571590423584, 4.949402332305908, 4.908658504486084, 5.013742446899414, 4.973163604736328, 5.078373432159424, 5.03848671913147, 5.142392158508301, 5.102727651596069, 5.206445217132568, 5.166914701461792, 5.270766258239746, 5.230795860290527, 5.334777116775513, 5.2949159145355225, 5.399094104766846, 5.359673976898193, 5.463639974594116, 5.423992156982422, 5.5281267166137695, 5.488415241241455, 5.592644691467285, 5.552933216094971, 5.656968832015991, 5.617243051528931, 5.721200942993164, 5.681336879730225, 5.785375118255615, 5.745239734649658, 5.849673271179199, 5.809645652770996, 5.913912296295166, 5.874222755432129, 5.978236198425293, 5.938243627548218, 6.0424463748931885, 6.002599477767944, 6.106480360031128, 6.066945791244507, 6.170747995376587, 6.132174968719482, 6.234872817993164, 6.196246147155762, 6.288486957550049, 6.239362001419067, 6.331817865371704, 6.410402059555054, 6.374872922897339, 6.464010000228882, 6.428299903869629, 6.5285561084747314, 6.482336759567261, 6.571183204650879, 6.546862602233887, 6.614777565002441, 6.590737342834473, 6.701100587844849, 6.634036302566528, 6.776027679443359, 6.6981682777404785, 6.839983701705933, 6.77496337890625, 6.883812665939331, 6.850196361541748, 6.92692756652832, 6.8936545848846436, 6.98175835609436, 6.948289632797241, 7.014425277709961]
Final objective value with penalty: 
0.6242261927892575
Final objective value with penalty: 
0.6243061927892575
Final TV norm without penalty
8.0
